2025-03-21 20:20:27,363 - 
================================================================================
2025-03-21 20:20:27,363 - >>> 开始参数优化 <<<
2025-03-21 20:20:27,363 - ================================================================================

2025-03-21 20:20:27,363 - 开始LightGBM参数优化流程
2025-03-21 20:20:27,363 - 找到最新的数据文件: D:\my-vue-project\wind-power-forecast\backend\auto_scripts\dataset\dataset_short\20250321.csv
2025-03-21 20:20:27,363 - 加载数据: D:\my-vue-project\wind-power-forecast\backend\auto_scripts\dataset\dataset_short\20250321.csv
2025-03-21 20:20:27,434 - 数据加载完成，共 2973 条记录
2025-03-21 20:20:27,439 - 数据集划分完成，训练集: (2675, 304), 验证集: (298, 304)
2025-03-21 20:20:27,508 - 特征工程完成，训练特征: (2672, 859), 验证特征: (295, 859)
2025-03-21 20:20:27,540 - 数据标准化完成
2025-03-21 20:20:27,592 - 时间窗口创建完成，训练窗口: (2657, 16, 859), 验证窗口: (280, 16, 859)
2025-03-21 20:20:27,592 - 调整时间戳长度与验证集窗口匹配: 280
2025-03-21 20:20:27,592 - 当前参数版本: 20250321
2025-03-21 20:20:27,593 - 
================================================================================
2025-03-21 20:20:27,593 - >>> 优化 GBDT 算法参数 <<<
2025-03-21 20:20:27,593 - ================================================================================

2025-03-21 20:20:27,593 - 开始优化 GBDT 算法参数
2025-03-21 20:20:27,593 - 使用当前参数训练 GBDT 模型作为基准
2025-03-21 20:20:44,282 - 当前 GBDT 参数基准分数: score=0.6513, rmse=67.1426, k=0.4608
2025-03-21 20:20:44,282 - 开始 GBDT 的参数随机搜索
2025-03-21 20:20:49,048 - GBDT 参数优化失败: 
All the 150 fits failed.
It is very likely that your model is misconfigured.
You can try to debug the error by setting error_score='raise'.

Below are more details about the failures:
--------------------------------------------------------------------------------
150 fits failed with the following error:
Traceback (most recent call last):
  File "D:\my-vue-project\wind-power-forecast\backend\env\lib\site-packages\sklearn\model_selection\_validation.py", line 888, in _fit_and_score
    estimator.fit(X_train, y_train, **fit_params)
TypeError: fit() got an unexpected keyword argument 'early_stopping_rounds'

2025-03-21 20:20:49,062 - 
================================================================================
2025-03-21 20:20:49,062 - >>> 优化 DART 算法参数 <<<
2025-03-21 20:20:49,062 - ================================================================================

2025-03-21 20:20:49,062 - 开始优化 DART 算法参数
2025-03-21 20:20:49,063 - 使用当前参数训练 DART 模型作为基准
2025-03-21 20:21:05,915 - 当前 DART 参数基准分数: score=0.7416, rmse=62.3280, k=0.6255
2025-03-21 20:21:05,916 - 开始 DART 的参数随机搜索
2025-03-21 20:21:09,780 - DART 参数优化失败: 
All the 150 fits failed.
It is very likely that your model is misconfigured.
You can try to debug the error by setting error_score='raise'.

Below are more details about the failures:
--------------------------------------------------------------------------------
150 fits failed with the following error:
Traceback (most recent call last):
  File "D:\my-vue-project\wind-power-forecast\backend\env\lib\site-packages\sklearn\model_selection\_validation.py", line 888, in _fit_and_score
    estimator.fit(X_train, y_train, **fit_params)
TypeError: fit() got an unexpected keyword argument 'early_stopping_rounds'

2025-03-21 20:21:09,794 - 
================================================================================
2025-03-21 20:21:09,794 - >>> 优化 GOSS 算法参数 <<<
2025-03-21 20:21:09,794 - ================================================================================

2025-03-21 20:21:09,794 - 开始优化 GOSS 算法参数
2025-03-21 20:21:09,794 - 使用当前参数训练 GOSS 模型作为基准
2025-03-21 20:21:23,208 - 当前 GOSS 参数基准分数: score=0.6442, rmse=68.3105, k=0.4494
2025-03-21 20:21:23,208 - 开始 GOSS 的参数随机搜索
2025-03-21 20:21:27,059 - GOSS 参数优化失败: 
All the 150 fits failed.
It is very likely that your model is misconfigured.
You can try to debug the error by setting error_score='raise'.

Below are more details about the failures:
--------------------------------------------------------------------------------
150 fits failed with the following error:
Traceback (most recent call last):
  File "D:\my-vue-project\wind-power-forecast\backend\env\lib\site-packages\sklearn\model_selection\_validation.py", line 888, in _fit_and_score
    estimator.fit(X_train, y_train, **fit_params)
TypeError: fit() got an unexpected keyword argument 'early_stopping_rounds'

2025-03-21 20:21:27,073 - GBDT 参数改进: False (新分数: 0.6513, 旧分数: 0.6513, 改进: 0.00%)
2025-03-21 20:21:27,073 - GBDT 改进是否显著: False (最小阈值: 2.0%)
2025-03-21 20:21:27,074 - DART 参数改进: False (新分数: 0.7416, 旧分数: 0.7416, 改进: 0.00%)
2025-03-21 20:21:27,074 - DART 改进是否显著: False (最小阈值: 2.0%)
2025-03-21 20:21:27,074 - GOSS 参数改进: False (新分数: 0.6442, 旧分数: 0.6442, 改进: 0.00%)
2025-03-21 20:21:27,074 - GOSS 改进是否显著: False (最小阈值: 2.0%)
2025-03-21 20:21:27,074 - 并非所有算法参数都有改进，保持当前参数不变
2025-03-21 20:24:24,992 - 
================================================================================
2025-03-21 20:24:24,992 - >>> 开始参数优化 <<<
2025-03-21 20:24:24,992 - ================================================================================

2025-03-21 20:24:24,993 - 开始LightGBM参数优化流程
2025-03-21 20:24:24,993 - 找到最新的数据文件: D:\my-vue-project\wind-power-forecast\backend\auto_scripts\dataset\dataset_short\20250321.csv
2025-03-21 20:24:24,994 - 加载数据: D:\my-vue-project\wind-power-forecast\backend\auto_scripts\dataset\dataset_short\20250321.csv
2025-03-21 20:24:25,062 - 数据加载完成，共 2973 条记录
2025-03-21 20:24:25,068 - 数据集划分完成，训练集: (2675, 304), 验证集: (298, 304)
2025-03-21 20:24:25,138 - 特征工程完成，训练特征: (2672, 859), 验证特征: (295, 859)
2025-03-21 20:24:25,170 - 数据标准化完成
2025-03-21 20:24:25,222 - 时间窗口创建完成，训练窗口: (2657, 16, 859), 验证窗口: (280, 16, 859)
2025-03-21 20:24:25,222 - 调整时间戳长度与验证集窗口匹配: 280
2025-03-21 20:24:25,223 - 当前参数版本: 20250321
2025-03-21 20:24:25,223 - 
================================================================================
2025-03-21 20:24:25,223 - >>> 优化 GBDT 算法参数 <<<
2025-03-21 20:24:25,224 - ================================================================================

2025-03-21 20:24:25,224 - 开始优化 GBDT 算法参数
2025-03-21 20:24:25,224 - 使用当前参数训练 GBDT 模型作为基准
2025-03-21 20:24:42,022 - 当前 GBDT 参数基准分数: score=0.6513, rmse=67.1426, k=0.4608
2025-03-21 20:24:42,022 - 开始 GBDT 的参数随机搜索
2025-03-21 20:28:22,756 - GBDT 参数优化失败: 
All the 150 fits failed.
It is very likely that your model is misconfigured.
You can try to debug the error by setting error_score='raise'.

Below are more details about the failures:
--------------------------------------------------------------------------------
150 fits failed with the following error:
Traceback (most recent call last):
  File "D:\my-vue-project\wind-power-forecast\backend\env\lib\site-packages\sklearn\model_selection\_validation.py", line 888, in _fit_and_score
    estimator.fit(X_train, y_train, **fit_params)
  File "D:\my-vue-project\wind-power-forecast\backend\env\lib\site-packages\lightgbm\sklearn.py", line 1189, in fit
    super().fit(
  File "D:\my-vue-project\wind-power-forecast\backend\env\lib\site-packages\lightgbm\sklearn.py", line 955, in fit
    self._Booster = train(
  File "D:\my-vue-project\wind-power-forecast\backend\env\lib\site-packages\lightgbm\engine.py", line 317, in train
    cb(
  File "D:\my-vue-project\wind-power-forecast\backend\env\lib\site-packages\lightgbm\callback.py", line 399, in __call__
    self._init(env)
  File "D:\my-vue-project\wind-power-forecast\backend\env\lib\site-packages\lightgbm\callback.py", line 324, in _init
    raise ValueError("For early stopping, at least one dataset and eval metric is required for evaluation")
ValueError: For early stopping, at least one dataset and eval metric is required for evaluation

2025-03-21 20:28:22,768 - 
================================================================================
2025-03-21 20:28:22,769 - >>> 优化 DART 算法参数 <<<
2025-03-21 20:28:22,769 - ================================================================================

2025-03-21 20:28:22,769 - 开始优化 DART 算法参数
2025-03-21 20:28:22,769 - 使用当前参数训练 DART 模型作为基准
2025-03-21 20:32:38,853 - 
================================================================================
2025-03-21 20:32:38,853 - >>> 开始参数优化 <<<
2025-03-21 20:32:38,853 - ================================================================================

2025-03-21 20:32:38,853 - 开始LightGBM参数优化流程
2025-03-21 20:32:38,853 - 找到最新的数据文件: D:\my-vue-project\wind-power-forecast\backend\auto_scripts\dataset\dataset_short\20250321.csv
2025-03-21 20:32:38,853 - 加载数据: D:\my-vue-project\wind-power-forecast\backend\auto_scripts\dataset\dataset_short\20250321.csv
2025-03-21 20:32:38,921 - 数据加载完成，共 2973 条记录
2025-03-21 20:32:38,926 - 数据集划分完成，训练集: (2675, 304), 验证集: (298, 304)
2025-03-21 20:32:38,996 - 特征工程完成，训练特征: (2672, 859), 验证特征: (295, 859)
2025-03-21 20:32:39,028 - 数据标准化完成
2025-03-21 20:32:39,079 - 时间窗口创建完成，训练窗口: (2657, 16, 859), 验证窗口: (280, 16, 859)
2025-03-21 20:32:39,080 - 调整时间戳长度与验证集窗口匹配: 280
2025-03-21 20:32:39,080 - 当前参数版本: 20250321
2025-03-21 20:32:39,080 - 
================================================================================
2025-03-21 20:32:39,080 - >>> 优化 GBDT 算法参数 <<<
2025-03-21 20:32:39,080 - ================================================================================

2025-03-21 20:32:39,080 - 开始优化 GBDT 算法参数
2025-03-21 20:32:39,080 - 使用当前参数训练 GBDT 模型作为基准
2025-03-21 20:32:55,842 - 当前 GBDT 参数基准分数: score=0.6513, rmse=67.1426, k=0.4608
2025-03-21 20:32:55,843 - 开始 GBDT 的参数随机搜索
2025-03-21 20:32:55,900 - 开始为 GBDT 进行随机参数搜索 (30 次迭代)
2025-03-21 20:32:55,900 - [GBDT] 迭代 1/30 失败: fit() got an unexpected keyword argument 'early_stopping_rounds'
2025-03-21 20:32:55,900 - [GBDT] 迭代 2/30 失败: fit() got an unexpected keyword argument 'early_stopping_rounds'
2025-03-21 20:32:55,901 - [GBDT] 迭代 3/30 失败: fit() got an unexpected keyword argument 'early_stopping_rounds'
2025-03-21 20:32:55,901 - [GBDT] 迭代 4/30 失败: fit() got an unexpected keyword argument 'early_stopping_rounds'
2025-03-21 20:32:55,901 - [GBDT] 迭代 5/30 失败: fit() got an unexpected keyword argument 'early_stopping_rounds'
2025-03-21 20:32:55,902 - [GBDT] 迭代 6/30 失败: fit() got an unexpected keyword argument 'early_stopping_rounds'
2025-03-21 20:32:55,902 - [GBDT] 迭代 7/30 失败: fit() got an unexpected keyword argument 'early_stopping_rounds'
2025-03-21 20:32:55,902 - [GBDT] 迭代 8/30 失败: fit() got an unexpected keyword argument 'early_stopping_rounds'
2025-03-21 20:32:55,902 - [GBDT] 迭代 9/30 失败: fit() got an unexpected keyword argument 'early_stopping_rounds'
2025-03-21 20:32:55,903 - [GBDT] 迭代 10/30 失败: fit() got an unexpected keyword argument 'early_stopping_rounds'
2025-03-21 20:32:55,903 - [GBDT] 迭代 11/30 失败: fit() got an unexpected keyword argument 'early_stopping_rounds'
2025-03-21 20:32:55,903 - [GBDT] 迭代 12/30 失败: fit() got an unexpected keyword argument 'early_stopping_rounds'
2025-03-21 20:32:55,903 - [GBDT] 迭代 13/30 失败: fit() got an unexpected keyword argument 'early_stopping_rounds'
2025-03-21 20:32:55,904 - [GBDT] 迭代 14/30 失败: fit() got an unexpected keyword argument 'early_stopping_rounds'
2025-03-21 20:32:55,904 - [GBDT] 迭代 15/30 失败: fit() got an unexpected keyword argument 'early_stopping_rounds'
2025-03-21 20:32:55,904 - [GBDT] 迭代 16/30 失败: fit() got an unexpected keyword argument 'early_stopping_rounds'
2025-03-21 20:32:55,904 - [GBDT] 迭代 17/30 失败: fit() got an unexpected keyword argument 'early_stopping_rounds'
2025-03-21 20:32:55,905 - [GBDT] 迭代 18/30 失败: fit() got an unexpected keyword argument 'early_stopping_rounds'
2025-03-21 20:32:55,905 - [GBDT] 迭代 19/30 失败: fit() got an unexpected keyword argument 'early_stopping_rounds'
2025-03-21 20:32:55,906 - [GBDT] 迭代 20/30 失败: fit() got an unexpected keyword argument 'early_stopping_rounds'
2025-03-21 20:32:55,906 - [GBDT] 迭代 21/30 失败: fit() got an unexpected keyword argument 'early_stopping_rounds'
2025-03-21 20:32:55,906 - [GBDT] 迭代 22/30 失败: fit() got an unexpected keyword argument 'early_stopping_rounds'
2025-03-21 20:32:55,906 - [GBDT] 迭代 23/30 失败: fit() got an unexpected keyword argument 'early_stopping_rounds'
2025-03-21 20:32:55,907 - [GBDT] 迭代 24/30 失败: fit() got an unexpected keyword argument 'early_stopping_rounds'
2025-03-21 20:32:55,907 - [GBDT] 迭代 25/30 失败: fit() got an unexpected keyword argument 'early_stopping_rounds'
2025-03-21 20:32:55,907 - [GBDT] 迭代 26/30 失败: fit() got an unexpected keyword argument 'early_stopping_rounds'
2025-03-21 20:32:55,907 - [GBDT] 迭代 27/30 失败: fit() got an unexpected keyword argument 'early_stopping_rounds'
2025-03-21 20:32:55,908 - [GBDT] 迭代 28/30 失败: fit() got an unexpected keyword argument 'early_stopping_rounds'
2025-03-21 20:32:55,908 - [GBDT] 迭代 29/30 失败: fit() got an unexpected keyword argument 'early_stopping_rounds'
2025-03-21 20:32:55,908 - [GBDT] 迭代 30/30 失败: fit() got an unexpected keyword argument 'early_stopping_rounds'
2025-03-21 20:32:55,909 - 未找到有效参数，返回默认参数
2025-03-21 20:32:55,931 - 找到 GBDT 的最佳参数: {'objective': 'regression', 'metric': 'rmse', 'boosting_type': 'gbdt', 'name': 'GBDT', 'num_leaves': 31, 'learning_rate': 0.1, 'feature_fraction': 0.9, 'max_depth': 6, 'n_estimators': 100, 'random_state': 42, 'verbose': -1}
2025-03-21 20:33:05,858 - 新 GBDT 参数评分: score=0.6582, rmse=66.9354, k=0.4735
2025-03-21 20:33:05,858 - 
================================================================================
2025-03-21 20:33:05,858 - >>> 优化 DART 算法参数 <<<
2025-03-21 20:33:05,859 - ================================================================================

2025-03-21 20:33:05,859 - 开始优化 DART 算法参数
2025-03-21 20:33:05,859 - 使用当前参数训练 DART 模型作为基准
2025-03-21 20:33:22,884 - 当前 DART 参数基准分数: score=0.7416, rmse=62.3280, k=0.6255
2025-03-21 20:33:22,884 - 开始 DART 的参数随机搜索
2025-03-21 20:33:22,954 - 开始为 DART 进行随机参数搜索 (30 次迭代)
2025-03-21 20:33:22,954 - [DART] 迭代 1/30 失败: fit() got an unexpected keyword argument 'early_stopping_rounds'
2025-03-21 20:33:22,955 - [DART] 迭代 2/30 失败: fit() got an unexpected keyword argument 'early_stopping_rounds'
2025-03-21 20:33:22,955 - [DART] 迭代 3/30 失败: fit() got an unexpected keyword argument 'early_stopping_rounds'
2025-03-21 20:33:22,955 - [DART] 迭代 4/30 失败: fit() got an unexpected keyword argument 'early_stopping_rounds'
2025-03-21 20:33:22,955 - [DART] 迭代 5/30 失败: fit() got an unexpected keyword argument 'early_stopping_rounds'
2025-03-21 20:33:22,956 - [DART] 迭代 6/30 失败: fit() got an unexpected keyword argument 'early_stopping_rounds'
2025-03-21 20:33:22,956 - [DART] 迭代 7/30 失败: fit() got an unexpected keyword argument 'early_stopping_rounds'
2025-03-21 20:33:22,956 - [DART] 迭代 8/30 失败: fit() got an unexpected keyword argument 'early_stopping_rounds'
2025-03-21 20:33:22,957 - [DART] 迭代 9/30 失败: fit() got an unexpected keyword argument 'early_stopping_rounds'
2025-03-21 20:33:22,957 - [DART] 迭代 10/30 失败: fit() got an unexpected keyword argument 'early_stopping_rounds'
2025-03-21 20:33:22,957 - [DART] 迭代 11/30 失败: fit() got an unexpected keyword argument 'early_stopping_rounds'
2025-03-21 20:33:22,957 - [DART] 迭代 12/30 失败: fit() got an unexpected keyword argument 'early_stopping_rounds'
2025-03-21 20:33:22,958 - [DART] 迭代 13/30 失败: fit() got an unexpected keyword argument 'early_stopping_rounds'
2025-03-21 20:33:22,958 - [DART] 迭代 14/30 失败: fit() got an unexpected keyword argument 'early_stopping_rounds'
2025-03-21 20:33:22,958 - [DART] 迭代 15/30 失败: fit() got an unexpected keyword argument 'early_stopping_rounds'
2025-03-21 20:33:22,959 - [DART] 迭代 16/30 失败: fit() got an unexpected keyword argument 'early_stopping_rounds'
2025-03-21 20:33:22,959 - [DART] 迭代 17/30 失败: fit() got an unexpected keyword argument 'early_stopping_rounds'
2025-03-21 20:33:22,959 - [DART] 迭代 18/30 失败: fit() got an unexpected keyword argument 'early_stopping_rounds'
2025-03-21 20:33:22,959 - [DART] 迭代 19/30 失败: fit() got an unexpected keyword argument 'early_stopping_rounds'
2025-03-21 20:33:22,960 - [DART] 迭代 20/30 失败: fit() got an unexpected keyword argument 'early_stopping_rounds'
2025-03-21 20:33:22,960 - [DART] 迭代 21/30 失败: fit() got an unexpected keyword argument 'early_stopping_rounds'
2025-03-21 20:33:22,960 - [DART] 迭代 22/30 失败: fit() got an unexpected keyword argument 'early_stopping_rounds'
2025-03-21 20:33:22,961 - [DART] 迭代 23/30 失败: fit() got an unexpected keyword argument 'early_stopping_rounds'
2025-03-21 20:33:22,961 - [DART] 迭代 24/30 失败: fit() got an unexpected keyword argument 'early_stopping_rounds'
2025-03-21 20:33:22,962 - [DART] 迭代 25/30 失败: fit() got an unexpected keyword argument 'early_stopping_rounds'
2025-03-21 20:33:22,962 - [DART] 迭代 26/30 失败: fit() got an unexpected keyword argument 'early_stopping_rounds'
2025-03-21 20:33:22,962 - [DART] 迭代 27/30 失败: fit() got an unexpected keyword argument 'early_stopping_rounds'
2025-03-21 20:33:22,962 - [DART] 迭代 28/30 失败: fit() got an unexpected keyword argument 'early_stopping_rounds'
2025-03-21 20:33:22,963 - [DART] 迭代 29/30 失败: fit() got an unexpected keyword argument 'early_stopping_rounds'
2025-03-21 20:33:22,963 - [DART] 迭代 30/30 失败: fit() got an unexpected keyword argument 'early_stopping_rounds'
2025-03-21 20:33:22,963 - 未找到有效参数，返回默认参数
2025-03-21 20:33:22,984 - 找到 DART 的最佳参数: {'objective': 'regression', 'metric': 'rmse', 'boosting_type': 'gbdt', 'name': 'GBDT', 'num_leaves': 31, 'learning_rate': 0.1, 'feature_fraction': 0.9, 'max_depth': 6, 'n_estimators': 100, 'random_state': 42, 'verbose': -1}
2025-03-21 20:33:32,967 - 新 DART 参数评分: score=0.6582, rmse=66.9354, k=0.4735
2025-03-21 20:33:32,968 - 
================================================================================
2025-03-21 20:33:32,968 - >>> 优化 GOSS 算法参数 <<<
2025-03-21 20:33:32,969 - ================================================================================

2025-03-21 20:33:32,969 - 开始优化 GOSS 算法参数
2025-03-21 20:33:32,969 - 使用当前参数训练 GOSS 模型作为基准
2025-03-21 20:33:46,684 - 当前 GOSS 参数基准分数: score=0.6442, rmse=68.3105, k=0.4494
2025-03-21 20:33:46,684 - 开始 GOSS 的参数随机搜索
2025-03-21 20:33:46,745 - 开始为 GOSS 进行随机参数搜索 (30 次迭代)
2025-03-21 20:33:46,745 - [GOSS] 迭代 1/30 失败: fit() got an unexpected keyword argument 'early_stopping_rounds'
2025-03-21 20:33:46,746 - [GOSS] 迭代 2/30 失败: fit() got an unexpected keyword argument 'early_stopping_rounds'
2025-03-21 20:33:46,746 - [GOSS] 迭代 3/30 失败: fit() got an unexpected keyword argument 'early_stopping_rounds'
2025-03-21 20:33:46,747 - [GOSS] 迭代 4/30 失败: fit() got an unexpected keyword argument 'early_stopping_rounds'
2025-03-21 20:33:46,747 - [GOSS] 迭代 5/30 失败: fit() got an unexpected keyword argument 'early_stopping_rounds'
2025-03-21 20:33:46,747 - [GOSS] 迭代 6/30 失败: fit() got an unexpected keyword argument 'early_stopping_rounds'
2025-03-21 20:33:46,747 - [GOSS] 迭代 7/30 失败: fit() got an unexpected keyword argument 'early_stopping_rounds'
2025-03-21 20:33:46,748 - [GOSS] 迭代 8/30 失败: fit() got an unexpected keyword argument 'early_stopping_rounds'
2025-03-21 20:33:46,748 - [GOSS] 迭代 9/30 失败: fit() got an unexpected keyword argument 'early_stopping_rounds'
2025-03-21 20:33:46,749 - [GOSS] 迭代 10/30 失败: fit() got an unexpected keyword argument 'early_stopping_rounds'
2025-03-21 20:33:46,749 - [GOSS] 迭代 11/30 失败: fit() got an unexpected keyword argument 'early_stopping_rounds'
2025-03-21 20:33:46,749 - [GOSS] 迭代 12/30 失败: fit() got an unexpected keyword argument 'early_stopping_rounds'
2025-03-21 20:33:46,750 - [GOSS] 迭代 13/30 失败: fit() got an unexpected keyword argument 'early_stopping_rounds'
2025-03-21 20:33:46,750 - [GOSS] 迭代 14/30 失败: fit() got an unexpected keyword argument 'early_stopping_rounds'
2025-03-21 20:33:46,750 - [GOSS] 迭代 15/30 失败: fit() got an unexpected keyword argument 'early_stopping_rounds'
2025-03-21 20:33:46,751 - [GOSS] 迭代 16/30 失败: fit() got an unexpected keyword argument 'early_stopping_rounds'
2025-03-21 20:33:46,751 - [GOSS] 迭代 17/30 失败: fit() got an unexpected keyword argument 'early_stopping_rounds'
2025-03-21 20:33:46,751 - [GOSS] 迭代 18/30 失败: fit() got an unexpected keyword argument 'early_stopping_rounds'
2025-03-21 20:33:46,752 - [GOSS] 迭代 19/30 失败: fit() got an unexpected keyword argument 'early_stopping_rounds'
2025-03-21 20:33:46,752 - [GOSS] 迭代 20/30 失败: fit() got an unexpected keyword argument 'early_stopping_rounds'
2025-03-21 20:33:46,752 - [GOSS] 迭代 21/30 失败: fit() got an unexpected keyword argument 'early_stopping_rounds'
2025-03-21 20:33:46,753 - [GOSS] 迭代 22/30 失败: fit() got an unexpected keyword argument 'early_stopping_rounds'
2025-03-21 20:33:46,753 - [GOSS] 迭代 23/30 失败: fit() got an unexpected keyword argument 'early_stopping_rounds'
2025-03-21 20:33:46,753 - [GOSS] 迭代 24/30 失败: fit() got an unexpected keyword argument 'early_stopping_rounds'
2025-03-21 20:33:46,754 - [GOSS] 迭代 25/30 失败: fit() got an unexpected keyword argument 'early_stopping_rounds'
2025-03-21 20:33:46,754 - [GOSS] 迭代 26/30 失败: fit() got an unexpected keyword argument 'early_stopping_rounds'
2025-03-21 20:33:46,754 - [GOSS] 迭代 27/30 失败: fit() got an unexpected keyword argument 'early_stopping_rounds'
2025-03-21 20:33:46,754 - [GOSS] 迭代 28/30 失败: fit() got an unexpected keyword argument 'early_stopping_rounds'
2025-03-21 20:33:46,755 - [GOSS] 迭代 29/30 失败: fit() got an unexpected keyword argument 'early_stopping_rounds'
2025-03-21 20:33:46,755 - [GOSS] 迭代 30/30 失败: fit() got an unexpected keyword argument 'early_stopping_rounds'
2025-03-21 20:33:46,755 - 未找到有效参数，返回默认参数
2025-03-21 20:33:46,775 - 找到 GOSS 的最佳参数: {'objective': 'regression', 'metric': 'rmse', 'boosting_type': 'gbdt', 'name': 'GBDT', 'num_leaves': 31, 'learning_rate': 0.1, 'feature_fraction': 0.9, 'max_depth': 6, 'n_estimators': 100, 'random_state': 42, 'verbose': -1}
2025-03-21 20:33:56,875 - 新 GOSS 参数评分: score=0.6582, rmse=66.9354, k=0.4735
2025-03-21 20:33:56,875 - GBDT 参数改进: True (新分数: 0.6582, 旧分数: 0.6513, 改进: 1.06%)
2025-03-21 20:33:56,875 - GBDT 改进是否显著: False (最小阈值: 2.0%)
2025-03-21 20:33:56,875 - DART 参数改进: False (新分数: 0.6582, 旧分数: 0.7416, 改进: -11.24%)
2025-03-21 20:33:56,875 - DART 改进是否显著: False (最小阈值: 2.0%)
2025-03-21 20:33:56,876 - GOSS 参数改进: True (新分数: 0.6582, 旧分数: 0.6442, 改进: 2.18%)
2025-03-21 20:33:56,876 - GOSS 改进是否显著: True (最小阈值: 2.0%)
2025-03-21 20:33:56,876 - 并非所有算法参数都有改进，保持当前参数不变
2025-03-21 20:35:12,753 - 
================================================================================
2025-03-21 20:35:12,753 - >>> 开始参数优化 <<<
2025-03-21 20:35:12,753 - ================================================================================

2025-03-21 20:35:12,753 - 开始LightGBM参数优化流程
2025-03-21 20:35:12,754 - 找到最新的数据文件: D:\my-vue-project\wind-power-forecast\backend\auto_scripts\dataset\dataset_short\20250321.csv
2025-03-21 20:35:12,754 - 加载数据: D:\my-vue-project\wind-power-forecast\backend\auto_scripts\dataset\dataset_short\20250321.csv
2025-03-21 20:35:12,820 - 数据加载完成，共 2973 条记录
2025-03-21 20:35:12,826 - 数据集划分完成，训练集: (2675, 304), 验证集: (298, 304)
2025-03-21 20:35:12,894 - 特征工程完成，训练特征: (2672, 859), 验证特征: (295, 859)
2025-03-21 20:35:12,925 - 数据标准化完成
2025-03-21 20:35:12,977 - 时间窗口创建完成，训练窗口: (2657, 16, 859), 验证窗口: (280, 16, 859)
2025-03-21 20:35:12,978 - 调整时间戳长度与验证集窗口匹配: 280
2025-03-21 20:35:12,978 - 当前参数版本: 20250321
2025-03-21 20:35:12,978 - 
================================================================================
2025-03-21 20:35:12,978 - >>> 优化 GBDT 算法参数 <<<
2025-03-21 20:35:12,979 - ================================================================================

2025-03-21 20:35:12,979 - 开始优化 GBDT 算法参数
2025-03-21 20:35:12,979 - 使用当前参数训练 GBDT 模型作为基准
2025-03-21 20:35:29,960 - 当前 GBDT 参数基准分数: score=0.6513, rmse=67.1426, k=0.4608
2025-03-21 20:35:29,961 - 开始 GBDT 的参数随机搜索
2025-03-21 20:35:30,034 - 开始为 GBDT 进行随机参数搜索 (30 次迭代)
2025-03-21 20:35:30,035 - [GBDT] 迭代 1/30 失败: fit() got an unexpected keyword argument 'verbose'
2025-03-21 20:35:30,035 - [GBDT] 迭代 2/30 失败: fit() got an unexpected keyword argument 'verbose'
2025-03-21 20:35:30,035 - [GBDT] 迭代 3/30 失败: fit() got an unexpected keyword argument 'verbose'
2025-03-21 20:35:30,035 - [GBDT] 迭代 4/30 失败: fit() got an unexpected keyword argument 'verbose'
2025-03-21 20:35:30,036 - [GBDT] 迭代 5/30 失败: fit() got an unexpected keyword argument 'verbose'
2025-03-21 20:35:30,036 - [GBDT] 迭代 6/30 失败: fit() got an unexpected keyword argument 'verbose'
2025-03-21 20:35:30,036 - [GBDT] 迭代 7/30 失败: fit() got an unexpected keyword argument 'verbose'
2025-03-21 20:35:30,036 - [GBDT] 迭代 8/30 失败: fit() got an unexpected keyword argument 'verbose'
2025-03-21 20:35:30,037 - [GBDT] 迭代 9/30 失败: fit() got an unexpected keyword argument 'verbose'
2025-03-21 20:35:30,037 - [GBDT] 迭代 10/30 失败: fit() got an unexpected keyword argument 'verbose'
2025-03-21 20:35:30,037 - [GBDT] 迭代 11/30 失败: fit() got an unexpected keyword argument 'verbose'
2025-03-21 20:35:30,038 - [GBDT] 迭代 12/30 失败: fit() got an unexpected keyword argument 'verbose'
2025-03-21 20:35:30,038 - [GBDT] 迭代 13/30 失败: fit() got an unexpected keyword argument 'verbose'
2025-03-21 20:35:30,038 - [GBDT] 迭代 14/30 失败: fit() got an unexpected keyword argument 'verbose'
2025-03-21 20:35:30,038 - [GBDT] 迭代 15/30 失败: fit() got an unexpected keyword argument 'verbose'
2025-03-21 20:35:30,038 - [GBDT] 迭代 16/30 失败: fit() got an unexpected keyword argument 'verbose'
2025-03-21 20:35:30,039 - [GBDT] 迭代 17/30 失败: fit() got an unexpected keyword argument 'verbose'
2025-03-21 20:35:30,039 - [GBDT] 迭代 18/30 失败: fit() got an unexpected keyword argument 'verbose'
2025-03-21 20:35:30,039 - [GBDT] 迭代 19/30 失败: fit() got an unexpected keyword argument 'verbose'
2025-03-21 20:35:30,039 - [GBDT] 迭代 20/30 失败: fit() got an unexpected keyword argument 'verbose'
2025-03-21 20:35:30,040 - [GBDT] 迭代 21/30 失败: fit() got an unexpected keyword argument 'verbose'
2025-03-21 20:35:30,040 - [GBDT] 迭代 22/30 失败: fit() got an unexpected keyword argument 'verbose'
2025-03-21 20:35:30,040 - [GBDT] 迭代 23/30 失败: fit() got an unexpected keyword argument 'verbose'
2025-03-21 20:35:30,040 - [GBDT] 迭代 24/30 失败: fit() got an unexpected keyword argument 'verbose'
2025-03-21 20:35:30,040 - [GBDT] 迭代 25/30 失败: fit() got an unexpected keyword argument 'verbose'
2025-03-21 20:35:30,041 - [GBDT] 迭代 26/30 失败: fit() got an unexpected keyword argument 'verbose'
2025-03-21 20:35:30,041 - [GBDT] 迭代 27/30 失败: fit() got an unexpected keyword argument 'verbose'
2025-03-21 20:35:30,041 - [GBDT] 迭代 28/30 失败: fit() got an unexpected keyword argument 'verbose'
2025-03-21 20:35:30,041 - [GBDT] 迭代 29/30 失败: fit() got an unexpected keyword argument 'verbose'
2025-03-21 20:35:30,041 - [GBDT] 迭代 30/30 失败: fit() got an unexpected keyword argument 'verbose'
2025-03-21 20:35:30,042 - 未找到有效参数，返回默认参数
2025-03-21 20:35:30,060 - 找到 GBDT 的最佳参数: {'objective': 'regression', 'metric': 'rmse', 'boosting_type': 'gbdt', 'name': 'GBDT', 'num_leaves': 31, 'learning_rate': 0.1, 'feature_fraction': 0.9, 'max_depth': 6, 'n_estimators': 100, 'random_state': 42, 'verbose': -1}
2025-03-21 20:35:39,944 - 新 GBDT 参数评分: score=0.6582, rmse=66.9354, k=0.4735
2025-03-21 20:35:39,945 - 
================================================================================
2025-03-21 20:35:39,945 - >>> 优化 DART 算法参数 <<<
2025-03-21 20:35:39,945 - ================================================================================

2025-03-21 20:35:39,945 - 开始优化 DART 算法参数
2025-03-21 20:35:39,945 - 使用当前参数训练 DART 模型作为基准
2025-03-21 20:36:19,691 - 
================================================================================
2025-03-21 20:36:19,692 - >>> 开始参数优化 <<<
2025-03-21 20:36:19,692 - ================================================================================

2025-03-21 20:36:19,692 - 开始LightGBM参数优化流程
2025-03-21 20:36:19,692 - 找到最新的数据文件: D:\my-vue-project\wind-power-forecast\backend\auto_scripts\dataset\dataset_short\20250321.csv
2025-03-21 20:36:19,692 - 加载数据: D:\my-vue-project\wind-power-forecast\backend\auto_scripts\dataset\dataset_short\20250321.csv
2025-03-21 20:36:19,760 - 数据加载完成，共 2973 条记录
2025-03-21 20:36:19,766 - 数据集划分完成，训练集: (2675, 304), 验证集: (298, 304)
2025-03-21 20:36:19,836 - 特征工程完成，训练特征: (2672, 859), 验证特征: (295, 859)
2025-03-21 20:36:19,868 - 数据标准化完成
2025-03-21 20:36:19,920 - 时间窗口创建完成，训练窗口: (2657, 16, 859), 验证窗口: (280, 16, 859)
2025-03-21 20:36:19,921 - 调整时间戳长度与验证集窗口匹配: 280
2025-03-21 20:36:19,921 - 当前参数版本: 20250321
2025-03-21 20:36:19,921 - 
================================================================================
2025-03-21 20:36:19,922 - >>> 优化 GBDT 算法参数 <<<
2025-03-21 20:36:19,922 - ================================================================================

2025-03-21 20:36:19,922 - 开始优化 GBDT 算法参数
2025-03-21 20:36:19,922 - 使用当前参数训练 GBDT 模型作为基准
2025-03-21 20:36:36,838 - 当前 GBDT 参数基准分数: score=0.6513, rmse=67.1426, k=0.4608
2025-03-21 20:36:36,838 - 开始 GBDT 的参数随机搜索
2025-03-21 20:36:36,892 - 开始为 GBDT 进行随机参数搜索 (30 次迭代)
2025-03-21 20:36:47,816 - [GBDT] 迭代 1/30: score=0.9456, rmse=13.2022, k=0.9204, 用时=10.92秒
2025-03-21 20:36:47,816 - [GBDT] 新的最佳分数: 0.9456, 参数: {'objective': 'regression', 'metric': 'rmse', 'random_state': 42, 'verbose': -1, 'boosting_type': 'gbdt', 'name': 'GBDT', 'device': 'gpu', 'gpu_platform_id': 0, 'gpu_device_id': 0, 'gpu_use_dp': False, 'num_leaves': np.int64(70), 'learning_rate': np.float64(0.1), 'feature_fraction': np.float64(0.8), 'max_depth': np.int64(5), 'n_estimators': np.int64(150)}
2025-03-21 20:36:55,762 - [GBDT] 迭代 2/30: score=0.9433, rmse=13.3404, k=0.9161, 用时=7.95秒
2025-03-21 20:37:10,521 - [GBDT] 迭代 3/30: score=0.9487, rmse=12.1134, k=0.9240, 用时=14.76秒
2025-03-21 20:37:10,523 - [GBDT] 新的最佳分数: 0.9487, 参数: {'objective': 'regression', 'metric': 'rmse', 'random_state': 42, 'verbose': -1, 'boosting_type': 'gbdt', 'name': 'GBDT', 'device': 'gpu', 'gpu_platform_id': 0, 'gpu_device_id': 0, 'gpu_use_dp': False, 'num_leaves': np.int64(70), 'learning_rate': np.float64(0.2), 'feature_fraction': np.float64(0.9), 'max_depth': np.int64(6), 'n_estimators': np.int64(150)}
2025-03-21 20:37:35,695 - [GBDT] 迭代 4/30: score=0.9456, rmse=13.1340, k=0.9203, 用时=25.17秒
2025-03-21 20:37:44,360 - [GBDT] 迭代 5/30: score=0.9280, rmse=17.9775, k=0.8956, 用时=8.66秒
2025-03-21 20:37:54,942 - [GBDT] 迭代 6/30: score=0.9411, rmse=13.9458, k=0.9129, 用时=10.58秒
2025-03-21 20:38:12,278 - [GBDT] 迭代 7/30: score=0.8186, rmse=37.1795, k=0.7191, 用时=17.34秒
2025-03-21 20:38:22,892 - [GBDT] 迭代 8/30: score=0.9475, rmse=12.8369, k=0.9233, 用时=10.61秒
2025-03-21 20:38:28,089 - [GBDT] 迭代 9/30: score=0.9196, rmse=19.6519, k=0.8826, 用时=5.20秒
2025-03-21 20:38:41,814 - [GBDT] 迭代 10/30: score=0.9414, rmse=14.4848, k=0.9146, 用时=13.73秒
2025-03-21 20:38:53,092 - [GBDT] 迭代 11/30: score=0.8621, rmse=31.9340, k=0.7946, 用时=11.28秒
2025-03-21 20:39:04,040 - [GBDT] 迭代 12/30: score=0.9166, rmse=19.7902, k=0.8769, 用时=10.95秒
2025-03-21 20:39:15,135 - [GBDT] 迭代 13/30: score=0.7607, rmse=46.8465, k=0.6248, 用时=11.09秒
2025-03-21 20:39:37,176 - [GBDT] 迭代 14/30: score=0.9419, rmse=13.8619, k=0.9144, 用时=22.04秒
2025-03-21 20:39:47,620 - [GBDT] 迭代 15/30: score=0.9454, rmse=13.6335, k=0.9208, 用时=10.44秒
2025-03-21 20:40:26,437 - [GBDT] 迭代 16/30: score=0.8892, rmse=24.0006, k=0.8313, 用时=38.82秒
2025-03-21 20:40:30,400 - [GBDT] 迭代 17/30: score=0.8944, rmse=26.3581, k=0.8470, 用时=3.96秒
2025-03-21 20:40:51,272 - [GBDT] 迭代 18/30: score=0.9490, rmse=12.8837, k=0.9263, 用时=20.87秒
2025-03-21 20:40:51,275 - [GBDT] 新的最佳分数: 0.9490, 参数: {'objective': 'regression', 'metric': 'rmse', 'random_state': 42, 'verbose': -1, 'boosting_type': 'gbdt', 'name': 'GBDT', 'device': 'gpu', 'gpu_platform_id': 0, 'gpu_device_id': 0, 'gpu_use_dp': False, 'num_leaves': np.int64(80), 'learning_rate': np.float64(0.1), 'feature_fraction': np.float64(0.8), 'max_depth': np.int64(7), 'n_estimators': np.int64(170)}
2025-03-21 20:40:54,580 - [GBDT] 迭代 19/30: score=0.8665, rmse=32.1729, k=0.8039, 用时=3.30秒
2025-03-21 20:40:59,079 - [GBDT] 迭代 20/30: score=0.9253, rmse=18.4879, k=0.8913, 用时=4.50秒
2025-03-21 20:41:07,312 - [GBDT] 迭代 21/30: score=0.9299, rmse=17.5945, k=0.8985, 用时=8.23秒
2025-03-21 20:41:13,342 - [GBDT] 迭代 22/30: score=0.7161, rmse=55.1056, k=0.5538, 用时=6.03秒
2025-03-21 20:41:33,867 - [GBDT] 迭代 23/30: score=0.9474, rmse=12.8546, k=0.9231, 用时=20.52秒
2025-03-21 20:41:42,442 - [GBDT] 迭代 24/30: score=0.6778, rmse=60.6848, k=0.4894, 用时=8.57秒
2025-03-21 20:42:08,242 - [GBDT] 迭代 25/30: score=0.9397, rmse=14.6708, k=0.9117, 用时=25.80秒
2025-03-21 20:42:31,548 - [GBDT] 迭代 26/30: score=0.9465, rmse=12.6520, k=0.9210, 用时=23.31秒
2025-03-21 20:42:36,334 - [GBDT] 迭代 27/30: score=0.9144, rmse=21.3968, k=0.8760, 用时=4.79秒
2025-03-21 20:42:51,544 - [GBDT] 迭代 28/30: score=0.7678, rmse=44.9599, k=0.6347, 用时=15.21秒
2025-03-21 20:43:08,554 - [GBDT] 迭代 29/30: score=0.9508, rmse=12.0993, k=0.9284, 用时=17.01秒
2025-03-21 20:43:08,556 - [GBDT] 新的最佳分数: 0.9508, 参数: {'objective': 'regression', 'metric': 'rmse', 'random_state': 42, 'verbose': -1, 'boosting_type': 'gbdt', 'name': 'GBDT', 'device': 'gpu', 'gpu_platform_id': 0, 'gpu_device_id': 0, 'gpu_use_dp': False, 'num_leaves': np.int64(70), 'learning_rate': np.float64(0.1), 'feature_fraction': np.float64(0.8), 'max_depth': np.int64(6), 'n_estimators': np.int64(170)}
2025-03-21 20:43:13,085 - [GBDT] 迭代 30/30: score=0.7424, rmse=51.5512, k=0.5984, 用时=4.53秒
2025-03-21 20:43:13,085 - 发现更好的模型类型: GBDT, 分数: 0.9508
2025-03-21 20:43:13,107 - 找到 GBDT 的最佳参数: {'objective': 'regression', 'metric': 'rmse', 'random_state': 42, 'verbose': -1, 'boosting_type': 'gbdt', 'name': 'GBDT', 'device': 'gpu', 'gpu_platform_id': 0, 'gpu_device_id': 0, 'gpu_use_dp': False, 'num_leaves': np.int64(70), 'learning_rate': np.float64(0.1), 'feature_fraction': np.float64(0.8), 'max_depth': np.int64(6), 'n_estimators': np.int64(170)}
2025-03-21 20:43:30,859 - 新 GBDT 参数评分: score=0.6519, rmse=67.5055, k=0.4626
2025-03-21 20:43:30,859 - 
================================================================================
2025-03-21 20:43:30,860 - >>> 优化 DART 算法参数 <<<
2025-03-21 20:43:30,860 - ================================================================================

2025-03-21 20:43:30,860 - 开始优化 DART 算法参数
2025-03-21 20:43:30,860 - 使用当前参数训练 DART 模型作为基准
2025-03-21 20:43:48,420 - 当前 DART 参数基准分数: score=0.7416, rmse=62.3280, k=0.6255
2025-03-21 20:43:48,420 - 开始 DART 的参数随机搜索
2025-03-21 20:43:48,476 - 开始为 DART 进行随机参数搜索 (30 次迭代)
2025-03-21 20:44:04,150 - [DART] 迭代 1/30: score=0.5009, rmse=157.3725, k=0.3487, 用时=15.67秒
2025-03-21 20:44:04,150 - [DART] 新的最佳分数: 0.5009, 参数: {'objective': 'regression', 'metric': 'rmse', 'random_state': 42, 'verbose': -1, 'boosting_type': 'dart', 'name': 'DART', 'device': 'gpu', 'gpu_platform_id': 0, 'gpu_device_id': 0, 'gpu_use_dp': False, 'num_leaves': np.int64(70), 'learning_rate': np.float64(0.01), 'feature_fraction': np.float64(0.6), 'max_depth': np.int64(6), 'n_estimators': np.int64(110), 'drop_rate': np.float64(0.1), 'skip_drop': np.float64(0.3)}
2025-03-21 20:44:20,916 - [DART] 迭代 2/30: score=0.8991, rmse=31.3486, k=0.8674, 用时=16.76秒
2025-03-21 20:44:20,918 - [DART] 新的最佳分数: 0.8991, 参数: {'objective': 'regression', 'metric': 'rmse', 'random_state': 42, 'verbose': -1, 'boosting_type': 'dart', 'name': 'DART', 'device': 'gpu', 'gpu_platform_id': 0, 'gpu_device_id': 0, 'gpu_use_dp': False, 'num_leaves': np.int64(60), 'learning_rate': np.float64(0.1), 'feature_fraction': np.float64(0.8), 'max_depth': np.int64(5), 'n_estimators': np.int64(150), 'drop_rate': np.float64(0.3), 'skip_drop': np.float64(0.5)}
2025-03-21 20:46:22,718 - 
================================================================================
2025-03-21 20:46:22,718 - >>> 开始参数优化 <<<
2025-03-21 20:46:22,718 - ================================================================================

2025-03-21 20:46:22,718 - 开始LightGBM参数优化流程
2025-03-21 20:46:22,719 - 找到最新的数据文件: D:\my-vue-project\wind-power-forecast\backend\auto_scripts\dataset\dataset_short\20250321.csv
2025-03-21 20:46:22,719 - 加载数据: D:\my-vue-project\wind-power-forecast\backend\auto_scripts\dataset\dataset_short\20250321.csv
2025-03-21 20:46:22,790 - 数据加载完成，共 2973 条记录
2025-03-21 20:46:22,795 - 数据集划分完成，训练集: (2675, 304), 验证集: (298, 304)
2025-03-21 20:46:22,866 - 特征工程完成，训练特征: (2672, 859), 验证特征: (295, 859)
2025-03-21 20:46:22,898 - 数据标准化完成
2025-03-21 20:46:22,950 - 时间窗口创建完成，训练窗口: (2657, 16, 859), 验证窗口: (280, 16, 859)
2025-03-21 20:46:22,950 - 调整时间戳长度与验证集窗口匹配: 280
2025-03-21 20:46:22,951 - 当前参数版本: 20250321
2025-03-21 20:46:22,951 - 
================================================================================
2025-03-21 20:46:22,951 - >>> 优化 GBDT 算法参数 <<<
2025-03-21 20:46:22,951 - ================================================================================

2025-03-21 20:46:22,952 - 开始优化 GBDT 算法参数
2025-03-21 20:46:22,952 - 使用当前参数训练 GBDT 模型作为基准
2025-03-21 20:46:39,832 - 当前 GBDT 参数基准分数: score=0.6513, rmse=67.1426, k=0.4608
2025-03-21 20:46:39,832 - 开始 GBDT 的参数随机搜索
2025-03-21 20:46:39,887 - 开始为 GBDT 进行随机参数搜索 (30 次迭代)
2025-03-21 20:46:45,230 - [GBDT] 迭代 1/30: score=0.8220, rmse=48.8188, k=0.7517, 用时=5.34秒
2025-03-21 20:46:45,230 - [GBDT] 新的最佳分数: 0.8220, 参数: {'objective': 'regression', 'metric': 'rmse', 'random_state': 42, 'verbose': -1, 'boosting_type': 'gbdt', 'name': 'GBDT', 'device': 'gpu', 'gpu_platform_id': 0, 'gpu_device_id': 0, 'gpu_use_dp': False, 'num_leaves': np.int64(70), 'learning_rate': np.float64(0.1), 'feature_fraction': np.float64(0.7), 'max_depth': np.int64(5), 'n_estimators': np.int64(50)}
2025-03-21 20:46:53,200 - [GBDT] 迭代 2/30: score=0.8099, rmse=52.6034, k=0.7358, 用时=7.97秒
2025-03-21 20:47:20,899 - [GBDT] 迭代 3/30: score=0.8210, rmse=50.5573, k=0.7535, 用时=27.70秒
2025-03-21 20:47:26,294 - [GBDT] 迭代 4/30: score=0.8121, rmse=51.5773, k=0.7378, 用时=5.39秒
2025-03-21 20:47:31,662 - [GBDT] 迭代 5/30: score=0.8245, rmse=49.0373, k=0.7571, 用时=5.37秒
2025-03-21 20:47:31,664 - [GBDT] 新的最佳分数: 0.8245, 参数: {'objective': 'regression', 'metric': 'rmse', 'random_state': 42, 'verbose': -1, 'boosting_type': 'gbdt', 'name': 'GBDT', 'device': 'gpu', 'gpu_platform_id': 0, 'gpu_device_id': 0, 'gpu_use_dp': False, 'num_leaves': np.int64(50), 'learning_rate': np.float64(0.2), 'feature_fraction': np.float64(0.8), 'max_depth': np.int64(6), 'n_estimators': np.int64(70)}
2025-03-21 20:47:45,472 - [GBDT] 迭代 6/30: score=0.8128, rmse=52.6128, k=0.7417, 用时=13.81秒
2025-03-21 20:47:48,852 - [GBDT] 迭代 7/30: score=0.8172, rmse=48.0926, k=0.7404, 用时=3.38秒
2025-03-21 20:47:55,389 - [GBDT] 迭代 8/30: score=0.8153, rmse=51.2782, k=0.7437, 用时=6.54秒
2025-03-21 20:48:02,215 - [GBDT] 迭代 9/30: score=0.8094, rmse=52.2259, k=0.7340, 用时=6.83秒
2025-03-21 20:48:07,947 - [GBDT] 迭代 10/30: score=0.8154, rmse=50.8327, k=0.7428, 用时=5.73秒
2025-03-21 20:48:11,362 - [GBDT] 迭代 11/30: score=0.7850, rmse=61.4977, k=0.7057, 用时=3.41秒
2025-03-21 20:48:25,474 - [GBDT] 迭代 12/30: score=0.8159, rmse=52.8264, k=0.7483, 用时=14.11秒
2025-03-21 20:48:30,684 - [GBDT] 迭代 13/30: score=0.8141, rmse=50.4425, k=0.7395, 用时=5.21秒
2025-03-21 20:48:34,455 - [GBDT] 迭代 14/30: score=0.8172, rmse=48.0926, k=0.7404, 用时=3.77秒
2025-03-21 20:48:45,216 - [GBDT] 迭代 15/30: score=0.8136, rmse=51.6027, k=0.7409, 用时=10.76秒
2025-03-21 20:48:50,818 - [GBDT] 迭代 16/30: score=0.8120, rmse=51.5957, k=0.7378, 用时=5.60秒
2025-03-21 20:49:02,335 - [GBDT] 迭代 17/30: score=0.8254, rmse=48.6240, k=0.7580, 用时=11.52秒
2025-03-21 20:49:02,340 - [GBDT] 新的最佳分数: 0.8254, 参数: {'objective': 'regression', 'metric': 'rmse', 'random_state': 42, 'verbose': -1, 'boosting_type': 'gbdt', 'name': 'GBDT', 'device': 'gpu', 'gpu_platform_id': 0, 'gpu_device_id': 0, 'gpu_use_dp': False, 'num_leaves': np.int64(40), 'learning_rate': np.float64(0.1), 'feature_fraction': np.float64(0.6), 'max_depth': np.int64(8), 'n_estimators': np.int64(90)}
2025-03-21 20:49:05,299 - [GBDT] 迭代 18/30: score=0.8213, rmse=49.2551, k=0.7512, 用时=2.96秒
2025-03-21 20:49:13,600 - [GBDT] 迭代 19/30: score=0.8217, rmse=48.8704, k=0.7511, 用时=8.30秒
2025-03-21 20:49:19,187 - [GBDT] 迭代 20/30: score=0.7949, rmse=58.9352, k=0.7199, 用时=5.59秒
2025-03-21 20:49:35,661 - [GBDT] 迭代 21/30: score=0.8160, rmse=50.2496, k=0.7427, 用时=16.47秒
2025-03-21 20:49:53,061 - [GBDT] 迭代 22/30: score=0.8130, rmse=53.4631, k=0.7438, 用时=17.40秒
2025-03-21 20:50:08,923 - [GBDT] 迭代 23/30: score=0.8128, rmse=51.8048, k=0.7398, 用时=15.86秒
2025-03-21 20:50:18,271 - [GBDT] 迭代 24/30: score=0.8108, rmse=52.7846, k=0.7380, 用时=9.35秒
2025-03-21 20:50:23,695 - [GBDT] 迭代 25/30: score=0.8206, rmse=48.4153, k=0.7481, 用时=5.42秒
2025-03-21 20:50:32,066 - [GBDT] 迭代 26/30: score=0.7918, rmse=60.4985, k=0.7169, 用时=8.37秒
2025-03-21 20:50:46,581 - [GBDT] 迭代 27/30: score=0.8216, rmse=49.1212, k=0.7514, 用时=14.52秒
2025-03-21 20:51:12,410 - [GBDT] 迭代 28/30: score=0.8183, rmse=51.1002, k=0.7493, 用时=25.83秒
2025-03-21 20:51:33,352 - [GBDT] 迭代 29/30: score=0.7916, rmse=60.8273, k=0.7174, 用时=20.94秒
2025-03-21 20:51:37,502 - [GBDT] 迭代 30/30: score=0.8187, rmse=48.1836, k=0.7437, 用时=4.15秒
2025-03-21 20:51:37,503 - 发现更好的模型类型: GBDT, 分数: 0.8254
2025-03-21 20:51:37,515 - 找到 GBDT 的最佳参数: {'objective': 'regression', 'metric': 'rmse', 'random_state': 42, 'verbose': -1, 'boosting_type': 'gbdt', 'name': 'GBDT', 'device': 'gpu', 'gpu_platform_id': 0, 'gpu_device_id': 0, 'gpu_use_dp': False, 'num_leaves': np.int64(40), 'learning_rate': np.float64(0.1), 'feature_fraction': np.float64(0.6), 'max_depth': np.int64(8), 'n_estimators': np.int64(90)}
2025-03-21 20:51:51,780 - 新 GBDT 参数评分: score=0.6559, rmse=66.9029, k=0.4690
2025-03-21 20:51:51,780 - 
================================================================================
2025-03-21 20:51:51,781 - >>> 优化 DART 算法参数 <<<
2025-03-21 20:51:51,781 - ================================================================================

2025-03-21 20:51:51,781 - 开始优化 DART 算法参数
2025-03-21 20:51:51,781 - 使用当前参数训练 DART 模型作为基准
2025-03-21 20:52:09,325 - 当前 DART 参数基准分数: score=0.7416, rmse=62.3280, k=0.6255
2025-03-21 20:52:09,326 - 开始 DART 的参数随机搜索
2025-03-21 20:52:09,362 - 开始为 DART 进行随机参数搜索 (30 次迭代)
2025-03-21 20:52:28,267 - [DART] 迭代 1/30: score=0.7736, rmse=73.2939, k=0.7089, 用时=18.90秒
2025-03-21 20:52:28,267 - [DART] 新的最佳分数: 0.7736, 参数: {'objective': 'regression', 'metric': 'rmse', 'random_state': 42, 'verbose': -1, 'boosting_type': 'dart', 'name': 'DART', 'device': 'gpu', 'gpu_platform_id': 0, 'gpu_device_id': 0, 'gpu_use_dp': False, 'num_leaves': np.int64(60), 'learning_rate': np.float64(0.1), 'feature_fraction': np.float64(0.8), 'max_depth': np.int64(6), 'n_estimators': np.int64(110), 'drop_rate': np.float64(0.3), 'skip_drop': np.float64(0.5)}
2025-03-21 20:53:24,015 - [DART] 迭代 2/30: score=0.7952, rmse=64.4520, k=0.7326, 用时=55.75秒
2025-03-21 20:53:24,019 - [DART] 新的最佳分数: 0.7952, 参数: {'objective': 'regression', 'metric': 'rmse', 'random_state': 42, 'verbose': -1, 'boosting_type': 'dart', 'name': 'DART', 'device': 'gpu', 'gpu_platform_id': 0, 'gpu_device_id': 0, 'gpu_use_dp': False, 'num_leaves': np.int64(90), 'learning_rate': np.float64(0.1), 'feature_fraction': np.float64(0.9), 'max_depth': np.int64(8), 'n_estimators': np.int64(190), 'drop_rate': np.float64(0.3), 'skip_drop': np.float64(0.5)}
2025-03-21 20:54:03,218 - [DART] 迭代 3/30: score=0.8138, rmse=55.4236, k=0.7498, 用时=39.20秒
2025-03-21 20:54:03,221 - [DART] 新的最佳分数: 0.8138, 参数: {'objective': 'regression', 'metric': 'rmse', 'random_state': 42, 'verbose': -1, 'boosting_type': 'dart', 'name': 'DART', 'device': 'gpu', 'gpu_platform_id': 0, 'gpu_device_id': 0, 'gpu_use_dp': False, 'num_leaves': np.int64(90), 'learning_rate': np.float64(0.2), 'feature_fraction': np.float64(0.6), 'max_depth': np.int64(8), 'n_estimators': np.int64(170), 'drop_rate': np.float64(0.2), 'skip_drop': np.float64(0.3)}
2025-03-21 20:54:18,172 - [DART] 迭代 4/30: score=0.8195, rmse=53.0580, k=0.7560, 用时=14.95秒
2025-03-21 20:54:18,175 - [DART] 新的最佳分数: 0.8195, 参数: {'objective': 'regression', 'metric': 'rmse', 'random_state': 42, 'verbose': -1, 'boosting_type': 'dart', 'name': 'DART', 'device': 'gpu', 'gpu_platform_id': 0, 'gpu_device_id': 0, 'gpu_use_dp': False, 'num_leaves': np.int64(80), 'learning_rate': np.float64(0.1), 'feature_fraction': np.float64(0.7), 'max_depth': np.int64(6), 'n_estimators': np.int64(90), 'drop_rate': np.float64(0.2), 'skip_drop': np.float64(0.7)}
2025-03-21 20:54:24,787 - [DART] 迭代 5/30: score=0.8084, rmse=53.7509, k=0.7354, 用时=6.61秒
2025-03-21 20:54:56,262 - [DART] 迭代 6/30: score=0.8140, rmse=55.9518, k=0.7514, 用时=31.48秒
2025-03-21 20:55:01,923 - [DART] 迭代 7/30: score=0.6898, rmse=102.9887, k=0.6068, 用时=5.66秒
2025-03-21 20:55:20,061 - [DART] 迭代 8/30: score=0.7540, rmse=80.6299, k=0.6858, 用时=18.14秒
2025-03-21 20:55:41,735 - [DART] 迭代 9/30: score=0.8217, rmse=53.4287, k=0.7611, 用时=21.67秒
2025-03-21 20:55:41,737 - [DART] 新的最佳分数: 0.8217, 参数: {'objective': 'regression', 'metric': 'rmse', 'random_state': 42, 'verbose': -1, 'boosting_type': 'dart', 'name': 'DART', 'device': 'gpu', 'gpu_platform_id': 0, 'gpu_device_id': 0, 'gpu_use_dp': False, 'num_leaves': np.int64(50), 'learning_rate': np.float64(0.1), 'feature_fraction': np.float64(0.8), 'max_depth': np.int64(6), 'n_estimators': np.int64(130), 'drop_rate': np.float64(0.2), 'skip_drop': np.float64(0.7)}
2025-03-21 20:56:20,730 - [DART] 迭代 10/30: score=0.8156, rmse=54.7784, k=0.7520, 用时=38.99秒
2025-03-21 20:56:32,796 - [DART] 迭代 11/30: score=0.7909, rmse=66.2861, k=0.7279, 用时=12.07秒
2025-03-21 20:56:54,456 - [DART] 迭代 12/30: score=0.8149, rmse=54.9010, k=0.7509, 用时=21.66秒
2025-03-21 20:57:11,597 - [DART] 迭代 13/30: score=0.8158, rmse=51.2010, k=0.7445, 用时=17.14秒
2025-03-21 20:57:18,276 - [DART] 迭代 14/30: score=0.7253, rmse=91.0927, k=0.6515, 用时=6.68秒
2025-03-21 20:58:00,132 - [DART] 迭代 15/30: score=0.7976, rmse=63.4690, k=0.7352, 用时=41.86秒
2025-03-21 20:58:27,695 - [DART] 迭代 16/30: score=0.6897, rmse=102.3064, k=0.6050, 用时=27.56秒
2025-03-21 20:58:40,106 - [DART] 迭代 17/30: score=0.6682, rmse=109.5286, k=0.5779, 用时=12.41秒
2025-03-21 20:58:54,746 - [DART] 迭代 18/30: score=0.8001, rmse=62.4244, k=0.7378, 用时=14.64秒
2025-03-21 20:59:09,676 - [DART] 迭代 19/30: score=0.8247, rmse=49.4471, k=0.7584, 用时=14.93秒
2025-03-21 20:59:09,680 - [DART] 新的最佳分数: 0.8247, 参数: {'objective': 'regression', 'metric': 'rmse', 'random_state': 42, 'verbose': -1, 'boosting_type': 'dart', 'name': 'DART', 'device': 'gpu', 'gpu_platform_id': 0, 'gpu_device_id': 0, 'gpu_use_dp': False, 'num_leaves': np.int64(30), 'learning_rate': np.float64(0.2), 'feature_fraction': np.float64(0.9), 'max_depth': np.int64(8), 'n_estimators': np.int64(70), 'drop_rate': np.float64(0.3), 'skip_drop': np.float64(0.7)}
2025-03-21 21:08:58,731 - 
================================================================================
2025-03-21 21:08:58,731 - >>> 开始参数优化 <<<
2025-03-21 21:08:58,731 - ================================================================================

2025-03-21 21:08:58,732 - 开始LightGBM参数优化流程
2025-03-21 21:08:58,732 - 找到最新的数据文件: D:\my-vue-project\wind-power-forecast\backend\auto_scripts\dataset\dataset_short\20250321.csv
2025-03-21 21:08:58,732 - 加载数据: D:\my-vue-project\wind-power-forecast\backend\auto_scripts\dataset\dataset_short\20250321.csv
2025-03-21 21:08:58,798 - 数据加载完成，共 2973 条记录
2025-03-21 21:08:58,803 - 数据集划分完成，训练集: (2675, 304), 验证集: (298, 304)
2025-03-21 21:08:58,872 - 特征工程完成，训练特征: (2672, 859), 验证特征: (295, 859)
2025-03-21 21:08:58,903 - 数据标准化完成
2025-03-21 21:08:58,961 - 时间窗口创建完成，训练窗口: (2657, 16, 859), 验证窗口: (280, 16, 859)
2025-03-21 21:08:58,962 - 调整时间戳长度与验证集窗口匹配: 280
2025-03-21 21:08:58,962 - 当前参数版本: 20250321
2025-03-21 21:08:58,963 - 
================================================================================
2025-03-21 21:08:58,963 - >>> 优化 GBDT 算法参数 <<<
2025-03-21 21:08:58,963 - ================================================================================

2025-03-21 21:08:58,963 - 开始优化 GBDT 算法参数
2025-03-21 21:08:58,963 - 使用当前参数训练 GBDT 模型作为基准
2025-03-21 21:09:15,624 - 当前 GBDT 参数基准分数: score=0.6513, rmse=67.1426, k=0.4608
2025-03-21 21:09:15,625 - 开始 GBDT 的参数随机搜索
2025-03-21 21:09:15,683 - 开始为 GBDT 进行随机参数搜索 (30 次迭代)
2025-03-21 21:09:23,902 - [GBDT] 迭代 1/30: score=0.7249, rmse=53.1701, k=0.5671, 用时=8.22秒
2025-03-21 21:09:23,902 - [GBDT] 新的最佳分数: 0.7249, 参数: {'objective': 'regression', 'metric': 'rmse', 'random_state': 42, 'verbose': -1, 'boosting_type': 'gbdt', 'name': 'GBDT', 'device': 'gpu', 'gpu_platform_id': 0, 'gpu_device_id': 0, 'gpu_use_dp': False, 'num_leaves': np.int64(70), 'learning_rate': np.float64(0.01), 'feature_fraction': np.float64(0.7), 'max_depth': np.int64(5), 'n_estimators': np.int64(70)}
2025-03-21 21:09:58,156 - [GBDT] 迭代 2/30: score=0.8374, rmse=32.3684, k=0.7462, 用时=34.25秒
2025-03-21 21:09:58,157 - [GBDT] 新的最佳分数: 0.8374, 参数: {'objective': 'regression', 'metric': 'rmse', 'random_state': 42, 'verbose': -1, 'boosting_type': 'gbdt', 'name': 'GBDT', 'device': 'gpu', 'gpu_platform_id': 0, 'gpu_device_id': 0, 'gpu_use_dp': False, 'num_leaves': np.int64(70), 'learning_rate': np.float64(0.01), 'feature_fraction': np.float64(0.6), 'max_depth': np.int64(9), 'n_estimators': np.int64(130)}
2025-03-21 21:11:10,603 - 
================================================================================
2025-03-21 21:11:10,603 - >>> 开始参数优化 <<<
2025-03-21 21:11:10,603 - ================================================================================

2025-03-21 21:11:10,603 - 开始LightGBM参数优化流程
2025-03-21 21:11:10,604 - 找到最新的数据文件: D:\my-vue-project\wind-power-forecast\backend\auto_scripts\dataset\dataset_short\20250321.csv
2025-03-21 21:11:10,604 - 加载数据: D:\my-vue-project\wind-power-forecast\backend\auto_scripts\dataset\dataset_short\20250321.csv
2025-03-21 21:11:10,671 - 数据加载完成，共 2973 条记录
2025-03-21 21:11:10,676 - 数据集划分完成，训练集: (2675, 304), 验证集: (298, 304)
2025-03-21 21:11:10,743 - 特征工程完成，训练特征: (2672, 859), 验证特征: (295, 859)
2025-03-21 21:11:10,775 - 数据标准化完成
2025-03-21 21:11:10,826 - 时间窗口创建完成，训练窗口: (2657, 16, 859), 验证窗口: (280, 16, 859)
2025-03-21 21:11:10,826 - 调整时间戳长度与验证集窗口匹配: 280
2025-03-21 21:11:10,826 - 当前参数版本: 20250321
2025-03-21 21:11:10,827 - 
================================================================================
2025-03-21 21:11:10,827 - >>> 优化 GBDT 算法参数 <<<
2025-03-21 21:11:10,827 - ================================================================================

2025-03-21 21:11:10,827 - 开始优化 GBDT 算法参数
2025-03-21 21:11:10,827 - 使用当前参数训练 GBDT 模型作为基准
2025-03-21 21:11:27,408 - 当前 GBDT 参数基准分数: score=0.6513, rmse=67.1426, k=0.4608
2025-03-21 21:11:27,408 - 开始 GBDT 的参数随机搜索
2025-03-21 21:11:27,467 - 开始为 GBDT 进行随机参数搜索 (30 次迭代)
2025-03-21 21:11:44,782 - [GBDT] 迭代 1/30: score=0.9520, rmse=11.1609, k=0.9287, 用时=17.31秒
2025-03-21 21:11:44,782 - [GBDT] 新的最佳分数: 0.9520, 参数: {'objective': 'regression', 'metric': 'rmse', 'random_state': 42, 'verbose': -1, 'boosting_type': 'gbdt', 'name': 'GBDT', 'device': 'gpu', 'gpu_platform_id': 0, 'gpu_device_id': 0, 'gpu_use_dp': False, 'num_leaves': np.int64(20), 'learning_rate': np.float64(0.1), 'feature_fraction': np.float64(0.6), 'max_depth': np.int64(9), 'n_estimators': np.int64(190)}
2025-03-21 21:11:52,755 - [GBDT] 迭代 2/30: score=0.9254, rmse=18.6453, k=0.8919, 用时=7.97秒
2025-03-21 21:12:01,629 - [GBDT] 迭代 3/30: score=0.9242, rmse=18.8358, k=0.8900, 用时=8.87秒
2025-03-21 21:12:20,433 - [GBDT] 迭代 4/30: score=0.9450, rmse=13.0599, k=0.9187, 用时=18.80秒
2025-03-21 21:12:24,576 - [GBDT] 迭代 5/30: score=0.8912, rmse=27.3422, k=0.8427, 用时=4.14秒
2025-03-21 21:12:29,368 - [GBDT] 迭代 6/30: score=0.9237, rmse=19.1184, k=0.8896, 用时=4.79秒
2025-03-21 21:12:48,045 - [GBDT] 迭代 7/30: score=0.9460, rmse=12.9480, k=0.9205, 用时=18.68秒
2025-03-21 21:12:54,034 - [GBDT] 迭代 8/30: score=0.9273, rmse=18.4098, k=0.8953, 用时=5.99秒
2025-03-21 21:13:17,121 - [GBDT] 迭代 9/30: score=0.9443, rmse=13.6162, k=0.9187, 用时=23.09秒
2025-03-21 21:13:24,747 - [GBDT] 迭代 10/30: score=0.9464, rmse=13.4945, k=0.9225, 用时=7.63秒
2025-03-21 21:13:28,725 - [GBDT] 迭代 11/30: score=0.9272, rmse=18.1601, k=0.8945, 用时=3.98秒
2025-03-21 21:13:45,199 - [GBDT] 迭代 12/30: score=0.7715, rmse=44.8874, k=0.6419, 用时=16.47秒
2025-03-21 21:13:50,324 - [GBDT] 迭代 13/30: score=0.7157, rmse=55.1152, k=0.5530, 用时=5.12秒
2025-03-21 21:14:21,090 - [GBDT] 迭代 14/30: score=0.9513, rmse=11.9897, k=0.9291, 用时=30.77秒
2025-03-21 21:14:30,130 - [GBDT] 迭代 15/30: score=0.9127, rmse=20.9937, k=0.8717, 用时=9.04秒
2025-03-21 21:14:39,611 - [GBDT] 迭代 16/30: score=0.6784, rmse=60.6919, k=0.4906, 用时=9.48秒
2025-03-21 21:14:54,923 - [GBDT] 迭代 17/30: score=0.9447, rmse=12.9057, k=0.9178, 用时=15.31秒
2025-03-21 21:15:02,019 - [GBDT] 迭代 18/30: score=0.9347, rmse=15.9292, k=0.9045, 用时=7.10秒
2025-03-21 21:15:05,765 - [GBDT] 迭代 19/30: score=0.6593, rmse=64.8811, k=0.4617, 用时=3.75秒
2025-03-21 21:15:21,765 - [GBDT] 迭代 20/30: score=0.9432, rmse=13.6150, k=0.9164, 用时=16.00秒
2025-03-21 21:15:33,279 - [GBDT] 迭代 21/30: score=0.9249, rmse=17.8356, k=0.8891, 用时=11.51秒
2025-03-21 21:15:49,666 - [GBDT] 迭代 22/30: score=0.8473, rmse=33.0929, k=0.7676, 用时=16.39秒
2025-03-21 21:16:22,951 - [GBDT] 迭代 23/30: score=0.8361, rmse=32.9740, k=0.7449, 用时=33.28秒
2025-03-21 21:16:41,187 - [GBDT] 迭代 24/30: score=0.9442, rmse=13.2920, k=0.9178, 用时=18.23秒
2025-03-21 21:16:57,943 - [GBDT] 迭代 25/30: score=0.9357, rmse=15.7476, k=0.9062, 用时=16.76秒
2025-03-21 21:17:25,117 - [GBDT] 迭代 26/30: score=0.9439, rmse=13.6294, k=0.9179, 用时=27.17秒
2025-03-21 21:17:43,874 - [GBDT] 迭代 27/30: score=0.9424, rmse=13.7668, k=0.9151, 用时=18.76秒
2025-03-21 21:17:52,503 - [GBDT] 迭代 28/30: score=0.9374, rmse=14.9832, k=0.9078, 用时=8.63秒
2025-03-21 21:18:02,534 - [GBDT] 迭代 29/30: score=0.9440, rmse=13.6070, k=0.9181, 用时=10.03秒
2025-03-21 21:18:10,761 - [GBDT] 迭代 30/30: score=0.7250, rmse=53.1683, k=0.5671, 用时=8.23秒
2025-03-21 21:18:10,761 - 发现更好的模型类型: GBDT, 分数: 0.9520
2025-03-21 21:18:10,785 - 找到 GBDT 的最佳参数: {'objective': 'regression', 'metric': 'rmse', 'random_state': 42, 'verbose': -1, 'boosting_type': 'gbdt', 'name': 'GBDT', 'device': 'gpu', 'gpu_platform_id': 0, 'gpu_device_id': 0, 'gpu_use_dp': False, 'num_leaves': np.int64(20), 'learning_rate': np.float64(0.1), 'feature_fraction': np.float64(0.6), 'max_depth': np.int64(9), 'n_estimators': np.int64(190)}
2025-03-21 21:18:28,331 - 新 GBDT 参数评分: score=0.6585, rmse=67.0505, k=0.4743
2025-03-21 21:18:28,332 - 
================================================================================
2025-03-21 21:18:28,332 - >>> 优化 DART 算法参数 <<<
2025-03-21 21:18:28,332 - ================================================================================

2025-03-21 21:18:28,332 - 开始优化 DART 算法参数
2025-03-21 21:18:28,333 - 使用当前参数训练 DART 模型作为基准
2025-03-21 21:18:45,590 - 当前 DART 参数基准分数: score=0.7416, rmse=62.3280, k=0.6255
2025-03-21 21:18:45,590 - 开始 DART 的参数随机搜索
2025-03-21 21:18:45,652 - 开始为 DART 进行随机参数搜索 (30 次迭代)
2025-03-21 21:19:06,913 - [DART] 迭代 1/30: score=0.7393, rmse=82.2610, k=0.6600, 用时=21.26秒
2025-03-21 21:19:06,913 - [DART] 新的最佳分数: 0.7393, 参数: {'objective': 'regression', 'metric': 'rmse', 'random_state': 42, 'verbose': -1, 'boosting_type': 'dart', 'name': 'DART', 'device': 'gpu', 'gpu_platform_id': 0, 'gpu_device_id': 0, 'gpu_use_dp': False, 'num_leaves': np.int64(30), 'learning_rate': np.float64(0.05), 'feature_fraction': np.float64(0.7), 'max_depth': np.int64(7), 'n_estimators': np.int64(130), 'drop_rate': np.float64(0.3), 'skip_drop': np.float64(0.3)}
2025-03-21 21:19:15,307 - [DART] 迭代 2/30: score=0.8576, rmse=44.5239, k=0.8133, 用时=8.39秒
2025-03-21 21:19:15,308 - [DART] 新的最佳分数: 0.8576, 参数: {'objective': 'regression', 'metric': 'rmse', 'random_state': 42, 'verbose': -1, 'boosting_type': 'dart', 'name': 'DART', 'device': 'gpu', 'gpu_platform_id': 0, 'gpu_device_id': 0, 'gpu_use_dp': False, 'num_leaves': np.int64(20), 'learning_rate': np.float64(0.1), 'feature_fraction': np.float64(0.9), 'max_depth': np.int64(5), 'n_estimators': np.int64(70), 'drop_rate': np.float64(0.4), 'skip_drop': np.float64(0.5)}
2025-03-21 21:21:10,944 - 
================================================================================
2025-03-21 21:21:10,944 - >>> 开始参数优化 <<<
2025-03-21 21:21:10,944 - ================================================================================

2025-03-21 21:21:10,944 - 开始LightGBM参数优化流程
2025-03-21 21:21:10,944 - 找到最新的数据文件: D:\my-vue-project\wind-power-forecast\backend\auto_scripts\dataset\dataset_short\20250321.csv
2025-03-21 21:21:10,944 - 加载数据: D:\my-vue-project\wind-power-forecast\backend\auto_scripts\dataset\dataset_short\20250321.csv
2025-03-21 21:21:11,011 - 数据加载完成，共 2973 条记录
2025-03-21 21:21:11,016 - 数据集划分完成，训练集: (2675, 304), 验证集: (298, 304)
2025-03-21 21:21:11,081 - 特征工程完成，训练特征: (2672, 859), 验证特征: (295, 859)
2025-03-21 21:21:11,113 - 数据标准化完成
2025-03-21 21:21:11,163 - 时间窗口创建完成，训练窗口: (2657, 16, 859), 验证窗口: (280, 16, 859)
2025-03-21 21:21:11,163 - 调整时间戳长度与验证集窗口匹配: 280
2025-03-21 21:21:11,163 - 当前参数版本: 20250321
2025-03-21 21:21:11,163 - 
================================================================================
2025-03-21 21:21:11,163 - >>> 优化 GBDT 算法参数 <<<
2025-03-21 21:21:11,163 - ================================================================================

2025-03-21 21:21:11,163 - 开始优化 GBDT 算法参数
2025-03-21 21:21:11,163 - 使用当前参数训练 GBDT 模型作为基准
2025-03-21 21:21:27,585 - 当前 GBDT 参数基准分数: score=0.6513, rmse=67.1426, k=0.4608
2025-03-21 21:21:27,585 - 开始 GBDT 的参数随机搜索
2025-03-21 21:21:27,641 - 开始为 GBDT 进行随机参数搜索 (10 次迭代)
2025-03-21 21:21:46,201 - [GBDT] 迭代 1/10: score=0.8556, rmse=30.8835, k=0.7793, 用时=18.56秒
2025-03-21 21:21:46,201 - [GBDT] 新的最佳分数: 0.8556, 参数: {'objective': 'regression', 'metric': 'rmse', 'random_state': 42, 'verbose': -1, 'boosting_type': 'gbdt', 'name': 'GBDT', 'device': 'gpu', 'gpu_platform_id': 0, 'gpu_device_id': 0, 'gpu_use_dp': False, 'num_leaves': np.int64(20), 'learning_rate': np.float64(0.01), 'feature_fraction': np.float64(0.6), 'max_depth': np.int64(8), 'n_estimators': np.int64(170)}
2025-03-21 21:22:29,573 - [GBDT] 迭代 2/10: score=0.8903, rmse=23.3946, k=0.8323, 用时=43.37秒
2025-03-21 21:22:29,574 - [GBDT] 新的最佳分数: 0.8903, 参数: {'objective': 'regression', 'metric': 'rmse', 'random_state': 42, 'verbose': -1, 'boosting_type': 'gbdt', 'name': 'GBDT', 'device': 'gpu', 'gpu_platform_id': 0, 'gpu_device_id': 0, 'gpu_use_dp': False, 'num_leaves': np.int64(70), 'learning_rate': np.float64(0.01), 'feature_fraction': np.float64(0.6), 'max_depth': np.int64(8), 'n_estimators': np.int64(190)}
2025-03-21 21:22:32,743 - [GBDT] 迭代 3/10: score=0.9115, rmse=22.0641, k=0.8716, 用时=3.17秒
2025-03-21 21:22:32,746 - [GBDT] 新的最佳分数: 0.9115, 参数: {'objective': 'regression', 'metric': 'rmse', 'random_state': 42, 'verbose': -1, 'boosting_type': 'gbdt', 'name': 'GBDT', 'device': 'gpu', 'gpu_platform_id': 0, 'gpu_device_id': 0, 'gpu_use_dp': False, 'num_leaves': np.int64(70), 'learning_rate': np.float64(0.2), 'feature_fraction': np.float64(0.6), 'max_depth': np.int64(3), 'n_estimators': np.int64(50)}
2025-03-21 21:22:53,654 - [GBDT] 迭代 4/10: score=0.9469, rmse=12.7480, k=0.9220, 用时=20.91秒
2025-03-21 21:22:53,656 - [GBDT] 新的最佳分数: 0.9469, 参数: {'objective': 'regression', 'metric': 'rmse', 'random_state': 42, 'verbose': -1, 'boosting_type': 'gbdt', 'name': 'GBDT', 'device': 'gpu', 'gpu_platform_id': 0, 'gpu_device_id': 0, 'gpu_use_dp': False, 'num_leaves': np.int64(70), 'learning_rate': np.float64(0.1), 'feature_fraction': np.float64(0.6), 'max_depth': np.int64(8), 'n_estimators': np.int64(170)}
2025-03-21 21:23:04,672 - [GBDT] 迭代 5/10: score=0.9292, rmse=17.7892, k=0.8975, 用时=11.02秒
2025-03-21 21:23:18,683 - [GBDT] 迭代 6/10: score=0.9458, rmse=12.6144, k=0.9193, 用时=14.01秒
2025-03-21 21:23:29,098 - [GBDT] 迭代 7/10: score=0.9470, rmse=13.1192, k=0.9230, 用时=10.41秒
2025-03-21 21:23:29,100 - [GBDT] 新的最佳分数: 0.9470, 参数: {'objective': 'regression', 'metric': 'rmse', 'random_state': 42, 'verbose': -1, 'boosting_type': 'gbdt', 'name': 'GBDT', 'device': 'gpu', 'gpu_platform_id': 0, 'gpu_device_id': 0, 'gpu_use_dp': False, 'num_leaves': np.int64(20), 'learning_rate': np.float64(0.2), 'feature_fraction': np.float64(0.7), 'max_depth': np.int64(5), 'n_estimators': np.int64(170)}
2025-03-21 21:23:49,575 - [GBDT] 迭代 8/10: score=0.9426, rmse=13.9367, k=0.9159, 用时=20.48秒
2025-03-21 21:24:10,239 - [GBDT] 迭代 9/10: score=0.9399, rmse=14.3965, k=0.9115, 用时=20.66秒
2025-03-21 21:24:18,548 - [GBDT] 迭代 10/10: score=0.9125, rmse=21.1414, k=0.8716, 用时=8.31秒
2025-03-21 21:24:18,548 - 发现更好的模型类型: GBDT, 分数: 0.9470
2025-03-21 21:24:18,571 - 找到 GBDT 的最佳参数: {'objective': 'regression', 'metric': 'rmse', 'random_state': 42, 'verbose': -1, 'boosting_type': 'gbdt', 'name': 'GBDT', 'device': 'gpu', 'gpu_platform_id': 0, 'gpu_device_id': 0, 'gpu_use_dp': False, 'num_leaves': np.int64(20), 'learning_rate': np.float64(0.2), 'feature_fraction': np.float64(0.7), 'max_depth': np.int64(5), 'n_estimators': np.int64(170)}
2025-03-21 21:24:29,833 - 新 GBDT 参数评分: score=0.6577, rmse=64.9073, k=0.4687
2025-03-21 21:24:29,834 - 
================================================================================
2025-03-21 21:24:29,834 - >>> 优化 DART 算法参数 <<<
2025-03-21 21:24:29,834 - ================================================================================

2025-03-21 21:24:29,834 - 开始优化 DART 算法参数
2025-03-21 21:24:29,834 - 使用当前参数训练 DART 模型作为基准
2025-03-21 21:24:47,057 - 当前 DART 参数基准分数: score=0.7416, rmse=62.3280, k=0.6255
2025-03-21 21:24:47,058 - 开始 DART 的参数随机搜索
2025-03-21 21:24:47,141 - 开始为 DART 进行随机参数搜索 (10 次迭代)
2025-03-21 21:24:52,738 - [DART] 迭代 1/10: score=0.8747, rmse=36.5619, k=0.8301, 用时=5.60秒
2025-03-21 21:24:52,738 - [DART] 新的最佳分数: 0.8747, 参数: {'objective': 'regression', 'metric': 'rmse', 'random_state': 42, 'verbose': -1, 'boosting_type': 'dart', 'name': 'DART', 'device': 'gpu', 'gpu_platform_id': 0, 'gpu_device_id': 0, 'gpu_use_dp': False, 'num_leaves': np.int64(20), 'learning_rate': np.float64(0.1), 'feature_fraction': np.float64(0.7), 'max_depth': np.int64(3), 'n_estimators': np.int64(150), 'drop_rate': np.float64(0.4), 'skip_drop': np.float64(0.5)}
2025-03-21 21:25:14,422 - [DART] 迭代 2/10: score=0.9460, rmse=13.4127, k=0.9215, 用时=21.68秒
2025-03-21 21:25:14,424 - [DART] 新的最佳分数: 0.9460, 参数: {'objective': 'regression', 'metric': 'rmse', 'random_state': 42, 'verbose': -1, 'boosting_type': 'dart', 'name': 'DART', 'device': 'gpu', 'gpu_platform_id': 0, 'gpu_device_id': 0, 'gpu_use_dp': False, 'num_leaves': np.int64(20), 'learning_rate': np.float64(0.1), 'feature_fraction': np.float64(0.7), 'max_depth': np.int64(8), 'n_estimators': np.int64(190), 'drop_rate': np.float64(0.2), 'skip_drop': np.float64(0.7)}
2025-03-21 21:25:29,519 - [DART] 迭代 3/10: score=0.7939, rmse=65.0102, k=0.7311, 用时=15.09秒
2025-03-21 21:25:34,629 - [DART] 迭代 4/10: score=0.8587, rmse=44.6905, k=0.8159, 用时=5.11秒
2025-03-21 21:26:00,602 - [DART] 迭代 5/10: score=0.4633, rmse=168.9112, k=0.2990, 用时=25.97秒
2025-03-21 21:26:11,948 - [DART] 迭代 6/10: score=0.9160, rmse=23.4110, k=0.8837, 用时=11.35秒
2025-03-21 21:26:16,717 - [DART] 迭代 7/10: score=0.8810, rmse=35.0835, k=0.8394, 用时=4.77秒
2025-03-21 21:26:33,660 - [DART] 迭代 8/10: score=0.6305, rmse=117.8184, k=0.5208, 用时=16.94秒
2025-03-21 21:27:13,323 - [DART] 迭代 9/10: score=0.9529, rmse=11.4514, k=0.9310, 用时=39.66秒
2025-03-21 21:27:13,327 - [DART] 新的最佳分数: 0.9529, 参数: {'objective': 'regression', 'metric': 'rmse', 'random_state': 42, 'verbose': -1, 'boosting_type': 'dart', 'name': 'DART', 'device': 'gpu', 'gpu_platform_id': 0, 'gpu_device_id': 0, 'gpu_use_dp': False, 'num_leaves': np.int64(60), 'learning_rate': np.float64(0.2), 'feature_fraction': np.float64(0.6), 'max_depth': np.int64(9), 'n_estimators': np.int64(170), 'drop_rate': np.float64(0.4), 'skip_drop': np.float64(0.7)}
2025-03-21 21:27:23,418 - [DART] 迭代 10/10: score=0.6777, rmse=102.5073, k=0.5815, 用时=10.09秒
2025-03-21 21:27:23,418 - 发现更好的模型类型: DART, 分数: 0.9529
2025-03-21 21:27:23,445 - 找到 DART 的最佳参数: {'objective': 'regression', 'metric': 'rmse', 'random_state': 42, 'verbose': -1, 'boosting_type': 'dart', 'name': 'DART', 'device': 'gpu', 'gpu_platform_id': 0, 'gpu_device_id': 0, 'gpu_use_dp': False, 'num_leaves': np.int64(60), 'learning_rate': np.float64(0.2), 'feature_fraction': np.float64(0.6), 'max_depth': np.int64(9), 'n_estimators': np.int64(170), 'drop_rate': np.float64(0.4), 'skip_drop': np.float64(0.7)}
2025-03-21 21:28:04,429 - 新 DART 参数评分: score=0.6607, rmse=66.3336, k=0.4771
2025-03-21 21:28:04,429 - 
================================================================================
2025-03-21 21:28:04,429 - >>> 优化 GOSS 算法参数 <<<
2025-03-21 21:28:04,429 - ================================================================================

2025-03-21 21:28:04,429 - 开始优化 GOSS 算法参数
2025-03-21 21:28:04,429 - 使用当前参数训练 GOSS 模型作为基准
2025-03-21 21:28:18,115 - 当前 GOSS 参数基准分数: score=0.6442, rmse=68.3105, k=0.4494
2025-03-21 21:28:18,115 - 开始 GOSS 的参数随机搜索
2025-03-21 21:28:18,178 - 开始为 GOSS 进行随机参数搜索 (10 次迭代)
2025-03-21 21:28:40,969 - [GOSS] 迭代 1/10: score=0.9235, rmse=18.9791, k=0.8888, 用时=22.79秒
2025-03-21 21:28:40,969 - [GOSS] 新的最佳分数: 0.9235, 参数: {'objective': 'regression', 'metric': 'rmse', 'random_state': 42, 'verbose': -1, 'boosting_type': 'goss', 'name': 'GOSS', 'device': 'gpu', 'gpu_platform_id': 0, 'gpu_device_id': 0, 'gpu_use_dp': False, 'num_leaves': np.int64(60), 'learning_rate': np.float64(0.05), 'feature_fraction': np.float64(0.6), 'max_depth': np.int64(4), 'n_estimators': np.int64(130), 'top_rate': np.float64(0.3), 'other_rate': np.float64(0.1)}
2025-03-21 21:29:07,312 - [GOSS] 迭代 2/10: score=0.8705, rmse=28.2603, k=0.8034, 用时=26.34秒
2025-03-21 21:29:41,291 - [GOSS] 迭代 3/10: score=0.9427, rmse=13.8695, k=0.9160, 用时=33.98秒
2025-03-21 21:29:41,293 - [GOSS] 新的最佳分数: 0.9427, 参数: {'objective': 'regression', 'metric': 'rmse', 'random_state': 42, 'verbose': -1, 'boosting_type': 'goss', 'name': 'GOSS', 'device': 'gpu', 'gpu_platform_id': 0, 'gpu_device_id': 0, 'gpu_use_dp': False, 'num_leaves': np.int64(40), 'learning_rate': np.float64(0.2), 'feature_fraction': np.float64(0.6), 'max_depth': np.int64(4), 'n_estimators': np.int64(190), 'top_rate': np.float64(0.2), 'other_rate': np.float64(0.2)}
2025-03-21 21:30:03,267 - [GOSS] 迭代 4/10: score=0.9414, rmse=14.3348, k=0.9144, 用时=21.97秒
2025-03-21 21:30:13,050 - [GOSS] 迭代 5/10: score=0.9404, rmse=14.5417, k=0.9129, 用时=9.78秒
2025-03-21 21:30:48,759 - [GOSS] 迭代 6/10: score=0.9440, rmse=13.6725, k=0.9180, 用时=35.71秒
2025-03-21 21:30:48,760 - [GOSS] 新的最佳分数: 0.9440, 参数: {'objective': 'regression', 'metric': 'rmse', 'random_state': 42, 'verbose': -1, 'boosting_type': 'goss', 'name': 'GOSS', 'device': 'gpu', 'gpu_platform_id': 0, 'gpu_device_id': 0, 'gpu_use_dp': False, 'num_leaves': np.int64(70), 'learning_rate': np.float64(0.1), 'feature_fraction': np.float64(0.9), 'max_depth': np.int64(8), 'n_estimators': np.int64(130), 'top_rate': np.float64(0.1), 'other_rate': np.float64(0.2)}
2025-03-21 21:31:07,364 - [GOSS] 迭代 7/10: score=0.9266, rmse=18.1522, k=0.8933, 用时=18.60秒
2025-03-21 21:31:51,436 - [GOSS] 迭代 8/10: score=0.9444, rmse=13.3340, k=0.9182, 用时=44.07秒
2025-03-21 21:31:51,438 - [GOSS] 新的最佳分数: 0.9444, 参数: {'objective': 'regression', 'metric': 'rmse', 'random_state': 42, 'verbose': -1, 'boosting_type': 'goss', 'name': 'GOSS', 'device': 'gpu', 'gpu_platform_id': 0, 'gpu_device_id': 0, 'gpu_use_dp': False, 'num_leaves': np.int64(80), 'learning_rate': np.float64(0.1), 'feature_fraction': np.float64(0.9), 'max_depth': np.int64(9), 'n_estimators': np.int64(130), 'top_rate': np.float64(0.1), 'other_rate': np.float64(0.3)}
2025-03-21 21:32:24,100 - [GOSS] 迭代 9/10: score=0.9444, rmse=13.5166, k=0.9185, 用时=32.66秒
2025-03-21 21:32:35,859 - [GOSS] 迭代 10/10: score=0.8998, rmse=23.8675, k=0.8522, 用时=11.76秒
2025-03-21 21:32:35,860 - 发现更好的模型类型: GOSS, 分数: 0.9444
2025-03-21 21:32:35,887 - 找到 GOSS 的最佳参数: {'objective': 'regression', 'metric': 'rmse', 'random_state': 42, 'verbose': -1, 'boosting_type': 'goss', 'name': 'GOSS', 'device': 'gpu', 'gpu_platform_id': 0, 'gpu_device_id': 0, 'gpu_use_dp': False, 'num_leaves': np.int64(80), 'learning_rate': np.float64(0.1), 'feature_fraction': np.float64(0.9), 'max_depth': np.int64(9), 'n_estimators': np.int64(130), 'top_rate': np.float64(0.1), 'other_rate': np.float64(0.3)}
2025-03-21 21:33:22,872 - 新 GOSS 参数评分: score=0.6513, rmse=67.9862, k=0.4624
2025-03-21 21:33:22,872 - GBDT 参数改进: True (新分数: 0.6577, 旧分数: 0.6513, 改进: 0.98%)
2025-03-21 21:33:22,872 - GBDT 改进是否显著: False (最小阈值: 2.0%)
2025-03-21 21:33:22,872 - DART 参数改进: False (新分数: 0.6607, 旧分数: 0.7416, 改进: -10.91%)
2025-03-21 21:33:22,872 - DART 改进是否显著: False (最小阈值: 2.0%)
2025-03-21 21:33:22,872 - GOSS 参数改进: True (新分数: 0.6513, 旧分数: 0.6442, 改进: 1.11%)
2025-03-21 21:33:22,872 - GOSS 改进是否显著: False (最小阈值: 2.0%)
2025-03-21 21:33:22,872 - 并非所有算法参数都有改进，保持当前参数不变
2025-03-21 21:40:27,107 - 
================================================================================
2025-03-21 21:40:27,107 - >>> 开始参数优化 <<<
2025-03-21 21:40:27,107 - ================================================================================

2025-03-21 21:40:27,107 - 开始LightGBM参数优化流程
2025-03-21 21:40:27,107 - 找到最新的数据文件: D:\my-vue-project\wind-power-forecast\backend\auto_scripts\dataset\dataset_short\20250321.csv
2025-03-21 21:40:27,107 - 加载数据: D:\my-vue-project\wind-power-forecast\backend\auto_scripts\dataset\dataset_short\20250321.csv
2025-03-21 21:40:27,173 - 数据加载完成，共 2973 条记录
2025-03-21 21:40:27,179 - 数据集划分完成，训练集: (2675, 304), 验证集: (298, 304)
2025-03-21 21:40:27,247 - 特征工程完成，训练特征: (2672, 859), 验证特征: (295, 859)
2025-03-21 21:40:27,279 - 数据标准化完成
2025-03-21 21:40:27,333 - 时间窗口创建完成，训练窗口: (2657, 16, 859), 验证窗口: (280, 16, 859)
2025-03-21 21:40:27,333 - 调整时间戳长度与验证集窗口匹配: 280
2025-03-21 21:40:27,333 - 当前参数版本: 20250321
2025-03-21 21:40:27,333 - 
================================================================================
2025-03-21 21:40:27,333 - >>> 优化 GBDT 算法参数 <<<
2025-03-21 21:40:27,333 - ================================================================================

2025-03-21 21:40:27,333 - 开始优化 GBDT 算法参数
2025-03-21 21:40:27,333 - 使用当前参数训练 GBDT 模型作为基准
2025-03-21 21:40:43,908 - 当前 GBDT 参数基准分数: score=0.6513, rmse=67.1426, k=0.4608
2025-03-21 21:40:43,908 - 开始 GBDT 的参数随机搜索
2025-03-21 21:40:43,950 - 开始为 GBDT 进行随机参数搜索 (10 次迭代)
2025-03-21 21:40:53,134 - [GBDT] 迭代 1/10: score=0.8220, rmse=48.4338, k=0.7509, 用时=9.18秒
2025-03-21 21:40:53,134 - [GBDT] 新的最佳分数: 0.8220, 参数: {'objective': 'regression', 'metric': 'rmse', 'random_state': 42, 'verbose': -1, 'boosting_type': 'gbdt', 'name': 'GBDT', 'device': 'gpu', 'gpu_platform_id': 0, 'gpu_device_id': 0, 'gpu_use_dp': False, 'num_leaves': np.int64(30), 'learning_rate': np.float64(0.1), 'feature_fraction': np.float64(0.8), 'max_depth': np.int64(7), 'n_estimators': np.int64(70)}
2025-03-21 21:40:57,190 - [GBDT] 迭代 2/10: score=0.8175, rmse=48.0581, k=0.7410, 用时=4.06秒
2025-03-21 21:41:04,997 - [GBDT] 迭代 3/10: score=0.8229, rmse=50.5622, k=0.7573, 用时=7.81秒
2025-03-21 21:41:04,998 - [GBDT] 新的最佳分数: 0.8229, 参数: {'objective': 'regression', 'metric': 'rmse', 'random_state': 42, 'verbose': -1, 'boosting_type': 'gbdt', 'name': 'GBDT', 'device': 'gpu', 'gpu_platform_id': 0, 'gpu_device_id': 0, 'gpu_use_dp': False, 'num_leaves': np.int64(50), 'learning_rate': np.float64(0.2), 'feature_fraction': np.float64(0.8), 'max_depth': np.int64(8), 'n_estimators': np.int64(150)}
2025-03-21 21:41:08,717 - [GBDT] 迭代 4/10: score=0.8131, rmse=51.7623, k=0.7403, 用时=3.72秒
2025-03-21 21:41:13,108 - [GBDT] 迭代 5/10: score=0.8174, rmse=48.6621, k=0.7420, 用时=4.39秒
2025-03-21 21:41:26,278 - [GBDT] 迭代 6/10: score=0.8202, rmse=49.9802, k=0.7506, 用时=13.17秒
2025-03-21 21:41:29,476 - [GBDT] 迭代 7/10: score=0.8227, rmse=46.6776, k=0.7483, 用时=3.20秒
2025-03-21 21:41:37,889 - [GBDT] 迭代 8/10: score=0.8212, rmse=49.6224, k=0.7518, 用时=8.41秒
2025-03-21 21:41:43,297 - [GBDT] 迭代 9/10: score=0.8244, rmse=47.7610, k=0.7542, 用时=5.41秒
2025-03-21 21:41:43,300 - [GBDT] 新的最佳分数: 0.8244, 参数: {'objective': 'regression', 'metric': 'rmse', 'random_state': 42, 'verbose': -1, 'boosting_type': 'gbdt', 'name': 'GBDT', 'device': 'gpu', 'gpu_platform_id': 0, 'gpu_device_id': 0, 'gpu_use_dp': False, 'num_leaves': np.int64(70), 'learning_rate': np.float64(0.05), 'feature_fraction': np.float64(0.9), 'max_depth': np.int64(4), 'n_estimators': np.int64(90)}
2025-03-21 21:41:57,733 - [GBDT] 迭代 10/10: score=0.8216, rmse=49.0994, k=0.7515, 用时=14.43秒
2025-03-21 21:41:57,733 - 发现更好的模型类型: GBDT, 分数: 0.8244
2025-03-21 21:41:57,748 - 找到 GBDT 的最佳参数: {'objective': 'regression', 'metric': 'rmse', 'random_state': 42, 'verbose': -1, 'boosting_type': 'gbdt', 'name': 'GBDT', 'device': 'gpu', 'gpu_platform_id': 0, 'gpu_device_id': 0, 'gpu_use_dp': False, 'num_leaves': np.int64(70), 'learning_rate': np.float64(0.05), 'feature_fraction': np.float64(0.9), 'max_depth': np.int64(4), 'n_estimators': np.int64(90)}
2025-03-21 21:42:04,810 - 新 GBDT 参数评分: score=0.6622, rmse=64.5024, k=0.4763
2025-03-21 21:42:04,810 - 
================================================================================
2025-03-21 21:42:04,810 - >>> 优化 DART 算法参数 <<<
2025-03-21 21:42:04,810 - ================================================================================

2025-03-21 21:42:04,810 - 开始优化 DART 算法参数
2025-03-21 21:42:04,810 - 使用当前参数训练 DART 模型作为基准
2025-03-21 21:42:21,748 - 当前 DART 参数基准分数: score=0.7416, rmse=62.3280, k=0.6255
2025-03-21 21:42:21,748 - 开始 DART 的参数随机搜索
2025-03-21 21:42:21,777 - 开始为 DART 进行随机参数搜索 (10 次迭代)
2025-03-21 21:42:24,995 - [DART] 迭代 1/10: score=0.5313, rmse=154.2648, k=0.4027, 用时=3.22秒
2025-03-21 21:42:24,995 - [DART] 新的最佳分数: 0.5313, 参数: {'objective': 'regression', 'metric': 'rmse', 'random_state': 42, 'verbose': -1, 'boosting_type': 'dart', 'name': 'DART', 'device': 'gpu', 'gpu_platform_id': 0, 'gpu_device_id': 0, 'gpu_use_dp': False, 'num_leaves': np.int64(30), 'learning_rate': np.float64(0.01), 'feature_fraction': np.float64(0.6), 'max_depth': np.int64(3), 'n_estimators': np.int64(50), 'drop_rate': np.float64(0.3), 'skip_drop': np.float64(0.5)}
2025-03-21 21:42:47,772 - [DART] 迭代 2/10: score=0.6714, rmse=108.9994, k=0.5831, 用时=22.78秒
2025-03-21 21:42:47,775 - [DART] 新的最佳分数: 0.6714, 参数: {'objective': 'regression', 'metric': 'rmse', 'random_state': 42, 'verbose': -1, 'boosting_type': 'dart', 'name': 'DART', 'device': 'gpu', 'gpu_platform_id': 0, 'gpu_device_id': 0, 'gpu_use_dp': False, 'num_leaves': np.int64(40), 'learning_rate': np.float64(0.01), 'feature_fraction': np.float64(0.6), 'max_depth': np.int64(6), 'n_estimators': np.int64(170), 'drop_rate': np.float64(0.3), 'skip_drop': np.float64(0.7)}
2025-03-21 21:42:57,694 - [DART] 迭代 3/10: score=0.7762, rmse=72.3884, k=0.7121, 用时=9.92秒
2025-03-21 21:42:57,697 - [DART] 新的最佳分数: 0.7762, 参数: {'objective': 'regression', 'metric': 'rmse', 'random_state': 42, 'verbose': -1, 'boosting_type': 'dart', 'name': 'DART', 'device': 'gpu', 'gpu_platform_id': 0, 'gpu_device_id': 0, 'gpu_use_dp': False, 'num_leaves': np.int64(30), 'learning_rate': np.float64(0.2), 'feature_fraction': np.float64(0.6), 'max_depth': np.int64(6), 'n_estimators': np.int64(70), 'drop_rate': np.float64(0.2), 'skip_drop': np.float64(0.3)}
2025-03-21 21:43:02,143 - [DART] 迭代 4/10: score=0.6293, rmse=123.2920, k=0.5305, 用时=4.44秒
2025-03-21 21:43:22,650 - [DART] 迭代 5/10: score=0.8255, rmse=49.9986, k=0.7612, 用时=20.51秒
2025-03-21 21:43:22,652 - [DART] 新的最佳分数: 0.8255, 参数: {'objective': 'regression', 'metric': 'rmse', 'random_state': 42, 'verbose': -1, 'boosting_type': 'dart', 'name': 'DART', 'device': 'gpu', 'gpu_platform_id': 0, 'gpu_device_id': 0, 'gpu_use_dp': False, 'num_leaves': np.int64(50), 'learning_rate': np.float64(0.2), 'feature_fraction': np.float64(0.7), 'max_depth': np.int64(8), 'n_estimators': np.int64(90), 'drop_rate': np.float64(0.3), 'skip_drop': np.float64(0.7)}
2025-03-21 21:43:48,354 - [DART] 迭代 6/10: score=0.8112, rmse=56.3760, k=0.7468, 用时=25.70秒
2025-03-21 21:44:00,786 - [DART] 迭代 7/10: score=0.8095, rmse=58.1184, k=0.7471, 用时=12.43秒
2025-03-21 21:44:07,557 - [DART] 迭代 8/10: score=0.7730, rmse=73.6850, k=0.7085, 用时=6.77秒
2025-03-21 21:44:22,891 - [DART] 迭代 9/10: score=0.8234, rmse=52.7948, k=0.7632, 用时=15.33秒
2025-03-21 21:45:00,150 - [DART] 迭代 10/10: score=0.8172, rmse=53.8121, k=0.7530, 用时=37.26秒
2025-03-21 21:45:00,151 - 发现更好的模型类型: DART, 分数: 0.8255
2025-03-21 21:45:00,166 - 找到 DART 的最佳参数: {'objective': 'regression', 'metric': 'rmse', 'random_state': 42, 'verbose': -1, 'boosting_type': 'dart', 'name': 'DART', 'device': 'gpu', 'gpu_platform_id': 0, 'gpu_device_id': 0, 'gpu_use_dp': False, 'num_leaves': np.int64(50), 'learning_rate': np.float64(0.2), 'feature_fraction': np.float64(0.7), 'max_depth': np.int64(8), 'n_estimators': np.int64(90), 'drop_rate': np.float64(0.3), 'skip_drop': np.float64(0.7)}
2025-03-21 21:45:21,663 - 新 DART 参数评分: score=0.6568, rmse=67.3367, k=0.4716
2025-03-21 21:45:21,663 - 
================================================================================
2025-03-21 21:45:21,663 - >>> 优化 GOSS 算法参数 <<<
2025-03-21 21:45:21,663 - ================================================================================

2025-03-21 21:45:21,663 - 开始优化 GOSS 算法参数
2025-03-21 21:45:21,663 - 使用当前参数训练 GOSS 模型作为基准
2025-03-21 21:45:35,385 - 当前 GOSS 参数基准分数: score=0.6442, rmse=68.3105, k=0.4494
2025-03-21 21:45:35,385 - 开始 GOSS 的参数随机搜索
2025-03-21 21:45:35,422 - 开始为 GOSS 进行随机参数搜索 (10 次迭代)
2025-03-21 21:45:45,850 - [GOSS] 迭代 1/10: score=0.8234, rmse=48.9430, k=0.7547, 用时=10.43秒
2025-03-21 21:45:45,850 - [GOSS] 新的最佳分数: 0.8234, 参数: {'objective': 'regression', 'metric': 'rmse', 'random_state': 42, 'verbose': -1, 'boosting_type': 'goss', 'name': 'GOSS', 'device': 'gpu', 'gpu_platform_id': 0, 'gpu_device_id': 0, 'gpu_use_dp': False, 'num_leaves': np.int64(60), 'learning_rate': np.float64(0.1), 'feature_fraction': np.float64(0.6), 'max_depth': np.int64(6), 'n_estimators': np.int64(170), 'top_rate': np.float64(0.2), 'other_rate': np.float64(0.3)}
2025-03-21 21:45:55,765 - [GOSS] 迭代 2/10: score=0.8223, rmse=48.0593, k=0.7506, 用时=9.92秒
2025-03-21 21:46:03,409 - [GOSS] 迭代 3/10: score=0.8071, rmse=52.6911, k=0.7303, 用时=7.64秒
2025-03-21 21:46:13,639 - [GOSS] 迭代 4/10: score=0.8227, rmse=49.9098, k=0.7554, 用时=10.23秒
2025-03-21 21:46:32,312 - [GOSS] 迭代 5/10: score=0.8009, rmse=56.9594, k=0.7274, 用时=18.67秒
2025-03-21 21:46:41,640 - [GOSS] 迭代 6/10: score=0.8219, rmse=49.0328, k=0.7519, 用时=9.33秒
2025-03-21 21:46:48,623 - [GOSS] 迭代 7/10: score=0.8204, rmse=49.4236, k=0.7498, 用时=6.98秒
2025-03-21 21:46:57,933 - [GOSS] 迭代 8/10: score=0.8223, rmse=48.7949, k=0.7522, 用时=9.31秒
2025-03-21 21:47:11,941 - [GOSS] 迭代 9/10: score=0.7949, rmse=59.3791, k=0.7207, 用时=14.01秒
2025-03-21 21:47:18,029 - [GOSS] 迭代 10/10: score=0.8158, rmse=50.7334, k=0.7435, 用时=6.09秒
2025-03-21 21:47:18,029 - 发现更好的模型类型: GOSS, 分数: 0.8234
2025-03-21 21:47:18,040 - 找到 GOSS 的最佳参数: {'objective': 'regression', 'metric': 'rmse', 'random_state': 42, 'verbose': -1, 'boosting_type': 'goss', 'name': 'GOSS', 'device': 'gpu', 'gpu_platform_id': 0, 'gpu_device_id': 0, 'gpu_use_dp': False, 'num_leaves': np.int64(60), 'learning_rate': np.float64(0.1), 'feature_fraction': np.float64(0.6), 'max_depth': np.int64(6), 'n_estimators': np.int64(170), 'top_rate': np.float64(0.2), 'other_rate': np.float64(0.3)}
2025-03-21 21:47:57,169 - 新 GOSS 参数评分: score=0.6424, rmse=68.7055, k=0.4465
2025-03-21 21:47:57,169 - GBDT 参数改进: True (新分数: 0.6622, 旧分数: 0.6513, 改进: 1.67%)
2025-03-21 21:47:57,169 - GBDT 改进是否显著: False (最小阈值: 5.0%)
2025-03-21 21:47:57,169 - DART 参数改进: False (新分数: 0.6568, 旧分数: 0.7416, 改进: -11.43%)
2025-03-21 21:47:57,169 - DART 改进是否显著: False (最小阈值: 5.0%)
2025-03-21 21:47:57,169 - GOSS 参数改进: False (新分数: 0.6424, 旧分数: 0.6442, 改进: -0.28%)
2025-03-21 21:47:57,169 - GOSS 改进是否显著: False (最小阈值: 5.0%)
2025-03-21 21:47:57,169 - 
================================================================================
2025-03-21 21:47:57,169 - >>> 更新部分算法参数 <<<
2025-03-21 21:47:57,169 - ================================================================================

2025-03-21 21:47:57,169 - 不是所有算法都有显著改进，分别检查更新
2025-03-21 21:47:57,169 - GBDT 参数没有显著改进，保持当前参数不变
2025-03-21 21:47:57,169 - DART 参数没有显著改进，保持当前参数不变
2025-03-21 21:47:57,169 - GOSS 参数没有显著改进，保持当前参数不变
2025-03-21 21:47:57,169 - 没有任何算法参数达到显著改进标准，保持当前参数不变
