2025-03-22 09:12:23,854 - 
================================================================================
2025-03-22 09:12:23,854 - >>> 开始参数优化 <<<
2025-03-22 09:12:23,854 - ================================================================================

2025-03-22 09:12:23,854 - 开始LightGBM参数优化流程
2025-03-22 09:12:23,854 - 找到最新的数据文件: D:\my-vue-project\wind-power-forecast\backend\auto_scripts\dataset\dataset_short\20250322.csv
2025-03-22 09:12:23,854 - 加载数据: D:\my-vue-project\wind-power-forecast\backend\auto_scripts\dataset\dataset_short\20250322.csv
2025-03-22 09:12:23,919 - 数据加载完成，共 2973 条记录
2025-03-22 09:12:23,924 - 数据集划分完成，训练集: (2675, 304), 验证集: (298, 304)
2025-03-22 09:12:23,988 - 特征工程完成，训练特征: (2672, 859), 验证特征: (295, 859)
2025-03-22 09:12:24,018 - 数据标准化完成
2025-03-22 09:12:24,068 - 时间窗口创建完成，训练窗口: (2657, 16, 859), 验证窗口: (280, 16, 859)
2025-03-22 09:12:24,069 - 调整时间戳长度与验证集窗口匹配: 280
2025-03-22 09:12:24,069 - 当前参数版本: 20250321
2025-03-22 09:12:24,069 - 
================================================================================
2025-03-22 09:12:24,069 - >>> 优化 GBDT 算法参数 <<<
2025-03-22 09:12:24,069 - ================================================================================

2025-03-22 09:12:24,069 - 开始优化 GBDT 算法参数
2025-03-22 09:12:24,069 - 使用当前参数训练 GBDT 模型作为基准
2025-03-22 09:12:40,048 - 当前 GBDT 参数基准分数: score=0.6513, rmse=67.1426, k=0.4608
2025-03-22 09:12:40,048 - 开始 GBDT 的参数随机搜索
2025-03-22 09:12:40,093 - 开始为 GBDT 进行随机参数搜索 (10 次迭代)
2025-03-22 09:13:07,586 - [GBDT] 迭代 1/10: score=0.8070, rmse=55.3368, k=0.7360, 用时=27.49秒
2025-03-22 09:13:07,586 - [GBDT] 新的最佳分数: 0.8070, 参数: {'objective': 'regression', 'metric': 'rmse', 'random_state': 42, 'verbose': -1, 'boosting_type': 'gbdt', 'name': 'GBDT', 'device': 'gpu', 'gpu_platform_id': 0, 'gpu_device_id': 0, 'gpu_use_dp': False, 'num_leaves': np.int64(90), 'learning_rate': np.float64(0.01), 'feature_fraction': np.float64(0.6), 'max_depth': np.int64(7), 'n_estimators': np.int64(150)}
2025-03-22 09:13:13,108 - [GBDT] 迭代 2/10: score=0.8224, rmse=49.0020, k=0.7529, 用时=5.52秒
2025-03-22 09:13:13,110 - [GBDT] 新的最佳分数: 0.8224, 参数: {'objective': 'regression', 'metric': 'rmse', 'random_state': 42, 'verbose': -1, 'boosting_type': 'gbdt', 'name': 'GBDT', 'device': 'gpu', 'gpu_platform_id': 0, 'gpu_device_id': 0, 'gpu_use_dp': False, 'num_leaves': np.int64(60), 'learning_rate': np.float64(0.1), 'feature_fraction': np.float64(0.9), 'max_depth': np.int64(5), 'n_estimators': np.int64(170)}
2025-03-22 09:13:36,591 - [GBDT] 迭代 3/10: score=0.8183, rmse=51.2249, k=0.7495, 用时=23.48秒
2025-03-22 09:13:48,181 - [GBDT] 迭代 4/10: score=0.8193, rmse=51.2294, k=0.7515, 用时=11.59秒
2025-03-22 09:13:51,749 - [GBDT] 迭代 5/10: score=0.8153, rmse=48.4955, k=0.7375, 用时=3.57秒
2025-03-22 09:14:14,507 - [GBDT] 迭代 6/10: score=0.8118, rmse=52.8886, k=0.7403, 用时=22.76秒
2025-03-22 09:14:39,199 - [GBDT] 迭代 7/10: score=0.8003, rmse=58.1870, k=0.7288, 用时=24.69秒
2025-03-22 09:14:54,136 - [GBDT] 迭代 8/10: score=0.7801, rmse=64.4089, k=0.7023, 用时=14.94秒
2025-03-22 09:14:58,174 - [GBDT] 迭代 9/10: score=0.8196, rmse=49.8301, k=0.7490, 用时=4.04秒
2025-03-22 09:15:01,724 - [GBDT] 迭代 10/10: score=0.8158, rmse=48.5481, k=0.7386, 用时=3.55秒
2025-03-22 09:15:01,724 - 发现更好的模型类型: GBDT, 分数: 0.8224
2025-03-22 09:15:01,730 - 找到 GBDT 的最佳参数: {'objective': 'regression', 'metric': 'rmse', 'random_state': 42, 'verbose': -1, 'boosting_type': 'gbdt', 'name': 'GBDT', 'device': 'gpu', 'gpu_platform_id': 0, 'gpu_device_id': 0, 'gpu_use_dp': False, 'num_leaves': np.int64(60), 'learning_rate': np.float64(0.1), 'feature_fraction': np.float64(0.9), 'max_depth': np.int64(5), 'n_estimators': np.int64(170)}
2025-03-22 09:15:15,399 - 新 GBDT 参数评分: score=0.6519, rmse=67.0578, k=0.4616
2025-03-22 09:15:15,399 - 
================================================================================
2025-03-22 09:15:15,399 - >>> 优化 DART 算法参数 <<<
2025-03-22 09:15:15,399 - ================================================================================

2025-03-22 09:15:15,399 - 开始优化 DART 算法参数
2025-03-22 09:15:15,399 - 使用当前参数训练 DART 模型作为基准
2025-03-22 09:15:31,723 - 当前 DART 参数基准分数: score=0.7416, rmse=62.3280, k=0.6255
2025-03-22 09:15:31,723 - 开始 DART 的参数随机搜索
2025-03-22 09:15:31,762 - 开始为 DART 进行随机参数搜索 (10 次迭代)
2025-03-22 09:15:35,844 - [DART] 迭代 1/10: score=0.6278, rmse=122.7025, k=0.5261, 用时=4.08秒
2025-03-22 09:15:35,844 - [DART] 新的最佳分数: 0.6278, 参数: {'objective': 'regression', 'metric': 'rmse', 'random_state': 42, 'verbose': -1, 'boosting_type': 'dart', 'name': 'DART', 'device': 'gpu', 'gpu_platform_id': 0, 'gpu_device_id': 0, 'gpu_use_dp': False, 'num_leaves': np.int64(20), 'learning_rate': np.float64(0.05), 'feature_fraction': np.float64(0.7), 'max_depth': np.int64(3), 'n_estimators': np.int64(90), 'drop_rate': np.float64(0.1), 'skip_drop': np.float64(0.3)}
2025-03-22 09:15:50,650 - [DART] 迭代 2/10: score=0.8053, rmse=59.7624, k=0.7425, 用时=14.81秒
2025-03-22 09:15:50,652 - [DART] 新的最佳分数: 0.8053, 参数: {'objective': 'regression', 'metric': 'rmse', 'random_state': 42, 'verbose': -1, 'boosting_type': 'dart', 'name': 'DART', 'device': 'gpu', 'gpu_platform_id': 0, 'gpu_device_id': 0, 'gpu_use_dp': False, 'num_leaves': np.int64(70), 'learning_rate': np.float64(0.2), 'feature_fraction': np.float64(0.7), 'max_depth': np.int64(7), 'n_estimators': np.int64(70), 'drop_rate': np.float64(0.2), 'skip_drop': np.float64(0.5)}
2025-03-22 09:16:10,853 - [DART] 迭代 3/10: score=0.8202, rmse=51.9213, k=0.7548, 用时=20.20秒
2025-03-22 09:16:10,854 - [DART] 新的最佳分数: 0.8202, 参数: {'objective': 'regression', 'metric': 'rmse', 'random_state': 42, 'verbose': -1, 'boosting_type': 'dart', 'name': 'DART', 'device': 'gpu', 'gpu_platform_id': 0, 'gpu_device_id': 0, 'gpu_use_dp': False, 'num_leaves': np.int64(50), 'learning_rate': np.float64(0.2), 'feature_fraction': np.float64(0.9), 'max_depth': np.int64(9), 'n_estimators': np.int64(70), 'drop_rate': np.float64(0.4), 'skip_drop': np.float64(0.7)}
2025-03-22 09:16:29,371 - [DART] 迭代 4/10: score=0.8204, rmse=51.4256, k=0.7542, 用时=18.52秒
2025-03-22 09:16:29,375 - [DART] 新的最佳分数: 0.8204, 参数: {'objective': 'regression', 'metric': 'rmse', 'random_state': 42, 'verbose': -1, 'boosting_type': 'dart', 'name': 'DART', 'device': 'gpu', 'gpu_platform_id': 0, 'gpu_device_id': 0, 'gpu_use_dp': False, 'num_leaves': np.int64(30), 'learning_rate': np.float64(0.1), 'feature_fraction': np.float64(0.8), 'max_depth': np.int64(6), 'n_estimators': np.int64(130), 'drop_rate': np.float64(0.1), 'skip_drop': np.float64(0.7)}
2025-03-22 09:16:41,916 - [DART] 迭代 5/10: score=0.8149, rmse=55.0498, k=0.7512, 用时=12.54秒
2025-03-22 09:17:02,239 - [DART] 迭代 6/10: score=0.7888, rmse=67.4715, k=0.7264, 用时=20.32秒
2025-03-22 09:17:41,056 - [DART] 迭代 7/10: score=0.6742, rmse=107.4218, k=0.5853, 用时=38.82秒
2025-03-22 09:17:49,662 - [DART] 迭代 8/10: score=0.4724, rmse=171.8111, k=0.3236, 用时=8.61秒
2025-03-22 09:18:13,898 - [DART] 迭代 9/10: score=0.8210, rmse=51.2416, k=0.7551, 用时=24.24秒
2025-03-22 09:18:13,902 - [DART] 新的最佳分数: 0.8210, 参数: {'objective': 'regression', 'metric': 'rmse', 'random_state': 42, 'verbose': -1, 'boosting_type': 'dart', 'name': 'DART', 'device': 'gpu', 'gpu_platform_id': 0, 'gpu_device_id': 0, 'gpu_use_dp': False, 'num_leaves': np.int64(50), 'learning_rate': np.float64(0.2), 'feature_fraction': np.float64(0.9), 'max_depth': np.int64(6), 'n_estimators': np.int64(150), 'drop_rate': np.float64(0.4), 'skip_drop': np.float64(0.7)}
2025-03-22 09:18:23,603 - [DART] 迭代 10/10: score=0.4941, rmse=164.4812, k=0.3508, 用时=9.70秒
2025-03-22 09:18:23,603 - 发现更好的模型类型: DART, 分数: 0.8210
2025-03-22 09:18:23,609 - 找到 DART 的最佳参数: {'objective': 'regression', 'metric': 'rmse', 'random_state': 42, 'verbose': -1, 'boosting_type': 'dart', 'name': 'DART', 'device': 'gpu', 'gpu_platform_id': 0, 'gpu_device_id': 0, 'gpu_use_dp': False, 'num_leaves': np.int64(50), 'learning_rate': np.float64(0.2), 'feature_fraction': np.float64(0.9), 'max_depth': np.int64(6), 'n_estimators': np.int64(150), 'drop_rate': np.float64(0.4), 'skip_drop': np.float64(0.7)}
2025-03-22 09:18:48,957 - 新 DART 参数评分: score=0.6531, rmse=66.5176, k=0.4631
2025-03-22 09:18:48,957 - 
================================================================================
2025-03-22 09:18:48,958 - >>> 优化 GOSS 算法参数 <<<
2025-03-22 09:18:48,958 - ================================================================================

2025-03-22 09:18:48,958 - 开始优化 GOSS 算法参数
2025-03-22 09:18:48,958 - 使用当前参数训练 GOSS 模型作为基准
2025-03-22 09:19:02,114 - 当前 GOSS 参数基准分数: score=0.6442, rmse=68.3105, k=0.4494
2025-03-22 09:19:02,114 - 开始 GOSS 的参数随机搜索
2025-03-22 09:19:02,145 - 开始为 GOSS 进行随机参数搜索 (10 次迭代)
2025-03-22 09:19:22,885 - [GOSS] 迭代 1/10: score=0.8129, rmse=52.3751, k=0.7412, 用时=20.74秒
2025-03-22 09:19:22,885 - [GOSS] 新的最佳分数: 0.8129, 参数: {'objective': 'regression', 'metric': 'rmse', 'random_state': 42, 'verbose': -1, 'boosting_type': 'goss', 'name': 'GOSS', 'device': 'gpu', 'gpu_platform_id': 0, 'gpu_device_id': 0, 'gpu_use_dp': False, 'num_leaves': np.int64(20), 'learning_rate': np.float64(0.01), 'feature_fraction': np.float64(0.8), 'max_depth': np.int64(7), 'n_estimators': np.int64(170), 'top_rate': np.float64(0.3), 'other_rate': np.float64(0.3)}
2025-03-22 09:19:32,481 - [GOSS] 迭代 2/10: score=0.8146, rmse=53.3957, k=0.7469, 用时=9.60秒
2025-03-22 09:19:32,483 - [GOSS] 新的最佳分数: 0.8146, 参数: {'objective': 'regression', 'metric': 'rmse', 'random_state': 42, 'verbose': -1, 'boosting_type': 'goss', 'name': 'GOSS', 'device': 'gpu', 'gpu_platform_id': 0, 'gpu_device_id': 0, 'gpu_use_dp': False, 'num_leaves': np.int64(60), 'learning_rate': np.float64(0.2), 'feature_fraction': np.float64(0.6), 'max_depth': np.int64(9), 'n_estimators': np.int64(130), 'top_rate': np.float64(0.1), 'other_rate': np.float64(0.3)}
2025-03-22 09:19:35,885 - [GOSS] 迭代 3/10: score=0.7853, rmse=61.4827, k=0.7061, 用时=3.40秒
2025-03-22 09:19:55,062 - [GOSS] 迭代 4/10: score=0.7946, rmse=59.8254, k=0.7211, 用时=19.18秒
2025-03-22 09:19:59,271 - [GOSS] 迭代 5/10: score=0.8180, rmse=48.6116, k=0.7431, 用时=4.21秒
2025-03-22 09:19:59,272 - [GOSS] 新的最佳分数: 0.8180, 参数: {'objective': 'regression', 'metric': 'rmse', 'random_state': 42, 'verbose': -1, 'boosting_type': 'goss', 'name': 'GOSS', 'device': 'gpu', 'gpu_platform_id': 0, 'gpu_device_id': 0, 'gpu_use_dp': False, 'num_leaves': np.int64(20), 'learning_rate': np.float64(0.2), 'feature_fraction': np.float64(0.6), 'max_depth': np.int64(3), 'n_estimators': np.int64(70), 'top_rate': np.float64(0.2), 'other_rate': np.float64(0.2)}
2025-03-22 09:20:06,141 - [GOSS] 迭代 6/10: score=0.8066, rmse=53.2147, k=0.7305, 用时=6.87秒
2025-03-22 09:20:17,589 - [GOSS] 迭代 7/10: score=0.8147, rmse=50.1577, k=0.7401, 用时=11.45秒
2025-03-22 09:20:46,706 - [GOSS] 迭代 8/10: score=0.8166, rmse=50.7494, k=0.7450, 用时=29.12秒
2025-03-22 09:20:56,768 - [GOSS] 迭代 9/10: score=0.8185, rmse=50.7910, k=0.7490, 用时=10.06秒
2025-03-22 09:20:56,772 - [GOSS] 新的最佳分数: 0.8185, 参数: {'objective': 'regression', 'metric': 'rmse', 'random_state': 42, 'verbose': -1, 'boosting_type': 'goss', 'name': 'GOSS', 'device': 'gpu', 'gpu_platform_id': 0, 'gpu_device_id': 0, 'gpu_use_dp': False, 'num_leaves': np.int64(40), 'learning_rate': np.float64(0.1), 'feature_fraction': np.float64(0.8), 'max_depth': np.int64(7), 'n_estimators': np.int64(70), 'top_rate': np.float64(0.3), 'other_rate': np.float64(0.3)}
2025-03-22 09:21:06,793 - [GOSS] 迭代 10/10: score=0.8118, rmse=52.8383, k=0.7402, 用时=10.02秒
2025-03-22 09:21:06,793 - 发现更好的模型类型: GOSS, 分数: 0.8185
2025-03-22 09:21:06,799 - 找到 GOSS 的最佳参数: {'objective': 'regression', 'metric': 'rmse', 'random_state': 42, 'verbose': -1, 'boosting_type': 'goss', 'name': 'GOSS', 'device': 'gpu', 'gpu_platform_id': 0, 'gpu_device_id': 0, 'gpu_use_dp': False, 'num_leaves': np.int64(40), 'learning_rate': np.float64(0.1), 'feature_fraction': np.float64(0.8), 'max_depth': np.int64(7), 'n_estimators': np.int64(70), 'top_rate': np.float64(0.3), 'other_rate': np.float64(0.3)}
2025-03-22 09:21:18,504 - 新 GOSS 参数评分: score=0.6586, rmse=65.6698, k=0.4720
2025-03-22 09:21:18,504 - GBDT 参数改进: True (新分数: 0.6519, 旧分数: 0.6513, 改进: 0.08%)
2025-03-22 09:21:18,504 - GBDT 改进是否显著: False (最小阈值: 5.0%)
2025-03-22 09:21:18,505 - DART 参数改进: False (新分数: 0.6531, 旧分数: 0.7416, 改进: -11.92%)
2025-03-22 09:21:18,505 - DART 改进是否显著: False (最小阈值: 5.0%)
2025-03-22 09:21:18,505 - GOSS 参数改进: True (新分数: 0.6586, 旧分数: 0.6442, 改进: 2.24%)
2025-03-22 09:21:18,505 - GOSS 改进是否显著: False (最小阈值: 5.0%)
2025-03-22 09:21:18,505 - 
================================================================================
2025-03-22 09:21:18,505 - >>> 更新部分算法参数 <<<
2025-03-22 09:21:18,505 - ================================================================================

2025-03-22 09:21:18,505 - 不是所有算法都有显著改进，分别检查更新
2025-03-22 09:21:18,505 - GBDT 参数没有显著改进，保持当前参数不变
2025-03-22 09:21:18,505 - DART 参数没有显著改进，保持当前参数不变
2025-03-22 09:21:18,505 - GOSS 参数没有显著改进，保持当前参数不变
2025-03-22 09:21:18,505 - 没有任何算法参数达到显著改进标准，保持当前参数不变
2025-03-22 09:21:18,505 - 参数优化完成，已创建标志文件: D:\my-vue-project\wind-power-forecast\backend\auto_scripts\scripts\short\logs\param_optimizer\20250317_param_opt_done.flag
2025-03-22 09:23:19,449 - 
================================================================================
2025-03-22 09:23:19,449 - >>> 开始参数优化 <<<
2025-03-22 09:23:19,449 - ================================================================================

2025-03-22 09:23:19,449 - 开始LightGBM参数优化流程
2025-03-22 09:23:19,449 - 检测到本周参数优化已经执行过 (标志文件: D:\my-vue-project\wind-power-forecast\backend\auto_scripts\scripts\short\logs\param_optimizer\20250317_param_opt_done.flag)
2025-03-22 09:23:19,449 - 
================================================================================
2025-03-22 09:23:19,449 - >>> 参数优化已执行 <<<
2025-03-22 09:23:19,449 - ================================================================================

2025-03-22 09:23:19,449 - 本周已经执行过参数优化，跳过此次运行
2025-03-22 09:47:19,764 - 
================================================================================
2025-03-22 09:47:19,764 - >>> 开始参数优化 <<<
2025-03-22 09:47:19,764 - ================================================================================

2025-03-22 09:47:19,764 - 开始LightGBM参数优化流程
2025-03-22 09:47:19,764 - 找到最新的数据文件: D:\my-vue-project\wind-power-forecast\backend\auto_scripts\dataset\dataset_short\20250322.csv
2025-03-22 09:47:19,764 - 加载数据: D:\my-vue-project\wind-power-forecast\backend\auto_scripts\dataset\dataset_short\20250322.csv
2025-03-22 09:47:19,832 - 数据加载完成，共 2880 条记录
2025-03-22 09:47:19,837 - 数据集划分完成，训练集: (2592, 304), 验证集: (288, 304)
2025-03-22 09:47:19,904 - 特征工程完成，训练特征: (2589, 859), 验证特征: (285, 859)
2025-03-22 09:47:19,932 - 数据标准化完成
2025-03-22 09:47:19,981 - 时间窗口创建完成，训练窗口: (2574, 16, 859), 验证窗口: (270, 16, 859)
2025-03-22 09:47:19,982 - 调整时间戳长度与验证集窗口匹配: 270
2025-03-22 09:47:19,982 - 当前参数版本: 20250321
2025-03-22 09:47:19,982 - 
================================================================================
2025-03-22 09:47:19,982 - >>> 优化 GBDT 算法参数 <<<
2025-03-22 09:47:19,982 - ================================================================================

2025-03-22 09:47:19,982 - 开始优化 GBDT 算法参数
2025-03-22 09:47:19,982 - 使用当前参数训练 GBDT 模型作为基准
2025-03-22 09:47:36,205 - 当前 GBDT 参数基准分数: score=0.8257, rmse=45.2782, k=0.7483
2025-03-22 09:47:36,205 - 开始 GBDT 的参数随机搜索
2025-03-22 09:47:36,240 - 开始为 GBDT 进行随机参数搜索 (10 次迭代)
2025-03-22 09:47:56,544 - [GBDT] 迭代 1/10: score=0.8132, rmse=53.9611, k=0.7453, 用时=20.30秒
2025-03-22 09:47:56,544 - [GBDT] 新的最佳分数: 0.8132, 参数: {'objective': 'regression', 'metric': 'rmse', 'random_state': 42, 'verbose': -1, 'boosting_type': 'gbdt', 'name': 'GBDT', 'device': 'gpu', 'gpu_platform_id': 0, 'gpu_device_id': 0, 'gpu_use_dp': False, 'num_leaves': np.int64(80), 'learning_rate': np.float64(0.05), 'feature_fraction': np.float64(0.9), 'max_depth': np.int64(8), 'n_estimators': np.int64(70)}
2025-03-22 09:48:00,875 - [GBDT] 迭代 2/10: score=0.8281, rmse=45.1373, k=0.7557, 用时=4.33秒
2025-03-22 09:48:00,876 - [GBDT] 新的最佳分数: 0.8281, 参数: {'objective': 'regression', 'metric': 'rmse', 'random_state': 42, 'verbose': -1, 'boosting_type': 'gbdt', 'name': 'GBDT', 'device': 'gpu', 'gpu_platform_id': 0, 'gpu_device_id': 0, 'gpu_use_dp': False, 'num_leaves': np.int64(20), 'learning_rate': np.float64(0.2), 'feature_fraction': np.float64(0.7), 'max_depth': np.int64(6), 'n_estimators': np.int64(50)}
2025-03-22 09:48:16,190 - [GBDT] 迭代 3/10: score=0.8227, rmse=48.9879, k=0.7535, 用时=15.31秒
2025-03-22 09:48:24,960 - [GBDT] 迭代 4/10: score=0.8087, rmse=56.3668, k=0.7416, 用时=8.77秒
2025-03-22 09:48:27,809 - [GBDT] 迭代 5/10: score=0.8114, rmse=47.8262, k=0.7283, 用时=2.85秒
2025-03-22 09:48:37,471 - [GBDT] 迭代 6/10: score=0.8144, rmse=52.6495, k=0.7449, 用时=9.66秒
2025-03-22 09:48:44,675 - [GBDT] 迭代 7/10: score=0.8294, rmse=47.1788, k=0.7629, 用时=7.20秒
2025-03-22 09:48:44,677 - [GBDT] 新的最佳分数: 0.8294, 参数: {'objective': 'regression', 'metric': 'rmse', 'random_state': 42, 'verbose': -1, 'boosting_type': 'gbdt', 'name': 'GBDT', 'device': 'gpu', 'gpu_platform_id': 0, 'gpu_device_id': 0, 'gpu_use_dp': False, 'num_leaves': np.int64(20), 'learning_rate': np.float64(0.1), 'feature_fraction': np.float64(0.9), 'max_depth': np.int64(8), 'n_estimators': np.int64(150)}
2025-03-22 09:48:53,777 - [GBDT] 迭代 8/10: score=0.7901, rmse=54.5390, k=0.7005, 用时=9.10秒
2025-03-22 09:49:13,887 - [GBDT] 迭代 9/10: score=0.7812, rmse=57.4809, k=0.6891, 用时=20.11秒
2025-03-22 09:49:21,996 - [GBDT] 迭代 10/10: score=0.7993, rmse=52.3240, k=0.7139, 用时=8.11秒
2025-03-22 09:49:21,997 - 发现更好的模型类型: GBDT, 分数: 0.8294
2025-03-22 09:49:22,002 - 找到 GBDT 的最佳参数: {'objective': 'regression', 'metric': 'rmse', 'random_state': 42, 'verbose': -1, 'boosting_type': 'gbdt', 'name': 'GBDT', 'device': 'gpu', 'gpu_platform_id': 0, 'gpu_device_id': 0, 'gpu_use_dp': False, 'num_leaves': np.int64(20), 'learning_rate': np.float64(0.1), 'feature_fraction': np.float64(0.9), 'max_depth': np.int64(8), 'n_estimators': np.int64(150)}
2025-03-22 09:49:39,444 - 新 GBDT 参数评分: score=0.8243, rmse=44.9582, k=0.7451
2025-03-22 09:49:39,444 - 
================================================================================
2025-03-22 09:49:39,444 - >>> 优化 DART 算法参数 <<<
2025-03-22 09:49:39,444 - ================================================================================

2025-03-22 09:49:39,444 - 开始优化 DART 算法参数
2025-03-22 09:49:39,444 - 使用当前参数训练 DART 模型作为基准
2025-03-22 09:49:56,110 - 当前 DART 参数基准分数: score=0.8111, rmse=60.2261, k=0.7534
2025-03-22 09:49:56,110 - 开始 DART 的参数随机搜索
2025-03-22 09:49:56,150 - 开始为 DART 进行随机参数搜索 (10 次迭代)
2025-03-22 09:50:00,931 - [DART] 迭代 1/10: score=0.5592, rmse=146.2074, k=0.4409, 用时=4.78秒
2025-03-22 09:50:00,931 - [DART] 新的最佳分数: 0.5592, 参数: {'objective': 'regression', 'metric': 'rmse', 'random_state': 42, 'verbose': -1, 'boosting_type': 'dart', 'name': 'DART', 'device': 'gpu', 'gpu_platform_id': 0, 'gpu_device_id': 0, 'gpu_use_dp': False, 'num_leaves': np.int64(40), 'learning_rate': np.float64(0.01), 'feature_fraction': np.float64(0.9), 'max_depth': np.int64(4), 'n_estimators': np.int64(50), 'drop_rate': np.float64(0.1), 'skip_drop': np.float64(0.7)}
2025-03-22 09:50:16,422 - [DART] 迭代 2/10: score=0.8116, rmse=60.6923, k=0.7570, 用时=15.49秒
2025-03-22 09:50:16,423 - [DART] 新的最佳分数: 0.8116, 参数: {'objective': 'regression', 'metric': 'rmse', 'random_state': 42, 'verbose': -1, 'boosting_type': 'dart', 'name': 'DART', 'device': 'gpu', 'gpu_platform_id': 0, 'gpu_device_id': 0, 'gpu_use_dp': False, 'num_leaves': np.int64(30), 'learning_rate': np.float64(0.1), 'feature_fraction': np.float64(0.6), 'max_depth': np.int64(5), 'n_estimators': np.int64(170), 'drop_rate': np.float64(0.3), 'skip_drop': np.float64(0.5)}
2025-03-22 09:50:32,863 - [DART] 迭代 3/10: score=0.5244, rmse=156.0335, k=0.3929, 用时=16.44秒
2025-03-22 09:50:53,614 - [DART] 迭代 4/10: score=0.6127, rmse=128.1755, k=0.5081, 用时=20.75秒
2025-03-22 09:51:00,633 - [DART] 迭代 5/10: score=0.8015, rmse=65.2800, k=0.7469, 用时=7.02秒
2025-03-22 09:51:29,433 - [DART] 迭代 6/10: score=0.7886, rmse=69.9028, k=0.7313, 用时=28.80秒
2025-03-22 09:51:44,205 - [DART] 迭代 7/10: score=0.7815, rmse=73.4521, k=0.7250, 用时=14.77秒
2025-03-22 09:51:49,598 - [DART] 迭代 8/10: score=0.8039, rmse=61.7066, k=0.7439, 用时=5.39秒
2025-03-22 09:52:02,910 - [DART] 迭代 9/10: score=0.8096, rmse=60.8697, k=0.7533, 用时=13.31秒
2025-03-22 09:52:07,700 - [DART] 迭代 10/10: score=0.6519, rmse=117.2852, k=0.5624, 用时=4.79秒
2025-03-22 09:52:07,700 - 发现更好的模型类型: DART, 分数: 0.8116
2025-03-22 09:52:07,707 - 找到 DART 的最佳参数: {'objective': 'regression', 'metric': 'rmse', 'random_state': 42, 'verbose': -1, 'boosting_type': 'dart', 'name': 'DART', 'device': 'gpu', 'gpu_platform_id': 0, 'gpu_device_id': 0, 'gpu_use_dp': False, 'num_leaves': np.int64(30), 'learning_rate': np.float64(0.1), 'feature_fraction': np.float64(0.6), 'max_depth': np.int64(5), 'n_estimators': np.int64(170), 'drop_rate': np.float64(0.3), 'skip_drop': np.float64(0.5)}
2025-03-22 09:52:23,514 - 新 DART 参数评分: score=0.8390, rmse=48.6534, k=0.7830
2025-03-22 09:52:23,514 - 
================================================================================
2025-03-22 09:52:23,514 - >>> 优化 GOSS 算法参数 <<<
2025-03-22 09:52:23,514 - ================================================================================

2025-03-22 09:52:23,514 - 开始优化 GOSS 算法参数
2025-03-22 09:52:23,514 - 使用当前参数训练 GOSS 模型作为基准
2025-03-22 09:52:36,845 - 当前 GOSS 参数基准分数: score=0.8214, rmse=45.9406, k=0.7410
2025-03-22 09:52:36,845 - 开始 GOSS 的参数随机搜索
2025-03-22 09:52:36,885 - 开始为 GOSS 进行随机参数搜索 (10 次迭代)
2025-03-22 09:52:54,749 - [GOSS] 迭代 1/10: score=0.8214, rmse=49.2958, k=0.7515, 用时=17.86秒
2025-03-22 09:52:54,749 - [GOSS] 新的最佳分数: 0.8214, 参数: {'objective': 'regression', 'metric': 'rmse', 'random_state': 42, 'verbose': -1, 'boosting_type': 'goss', 'name': 'GOSS', 'device': 'gpu', 'gpu_platform_id': 0, 'gpu_device_id': 0, 'gpu_use_dp': False, 'num_leaves': np.int64(90), 'learning_rate': np.float64(0.05), 'feature_fraction': np.float64(0.6), 'max_depth': np.int64(7), 'n_estimators': np.int64(70), 'top_rate': np.float64(0.3), 'other_rate': np.float64(0.1)}
2025-03-22 09:53:07,565 - [GOSS] 迭代 2/10: score=0.8209, rmse=48.9040, k=0.7496, 用时=12.82秒
2025-03-22 09:53:16,734 - [GOSS] 迭代 3/10: score=0.8255, rmse=48.7047, k=0.7584, 用时=9.17秒
2025-03-22 09:53:16,735 - [GOSS] 新的最佳分数: 0.8255, 参数: {'objective': 'regression', 'metric': 'rmse', 'random_state': 42, 'verbose': -1, 'boosting_type': 'goss', 'name': 'GOSS', 'device': 'gpu', 'gpu_platform_id': 0, 'gpu_device_id': 0, 'gpu_use_dp': False, 'num_leaves': np.int64(30), 'learning_rate': np.float64(0.1), 'feature_fraction': np.float64(0.9), 'max_depth': np.int64(6), 'n_estimators': np.int64(150), 'top_rate': np.float64(0.2), 'other_rate': np.float64(0.3)}
2025-03-22 09:53:36,271 - [GOSS] 迭代 4/10: score=0.8052, rmse=54.1849, k=0.7299, 用时=19.54秒
2025-03-22 09:53:44,598 - [GOSS] 迭代 5/10: score=0.8193, rmse=50.9642, k=0.7509, 用时=8.33秒
2025-03-22 09:53:47,549 - [GOSS] 迭代 6/10: score=0.8094, rmse=49.2717, k=0.7275, 用时=2.95秒
2025-03-22 09:54:06,612 - [GOSS] 迭代 7/10: score=0.8196, rmse=51.3597, k=0.7525, 用时=19.06秒
2025-03-22 09:54:15,454 - [GOSS] 迭代 8/10: score=0.8151, rmse=47.4537, k=0.7348, 用时=8.84秒
2025-03-22 09:54:27,778 - [GOSS] 迭代 9/10: score=0.8173, rmse=50.0909, k=0.7451, 用时=12.32秒
2025-03-22 09:54:38,777 - [GOSS] 迭代 10/10: score=0.8146, rmse=51.1759, k=0.7420, 用时=11.00秒
2025-03-22 09:54:38,777 - 发现更好的模型类型: GOSS, 分数: 0.8255
2025-03-22 09:54:38,783 - 找到 GOSS 的最佳参数: {'objective': 'regression', 'metric': 'rmse', 'random_state': 42, 'verbose': -1, 'boosting_type': 'goss', 'name': 'GOSS', 'device': 'gpu', 'gpu_platform_id': 0, 'gpu_device_id': 0, 'gpu_use_dp': False, 'num_leaves': np.int64(30), 'learning_rate': np.float64(0.1), 'feature_fraction': np.float64(0.9), 'max_depth': np.int64(6), 'n_estimators': np.int64(150), 'top_rate': np.float64(0.2), 'other_rate': np.float64(0.3)}
2025-03-22 09:55:15,195 - 新 GOSS 参数评分: score=0.8288, rmse=45.0657, k=0.7545
2025-03-22 09:55:15,195 - GBDT 参数改进: False (新分数: 0.8243, 旧分数: 0.8257, 改进: -0.17%)
2025-03-22 09:55:15,195 - GBDT 改进是否显著: False (最小阈值: 5.0%)
2025-03-22 09:55:15,195 - DART 参数改进: True (新分数: 0.8390, 旧分数: 0.8111, 改进: 3.43%)
2025-03-22 09:55:15,195 - DART 改进是否显著: False (最小阈值: 5.0%)
2025-03-22 09:55:15,196 - GOSS 参数改进: True (新分数: 0.8288, 旧分数: 0.8214, 改进: 0.91%)
2025-03-22 09:55:15,196 - GOSS 改进是否显著: False (最小阈值: 5.0%)
2025-03-22 09:55:15,196 - 
================================================================================
2025-03-22 09:55:15,196 - >>> 更新部分算法参数 <<<
2025-03-22 09:55:15,196 - ================================================================================

2025-03-22 09:55:15,196 - 不是所有算法都有显著改进，分别检查更新
2025-03-22 09:55:15,196 - GBDT 参数没有显著改进，保持当前参数不变
2025-03-22 09:55:15,196 - DART 参数没有显著改进，保持当前参数不变
2025-03-22 09:55:15,196 - GOSS 参数没有显著改进，保持当前参数不变
2025-03-22 09:55:15,196 - 没有任何算法参数达到显著改进标准，保持当前参数不变
2025-03-22 09:55:15,197 - 参数优化完成，已创建标志文件: D:\my-vue-project\wind-power-forecast\backend\auto_scripts\scripts\short\logs\param_optimizer\20250317_param_opt_done.flag
2025-03-22 10:08:57,270 - 
================================================================================
2025-03-22 10:08:57,270 - >>> 开始参数优化 <<<
2025-03-22 10:08:57,270 - ================================================================================

2025-03-22 10:08:57,270 - 开始LightGBM参数优化流程
2025-03-22 10:08:57,270 - 找到最新的数据文件: D:\my-vue-project\wind-power-forecast\backend\auto_scripts\dataset\dataset_short\20250322.csv
2025-03-22 10:08:57,270 - 加载数据: D:\my-vue-project\wind-power-forecast\backend\auto_scripts\dataset\dataset_short\20250322.csv
2025-03-22 10:08:57,335 - 数据加载完成，共 2880 条记录
2025-03-22 10:08:57,340 - 数据集划分完成，训练集: (2592, 304), 验证集: (288, 304)
2025-03-22 10:08:57,406 - 特征工程完成，训练特征: (2589, 859), 验证特征: (285, 859)
2025-03-22 10:08:57,434 - 数据标准化完成
2025-03-22 10:08:57,486 - 时间窗口创建完成，训练窗口: (2574, 16, 859), 验证窗口: (270, 16, 859)
2025-03-22 10:08:57,486 - 调整时间戳长度与验证集窗口匹配: 270
2025-03-22 10:08:57,486 - 当前参数版本: 20250321
2025-03-22 10:08:57,486 - 
================================================================================
2025-03-22 10:08:57,486 - >>> 优化 GBDT 算法参数 <<<
2025-03-22 10:08:57,486 - ================================================================================

2025-03-22 10:08:57,486 - 开始优化 GBDT 算法参数
2025-03-22 10:08:57,486 - 使用当前参数训练 GBDT 模型作为基准
2025-03-22 10:09:13,904 - 当前 GBDT 参数基准分数: score=0.8257, rmse=45.2782, k=0.7483
2025-03-22 10:09:13,904 - 开始 GBDT 的参数随机搜索
2025-03-22 10:09:13,946 - 开始为 GBDT 进行随机参数搜索 (10 次迭代)
2025-03-22 10:09:17,096 - [GBDT] 迭代 1/10: score=0.8101, rmse=50.7753, k=0.7321, 用时=3.15秒
2025-03-22 10:09:17,096 - [GBDT] 新的最佳分数: 0.8101, 参数: {'objective': 'regression', 'metric': 'rmse', 'random_state': 42, 'verbose': -1, 'boosting_type': 'gbdt', 'name': 'GBDT', 'device': 'gpu', 'gpu_platform_id': 0, 'gpu_device_id': 0, 'gpu_use_dp': False, 'num_leaves': np.int64(80), 'learning_rate': np.float64(0.2), 'feature_fraction': np.float64(0.6), 'max_depth': np.int64(4), 'n_estimators': np.int64(90)}
2025-03-22 10:09:32,335 - [GBDT] 迭代 2/10: score=0.7495, rmse=65.5806, k=0.6435, 用时=15.24秒
2025-03-22 10:09:53,949 - [GBDT] 迭代 3/10: score=0.7878, rmse=56.1012, k=0.6993, 用时=21.61秒
2025-03-22 10:10:07,020 - [GBDT] 迭代 4/10: score=0.8245, rmse=48.1984, k=0.7552, 用时=13.07秒
2025-03-22 10:10:07,022 - [GBDT] 新的最佳分数: 0.8245, 参数: {'objective': 'regression', 'metric': 'rmse', 'random_state': 42, 'verbose': -1, 'boosting_type': 'gbdt', 'name': 'GBDT', 'device': 'gpu', 'gpu_platform_id': 0, 'gpu_device_id': 0, 'gpu_use_dp': False, 'num_leaves': np.int64(20), 'learning_rate': np.float64(0.05), 'feature_fraction': np.float64(0.9), 'max_depth': np.int64(8), 'n_estimators': np.int64(130)}
2025-03-22 10:10:10,680 - [GBDT] 迭代 5/10: score=0.8237, rmse=48.9445, k=0.7553, 用时=3.66秒
2025-03-22 10:10:16,887 - [GBDT] 迭代 6/10: score=0.8200, rmse=49.7095, k=0.7496, 用时=6.21秒
2025-03-22 10:10:27,876 - [GBDT] 迭代 7/10: score=0.7324, rmse=68.8439, k=0.6167, 用时=10.99秒
2025-03-22 10:10:32,831 - [GBDT] 迭代 8/10: score=0.8204, rmse=48.8125, k=0.7483, 用时=4.95秒
2025-03-22 10:10:47,715 - [GBDT] 迭代 9/10: score=0.8151, rmse=50.6807, k=0.7420, 用时=14.88秒
2025-03-22 10:11:01,492 - [GBDT] 迭代 10/10: score=0.8222, rmse=50.0509, k=0.7548, 用时=13.78秒
2025-03-22 10:11:01,492 - 发现更好的模型类型: GBDT, 分数: 0.8245
2025-03-22 10:11:01,500 - 找到 GBDT 的最佳参数: {'objective': 'regression', 'metric': 'rmse', 'random_state': 42, 'verbose': -1, 'boosting_type': 'gbdt', 'name': 'GBDT', 'device': 'gpu', 'gpu_platform_id': 0, 'gpu_device_id': 0, 'gpu_use_dp': False, 'num_leaves': np.int64(20), 'learning_rate': np.float64(0.05), 'feature_fraction': np.float64(0.9), 'max_depth': np.int64(8), 'n_estimators': np.int64(130)}
2025-03-22 10:11:18,476 - 新 GBDT 参数评分: score=0.8280, rmse=44.8043, k=0.7521
2025-03-22 10:11:18,476 - 
================================================================================
2025-03-22 10:11:18,476 - >>> 优化 DART 算法参数 <<<
2025-03-22 10:11:18,476 - ================================================================================

2025-03-22 10:11:18,476 - 开始优化 DART 算法参数
2025-03-22 10:11:18,476 - 使用当前参数训练 DART 模型作为基准
2025-03-22 10:11:35,089 - 当前 DART 参数基准分数: score=0.8111, rmse=60.2261, k=0.7534
2025-03-22 10:11:35,089 - 开始 DART 的参数随机搜索
2025-03-22 10:11:35,118 - 开始为 DART 进行随机参数搜索 (10 次迭代)
2025-03-22 10:11:43,350 - [DART] 迭代 1/10: score=0.8247, rmse=54.1491, k=0.7687, 用时=8.23秒
2025-03-22 10:11:43,350 - [DART] 新的最佳分数: 0.8247, 参数: {'objective': 'regression', 'metric': 'rmse', 'random_state': 42, 'verbose': -1, 'boosting_type': 'dart', 'name': 'DART', 'device': 'gpu', 'gpu_platform_id': 0, 'gpu_device_id': 0, 'gpu_use_dp': False, 'num_leaves': np.int64(20), 'learning_rate': np.float64(0.05), 'feature_fraction': np.float64(0.6), 'max_depth': np.int64(4), 'n_estimators': np.int64(150), 'drop_rate': np.float64(0.4), 'skip_drop': np.float64(0.7)}
2025-03-22 10:11:53,460 - [DART] 迭代 2/10: score=0.7518, rmse=83.9490, k=0.6887, 用时=10.11秒
2025-03-22 10:12:02,601 - [DART] 迭代 3/10: score=0.6944, rmse=103.7131, k=0.6175, 用时=9.14秒
2025-03-22 10:12:29,059 - [DART] 迭代 4/10: score=0.5944, rmse=135.4053, k=0.4874, 用时=26.46秒
2025-03-22 10:12:56,722 - [DART] 迭代 5/10: score=0.8003, rmse=65.4041, k=0.7447, 用时=27.66秒
2025-03-22 10:13:22,557 - [DART] 迭代 6/10: score=0.8172, rmse=51.5287, k=0.7481, 用时=25.84秒
2025-03-22 10:13:29,221 - [DART] 迭代 7/10: score=0.7323, rmse=90.4848, k=0.6642, 用时=6.66秒
2025-03-22 10:14:08,357 - [DART] 迭代 8/10: score=0.6935, rmse=103.3345, k=0.6148, 用时=39.14秒
2025-03-22 10:14:16,724 - [DART] 迭代 9/10: score=0.8247, rmse=54.1355, k=0.7688, 用时=8.37秒
2025-03-22 10:14:16,727 - [DART] 新的最佳分数: 0.8247, 参数: {'objective': 'regression', 'metric': 'rmse', 'random_state': 42, 'verbose': -1, 'boosting_type': 'dart', 'name': 'DART', 'device': 'gpu', 'gpu_platform_id': 0, 'gpu_device_id': 0, 'gpu_use_dp': False, 'num_leaves': np.int64(30), 'learning_rate': np.float64(0.05), 'feature_fraction': np.float64(0.6), 'max_depth': np.int64(4), 'n_estimators': np.int64(150), 'drop_rate': np.float64(0.4), 'skip_drop': np.float64(0.7)}
2025-03-22 10:14:26,713 - [DART] 迭代 10/10: score=0.8317, rmse=47.6671, k=0.7685, 用时=9.99秒
2025-03-22 10:14:26,716 - [DART] 新的最佳分数: 0.8317, 参数: {'objective': 'regression', 'metric': 'rmse', 'random_state': 42, 'verbose': -1, 'boosting_type': 'dart', 'name': 'DART', 'device': 'gpu', 'gpu_platform_id': 0, 'gpu_device_id': 0, 'gpu_use_dp': False, 'num_leaves': np.int64(70), 'learning_rate': np.float64(0.2), 'feature_fraction': np.float64(0.6), 'max_depth': np.int64(5), 'n_estimators': np.int64(110), 'drop_rate': np.float64(0.3), 'skip_drop': np.float64(0.7)}
2025-03-22 10:14:26,716 - 发现更好的模型类型: DART, 分数: 0.8317
2025-03-22 10:14:26,723 - 找到 DART 的最佳参数: {'objective': 'regression', 'metric': 'rmse', 'random_state': 42, 'verbose': -1, 'boosting_type': 'dart', 'name': 'DART', 'device': 'gpu', 'gpu_platform_id': 0, 'gpu_device_id': 0, 'gpu_use_dp': False, 'num_leaves': np.int64(70), 'learning_rate': np.float64(0.2), 'feature_fraction': np.float64(0.6), 'max_depth': np.int64(5), 'n_estimators': np.int64(110), 'drop_rate': np.float64(0.3), 'skip_drop': np.float64(0.7)}
2025-03-22 10:14:37,190 - 新 DART 参数评分: score=0.8250, rmse=46.6484, k=0.7496
2025-03-22 10:14:37,191 - 
================================================================================
2025-03-22 10:14:37,191 - >>> 优化 GOSS 算法参数 <<<
2025-03-22 10:14:37,191 - ================================================================================

2025-03-22 10:14:37,191 - 开始优化 GOSS 算法参数
2025-03-22 10:14:37,191 - 使用当前参数训练 GOSS 模型作为基准
2025-03-22 10:14:50,440 - 当前 GOSS 参数基准分数: score=0.8214, rmse=45.9406, k=0.7410
2025-03-22 10:14:50,440 - 开始 GOSS 的参数随机搜索
2025-03-22 10:14:50,470 - 开始为 GOSS 进行随机参数搜索 (10 次迭代)
2025-03-22 10:14:56,223 - [GOSS] 迭代 1/10: score=0.8122, rmse=49.1669, k=0.7328, 用时=5.75秒
2025-03-22 10:14:56,223 - [GOSS] 新的最佳分数: 0.8122, 参数: {'objective': 'regression', 'metric': 'rmse', 'random_state': 42, 'verbose': -1, 'boosting_type': 'goss', 'name': 'GOSS', 'device': 'gpu', 'gpu_platform_id': 0, 'gpu_device_id': 0, 'gpu_use_dp': False, 'num_leaves': np.int64(40), 'learning_rate': np.float64(0.1), 'feature_fraction': np.float64(0.6), 'max_depth': np.int64(3), 'n_estimators': np.int64(110), 'top_rate': np.float64(0.3), 'other_rate': np.float64(0.1)}
2025-03-22 10:15:03,422 - [GOSS] 迭代 2/10: score=0.8270, rmse=48.8308, k=0.7616, 用时=7.20秒
2025-03-22 10:15:03,425 - [GOSS] 新的最佳分数: 0.8270, 参数: {'objective': 'regression', 'metric': 'rmse', 'random_state': 42, 'verbose': -1, 'boosting_type': 'goss', 'name': 'GOSS', 'device': 'gpu', 'gpu_platform_id': 0, 'gpu_device_id': 0, 'gpu_use_dp': False, 'num_leaves': np.int64(20), 'learning_rate': np.float64(0.2), 'feature_fraction': np.float64(0.8), 'max_depth': np.int64(7), 'n_estimators': np.int64(130), 'top_rate': np.float64(0.2), 'other_rate': np.float64(0.3)}
2025-03-22 10:15:10,138 - [GOSS] 迭代 3/10: score=0.8175, rmse=47.3287, k=0.7393, 用时=6.71秒
2025-03-22 10:15:17,862 - [GOSS] 迭代 4/10: score=0.8304, rmse=47.1783, k=0.7647, 用时=7.72秒
2025-03-22 10:15:17,863 - [GOSS] 新的最佳分数: 0.8304, 参数: {'objective': 'regression', 'metric': 'rmse', 'random_state': 42, 'verbose': -1, 'boosting_type': 'goss', 'name': 'GOSS', 'device': 'gpu', 'gpu_platform_id': 0, 'gpu_device_id': 0, 'gpu_use_dp': False, 'num_leaves': np.int64(70), 'learning_rate': np.float64(0.05), 'feature_fraction': np.float64(0.6), 'max_depth': np.int64(5), 'n_estimators': np.int64(90), 'top_rate': np.float64(0.3), 'other_rate': np.float64(0.3)}
2025-03-22 10:15:34,646 - [GOSS] 迭代 5/10: score=0.7314, rmse=68.9570, k=0.6148, 用时=16.78秒
2025-03-22 10:15:42,129 - [GOSS] 迭代 6/10: score=0.8144, rmse=53.4154, k=0.7466, 用时=7.48秒
2025-03-22 10:15:58,686 - [GOSS] 迭代 7/10: score=0.8227, rmse=50.2897, k=0.7563, 用时=16.56秒
2025-03-22 10:16:07,259 - [GOSS] 迭代 8/10: score=0.8162, rmse=52.9764, k=0.7491, 用时=8.57秒
2025-03-22 10:16:18,103 - [GOSS] 迭代 9/10: score=0.8172, rmse=48.2358, k=0.7409, 用时=10.84秒
2025-03-22 10:16:40,478 - [GOSS] 迭代 10/10: score=0.7981, rmse=53.0985, k=0.7133, 用时=22.38秒
2025-03-22 10:16:40,478 - 发现更好的模型类型: GOSS, 分数: 0.8304
2025-03-22 10:16:40,485 - 找到 GOSS 的最佳参数: {'objective': 'regression', 'metric': 'rmse', 'random_state': 42, 'verbose': -1, 'boosting_type': 'goss', 'name': 'GOSS', 'device': 'gpu', 'gpu_platform_id': 0, 'gpu_device_id': 0, 'gpu_use_dp': False, 'num_leaves': np.int64(70), 'learning_rate': np.float64(0.05), 'feature_fraction': np.float64(0.6), 'max_depth': np.int64(5), 'n_estimators': np.int64(90), 'top_rate': np.float64(0.3), 'other_rate': np.float64(0.3)}
2025-03-22 10:16:49,000 - 新 GOSS 参数评分: score=0.8272, rmse=45.0460, k=0.7508
2025-03-22 10:16:49,000 - GBDT 参数改进: True (新分数: 0.8280, 旧分数: 0.8257, 改进: 0.28%)
2025-03-22 10:16:49,001 - GBDT 改进是否显著: False (最小阈值: 5.0%)
2025-03-22 10:16:49,001 - DART 参数改进: True (新分数: 0.8250, 旧分数: 0.8111, 改进: 1.71%)
2025-03-22 10:16:49,001 - DART 改进是否显著: False (最小阈值: 5.0%)
2025-03-22 10:16:49,001 - GOSS 参数改进: True (新分数: 0.8272, 旧分数: 0.8214, 改进: 0.71%)
2025-03-22 10:16:49,001 - GOSS 改进是否显著: False (最小阈值: 5.0%)
2025-03-22 10:16:49,001 - 
================================================================================
2025-03-22 10:16:49,001 - >>> 更新部分算法参数 <<<
2025-03-22 10:16:49,001 - ================================================================================

2025-03-22 10:16:49,001 - 不是所有算法都有显著改进，分别检查更新
2025-03-22 10:16:49,001 - GBDT 参数没有显著改进，保持当前参数不变
2025-03-22 10:16:49,001 - DART 参数没有显著改进，保持当前参数不变
2025-03-22 10:16:49,001 - GOSS 参数没有显著改进，保持当前参数不变
2025-03-22 10:16:49,001 - 没有任何算法参数达到显著改进标准，保持当前参数不变
2025-03-22 10:16:49,002 - 参数优化完成，已创建标志文件: D:\my-vue-project\wind-power-forecast\backend\auto_scripts\scripts\short\logs\param_optimizer\20250317_param_opt_done.flag
