2025-02-06 17:30:16,444 - 定时任务启动成功，每天 1:00 运行 auto_pre_train.py
2025-02-06 17:30:16,444 - 检测到 1:00 未执行，立即补救运行 auto_pre_train.py
2025-02-06 17:30:16,444 - 执行 auto_pre_train.py
2025-02-06 17:38:57,128 - 定时任务启动成功，每天 1:00 运行 auto_pre_train.py
2025-02-06 17:38:57,128 - 检测到 1:00 未执行，立即补救运行 auto_pre_train.py
2025-02-06 17:38:57,128 - 执行 auto_pre_train.py
2025-02-06 17:39:28,980 - 定时任务启动成功，每天 1:00 运行 auto_pre_train.py
2025-02-06 17:39:28,980 - 检测到 1:00 未执行，立即补救运行 auto_pre_train.py
2025-02-06 17:39:28,980 - 执行 auto_pre_train.py
2025-02-06 17:40:55,887 - auto_pre_train.py 执行失败，退出码: -1073741510
2025-02-06 17:41:25,900 - 检测到 1:00 未执行，立即补救运行 auto_pre_train.py
2025-02-06 17:41:25,900 - 执行 auto_pre_train.py
2025-02-06 17:52:01,051 - 定时任务启动成功，每天 1:00 运行 auto_pre_train.py
2025-02-06 17:52:01,052 - 检测到 1:00 未执行，立即补救运行 auto_pre_train.py
2025-02-06 17:52:01,052 - 执行 auto_pre_train.py
2025-02-06 17:52:34,477 - 定时任务启动成功，每天 1:00 运行 auto_pre_train.py
2025-02-06 17:52:34,477 - 检测到 1:00 未执行，立即补救运行 auto_pre_train.py
2025-02-06 17:52:34,477 - 执行 auto_pre_train.py
2025-02-06 17:56:21,352 - 定时任务启动成功，每天 1:00 运行 auto_pre_train.py
2025-02-06 17:56:21,353 - 检测到 1:00 未执行，立即补救运行 auto_pre_train.py
2025-02-06 17:56:21,353 - 执行 auto_pre_train.py
2025-02-06 17:57:13,718 - auto_pre_train.py 执行失败，退出码: -1073741510
2025-02-06 17:57:43,724 - 检测到 1:00 未执行，立即补救运行 auto_pre_train.py
2025-02-06 17:57:43,724 - 执行 auto_pre_train.py
2025-02-06 18:00:53,132 - 定时任务启动成功，每天 1:00 运行 auto_pre_train.py
2025-02-06 18:00:53,132 - 检测到 1:00 未执行，立即补救运行 auto_pre_train.py
2025-02-06 18:00:53,132 - 执行 auto_pre_train.py
2025-02-06 18:00:55,809 - 定时任务启动成功，每天 1:00 运行 auto_pre_train.py
2025-02-06 18:00:55,810 - 检测到 1:00 未执行，立即补救运行 auto_pre_train.py
2025-02-06 18:00:55,811 - 执行 auto_pre_train.py
2025-02-07 11:07:28,506 - 定时任务启动成功，每天 1:00 运行 auto_pre_train.py
2025-02-07 11:07:28,507 - 检测到 1:00 未执行，立即补救运行 auto_pre_train.py
2025-02-07 11:07:28,507 - 执行 auto_pre_train.py
2025-02-07 11:12:32,073 - auto_pre_train.py 执行失败，退出码: -1073741510
2025-02-07 11:13:02,084 - 检测到 1:00 未执行，立即补救运行 auto_pre_train.py
2025-02-07 11:13:02,084 - 执行 auto_pre_train.py
2025-02-07 11:13:59,566 - 定时任务启动成功，每天 1:00 运行 auto_pre_train.py
2025-02-07 11:13:59,567 - 检测到 1:00 未执行，立即补救运行 auto_pre_train.py
2025-02-07 11:13:59,567 - 执行 auto_pre_train.py
2025-02-07 11:14:09,289 - 定时任务启动成功，每天 1:00 运行 auto_pre_train.py
2025-02-07 11:14:09,289 - 检测到 1:00 未执行，立即补救运行 auto_pre_train.py
2025-02-07 11:14:09,289 - 执行 auto_pre_train.py
2025-02-07 11:14:16,317 - 定时任务启动成功，每天 00:01 运行 auto_pre_train.py
2025-02-07 11:14:16,317 - 检测到 00:01 未执行，立即补救运行 auto_pre_train.py
2025-02-07 11:14:16,317 - 执行 auto_pre_train.py
2025-02-07 11:17:18,608 - auto_pre_train.py 执行失败，退出码: -1073741510
2025-02-07 11:17:18,609 - auto_pre_train.py 执行失败，退出码: -1073741510
2025-02-07 11:17:48,621 - 检测到 1:00 未执行，立即补救运行 auto_pre_train.py
2025-02-07 11:17:48,621 - 检测到 00:01 未执行，立即补救运行 auto_pre_train.py
2025-02-07 11:17:48,621 - 执行 auto_pre_train.py
2025-02-07 11:19:11,632 - 定时任务启动成功，每天 1:00 运行 auto_pre_train.py
2025-02-07 11:19:11,632 - 检测到 1:00 未执行，立即补救运行 auto_pre_train.py
2025-02-07 11:19:11,632 - 执行 auto_pre_train.py
2025-02-07 11:19:39,551 - 定时任务启动成功，每天 1:00 运行 auto_pre_train.py
2025-02-07 11:19:39,552 - 检测到 1:00 未执行，立即补救运行 auto_pre_train.py
2025-02-07 11:19:39,552 - 执行 auto_pre_train.py
2025-02-07 11:19:44,086 - 定时任务启动成功，每天 1:00 运行 auto_pre_train.py
2025-02-07 11:19:44,086 - 检测到 1:00 未执行，立即补救运行 auto_pre_train.py
2025-02-07 11:19:44,086 - 执行 auto_pre_train.py
2025-02-07 11:19:46,789 - 定时任务启动成功，每天 00:01 运行 auto_pre_train.py
2025-02-07 11:19:46,790 - 检测到 00:01 未执行，立即补救运行 auto_pre_train.py
2025-02-07 11:19:46,790 - 执行 auto_pre_train.py
2025-02-07 11:20:23,726 - auto_pre_train.py 执行失败，退出码: 1073807364
2025-02-07 11:20:23,727 - auto_pre_train.py 执行失败，退出码: 1073807364
2025-02-07 11:20:23,728 - auto_pre_train.py 执行失败，退出码: 1073807364
2025-02-07 11:51:52,108 - 定时任务启动成功，每天 1:00 运行 auto_pre_train.py
2025-02-07 11:51:52,109 - 检测到 1:00 未执行，立即补救运行 auto_pre_train.py
2025-02-07 11:51:52,109 - 执行 auto_pre_train.py
2025-02-07 12:19:47,034 - auto_pre_train.py 执行失败，退出码: -1073741510
2025-02-07 12:20:17,048 - 检测到 1:00 未执行，立即补救运行 auto_pre_train.py
2025-02-07 12:20:17,048 - 执行 auto_pre_train.py
2025-02-07 12:41:19,611 - 定时任务启动成功，每天 1:00 运行 auto_pre_train.py
2025-02-07 12:41:19,611 - 检测到 1:00 未执行，立即补救运行 auto_pre_train.py
2025-02-07 12:41:19,611 - 执行 auto_pre_train.py
2025-02-07 12:41:50,608 - auto_pre_train.py 执行失败，退出码: -1073741510
2025-02-07 12:41:50,615 - auto_pre_train.py 执行失败，退出码: -1073741510
2025-02-07 12:48:16,155 - 定时任务启动成功，每天 1:00 运行 auto_pre_train.py
2025-02-07 12:48:16,155 - 检测到 1:00 未执行，立即补救运行 auto_pre_train.py
2025-02-07 12:48:16,155 - 执行 auto_pre_train.py
2025-02-07 12:48:16,169 - 定时任务启动成功，每天 1:00 运行 auto_pre_train.py
2025-02-07 12:48:16,170 - 检测到 1:00 未执行，立即补救运行 auto_pre_train.py
2025-02-07 12:48:16,170 - 执行 auto_pre_train.py
2025-02-07 12:52:17,262 - 定时任务启动成功，每天 1:00 运行 auto_pre_train.py
2025-02-07 12:52:17,271 - 检测到 1:00 未执行，立即补救运行 auto_pre_train.py
2025-02-07 12:52:17,271 - 执行 auto_pre_train.py
2025-02-07 12:52:17,282 - 定时任务启动成功，每天 1:00 运行 auto_pre_train.py
2025-02-07 12:52:17,282 - 检测到 1:00 未执行，立即补救运行 auto_pre_train.py
2025-02-07 12:52:17,282 - 执行 auto_pre_train.py
2025-02-07 12:52:48,671 - 定时任务启动成功，每天 00:01 运行 auto_pre_train.py
2025-02-07 12:52:48,671 - 检测到 00:01 未执行，立即补救运行 auto_pre_train.py
2025-02-07 12:52:48,671 - 执行 auto_pre_train.py
2025-02-07 12:53:42,719 - 定时任务启动成功，每天 00:01 运行 auto_pre_train.py
2025-02-07 12:53:42,727 - 检测到 00:01 未执行，立即补救运行 auto_pre_train.py
2025-02-07 12:53:42,727 - 执行 auto_pre_train.py
2025-02-07 12:56:21,513 - 定时任务启动成功，每天 1:00 运行 auto_pre_train.py
2025-02-07 12:56:21,513 - 检测到 1:00 未执行，立即补救运行 auto_pre_train.py
2025-02-07 12:56:21,513 - 执行 auto_pre_train.py
2025-02-07 12:56:23,119 - 定时任务启动成功，每天 1:00 运行 auto_pre_train.py
2025-02-07 12:56:23,120 - 检测到 1:00 未执行，立即补救运行 auto_pre_train.py
2025-02-07 12:56:23,120 - 执行 auto_pre_train.py
2025-02-07 13:05:13,842 - auto_pre_train.py 执行失败，退出码: -1073741510
2025-02-07 13:05:13,845 - auto_pre_train.py 执行失败，退出码: -1073741510
2025-02-07 13:07:30,558 - 定时任务启动成功，每天 1:00 运行 auto_pre_train.py
2025-02-07 13:07:30,567 - 检测到 1:00 未执行，立即补救运行 auto_pre_train.py
2025-02-07 13:07:30,567 - 执行 auto_pre_train.py
2025-02-07 13:07:30,571 - 定时任务启动成功，每天 1:00 运行 auto_pre_train.py
2025-02-07 13:07:30,572 - 检测到 1:00 未执行，立即补救运行 auto_pre_train.py
2025-02-07 13:07:30,572 - 执行 auto_pre_train.py
2025-02-07 13:07:30,593 - 定时任务启动成功，每天 00:01 运行 auto_pre_train.py
2025-02-07 13:07:30,594 - 检测到 00:01 未执行，立即补救运行 auto_pre_train.py
2025-02-07 13:07:30,594 - 执行 auto_pre_train.py
2025-02-07 13:13:58,559 - 定时任务启动成功，每天 1:00 运行 auto_pre_train.py
2025-02-07 13:13:58,562 - 检测到 1:00 未执行，立即补救运行 auto_pre_train.py
2025-02-07 13:13:58,562 - 执行 auto_pre_train.py
2025-02-07 13:13:58,575 - 定时任务启动成功，每天 1:00 运行 auto_pre_train.py
2025-02-07 13:13:58,576 - 检测到 1:00 未执行，立即补救运行 auto_pre_train.py
2025-02-07 13:13:58,576 - 执行 auto_pre_train.py
2025-02-07 13:13:58,588 - 定时任务启动成功，每天 00:01 运行 auto_pre_train.py
2025-02-07 13:13:58,589 - 检测到 00:01 未执行，立即补救运行 auto_pre_train.py
2025-02-07 13:13:58,589 - 执行 auto_pre_train.py
2025-02-07 13:27:12,222 - 定时任务启动成功，每天 00:01 运行 auto_pre_train.py
2025-02-07 13:27:12,223 - 检测到 00:01 未执行，立即补救运行 auto_pre_train.py
2025-02-07 13:27:12,223 - 执行 auto_pre_train.py
2025-02-07 13:27:34,821 - 定时任务启动成功，每天 1:00 运行 auto_pre_train.py
2025-02-07 13:27:34,822 - 检测到 1:00 未执行，立即补救运行 auto_pre_train.py
2025-02-07 13:27:34,822 - 执行 auto_pre_train.py
2025-02-07 13:27:34,843 - 定时任务启动成功，每天 1:00 运行 auto_pre_train.py
2025-02-07 13:27:34,844 - 检测到 1:00 未执行，立即补救运行 auto_pre_train.py
2025-02-07 13:27:34,844 - 执行 auto_pre_train.py
2025-02-07 13:31:27,060 - 定时任务启动成功，每天 00:01 运行 auto_pre_train.py
2025-02-07 13:31:27,060 - 检测到 00:01 未执行，立即补救运行 auto_pre_train.py
2025-02-07 13:31:27,060 - 执行 auto_pre_train.py
2025-02-07 16:26:45,333 - 定时任务启动成功，每天 00:01 运行 auto_pre_train.py
2025-02-07 16:26:45,334 - 检测到 00:01 未执行，立即补救运行 auto_pre_train.py
2025-02-07 16:26:45,334 - 执行 auto_pre_train.py
2025-02-07 16:27:54,902 - 定时任务启动成功，每天 1:00 运行 auto_pre_train.py
2025-02-07 16:27:54,902 - 检测到 1:00 未执行，立即补救运行 auto_pre_train.py
2025-02-07 16:27:54,902 - 执行 auto_pre_train.py
2025-02-07 16:28:24,712 - 定时任务启动成功，每天 1:00 运行 auto_pre_train.py
2025-02-07 16:28:24,720 - 检测到 1:00 未执行，立即补救运行 auto_pre_train.py
2025-02-07 16:28:24,720 - 执行 auto_pre_train.py
2025-02-07 16:28:24,726 - 定时任务启动成功，每天 1:00 运行 auto_pre_train.py
2025-02-07 16:28:24,727 - 检测到 1:00 未执行，立即补救运行 auto_pre_train.py
2025-02-07 16:28:24,727 - 执行 auto_pre_train.py
2025-02-07 16:28:24,751 - 定时任务启动成功，每天 00:01 运行 auto_pre_train.py
2025-02-07 16:28:24,752 - 检测到 00:01 未执行，立即补救运行 auto_pre_train.py
2025-02-07 16:28:24,752 - 执行 auto_pre_train.py
2025-02-07 16:41:46,373 - 定时任务启动成功，每天 00:01 运行 auto_pre_train.py
2025-02-07 16:41:46,382 - 检测到 00:01 未执行，立即补救运行 auto_pre_train.py
2025-02-07 16:41:46,382 - 执行 auto_pre_train.py
2025-02-07 22:56:36,158 - 定时任务启动成功，每天 00:01 运行 auto_pre_train.py
2025-02-07 22:56:36,158 - 检测到 00:01 未执行，立即补救运行 auto_pre_train.py
2025-02-07 22:56:36,158 - 执行 auto_pre_train.py
2025-02-07 22:56:43,858 - 定时任务启动成功，每天 1:00 运行 auto_pre_train.py
2025-02-07 22:56:43,858 - 检测到 1:00 未执行，立即补救运行 auto_pre_train.py
2025-02-07 22:56:43,858 - 执行 auto_pre_train.py
2025-02-07 22:56:51,386 - 定时任务启动成功，每天 1:00 运行 auto_pre_train.py
2025-02-07 22:56:51,387 - 检测到 1:00 未执行，立即补救运行 auto_pre_train.py
2025-02-07 22:56:51,387 - 执行 auto_pre_train.py
2025-02-07 22:57:39,201 - 定时任务启动成功，每天 1:00 运行 auto_pre_train.py
2025-02-07 22:57:39,201 - 检测到 1:00 未执行，立即补救运行 auto_pre_train.py
2025-02-07 22:57:39,202 - 执行 auto_pre_train.py
2025-02-07 22:58:25,735 - 定时任务启动成功，每天 1:00 运行 auto_pre_train.py
2025-02-07 22:58:25,736 - 检测到 1:00 未执行，立即补救运行 auto_pre_train.py
2025-02-07 22:58:25,737 - 执行 auto_pre_train.py
2025-02-07 22:58:25,766 - 定时任务启动成功，每天 1:00 运行 auto_pre_train.py
2025-02-07 22:58:25,766 - 检测到 1:00 未执行，立即补救运行 auto_pre_train.py
2025-02-07 22:58:25,767 - 执行 auto_pre_train.py
2025-02-07 22:58:25,800 - 定时任务启动成功，每天 00:01 运行 auto_pre_train.py
2025-02-07 22:58:25,801 - 检测到 00:01 未执行，立即补救运行 auto_pre_train.py
2025-02-07 22:58:25,801 - 执行 auto_pre_train.py
2025-02-07 23:00:40,652 - 定时任务启动成功，每天 00:01 运行 auto_pre_train.py
2025-02-07 23:00:40,653 - 检测到 00:01 未执行，立即补救运行 auto_pre_train.py
2025-02-07 23:00:40,653 - 执行 auto_pre_train.py
2025-02-07 23:00:45,892 - 定时任务启动成功，每天 1:00 运行 auto_pre_train.py
2025-02-07 23:00:45,893 - 检测到 1:00 未执行，立即补救运行 auto_pre_train.py
2025-02-07 23:00:45,893 - 执行 auto_pre_train.py
2025-02-07 23:00:51,659 - 定时任务启动成功，每天 1:00 运行 auto_pre_train.py
2025-02-07 23:00:51,659 - 检测到 1:00 未执行，立即补救运行 auto_pre_train.py
2025-02-07 23:00:51,659 - 执行 auto_pre_train.py
2025-02-07 23:02:25,654 - 定时任务启动成功，每天 00:01 运行 auto_pre_train.py
2025-02-07 23:02:25,654 - 检测到 00:01 未执行，立即补救运行 auto_pre_train.py
2025-02-07 23:02:25,655 - 执行 auto_pre_train.py
2025-02-07 23:02:59,923 - 定时任务启动成功，每天 00:01 运行 auto_pre_train.py
2025-02-07 23:02:59,924 - 检测到 00:01 未执行，立即补救运行 auto_pre_train.py
2025-02-07 23:02:59,924 - 执行 auto_pre_train.py
2025-02-07 23:02:59,961 - 定时任务启动成功，每天 1:00 运行 auto_pre_train.py
2025-02-07 23:02:59,961 - 检测到 1:00 未执行，立即补救运行 auto_pre_train.py
2025-02-07 23:02:59,961 - 执行 auto_pre_train.py
2025-02-07 23:03:00,025 - 定时任务启动成功，每天 1:00 运行 auto_pre_train.py
2025-02-07 23:03:00,025 - 检测到 1:00 未执行，立即补救运行 auto_pre_train.py
2025-02-07 23:03:00,025 - 执行 auto_pre_train.py
2025-02-07 23:03:51,892 - 定时任务启动成功，每天 1:00 运行 auto_pre_train.py
2025-02-07 23:03:51,892 - 检测到 1:00 未执行，立即补救运行 auto_pre_train.py
2025-02-07 23:03:51,892 - 执行 auto_pre_train.py
2025-02-07 23:12:41,232 - 定时任务启动成功，每天 1:00 运行 auto_pre_train.py
2025-02-07 23:12:41,233 - 检测到 1:00 未执行，立即补救运行 auto_pre_train.py
2025-02-07 23:12:41,233 - 执行 auto_pre_train.py
2025-02-07 23:19:21,945 - auto_pre_train.py 执行失败，退出码: -1073741510
2025-02-07 23:19:51,950 - 检测到 1:00 未执行，立即补救运行 auto_pre_train.py
2025-02-07 23:19:51,950 - 执行 auto_pre_train.py
2025-02-07 23:24:29,608 - 定时任务启动成功，每天 1:00 运行 auto_pre_train.py
2025-02-07 23:24:29,617 - 检测到 1:00 未执行，立即补救运行 auto_pre_train.py
2025-02-07 23:24:29,617 - 执行 auto_pre_train.py
2025-02-07 23:29:32,826 - 定时任务启动成功，每天 00:01 运行 auto_pre_train.py
2025-02-07 23:29:32,827 - 检测到 00:01 未执行，立即补救运行 auto_pre_train.py
2025-02-07 23:29:32,827 - 执行 auto_pre_train.py
2025-02-07 23:29:35,994 - 定时任务启动成功，每天 1:00 运行 auto_pre_train.py
2025-02-07 23:29:35,994 - 检测到 1:00 未执行，立即补救运行 auto_pre_train.py
2025-02-07 23:29:35,994 - 执行 auto_pre_train.py
2025-02-07 23:29:36,033 - 定时任务启动成功，每天 1:00 运行 auto_pre_train.py
2025-02-07 23:29:36,033 - 检测到 1:00 未执行，立即补救运行 auto_pre_train.py
2025-02-07 23:29:36,033 - 执行 auto_pre_train.py
2025-02-07 23:30:00,402 - 定时任务启动成功，每天 00:01 运行 auto_pre_train.py
2025-02-07 23:30:00,411 - 检测到 00:01 未执行，立即补救运行 auto_pre_train.py
2025-02-07 23:30:00,411 - 执行 auto_pre_train.py
2025-02-07 23:30:01,845 - 定时任务启动成功，每天 1:00 运行 auto_pre_train.py
2025-02-07 23:30:01,845 - 检测到 1:00 未执行，立即补救运行 auto_pre_train.py
2025-02-07 23:30:01,845 - 执行 auto_pre_train.py
2025-02-07 23:30:03,470 - 定时任务启动成功，每天 1:00 运行 auto_pre_train.py
2025-02-07 23:30:03,471 - 检测到 1:00 未执行，立即补救运行 auto_pre_train.py
2025-02-07 23:30:03,471 - 执行 auto_pre_train.py
2025-02-07 23:30:43,328 - 定时任务启动成功，每天 00:01 运行 auto_pre_train.py
2025-02-07 23:30:43,337 - 检测到 00:01 未执行，立即补救运行 auto_pre_train.py
2025-02-07 23:30:43,337 - 执行 auto_pre_train.py
2025-02-07 23:30:43,345 - 定时任务启动成功，每天 1:00 运行 auto_pre_train.py
2025-02-07 23:30:43,345 - 检测到 1:00 未执行，立即补救运行 auto_pre_train.py
2025-02-07 23:30:43,345 - 执行 auto_pre_train.py
2025-02-07 23:30:43,364 - 定时任务启动成功，每天 1:00 运行 auto_pre_train.py
2025-02-07 23:30:43,365 - 检测到 1:00 未执行，立即补救运行 auto_pre_train.py
2025-02-07 23:30:43,365 - 执行 auto_pre_train.py
2025-02-08 10:44:22,125 - 定时任务启动成功，每天 00:01 运行 auto_pre_train.py
2025-02-08 10:44:22,126 - 检测到 00:01 未执行，立即补救运行 auto_pre_train.py
2025-02-08 10:44:22,126 - 执行 auto_pre_train.py
2025-02-08 10:44:22,148 - 定时任务启动成功，每天 1:00 运行 auto_pre_train.py
2025-02-08 10:44:22,148 - 检测到 1:00 未执行，立即补救运行 auto_pre_train.py
2025-02-08 10:44:22,148 - 执行 auto_pre_train.py
2025-02-08 10:44:22,176 - 定时任务启动成功，每天 1:00 运行 auto_pre_train.py
2025-02-08 10:44:22,176 - 检测到 1:00 未执行，立即补救运行 auto_pre_train.py
2025-02-08 10:44:22,176 - 执行 auto_pre_train.py
2025-02-08 23:44:00,118 - 定时任务启动成功，每天 00:01 运行 auto_pre_train.py
2025-02-08 23:44:00,119 - 检测到 00:01 未执行，立即补救运行 auto_pre_train.py
2025-02-08 23:44:00,119 - 执行 auto_pre_train.py
2025-02-09 12:58:22,369 - 定时任务启动成功，每天 00:01 运行 auto_pre_train.py
2025-02-09 12:58:22,370 - 检测到 00:01 未执行，立即补救运行 auto_pre_train.py
2025-02-09 12:58:22,370 - 执行 auto_pre_train.py
2025-02-09 12:58:22,377 - 定时任务启动成功，每天 1:00 运行 auto_pre_train.py
2025-02-09 12:58:22,377 - 检测到 1:00 未执行，立即补救运行 auto_pre_train.py
2025-02-09 12:58:22,377 - 执行 auto_pre_train.py
2025-02-09 12:58:22,403 - 定时任务启动成功，每天 1:00 运行 auto_pre_train.py
2025-02-09 12:58:22,403 - 检测到 1:00 未执行，立即补救运行 auto_pre_train.py
2025-02-09 12:58:22,403 - 执行 auto_pre_train.py
2025-02-09 13:54:24,749 - 定时任务启动成功，每天 00:01 运行 auto_pre_train.py
2025-02-09 13:54:24,749 - 检测到 00:01 未执行，立即补救运行 auto_pre_train.py
2025-02-09 13:54:24,749 - 执行 auto_pre_train.py
2025-02-09 18:06:05,241 - 定时任务启动成功，每天 00:01 运行 auto_pre_train.py
2025-02-09 18:06:05,241 - 检测到 00:01 未执行，立即补救运行 auto_pre_train.py
2025-02-09 18:06:05,241 - 执行 auto_pre_train.py
2025-02-09 22:29:05,063 - 定时任务启动成功，每天 00:01 运行 auto_pre_train.py
2025-02-09 22:29:05,063 - 检测到 00:01 未执行，立即补救运行 auto_pre_train.py
2025-02-09 22:29:05,063 - 执行 auto_pre_train.py
2025-02-09 22:31:42,812 - 定时任务启动成功，每天 00:01 运行 auto_pre_train.py
2025-02-09 22:31:42,813 - 检测到 00:01 未执行，立即补救运行 auto_pre_train.py
2025-02-09 22:31:42,813 - 执行 auto_pre_train.py
2025-02-09 22:33:39,258 - 定时任务启动成功，每天 00:01 运行 auto_pre_train.py
2025-02-09 22:33:39,261 - 检测到 00:01 未执行，立即补救运行 auto_pre_train.py
2025-02-09 22:33:39,261 - 执行 auto_pre_train.py
2025-02-09 22:40:13,300 - 定时任务启动成功，每天 00:01 运行 auto_pre_train.py
2025-02-09 22:40:13,301 - 检测到 00:01 未执行，立即补救运行 auto_pre_train.py
2025-02-09 22:40:13,301 - 执行 auto_pre_train.py
2025-02-09 22:40:19,172 - 定时任务启动成功，每天 1:00 运行 auto_pre_train.py
2025-02-09 22:40:19,172 - 检测到 1:00 未执行，立即补救运行 auto_pre_train.py
2025-02-09 22:40:19,172 - 执行 auto_pre_train.py
2025-02-09 22:53:05,851 - 定时任务启动成功，每天 00:01 运行 auto_pre_train.py
2025-02-09 22:53:05,851 - 检测到 00:01 未执行，立即补救运行 auto_pre_train.py
2025-02-09 22:53:05,851 - 执行 auto_pre_train.py
2025-02-09 22:53:29,554 - 定时任务启动成功，每天 00:01 运行 auto_pre_train.py
2025-02-09 22:53:29,555 - 检测到 00:01 未执行，立即补救运行 auto_pre_train.py
2025-02-09 22:53:29,555 - 执行 auto_pre_train.py
2025-02-09 22:53:29,566 - 定时任务启动成功，每天 1:00 运行 auto_pre_train.py
2025-02-09 22:53:29,566 - 检测到 1:00 未执行，立即补救运行 auto_pre_train.py
2025-02-09 22:53:29,567 - 执行 auto_pre_train.py
2025-02-10 11:00:18,583 - 定时任务启动成功，每天 00:01 运行 auto_pre_train.py
2025-02-10 11:00:18,584 - 检测到 00:01 未执行，立即补救运行 auto_pre_train.py
2025-02-10 11:00:18,584 - 执行 auto_pre_train.py
2025-02-10 11:00:18,589 - 定时任务启动成功，每天 1:00 运行 auto_pre_train.py
2025-02-10 11:00:18,589 - 检测到 1:00 未执行，立即补救运行 auto_pre_train.py
2025-02-10 11:00:18,590 - 执行 auto_pre_train.py
2025-02-10 12:57:28,376 - auto_pre_train.py 执行失败，退出码: -1073741510
2025-02-10 12:57:29,312 - auto_pre_train.py 执行失败，退出码: -1073741510
2025-02-10 16:43:04,397 - 定时任务启动成功，每天 00:01 运行 auto_pre_train.py
2025-02-10 16:43:04,397 - 检测到 00:01 未执行，立即补救运行 auto_pre_train.py
2025-02-10 16:43:04,397 - 执行 auto_pre_train.py
2025-02-10 16:43:04,403 - 定时任务启动成功，每天 1:00 运行 auto_pre_train.py
2025-02-10 16:43:04,403 - 检测到 1:00 未执行，立即补救运行 auto_pre_train.py
2025-02-10 16:43:04,403 - 执行 auto_pre_train.py
2025-02-11 22:34:48,041 - 定时任务启动成功，每天 00:01 运行 auto_pre_train.py
2025-02-11 22:34:48,042 - 检测到 00:01 未执行，立即补救运行 auto_pre_train.py
2025-02-11 22:34:48,042 - 执行 auto_pre_train.py
2025-02-11 22:34:48,075 - 定时任务启动成功，每天 1:00 运行 auto_pre_train.py
2025-02-11 22:34:48,075 - 检测到 1:00 未执行，立即补救运行 auto_pre_train.py
2025-02-11 22:34:48,075 - 执行 auto_pre_train.py
2025-02-14 15:40:52,535 - 定时任务启动成功，每天 00:01 运行 auto_pre_train.py
2025-02-14 15:40:52,536 - 检测到 00:01 未执行，立即补救运行 auto_pre_train.py
2025-02-14 15:40:52,536 - 执行 auto_pre_train.py
2025-02-14 15:40:52,540 - 定时任务启动成功，每天 1:00 运行 auto_pre_train.py
2025-02-14 15:40:52,541 - 检测到 1:00 未执行，立即补救运行 auto_pre_train.py
2025-02-14 15:40:52,541 - 执行 auto_pre_train.py
2025-02-23 20:41:45,312 - 定时任务启动成功，每天 00:01 运行 auto_pre_train.py
2025-02-23 20:41:45,312 - 检测到 00:01 未执行，立即补救运行 auto_pre_train.py
2025-02-23 20:41:45,313 - 执行 auto_pre_train.py
2025-02-23 20:41:47,178 - auto_pre_train.py 执行失败，退出码: 1
2025-02-23 20:42:17,181 - 检测到 00:01 未执行，立即补救运行 auto_pre_train.py
2025-02-23 20:42:17,181 - 执行 auto_pre_train.py
2025-02-23 20:42:19,029 - auto_pre_train.py 执行失败，退出码: 1
2025-02-23 21:16:11,933 - 定时任务启动成功，每天 00:01 运行 auto_pre_train.py
2025-02-23 21:16:11,933 - 检测到 00:01 未执行，立即补救运行 auto_pre_train.py
2025-02-23 21:16:11,933 - 执行 auto_pre_train.py
2025-02-23 21:16:13,875 - auto_pre_train.py 执行失败，退出码: 1
2025-02-24 11:04:52,252 - 定时任务启动成功，每天 00:01 运行 auto_pre_train.py
2025-02-24 11:04:52,253 - 检测到 00:01 未执行，立即补救运行 auto_pre_train.py
2025-02-24 11:04:52,253 - 执行 auto_pre_train.py
2025-02-24 11:04:54,123 - auto_pre_train.py 执行失败，退出码: 1
2025-02-24 11:04:57,086 - 定时任务启动成功，每天 1:00 运行 auto_pre_train.py
2025-02-24 11:04:57,086 - 检测到 1:00 未执行，立即补救运行 auto_pre_train.py
2025-02-24 11:04:57,086 - 执行 auto_pre_train.py
2025-02-24 11:04:58,971 - auto_pre_train.py 执行失败，退出码: 1
2025-02-24 11:05:01,283 - 定时任务启动成功，每天 1:00 运行 auto_pre_train.py
2025-02-24 11:05:01,283 - 检测到 1:00 未执行，立即补救运行 auto_pre_train.py
2025-02-24 11:05:01,283 - 执行 auto_pre_train.py
2025-02-24 11:05:03,181 - auto_pre_train.py 执行失败，退出码: 1
2025-02-25 10:53:37,475 - 定时任务启动成功，每天 1:00 运行 auto_pre_train.py
2025-02-25 10:53:37,475 - 检测到 1:00 未执行，立即补救运行 auto_pre_train.py
2025-02-25 10:53:37,475 - 执行 auto_pre_train.py
2025-02-25 10:53:56,381 - 定时任务启动成功，每天 1:00 运行 auto_pre_train.py
2025-02-25 10:53:56,381 - 检测到 1:00 未执行，立即补救运行 auto_pre_train.py
2025-02-25 10:53:56,381 - 执行 auto_pre_train.py
2025-02-25 10:54:11,236 - 定时任务启动成功，每天 00:01 运行 auto_pre_train.py
2025-02-25 10:54:11,237 - 检测到 00:01 未执行，立即补救运行 auto_pre_train.py
2025-02-25 10:54:11,237 - 执行 auto_pre_train.py
2025-02-25 10:59:44,402 - 定时任务启动成功，每天 00:01 运行 auto_pre_train.py
2025-02-25 10:59:44,402 - 检测到 00:01 未执行，立即补救运行 auto_pre_train.py
2025-02-25 10:59:44,402 - 执行 auto_pre_train.py
2025-02-25 15:03:28,333 - 定时任务启动成功，每天 1:00 运行 auto_pre_train.py
2025-02-25 15:03:28,333 - 检测到 1:00 未执行，立即补救运行 auto_pre_train.py
2025-02-25 15:03:28,333 - 执行 auto_pre_train.py
2025-02-25 15:03:29,549 - auto_pre_train.py 执行失败，退出码: 1
2025-02-25 15:09:40,793 - 定时任务启动成功，每天 1:00 运行 auto_pre_train.py
2025-02-25 15:09:40,793 - 检测到 1:00 未执行，立即补救运行 auto_pre_train.py
2025-02-25 15:09:40,793 - 执行 auto_pre_train.py
2025-02-25 15:09:41,875 - auto_pre_train.py 执行失败，退出码: 1
2025-02-25 15:21:15,198 - 定时任务启动成功，每天 00:01 运行 auto_pre_train.py
2025-02-25 15:21:15,199 - 检测到 00:01 未执行，立即补救运行 auto_pre_train.py
2025-02-25 15:21:15,199 - 执行 auto_pre_train.py
2025-02-25 15:21:16,300 - auto_pre_train.py 执行失败，退出码: 1
2025-02-25 15:21:46,307 - 检测到 00:01 未执行，立即补救运行 auto_pre_train.py
2025-02-25 15:21:46,307 - 执行 auto_pre_train.py
2025-02-25 15:21:47,384 - auto_pre_train.py 执行失败，退出码: 1
2025-02-25 15:30:05,923 - 定时任务启动成功，每天 1:00 运行 auto_pre_train.py
2025-02-25 15:30:05,923 - 检测到 1:00 未执行，立即补救运行 auto_pre_train.py
2025-02-25 15:30:05,923 - 执行 auto_pre_train.py
2025-02-25 15:30:07,072 - auto_pre_train.py 执行失败，退出码: 1
2025-02-25 15:30:15,675 - 定时任务启动成功，每天 00:01 运行 auto_pre_train.py
2025-02-25 15:30:15,675 - 检测到 00:01 未执行，立即补救运行 auto_pre_train.py
2025-02-25 15:30:15,675 - 执行 auto_pre_train.py
2025-02-25 15:30:16,807 - auto_pre_train.py 执行失败，退出码: 1
2025-02-25 15:30:17,048 - 定时任务启动成功，每天 1:00 运行 auto_pre_train.py
2025-02-25 15:30:17,048 - 检测到 1:00 未执行，立即补救运行 auto_pre_train.py
2025-02-25 15:30:17,048 - 执行 auto_pre_train.py
2025-02-25 15:30:18,137 - auto_pre_train.py 执行失败，退出码: 1
2025-02-25 15:30:37,085 - 检测到 1:00 未执行，立即补救运行 auto_pre_train.py
2025-02-25 15:30:37,085 - 执行 auto_pre_train.py
2025-02-25 15:30:38,158 - auto_pre_train.py 执行失败，退出码: 1
2025-02-25 15:31:03,965 - 定时任务启动成功，每天 1:00 运行 auto_pre_train.py
2025-02-25 15:31:03,965 - 检测到 1:00 未执行，立即补救运行 auto_pre_train.py
2025-02-25 15:31:03,965 - 执行 auto_pre_train.py
2025-02-25 15:31:05,064 - auto_pre_train.py 执行失败，退出码: 1
2025-02-25 15:31:35,069 - 检测到 1:00 未执行，立即补救运行 auto_pre_train.py
2025-02-25 15:31:35,069 - 执行 auto_pre_train.py
2025-02-25 15:31:36,163 - auto_pre_train.py 执行失败，退出码: 1
2025-02-25 15:33:00,068 - 定时任务启动成功，每天 1:00 运行 auto_pre_train.py
2025-02-25 15:33:00,068 - 检测到 1:00 未执行，立即补救运行 auto_pre_train.py
2025-02-25 15:33:00,068 - 执行 auto_pre_train.py
2025-02-25 15:33:01,127 - auto_pre_train.py 执行失败，退出码: 1
2025-02-25 15:33:31,128 - 检测到 1:00 未执行，立即补救运行 auto_pre_train.py
2025-02-25 15:33:31,128 - 执行 auto_pre_train.py
2025-02-25 15:33:32,164 - auto_pre_train.py 执行失败，退出码: 1
2025-02-25 15:36:57,610 - 定时任务启动成功，每天 1:00 运行 auto_pre_train.py
2025-02-25 15:36:57,610 - 检测到 1:00 未执行，立即补救运行 auto_pre_train.py
2025-02-25 15:36:57,610 - 执行 auto_pre_train.py
2025-02-25 15:36:58,734 - auto_pre_train.py 执行失败，退出码: 1
2025-02-25 15:37:15,706 - 定时任务启动成功，每天 1:00 运行 auto_pre_train.py
2025-02-25 15:37:15,706 - 检测到 1:00 未执行，立即补救运行 auto_pre_train.py
2025-02-25 15:37:15,706 - 执行 auto_pre_train.py
2025-02-25 15:37:16,793 - auto_pre_train.py 执行失败，退出码: 1
2025-02-25 15:37:46,805 - 检测到 1:00 未执行，立即补救运行 auto_pre_train.py
2025-02-25 15:37:46,805 - 执行 auto_pre_train.py
2025-02-25 15:37:47,875 - auto_pre_train.py 执行失败，退出码: 1
2025-02-25 15:38:00,255 - 定时任务启动成功，每天 1:00 运行 auto_pre_train.py
2025-02-25 15:38:00,255 - 检测到 1:00 未执行，立即补救运行 auto_pre_train.py
2025-02-25 15:38:00,255 - 执行 auto_pre_train.py
2025-02-25 15:38:01,354 - auto_pre_train.py 执行失败，退出码: 1
2025-02-25 15:38:31,369 - 检测到 1:00 未执行，立即补救运行 auto_pre_train.py
2025-02-25 15:38:31,369 - 执行 auto_pre_train.py
2025-02-25 15:38:32,428 - auto_pre_train.py 执行失败，退出码: 1
2025-02-25 15:39:02,442 - 检测到 1:00 未执行，立即补救运行 auto_pre_train.py
2025-02-25 15:39:02,442 - 执行 auto_pre_train.py
2025-02-25 15:39:03,510 - auto_pre_train.py 执行失败，退出码: 1
2025-02-25 15:42:24,466 - 定时任务启动成功，每天 1:00 运行 auto_pre_train.py
2025-02-25 15:42:24,466 - 检测到 1:00 未执行，立即补救运行 auto_pre_train.py
2025-02-25 15:42:24,466 - 执行 auto_pre_train.py
2025-02-25 15:42:25,570 - auto_pre_train.py 执行失败，退出码: 1
2025-02-25 15:42:55,578 - 检测到 1:00 未执行，立即补救运行 auto_pre_train.py
2025-02-25 15:42:55,578 - 执行 auto_pre_train.py
2025-02-25 15:42:56,657 - auto_pre_train.py 执行失败，退出码: 1
2025-02-25 15:43:31,150 - 定时任务启动成功，每天 1:00 运行 auto_pre_train.py
2025-02-25 15:43:31,150 - 检测到 1:00 未执行，立即补救运行 auto_pre_train.py
2025-02-25 15:43:31,150 - 执行 auto_pre_train.py
2025-02-25 15:43:32,286 - auto_pre_train.py 执行失败，退出码: 1
2025-02-25 15:44:00,066 - 定时任务启动成功，每天 1:00 运行 auto_pre_train.py
2025-02-25 15:44:00,066 - 检测到 1:00 未执行，立即补救运行 auto_pre_train.py
2025-02-25 15:44:00,066 - 执行 auto_pre_train.py
2025-02-25 15:44:01,146 - auto_pre_train.py 执行失败，退出码: 1
2025-02-25 15:44:31,155 - 检测到 1:00 未执行，立即补救运行 auto_pre_train.py
2025-02-25 15:44:31,155 - 执行 auto_pre_train.py
2025-02-25 15:44:32,248 - auto_pre_train.py 执行失败，退出码: 1
2025-02-25 15:45:02,248 - 检测到 1:00 未执行，立即补救运行 auto_pre_train.py
2025-02-25 15:45:02,248 - 执行 auto_pre_train.py
2025-02-25 15:45:03,353 - auto_pre_train.py 执行失败，退出码: 1
2025-03-14 10:16:56,605 - 定时任务启动成功，每天 00:01 运行 auto_pre_train.py
2025-03-14 10:16:56,605 - 检测到 00:01 未执行，立即补救运行 auto_pre_train.py
2025-03-14 10:16:56,605 - 执行 auto_pre_train.py
2025-03-14 10:16:57,718 - auto_pre_train.py 执行失败，退出码: 1
2025-03-15 16:44:01,527 - 定时任务启动成功，每天 00:01 运行 auto_pre_train.py
2025-03-15 16:44:01,527 - 检测到 00:01 未执行，立即补救运行 auto_pre_train.py
2025-03-15 16:44:01,527 - 执行 auto_pre_train.py
2025-03-15 16:44:02,667 - auto_pre_train.py 执行失败，退出码: 1
2025-03-16 11:19:40,166 - 定时任务启动成功，每天 00:01 运行 auto_pre_train.py
2025-03-16 11:19:40,166 - 检测到 00:01 未执行，立即补救运行 auto_pre_train.py
2025-03-16 11:19:40,166 - 执行 auto_pre_train.py
2025-03-16 11:19:41,358 - auto_pre_train.py 执行失败，退出码: 1
2025-03-16 19:09:40,029 - 定时任务启动成功，每天 00:01 运行 auto_pre_train.py
2025-03-16 19:09:40,029 - 检测到 00:01 未执行，立即补救运行 auto_pre_train.py
2025-03-16 19:09:40,029 - 执行 auto_pre_train.py
2025-03-16 19:09:41,351 - auto_pre_train.py 执行失败，退出码: 1
2025-03-16 19:09:50,965 - 定时任务启动成功，每天 1:00 运行 auto_pre_train.py
2025-03-16 19:09:50,965 - 检测到 1:00 未执行，立即补救运行 auto_pre_train.py
2025-03-16 19:09:50,965 - 执行 auto_pre_train.py
2025-03-16 19:09:52,146 - auto_pre_train.py 执行失败，退出码: 1
2025-03-16 19:10:22,146 - 检测到 1:00 未执行，立即补救运行 auto_pre_train.py
2025-03-16 19:10:22,146 - 执行 auto_pre_train.py
2025-03-16 19:10:23,276 - auto_pre_train.py 执行失败，退出码: 1
2025-03-16 19:10:53,276 - 检测到 1:00 未执行，立即补救运行 auto_pre_train.py
2025-03-16 19:10:53,276 - 执行 auto_pre_train.py
2025-03-16 19:11:35,169 - auto_pre_train.py 执行失败，退出码: -1073741510
2025-03-16 19:12:05,170 - 检测到 1:00 未执行，立即补救运行 auto_pre_train.py
2025-03-16 19:12:05,170 - 执行 auto_pre_train.py
2025-03-16 19:12:06,463 - auto_pre_train.py 执行失败，退出码: 1
2025-03-16 19:12:36,465 - 检测到 1:00 未执行，立即补救运行 auto_pre_train.py
2025-03-16 19:12:36,465 - 执行 auto_pre_train.py
2025-03-16 19:12:37,583 - auto_pre_train.py 执行失败，退出码: 1
2025-03-16 19:13:33,503 - 定时任务启动成功，每天 1:00 运行 auto_pre_train.py
2025-03-16 19:13:33,503 - 检测到 1:00 未执行，立即补救运行 auto_pre_train.py
2025-03-16 19:13:33,503 - 执行 auto_pre_train.py
2025-03-16 19:13:34,710 - auto_pre_train.py 执行失败，退出码: 1
2025-03-16 19:13:41,011 - 定时任务启动成功，每天 1:00 运行 auto_pre_train.py
2025-03-16 19:13:41,012 - 检测到 1:00 未执行，立即补救运行 auto_pre_train.py
2025-03-16 19:13:41,012 - 执行 auto_pre_train.py
2025-03-16 19:13:42,215 - auto_pre_train.py 执行失败，退出码: 1
2025-03-16 19:17:45,321 - 定时任务启动成功，每天 00:01 运行 auto_pre_train.py
2025-03-16 19:17:45,321 - 检测到 00:01 未执行，立即补救运行 auto_pre_train.py
2025-03-16 19:17:45,321 - 执行 auto_pre_train.py
2025-03-16 19:17:46,582 - auto_pre_train.py 执行失败，退出码: 1
2025-03-16 19:23:15,210 - 定时任务启动成功，每天 00:01 运行 auto_pre_train.py
2025-03-16 19:23:15,211 - 检测到 00:01 未执行，立即补救运行 auto_pre_train.py
2025-03-16 19:23:15,211 - 执行 auto_pre_train.py
2025-03-16 19:23:16,473 - auto_pre_train.py 执行失败，退出码: 1
2025-03-16 19:37:04,948 - 定时任务启动成功，每天 00:01 运行 auto_pre_train.py
2025-03-16 19:37:04,948 - 检测到 00:01 未执行，立即补救运行 auto_pre_train.py
2025-03-16 19:37:04,948 - 执行 auto_pre_train.py
2025-03-16 19:37:06,214 - auto_pre_train.py 执行失败，退出码: 1
2025-03-16 19:37:23,279 - 定时任务启动成功，每天 00:01 运行 auto_pre_train.py
2025-03-16 19:37:23,279 - 检测到 00:01 未执行，立即补救运行 auto_pre_train.py
2025-03-16 19:37:23,279 - 执行 auto_pre_train.py
2025-03-16 19:37:24,506 - auto_pre_train.py 执行失败，退出码: 1
2025-03-16 19:37:54,506 - 检测到 00:01 未执行，立即补救运行 auto_pre_train.py
2025-03-16 19:37:54,506 - 执行 auto_pre_train.py
2025-03-16 19:37:55,696 - auto_pre_train.py 执行失败，退出码: 1
2025-03-16 19:38:35,196 - 定时任务启动成功，每天 00:01 运行 auto_pre_train.py
2025-03-16 19:38:35,197 - 检测到 00:01 未执行，立即补救运行 auto_pre_train.py
2025-03-16 19:38:35,197 - 执行 auto_pre_train.py
2025-03-16 19:38:36,439 - auto_pre_train.py 执行失败，退出码: 1
2025-03-16 19:39:06,439 - 检测到 00:01 未执行，立即补救运行 auto_pre_train.py
2025-03-16 19:39:06,439 - 执行 auto_pre_train.py
2025-03-16 19:39:07,550 - auto_pre_train.py 执行失败，退出码: 1
2025-03-16 19:39:37,550 - 检测到 00:01 未执行，立即补救运行 auto_pre_train.py
2025-03-16 19:39:37,550 - 执行 auto_pre_train.py
2025-03-16 19:39:38,662 - auto_pre_train.py 执行失败，退出码: 1
2025-03-16 19:40:08,663 - 检测到 00:01 未执行，立即补救运行 auto_pre_train.py
2025-03-16 19:40:08,663 - 执行 auto_pre_train.py
2025-03-16 19:40:09,785 - auto_pre_train.py 执行失败，退出码: 1
2025-03-16 19:40:39,785 - 检测到 00:01 未执行，立即补救运行 auto_pre_train.py
2025-03-16 19:40:39,785 - 执行 auto_pre_train.py
2025-03-16 19:40:40,871 - auto_pre_train.py 执行失败，退出码: 1
2025-03-16 19:41:10,872 - 检测到 00:01 未执行，立即补救运行 auto_pre_train.py
2025-03-16 19:41:10,872 - 执行 auto_pre_train.py
2025-03-16 19:41:11,989 - auto_pre_train.py 执行失败，退出码: 1
2025-03-16 19:41:48,102 - 定时任务启动成功，每天 00:01 运行 auto_pre_train.py
2025-03-16 19:41:48,102 - 检测到 00:01 未执行，立即补救运行 auto_pre_train.py
2025-03-16 19:41:48,102 - 执行 auto_pre_train.py
2025-03-16 19:41:49,298 - auto_pre_train.py 执行失败，退出码: 1
2025-03-18 10:57:25,279 - 定时任务启动成功，每天 1:00 运行 auto_pre_train.py
2025-03-18 10:57:25,279 - 检测到 1:00 未执行，立即补救运行 auto_pre_train.py
2025-03-18 10:57:25,279 - 执行 auto_pre_train.py
2025-03-18 10:57:26,378 - auto_pre_train.py 执行失败，退出码: 1
2025-03-20 16:04:19,633 - 定时任务启动成功，每天 00:01 运行 auto_pre_train.py
2025-03-20 16:04:19,633 - 检测到 00:01 未执行，立即补救运行 auto_pre_train.py
2025-03-20 16:04:19,633 - 执行 auto_pre_train.py
2025-03-20 16:04:20,777 - auto_pre_train.py 执行失败，退出码: 1
2025-03-20 16:04:49,930 - 定时任务启动成功，每天 1:00 运行 auto_pre_train.py
2025-03-20 16:04:49,931 - 检测到 1:00 未执行，立即补救运行 auto_pre_train.py
2025-03-20 16:04:49,931 - 执行 auto_pre_train.py
2025-03-20 16:04:51,046 - auto_pre_train.py 执行失败，退出码: 1
2025-03-21 11:35:04,845 - 定时任务启动成功，每天 1:00 运行 auto_pre_train.py
2025-03-21 11:35:04,845 - 检测到 1:00 未执行，立即补救运行 auto_pre_train.py
2025-03-21 11:35:04,845 - 执行 auto_pre_train.py
2025-03-21 11:35:06,000 - auto_pre_train.py 执行失败，退出码: 1
2025-03-21 11:35:36,011 - 检测到 1:00 未执行，立即补救运行 auto_pre_train.py
2025-03-21 11:35:36,011 - 执行 auto_pre_train.py
2025-03-21 11:35:37,119 - auto_pre_train.py 执行失败，退出码: 1
2025-03-21 11:36:07,125 - 检测到 1:00 未执行，立即补救运行 auto_pre_train.py
2025-03-21 11:36:07,126 - 执行 auto_pre_train.py
2025-03-21 11:36:08,214 - auto_pre_train.py 执行失败，退出码: 1
2025-03-21 11:36:38,219 - 检测到 1:00 未执行，立即补救运行 auto_pre_train.py
2025-03-21 11:36:38,219 - 执行 auto_pre_train.py
2025-03-21 11:36:39,305 - auto_pre_train.py 执行失败，退出码: 1
2025-03-21 11:37:09,309 - 检测到 1:00 未执行，立即补救运行 auto_pre_train.py
2025-03-21 11:37:09,309 - 执行 auto_pre_train.py
2025-03-21 11:37:10,368 - auto_pre_train.py 执行失败，退出码: 1
2025-03-21 11:37:40,383 - 检测到 1:00 未执行，立即补救运行 auto_pre_train.py
2025-03-21 11:37:40,383 - 执行 auto_pre_train.py
2025-03-21 11:37:41,506 - auto_pre_train.py 执行失败，退出码: 1
2025-03-21 11:38:11,512 - 检测到 1:00 未执行，立即补救运行 auto_pre_train.py
2025-03-21 11:38:11,512 - 执行 auto_pre_train.py
2025-03-21 11:38:12,672 - auto_pre_train.py 执行失败，退出码: 1
2025-03-21 11:38:42,678 - 检测到 1:00 未执行，立即补救运行 auto_pre_train.py
2025-03-21 11:38:42,678 - 执行 auto_pre_train.py
2025-03-21 11:38:43,776 - auto_pre_train.py 执行失败，退出码: 1
2025-03-21 11:39:13,787 - 检测到 1:00 未执行，立即补救运行 auto_pre_train.py
2025-03-21 11:39:13,787 - 执行 auto_pre_train.py
2025-03-21 11:39:14,900 - auto_pre_train.py 执行失败，退出码: 1
2025-03-21 11:39:44,916 - 检测到 1:00 未执行，立即补救运行 auto_pre_train.py
2025-03-21 11:39:44,916 - 执行 auto_pre_train.py
2025-03-21 11:39:46,038 - auto_pre_train.py 执行失败，退出码: 1
2025-03-21 11:40:16,050 - 检测到 1:00 未执行，立即补救运行 auto_pre_train.py
2025-03-21 11:40:16,050 - 执行 auto_pre_train.py
2025-03-21 11:40:17,172 - auto_pre_train.py 执行失败，退出码: 1
2025-03-21 11:40:47,182 - 检测到 1:00 未执行，立即补救运行 auto_pre_train.py
2025-03-21 11:40:47,182 - 执行 auto_pre_train.py
2025-03-21 11:40:48,266 - auto_pre_train.py 执行失败，退出码: 1
2025-03-21 11:41:18,275 - 检测到 1:00 未执行，立即补救运行 auto_pre_train.py
2025-03-21 11:41:18,275 - 执行 auto_pre_train.py
2025-03-21 11:41:19,326 - auto_pre_train.py 执行失败，退出码: 1
2025-03-21 16:37:54,228 - 定时任务启动成功，每天 1:00 运行 auto_pre_train.py
2025-03-21 16:37:54,228 - 检测到 1:00 未执行，立即补救运行 auto_pre_train.py
2025-03-21 16:37:54,228 - 执行 auto_pre_train.py
2025-03-21 16:42:00,305 - auto_pre_train.py 执行成功
2025-03-22 20:15:56,650 - 定时任务启动成功，每周六 1:00 运行参数优化，每天 2:00 运行 auto_pre_train.py
2025-03-22 20:15:56,651 - 当前时间: 2025-03-22 20:15:56, 星期: 周六
2025-03-22 20:15:56,651 - 当前任务状态: 训练预测任务已执行=False, 参数优化任务已执行=False
2025-03-22 20:15:56,651 - 检测到周六 1:00 参数优化未执行，立即补救运行
2025-03-22 20:15:56,652 - 开始执行参数优化任务
2025-03-22 20:15:59,815 - 参数优化任务执行成功
2025-03-22 20:15:59,816 - 检测到 2:00 训练和预测均未执行，立即补救运行 auto_pre_train.py
2025-03-22 20:15:59,816 - 执行 auto_pre_train.py
2025-03-22 20:16:01,470 - 定时任务启动成功，每周六 1:00 运行参数优化，每天 2:00 运行 auto_pre_train.py
2025-03-22 20:16:01,471 - 当前时间: 2025-03-22 20:16:01, 星期: 周六
2025-03-22 20:16:01,471 - 当前任务状态: 训练预测任务已执行=False, 参数优化任务已执行=False
2025-03-22 20:16:01,471 - 检测到周六 1:00 参数优化未执行，立即补救运行
2025-03-22 20:16:01,471 - 开始执行参数优化任务
2025-03-22 20:16:05,084 - 参数优化任务执行成功
2025-03-22 20:16:05,085 - 检测到 2:00 训练和预测均未执行，立即补救运行 auto_pre_train.py
2025-03-22 20:16:05,085 - 执行 auto_pre_train.py
2025-03-22 20:18:33,949 - auto_pre_train.py 执行成功
2025-03-22 20:19:03,957 - 检测到20250322的训练已经执行过 (标志文件: ./logs/auto_pre_train\20250322_train_done.flag)
2025-03-22 20:19:10,775 - auto_pre_train.py 执行成功
2025-03-22 20:19:33,964 - 检测到20250322的训练已经执行过 (标志文件: ./logs/auto_pre_train\20250322_train_done.flag)
2025-03-22 20:20:24,935 - 定时任务启动成功，每周六 1:00 运行参数优化，每天 2:00 运行 auto_pre_train.py
2025-03-22 20:20:24,936 - 当前时间: 2025-03-22 20:20:24, 星期: 周六
2025-03-22 20:20:24,937 - 检测到20250322的训练已经执行过 (标志文件: ./logs/auto_pre_train\20250322_train_done.flag)
2025-03-22 20:20:24,937 - 当前任务状态: 训练预测任务已执行=True, 参数优化任务已执行=False
2025-03-22 20:20:24,937 - 检测到周六 1:00 参数优化未执行，立即补救运行
2025-03-22 20:20:24,937 - 开始执行参数优化任务
2025-03-22 20:20:29,768 - 定时任务启动成功，每周六 1:00 运行参数优化，每天 2:00 运行 auto_pre_train.py
2025-03-22 20:20:29,769 - 当前时间: 2025-03-22 20:20:29, 星期: 周六
2025-03-22 20:20:29,770 - 检测到20250322的训练已经执行过 (标志文件: ./logs/auto_pre_train\20250322_train_done.flag)
2025-03-22 20:20:29,770 - 当前任务状态: 训练预测任务已执行=True, 参数优化任务已执行=False
2025-03-22 20:20:29,770 - 检测到周六 1:00 参数优化未执行，立即补救运行
2025-03-22 20:20:29,770 - 开始执行参数优化任务
2025-03-22 20:31:08,877 - 参数优化任务执行成功
2025-03-22 20:31:08,877 - 检测到20250322的训练已经执行过 (标志文件: ./logs/auto_pre_train\20250322_train_done.flag)
2025-03-22 20:31:08,877 - 检测到 2:00 预测未执行，立即补救运行 auto_pre_train.py
2025-03-22 20:31:08,877 - 检测到20250322的训练已经执行过 (标志文件: ./logs/auto_pre_train\20250322_train_done.flag)
2025-03-22 20:31:08,877 - 今天(20250322)的训练已执行，但预测尚未完成
2025-03-22 20:31:08,877 - 执行 auto_pre_train.py
2025-03-22 20:39:05,710 - 参数优化任务执行成功
2025-03-22 20:39:05,710 - 检测到20250322的训练已经执行过 (标志文件: ./logs/auto_pre_train\20250322_train_done.flag)
2025-03-22 20:39:05,710 - 检测到 2:00 预测未执行，立即补救运行 auto_pre_train.py
2025-03-22 20:39:05,710 - 检测到20250322的训练已经执行过 (标志文件: ./logs/auto_pre_train\20250322_train_done.flag)
2025-03-22 20:39:05,710 - 今天(20250322)的训练已执行，但预测尚未完成
2025-03-22 20:39:05,710 - 执行 auto_pre_train.py
2025-03-22 20:42:44,191 - 定时任务启动成功，每周六 1:00 运行参数优化，每天 2:00 运行 auto_pre_train.py
2025-03-22 20:42:44,192 - 当前时间: 2025-03-22 20:42:44, 星期: 周六
2025-03-22 20:42:44,192 - 检测到20250322的训练已经执行过 (标志文件: ./logs/auto_pre_train\20250322_train_done.flag)
2025-03-22 20:42:44,192 - 当前任务状态: 训练预测任务已执行=True, 参数优化任务已执行=False
2025-03-22 20:42:44,192 - 检测到周六 1:00 参数优化未执行，立即补救运行
2025-03-22 20:42:44,192 - 开始执行参数优化任务
2025-03-22 20:42:47,965 - 参数优化任务执行成功
2025-03-22 20:42:47,965 - 检测到20250322的训练已经执行过 (标志文件: ./logs/auto_pre_train\20250322_train_done.flag)
2025-03-22 20:42:47,966 - 检测到 2:00 预测未执行，立即补救运行 auto_pre_train.py
2025-03-22 20:42:47,966 - 检测到20250322的训练已经执行过 (标志文件: ./logs/auto_pre_train\20250322_train_done.flag)
2025-03-22 20:42:47,966 - 今天(20250322)的训练已执行，但预测尚未完成
2025-03-22 20:42:47,966 - 执行 auto_pre_train.py
2025-03-22 20:48:38,523 - 定时任务启动成功，每周六 1:00 运行参数优化，每天 2:00 运行 auto_pre_train.py
2025-03-22 20:48:38,523 - 当前时间: 2025-03-22 20:48:38, 星期: 周六
2025-03-22 20:48:38,523 - 当前任务状态: 训练预测任务已执行=False, 参数优化任务已执行=False
2025-03-22 20:48:38,524 - 检测到周六 1:00 参数优化未执行，立即补救运行
2025-03-22 20:48:38,524 - 开始执行参数优化任务
2025-03-22 20:48:41,716 - 参数优化任务执行成功
2025-03-22 20:48:41,716 - 检测到 2:00 训练和预测均未执行，立即补救运行 auto_pre_train.py
2025-03-22 20:48:41,716 - 执行 auto_pre_train.py
2025-03-22 20:49:04,057 - 定时任务启动成功，每周六 1:00 运行参数优化，每天 2:00 运行 auto_pre_train.py
2025-03-22 20:49:04,058 - 当前时间: 2025-03-22 20:49:04, 星期: 周六
2025-03-22 20:49:04,058 - 当前任务状态: 训练预测任务已执行=False, 参数优化任务已执行=False
2025-03-22 20:49:04,058 - 检测到周六 1:00 参数优化未执行，立即补救运行
2025-03-22 20:49:04,058 - 开始执行参数优化任务
2025-03-22 20:49:09,417 - 参数优化任务执行成功
2025-03-22 20:49:09,418 - 检测到 2:00 训练和预测均未执行，立即补救运行 auto_pre_train.py
2025-03-22 20:49:09,418 - 执行 auto_pre_train.py
2025-03-22 20:51:15,506 - auto_pre_train.py 执行成功
2025-03-22 20:51:45,208 - auto_pre_train.py 执行成功
2025-03-22 20:53:23,446 - 定时任务启动成功，每周六 1:00 运行参数优化，每天 2:00 运行 auto_pre_train.py
2025-03-22 20:53:23,446 - 当前时间: 2025-03-22 20:53:23, 星期: 周六
2025-03-22 20:53:23,447 - 当前任务状态: 训练预测任务已执行=False, 参数优化任务已执行=False
2025-03-22 20:53:23,447 - 检测到周六 1:00 参数优化未执行，立即补救运行
2025-03-22 20:53:23,447 - 开始执行参数优化任务
2025-03-22 20:53:26,648 - 参数优化任务执行成功
2025-03-22 20:53:26,649 - 检测到 2:00 训练和预测均未执行，立即补救运行 auto_pre_train.py
2025-03-22 20:53:26,649 - 执行 auto_pre_train.py
2025-03-22 20:53:26,855 - 定时任务启动成功，每周六 1:00 运行参数优化，每天 2:00 运行 auto_pre_train.py
2025-03-22 20:53:26,856 - 当前时间: 2025-03-22 20:53:26, 星期: 周六
2025-03-22 20:53:26,856 - 当前任务状态: 训练预测任务已执行=False, 参数优化任务已执行=False
2025-03-22 20:53:26,856 - 检测到周六 1:00 参数优化未执行，立即补救运行
2025-03-22 20:53:26,856 - 开始执行参数优化任务
2025-03-22 20:53:30,257 - 参数优化任务执行成功
2025-03-22 20:53:30,257 - 检测到 2:00 训练和预测均未执行，立即补救运行 auto_pre_train.py
2025-03-22 20:53:30,257 - 执行 auto_pre_train.py
2025-03-22 20:53:32,851 - auto_pre_train.py 执行成功
2025-03-22 20:53:35,945 - auto_pre_train.py 执行成功
2025-03-23 10:37:18,112 - 定时任务启动成功，每周六 1:00 运行参数优化，每天 2:00 运行 auto_pre_train.py
2025-03-23 10:37:18,113 - 当前时间: 2025-03-23 10:37:18, 星期: 周日
2025-03-23 10:37:18,113 - 当前任务状态: 训练预测任务已执行=False, 参数优化任务已执行=False
2025-03-23 10:37:18,113 - 检测到 2:00 训练和预测均未执行，立即补救运行 auto_pre_train.py
2025-03-23 10:37:18,114 - 执行 auto_pre_train.py
2025-03-23 10:38:00,125 - 定时任务启动成功，每周六 1:00 运行参数优化，每天 2:00 运行训练
2025-03-23 10:38:00,129 - 当前时间: 2025-03-23 10:38:00, 星期: 周日
2025-03-23 10:38:00,129 - 当前任务状态: 训练任务已执行=False, 参数优化任务已执行=False
2025-03-23 10:38:00,129 - 检测到 2:00 训练未执行，立即补救运行 auto_train.py
2025-03-23 10:38:00,130 - False
2025-03-23 10:38:00,130 - 执行 auto_train.py
2025-03-23 10:38:48,111 - 定时任务启动成功，每周六 1:00 运行参数优化，每天 2:00 运行 auto_pre_train.py
2025-03-23 10:38:48,112 - 当前时间: 2025-03-23 10:38:48, 星期: 周日
2025-03-23 10:38:48,112 - 当前任务状态: 训练预测任务已执行=False, 参数优化任务已执行=False
2025-03-23 10:38:48,112 - 检测到 2:00 训练和预测均未执行，立即补救运行 auto_pre_train.py
2025-03-23 10:38:48,112 - 执行 auto_pre_train.py
