2025-01-19 01:00:22,511 - 今天的日期是: 20250119
2025-01-19 01:00:22,512 - 开始监视 D:\my-vue-project\wind-power-forecast\backend\auto_scripts\dataset\dataset_middle 文件夹以进行训练...
2025-01-19 01:00:22,512 - 开始监视 D:\my-vue-project\wind-power-forecast\backend\auto_scripts\precsv\middlecsv 文件夹以进行预测...
2025-01-19 01:00:22,512 - 未有可用模型，等待模型训练完成...
2025-01-19 01:00:22,513 - 发现新的训练文件：D:\my-vue-project\wind-power-forecast\backend\auto_scripts\dataset\dataset_middle\20250119.csv，执行训练...
2025-01-19 01:00:22,513 - 输出结果将保存到: D:\my-vue-project\wind-power-forecast\backend\auto_scripts\train_predictions\middle_predictions
2025-01-19 01:00:23,769 - 数据加载与预处理完成
2025-01-19 01:00:24,144 - 数据标准化完成
2025-01-19 01:00:24,985 - 创建时间窗口完成
2025-01-19 01:00:24,985 - 获取模型参数完成
2025-01-19 01:00:52,529 - 未有可用模型，等待模型训练完成...
2025-01-19 01:01:22,545 - 未有可用模型，等待模型训练完成...
2025-01-19 01:01:52,550 - 未有可用模型，等待模型训练完成...
2025-01-19 01:02:22,557 - 未有可用模型，等待模型训练完成...
2025-01-19 01:02:52,574 - 未有可用模型，等待模型训练完成...
2025-01-19 01:03:22,589 - 未有可用模型，等待模型训练完成...
2025-01-19 01:03:52,599 - 未有可用模型，等待模型训练完成...
2025-01-19 01:04:22,613 - 未有可用模型，等待模型训练完成...
2025-01-19 01:04:52,622 - 未有可用模型，等待模型训练完成...
2025-01-19 01:05:22,645 - 未有可用模型，等待模型训练完成...
2025-01-19 01:05:52,652 - 未有可用模型，等待模型训练完成...
2025-01-19 01:05:54,801 - 训练与评估完成
2025-01-19 01:05:54,831 - 保存预测结果完成
2025-01-19 01:05:55,053 - 可视化结果完成
2025-01-19 01:05:55,259 - 模型已成功保存到 D:\my-vue-project\wind-power-forecast\backend\auto_scripts\models\middlemodel\20250119，模型可用。
2025-01-19 01:06:22,668 - 未找到预测 CSV 文件，等待 30 秒后重试...
2025-01-19 01:06:52,678 - 未找到预测 CSV 文件，等待 30 秒后重试...
2025-01-19 01:07:22,681 - 未找到预测 CSV 文件，等待 30 秒后重试...
2025-01-19 01:07:52,697 - 未找到预测 CSV 文件，等待 30 秒后重试...
2025-01-19 01:08:22,703 - 未找到预测 CSV 文件，等待 30 秒后重试...
2025-01-19 01:08:52,712 - 未找到预测 CSV 文件，等待 30 秒后重试...
2025-01-19 01:09:22,725 - 未找到预测 CSV 文件，等待 30 秒后重试...
2025-01-19 01:09:52,741 - 未找到预测 CSV 文件，等待 30 秒后重试...
2025-01-19 01:10:22,754 - 未找到预测 CSV 文件，等待 30 秒后重试...
2025-01-19 01:10:52,768 - 未找到预测 CSV 文件，等待 30 秒后重试...
2025-01-19 01:11:22,779 - 未找到预测 CSV 文件，等待 30 秒后重试...
2025-01-19 01:11:52,793 - 未找到预测 CSV 文件，等待 30 秒后重试...
2025-01-19 01:12:22,801 - 未找到预测 CSV 文件，等待 30 秒后重试...
2025-01-19 01:12:52,813 - 未找到预测 CSV 文件，等待 30 秒后重试...
2025-01-19 01:13:22,819 - 未找到预测 CSV 文件，等待 30 秒后重试...
2025-01-19 01:13:52,830 - 未找到预测 CSV 文件，等待 30 秒后重试...
2025-01-19 01:14:22,840 - 未找到预测 CSV 文件，等待 30 秒后重试...
2025-01-19 01:14:52,854 - 未找到预测 CSV 文件，等待 30 秒后重试...
2025-01-19 01:15:22,865 - 未找到预测 CSV 文件，等待 30 秒后重试...
2025-01-19 01:15:52,871 - 未找到预测 CSV 文件，等待 30 秒后重试...
2025-01-19 01:16:22,881 - 未找到预测 CSV 文件，等待 30 秒后重试...
2025-01-19 01:16:52,888 - 未找到预测 CSV 文件，等待 30 秒后重试...
2025-01-19 01:17:22,901 - 未找到预测 CSV 文件，等待 30 秒后重试...
2025-01-19 01:17:52,912 - 未找到预测 CSV 文件，等待 30 秒后重试...
2025-01-19 01:18:22,928 - 未找到预测 CSV 文件，等待 30 秒后重试...
2025-01-19 01:18:52,934 - 未找到预测 CSV 文件，等待 30 秒后重试...
2025-01-19 01:19:22,936 - 未找到预测 CSV 文件，等待 30 秒后重试...
2025-01-19 01:19:52,950 - 未找到预测 CSV 文件，等待 30 秒后重试...
2025-01-19 01:20:22,961 - 未找到预测 CSV 文件，等待 30 秒后重试...
2025-01-19 01:20:52,963 - 未找到预测 CSV 文件，等待 30 秒后重试...
2025-01-19 01:21:22,966 - 未找到预测 CSV 文件，等待 30 秒后重试...
2025-01-19 01:21:52,971 - 未找到预测 CSV 文件，等待 30 秒后重试...
2025-01-19 01:22:22,978 - 未找到预测 CSV 文件，等待 30 秒后重试...
2025-01-19 01:22:52,991 - 未找到预测 CSV 文件，等待 30 秒后重试...
2025-01-19 01:23:23,008 - 未找到预测 CSV 文件，等待 30 秒后重试...
2025-01-19 01:23:53,017 - 未找到预测 CSV 文件，等待 30 秒后重试...
2025-01-19 01:24:23,026 - 未找到预测 CSV 文件，等待 30 秒后重试...
2025-01-19 01:24:53,041 - 未找到预测 CSV 文件，等待 30 秒后重试...
2025-01-19 01:25:23,052 - 未找到预测 CSV 文件，等待 30 秒后重试...
2025-01-19 01:25:53,055 - 未找到预测 CSV 文件，等待 30 秒后重试...
2025-01-19 01:26:23,071 - 未找到预测 CSV 文件，等待 30 秒后重试...
2025-01-19 01:26:53,086 - 未找到预测 CSV 文件，等待 30 秒后重试...
2025-01-19 01:27:23,089 - 未找到预测 CSV 文件，等待 30 秒后重试...
2025-01-19 01:27:53,099 - 未找到预测 CSV 文件，等待 30 秒后重试...
2025-01-19 01:28:23,103 - 未找到预测 CSV 文件，等待 30 秒后重试...
2025-01-19 01:28:53,116 - 未找到预测 CSV 文件，等待 30 秒后重试...
2025-01-19 01:29:23,131 - 未找到预测 CSV 文件，等待 30 秒后重试...
2025-01-19 01:29:53,143 - 未找到预测 CSV 文件，等待 30 秒后重试...
2025-01-19 01:30:23,151 - 未找到预测 CSV 文件，等待 30 秒后重试...
2025-01-19 01:30:53,155 - 未找到预测 CSV 文件，等待 30 秒后重试...
2025-01-19 01:31:23,158 - 未找到预测 CSV 文件，等待 30 秒后重试...
2025-01-19 01:31:53,165 - 未找到预测 CSV 文件，等待 30 秒后重试...
2025-01-19 01:32:23,181 - 未找到预测 CSV 文件，等待 30 秒后重试...
2025-01-19 01:32:53,186 - 未找到预测 CSV 文件，等待 30 秒后重试...
2025-01-19 01:33:23,192 - 未找到预测 CSV 文件，等待 30 秒后重试...
2025-01-19 01:33:53,200 - 未找到预测 CSV 文件，等待 30 秒后重试...
2025-01-19 01:34:23,215 - 未找到预测 CSV 文件，等待 30 秒后重试...
2025-01-19 01:34:53,225 - 未找到预测 CSV 文件，等待 30 秒后重试...
2025-01-19 01:35:23,229 - 未找到预测 CSV 文件，等待 30 秒后重试...
2025-01-19 01:35:53,232 - 未找到预测 CSV 文件，等待 30 秒后重试...
2025-01-19 01:36:23,241 - 未找到预测 CSV 文件，等待 30 秒后重试...
2025-01-19 01:36:53,252 - 未找到预测 CSV 文件，等待 30 秒后重试...
2025-01-19 01:37:23,261 - 未找到预测 CSV 文件，等待 30 秒后重试...
2025-01-19 01:37:53,269 - 未找到预测 CSV 文件，等待 30 秒后重试...
2025-01-19 01:38:23,282 - 未找到预测 CSV 文件，等待 30 秒后重试...
2025-01-19 01:38:53,290 - 未找到预测 CSV 文件，等待 30 秒后重试...
2025-01-19 01:39:23,297 - 未找到预测 CSV 文件，等待 30 秒后重试...
2025-01-19 01:39:53,305 - 未找到预测 CSV 文件，等待 30 秒后重试...
2025-01-19 01:40:23,311 - 未找到预测 CSV 文件，等待 30 秒后重试...
2025-01-19 01:40:53,320 - 未找到预测 CSV 文件，等待 30 秒后重试...
2025-01-19 01:41:23,337 - 未找到预测 CSV 文件，等待 30 秒后重试...
2025-01-19 01:41:53,351 - 未找到预测 CSV 文件，等待 30 秒后重试...
2025-01-19 01:42:23,360 - 未找到预测 CSV 文件，等待 30 秒后重试...
2025-01-19 01:42:53,369 - 未找到预测 CSV 文件，等待 30 秒后重试...
2025-01-19 01:43:23,372 - 未找到预测 CSV 文件，等待 30 秒后重试...
2025-01-19 01:43:53,383 - 未找到预测 CSV 文件，等待 30 秒后重试...
2025-01-19 01:44:23,400 - 未找到预测 CSV 文件，等待 30 秒后重试...
2025-01-19 01:44:53,416 - 未找到预测 CSV 文件，等待 30 秒后重试...
2025-01-19 01:45:23,425 - 未找到预测 CSV 文件，等待 30 秒后重试...
2025-01-19 01:45:53,429 - 未找到预测 CSV 文件，等待 30 秒后重试...
2025-01-19 01:46:23,440 - 未找到预测 CSV 文件，等待 30 秒后重试...
2025-01-19 01:46:53,451 - 未找到预测 CSV 文件，等待 30 秒后重试...
2025-01-19 01:47:23,462 - 未找到预测 CSV 文件，等待 30 秒后重试...
2025-01-19 01:47:53,465 - 未找到预测 CSV 文件，等待 30 秒后重试...
2025-01-19 01:48:23,475 - 未找到预测 CSV 文件，等待 30 秒后重试...
2025-01-19 01:48:53,486 - 未找到预测 CSV 文件，等待 30 秒后重试...
2025-01-19 01:49:23,500 - 未找到预测 CSV 文件，等待 30 秒后重试...
2025-01-19 01:49:53,512 - 未找到预测 CSV 文件，等待 30 秒后重试...
2025-01-19 01:50:23,528 - 未找到预测 CSV 文件，等待 30 秒后重试...
2025-01-19 01:50:53,534 - 未找到预测 CSV 文件，等待 30 秒后重试...
2025-01-19 01:51:23,539 - 未找到预测 CSV 文件，等待 30 秒后重试...
2025-01-19 01:51:53,545 - 未找到预测 CSV 文件，等待 30 秒后重试...
2025-01-19 01:52:23,559 - 未找到预测 CSV 文件，等待 30 秒后重试...
2025-01-19 01:52:53,575 - 未找到预测 CSV 文件，等待 30 秒后重试...
2025-01-19 01:53:23,586 - 未找到预测 CSV 文件，等待 30 秒后重试...
2025-01-19 01:53:53,598 - 未找到预测 CSV 文件，等待 30 秒后重试...
2025-01-19 01:54:23,613 - 未找到预测 CSV 文件，等待 30 秒后重试...
2025-01-19 01:54:53,619 - 未找到预测 CSV 文件，等待 30 秒后重试...
2025-01-19 01:55:23,622 - 未找到预测 CSV 文件，等待 30 秒后重试...
2025-01-19 01:55:53,638 - 未找到预测 CSV 文件，等待 30 秒后重试...
2025-01-19 01:56:23,654 - 未找到预测 CSV 文件，等待 30 秒后重试...
2025-01-19 01:56:53,664 - 未找到预测 CSV 文件，等待 30 秒后重试...
2025-01-19 01:57:23,675 - 未找到预测 CSV 文件，等待 30 秒后重试...
2025-01-19 01:57:53,681 - 未找到预测 CSV 文件，等待 30 秒后重试...
2025-01-19 01:58:23,694 - 未找到预测 CSV 文件，等待 30 秒后重试...
2025-01-19 01:58:53,702 - 未找到预测 CSV 文件，等待 30 秒后重试...
2025-01-19 01:59:23,718 - 未找到预测 CSV 文件，等待 30 秒后重试...
2025-01-19 01:59:53,733 - 未找到预测 CSV 文件，等待 30 秒后重试...
2025-01-19 02:00:23,743 - 未找到预测 CSV 文件，等待 30 秒后重试...
2025-01-19 02:00:53,749 - 未找到预测 CSV 文件，等待 30 秒后重试...
2025-01-19 02:01:23,764 - 未找到预测 CSV 文件，等待 30 秒后重试...
2025-01-19 02:01:53,776 - 未找到预测 CSV 文件，等待 30 秒后重试...
2025-01-19 02:02:23,785 - 未找到预测 CSV 文件，等待 30 秒后重试...
2025-01-19 02:02:53,787 - 未找到预测 CSV 文件，等待 30 秒后重试...
2025-01-19 02:03:23,799 - 未找到预测 CSV 文件，等待 30 秒后重试...
2025-01-19 02:03:53,803 - 未找到预测 CSV 文件，等待 30 秒后重试...
2025-01-19 02:04:23,805 - 未找到预测 CSV 文件，等待 30 秒后重试...
2025-01-19 02:04:53,813 - 未找到预测 CSV 文件，等待 30 秒后重试...
2025-01-19 02:05:23,819 - 未找到预测 CSV 文件，等待 30 秒后重试...
2025-01-19 02:05:53,832 - 未找到预测 CSV 文件，等待 30 秒后重试...
2025-01-19 02:06:23,845 - 未找到预测 CSV 文件，等待 30 秒后重试...
2025-01-19 02:06:53,855 - 未找到预测 CSV 文件，等待 30 秒后重试...
2025-01-19 02:07:23,865 - 未找到预测 CSV 文件，等待 30 秒后重试...
2025-01-19 02:07:53,875 - 未找到预测 CSV 文件，等待 30 秒后重试...
2025-01-19 02:08:23,888 - 未找到预测 CSV 文件，等待 30 秒后重试...
2025-01-19 02:08:53,902 - 未找到预测 CSV 文件，等待 30 秒后重试...
2025-01-19 02:09:23,916 - 未找到预测 CSV 文件，等待 30 秒后重试...
2025-01-19 02:09:53,925 - 未找到预测 CSV 文件，等待 30 秒后重试...
2025-01-19 02:10:23,928 - 未找到预测 CSV 文件，等待 30 秒后重试...
2025-01-19 02:10:53,939 - 未找到预测 CSV 文件，等待 30 秒后重试...
2025-01-19 02:11:23,957 - 未找到预测 CSV 文件，等待 30 秒后重试...
2025-01-19 02:11:53,973 - 未找到预测 CSV 文件，等待 30 秒后重试...
2025-01-19 02:12:23,974 - 未找到预测 CSV 文件，等待 30 秒后重试...
2025-01-19 02:12:53,984 - 未找到预测 CSV 文件，等待 30 秒后重试...
2025-01-19 02:13:23,990 - 未找到预测 CSV 文件，等待 30 秒后重试...
2025-01-19 02:13:54,006 - 未找到预测 CSV 文件，等待 30 秒后重试...
2025-01-19 02:14:24,015 - 未找到预测 CSV 文件，等待 30 秒后重试...
2025-01-19 02:14:54,017 - 未找到预测 CSV 文件，等待 30 秒后重试...
2025-01-19 02:15:24,029 - 未找到预测 CSV 文件，等待 30 秒后重试...
2025-01-19 02:15:54,038 - 未找到预测 CSV 文件，等待 30 秒后重试...
2025-01-19 02:16:24,042 - 未找到预测 CSV 文件，等待 30 秒后重试...
2025-01-19 02:16:54,058 - 未找到预测 CSV 文件，等待 30 秒后重试...
2025-01-19 02:17:24,060 - 未找到预测 CSV 文件，等待 30 秒后重试...
2025-01-19 02:17:54,070 - 未找到预测 CSV 文件，等待 30 秒后重试...
2025-01-19 02:18:24,078 - 未找到预测 CSV 文件，等待 30 秒后重试...
2025-01-19 02:18:54,088 - 未找到预测 CSV 文件，等待 30 秒后重试...
2025-01-19 02:19:24,095 - 未找到预测 CSV 文件，等待 30 秒后重试...
2025-01-19 02:19:54,104 - 未找到预测 CSV 文件，等待 30 秒后重试...
2025-01-19 02:20:24,111 - 未找到预测 CSV 文件，等待 30 秒后重试...
2025-01-19 02:20:54,121 - 未找到预测 CSV 文件，等待 30 秒后重试...
2025-01-19 02:21:24,125 - 未找到预测 CSV 文件，等待 30 秒后重试...
2025-01-19 02:21:54,131 - 未找到预测 CSV 文件，等待 30 秒后重试...
2025-01-19 02:22:24,146 - 未找到预测 CSV 文件，等待 30 秒后重试...
2025-01-19 02:22:54,160 - 未找到预测 CSV 文件，等待 30 秒后重试...
2025-01-19 02:23:24,174 - 未找到预测 CSV 文件，等待 30 秒后重试...
2025-01-19 02:23:54,186 - 未找到预测 CSV 文件，等待 30 秒后重试...
2025-01-19 02:24:24,198 - 未找到预测 CSV 文件，等待 30 秒后重试...
2025-01-19 02:24:54,208 - 未找到预测 CSV 文件，等待 30 秒后重试...
2025-01-19 02:25:24,224 - 未找到预测 CSV 文件，等待 30 秒后重试...
2025-01-19 02:25:54,227 - 未找到预测 CSV 文件，等待 30 秒后重试...
2025-01-19 02:26:24,238 - 未找到预测 CSV 文件，等待 30 秒后重试...
2025-01-19 02:26:54,251 - 未找到预测 CSV 文件，等待 30 秒后重试...
2025-01-19 02:27:24,266 - 未找到预测 CSV 文件，等待 30 秒后重试...
2025-01-19 02:27:54,267 - 未找到预测 CSV 文件，等待 30 秒后重试...
2025-01-19 02:28:24,279 - 未找到预测 CSV 文件，等待 30 秒后重试...
2025-01-19 02:28:54,292 - 未找到预测 CSV 文件，等待 30 秒后重试...
2025-01-19 02:29:24,304 - 未找到预测 CSV 文件，等待 30 秒后重试...
2025-01-19 02:29:54,317 - 未找到预测 CSV 文件，等待 30 秒后重试...
2025-01-19 02:30:24,321 - 未找到预测 CSV 文件，等待 30 秒后重试...
2025-01-19 02:30:54,327 - 未找到预测 CSV 文件，等待 30 秒后重试...
2025-01-19 02:31:24,339 - 未找到预测 CSV 文件，等待 30 秒后重试...
2025-01-19 02:31:54,344 - 未找到预测 CSV 文件，等待 30 秒后重试...
2025-01-19 02:32:24,358 - 未找到预测 CSV 文件，等待 30 秒后重试...
2025-01-19 02:32:54,360 - 未找到预测 CSV 文件，等待 30 秒后重试...
2025-01-19 02:33:24,373 - 未找到预测 CSV 文件，等待 30 秒后重试...
2025-01-19 02:33:54,380 - 未找到预测 CSV 文件，等待 30 秒后重试...
2025-01-19 02:34:24,394 - 未找到预测 CSV 文件，等待 30 秒后重试...
2025-01-19 02:34:54,398 - 未找到预测 CSV 文件，等待 30 秒后重试...
2025-01-19 02:35:24,403 - 未找到预测 CSV 文件，等待 30 秒后重试...
2025-01-19 02:35:54,412 - 未找到预测 CSV 文件，等待 30 秒后重试...
2025-01-19 02:36:24,419 - 未找到预测 CSV 文件，等待 30 秒后重试...
2025-01-19 02:36:54,433 - 未找到预测 CSV 文件，等待 30 秒后重试...
2025-01-19 02:37:24,443 - 未找到预测 CSV 文件，等待 30 秒后重试...
2025-01-19 02:37:54,459 - 未找到预测 CSV 文件，等待 30 秒后重试...
2025-01-19 02:38:24,473 - 未找到预测 CSV 文件，等待 30 秒后重试...
2025-01-19 02:38:54,479 - 未找到预测 CSV 文件，等待 30 秒后重试...
2025-01-19 02:39:24,492 - 未找到预测 CSV 文件，等待 30 秒后重试...
2025-01-19 02:39:54,503 - 未找到预测 CSV 文件，等待 30 秒后重试...
2025-01-19 02:40:24,520 - 未找到预测 CSV 文件，等待 30 秒后重试...
2025-01-19 02:40:54,525 - 未找到预测 CSV 文件，等待 30 秒后重试...
2025-01-19 02:41:24,539 - 未找到预测 CSV 文件，等待 30 秒后重试...
2025-01-19 02:41:54,551 - 未找到预测 CSV 文件，等待 30 秒后重试...
2025-01-19 02:42:24,553 - 未找到预测 CSV 文件，等待 30 秒后重试...
2025-01-19 02:42:54,570 - 未找到预测 CSV 文件，等待 30 秒后重试...
2025-01-19 02:43:24,582 - 未找到预测 CSV 文件，等待 30 秒后重试...
2025-01-19 02:43:54,585 - 未找到预测 CSV 文件，等待 30 秒后重试...
2025-01-19 02:44:24,590 - 未找到预测 CSV 文件，等待 30 秒后重试...
2025-01-19 02:44:54,595 - 未找到预测 CSV 文件，等待 30 秒后重试...
2025-01-19 02:45:24,598 - 未找到预测 CSV 文件，等待 30 秒后重试...
2025-01-19 02:45:54,610 - 未找到预测 CSV 文件，等待 30 秒后重试...
2025-01-19 02:46:24,620 - 未找到预测 CSV 文件，等待 30 秒后重试...
2025-01-19 02:46:54,636 - 未找到预测 CSV 文件，等待 30 秒后重试...
2025-01-19 02:47:24,646 - 未找到预测 CSV 文件，等待 30 秒后重试...
2025-01-19 02:47:54,662 - 未找到预测 CSV 文件，等待 30 秒后重试...
2025-01-19 02:48:24,665 - 未找到预测 CSV 文件，等待 30 秒后重试...
2025-01-19 02:48:54,679 - 未找到预测 CSV 文件，等待 30 秒后重试...
2025-01-19 02:49:24,692 - 未找到预测 CSV 文件，等待 30 秒后重试...
2025-01-19 02:49:54,701 - 未找到预测 CSV 文件，等待 30 秒后重试...
2025-01-19 02:50:24,707 - 未找到预测 CSV 文件，等待 30 秒后重试...
2025-01-19 02:50:54,716 - 未找到预测 CSV 文件，等待 30 秒后重试...
2025-01-19 02:51:24,731 - 未找到预测 CSV 文件，等待 30 秒后重试...
2025-01-19 02:51:54,746 - 未找到预测 CSV 文件，等待 30 秒后重试...
2025-01-19 02:52:24,749 - 未找到预测 CSV 文件，等待 30 秒后重试...
2025-01-19 02:52:54,764 - 未找到预测 CSV 文件，等待 30 秒后重试...
2025-01-19 02:53:24,767 - 未找到预测 CSV 文件，等待 30 秒后重试...
2025-01-19 02:53:54,780 - 未找到预测 CSV 文件，等待 30 秒后重试...
2025-01-19 02:54:24,789 - 未找到预测 CSV 文件，等待 30 秒后重试...
2025-01-19 02:54:54,792 - 未找到预测 CSV 文件，等待 30 秒后重试...
2025-01-19 02:55:24,798 - 未找到预测 CSV 文件，等待 30 秒后重试...
2025-01-19 02:55:54,811 - 未找到预测 CSV 文件，等待 30 秒后重试...
2025-01-19 02:56:24,826 - 未找到预测 CSV 文件，等待 30 秒后重试...
2025-01-19 02:56:54,837 - 未找到预测 CSV 文件，等待 30 秒后重试...
2025-01-19 02:57:24,851 - 未找到预测 CSV 文件，等待 30 秒后重试...
2025-01-19 02:57:54,856 - 未找到预测 CSV 文件，等待 30 秒后重试...
2025-01-19 02:58:24,866 - 未找到预测 CSV 文件，等待 30 秒后重试...
2025-01-19 02:58:54,884 - 未找到预测 CSV 文件，等待 30 秒后重试...
2025-01-19 02:59:24,888 - 未找到预测 CSV 文件，等待 30 秒后重试...
2025-01-19 02:59:54,902 - 未找到预测 CSV 文件，等待 30 秒后重试...
2025-01-19 03:00:24,907 - 未找到预测 CSV 文件，等待 30 秒后重试...
2025-01-19 03:00:54,914 - 未找到预测 CSV 文件，等待 30 秒后重试...
2025-01-19 03:01:24,920 - 未找到预测 CSV 文件，等待 30 秒后重试...
2025-01-19 03:01:54,932 - 未找到预测 CSV 文件，等待 30 秒后重试...
2025-01-19 03:02:24,942 - 未找到预测 CSV 文件，等待 30 秒后重试...
2025-01-19 03:02:54,950 - 未找到预测 CSV 文件，等待 30 秒后重试...
2025-01-19 03:03:24,958 - 未找到预测 CSV 文件，等待 30 秒后重试...
2025-01-19 03:03:54,961 - 未找到预测 CSV 文件，等待 30 秒后重试...
2025-01-19 03:04:24,975 - 未找到预测 CSV 文件，等待 30 秒后重试...
2025-01-19 03:04:54,991 - 未找到预测 CSV 文件，等待 30 秒后重试...
2025-01-19 03:05:24,994 - 未找到预测 CSV 文件，等待 30 秒后重试...
2025-01-19 03:05:55,003 - 未找到预测 CSV 文件，等待 30 秒后重试...
2025-01-19 03:06:25,018 - 未找到预测 CSV 文件，等待 30 秒后重试...
2025-01-19 03:06:55,021 - 未找到预测 CSV 文件，等待 30 秒后重试...
2025-01-19 03:07:25,027 - 未找到预测 CSV 文件，等待 30 秒后重试...
2025-01-19 03:07:55,037 - 未找到预测 CSV 文件，等待 30 秒后重试...
2025-01-19 03:08:25,043 - 未找到预测 CSV 文件，等待 30 秒后重试...
2025-01-19 03:08:55,059 - 未找到预测 CSV 文件，等待 30 秒后重试...
2025-01-19 03:09:25,065 - 未找到预测 CSV 文件，等待 30 秒后重试...
2025-01-19 03:09:55,082 - 未找到预测 CSV 文件，等待 30 秒后重试...
2025-01-19 03:10:25,101 - 未找到预测 CSV 文件，等待 30 秒后重试...
2025-01-19 03:10:55,109 - 未找到预测 CSV 文件，等待 30 秒后重试...
2025-01-19 03:11:25,117 - 未找到预测 CSV 文件，等待 30 秒后重试...
2025-01-19 03:11:55,121 - 未找到预测 CSV 文件，等待 30 秒后重试...
2025-01-19 03:12:25,136 - 未找到预测 CSV 文件，等待 30 秒后重试...
2025-01-19 03:12:55,141 - 未找到预测 CSV 文件，等待 30 秒后重试...
2025-01-19 03:13:25,147 - 未找到预测 CSV 文件，等待 30 秒后重试...
2025-01-19 03:13:55,153 - 未找到预测 CSV 文件，等待 30 秒后重试...
2025-01-19 03:14:25,164 - 未找到预测 CSV 文件，等待 30 秒后重试...
2025-01-19 03:14:55,167 - 未找到预测 CSV 文件，等待 30 秒后重试...
2025-01-19 03:15:25,171 - 未找到预测 CSV 文件，等待 30 秒后重试...
2025-01-19 03:15:55,182 - 未找到预测 CSV 文件，等待 30 秒后重试...
2025-01-19 03:16:25,183 - 未找到预测 CSV 文件，等待 30 秒后重试...
2025-01-19 03:16:55,199 - 未找到预测 CSV 文件，等待 30 秒后重试...
2025-01-19 03:17:25,215 - 未找到预测 CSV 文件，等待 30 秒后重试...
2025-01-19 03:17:55,220 - 未找到预测 CSV 文件，等待 30 秒后重试...
2025-01-19 03:18:25,228 - 未找到预测 CSV 文件，等待 30 秒后重试...
2025-01-19 03:18:55,242 - 未找到预测 CSV 文件，等待 30 秒后重试...
2025-01-19 03:19:25,255 - 未找到预测 CSV 文件，等待 30 秒后重试...
2025-01-19 03:19:55,269 - 未找到预测 CSV 文件，等待 30 秒后重试...
2025-01-19 03:20:25,278 - 未找到预测 CSV 文件，等待 30 秒后重试...
2025-01-19 03:20:55,283 - 未找到预测 CSV 文件，等待 30 秒后重试...
2025-01-19 03:21:25,300 - 未找到预测 CSV 文件，等待 30 秒后重试...
2025-01-19 03:21:55,315 - 未找到预测 CSV 文件，等待 30 秒后重试...
2025-01-19 03:22:25,326 - 未找到预测 CSV 文件，等待 30 秒后重试...
2025-01-19 03:22:55,332 - 未找到预测 CSV 文件，等待 30 秒后重试...
2025-01-19 03:23:25,340 - 未找到预测 CSV 文件，等待 30 秒后重试...
2025-01-19 03:23:55,354 - 未找到预测 CSV 文件，等待 30 秒后重试...
2025-01-19 03:24:25,364 - 未找到预测 CSV 文件，等待 30 秒后重试...
2025-01-19 03:24:55,371 - 未找到预测 CSV 文件，等待 30 秒后重试...
2025-01-19 03:25:25,375 - 未找到预测 CSV 文件，等待 30 秒后重试...
2025-01-19 03:25:55,377 - 未找到预测 CSV 文件，等待 30 秒后重试...
2025-01-19 03:26:25,394 - 未找到预测 CSV 文件，等待 30 秒后重试...
2025-01-19 03:26:55,407 - 未找到预测 CSV 文件，等待 30 秒后重试...
2025-01-19 03:27:25,425 - 未找到预测 CSV 文件，等待 30 秒后重试...
2025-01-19 03:27:55,434 - 未找到预测 CSV 文件，等待 30 秒后重试...
2025-01-19 03:28:25,444 - 未找到预测 CSV 文件，等待 30 秒后重试...
2025-01-19 03:28:55,451 - 未找到预测 CSV 文件，等待 30 秒后重试...
2025-01-19 03:29:25,461 - 未找到预测 CSV 文件，等待 30 秒后重试...
2025-01-19 03:29:55,471 - 未找到预测 CSV 文件，等待 30 秒后重试...
2025-01-19 03:30:25,483 - 未找到预测 CSV 文件，等待 30 秒后重试...
2025-01-19 03:30:55,485 - 未找到预测 CSV 文件，等待 30 秒后重试...
2025-01-19 03:31:25,498 - 未找到预测 CSV 文件，等待 30 秒后重试...
2025-01-19 03:31:55,511 - 未找到预测 CSV 文件，等待 30 秒后重试...
2025-01-19 03:32:25,526 - 未找到预测 CSV 文件，等待 30 秒后重试...
2025-01-19 03:32:55,528 - 未找到预测 CSV 文件，等待 30 秒后重试...
2025-01-19 03:33:25,543 - 未找到预测 CSV 文件，等待 30 秒后重试...
2025-01-19 03:33:55,559 - 未找到预测 CSV 文件，等待 30 秒后重试...
2025-01-19 03:34:25,562 - 未找到预测 CSV 文件，等待 30 秒后重试...
2025-01-19 03:34:55,573 - 未找到预测 CSV 文件，等待 30 秒后重试...
2025-01-19 03:35:25,588 - 未找到预测 CSV 文件，等待 30 秒后重试...
2025-01-19 03:35:55,602 - 未找到预测 CSV 文件，等待 30 秒后重试...
2025-01-19 03:36:25,618 - 未找到预测 CSV 文件，等待 30 秒后重试...
2025-01-19 03:36:55,625 - 未找到预测 CSV 文件，等待 30 秒后重试...
2025-01-19 03:37:25,640 - 未找到预测 CSV 文件，等待 30 秒后重试...
2025-01-19 03:37:55,657 - 未找到预测 CSV 文件，等待 30 秒后重试...
2025-01-19 03:38:25,659 - 未找到预测 CSV 文件，等待 30 秒后重试...
2025-01-19 03:38:55,671 - 未找到预测 CSV 文件，等待 30 秒后重试...
2025-01-19 03:39:25,685 - 未找到预测 CSV 文件，等待 30 秒后重试...
2025-01-19 03:39:55,700 - 未找到预测 CSV 文件，等待 30 秒后重试...
2025-01-19 03:40:25,714 - 未找到预测 CSV 文件，等待 30 秒后重试...
2025-01-19 03:40:55,724 - 未找到预测 CSV 文件，等待 30 秒后重试...
2025-01-19 03:41:25,730 - 未找到预测 CSV 文件，等待 30 秒后重试...
2025-01-19 03:41:55,735 - 未找到预测 CSV 文件，等待 30 秒后重试...
2025-01-19 03:42:25,736 - 未找到预测 CSV 文件，等待 30 秒后重试...
2025-01-19 03:42:55,751 - 未找到预测 CSV 文件，等待 30 秒后重试...
2025-01-19 03:43:25,763 - 未找到预测 CSV 文件，等待 30 秒后重试...
2025-01-19 03:43:55,766 - 未找到预测 CSV 文件，等待 30 秒后重试...
2025-01-19 03:44:25,775 - 未找到预测 CSV 文件，等待 30 秒后重试...
2025-01-19 03:44:55,789 - 未找到预测 CSV 文件，等待 30 秒后重试...
2025-01-19 03:45:25,801 - 未找到预测 CSV 文件，等待 30 秒后重试...
2025-01-19 03:45:55,807 - 未找到预测 CSV 文件，等待 30 秒后重试...
2025-01-19 03:46:25,812 - 未找到预测 CSV 文件，等待 30 秒后重试...
2025-01-19 03:46:55,817 - 未找到预测 CSV 文件，等待 30 秒后重试...
2025-01-19 03:47:25,823 - 未找到预测 CSV 文件，等待 30 秒后重试...
2025-01-19 03:47:55,834 - 未找到预测 CSV 文件，等待 30 秒后重试...
2025-01-19 03:48:25,851 - 未找到预测 CSV 文件，等待 30 秒后重试...
2025-01-19 03:48:55,867 - 未找到预测 CSV 文件，等待 30 秒后重试...
2025-01-19 03:49:25,881 - 未找到预测 CSV 文件，等待 30 秒后重试...
2025-01-19 03:49:55,891 - 未找到预测 CSV 文件，等待 30 秒后重试...
2025-01-19 03:50:25,901 - 未找到预测 CSV 文件，等待 30 秒后重试...
2025-01-19 03:50:55,902 - 未找到预测 CSV 文件，等待 30 秒后重试...
2025-01-19 03:51:25,910 - 未找到预测 CSV 文件，等待 30 秒后重试...
2025-01-19 03:51:55,925 - 未找到预测 CSV 文件，等待 30 秒后重试...
2025-01-19 03:52:25,929 - 未找到预测 CSV 文件，等待 30 秒后重试...
2025-01-19 03:52:55,935 - 未找到预测 CSV 文件，等待 30 秒后重试...
2025-01-19 03:53:25,949 - 未找到预测 CSV 文件，等待 30 秒后重试...
2025-01-19 03:53:55,954 - 未找到预测 CSV 文件，等待 30 秒后重试...
2025-01-19 03:54:25,961 - 未找到预测 CSV 文件，等待 30 秒后重试...
2025-01-19 03:54:55,967 - 未找到预测 CSV 文件，等待 30 秒后重试...
2025-01-19 03:55:25,972 - 未找到预测 CSV 文件，等待 30 秒后重试...
2025-01-19 03:55:55,982 - 未找到预测 CSV 文件，等待 30 秒后重试...
2025-01-19 03:56:25,987 - 未找到预测 CSV 文件，等待 30 秒后重试...
2025-01-19 03:56:56,002 - 未找到预测 CSV 文件，等待 30 秒后重试...
2025-01-19 03:57:26,011 - 未找到预测 CSV 文件，等待 30 秒后重试...
2025-01-19 03:57:56,021 - 未找到预测 CSV 文件，等待 30 秒后重试...
2025-01-19 03:58:26,037 - 未找到预测 CSV 文件，等待 30 秒后重试...
2025-01-19 03:58:56,042 - 未找到预测 CSV 文件，等待 30 秒后重试...
2025-01-19 03:59:26,045 - 未找到预测 CSV 文件，等待 30 秒后重试...
2025-01-19 03:59:56,049 - 未找到预测 CSV 文件，等待 30 秒后重试...
2025-01-19 04:00:26,052 - 未找到预测 CSV 文件，等待 30 秒后重试...
2025-01-19 04:00:56,066 - 未找到预测 CSV 文件，等待 30 秒后重试...
2025-01-19 04:01:26,081 - 未找到预测 CSV 文件，等待 30 秒后重试...
2025-01-19 04:01:56,096 - 未找到预测 CSV 文件，等待 30 秒后重试...
2025-01-19 04:02:26,107 - 未找到预测 CSV 文件，等待 30 秒后重试...
2025-01-19 04:02:56,112 - 未找到预测 CSV 文件，等待 30 秒后重试...
2025-01-19 04:03:26,118 - 未找到预测 CSV 文件，等待 30 秒后重试...
2025-01-19 04:03:56,134 - 未找到预测 CSV 文件，等待 30 秒后重试...
2025-01-19 04:04:26,144 - 未找到预测 CSV 文件，等待 30 秒后重试...
2025-01-19 04:04:56,159 - 未找到预测 CSV 文件，等待 30 秒后重试...
2025-01-19 04:05:26,174 - 未找到预测 CSV 文件，等待 30 秒后重试...
2025-01-19 04:05:56,192 - 未找到预测 CSV 文件，等待 30 秒后重试...
2025-01-19 04:06:26,207 - 未找到预测 CSV 文件，等待 30 秒后重试...
2025-01-19 04:06:56,220 - 未找到预测 CSV 文件，等待 30 秒后重试...
2025-01-19 04:07:26,238 - 未找到预测 CSV 文件，等待 30 秒后重试...
2025-01-19 04:07:56,242 - 未找到预测 CSV 文件，等待 30 秒后重试...
2025-01-19 04:08:26,244 - 未找到预测 CSV 文件，等待 30 秒后重试...
2025-01-19 04:08:56,250 - 未找到预测 CSV 文件，等待 30 秒后重试...
2025-01-19 04:09:26,251 - 未找到预测 CSV 文件，等待 30 秒后重试...
2025-01-19 04:09:56,256 - 未找到预测 CSV 文件，等待 30 秒后重试...
2025-01-19 04:10:26,270 - 未找到预测 CSV 文件，等待 30 秒后重试...
2025-01-19 04:10:56,277 - 未找到预测 CSV 文件，等待 30 秒后重试...
2025-01-19 04:11:26,279 - 未找到预测 CSV 文件，等待 30 秒后重试...
2025-01-19 04:11:56,283 - 未找到预测 CSV 文件，等待 30 秒后重试...
2025-01-19 04:12:26,292 - 未找到预测 CSV 文件，等待 30 秒后重试...
2025-01-19 04:12:56,299 - 未找到预测 CSV 文件，等待 30 秒后重试...
2025-01-19 04:13:26,305 - 未找到预测 CSV 文件，等待 30 秒后重试...
2025-01-19 04:13:56,318 - 未找到预测 CSV 文件，等待 30 秒后重试...
2025-01-19 04:14:26,319 - 未找到预测 CSV 文件，等待 30 秒后重试...
2025-01-19 04:14:56,329 - 未找到预测 CSV 文件，等待 30 秒后重试...
2025-01-19 04:15:26,337 - 未找到预测 CSV 文件，等待 30 秒后重试...
2025-01-19 04:15:56,350 - 未找到预测 CSV 文件，等待 30 秒后重试...
2025-01-19 04:16:26,359 - 未找到预测 CSV 文件，等待 30 秒后重试...
2025-01-19 04:16:56,368 - 未找到预测 CSV 文件，等待 30 秒后重试...
2025-01-19 04:17:26,380 - 未找到预测 CSV 文件，等待 30 秒后重试...
2025-01-19 04:17:56,397 - 未找到预测 CSV 文件，等待 30 秒后重试...
2025-01-19 04:18:26,405 - 未找到预测 CSV 文件，等待 30 秒后重试...
2025-01-19 04:18:56,407 - 未找到预测 CSV 文件，等待 30 秒后重试...
2025-01-19 04:19:26,421 - 未找到预测 CSV 文件，等待 30 秒后重试...
2025-01-19 04:19:56,436 - 未找到预测 CSV 文件，等待 30 秒后重试...
2025-01-19 04:20:26,439 - 未找到预测 CSV 文件，等待 30 秒后重试...
2025-01-19 04:20:56,443 - 未找到预测 CSV 文件，等待 30 秒后重试...
2025-01-19 04:21:26,453 - 未找到预测 CSV 文件，等待 30 秒后重试...
2025-01-19 04:21:56,462 - 未找到预测 CSV 文件，等待 30 秒后重试...
2025-01-19 04:22:26,464 - 未找到预测 CSV 文件，等待 30 秒后重试...
2025-01-19 04:22:56,473 - 未找到预测 CSV 文件，等待 30 秒后重试...
2025-01-19 04:23:26,489 - 未找到预测 CSV 文件，等待 30 秒后重试...
2025-01-19 04:23:56,491 - 未找到预测 CSV 文件，等待 30 秒后重试...
2025-01-19 04:24:26,500 - 未找到预测 CSV 文件，等待 30 秒后重试...
2025-01-19 04:24:56,516 - 未找到预测 CSV 文件，等待 30 秒后重试...
2025-01-19 04:25:26,527 - 未找到预测 CSV 文件，等待 30 秒后重试...
2025-01-19 04:25:56,542 - 未找到预测 CSV 文件，等待 30 秒后重试...
2025-01-19 04:26:26,554 - 未找到预测 CSV 文件，等待 30 秒后重试...
2025-01-19 04:26:56,570 - 未找到预测 CSV 文件，等待 30 秒后重试...
2025-01-19 04:27:26,576 - 未找到预测 CSV 文件，等待 30 秒后重试...
2025-01-19 04:27:56,592 - 未找到预测 CSV 文件，等待 30 秒后重试...
2025-01-19 04:28:26,609 - 未找到预测 CSV 文件，等待 30 秒后重试...
2025-01-19 04:28:56,617 - 未找到预测 CSV 文件，等待 30 秒后重试...
2025-01-19 04:29:26,620 - 未找到预测 CSV 文件，等待 30 秒后重试...
2025-01-19 04:29:56,637 - 未找到预测 CSV 文件，等待 30 秒后重试...
2025-01-19 04:30:26,641 - 未找到预测 CSV 文件，等待 30 秒后重试...
2025-01-19 04:30:56,650 - 未找到预测 CSV 文件，等待 30 秒后重试...
2025-01-19 04:31:26,663 - 未找到预测 CSV 文件，等待 30 秒后重试...
2025-01-19 04:31:56,676 - 未找到预测 CSV 文件，等待 30 秒后重试...
2025-01-19 04:32:26,687 - 未找到预测 CSV 文件，等待 30 秒后重试...
2025-01-19 04:32:56,696 - 未找到预测 CSV 文件，等待 30 秒后重试...
2025-01-19 04:33:26,702 - 未找到预测 CSV 文件，等待 30 秒后重试...
2025-01-19 04:33:56,718 - 未找到预测 CSV 文件，等待 30 秒后重试...
2025-01-19 04:34:26,722 - 未找到预测 CSV 文件，等待 30 秒后重试...
2025-01-19 04:34:56,733 - 未找到预测 CSV 文件，等待 30 秒后重试...
2025-01-19 04:35:26,739 - 未找到预测 CSV 文件，等待 30 秒后重试...
2025-01-19 04:35:56,749 - 未找到预测 CSV 文件，等待 30 秒后重试...
2025-01-19 04:36:26,764 - 未找到预测 CSV 文件，等待 30 秒后重试...
2025-01-19 04:36:56,768 - 未找到预测 CSV 文件，等待 30 秒后重试...
2025-01-19 04:37:28,201 - 未找到预测 CSV 文件，等待 30 秒后重试...
2025-01-19 04:37:58,211 - 未找到预测 CSV 文件，等待 30 秒后重试...
2025-01-19 04:38:28,214 - 未找到预测 CSV 文件，等待 30 秒后重试...
2025-01-19 04:38:58,227 - 未找到预测 CSV 文件，等待 30 秒后重试...
2025-01-19 04:39:28,236 - 未找到预测 CSV 文件，等待 30 秒后重试...
2025-01-19 04:39:58,245 - 未找到预测 CSV 文件，等待 30 秒后重试...
2025-01-19 04:40:28,264 - 未找到预测 CSV 文件，等待 30 秒后重试...
2025-01-19 04:40:58,280 - 未找到预测 CSV 文件，等待 30 秒后重试...
2025-01-19 04:41:28,289 - 未找到预测 CSV 文件，等待 30 秒后重试...
2025-01-19 04:41:58,308 - 未找到预测 CSV 文件，等待 30 秒后重试...
2025-01-19 04:42:28,320 - 未找到预测 CSV 文件，等待 30 秒后重试...
2025-01-19 04:42:58,335 - 未找到预测 CSV 文件，等待 30 秒后重试...
2025-01-19 04:43:28,351 - 未找到预测 CSV 文件，等待 30 秒后重试...
2025-01-19 04:43:58,355 - 未找到预测 CSV 文件，等待 30 秒后重试...
2025-01-19 04:44:28,358 - 未找到预测 CSV 文件，等待 30 秒后重试...
2025-01-19 04:44:58,361 - 未找到预测 CSV 文件，等待 30 秒后重试...
2025-01-19 04:45:28,363 - 未找到预测 CSV 文件，等待 30 秒后重试...
2025-01-19 04:45:58,381 - 未找到预测 CSV 文件，等待 30 秒后重试...
2025-01-19 04:46:28,383 - 未找到预测 CSV 文件，等待 30 秒后重试...
2025-01-19 04:46:58,395 - 未找到预测 CSV 文件，等待 30 秒后重试...
2025-01-19 04:47:28,412 - 未找到预测 CSV 文件，等待 30 秒后重试...
2025-01-19 04:47:58,427 - 未找到预测 CSV 文件，等待 30 秒后重试...
2025-01-19 04:48:28,444 - 未找到预测 CSV 文件，等待 30 秒后重试...
2025-01-19 04:48:58,459 - 未找到预测 CSV 文件，等待 30 秒后重试...
2025-01-19 04:49:28,472 - 未找到预测 CSV 文件，等待 30 秒后重试...
2025-01-19 04:49:58,477 - 未找到预测 CSV 文件，等待 30 秒后重试...
2025-01-19 04:50:28,484 - 未找到预测 CSV 文件，等待 30 秒后重试...
2025-01-19 04:50:58,493 - 未找到预测 CSV 文件，等待 30 秒后重试...
2025-01-19 04:51:28,506 - 未找到预测 CSV 文件，等待 30 秒后重试...
2025-01-19 04:51:58,522 - 未找到预测 CSV 文件，等待 30 秒后重试...
2025-01-19 04:52:28,538 - 未找到预测 CSV 文件，等待 30 秒后重试...
2025-01-19 04:52:58,551 - 未找到预测 CSV 文件，等待 30 秒后重试...
2025-01-19 04:53:28,554 - 未找到预测 CSV 文件，等待 30 秒后重试...
2025-01-19 04:53:58,567 - 未找到预测 CSV 文件，等待 30 秒后重试...
2025-01-19 04:54:28,577 - 未找到预测 CSV 文件，等待 30 秒后重试...
2025-01-19 04:54:58,592 - 未找到预测 CSV 文件，等待 30 秒后重试...
2025-01-19 04:55:28,596 - 未找到预测 CSV 文件，等待 30 秒后重试...
2025-01-19 04:55:58,613 - 未找到预测 CSV 文件，等待 30 秒后重试...
2025-01-19 04:56:28,615 - 未找到预测 CSV 文件，等待 30 秒后重试...
2025-01-19 04:56:58,631 - 未找到预测 CSV 文件，等待 30 秒后重试...
2025-01-19 04:57:28,636 - 未找到预测 CSV 文件，等待 30 秒后重试...
2025-01-19 04:57:58,645 - 未找到预测 CSV 文件，等待 30 秒后重试...
2025-01-19 04:58:28,651 - 未找到预测 CSV 文件，等待 30 秒后重试...
2025-01-19 04:58:58,658 - 未找到预测 CSV 文件，等待 30 秒后重试...
2025-01-19 04:59:28,672 - 未找到预测 CSV 文件，等待 30 秒后重试...
2025-01-19 04:59:58,683 - 未找到预测 CSV 文件，等待 30 秒后重试...
2025-01-19 05:00:28,691 - 未找到预测 CSV 文件，等待 30 秒后重试...
2025-01-19 05:00:58,707 - 未找到预测 CSV 文件，等待 30 秒后重试...
2025-01-19 05:01:28,712 - 未找到预测 CSV 文件，等待 30 秒后重试...
2025-01-19 05:01:58,719 - 未找到预测 CSV 文件，等待 30 秒后重试...
2025-01-19 05:02:28,736 - 未找到预测 CSV 文件，等待 30 秒后重试...
2025-01-19 05:02:58,744 - 未找到预测 CSV 文件，等待 30 秒后重试...
2025-01-19 05:03:28,754 - 未找到预测 CSV 文件，等待 30 秒后重试...
2025-01-19 05:03:58,767 - 未找到预测 CSV 文件，等待 30 秒后重试...
2025-01-19 05:04:28,780 - 未找到预测 CSV 文件，等待 30 秒后重试...
2025-01-19 05:04:58,789 - 未找到预测 CSV 文件，等待 30 秒后重试...
2025-01-19 05:05:28,792 - 未找到预测 CSV 文件，等待 30 秒后重试...
2025-01-19 05:05:58,794 - 未找到预测 CSV 文件，等待 30 秒后重试...
2025-01-19 05:06:28,803 - 未找到预测 CSV 文件，等待 30 秒后重试...
2025-01-19 05:06:58,808 - 未找到预测 CSV 文件，等待 30 秒后重试...
2025-01-19 05:07:28,813 - 未找到预测 CSV 文件，等待 30 秒后重试...
2025-01-19 05:07:58,819 - 未找到预测 CSV 文件，等待 30 秒后重试...
2025-01-19 05:08:28,832 - 未找到预测 CSV 文件，等待 30 秒后重试...
2025-01-19 05:08:58,839 - 未找到预测 CSV 文件，等待 30 秒后重试...
2025-01-19 05:09:28,842 - 未找到预测 CSV 文件，等待 30 秒后重试...
2025-01-19 05:09:58,856 - 未找到预测 CSV 文件，等待 30 秒后重试...
2025-01-19 05:10:28,872 - 未找到预测 CSV 文件，等待 30 秒后重试...
2025-01-19 05:10:58,878 - 未找到预测 CSV 文件，等待 30 秒后重试...
2025-01-19 05:11:28,894 - 未找到预测 CSV 文件，等待 30 秒后重试...
2025-01-19 05:11:58,901 - 未找到预测 CSV 文件，等待 30 秒后重试...
2025-01-19 05:12:28,906 - 未找到预测 CSV 文件，等待 30 秒后重试...
2025-01-19 05:12:58,923 - 未找到预测 CSV 文件，等待 30 秒后重试...
2025-01-19 05:13:28,933 - 未找到预测 CSV 文件，等待 30 秒后重试...
2025-01-19 05:13:58,947 - 未找到预测 CSV 文件，等待 30 秒后重试...
2025-01-19 05:14:28,956 - 未找到预测 CSV 文件，等待 30 秒后重试...
2025-01-19 05:14:58,967 - 未找到预测 CSV 文件，等待 30 秒后重试...
2025-01-19 05:15:28,980 - 未找到预测 CSV 文件，等待 30 秒后重试...
2025-01-19 05:15:58,984 - 未找到预测 CSV 文件，等待 30 秒后重试...
2025-01-19 05:16:28,989 - 未找到预测 CSV 文件，等待 30 秒后重试...
2025-01-19 05:16:59,002 - 未找到预测 CSV 文件，等待 30 秒后重试...
2025-01-19 05:17:29,019 - 未找到预测 CSV 文件，等待 30 秒后重试...
2025-01-19 05:17:59,032 - 未找到预测 CSV 文件，等待 30 秒后重试...
2025-01-19 05:18:29,037 - 未找到预测 CSV 文件，等待 30 秒后重试...
2025-01-19 05:18:59,050 - 未找到预测 CSV 文件，等待 30 秒后重试...
2025-01-19 05:19:29,053 - 未找到预测 CSV 文件，等待 30 秒后重试...
2025-01-19 05:19:59,064 - 未找到预测 CSV 文件，等待 30 秒后重试...
2025-01-19 05:20:29,072 - 未找到预测 CSV 文件，等待 30 秒后重试...
2025-01-19 05:20:59,084 - 未找到预测 CSV 文件，等待 30 秒后重试...
2025-01-19 05:21:29,090 - 未找到预测 CSV 文件，等待 30 秒后重试...
2025-01-19 05:21:59,098 - 未找到预测 CSV 文件，等待 30 秒后重试...
2025-01-19 05:22:29,110 - 未找到预测 CSV 文件，等待 30 秒后重试...
2025-01-19 05:22:59,114 - 未找到预测 CSV 文件，等待 30 秒后重试...
2025-01-19 05:23:29,125 - 未找到预测 CSV 文件，等待 30 秒后重试...
2025-01-19 05:23:59,140 - 未找到预测 CSV 文件，等待 30 秒后重试...
2025-01-19 05:24:29,147 - 未找到预测 CSV 文件，等待 30 秒后重试...
2025-01-19 05:24:59,159 - 未找到预测 CSV 文件，等待 30 秒后重试...
2025-01-19 05:25:29,167 - 未找到预测 CSV 文件，等待 30 秒后重试...
2025-01-19 05:25:59,185 - 未找到预测 CSV 文件，等待 30 秒后重试...
2025-01-19 05:26:29,190 - 未找到预测 CSV 文件，等待 30 秒后重试...
2025-01-19 05:26:59,197 - 未找到预测 CSV 文件，等待 30 秒后重试...
2025-01-19 05:27:29,204 - 未找到预测 CSV 文件，等待 30 秒后重试...
2025-01-19 05:27:59,212 - 未找到预测 CSV 文件，等待 30 秒后重试...
2025-01-19 05:28:29,222 - 未找到预测 CSV 文件，等待 30 秒后重试...
2025-01-19 05:28:59,228 - 未找到预测 CSV 文件，等待 30 秒后重试...
2025-01-19 05:29:29,244 - 未找到预测 CSV 文件，等待 30 秒后重试...
2025-01-19 05:29:59,246 - 未找到预测 CSV 文件，等待 30 秒后重试...
2025-01-19 05:30:29,250 - 未找到预测 CSV 文件，等待 30 秒后重试...
2025-01-19 05:30:59,261 - 未找到预测 CSV 文件，等待 30 秒后重试...
2025-01-19 05:31:29,277 - 未找到预测 CSV 文件，等待 30 秒后重试...
2025-01-19 05:31:59,289 - 未找到预测 CSV 文件，等待 30 秒后重试...
2025-01-19 05:32:29,296 - 未找到预测 CSV 文件，等待 30 秒后重试...
2025-01-19 05:32:59,301 - 未找到预测 CSV 文件，等待 30 秒后重试...
2025-01-19 05:33:29,307 - 未找到预测 CSV 文件，等待 30 秒后重试...
2025-01-19 05:33:59,318 - 未找到预测 CSV 文件，等待 30 秒后重试...
2025-01-19 05:34:29,328 - 未找到预测 CSV 文件，等待 30 秒后重试...
2025-01-19 05:34:59,335 - 未找到预测 CSV 文件，等待 30 秒后重试...
2025-01-19 05:35:29,350 - 未找到预测 CSV 文件，等待 30 秒后重试...
2025-01-19 05:35:59,357 - 未找到预测 CSV 文件，等待 30 秒后重试...
2025-01-19 05:36:29,373 - 未找到预测 CSV 文件，等待 30 秒后重试...
2025-01-19 05:36:59,388 - 未找到预测 CSV 文件，等待 30 秒后重试...
2025-01-19 05:37:29,401 - 未找到预测 CSV 文件，等待 30 秒后重试...
2025-01-19 05:37:59,409 - 未找到预测 CSV 文件，等待 30 秒后重试...
2025-01-19 05:38:29,417 - 未找到预测 CSV 文件，等待 30 秒后重试...
2025-01-19 05:38:59,428 - 未找到预测 CSV 文件，等待 30 秒后重试...
2025-01-19 05:39:29,437 - 未找到预测 CSV 文件，等待 30 秒后重试...
2025-01-19 05:39:59,443 - 未找到预测 CSV 文件，等待 30 秒后重试...
2025-01-19 05:40:29,449 - 未找到预测 CSV 文件，等待 30 秒后重试...
2025-01-19 05:40:59,457 - 未找到预测 CSV 文件，等待 30 秒后重试...
2025-01-19 05:41:29,467 - 未找到预测 CSV 文件，等待 30 秒后重试...
2025-01-19 05:41:59,470 - 未找到预测 CSV 文件，等待 30 秒后重试...
2025-01-19 05:42:29,478 - 未找到预测 CSV 文件，等待 30 秒后重试...
2025-01-19 05:42:59,492 - 未找到预测 CSV 文件，等待 30 秒后重试...
2025-01-19 05:43:29,499 - 未找到预测 CSV 文件，等待 30 秒后重试...
2025-01-19 05:43:59,512 - 未找到预测 CSV 文件，等待 30 秒后重试...
2025-01-19 05:44:29,515 - 未找到预测 CSV 文件，等待 30 秒后重试...
2025-01-19 05:44:59,525 - 未找到预测 CSV 文件，等待 30 秒后重试...
2025-01-19 05:45:29,530 - 未找到预测 CSV 文件，等待 30 秒后重试...
2025-01-19 05:45:59,545 - 未找到预测 CSV 文件，等待 30 秒后重试...
2025-01-19 05:46:29,551 - 未找到预测 CSV 文件，等待 30 秒后重试...
2025-01-19 05:46:59,566 - 未找到预测 CSV 文件，等待 30 秒后重试...
2025-01-19 05:47:29,571 - 未找到预测 CSV 文件，等待 30 秒后重试...
2025-01-19 05:47:59,581 - 未找到预测 CSV 文件，等待 30 秒后重试...
2025-01-19 05:48:29,583 - 未找到预测 CSV 文件，等待 30 秒后重试...
2025-01-19 05:48:59,598 - 未找到预测 CSV 文件，等待 30 秒后重试...
2025-01-19 05:49:29,605 - 未找到预测 CSV 文件，等待 30 秒后重试...
2025-01-19 05:49:59,610 - 未找到预测 CSV 文件，等待 30 秒后重试...
2025-01-19 05:50:29,614 - 未找到预测 CSV 文件，等待 30 秒后重试...
2025-01-19 05:50:59,626 - 未找到预测 CSV 文件，等待 30 秒后重试...
2025-01-19 05:51:29,641 - 未找到预测 CSV 文件，等待 30 秒后重试...
2025-01-19 05:51:59,658 - 未找到预测 CSV 文件，等待 30 秒后重试...
2025-01-19 05:52:29,669 - 未找到预测 CSV 文件，等待 30 秒后重试...
2025-01-19 05:52:59,684 - 未找到预测 CSV 文件，等待 30 秒后重试...
2025-01-19 05:53:29,698 - 未找到预测 CSV 文件，等待 30 秒后重试...
2025-01-19 05:53:59,711 - 未找到预测 CSV 文件，等待 30 秒后重试...
2025-01-19 05:54:29,725 - 未找到预测 CSV 文件，等待 30 秒后重试...
2025-01-19 05:54:59,739 - 未找到预测 CSV 文件，等待 30 秒后重试...
2025-01-19 05:55:29,748 - 未找到预测 CSV 文件，等待 30 秒后重试...
2025-01-19 05:55:59,756 - 未找到预测 CSV 文件，等待 30 秒后重试...
2025-01-19 05:56:29,759 - 未找到预测 CSV 文件，等待 30 秒后重试...
2025-01-19 05:56:59,765 - 未找到预测 CSV 文件，等待 30 秒后重试...
2025-01-19 05:57:29,776 - 未找到预测 CSV 文件，等待 30 秒后重试...
2025-01-19 05:57:59,784 - 未找到预测 CSV 文件，等待 30 秒后重试...
2025-01-19 05:58:29,789 - 未找到预测 CSV 文件，等待 30 秒后重试...
2025-01-19 05:58:59,801 - 未找到预测 CSV 文件，等待 30 秒后重试...
2025-01-19 05:59:29,811 - 未找到预测 CSV 文件，等待 30 秒后重试...
2025-01-19 05:59:59,819 - 未找到预测 CSV 文件，等待 30 秒后重试...
2025-01-19 06:00:29,825 - 未找到预测 CSV 文件，等待 30 秒后重试...
2025-01-19 06:00:59,833 - 未找到预测 CSV 文件，等待 30 秒后重试...
2025-01-19 06:01:29,840 - 未找到预测 CSV 文件，等待 30 秒后重试...
2025-01-19 06:01:59,856 - 未找到预测 CSV 文件，等待 30 秒后重试...
2025-01-19 06:02:29,860 - 未找到预测 CSV 文件，等待 30 秒后重试...
2025-01-19 06:02:59,865 - 未找到预测 CSV 文件，等待 30 秒后重试...
2025-01-19 06:03:29,874 - 未找到预测 CSV 文件，等待 30 秒后重试...
2025-01-19 06:03:59,885 - 未找到预测 CSV 文件，等待 30 秒后重试...
2025-01-19 06:04:29,893 - 未找到预测 CSV 文件，等待 30 秒后重试...
2025-01-19 06:04:59,902 - 未找到预测 CSV 文件，等待 30 秒后重试...
2025-01-19 06:05:29,915 - 未找到预测 CSV 文件，等待 30 秒后重试...
2025-01-19 06:05:59,928 - 未找到预测 CSV 文件，等待 30 秒后重试...
2025-01-19 06:06:29,931 - 未找到预测 CSV 文件，等待 30 秒后重试...
2025-01-19 06:06:59,941 - 未找到预测 CSV 文件，等待 30 秒后重试...
2025-01-19 06:07:29,942 - 未找到预测 CSV 文件，等待 30 秒后重试...
2025-01-19 06:07:59,951 - 未找到预测 CSV 文件，等待 30 秒后重试...
2025-01-19 06:08:29,957 - 未找到预测 CSV 文件，等待 30 秒后重试...
2025-01-19 06:08:59,968 - 未找到预测 CSV 文件，等待 30 秒后重试...
2025-01-19 06:09:29,977 - 未找到预测 CSV 文件，等待 30 秒后重试...
2025-01-19 06:09:59,981 - 未找到预测 CSV 文件，等待 30 秒后重试...
2025-01-19 06:10:29,997 - 未找到预测 CSV 文件，等待 30 秒后重试...
2025-01-19 06:11:00,008 - 未找到预测 CSV 文件，等待 30 秒后重试...
2025-01-19 06:11:30,019 - 未找到预测 CSV 文件，等待 30 秒后重试...
2025-01-19 06:12:00,034 - 未找到预测 CSV 文件，等待 30 秒后重试...
2025-01-19 06:12:30,046 - 未找到预测 CSV 文件，等待 30 秒后重试...
2025-01-19 06:13:00,048 - 未找到预测 CSV 文件，等待 30 秒后重试...
2025-01-19 06:13:30,051 - 未找到预测 CSV 文件，等待 30 秒后重试...
2025-01-19 06:14:00,066 - 未找到预测 CSV 文件，等待 30 秒后重试...
2025-01-19 06:14:30,075 - 未找到预测 CSV 文件，等待 30 秒后重试...
2025-01-19 06:15:00,091 - 未找到预测 CSV 文件，等待 30 秒后重试...
2025-01-19 06:15:30,098 - 未找到预测 CSV 文件，等待 30 秒后重试...
2025-01-19 06:16:00,103 - 未找到预测 CSV 文件，等待 30 秒后重试...
2025-01-19 06:16:30,118 - 未找到预测 CSV 文件，等待 30 秒后重试...
2025-01-19 06:17:00,136 - 未找到预测 CSV 文件，等待 30 秒后重试...
2025-01-19 06:17:30,138 - 未找到预测 CSV 文件，等待 30 秒后重试...
2025-01-19 06:18:00,153 - 未找到预测 CSV 文件，等待 30 秒后重试...
2025-01-19 06:18:30,169 - 未找到预测 CSV 文件，等待 30 秒后重试...
2025-01-19 06:19:00,176 - 未找到预测 CSV 文件，等待 30 秒后重试...
2025-01-19 06:19:30,184 - 未找到预测 CSV 文件，等待 30 秒后重试...
2025-01-19 06:20:00,192 - 未找到预测 CSV 文件，等待 30 秒后重试...
2025-01-19 06:20:30,200 - 未找到预测 CSV 文件，等待 30 秒后重试...
2025-01-19 06:21:00,205 - 未找到预测 CSV 文件，等待 30 秒后重试...
2025-01-19 06:21:30,221 - 未找到预测 CSV 文件，等待 30 秒后重试...
2025-01-19 06:22:00,230 - 未找到预测 CSV 文件，等待 30 秒后重试...
2025-01-19 06:22:30,242 - 未找到预测 CSV 文件，等待 30 秒后重试...
2025-01-19 06:23:00,255 - 未找到预测 CSV 文件，等待 30 秒后重试...
2025-01-19 06:23:30,271 - 未找到预测 CSV 文件，等待 30 秒后重试...
2025-01-19 06:24:00,280 - 未找到预测 CSV 文件，等待 30 秒后重试...
2025-01-19 06:24:30,286 - 未找到预测 CSV 文件，等待 30 秒后重试...
2025-01-19 06:25:00,294 - 未找到预测 CSV 文件，等待 30 秒后重试...
2025-01-19 06:25:30,299 - 未找到预测 CSV 文件，等待 30 秒后重试...
2025-01-19 06:26:00,316 - 未找到预测 CSV 文件，等待 30 秒后重试...
2025-01-19 06:26:30,323 - 未找到预测 CSV 文件，等待 30 秒后重试...
2025-01-19 06:27:00,337 - 未找到预测 CSV 文件，等待 30 秒后重试...
2025-01-19 06:27:30,349 - 未找到预测 CSV 文件，等待 30 秒后重试...
2025-01-19 06:28:00,366 - 未找到预测 CSV 文件，等待 30 秒后重试...
2025-01-19 06:28:30,374 - 未找到预测 CSV 文件，等待 30 秒后重试...
2025-01-19 06:29:00,378 - 未找到预测 CSV 文件，等待 30 秒后重试...
2025-01-19 06:29:30,384 - 未找到预测 CSV 文件，等待 30 秒后重试...
2025-01-19 06:30:00,395 - 未找到预测 CSV 文件，等待 30 秒后重试...
2025-01-19 06:30:30,399 - 未找到预测 CSV 文件，等待 30 秒后重试...
2025-01-19 06:31:00,408 - 未找到预测 CSV 文件，等待 30 秒后重试...
2025-01-19 06:31:30,412 - 未找到预测 CSV 文件，等待 30 秒后重试...
2025-01-19 06:32:00,423 - 未找到预测 CSV 文件，等待 30 秒后重试...
2025-01-19 06:32:30,425 - 未找到预测 CSV 文件，等待 30 秒后重试...
2025-01-19 06:33:00,432 - 未找到预测 CSV 文件，等待 30 秒后重试...
2025-01-19 06:33:30,441 - 未找到预测 CSV 文件，等待 30 秒后重试...
2025-01-19 06:34:00,450 - 未找到预测 CSV 文件，等待 30 秒后重试...
2025-01-19 06:34:30,460 - 未找到预测 CSV 文件，等待 30 秒后重试...
2025-01-19 06:35:00,472 - 未找到预测 CSV 文件，等待 30 秒后重试...
2025-01-19 06:35:30,484 - 未找到预测 CSV 文件，等待 30 秒后重试...
2025-01-19 06:36:00,497 - 未找到预测 CSV 文件，等待 30 秒后重试...
2025-01-19 06:36:30,512 - 未找到预测 CSV 文件，等待 30 秒后重试...
2025-01-19 06:37:00,521 - 未找到预测 CSV 文件，等待 30 秒后重试...
2025-01-19 06:37:30,530 - 未找到预测 CSV 文件，等待 30 秒后重试...
2025-01-19 06:38:00,542 - 未找到预测 CSV 文件，等待 30 秒后重试...
2025-01-19 06:38:30,546 - 未找到预测 CSV 文件，等待 30 秒后重试...
2025-01-19 06:39:00,555 - 未找到预测 CSV 文件，等待 30 秒后重试...
2025-01-19 06:39:30,570 - 未找到预测 CSV 文件，等待 30 秒后重试...
2025-01-19 06:40:00,572 - 未找到预测 CSV 文件，等待 30 秒后重试...
2025-01-19 06:40:30,581 - 未找到预测 CSV 文件，等待 30 秒后重试...
2025-01-19 06:41:00,590 - 未找到预测 CSV 文件，等待 30 秒后重试...
2025-01-19 06:41:30,606 - 未找到预测 CSV 文件，等待 30 秒后重试...
2025-01-19 06:42:00,609 - 未找到预测 CSV 文件，等待 30 秒后重试...
2025-01-19 06:42:30,625 - 未找到预测 CSV 文件，等待 30 秒后重试...
2025-01-19 06:43:00,628 - 未找到预测 CSV 文件，等待 30 秒后重试...
2025-01-19 06:43:30,632 - 未找到预测 CSV 文件，等待 30 秒后重试...
2025-01-19 06:44:00,644 - 未找到预测 CSV 文件，等待 30 秒后重试...
2025-01-19 06:44:30,658 - 未找到预测 CSV 文件，等待 30 秒后重试...
2025-01-19 06:45:00,673 - 未找到预测 CSV 文件，等待 30 秒后重试...
2025-01-19 06:45:30,679 - 未找到预测 CSV 文件，等待 30 秒后重试...
2025-01-19 06:46:00,689 - 未找到预测 CSV 文件，等待 30 秒后重试...
2025-01-19 06:46:30,707 - 未找到预测 CSV 文件，等待 30 秒后重试...
2025-01-19 06:47:00,713 - 未找到预测 CSV 文件，等待 30 秒后重试...
2025-01-19 06:47:30,727 - 未找到预测 CSV 文件，等待 30 秒后重试...
2025-01-19 06:48:00,738 - 未找到预测 CSV 文件，等待 30 秒后重试...
2025-01-19 06:48:30,744 - 未找到预测 CSV 文件，等待 30 秒后重试...
2025-01-19 06:49:00,758 - 未找到预测 CSV 文件，等待 30 秒后重试...
2025-01-19 06:49:30,765 - 未找到预测 CSV 文件，等待 30 秒后重试...
2025-01-19 06:50:00,771 - 未找到预测 CSV 文件，等待 30 秒后重试...
2025-01-19 06:50:30,781 - 未找到预测 CSV 文件，等待 30 秒后重试...
2025-01-19 06:51:00,788 - 未找到预测 CSV 文件，等待 30 秒后重试...
2025-01-19 06:51:30,804 - 未找到预测 CSV 文件，等待 30 秒后重试...
2025-01-19 06:52:00,818 - 未找到预测 CSV 文件，等待 30 秒后重试...
2025-01-19 06:52:30,820 - 未找到预测 CSV 文件，等待 30 秒后重试...
2025-01-19 06:53:00,836 - 未找到预测 CSV 文件，等待 30 秒后重试...
2025-01-19 06:53:30,844 - 未找到预测 CSV 文件，等待 30 秒后重试...
2025-01-19 06:54:00,847 - 未找到预测 CSV 文件，等待 30 秒后重试...
2025-01-19 06:54:30,853 - 未找到预测 CSV 文件，等待 30 秒后重试...
2025-01-19 06:55:00,868 - 未找到预测 CSV 文件，等待 30 秒后重试...
2025-01-19 06:55:30,879 - 未找到预测 CSV 文件，等待 30 秒后重试...
2025-01-19 06:56:00,896 - 未找到预测 CSV 文件，等待 30 秒后重试...
2025-01-19 06:56:30,908 - 未找到预测 CSV 文件，等待 30 秒后重试...
2025-01-19 06:57:00,914 - 未找到预测 CSV 文件，等待 30 秒后重试...
2025-01-19 06:57:30,921 - 未找到预测 CSV 文件，等待 30 秒后重试...
2025-01-19 06:58:00,924 - 未找到预测 CSV 文件，等待 30 秒后重试...
2025-01-19 06:58:30,929 - 未找到预测 CSV 文件，等待 30 秒后重试...
2025-01-19 06:59:00,945 - 未找到预测 CSV 文件，等待 30 秒后重试...
2025-01-19 06:59:30,947 - 未找到预测 CSV 文件，等待 30 秒后重试...
2025-01-19 07:00:00,954 - 未找到预测 CSV 文件，等待 30 秒后重试...
2025-01-19 07:00:30,961 - 未找到预测 CSV 文件，等待 30 秒后重试...
2025-01-19 07:01:00,964 - 未找到预测 CSV 文件，等待 30 秒后重试...
2025-01-19 07:01:30,965 - 未找到预测 CSV 文件，等待 30 秒后重试...
2025-01-19 07:02:00,974 - 未找到预测 CSV 文件，等待 30 秒后重试...
2025-01-19 07:02:30,989 - 未找到预测 CSV 文件，等待 30 秒后重试...
2025-01-19 07:03:00,993 - 未找到预测 CSV 文件，等待 30 秒后重试...
2025-01-19 07:03:30,999 - 未找到预测 CSV 文件，等待 30 秒后重试...
2025-01-19 07:04:01,015 - 未找到预测 CSV 文件，等待 30 秒后重试...
2025-01-19 07:04:31,031 - 未找到预测 CSV 文件，等待 30 秒后重试...
2025-01-19 07:05:01,047 - 未找到预测 CSV 文件，等待 30 秒后重试...
2025-01-19 07:05:31,058 - 未找到预测 CSV 文件，等待 30 秒后重试...
2025-01-19 07:06:01,061 - 未找到预测 CSV 文件，等待 30 秒后重试...
2025-01-19 07:06:31,064 - 未找到预测 CSV 文件，等待 30 秒后重试...
2025-01-19 07:07:01,071 - 未找到预测 CSV 文件，等待 30 秒后重试...
2025-01-19 07:07:31,088 - 未找到预测 CSV 文件，等待 30 秒后重试...
2025-01-19 07:08:01,105 - 未找到预测 CSV 文件，等待 30 秒后重试...
2025-01-19 07:08:31,109 - 未找到预测 CSV 文件，等待 30 秒后重试...
2025-01-19 07:09:01,117 - 未找到预测 CSV 文件，等待 30 秒后重试...
2025-01-19 07:09:31,123 - 未找到预测 CSV 文件，等待 30 秒后重试...
2025-01-19 07:10:01,128 - 未找到预测 CSV 文件，等待 30 秒后重试...
2025-01-19 07:10:31,138 - 未找到预测 CSV 文件，等待 30 秒后重试...
2025-01-19 07:11:01,143 - 未找到预测 CSV 文件，等待 30 秒后重试...
2025-01-19 07:11:31,158 - 未找到预测 CSV 文件，等待 30 秒后重试...
2025-01-19 07:12:01,171 - 未找到预测 CSV 文件，等待 30 秒后重试...
2025-01-19 07:12:31,180 - 未找到预测 CSV 文件，等待 30 秒后重试...
2025-01-19 07:13:01,193 - 未找到预测 CSV 文件，等待 30 秒后重试...
2025-01-19 07:13:31,202 - 未找到预测 CSV 文件，等待 30 秒后重试...
2025-01-19 07:14:01,217 - 未找到预测 CSV 文件，等待 30 秒后重试...
2025-01-19 07:14:31,218 - 未找到预测 CSV 文件，等待 30 秒后重试...
2025-01-19 07:15:01,226 - 未找到预测 CSV 文件，等待 30 秒后重试...
2025-01-19 07:15:31,232 - 未找到预测 CSV 文件，等待 30 秒后重试...
2025-01-19 07:16:01,238 - 未找到预测 CSV 文件，等待 30 秒后重试...
2025-01-19 07:16:31,243 - 未找到预测 CSV 文件，等待 30 秒后重试...
2025-01-19 07:17:01,258 - 未找到预测 CSV 文件，等待 30 秒后重试...
2025-01-19 07:17:31,275 - 未找到预测 CSV 文件，等待 30 秒后重试...
2025-01-19 07:18:01,278 - 未找到预测 CSV 文件，等待 30 秒后重试...
2025-01-19 07:18:31,293 - 未找到预测 CSV 文件，等待 30 秒后重试...
2025-01-19 07:19:01,309 - 未找到预测 CSV 文件，等待 30 秒后重试...
2025-01-19 07:19:31,318 - 未找到预测 CSV 文件，等待 30 秒后重试...
2025-01-19 07:20:01,325 - 未找到预测 CSV 文件，等待 30 秒后重试...
2025-01-19 07:20:31,341 - 未找到预测 CSV 文件，等待 30 秒后重试...
2025-01-19 07:21:01,345 - 未找到预测 CSV 文件，等待 30 秒后重试...
2025-01-19 07:21:31,348 - 未找到预测 CSV 文件，等待 30 秒后重试...
2025-01-19 07:22:01,354 - 未找到预测 CSV 文件，等待 30 秒后重试...
2025-01-19 07:22:31,363 - 未找到预测 CSV 文件，等待 30 秒后重试...
2025-01-19 07:23:01,369 - 未找到预测 CSV 文件，等待 30 秒后重试...
2025-01-19 07:23:31,373 - 未找到预测 CSV 文件，等待 30 秒后重试...
2025-01-19 07:24:01,384 - 未找到预测 CSV 文件，等待 30 秒后重试...
2025-01-19 07:24:31,389 - 未找到预测 CSV 文件，等待 30 秒后重试...
2025-01-19 07:25:01,397 - 未找到预测 CSV 文件，等待 30 秒后重试...
2025-01-19 07:25:31,412 - 未找到预测 CSV 文件，等待 30 秒后重试...
2025-01-19 07:26:01,423 - 未找到预测 CSV 文件，等待 30 秒后重试...
2025-01-19 07:26:31,427 - 未找到预测 CSV 文件，等待 30 秒后重试...
2025-01-19 07:27:01,442 - 未找到预测 CSV 文件，等待 30 秒后重试...
2025-01-19 07:27:31,452 - 未找到预测 CSV 文件，等待 30 秒后重试...
2025-01-19 07:28:01,461 - 未找到预测 CSV 文件，等待 30 秒后重试...
2025-01-19 07:28:31,464 - 未找到预测 CSV 文件，等待 30 秒后重试...
2025-01-19 07:29:01,481 - 未找到预测 CSV 文件，等待 30 秒后重试...
2025-01-19 07:29:31,493 - 未找到预测 CSV 文件，等待 30 秒后重试...
2025-01-19 07:30:01,498 - 未找到预测 CSV 文件，等待 30 秒后重试...
2025-01-19 07:30:31,505 - 未找到预测 CSV 文件，等待 30 秒后重试...
2025-01-19 07:31:01,508 - 未找到预测 CSV 文件，等待 30 秒后重试...
2025-01-19 07:31:31,520 - 未找到预测 CSV 文件，等待 30 秒后重试...
2025-01-19 07:32:01,532 - 未找到预测 CSV 文件，等待 30 秒后重试...
2025-01-19 07:32:31,533 - 未找到预测 CSV 文件，等待 30 秒后重试...
2025-01-19 07:33:01,536 - 未找到预测 CSV 文件，等待 30 秒后重试...
2025-01-19 07:33:31,548 - 未找到预测 CSV 文件，等待 30 秒后重试...
2025-01-19 07:34:01,562 - 未找到预测 CSV 文件，等待 30 秒后重试...
2025-01-19 07:34:31,577 - 未找到预测 CSV 文件，等待 30 秒后重试...
2025-01-19 07:35:01,592 - 未找到预测 CSV 文件，等待 30 秒后重试...
2025-01-19 07:35:31,608 - 未找到预测 CSV 文件，等待 30 秒后重试...
2025-01-19 07:36:01,624 - 未找到预测 CSV 文件，等待 30 秒后重试...
2025-01-19 07:36:31,634 - 未找到预测 CSV 文件，等待 30 秒后重试...
2025-01-19 07:37:01,650 - 未找到预测 CSV 文件，等待 30 秒后重试...
2025-01-19 07:37:31,653 - 未找到预测 CSV 文件，等待 30 秒后重试...
2025-01-19 07:38:01,657 - 未找到预测 CSV 文件，等待 30 秒后重试...
2025-01-19 07:38:31,661 - 未找到预测 CSV 文件，等待 30 秒后重试...
2025-01-19 07:39:01,671 - 未找到预测 CSV 文件，等待 30 秒后重试...
2025-01-19 07:39:31,675 - 未找到预测 CSV 文件，等待 30 秒后重试...
2025-01-19 07:40:01,680 - 未找到预测 CSV 文件，等待 30 秒后重试...
2025-01-19 07:40:31,689 - 未找到预测 CSV 文件，等待 30 秒后重试...
2025-01-19 07:41:01,702 - 未找到预测 CSV 文件，等待 30 秒后重试...
2025-01-19 07:41:31,717 - 未找到预测 CSV 文件，等待 30 秒后重试...
2025-01-19 07:42:01,725 - 未找到预测 CSV 文件，等待 30 秒后重试...
2025-01-19 07:42:31,741 - 未找到预测 CSV 文件，等待 30 秒后重试...
2025-01-19 07:43:01,756 - 未找到预测 CSV 文件，等待 30 秒后重试...
2025-01-19 07:43:31,764 - 未找到预测 CSV 文件，等待 30 秒后重试...
2025-01-19 07:44:01,769 - 未找到预测 CSV 文件，等待 30 秒后重试...
2025-01-19 07:44:31,782 - 未找到预测 CSV 文件，等待 30 秒后重试...
2025-01-19 07:45:01,788 - 未找到预测 CSV 文件，等待 30 秒后重试...
2025-01-19 07:45:31,796 - 未找到预测 CSV 文件，等待 30 秒后重试...
2025-01-19 07:46:01,798 - 未找到预测 CSV 文件，等待 30 秒后重试...
2025-01-19 07:46:31,803 - 未找到预测 CSV 文件，等待 30 秒后重试...
2025-01-19 07:47:01,809 - 未找到预测 CSV 文件，等待 30 秒后重试...
2025-01-19 07:47:31,823 - 未找到预测 CSV 文件，等待 30 秒后重试...
2025-01-19 07:48:01,834 - 未找到预测 CSV 文件，等待 30 秒后重试...
2025-01-19 07:48:31,846 - 未找到预测 CSV 文件，等待 30 秒后重试...
2025-01-19 07:49:01,850 - 未找到预测 CSV 文件，等待 30 秒后重试...
2025-01-19 07:49:31,855 - 未找到预测 CSV 文件，等待 30 秒后重试...
2025-01-19 07:50:01,860 - 未找到预测 CSV 文件，等待 30 秒后重试...
2025-01-19 07:50:31,877 - 未找到预测 CSV 文件，等待 30 秒后重试...
2025-01-19 07:51:01,889 - 未找到预测 CSV 文件，等待 30 秒后重试...
2025-01-19 07:51:31,903 - 未找到预测 CSV 文件，等待 30 秒后重试...
2025-01-19 07:52:01,911 - 未找到预测 CSV 文件，等待 30 秒后重试...
2025-01-19 07:52:31,924 - 未找到预测 CSV 文件，等待 30 秒后重试...
2025-01-19 07:53:01,939 - 未找到预测 CSV 文件，等待 30 秒后重试...
2025-01-19 07:53:31,948 - 未找到预测 CSV 文件，等待 30 秒后重试...
2025-01-19 07:54:01,953 - 未找到预测 CSV 文件，等待 30 秒后重试...
2025-01-19 07:54:31,964 - 未找到预测 CSV 文件，等待 30 秒后重试...
2025-01-19 07:55:01,975 - 未找到预测 CSV 文件，等待 30 秒后重试...
2025-01-19 07:55:31,982 - 未找到预测 CSV 文件，等待 30 秒后重试...
2025-01-19 07:56:01,985 - 未找到预测 CSV 文件，等待 30 秒后重试...
2025-01-19 07:56:32,000 - 未找到预测 CSV 文件，等待 30 秒后重试...
2025-01-19 07:57:02,014 - 未找到预测 CSV 文件，等待 30 秒后重试...
2025-01-19 07:57:32,020 - 未找到预测 CSV 文件，等待 30 秒后重试...
2025-01-19 07:58:02,025 - 未找到预测 CSV 文件，等待 30 秒后重试...
2025-01-19 07:58:32,033 - 未找到预测 CSV 文件，等待 30 秒后重试...
2025-01-19 07:59:02,041 - 未找到预测 CSV 文件，等待 30 秒后重试...
2025-01-19 07:59:32,049 - 未找到预测 CSV 文件，等待 30 秒后重试...
2025-01-19 08:00:02,054 - 未找到预测 CSV 文件，等待 30 秒后重试...
2025-01-19 08:00:32,072 - 未找到预测 CSV 文件，等待 30 秒后重试...
2025-01-19 08:01:02,087 - 未找到预测 CSV 文件，等待 30 秒后重试...
2025-01-19 08:01:32,093 - 未找到预测 CSV 文件，等待 30 秒后重试...
2025-01-19 08:02:02,097 - 未找到预测 CSV 文件，等待 30 秒后重试...
2025-01-19 08:02:32,113 - 未找到预测 CSV 文件，等待 30 秒后重试...
2025-01-19 08:03:02,117 - 未找到预测 CSV 文件，等待 30 秒后重试...
2025-01-19 08:03:32,130 - 未找到预测 CSV 文件，等待 30 秒后重试...
2025-01-19 08:04:02,141 - 未找到预测 CSV 文件，等待 30 秒后重试...
2025-01-19 08:04:32,157 - 未找到预测 CSV 文件，等待 30 秒后重试...
2025-01-19 08:05:02,161 - 未找到预测 CSV 文件，等待 30 秒后重试...
2025-01-19 08:05:32,174 - 未找到预测 CSV 文件，等待 30 秒后重试...
2025-01-19 08:06:02,186 - 未找到预测 CSV 文件，等待 30 秒后重试...
2025-01-19 08:06:32,198 - 未找到预测 CSV 文件，等待 30 秒后重试...
2025-01-19 08:07:02,205 - 未找到预测 CSV 文件，等待 30 秒后重试...
2025-01-19 08:07:32,215 - 未找到预测 CSV 文件，等待 30 秒后重试...
2025-01-19 08:08:02,230 - 未找到预测 CSV 文件，等待 30 秒后重试...
2025-01-19 08:08:32,245 - 未找到预测 CSV 文件，等待 30 秒后重试...
2025-01-19 08:09:02,252 - 未找到预测 CSV 文件，等待 30 秒后重试...
2025-01-19 08:09:32,261 - 未找到预测 CSV 文件，等待 30 秒后重试...
2025-01-19 08:10:02,270 - 未找到预测 CSV 文件，等待 30 秒后重试...
2025-01-19 08:10:32,279 - 未找到预测 CSV 文件，等待 30 秒后重试...
2025-01-19 08:11:02,281 - 未找到预测 CSV 文件，等待 30 秒后重试...
2025-01-19 08:11:32,284 - 未找到预测 CSV 文件，等待 30 秒后重试...
2025-01-19 08:12:02,296 - 未找到预测 CSV 文件，等待 30 秒后重试...
2025-01-19 08:12:32,308 - 未找到预测 CSV 文件，等待 30 秒后重试...
2025-01-19 08:13:02,325 - 未找到预测 CSV 文件，等待 30 秒后重试...
2025-01-19 08:13:32,338 - 未找到预测 CSV 文件，等待 30 秒后重试...
2025-01-19 08:14:02,351 - 未找到预测 CSV 文件，等待 30 秒后重试...
2025-01-19 08:14:32,362 - 未找到预测 CSV 文件，等待 30 秒后重试...
2025-01-19 08:15:02,376 - 未找到预测 CSV 文件，等待 30 秒后重试...
2025-01-19 08:15:32,381 - 未找到预测 CSV 文件，等待 30 秒后重试...
2025-01-19 08:16:02,388 - 未找到预测 CSV 文件，等待 30 秒后重试...
2025-01-19 08:16:32,391 - 未找到预测 CSV 文件，等待 30 秒后重试...
2025-01-19 08:17:02,403 - 未找到预测 CSV 文件，等待 30 秒后重试...
2025-01-19 08:17:32,416 - 未找到预测 CSV 文件，等待 30 秒后重试...
2025-01-19 08:18:02,420 - 未找到预测 CSV 文件，等待 30 秒后重试...
2025-01-19 08:18:32,435 - 未找到预测 CSV 文件，等待 30 秒后重试...
2025-01-19 08:19:02,445 - 未找到预测 CSV 文件，等待 30 秒后重试...
2025-01-19 08:19:32,453 - 未找到预测 CSV 文件，等待 30 秒后重试...
2025-01-19 08:20:02,463 - 未找到预测 CSV 文件，等待 30 秒后重试...
2025-01-19 08:20:32,477 - 未找到预测 CSV 文件，等待 30 秒后重试...
2025-01-19 08:21:02,493 - 未找到预测 CSV 文件，等待 30 秒后重试...
2025-01-19 08:21:32,504 - 未找到预测 CSV 文件，等待 30 秒后重试...
2025-01-19 08:22:02,508 - 未找到预测 CSV 文件，等待 30 秒后重试...
2025-01-19 08:22:32,521 - 未找到预测 CSV 文件，等待 30 秒后重试...
2025-01-19 08:23:02,525 - 未找到预测 CSV 文件，等待 30 秒后重试...
2025-01-19 08:23:32,541 - 未找到预测 CSV 文件，等待 30 秒后重试...
2025-01-19 08:24:02,546 - 未找到预测 CSV 文件，等待 30 秒后重试...
2025-01-19 08:24:32,560 - 未找到预测 CSV 文件，等待 30 秒后重试...
2025-01-19 08:25:02,568 - 未找到预测 CSV 文件，等待 30 秒后重试...
2025-01-19 08:25:32,583 - 未找到预测 CSV 文件，等待 30 秒后重试...
2025-01-19 08:26:02,589 - 未找到预测 CSV 文件，等待 30 秒后重试...
2025-01-19 08:26:32,598 - 未找到预测 CSV 文件，等待 30 秒后重试...
2025-01-19 08:27:02,615 - 未找到预测 CSV 文件，等待 30 秒后重试...
2025-01-19 08:27:32,628 - 未找到预测 CSV 文件，等待 30 秒后重试...
2025-01-19 08:28:02,639 - 未找到预测 CSV 文件，等待 30 秒后重试...
2025-01-19 08:28:32,642 - 未找到预测 CSV 文件，等待 30 秒后重试...
2025-01-19 08:29:02,655 - 未找到预测 CSV 文件，等待 30 秒后重试...
2025-01-19 08:29:32,658 - 未找到预测 CSV 文件，等待 30 秒后重试...
2025-01-19 08:30:02,666 - 未找到预测 CSV 文件，等待 30 秒后重试...
2025-01-19 08:30:32,673 - 未找到预测 CSV 文件，等待 30 秒后重试...
2025-01-19 08:31:02,679 - 发现新的预测文件：D:\my-vue-project\wind-power-forecast\backend\auto_scripts\precsv\middlecsv\20250119.csv，执行预测...
2025-01-19 08:31:02,778 - 今天的训练和预测任务已完成。
