2025-01-11 01:00:04,240 - 今天的日期是: 20250111
2025-01-11 01:00:04,242 - 开始监视 D:\my-vue-project\wind-power-forecast\backend\auto_scripts\dataset\dataset_middle 文件夹以进行训练...
2025-01-11 01:00:04,242 - 开始监视 D:\my-vue-project\wind-power-forecast\backend\auto_scripts\precsv\middlecsv 文件夹以进行预测...
2025-01-11 01:00:04,242 - 发现新的训练文件：D:\my-vue-project\wind-power-forecast\backend\auto_scripts\dataset\dataset_middle\20250111.csv，执行训练...
2025-01-11 01:00:04,242 - 输出结果将保存到: D:\my-vue-project\wind-power-forecast\backend\auto_scripts\train_predictions\middle_predictions
2025-01-11 01:00:04,242 - 未有可用模型，等待模型训练完成...
2025-01-11 01:00:05,452 - 数据加载与预处理完成
2025-01-11 01:00:05,855 - 数据标准化完成
2025-01-11 01:00:06,621 - 创建时间窗口完成
2025-01-11 01:00:06,621 - 获取模型参数完成
2025-01-11 01:00:34,262 - 未有可用模型，等待模型训练完成...
2025-01-11 01:01:04,280 - 未有可用模型，等待模型训练完成...
2025-01-11 01:01:34,288 - 未有可用模型，等待模型训练完成...
2025-01-11 01:02:04,297 - 未有可用模型，等待模型训练完成...
2025-01-11 01:02:34,324 - 未有可用模型，等待模型训练完成...
2025-01-11 01:03:04,340 - 未有可用模型，等待模型训练完成...
2025-01-11 01:03:34,355 - 未有可用模型，等待模型训练完成...
2025-01-11 01:04:04,371 - 未有可用模型，等待模型训练完成...
2025-01-11 01:04:34,382 - 未有可用模型，等待模型训练完成...
2025-01-11 01:05:04,387 - 未有可用模型，等待模型训练完成...
2025-01-11 01:05:31,915 - 训练与评估完成
2025-01-11 01:05:31,950 - 保存预测结果完成
2025-01-11 01:05:32,258 - 可视化结果完成
2025-01-11 01:05:32,456 - 模型已成功保存到 D:\my-vue-project\wind-power-forecast\backend\auto_scripts\models\middlemodel\20250111，模型可用。
2025-01-11 01:05:34,401 - 未找到预测 CSV 文件，等待 30 秒后重试...
2025-01-11 01:06:04,405 - 未找到预测 CSV 文件，等待 30 秒后重试...
2025-01-11 01:06:34,407 - 未找到预测 CSV 文件，等待 30 秒后重试...
2025-01-11 01:07:04,410 - 未找到预测 CSV 文件，等待 30 秒后重试...
2025-01-11 01:07:34,420 - 未找到预测 CSV 文件，等待 30 秒后重试...
2025-01-11 01:08:04,431 - 未找到预测 CSV 文件，等待 30 秒后重试...
2025-01-11 01:08:34,442 - 未找到预测 CSV 文件，等待 30 秒后重试...
2025-01-11 01:09:04,454 - 未找到预测 CSV 文件，等待 30 秒后重试...
2025-01-11 01:09:34,468 - 未找到预测 CSV 文件，等待 30 秒后重试...
2025-01-11 01:10:04,477 - 未找到预测 CSV 文件，等待 30 秒后重试...
2025-01-11 01:10:34,482 - 未找到预测 CSV 文件，等待 30 秒后重试...
2025-01-11 01:11:04,484 - 未找到预测 CSV 文件，等待 30 秒后重试...
2025-01-11 01:11:34,488 - 未找到预测 CSV 文件，等待 30 秒后重试...
2025-01-11 01:12:04,491 - 未找到预测 CSV 文件，等待 30 秒后重试...
2025-01-11 01:12:34,507 - 未找到预测 CSV 文件，等待 30 秒后重试...
2025-01-11 01:13:04,519 - 未找到预测 CSV 文件，等待 30 秒后重试...
2025-01-11 01:13:34,534 - 未找到预测 CSV 文件，等待 30 秒后重试...
2025-01-11 01:14:04,547 - 未找到预测 CSV 文件，等待 30 秒后重试...
2025-01-11 01:14:34,557 - 未找到预测 CSV 文件，等待 30 秒后重试...
2025-01-11 01:15:04,565 - 未找到预测 CSV 文件，等待 30 秒后重试...
2025-01-11 01:15:34,575 - 未找到预测 CSV 文件，等待 30 秒后重试...
2025-01-11 01:16:04,578 - 未找到预测 CSV 文件，等待 30 秒后重试...
2025-01-11 01:16:34,593 - 未找到预测 CSV 文件，等待 30 秒后重试...
2025-01-11 01:17:04,609 - 未找到预测 CSV 文件，等待 30 秒后重试...
2025-01-11 01:17:34,619 - 未找到预测 CSV 文件，等待 30 秒后重试...
2025-01-11 01:18:04,634 - 未找到预测 CSV 文件，等待 30 秒后重试...
2025-01-11 01:18:34,643 - 未找到预测 CSV 文件，等待 30 秒后重试...
2025-01-11 01:19:04,655 - 未找到预测 CSV 文件，等待 30 秒后重试...
2025-01-11 01:19:34,662 - 未找到预测 CSV 文件，等待 30 秒后重试...
2025-01-11 01:20:04,670 - 未找到预测 CSV 文件，等待 30 秒后重试...
2025-01-11 01:20:34,678 - 未找到预测 CSV 文件，等待 30 秒后重试...
2025-01-11 01:21:04,680 - 未找到预测 CSV 文件，等待 30 秒后重试...
2025-01-11 01:21:34,684 - 未找到预测 CSV 文件，等待 30 秒后重试...
2025-01-11 01:22:04,700 - 未找到预测 CSV 文件，等待 30 秒后重试...
2025-01-11 01:22:34,707 - 未找到预测 CSV 文件，等待 30 秒后重试...
2025-01-11 01:23:04,722 - 未找到预测 CSV 文件，等待 30 秒后重试...
2025-01-11 01:23:34,735 - 未找到预测 CSV 文件，等待 30 秒后重试...
2025-01-11 01:24:04,751 - 未找到预测 CSV 文件，等待 30 秒后重试...
2025-01-11 01:24:34,757 - 未找到预测 CSV 文件，等待 30 秒后重试...
2025-01-11 01:25:04,763 - 未找到预测 CSV 文件，等待 30 秒后重试...
2025-01-11 01:25:34,766 - 未找到预测 CSV 文件，等待 30 秒后重试...
2025-01-11 01:26:04,774 - 未找到预测 CSV 文件，等待 30 秒后重试...
2025-01-11 01:26:34,777 - 未找到预测 CSV 文件，等待 30 秒后重试...
2025-01-11 01:27:04,787 - 未找到预测 CSV 文件，等待 30 秒后重试...
2025-01-11 01:27:34,792 - 未找到预测 CSV 文件，等待 30 秒后重试...
2025-01-11 01:28:04,798 - 未找到预测 CSV 文件，等待 30 秒后重试...
2025-01-11 01:28:34,813 - 未找到预测 CSV 文件，等待 30 秒后重试...
2025-01-11 01:29:04,823 - 未找到预测 CSV 文件，等待 30 秒后重试...
2025-01-11 01:29:34,825 - 未找到预测 CSV 文件，等待 30 秒后重试...
2025-01-11 01:30:04,836 - 未找到预测 CSV 文件，等待 30 秒后重试...
2025-01-11 01:30:34,840 - 未找到预测 CSV 文件，等待 30 秒后重试...
2025-01-11 01:31:04,849 - 未找到预测 CSV 文件，等待 30 秒后重试...
2025-01-11 01:31:34,860 - 未找到预测 CSV 文件，等待 30 秒后重试...
2025-01-11 01:32:04,865 - 未找到预测 CSV 文件，等待 30 秒后重试...
2025-01-11 01:32:34,873 - 未找到预测 CSV 文件，等待 30 秒后重试...
2025-01-11 01:33:04,888 - 未找到预测 CSV 文件，等待 30 秒后重试...
2025-01-11 01:33:34,904 - 未找到预测 CSV 文件，等待 30 秒后重试...
2025-01-11 01:34:04,910 - 未找到预测 CSV 文件，等待 30 秒后重试...
2025-01-11 01:34:34,920 - 未找到预测 CSV 文件，等待 30 秒后重试...
2025-01-11 01:35:04,928 - 未找到预测 CSV 文件，等待 30 秒后重试...
2025-01-11 01:35:34,944 - 未找到预测 CSV 文件，等待 30 秒后重试...
2025-01-11 01:36:04,958 - 未找到预测 CSV 文件，等待 30 秒后重试...
2025-01-11 01:36:34,967 - 未找到预测 CSV 文件，等待 30 秒后重试...
2025-01-11 01:37:04,973 - 未找到预测 CSV 文件，等待 30 秒后重试...
2025-01-11 01:37:34,974 - 未找到预测 CSV 文件，等待 30 秒后重试...
2025-01-11 01:38:04,976 - 未找到预测 CSV 文件，等待 30 秒后重试...
2025-01-11 01:38:34,991 - 未找到预测 CSV 文件，等待 30 秒后重试...
2025-01-11 01:39:05,002 - 未找到预测 CSV 文件，等待 30 秒后重试...
2025-01-11 01:39:35,015 - 未找到预测 CSV 文件，等待 30 秒后重试...
2025-01-11 01:40:05,027 - 未找到预测 CSV 文件，等待 30 秒后重试...
2025-01-11 01:40:35,029 - 未找到预测 CSV 文件，等待 30 秒后重试...
2025-01-11 01:41:05,041 - 未找到预测 CSV 文件，等待 30 秒后重试...
2025-01-11 01:41:35,050 - 未找到预测 CSV 文件，等待 30 秒后重试...
2025-01-11 01:42:05,063 - 未找到预测 CSV 文件，等待 30 秒后重试...
2025-01-11 01:42:35,070 - 未找到预测 CSV 文件，等待 30 秒后重试...
2025-01-11 01:43:05,082 - 未找到预测 CSV 文件，等待 30 秒后重试...
2025-01-11 01:43:35,093 - 未找到预测 CSV 文件，等待 30 秒后重试...
2025-01-11 01:44:05,106 - 未找到预测 CSV 文件，等待 30 秒后重试...
2025-01-11 01:44:35,120 - 未找到预测 CSV 文件，等待 30 秒后重试...
2025-01-11 01:45:05,135 - 未找到预测 CSV 文件，等待 30 秒后重试...
2025-01-11 01:45:35,141 - 未找到预测 CSV 文件，等待 30 秒后重试...
2025-01-11 01:46:05,145 - 未找到预测 CSV 文件，等待 30 秒后重试...
2025-01-11 01:46:35,157 - 未找到预测 CSV 文件，等待 30 秒后重试...
2025-01-11 01:47:05,167 - 未找到预测 CSV 文件，等待 30 秒后重试...
2025-01-11 01:47:35,181 - 未找到预测 CSV 文件，等待 30 秒后重试...
2025-01-11 01:48:05,184 - 未找到预测 CSV 文件，等待 30 秒后重试...
2025-01-11 01:48:35,187 - 未找到预测 CSV 文件，等待 30 秒后重试...
2025-01-11 01:49:05,189 - 未找到预测 CSV 文件，等待 30 秒后重试...
2025-01-11 01:49:35,199 - 未找到预测 CSV 文件，等待 30 秒后重试...
2025-01-11 01:50:05,206 - 未找到预测 CSV 文件，等待 30 秒后重试...
2025-01-11 01:50:35,217 - 未找到预测 CSV 文件，等待 30 秒后重试...
2025-01-11 01:51:05,219 - 未找到预测 CSV 文件，等待 30 秒后重试...
2025-01-11 01:51:35,231 - 未找到预测 CSV 文件，等待 30 秒后重试...
2025-01-11 01:52:05,243 - 未找到预测 CSV 文件，等待 30 秒后重试...
2025-01-11 01:52:35,251 - 未找到预测 CSV 文件，等待 30 秒后重试...
2025-01-11 01:53:05,260 - 未找到预测 CSV 文件，等待 30 秒后重试...
2025-01-11 01:53:35,268 - 未找到预测 CSV 文件，等待 30 秒后重试...
2025-01-11 01:54:05,273 - 未找到预测 CSV 文件，等待 30 秒后重试...
2025-01-11 01:54:35,283 - 未找到预测 CSV 文件，等待 30 秒后重试...
2025-01-11 01:55:05,295 - 未找到预测 CSV 文件，等待 30 秒后重试...
2025-01-11 01:55:35,298 - 未找到预测 CSV 文件，等待 30 秒后重试...
2025-01-11 01:56:05,301 - 未找到预测 CSV 文件，等待 30 秒后重试...
2025-01-11 01:56:35,312 - 未找到预测 CSV 文件，等待 30 秒后重试...
2025-01-11 01:57:05,320 - 未找到预测 CSV 文件，等待 30 秒后重试...
2025-01-11 01:57:35,321 - 未找到预测 CSV 文件，等待 30 秒后重试...
2025-01-11 01:58:05,332 - 未找到预测 CSV 文件，等待 30 秒后重试...
2025-01-11 01:58:35,345 - 未找到预测 CSV 文件，等待 30 秒后重试...
2025-01-11 01:59:05,360 - 未找到预测 CSV 文件，等待 30 秒后重试...
2025-01-11 01:59:35,373 - 未找到预测 CSV 文件，等待 30 秒后重试...
2025-01-11 02:00:05,386 - 未找到预测 CSV 文件，等待 30 秒后重试...
2025-01-11 02:00:35,395 - 未找到预测 CSV 文件，等待 30 秒后重试...
2025-01-11 02:01:05,399 - 未找到预测 CSV 文件，等待 30 秒后重试...
2025-01-11 02:01:35,413 - 未找到预测 CSV 文件，等待 30 秒后重试...
2025-01-11 02:02:05,415 - 未找到预测 CSV 文件，等待 30 秒后重试...
2025-01-11 02:02:35,426 - 未找到预测 CSV 文件，等待 30 秒后重试...
2025-01-11 02:03:05,431 - 未找到预测 CSV 文件，等待 30 秒后重试...
2025-01-11 02:03:35,435 - 未找到预测 CSV 文件，等待 30 秒后重试...
2025-01-11 02:04:05,436 - 未找到预测 CSV 文件，等待 30 秒后重试...
2025-01-11 02:04:35,450 - 未找到预测 CSV 文件，等待 30 秒后重试...
2025-01-11 02:05:05,458 - 未找到预测 CSV 文件，等待 30 秒后重试...
2025-01-11 02:05:35,473 - 未找到预测 CSV 文件，等待 30 秒后重试...
2025-01-11 02:06:05,475 - 未找到预测 CSV 文件，等待 30 秒后重试...
2025-01-11 02:06:35,488 - 未找到预测 CSV 文件，等待 30 秒后重试...
2025-01-11 02:07:05,504 - 未找到预测 CSV 文件，等待 30 秒后重试...
2025-01-11 02:07:35,509 - 未找到预测 CSV 文件，等待 30 秒后重试...
2025-01-11 02:08:05,512 - 未找到预测 CSV 文件，等待 30 秒后重试...
2025-01-11 02:08:35,518 - 未找到预测 CSV 文件，等待 30 秒后重试...
2025-01-11 02:09:05,520 - 未找到预测 CSV 文件，等待 30 秒后重试...
2025-01-11 02:09:35,530 - 未找到预测 CSV 文件，等待 30 秒后重试...
2025-01-11 02:10:05,532 - 未找到预测 CSV 文件，等待 30 秒后重试...
2025-01-11 02:10:35,541 - 未找到预测 CSV 文件，等待 30 秒后重试...
2025-01-11 02:11:05,557 - 未找到预测 CSV 文件，等待 30 秒后重试...
2025-01-11 02:11:35,570 - 未找到预测 CSV 文件，等待 30 秒后重试...
2025-01-11 02:12:05,579 - 未找到预测 CSV 文件，等待 30 秒后重试...
2025-01-11 02:12:35,593 - 未找到预测 CSV 文件，等待 30 秒后重试...
2025-01-11 02:13:05,601 - 未找到预测 CSV 文件，等待 30 秒后重试...
2025-01-11 02:13:35,607 - 未找到预测 CSV 文件，等待 30 秒后重试...
2025-01-11 02:14:05,617 - 未找到预测 CSV 文件，等待 30 秒后重试...
2025-01-11 02:14:35,631 - 未找到预测 CSV 文件，等待 30 秒后重试...
2025-01-11 02:15:05,638 - 未找到预测 CSV 文件，等待 30 秒后重试...
2025-01-11 02:15:35,639 - 未找到预测 CSV 文件，等待 30 秒后重试...
2025-01-11 02:16:05,650 - 未找到预测 CSV 文件，等待 30 秒后重试...
2025-01-11 02:16:35,661 - 未找到预测 CSV 文件，等待 30 秒后重试...
2025-01-11 02:17:05,676 - 未找到预测 CSV 文件，等待 30 秒后重试...
2025-01-11 02:17:35,682 - 未找到预测 CSV 文件，等待 30 秒后重试...
2025-01-11 02:18:05,686 - 未找到预测 CSV 文件，等待 30 秒后重试...
2025-01-11 02:18:35,700 - 未找到预测 CSV 文件，等待 30 秒后重试...
2025-01-11 02:19:05,704 - 未找到预测 CSV 文件，等待 30 秒后重试...
2025-01-11 02:19:35,711 - 未找到预测 CSV 文件，等待 30 秒后重试...
2025-01-11 02:20:05,725 - 未找到预测 CSV 文件，等待 30 秒后重试...
2025-01-11 02:20:35,737 - 未找到预测 CSV 文件，等待 30 秒后重试...
2025-01-11 02:21:05,743 - 未找到预测 CSV 文件，等待 30 秒后重试...
2025-01-11 02:21:35,752 - 未找到预测 CSV 文件，等待 30 秒后重试...
2025-01-11 02:22:05,762 - 未找到预测 CSV 文件，等待 30 秒后重试...
2025-01-11 02:22:35,771 - 未找到预测 CSV 文件，等待 30 秒后重试...
2025-01-11 02:23:05,780 - 未找到预测 CSV 文件，等待 30 秒后重试...
2025-01-11 02:23:35,789 - 未找到预测 CSV 文件，等待 30 秒后重试...
2025-01-11 02:24:05,791 - 未找到预测 CSV 文件，等待 30 秒后重试...
2025-01-11 02:24:35,795 - 未找到预测 CSV 文件，等待 30 秒后重试...
2025-01-11 02:25:05,803 - 未找到预测 CSV 文件，等待 30 秒后重试...
2025-01-11 02:25:35,816 - 未找到预测 CSV 文件，等待 30 秒后重试...
2025-01-11 02:26:05,820 - 未找到预测 CSV 文件，等待 30 秒后重试...
2025-01-11 02:26:35,828 - 未找到预测 CSV 文件，等待 30 秒后重试...
2025-01-11 02:27:05,836 - 未找到预测 CSV 文件，等待 30 秒后重试...
2025-01-11 02:27:35,841 - 未找到预测 CSV 文件，等待 30 秒后重试...
2025-01-11 02:28:05,843 - 未找到预测 CSV 文件，等待 30 秒后重试...
2025-01-11 02:28:35,856 - 未找到预测 CSV 文件，等待 30 秒后重试...
2025-01-11 02:29:05,858 - 未找到预测 CSV 文件，等待 30 秒后重试...
2025-01-11 02:29:35,872 - 未找到预测 CSV 文件，等待 30 秒后重试...
2025-01-11 02:30:05,874 - 未找到预测 CSV 文件，等待 30 秒后重试...
2025-01-11 02:30:35,891 - 未找到预测 CSV 文件，等待 30 秒后重试...
2025-01-11 02:31:05,896 - 未找到预测 CSV 文件，等待 30 秒后重试...
2025-01-11 02:31:35,905 - 未找到预测 CSV 文件，等待 30 秒后重试...
2025-01-11 02:32:05,908 - 未找到预测 CSV 文件，等待 30 秒后重试...
2025-01-11 02:32:35,925 - 未找到预测 CSV 文件，等待 30 秒后重试...
2025-01-11 02:33:05,939 - 未找到预测 CSV 文件，等待 30 秒后重试...
2025-01-11 02:33:35,946 - 未找到预测 CSV 文件，等待 30 秒后重试...
2025-01-11 02:34:05,957 - 未找到预测 CSV 文件，等待 30 秒后重试...
2025-01-11 02:34:35,968 - 未找到预测 CSV 文件，等待 30 秒后重试...
2025-01-11 02:35:05,978 - 未找到预测 CSV 文件，等待 30 秒后重试...
2025-01-11 02:35:35,988 - 未找到预测 CSV 文件，等待 30 秒后重试...
2025-01-11 02:36:05,997 - 未找到预测 CSV 文件，等待 30 秒后重试...
2025-01-11 02:36:36,006 - 未找到预测 CSV 文件，等待 30 秒后重试...
2025-01-11 02:37:06,017 - 未找到预测 CSV 文件，等待 30 秒后重试...
2025-01-11 02:37:36,020 - 未找到预测 CSV 文件，等待 30 秒后重试...
2025-01-11 02:38:06,026 - 未找到预测 CSV 文件，等待 30 秒后重试...
2025-01-11 02:38:36,036 - 未找到预测 CSV 文件，等待 30 秒后重试...
2025-01-11 02:39:06,041 - 未找到预测 CSV 文件，等待 30 秒后重试...
2025-01-11 02:39:36,046 - 未找到预测 CSV 文件，等待 30 秒后重试...
2025-01-11 02:40:06,048 - 未找到预测 CSV 文件，等待 30 秒后重试...
2025-01-11 02:40:36,065 - 未找到预测 CSV 文件，等待 30 秒后重试...
2025-01-11 02:41:06,080 - 未找到预测 CSV 文件，等待 30 秒后重试...
2025-01-11 02:41:36,082 - 未找到预测 CSV 文件，等待 30 秒后重试...
2025-01-11 02:42:06,096 - 未找到预测 CSV 文件，等待 30 秒后重试...
2025-01-11 02:42:36,099 - 未找到预测 CSV 文件，等待 30 秒后重试...
2025-01-11 02:43:06,104 - 未找到预测 CSV 文件，等待 30 秒后重试...
2025-01-11 02:43:36,105 - 未找到预测 CSV 文件，等待 30 秒后重试...
2025-01-11 02:44:06,115 - 未找到预测 CSV 文件，等待 30 秒后重试...
2025-01-11 02:44:36,127 - 未找到预测 CSV 文件，等待 30 秒后重试...
2025-01-11 02:45:06,138 - 未找到预测 CSV 文件，等待 30 秒后重试...
2025-01-11 02:45:36,146 - 未找到预测 CSV 文件，等待 30 秒后重试...
2025-01-11 02:46:06,162 - 未找到预测 CSV 文件，等待 30 秒后重试...
2025-01-11 02:46:36,176 - 未找到预测 CSV 文件，等待 30 秒后重试...
2025-01-11 02:47:06,189 - 未找到预测 CSV 文件，等待 30 秒后重试...
2025-01-11 02:47:36,198 - 未找到预测 CSV 文件，等待 30 秒后重试...
2025-01-11 02:48:06,208 - 未找到预测 CSV 文件，等待 30 秒后重试...
2025-01-11 02:48:36,218 - 未找到预测 CSV 文件，等待 30 秒后重试...
2025-01-11 02:49:06,234 - 未找到预测 CSV 文件，等待 30 秒后重试...
2025-01-11 02:49:36,246 - 未找到预测 CSV 文件，等待 30 秒后重试...
2025-01-11 02:50:06,250 - 未找到预测 CSV 文件，等待 30 秒后重试...
2025-01-11 02:50:36,265 - 未找到预测 CSV 文件，等待 30 秒后重试...
2025-01-11 02:51:06,269 - 未找到预测 CSV 文件，等待 30 秒后重试...
2025-01-11 02:51:36,271 - 未找到预测 CSV 文件，等待 30 秒后重试...
2025-01-11 02:52:06,281 - 未找到预测 CSV 文件，等待 30 秒后重试...
2025-01-11 02:52:36,289 - 未找到预测 CSV 文件，等待 30 秒后重试...
2025-01-11 02:53:06,302 - 未找到预测 CSV 文件，等待 30 秒后重试...
2025-01-11 02:53:36,309 - 未找到预测 CSV 文件，等待 30 秒后重试...
2025-01-11 02:54:06,314 - 未找到预测 CSV 文件，等待 30 秒后重试...
2025-01-11 02:54:36,323 - 未找到预测 CSV 文件，等待 30 秒后重试...
2025-01-11 02:55:06,332 - 未找到预测 CSV 文件，等待 30 秒后重试...
2025-01-11 02:55:36,347 - 未找到预测 CSV 文件，等待 30 秒后重试...
2025-01-11 02:56:06,358 - 未找到预测 CSV 文件，等待 30 秒后重试...
2025-01-11 02:56:36,369 - 未找到预测 CSV 文件，等待 30 秒后重试...
2025-01-11 02:57:06,380 - 未找到预测 CSV 文件，等待 30 秒后重试...
2025-01-11 02:57:36,384 - 未找到预测 CSV 文件，等待 30 秒后重试...
2025-01-11 02:58:06,397 - 未找到预测 CSV 文件，等待 30 秒后重试...
2025-01-11 02:58:36,407 - 未找到预测 CSV 文件，等待 30 秒后重试...
2025-01-11 02:59:06,423 - 未找到预测 CSV 文件，等待 30 秒后重试...
2025-01-11 02:59:36,424 - 未找到预测 CSV 文件，等待 30 秒后重试...
2025-01-11 03:00:06,440 - 未找到预测 CSV 文件，等待 30 秒后重试...
2025-01-11 03:00:36,442 - 未找到预测 CSV 文件，等待 30 秒后重试...
2025-01-11 03:01:06,456 - 未找到预测 CSV 文件，等待 30 秒后重试...
2025-01-11 03:01:36,461 - 未找到预测 CSV 文件，等待 30 秒后重试...
2025-01-11 03:02:06,466 - 未找到预测 CSV 文件，等待 30 秒后重试...
2025-01-11 03:02:36,473 - 未找到预测 CSV 文件，等待 30 秒后重试...
2025-01-11 03:03:06,483 - 未找到预测 CSV 文件，等待 30 秒后重试...
2025-01-11 03:03:36,492 - 未找到预测 CSV 文件，等待 30 秒后重试...
2025-01-11 03:04:06,493 - 未找到预测 CSV 文件，等待 30 秒后重试...
2025-01-11 03:04:36,497 - 未找到预测 CSV 文件，等待 30 秒后重试...
2025-01-11 03:05:06,513 - 未找到预测 CSV 文件，等待 30 秒后重试...
2025-01-11 03:05:36,515 - 未找到预测 CSV 文件，等待 30 秒后重试...
2025-01-11 03:06:06,527 - 未找到预测 CSV 文件，等待 30 秒后重试...
2025-01-11 03:06:36,531 - 未找到预测 CSV 文件，等待 30 秒后重试...
2025-01-11 03:07:06,533 - 未找到预测 CSV 文件，等待 30 秒后重试...
2025-01-11 03:07:36,550 - 未找到预测 CSV 文件，等待 30 秒后重试...
2025-01-11 03:08:06,551 - 未找到预测 CSV 文件，等待 30 秒后重试...
2025-01-11 03:08:36,558 - 未找到预测 CSV 文件，等待 30 秒后重试...
2025-01-11 03:09:06,573 - 未找到预测 CSV 文件，等待 30 秒后重试...
2025-01-11 03:09:36,576 - 未找到预测 CSV 文件，等待 30 秒后重试...
2025-01-11 03:10:06,579 - 未找到预测 CSV 文件，等待 30 秒后重试...
2025-01-11 03:10:36,594 - 未找到预测 CSV 文件，等待 30 秒后重试...
2025-01-11 03:11:06,600 - 未找到预测 CSV 文件，等待 30 秒后重试...
2025-01-11 03:11:36,611 - 未找到预测 CSV 文件，等待 30 秒后重试...
2025-01-11 03:12:06,617 - 未找到预测 CSV 文件，等待 30 秒后重试...
2025-01-11 03:12:36,622 - 未找到预测 CSV 文件，等待 30 秒后重试...
2025-01-11 03:13:06,638 - 未找到预测 CSV 文件，等待 30 秒后重试...
2025-01-11 03:13:36,646 - 未找到预测 CSV 文件，等待 30 秒后重试...
2025-01-11 03:14:06,654 - 未找到预测 CSV 文件，等待 30 秒后重试...
2025-01-11 03:14:36,667 - 未找到预测 CSV 文件，等待 30 秒后重试...
2025-01-11 03:15:06,681 - 未找到预测 CSV 文件，等待 30 秒后重试...
2025-01-11 03:15:36,691 - 未找到预测 CSV 文件，等待 30 秒后重试...
2025-01-11 03:16:06,692 - 未找到预测 CSV 文件，等待 30 秒后重试...
2025-01-11 03:16:36,695 - 未找到预测 CSV 文件，等待 30 秒后重试...
2025-01-11 03:17:06,705 - 未找到预测 CSV 文件，等待 30 秒后重试...
2025-01-11 03:17:36,710 - 未找到预测 CSV 文件，等待 30 秒后重试...
2025-01-11 03:18:06,712 - 未找到预测 CSV 文件，等待 30 秒后重试...
2025-01-11 03:18:36,717 - 未找到预测 CSV 文件，等待 30 秒后重试...
2025-01-11 03:19:06,723 - 未找到预测 CSV 文件，等待 30 秒后重试...
2025-01-11 03:19:36,726 - 未找到预测 CSV 文件，等待 30 秒后重试...
2025-01-11 03:20:06,740 - 未找到预测 CSV 文件，等待 30 秒后重试...
2025-01-11 03:20:36,757 - 未找到预测 CSV 文件，等待 30 秒后重试...
2025-01-11 03:21:06,761 - 未找到预测 CSV 文件，等待 30 秒后重试...
2025-01-11 03:21:36,776 - 未找到预测 CSV 文件，等待 30 秒后重试...
2025-01-11 03:22:06,790 - 未找到预测 CSV 文件，等待 30 秒后重试...
2025-01-11 03:22:36,792 - 未找到预测 CSV 文件，等待 30 秒后重试...
2025-01-11 03:23:06,806 - 未找到预测 CSV 文件，等待 30 秒后重试...
2025-01-11 03:23:36,815 - 未找到预测 CSV 文件，等待 30 秒后重试...
2025-01-11 03:24:06,822 - 未找到预测 CSV 文件，等待 30 秒后重试...
2025-01-11 03:24:36,833 - 未找到预测 CSV 文件，等待 30 秒后重试...
2025-01-11 03:25:06,843 - 未找到预测 CSV 文件，等待 30 秒后重试...
2025-01-11 03:25:36,852 - 未找到预测 CSV 文件，等待 30 秒后重试...
2025-01-11 03:26:06,863 - 未找到预测 CSV 文件，等待 30 秒后重试...
2025-01-11 03:26:36,865 - 未找到预测 CSV 文件，等待 30 秒后重试...
2025-01-11 03:27:06,874 - 未找到预测 CSV 文件，等待 30 秒后重试...
2025-01-11 03:27:36,886 - 未找到预测 CSV 文件，等待 30 秒后重试...
2025-01-11 03:28:06,891 - 未找到预测 CSV 文件，等待 30 秒后重试...
2025-01-11 03:28:36,900 - 未找到预测 CSV 文件，等待 30 秒后重试...
2025-01-11 03:29:06,913 - 未找到预测 CSV 文件，等待 30 秒后重试...
2025-01-11 03:29:36,919 - 未找到预测 CSV 文件，等待 30 秒后重试...
2025-01-11 03:30:06,934 - 未找到预测 CSV 文件，等待 30 秒后重试...
2025-01-11 03:30:36,943 - 未找到预测 CSV 文件，等待 30 秒后重试...
2025-01-11 03:31:06,960 - 未找到预测 CSV 文件，等待 30 秒后重试...
2025-01-11 03:31:36,964 - 未找到预测 CSV 文件，等待 30 秒后重试...
2025-01-11 03:32:06,973 - 未找到预测 CSV 文件，等待 30 秒后重试...
2025-01-11 03:32:36,990 - 未找到预测 CSV 文件，等待 30 秒后重试...
2025-01-11 03:33:07,001 - 未找到预测 CSV 文件，等待 30 秒后重试...
2025-01-11 03:33:37,018 - 未找到预测 CSV 文件，等待 30 秒后重试...
2025-01-11 03:34:07,025 - 未找到预测 CSV 文件，等待 30 秒后重试...
2025-01-11 03:34:37,027 - 未找到预测 CSV 文件，等待 30 秒后重试...
2025-01-11 03:35:07,036 - 未找到预测 CSV 文件，等待 30 秒后重试...
2025-01-11 03:35:37,042 - 未找到预测 CSV 文件，等待 30 秒后重试...
2025-01-11 03:36:07,055 - 未找到预测 CSV 文件，等待 30 秒后重试...
2025-01-11 03:36:37,063 - 未找到预测 CSV 文件，等待 30 秒后重试...
2025-01-11 03:37:07,074 - 未找到预测 CSV 文件，等待 30 秒后重试...
2025-01-11 03:37:37,081 - 未找到预测 CSV 文件，等待 30 秒后重试...
2025-01-11 03:38:07,084 - 未找到预测 CSV 文件，等待 30 秒后重试...
2025-01-11 03:38:37,091 - 未找到预测 CSV 文件，等待 30 秒后重试...
2025-01-11 03:39:07,104 - 未找到预测 CSV 文件，等待 30 秒后重试...
2025-01-11 03:39:37,117 - 未找到预测 CSV 文件，等待 30 秒后重试...
2025-01-11 03:40:07,122 - 未找到预测 CSV 文件，等待 30 秒后重试...
2025-01-11 03:40:37,129 - 未找到预测 CSV 文件，等待 30 秒后重试...
2025-01-11 03:41:07,145 - 未找到预测 CSV 文件，等待 30 秒后重试...
2025-01-11 03:41:37,149 - 未找到预测 CSV 文件，等待 30 秒后重试...
2025-01-11 03:42:07,153 - 未找到预测 CSV 文件，等待 30 秒后重试...
2025-01-11 03:42:37,159 - 未找到预测 CSV 文件，等待 30 秒后重试...
2025-01-11 03:43:07,176 - 未找到预测 CSV 文件，等待 30 秒后重试...
2025-01-11 03:43:37,190 - 未找到预测 CSV 文件，等待 30 秒后重试...
2025-01-11 03:44:07,205 - 未找到预测 CSV 文件，等待 30 秒后重试...
2025-01-11 03:44:37,214 - 未找到预测 CSV 文件，等待 30 秒后重试...
2025-01-11 03:45:07,232 - 未找到预测 CSV 文件，等待 30 秒后重试...
2025-01-11 03:45:37,234 - 未找到预测 CSV 文件，等待 30 秒后重试...
2025-01-11 03:46:07,246 - 未找到预测 CSV 文件，等待 30 秒后重试...
2025-01-11 03:46:37,257 - 未找到预测 CSV 文件，等待 30 秒后重试...
2025-01-11 03:47:07,267 - 未找到预测 CSV 文件，等待 30 秒后重试...
2025-01-11 03:47:37,275 - 未找到预测 CSV 文件，等待 30 秒后重试...
2025-01-11 03:48:07,289 - 未找到预测 CSV 文件，等待 30 秒后重试...
2025-01-11 03:48:37,299 - 未找到预测 CSV 文件，等待 30 秒后重试...
2025-01-11 03:49:07,314 - 未找到预测 CSV 文件，等待 30 秒后重试...
2025-01-11 03:49:37,321 - 未找到预测 CSV 文件，等待 30 秒后重试...
2025-01-11 03:50:07,330 - 未找到预测 CSV 文件，等待 30 秒后重试...
2025-01-11 03:50:37,335 - 未找到预测 CSV 文件，等待 30 秒后重试...
2025-01-11 03:51:07,338 - 未找到预测 CSV 文件，等待 30 秒后重试...
2025-01-11 03:51:37,343 - 未找到预测 CSV 文件，等待 30 秒后重试...
2025-01-11 03:52:07,356 - 未找到预测 CSV 文件，等待 30 秒后重试...
2025-01-11 03:52:37,367 - 未找到预测 CSV 文件，等待 30 秒后重试...
2025-01-11 03:53:07,374 - 未找到预测 CSV 文件，等待 30 秒后重试...
2025-01-11 03:53:37,387 - 未找到预测 CSV 文件，等待 30 秒后重试...
2025-01-11 03:54:07,393 - 未找到预测 CSV 文件，等待 30 秒后重试...
2025-01-11 03:54:37,395 - 未找到预测 CSV 文件，等待 30 秒后重试...
2025-01-11 03:55:07,412 - 未找到预测 CSV 文件，等待 30 秒后重试...
2025-01-11 03:55:37,418 - 未找到预测 CSV 文件，等待 30 秒后重试...
2025-01-11 03:56:07,430 - 未找到预测 CSV 文件，等待 30 秒后重试...
2025-01-11 03:56:37,435 - 未找到预测 CSV 文件，等待 30 秒后重试...
2025-01-11 03:57:07,438 - 未找到预测 CSV 文件，等待 30 秒后重试...
2025-01-11 03:57:37,440 - 未找到预测 CSV 文件，等待 30 秒后重试...
2025-01-11 03:58:07,452 - 未找到预测 CSV 文件，等待 30 秒后重试...
2025-01-11 03:58:37,459 - 未找到预测 CSV 文件，等待 30 秒后重试...
2025-01-11 03:59:07,460 - 未找到预测 CSV 文件，等待 30 秒后重试...
2025-01-11 03:59:37,465 - 未找到预测 CSV 文件，等待 30 秒后重试...
2025-01-11 04:00:07,468 - 未找到预测 CSV 文件，等待 30 秒后重试...
2025-01-11 04:00:37,471 - 未找到预测 CSV 文件，等待 30 秒后重试...
2025-01-11 04:01:07,484 - 未找到预测 CSV 文件，等待 30 秒后重试...
2025-01-11 04:01:37,496 - 未找到预测 CSV 文件，等待 30 秒后重试...
2025-01-11 04:02:07,509 - 未找到预测 CSV 文件，等待 30 秒后重试...
2025-01-11 04:02:37,518 - 未找到预测 CSV 文件，等待 30 秒后重试...
2025-01-11 04:03:07,530 - 未找到预测 CSV 文件，等待 30 秒后重试...
2025-01-11 04:03:37,545 - 未找到预测 CSV 文件，等待 30 秒后重试...
2025-01-11 04:04:07,559 - 未找到预测 CSV 文件，等待 30 秒后重试...
2025-01-11 04:04:37,562 - 未找到预测 CSV 文件，等待 30 秒后重试...
2025-01-11 04:05:07,564 - 未找到预测 CSV 文件，等待 30 秒后重试...
2025-01-11 04:05:37,576 - 未找到预测 CSV 文件，等待 30 秒后重试...
2025-01-11 04:06:07,584 - 未找到预测 CSV 文件，等待 30 秒后重试...
2025-01-11 04:06:37,593 - 未找到预测 CSV 文件，等待 30 秒后重试...
2025-01-11 04:07:07,600 - 未找到预测 CSV 文件，等待 30 秒后重试...
2025-01-11 04:07:37,603 - 未找到预测 CSV 文件，等待 30 秒后重试...
2025-01-11 04:08:07,620 - 未找到预测 CSV 文件，等待 30 秒后重试...
2025-01-11 04:08:37,634 - 未找到预测 CSV 文件，等待 30 秒后重试...
2025-01-11 04:09:07,637 - 未找到预测 CSV 文件，等待 30 秒后重试...
2025-01-11 04:09:37,653 - 未找到预测 CSV 文件，等待 30 秒后重试...
2025-01-11 04:10:12,029 - 未找到预测 CSV 文件，等待 30 秒后重试...
2025-01-11 04:10:42,040 - 未找到预测 CSV 文件，等待 30 秒后重试...
2025-01-11 04:11:12,045 - 未找到预测 CSV 文件，等待 30 秒后重试...
2025-01-11 04:11:42,056 - 未找到预测 CSV 文件，等待 30 秒后重试...
2025-01-11 04:12:12,072 - 未找到预测 CSV 文件，等待 30 秒后重试...
2025-01-11 04:12:42,081 - 未找到预测 CSV 文件，等待 30 秒后重试...
2025-01-11 04:13:12,084 - 未找到预测 CSV 文件，等待 30 秒后重试...
2025-01-11 04:13:42,086 - 未找到预测 CSV 文件，等待 30 秒后重试...
2025-01-11 04:14:12,095 - 未找到预测 CSV 文件，等待 30 秒后重试...
2025-01-11 04:14:42,110 - 未找到预测 CSV 文件，等待 30 秒后重试...
2025-01-11 04:15:12,118 - 未找到预测 CSV 文件，等待 30 秒后重试...
2025-01-11 04:15:42,132 - 未找到预测 CSV 文件，等待 30 秒后重试...
2025-01-11 04:16:12,148 - 未找到预测 CSV 文件，等待 30 秒后重试...
2025-01-11 04:16:42,162 - 未找到预测 CSV 文件，等待 30 秒后重试...
2025-01-11 04:17:12,168 - 未找到预测 CSV 文件，等待 30 秒后重试...
2025-01-11 04:17:42,169 - 未找到预测 CSV 文件，等待 30 秒后重试...
2025-01-11 04:18:12,185 - 未找到预测 CSV 文件，等待 30 秒后重试...
2025-01-11 04:18:42,197 - 未找到预测 CSV 文件，等待 30 秒后重试...
2025-01-11 04:19:12,201 - 未找到预测 CSV 文件，等待 30 秒后重试...
2025-01-11 04:19:42,211 - 未找到预测 CSV 文件，等待 30 秒后重试...
2025-01-11 04:20:12,224 - 未找到预测 CSV 文件，等待 30 秒后重试...
2025-01-11 04:20:42,228 - 未找到预测 CSV 文件，等待 30 秒后重试...
2025-01-11 04:21:12,233 - 未找到预测 CSV 文件，等待 30 秒后重试...
2025-01-11 04:21:42,244 - 未找到预测 CSV 文件，等待 30 秒后重试...
2025-01-11 04:22:12,251 - 未找到预测 CSV 文件，等待 30 秒后重试...
2025-01-11 04:22:42,261 - 未找到预测 CSV 文件，等待 30 秒后重试...
2025-01-11 04:23:12,262 - 未找到预测 CSV 文件，等待 30 秒后重试...
2025-01-11 04:23:42,275 - 未找到预测 CSV 文件，等待 30 秒后重试...
2025-01-11 04:24:12,285 - 未找到预测 CSV 文件，等待 30 秒后重试...
2025-01-11 04:24:42,296 - 未找到预测 CSV 文件，等待 30 秒后重试...
2025-01-11 04:25:12,299 - 未找到预测 CSV 文件，等待 30 秒后重试...
2025-01-11 04:25:42,314 - 未找到预测 CSV 文件，等待 30 秒后重试...
2025-01-11 04:26:12,331 - 未找到预测 CSV 文件，等待 30 秒后重试...
2025-01-11 04:26:42,345 - 未找到预测 CSV 文件，等待 30 秒后重试...
2025-01-11 04:27:12,350 - 未找到预测 CSV 文件，等待 30 秒后重试...
2025-01-11 04:27:42,353 - 未找到预测 CSV 文件，等待 30 秒后重试...
2025-01-11 04:28:12,370 - 未找到预测 CSV 文件，等待 30 秒后重试...
2025-01-11 04:28:42,375 - 未找到预测 CSV 文件，等待 30 秒后重试...
2025-01-11 04:29:12,388 - 未找到预测 CSV 文件，等待 30 秒后重试...
2025-01-11 04:29:42,400 - 未找到预测 CSV 文件，等待 30 秒后重试...
2025-01-11 04:30:12,416 - 未找到预测 CSV 文件，等待 30 秒后重试...
2025-01-11 04:30:42,424 - 未找到预测 CSV 文件，等待 30 秒后重试...
2025-01-11 04:31:12,431 - 未找到预测 CSV 文件，等待 30 秒后重试...
2025-01-11 04:31:42,434 - 未找到预测 CSV 文件，等待 30 秒后重试...
2025-01-11 04:32:12,447 - 未找到预测 CSV 文件，等待 30 秒后重试...
2025-01-11 04:32:42,461 - 未找到预测 CSV 文件，等待 30 秒后重试...
2025-01-11 04:33:12,462 - 未找到预测 CSV 文件，等待 30 秒后重试...
2025-01-11 04:33:42,468 - 未找到预测 CSV 文件，等待 30 秒后重试...
2025-01-11 04:34:12,472 - 未找到预测 CSV 文件，等待 30 秒后重试...
2025-01-11 04:34:42,477 - 未找到预测 CSV 文件，等待 30 秒后重试...
2025-01-11 04:35:12,488 - 未找到预测 CSV 文件，等待 30 秒后重试...
2025-01-11 04:35:42,498 - 未找到预测 CSV 文件，等待 30 秒后重试...
2025-01-11 04:36:12,499 - 未找到预测 CSV 文件，等待 30 秒后重试...
2025-01-11 04:36:42,510 - 未找到预测 CSV 文件，等待 30 秒后重试...
2025-01-11 04:37:12,522 - 未找到预测 CSV 文件，等待 30 秒后重试...
2025-01-11 04:37:42,538 - 未找到预测 CSV 文件，等待 30 秒后重试...
2025-01-11 04:38:12,544 - 未找到预测 CSV 文件，等待 30 秒后重试...
2025-01-11 04:38:42,560 - 未找到预测 CSV 文件，等待 30 秒后重试...
2025-01-11 04:39:12,575 - 未找到预测 CSV 文件，等待 30 秒后重试...
2025-01-11 04:39:42,590 - 未找到预测 CSV 文件，等待 30 秒后重试...
2025-01-11 04:40:12,593 - 未找到预测 CSV 文件，等待 30 秒后重试...
2025-01-11 04:40:42,608 - 未找到预测 CSV 文件，等待 30 秒后重试...
2025-01-11 04:41:12,611 - 未找到预测 CSV 文件，等待 30 秒后重试...
2025-01-11 04:41:42,619 - 未找到预测 CSV 文件，等待 30 秒后重试...
2025-01-11 04:42:12,631 - 未找到预测 CSV 文件，等待 30 秒后重试...
2025-01-11 04:42:42,644 - 未找到预测 CSV 文件，等待 30 秒后重试...
2025-01-11 04:43:12,655 - 未找到预测 CSV 文件，等待 30 秒后重试...
2025-01-11 04:43:42,659 - 未找到预测 CSV 文件，等待 30 秒后重试...
2025-01-11 04:44:12,662 - 未找到预测 CSV 文件，等待 30 秒后重试...
2025-01-11 04:44:42,669 - 未找到预测 CSV 文件，等待 30 秒后重试...
2025-01-11 04:45:12,683 - 未找到预测 CSV 文件，等待 30 秒后重试...
2025-01-11 04:45:42,686 - 未找到预测 CSV 文件，等待 30 秒后重试...
2025-01-11 04:46:12,693 - 未找到预测 CSV 文件，等待 30 秒后重试...
2025-01-11 04:46:42,706 - 未找到预测 CSV 文件，等待 30 秒后重试...
2025-01-11 04:47:12,717 - 未找到预测 CSV 文件，等待 30 秒后重试...
2025-01-11 04:47:42,721 - 未找到预测 CSV 文件，等待 30 秒后重试...
2025-01-11 04:48:12,735 - 未找到预测 CSV 文件，等待 30 秒后重试...
2025-01-11 04:48:42,744 - 未找到预测 CSV 文件，等待 30 秒后重试...
2025-01-11 04:49:12,754 - 未找到预测 CSV 文件，等待 30 秒后重试...
2025-01-11 04:49:42,766 - 未找到预测 CSV 文件，等待 30 秒后重试...
2025-01-11 04:50:12,769 - 未找到预测 CSV 文件，等待 30 秒后重试...
2025-01-11 04:50:42,770 - 未找到预测 CSV 文件，等待 30 秒后重试...
2025-01-11 04:51:12,785 - 未找到预测 CSV 文件，等待 30 秒后重试...
2025-01-11 04:51:42,792 - 未找到预测 CSV 文件，等待 30 秒后重试...
2025-01-11 04:52:12,796 - 未找到预测 CSV 文件，等待 30 秒后重试...
2025-01-11 04:52:42,801 - 未找到预测 CSV 文件，等待 30 秒后重试...
2025-01-11 04:53:12,810 - 未找到预测 CSV 文件，等待 30 秒后重试...
2025-01-11 04:53:42,814 - 未找到预测 CSV 文件，等待 30 秒后重试...
2025-01-11 04:54:12,818 - 未找到预测 CSV 文件，等待 30 秒后重试...
2025-01-11 04:54:42,833 - 未找到预测 CSV 文件，等待 30 秒后重试...
2025-01-11 04:55:12,842 - 未找到预测 CSV 文件，等待 30 秒后重试...
2025-01-11 04:55:42,847 - 未找到预测 CSV 文件，等待 30 秒后重试...
2025-01-11 04:56:12,856 - 未找到预测 CSV 文件，等待 30 秒后重试...
2025-01-11 04:56:42,859 - 未找到预测 CSV 文件，等待 30 秒后重试...
2025-01-11 04:57:12,866 - 未找到预测 CSV 文件，等待 30 秒后重试...
2025-01-11 04:57:42,869 - 未找到预测 CSV 文件，等待 30 秒后重试...
2025-01-11 04:58:12,879 - 未找到预测 CSV 文件，等待 30 秒后重试...
2025-01-11 04:58:42,882 - 未找到预测 CSV 文件，等待 30 秒后重试...
2025-01-11 04:59:12,893 - 未找到预测 CSV 文件，等待 30 秒后重试...
2025-01-11 04:59:42,895 - 未找到预测 CSV 文件，等待 30 秒后重试...
2025-01-11 05:00:12,910 - 未找到预测 CSV 文件，等待 30 秒后重试...
2025-01-11 05:00:42,911 - 未找到预测 CSV 文件，等待 30 秒后重试...
2025-01-11 05:01:12,916 - 未找到预测 CSV 文件，等待 30 秒后重试...
2025-01-11 05:01:42,926 - 未找到预测 CSV 文件，等待 30 秒后重试...
2025-01-11 05:02:12,941 - 未找到预测 CSV 文件，等待 30 秒后重试...
2025-01-11 05:02:42,946 - 未找到预测 CSV 文件，等待 30 秒后重试...
2025-01-11 05:03:12,957 - 未找到预测 CSV 文件，等待 30 秒后重试...
2025-01-11 05:03:42,971 - 未找到预测 CSV 文件，等待 30 秒后重试...
2025-01-11 05:04:12,980 - 未找到预测 CSV 文件，等待 30 秒后重试...
2025-01-11 05:04:42,988 - 未找到预测 CSV 文件，等待 30 秒后重试...
2025-01-11 05:05:12,997 - 未找到预测 CSV 文件，等待 30 秒后重试...
2025-01-11 05:05:43,008 - 未找到预测 CSV 文件，等待 30 秒后重试...
2025-01-11 05:06:13,012 - 未找到预测 CSV 文件，等待 30 秒后重试...
2025-01-11 05:06:43,014 - 未找到预测 CSV 文件，等待 30 秒后重试...
2025-01-11 05:07:13,031 - 未找到预测 CSV 文件，等待 30 秒后重试...
2025-01-11 05:07:43,039 - 未找到预测 CSV 文件，等待 30 秒后重试...
2025-01-11 05:08:13,045 - 未找到预测 CSV 文件，等待 30 秒后重试...
2025-01-11 05:08:43,054 - 未找到预测 CSV 文件，等待 30 秒后重试...
2025-01-11 05:09:13,055 - 未找到预测 CSV 文件，等待 30 秒后重试...
2025-01-11 05:09:43,069 - 未找到预测 CSV 文件，等待 30 秒后重试...
2025-01-11 05:10:13,075 - 未找到预测 CSV 文件，等待 30 秒后重试...
2025-01-11 05:10:43,092 - 未找到预测 CSV 文件，等待 30 秒后重试...
2025-01-11 05:11:13,098 - 未找到预测 CSV 文件，等待 30 秒后重试...
2025-01-11 05:11:43,105 - 未找到预测 CSV 文件，等待 30 秒后重试...
2025-01-11 05:12:13,120 - 未找到预测 CSV 文件，等待 30 秒后重试...
2025-01-11 05:12:43,126 - 未找到预测 CSV 文件，等待 30 秒后重试...
2025-01-11 05:13:13,141 - 未找到预测 CSV 文件，等待 30 秒后重试...
2025-01-11 05:13:43,157 - 未找到预测 CSV 文件，等待 30 秒后重试...
2025-01-11 05:14:13,172 - 未找到预测 CSV 文件，等待 30 秒后重试...
2025-01-11 05:14:43,189 - 未找到预测 CSV 文件，等待 30 秒后重试...
2025-01-11 05:15:13,204 - 未找到预测 CSV 文件，等待 30 秒后重试...
2025-01-11 05:15:43,213 - 未找到预测 CSV 文件，等待 30 秒后重试...
2025-01-11 05:16:13,215 - 未找到预测 CSV 文件，等待 30 秒后重试...
2025-01-11 05:16:43,228 - 未找到预测 CSV 文件，等待 30 秒后重试...
2025-01-11 05:17:13,238 - 未找到预测 CSV 文件，等待 30 秒后重试...
2025-01-11 05:17:43,245 - 未找到预测 CSV 文件，等待 30 秒后重试...
2025-01-11 05:18:13,249 - 未找到预测 CSV 文件，等待 30 秒后重试...
2025-01-11 05:18:43,265 - 未找到预测 CSV 文件，等待 30 秒后重试...
2025-01-11 05:19:13,274 - 未找到预测 CSV 文件，等待 30 秒后重试...
2025-01-11 05:19:43,278 - 未找到预测 CSV 文件，等待 30 秒后重试...
2025-01-11 05:20:13,282 - 未找到预测 CSV 文件，等待 30 秒后重试...
2025-01-11 05:20:43,296 - 未找到预测 CSV 文件，等待 30 秒后重试...
2025-01-11 05:21:13,311 - 未找到预测 CSV 文件，等待 30 秒后重试...
2025-01-11 05:21:43,312 - 未找到预测 CSV 文件，等待 30 秒后重试...
2025-01-11 05:22:13,324 - 未找到预测 CSV 文件，等待 30 秒后重试...
2025-01-11 05:22:43,333 - 未找到预测 CSV 文件，等待 30 秒后重试...
2025-01-11 05:23:13,339 - 未找到预测 CSV 文件，等待 30 秒后重试...
2025-01-11 05:23:43,340 - 未找到预测 CSV 文件，等待 30 秒后重试...
2025-01-11 05:24:13,347 - 未找到预测 CSV 文件，等待 30 秒后重试...
2025-01-11 05:24:43,361 - 未找到预测 CSV 文件，等待 30 秒后重试...
2025-01-11 05:25:13,375 - 未找到预测 CSV 文件，等待 30 秒后重试...
2025-01-11 05:25:43,390 - 未找到预测 CSV 文件，等待 30 秒后重试...
2025-01-11 05:26:13,406 - 未找到预测 CSV 文件，等待 30 秒后重试...
2025-01-11 05:26:43,422 - 未找到预测 CSV 文件，等待 30 秒后重试...
2025-01-11 05:27:13,436 - 未找到预测 CSV 文件，等待 30 秒后重试...
2025-01-11 05:27:43,449 - 未找到预测 CSV 文件，等待 30 秒后重试...
2025-01-11 05:28:13,465 - 未找到预测 CSV 文件，等待 30 秒后重试...
2025-01-11 05:28:43,478 - 未找到预测 CSV 文件，等待 30 秒后重试...
2025-01-11 05:29:13,492 - 未找到预测 CSV 文件，等待 30 秒后重试...
2025-01-11 05:29:43,504 - 未找到预测 CSV 文件，等待 30 秒后重试...
2025-01-11 05:30:13,508 - 未找到预测 CSV 文件，等待 30 秒后重试...
2025-01-11 05:30:43,512 - 未找到预测 CSV 文件，等待 30 秒后重试...
2025-01-11 05:31:13,516 - 未找到预测 CSV 文件，等待 30 秒后重试...
2025-01-11 05:31:43,520 - 未找到预测 CSV 文件，等待 30 秒后重试...
2025-01-11 05:32:13,527 - 未找到预测 CSV 文件，等待 30 秒后重试...
2025-01-11 05:32:43,541 - 未找到预测 CSV 文件，等待 30 秒后重试...
2025-01-11 05:33:13,544 - 未找到预测 CSV 文件，等待 30 秒后重试...
2025-01-11 05:33:43,559 - 未找到预测 CSV 文件，等待 30 秒后重试...
2025-01-11 05:34:13,561 - 未找到预测 CSV 文件，等待 30 秒后重试...
2025-01-11 05:34:43,574 - 未找到预测 CSV 文件，等待 30 秒后重试...
2025-01-11 05:35:13,586 - 未找到预测 CSV 文件，等待 30 秒后重试...
2025-01-11 05:35:43,595 - 未找到预测 CSV 文件，等待 30 秒后重试...
2025-01-11 05:36:13,606 - 未找到预测 CSV 文件，等待 30 秒后重试...
2025-01-11 05:36:43,607 - 未找到预测 CSV 文件，等待 30 秒后重试...
2025-01-11 05:37:13,611 - 未找到预测 CSV 文件，等待 30 秒后重试...
2025-01-11 05:37:43,626 - 未找到预测 CSV 文件，等待 30 秒后重试...
2025-01-11 05:38:13,628 - 未找到预测 CSV 文件，等待 30 秒后重试...
2025-01-11 05:38:43,633 - 未找到预测 CSV 文件，等待 30 秒后重试...
2025-01-11 05:39:13,650 - 未找到预测 CSV 文件，等待 30 秒后重试...
2025-01-11 05:39:43,660 - 未找到预测 CSV 文件，等待 30 秒后重试...
2025-01-11 05:40:13,672 - 未找到预测 CSV 文件，等待 30 秒后重试...
2025-01-11 05:40:43,680 - 未找到预测 CSV 文件，等待 30 秒后重试...
2025-01-11 05:41:13,682 - 未找到预测 CSV 文件，等待 30 秒后重试...
2025-01-11 05:41:43,698 - 未找到预测 CSV 文件，等待 30 秒后重试...
2025-01-11 05:42:13,704 - 未找到预测 CSV 文件，等待 30 秒后重试...
2025-01-11 05:42:43,709 - 未找到预测 CSV 文件，等待 30 秒后重试...
2025-01-11 05:43:13,725 - 未找到预测 CSV 文件，等待 30 秒后重试...
2025-01-11 05:43:43,727 - 未找到预测 CSV 文件，等待 30 秒后重试...
2025-01-11 05:44:13,737 - 未找到预测 CSV 文件，等待 30 秒后重试...
2025-01-11 05:44:43,749 - 未找到预测 CSV 文件，等待 30 秒后重试...
2025-01-11 05:45:13,758 - 未找到预测 CSV 文件，等待 30 秒后重试...
2025-01-11 05:45:43,772 - 未找到预测 CSV 文件，等待 30 秒后重试...
2025-01-11 05:46:13,781 - 未找到预测 CSV 文件，等待 30 秒后重试...
2025-01-11 05:46:43,786 - 未找到预测 CSV 文件，等待 30 秒后重试...
2025-01-11 05:47:13,793 - 未找到预测 CSV 文件，等待 30 秒后重试...
2025-01-11 05:47:43,802 - 未找到预测 CSV 文件，等待 30 秒后重试...
2025-01-11 05:48:13,811 - 未找到预测 CSV 文件，等待 30 秒后重试...
2025-01-11 05:48:43,822 - 未找到预测 CSV 文件，等待 30 秒后重试...
2025-01-11 05:49:13,834 - 未找到预测 CSV 文件，等待 30 秒后重试...
2025-01-11 05:49:43,841 - 未找到预测 CSV 文件，等待 30 秒后重试...
2025-01-11 05:50:13,845 - 未找到预测 CSV 文件，等待 30 秒后重试...
2025-01-11 05:50:43,853 - 未找到预测 CSV 文件，等待 30 秒后重试...
2025-01-11 05:51:13,866 - 未找到预测 CSV 文件，等待 30 秒后重试...
2025-01-11 05:51:43,871 - 未找到预测 CSV 文件，等待 30 秒后重试...
2025-01-11 05:52:13,875 - 未找到预测 CSV 文件，等待 30 秒后重试...
2025-01-11 05:52:43,879 - 未找到预测 CSV 文件，等待 30 秒后重试...
2025-01-11 05:53:13,882 - 未找到预测 CSV 文件，等待 30 秒后重试...
2025-01-11 05:53:43,888 - 未找到预测 CSV 文件，等待 30 秒后重试...
2025-01-11 05:54:13,891 - 未找到预测 CSV 文件，等待 30 秒后重试...
2025-01-11 05:54:43,907 - 未找到预测 CSV 文件，等待 30 秒后重试...
2025-01-11 05:55:13,920 - 未找到预测 CSV 文件，等待 30 秒后重试...
2025-01-11 05:55:43,933 - 未找到预测 CSV 文件，等待 30 秒后重试...
2025-01-11 05:56:13,939 - 未找到预测 CSV 文件，等待 30 秒后重试...
2025-01-11 05:56:43,949 - 未找到预测 CSV 文件，等待 30 秒后重试...
2025-01-11 05:57:13,952 - 未找到预测 CSV 文件，等待 30 秒后重试...
2025-01-11 05:57:43,954 - 未找到预测 CSV 文件，等待 30 秒后重试...
2025-01-11 05:58:13,956 - 未找到预测 CSV 文件，等待 30 秒后重试...
2025-01-11 05:58:43,965 - 未找到预测 CSV 文件，等待 30 秒后重试...
2025-01-11 05:59:13,975 - 未找到预测 CSV 文件，等待 30 秒后重试...
2025-01-11 05:59:43,976 - 未找到预测 CSV 文件，等待 30 秒后重试...
2025-01-11 06:00:13,989 - 未找到预测 CSV 文件，等待 30 秒后重试...
2025-01-11 06:00:43,994 - 未找到预测 CSV 文件，等待 30 秒后重试...
2025-01-11 06:01:14,001 - 未找到预测 CSV 文件，等待 30 秒后重试...
2025-01-11 06:01:44,013 - 未找到预测 CSV 文件，等待 30 秒后重试...
2025-01-11 06:02:14,015 - 未找到预测 CSV 文件，等待 30 秒后重试...
2025-01-11 06:02:44,023 - 未找到预测 CSV 文件，等待 30 秒后重试...
2025-01-11 06:03:14,032 - 未找到预测 CSV 文件，等待 30 秒后重试...
2025-01-11 06:03:44,039 - 未找到预测 CSV 文件，等待 30 秒后重试...
2025-01-11 06:04:14,049 - 未找到预测 CSV 文件，等待 30 秒后重试...
2025-01-11 06:04:44,063 - 未找到预测 CSV 文件，等待 30 秒后重试...
2025-01-11 06:05:14,067 - 未找到预测 CSV 文件，等待 30 秒后重试...
2025-01-11 06:05:44,072 - 未找到预测 CSV 文件，等待 30 秒后重试...
2025-01-11 06:06:14,087 - 未找到预测 CSV 文件，等待 30 秒后重试...
2025-01-11 06:06:44,096 - 未找到预测 CSV 文件，等待 30 秒后重试...
2025-01-11 06:07:14,110 - 未找到预测 CSV 文件，等待 30 秒后重试...
2025-01-11 06:07:44,117 - 未找到预测 CSV 文件，等待 30 秒后重试...
2025-01-11 06:08:14,134 - 未找到预测 CSV 文件，等待 30 秒后重试...
2025-01-11 06:08:44,136 - 未找到预测 CSV 文件，等待 30 秒后重试...
2025-01-11 06:09:14,146 - 未找到预测 CSV 文件，等待 30 秒后重试...
2025-01-11 06:09:44,157 - 未找到预测 CSV 文件，等待 30 秒后重试...
2025-01-11 06:10:14,168 - 未找到预测 CSV 文件，等待 30 秒后重试...
2025-01-11 06:10:44,181 - 未找到预测 CSV 文件，等待 30 秒后重试...
2025-01-11 06:11:14,193 - 未找到预测 CSV 文件，等待 30 秒后重试...
2025-01-11 06:11:44,208 - 未找到预测 CSV 文件，等待 30 秒后重试...
2025-01-11 06:12:14,220 - 未找到预测 CSV 文件，等待 30 秒后重试...
2025-01-11 06:12:44,236 - 未找到预测 CSV 文件，等待 30 秒后重试...
2025-01-11 06:13:14,241 - 未找到预测 CSV 文件，等待 30 秒后重试...
2025-01-11 06:13:44,243 - 未找到预测 CSV 文件，等待 30 秒后重试...
2025-01-11 06:14:14,254 - 未找到预测 CSV 文件，等待 30 秒后重试...
2025-01-11 06:14:44,259 - 未找到预测 CSV 文件，等待 30 秒后重试...
2025-01-11 06:15:14,275 - 未找到预测 CSV 文件，等待 30 秒后重试...
2025-01-11 06:15:44,278 - 未找到预测 CSV 文件，等待 30 秒后重试...
2025-01-11 06:16:14,279 - 未找到预测 CSV 文件，等待 30 秒后重试...
2025-01-11 06:16:44,293 - 未找到预测 CSV 文件，等待 30 秒后重试...
2025-01-11 06:17:14,298 - 未找到预测 CSV 文件，等待 30 秒后重试...
2025-01-11 06:17:44,312 - 未找到预测 CSV 文件，等待 30 秒后重试...
2025-01-11 06:18:14,322 - 未找到预测 CSV 文件，等待 30 秒后重试...
2025-01-11 06:18:44,334 - 未找到预测 CSV 文件，等待 30 秒后重试...
2025-01-11 06:19:14,341 - 未找到预测 CSV 文件，等待 30 秒后重试...
2025-01-11 06:19:44,343 - 未找到预测 CSV 文件，等待 30 秒后重试...
2025-01-11 06:20:14,359 - 未找到预测 CSV 文件，等待 30 秒后重试...
2025-01-11 06:20:44,371 - 未找到预测 CSV 文件，等待 30 秒后重试...
2025-01-11 06:21:14,378 - 未找到预测 CSV 文件，等待 30 秒后重试...
2025-01-11 06:21:44,389 - 未找到预测 CSV 文件，等待 30 秒后重试...
2025-01-11 06:22:14,403 - 未找到预测 CSV 文件，等待 30 秒后重试...
2025-01-11 06:22:44,417 - 未找到预测 CSV 文件，等待 30 秒后重试...
2025-01-11 06:23:14,432 - 未找到预测 CSV 文件，等待 30 秒后重试...
2025-01-11 06:23:44,436 - 未找到预测 CSV 文件，等待 30 秒后重试...
2025-01-11 06:24:14,441 - 未找到预测 CSV 文件，等待 30 秒后重试...
2025-01-11 06:24:44,443 - 未找到预测 CSV 文件，等待 30 秒后重试...
2025-01-11 06:25:14,446 - 未找到预测 CSV 文件，等待 30 秒后重试...
2025-01-11 06:25:44,457 - 未找到预测 CSV 文件，等待 30 秒后重试...
2025-01-11 06:26:14,461 - 未找到预测 CSV 文件，等待 30 秒后重试...
2025-01-11 06:26:44,464 - 未找到预测 CSV 文件，等待 30 秒后重试...
2025-01-11 06:27:14,470 - 未找到预测 CSV 文件，等待 30 秒后重试...
2025-01-11 06:27:44,478 - 未找到预测 CSV 文件，等待 30 秒后重试...
2025-01-11 06:28:14,487 - 未找到预测 CSV 文件，等待 30 秒后重试...
2025-01-11 06:28:44,500 - 未找到预测 CSV 文件，等待 30 秒后重试...
2025-01-11 06:29:14,513 - 未找到预测 CSV 文件，等待 30 秒后重试...
2025-01-11 06:29:44,528 - 未找到预测 CSV 文件，等待 30 秒后重试...
2025-01-11 06:30:14,537 - 未找到预测 CSV 文件，等待 30 秒后重试...
2025-01-11 06:30:44,539 - 未找到预测 CSV 文件，等待 30 秒后重试...
2025-01-11 06:31:14,553 - 未找到预测 CSV 文件，等待 30 秒后重试...
2025-01-11 06:31:44,557 - 未找到预测 CSV 文件，等待 30 秒后重试...
2025-01-11 06:32:14,572 - 未找到预测 CSV 文件，等待 30 秒后重试...
2025-01-11 06:32:44,587 - 未找到预测 CSV 文件，等待 30 秒后重试...
2025-01-11 06:33:14,603 - 未找到预测 CSV 文件，等待 30 秒后重试...
2025-01-11 06:33:44,611 - 未找到预测 CSV 文件，等待 30 秒后重试...
2025-01-11 06:34:14,620 - 未找到预测 CSV 文件，等待 30 秒后重试...
2025-01-11 06:34:44,627 - 未找到预测 CSV 文件，等待 30 秒后重试...
2025-01-11 06:35:14,631 - 未找到预测 CSV 文件，等待 30 秒后重试...
2025-01-11 06:35:44,643 - 未找到预测 CSV 文件，等待 30 秒后重试...
2025-01-11 06:36:14,655 - 未找到预测 CSV 文件，等待 30 秒后重试...
2025-01-11 06:36:44,658 - 未找到预测 CSV 文件，等待 30 秒后重试...
2025-01-11 06:37:14,664 - 未找到预测 CSV 文件，等待 30 秒后重试...
2025-01-11 06:37:44,680 - 未找到预测 CSV 文件，等待 30 秒后重试...
2025-01-11 06:38:14,691 - 未找到预测 CSV 文件，等待 30 秒后重试...
2025-01-11 06:38:44,698 - 未找到预测 CSV 文件，等待 30 秒后重试...
2025-01-11 06:39:14,709 - 未找到预测 CSV 文件，等待 30 秒后重试...
2025-01-11 06:39:44,720 - 未找到预测 CSV 文件，等待 30 秒后重试...
2025-01-11 06:40:14,723 - 未找到预测 CSV 文件，等待 30 秒后重试...
2025-01-11 06:40:44,725 - 未找到预测 CSV 文件，等待 30 秒后重试...
2025-01-11 06:41:14,733 - 未找到预测 CSV 文件，等待 30 秒后重试...
2025-01-11 06:41:44,741 - 未找到预测 CSV 文件，等待 30 秒后重试...
2025-01-11 06:42:14,743 - 未找到预测 CSV 文件，等待 30 秒后重试...
2025-01-11 06:42:44,754 - 未找到预测 CSV 文件，等待 30 秒后重试...
2025-01-11 06:43:14,757 - 未找到预测 CSV 文件，等待 30 秒后重试...
2025-01-11 06:43:44,766 - 未找到预测 CSV 文件，等待 30 秒后重试...
2025-01-11 06:44:14,779 - 未找到预测 CSV 文件，等待 30 秒后重试...
2025-01-11 06:44:44,787 - 未找到预测 CSV 文件，等待 30 秒后重试...
2025-01-11 06:45:14,799 - 未找到预测 CSV 文件，等待 30 秒后重试...
2025-01-11 06:45:44,800 - 未找到预测 CSV 文件，等待 30 秒后重试...
2025-01-11 06:46:14,813 - 未找到预测 CSV 文件，等待 30 秒后重试...
2025-01-11 06:46:44,816 - 未找到预测 CSV 文件，等待 30 秒后重试...
2025-01-11 06:47:14,833 - 未找到预测 CSV 文件，等待 30 秒后重试...
2025-01-11 06:47:44,840 - 未找到预测 CSV 文件，等待 30 秒后重试...
2025-01-11 06:48:14,847 - 未找到预测 CSV 文件，等待 30 秒后重试...
2025-01-11 06:48:44,863 - 未找到预测 CSV 文件，等待 30 秒后重试...
2025-01-11 06:49:14,872 - 未找到预测 CSV 文件，等待 30 秒后重试...
2025-01-11 06:49:44,887 - 未找到预测 CSV 文件，等待 30 秒后重试...
2025-01-11 06:50:14,902 - 未找到预测 CSV 文件，等待 30 秒后重试...
2025-01-11 06:50:44,907 - 未找到预测 CSV 文件，等待 30 秒后重试...
2025-01-11 06:51:14,911 - 未找到预测 CSV 文件，等待 30 秒后重试...
2025-01-11 06:51:44,916 - 未找到预测 CSV 文件，等待 30 秒后重试...
2025-01-11 06:52:14,920 - 未找到预测 CSV 文件，等待 30 秒后重试...
2025-01-11 06:52:44,935 - 未找到预测 CSV 文件，等待 30 秒后重试...
2025-01-11 06:53:14,946 - 未找到预测 CSV 文件，等待 30 秒后重试...
2025-01-11 06:53:44,960 - 未找到预测 CSV 文件，等待 30 秒后重试...
2025-01-11 06:54:14,970 - 未找到预测 CSV 文件，等待 30 秒后重试...
2025-01-11 06:54:44,980 - 未找到预测 CSV 文件，等待 30 秒后重试...
2025-01-11 06:55:14,984 - 未找到预测 CSV 文件，等待 30 秒后重试...
2025-01-11 06:55:44,995 - 未找到预测 CSV 文件，等待 30 秒后重试...
2025-01-11 06:56:15,004 - 未找到预测 CSV 文件，等待 30 秒后重试...
2025-01-11 06:56:45,014 - 未找到预测 CSV 文件，等待 30 秒后重试...
2025-01-11 06:57:15,021 - 未找到预测 CSV 文件，等待 30 秒后重试...
2025-01-11 06:57:45,029 - 未找到预测 CSV 文件，等待 30 秒后重试...
2025-01-11 06:58:15,043 - 未找到预测 CSV 文件，等待 30 秒后重试...
2025-01-11 06:58:45,046 - 未找到预测 CSV 文件，等待 30 秒后重试...
2025-01-11 06:59:15,058 - 未找到预测 CSV 文件，等待 30 秒后重试...
2025-01-11 06:59:45,065 - 未找到预测 CSV 文件，等待 30 秒后重试...
2025-01-11 07:00:15,081 - 未找到预测 CSV 文件，等待 30 秒后重试...
2025-01-11 07:00:45,092 - 未找到预测 CSV 文件，等待 30 秒后重试...
2025-01-11 07:01:15,095 - 未找到预测 CSV 文件，等待 30 秒后重试...
2025-01-11 07:01:45,104 - 未找到预测 CSV 文件，等待 30 秒后重试...
2025-01-11 07:02:15,115 - 未找到预测 CSV 文件，等待 30 秒后重试...
2025-01-11 07:02:45,128 - 未找到预测 CSV 文件，等待 30 秒后重试...
2025-01-11 07:03:15,133 - 未找到预测 CSV 文件，等待 30 秒后重试...
2025-01-11 07:03:45,149 - 未找到预测 CSV 文件，等待 30 秒后重试...
2025-01-11 07:04:15,151 - 未找到预测 CSV 文件，等待 30 秒后重试...
2025-01-11 07:04:45,166 - 未找到预测 CSV 文件，等待 30 秒后重试...
2025-01-11 07:05:15,172 - 未找到预测 CSV 文件，等待 30 秒后重试...
2025-01-11 07:05:45,180 - 未找到预测 CSV 文件，等待 30 秒后重试...
2025-01-11 07:06:15,185 - 未找到预测 CSV 文件，等待 30 秒后重试...
2025-01-11 07:06:45,192 - 未找到预测 CSV 文件，等待 30 秒后重试...
2025-01-11 07:07:15,209 - 未找到预测 CSV 文件，等待 30 秒后重试...
2025-01-11 07:07:45,219 - 未找到预测 CSV 文件，等待 30 秒后重试...
2025-01-11 07:08:15,233 - 未找到预测 CSV 文件，等待 30 秒后重试...
2025-01-11 07:08:45,238 - 未找到预测 CSV 文件，等待 30 秒后重试...
2025-01-11 07:09:15,239 - 未找到预测 CSV 文件，等待 30 秒后重试...
2025-01-11 07:09:45,248 - 未找到预测 CSV 文件，等待 30 秒后重试...
2025-01-11 07:10:15,263 - 未找到预测 CSV 文件，等待 30 秒后重试...
2025-01-11 07:10:45,275 - 未找到预测 CSV 文件，等待 30 秒后重试...
2025-01-11 07:11:15,277 - 未找到预测 CSV 文件，等待 30 秒后重试...
2025-01-11 07:11:45,286 - 未找到预测 CSV 文件，等待 30 秒后重试...
2025-01-11 07:12:15,297 - 未找到预测 CSV 文件，等待 30 秒后重试...
2025-01-11 07:12:45,305 - 未找到预测 CSV 文件，等待 30 秒后重试...
2025-01-11 07:13:15,308 - 未找到预测 CSV 文件，等待 30 秒后重试...
2025-01-11 07:13:45,317 - 未找到预测 CSV 文件，等待 30 秒后重试...
2025-01-11 07:14:15,321 - 未找到预测 CSV 文件，等待 30 秒后重试...
2025-01-11 07:14:45,325 - 未找到预测 CSV 文件，等待 30 秒后重试...
2025-01-11 07:15:15,328 - 未找到预测 CSV 文件，等待 30 秒后重试...
2025-01-11 07:15:45,330 - 未找到预测 CSV 文件，等待 30 秒后重试...
2025-01-11 07:16:15,342 - 未找到预测 CSV 文件，等待 30 秒后重试...
2025-01-11 07:16:45,354 - 未找到预测 CSV 文件，等待 30 秒后重试...
2025-01-11 07:17:15,366 - 未找到预测 CSV 文件，等待 30 秒后重试...
2025-01-11 07:17:45,377 - 未找到预测 CSV 文件，等待 30 秒后重试...
2025-01-11 07:18:15,382 - 未找到预测 CSV 文件，等待 30 秒后重试...
2025-01-11 07:18:45,398 - 未找到预测 CSV 文件，等待 30 秒后重试...
2025-01-11 07:19:15,408 - 未找到预测 CSV 文件，等待 30 秒后重试...
2025-01-11 07:19:45,423 - 未找到预测 CSV 文件，等待 30 秒后重试...
2025-01-11 07:20:15,430 - 未找到预测 CSV 文件，等待 30 秒后重试...
2025-01-11 07:20:45,435 - 未找到预测 CSV 文件，等待 30 秒后重试...
2025-01-11 07:21:15,442 - 未找到预测 CSV 文件，等待 30 秒后重试...
2025-01-11 07:21:45,453 - 未找到预测 CSV 文件，等待 30 秒后重试...
2025-01-11 07:22:15,466 - 未找到预测 CSV 文件，等待 30 秒后重试...
2025-01-11 07:22:45,481 - 未找到预测 CSV 文件，等待 30 秒后重试...
2025-01-11 07:23:15,491 - 未找到预测 CSV 文件，等待 30 秒后重试...
2025-01-11 07:23:45,496 - 未找到预测 CSV 文件，等待 30 秒后重试...
2025-01-11 07:24:15,501 - 未找到预测 CSV 文件，等待 30 秒后重试...
2025-01-11 07:24:45,514 - 未找到预测 CSV 文件，等待 30 秒后重试...
2025-01-11 07:25:15,521 - 未找到预测 CSV 文件，等待 30 秒后重试...
2025-01-11 07:25:45,523 - 未找到预测 CSV 文件，等待 30 秒后重试...
2025-01-11 07:26:15,535 - 未找到预测 CSV 文件，等待 30 秒后重试...
2025-01-11 07:26:45,548 - 未找到预测 CSV 文件，等待 30 秒后重试...
2025-01-11 07:27:15,554 - 未找到预测 CSV 文件，等待 30 秒后重试...
2025-01-11 07:27:45,560 - 未找到预测 CSV 文件，等待 30 秒后重试...
2025-01-11 07:28:15,575 - 未找到预测 CSV 文件，等待 30 秒后重试...
2025-01-11 07:28:45,582 - 未找到预测 CSV 文件，等待 30 秒后重试...
2025-01-11 07:29:15,585 - 未找到预测 CSV 文件，等待 30 秒后重试...
2025-01-11 07:29:45,590 - 未找到预测 CSV 文件，等待 30 秒后重试...
2025-01-11 07:30:15,601 - 未找到预测 CSV 文件，等待 30 秒后重试...
2025-01-11 07:30:45,609 - 未找到预测 CSV 文件，等待 30 秒后重试...
2025-01-11 07:31:15,611 - 未找到预测 CSV 文件，等待 30 秒后重试...
2025-01-11 07:31:45,614 - 未找到预测 CSV 文件，等待 30 秒后重试...
2025-01-11 07:32:15,628 - 未找到预测 CSV 文件，等待 30 秒后重试...
2025-01-11 07:32:45,644 - 未找到预测 CSV 文件，等待 30 秒后重试...
2025-01-11 07:33:15,649 - 未找到预测 CSV 文件，等待 30 秒后重试...
2025-01-11 07:33:45,652 - 未找到预测 CSV 文件，等待 30 秒后重试...
2025-01-11 07:34:15,667 - 未找到预测 CSV 文件，等待 30 秒后重试...
2025-01-11 07:34:45,681 - 未找到预测 CSV 文件，等待 30 秒后重试...
2025-01-11 07:35:15,691 - 未找到预测 CSV 文件，等待 30 秒后重试...
2025-01-11 07:35:45,696 - 未找到预测 CSV 文件，等待 30 秒后重试...
2025-01-11 07:36:15,709 - 未找到预测 CSV 文件，等待 30 秒后重试...
2025-01-11 07:36:45,716 - 未找到预测 CSV 文件，等待 30 秒后重试...
2025-01-11 07:37:15,731 - 未找到预测 CSV 文件，等待 30 秒后重试...
2025-01-11 07:37:45,735 - 未找到预测 CSV 文件，等待 30 秒后重试...
2025-01-11 07:38:15,739 - 未找到预测 CSV 文件，等待 30 秒后重试...
2025-01-11 07:38:45,748 - 未找到预测 CSV 文件，等待 30 秒后重试...
2025-01-11 07:39:15,758 - 未找到预测 CSV 文件，等待 30 秒后重试...
2025-01-11 07:39:45,775 - 未找到预测 CSV 文件，等待 30 秒后重试...
2025-01-11 07:40:15,786 - 未找到预测 CSV 文件，等待 30 秒后重试...
2025-01-11 07:40:45,802 - 未找到预测 CSV 文件，等待 30 秒后重试...
2025-01-11 07:41:15,805 - 未找到预测 CSV 文件，等待 30 秒后重试...
2025-01-11 07:41:45,809 - 未找到预测 CSV 文件，等待 30 秒后重试...
2025-01-11 07:42:15,822 - 未找到预测 CSV 文件，等待 30 秒后重试...
2025-01-11 07:42:45,829 - 未找到预测 CSV 文件，等待 30 秒后重试...
2025-01-11 07:43:15,845 - 未找到预测 CSV 文件，等待 30 秒后重试...
2025-01-11 07:43:45,862 - 未找到预测 CSV 文件，等待 30 秒后重试...
2025-01-11 07:44:15,874 - 未找到预测 CSV 文件，等待 30 秒后重试...
2025-01-11 07:44:45,882 - 未找到预测 CSV 文件，等待 30 秒后重试...
2025-01-11 07:45:15,890 - 未找到预测 CSV 文件，等待 30 秒后重试...
2025-01-11 07:45:45,902 - 未找到预测 CSV 文件，等待 30 秒后重试...
2025-01-11 07:46:15,903 - 未找到预测 CSV 文件，等待 30 秒后重试...
2025-01-11 07:46:45,919 - 未找到预测 CSV 文件，等待 30 秒后重试...
2025-01-11 07:47:15,929 - 未找到预测 CSV 文件，等待 30 秒后重试...
2025-01-11 07:47:45,944 - 未找到预测 CSV 文件，等待 30 秒后重试...
2025-01-11 07:48:15,960 - 未找到预测 CSV 文件，等待 30 秒后重试...
2025-01-11 07:48:45,973 - 未找到预测 CSV 文件，等待 30 秒后重试...
2025-01-11 07:49:15,975 - 未找到预测 CSV 文件，等待 30 秒后重试...
2025-01-11 07:49:45,992 - 未找到预测 CSV 文件，等待 30 秒后重试...
2025-01-11 07:50:16,004 - 未找到预测 CSV 文件，等待 30 秒后重试...
2025-01-11 07:50:46,009 - 未找到预测 CSV 文件，等待 30 秒后重试...
2025-01-11 07:51:16,011 - 未找到预测 CSV 文件，等待 30 秒后重试...
2025-01-11 07:51:46,021 - 未找到预测 CSV 文件，等待 30 秒后重试...
2025-01-11 07:52:16,028 - 未找到预测 CSV 文件，等待 30 秒后重试...
2025-01-11 07:52:46,043 - 未找到预测 CSV 文件，等待 30 秒后重试...
2025-01-11 07:53:16,055 - 未找到预测 CSV 文件，等待 30 秒后重试...
2025-01-11 07:53:46,059 - 未找到预测 CSV 文件，等待 30 秒后重试...
2025-01-11 07:54:16,062 - 未找到预测 CSV 文件，等待 30 秒后重试...
2025-01-11 07:54:46,072 - 未找到预测 CSV 文件，等待 30 秒后重试...
2025-01-11 07:55:16,076 - 未找到预测 CSV 文件，等待 30 秒后重试...
2025-01-11 07:55:46,088 - 未找到预测 CSV 文件，等待 30 秒后重试...
2025-01-11 07:56:16,104 - 未找到预测 CSV 文件，等待 30 秒后重试...
2025-01-11 07:56:46,119 - 未找到预测 CSV 文件，等待 30 秒后重试...
2025-01-11 07:57:16,132 - 未找到预测 CSV 文件，等待 30 秒后重试...
2025-01-11 07:57:46,136 - 未找到预测 CSV 文件，等待 30 秒后重试...
2025-01-11 07:58:16,139 - 未找到预测 CSV 文件，等待 30 秒后重试...
2025-01-11 07:58:46,142 - 未找到预测 CSV 文件，等待 30 秒后重试...
2025-01-11 07:59:16,159 - 未找到预测 CSV 文件，等待 30 秒后重试...
2025-01-11 07:59:46,164 - 未找到预测 CSV 文件，等待 30 秒后重试...
2025-01-11 08:00:16,178 - 未找到预测 CSV 文件，等待 30 秒后重试...
2025-01-11 08:00:46,180 - 未找到预测 CSV 文件，等待 30 秒后重试...
2025-01-11 08:01:16,190 - 未找到预测 CSV 文件，等待 30 秒后重试...
2025-01-11 08:01:46,205 - 未找到预测 CSV 文件，等待 30 秒后重试...
2025-01-11 08:02:16,207 - 未找到预测 CSV 文件，等待 30 秒后重试...
2025-01-11 08:02:46,210 - 未找到预测 CSV 文件，等待 30 秒后重试...
2025-01-11 08:03:16,215 - 未找到预测 CSV 文件，等待 30 秒后重试...
2025-01-11 08:03:46,230 - 未找到预测 CSV 文件，等待 30 秒后重试...
2025-01-11 08:04:16,239 - 未找到预测 CSV 文件，等待 30 秒后重试...
2025-01-11 08:04:46,242 - 未找到预测 CSV 文件，等待 30 秒后重试...
2025-01-11 08:05:16,248 - 未找到预测 CSV 文件，等待 30 秒后重试...
2025-01-11 08:05:46,262 - 未找到预测 CSV 文件，等待 30 秒后重试...
2025-01-11 08:06:16,273 - 未找到预测 CSV 文件，等待 30 秒后重试...
2025-01-11 08:06:46,287 - 未找到预测 CSV 文件，等待 30 秒后重试...
2025-01-11 08:07:16,291 - 未找到预测 CSV 文件，等待 30 秒后重试...
2025-01-11 08:07:46,295 - 未找到预测 CSV 文件，等待 30 秒后重试...
2025-01-11 08:08:16,309 - 未找到预测 CSV 文件，等待 30 秒后重试...
2025-01-11 08:08:46,316 - 未找到预测 CSV 文件，等待 30 秒后重试...
2025-01-11 08:09:16,329 - 未找到预测 CSV 文件，等待 30 秒后重试...
2025-01-11 08:09:46,340 - 未找到预测 CSV 文件，等待 30 秒后重试...
2025-01-11 08:10:16,356 - 未找到预测 CSV 文件，等待 30 秒后重试...
2025-01-11 08:10:46,370 - 未找到预测 CSV 文件，等待 30 秒后重试...
2025-01-11 08:11:16,374 - 未找到预测 CSV 文件，等待 30 秒后重试...
2025-01-11 08:11:46,389 - 未找到预测 CSV 文件，等待 30 秒后重试...
2025-01-11 08:12:16,405 - 未找到预测 CSV 文件，等待 30 秒后重试...
2025-01-11 08:12:46,419 - 未找到预测 CSV 文件，等待 30 秒后重试...
2025-01-11 08:13:16,434 - 未找到预测 CSV 文件，等待 30 秒后重试...
2025-01-11 08:13:46,447 - 未找到预测 CSV 文件，等待 30 秒后重试...
2025-01-11 08:14:16,453 - 未找到预测 CSV 文件，等待 30 秒后重试...
2025-01-11 08:14:46,457 - 未找到预测 CSV 文件，等待 30 秒后重试...
2025-01-11 08:15:16,473 - 未找到预测 CSV 文件，等待 30 秒后重试...
2025-01-11 08:15:46,481 - 未找到预测 CSV 文件，等待 30 秒后重试...
2025-01-11 08:16:16,496 - 未找到预测 CSV 文件，等待 30 秒后重试...
2025-01-11 08:16:46,499 - 未找到预测 CSV 文件，等待 30 秒后重试...
2025-01-11 08:17:16,508 - 未找到预测 CSV 文件，等待 30 秒后重试...
2025-01-11 08:17:46,514 - 未找到预测 CSV 文件，等待 30 秒后重试...
2025-01-11 08:18:16,528 - 未找到预测 CSV 文件，等待 30 秒后重试...
2025-01-11 08:18:46,538 - 未找到预测 CSV 文件，等待 30 秒后重试...
2025-01-11 08:19:16,544 - 未找到预测 CSV 文件，等待 30 秒后重试...
2025-01-11 08:19:46,547 - 未找到预测 CSV 文件，等待 30 秒后重试...
2025-01-11 08:20:16,559 - 未找到预测 CSV 文件，等待 30 秒后重试...
2025-01-11 08:20:46,571 - 未找到预测 CSV 文件，等待 30 秒后重试...
2025-01-11 08:21:16,576 - 未找到预测 CSV 文件，等待 30 秒后重试...
2025-01-11 08:21:46,589 - 未找到预测 CSV 文件，等待 30 秒后重试...
2025-01-11 08:22:16,599 - 未找到预测 CSV 文件，等待 30 秒后重试...
2025-01-11 08:22:46,603 - 未找到预测 CSV 文件，等待 30 秒后重试...
2025-01-11 08:23:16,609 - 未找到预测 CSV 文件，等待 30 秒后重试...
2025-01-11 08:23:46,610 - 未找到预测 CSV 文件，等待 30 秒后重试...
2025-01-11 08:24:16,627 - 未找到预测 CSV 文件，等待 30 秒后重试...
2025-01-11 08:24:46,630 - 未找到预测 CSV 文件，等待 30 秒后重试...
2025-01-11 08:25:16,631 - 未找到预测 CSV 文件，等待 30 秒后重试...
2025-01-11 08:25:46,644 - 未找到预测 CSV 文件，等待 30 秒后重试...
2025-01-11 08:26:16,660 - 未找到预测 CSV 文件，等待 30 秒后重试...
2025-01-11 08:26:46,674 - 未找到预测 CSV 文件，等待 30 秒后重试...
2025-01-11 08:27:16,689 - 未找到预测 CSV 文件，等待 30 秒后重试...
2025-01-11 08:27:46,700 - 未找到预测 CSV 文件，等待 30 秒后重试...
2025-01-11 08:28:16,708 - 未找到预测 CSV 文件，等待 30 秒后重试...
2025-01-11 08:28:46,712 - 未找到预测 CSV 文件，等待 30 秒后重试...
2025-01-11 08:29:16,724 - 未找到预测 CSV 文件，等待 30 秒后重试...
2025-01-11 08:29:46,740 - 未找到预测 CSV 文件，等待 30 秒后重试...
2025-01-11 08:30:16,753 - 未找到预测 CSV 文件，等待 30 秒后重试...
2025-01-11 08:30:46,768 - 未找到预测 CSV 文件，等待 30 秒后重试...
2025-01-11 08:31:16,769 - 未找到预测 CSV 文件，等待 30 秒后重试...
2025-01-11 08:31:46,772 - 未找到预测 CSV 文件，等待 30 秒后重试...
2025-01-11 08:32:16,776 - 未找到预测 CSV 文件，等待 30 秒后重试...
2025-01-11 08:32:46,790 - 未找到预测 CSV 文件，等待 30 秒后重试...
2025-01-11 08:33:16,796 - 未找到预测 CSV 文件，等待 30 秒后重试...
2025-01-11 08:33:46,810 - 未找到预测 CSV 文件，等待 30 秒后重试...
2025-01-11 08:34:16,820 - 发现新的预测文件：D:\my-vue-project\wind-power-forecast\backend\auto_scripts\precsv\middlecsv\20250111.csv，执行预测...
2025-01-11 08:34:16,952 - 今天的训练和预测任务已完成。
2025-01-11 14:01:18,350 - 今天的日期是: 20250111
2025-01-11 14:01:18,352 - 开始监视 D:\my-vue-project\wind-power-forecast\backend\auto_scripts\dataset\dataset_middle 文件夹以进行训练...
2025-01-11 14:01:18,352 - 开始监视 D:\my-vue-project\wind-power-forecast\backend\auto_scripts\precsv\middlecsv 文件夹以进行预测...
2025-01-11 14:01:18,352 - 今天的训练已经执行过，跳过...
2025-01-11 14:01:18,352 - 今天的预测已经执行过，跳过...
2025-01-11 14:01:18,352 - 今天的训练和预测任务已完成。
2025-01-11 14:15:38,219 - 今天的日期是: 20250111
2025-01-11 14:15:38,222 - 开始监视 D:\my-vue-project\wind-power-forecast\backend\auto_scripts\dataset\dataset_middle 文件夹以进行训练...
2025-01-11 14:15:38,222 - 开始监视 D:\my-vue-project\wind-power-forecast\backend\auto_scripts\precsv\middlecsv 文件夹以进行预测...
2025-01-11 14:15:38,222 - 今天的训练已经执行过，跳过...
2025-01-11 14:15:38,222 - 今天的预测已经执行过，跳过...
2025-01-11 14:15:38,222 - 今天的训练和预测任务已完成。
2025-01-11 14:42:56,011 - 今天的日期是: 20250111
2025-01-11 14:42:56,011 - 开始监视 D:\my-vue-project\wind-power-forecast\backend\auto_scripts\dataset\dataset_middle 文件夹以进行训练...
2025-01-11 14:42:56,012 - 开始监视 D:\my-vue-project\wind-power-forecast\backend\auto_scripts\precsv\middlecsv 文件夹以进行预测...
2025-01-11 14:42:56,012 - 今天的训练已经执行过，跳过...
2025-01-11 14:42:56,012 - 今天的预测已经执行过，跳过...
2025-01-11 14:42:56,012 - 今天的训练和预测任务已完成。
2025-01-11 14:49:51,283 - 今天的日期是: 20250111
2025-01-11 14:49:51,284 - 开始监视 D:\my-vue-project\wind-power-forecast\backend\auto_scripts\dataset\dataset_middle 文件夹以进行训练...
2025-01-11 14:49:51,284 - 开始监视 D:\my-vue-project\wind-power-forecast\backend\auto_scripts\precsv\middlecsv 文件夹以进行预测...
2025-01-11 14:49:51,285 - 今天的训练已经执行过，跳过...
2025-01-11 14:49:51,285 - 今天的预测已经执行过，跳过...
2025-01-11 14:49:51,285 - 今天的训练和预测任务已完成。
2025-01-11 15:22:44,620 - 今天的日期是: 20250111
2025-01-11 15:22:44,622 - 开始监视 D:\my-vue-project\wind-power-forecast\backend\auto_scripts\dataset\dataset_middle 文件夹以进行训练...
2025-01-11 15:22:44,622 - 开始监视 D:\my-vue-project\wind-power-forecast\backend\auto_scripts\precsv\middlecsv 文件夹以进行预测...
2025-01-11 15:22:44,624 - 今天的训练已经执行过，跳过...
2025-01-11 15:22:44,624 - 发现新的预测文件：D:\my-vue-project\wind-power-forecast\backend\auto_scripts\precsv\middlecsv\20250111.csv，执行预测...
2025-01-11 15:22:44,801 - 今天的训练和预测任务已完成。
2025-01-11 15:23:56,627 - 今天的日期是: 20250111
2025-01-11 15:23:56,630 - 开始监视 D:\my-vue-project\wind-power-forecast\backend\auto_scripts\dataset\dataset_middle 文件夹以进行训练...
2025-01-11 15:23:56,630 - 今天的训练已经执行过，跳过...
2025-01-11 15:23:56,630 - 开始监视 D:\my-vue-project\wind-power-forecast\backend\auto_scripts\precsv\middlecsv 文件夹以进行预测...
2025-01-11 15:23:56,630 - 今天的预测已经执行过，跳过...
2025-01-11 15:23:56,630 - 今天的训练和预测任务已完成。
2025-01-11 20:03:37,630 - 今天的日期是: 20250111
2025-01-11 20:03:37,633 - 开始监视 D:\my-vue-project\wind-power-forecast\backend\auto_scripts\dataset\dataset_middle 文件夹以进行训练...
2025-01-11 20:03:37,633 - 今天的训练已经执行过，跳过...
2025-01-11 20:03:37,633 - 开始监视 D:\my-vue-project\wind-power-forecast\backend\auto_scripts\precsv\middlecsv 文件夹以进行预测...
2025-01-11 20:03:37,633 - 今天的预测已经执行过，跳过...
2025-01-11 20:03:37,633 - 今天的训练和预测任务已完成。
