2025-01-10 14:07:15,845 - 今天的日期是: 20250110
2025-01-10 14:07:15,845 - 开始监视 D:\my-vue-project\wind-power-forecast\backend\auto_scripts\dataset\dataset_middle 文件夹以进行训练...
2025-01-10 14:07:15,846 - 开始监视 D:\my-vue-project\wind-power-forecast\backend\auto_scripts\precsv\middlecsv 文件夹以进行预测...
2025-01-10 14:07:15,846 - 未找到训练 CSV 文件，等待 30 秒后重试...
2025-01-10 14:07:15,846 - 未有可用模型，等待模型训练完成...
2025-01-10 14:07:45,857 - 未有可用模型，等待模型训练完成...
2025-01-10 14:07:45,857 - 未找到训练 CSV 文件，等待 30 秒后重试...
2025-01-10 14:08:15,862 - 未有可用模型，等待模型训练完成...
2025-01-10 14:08:15,862 - 未找到训练 CSV 文件，等待 30 秒后重试...
2025-01-10 14:08:45,865 - 未找到训练 CSV 文件，等待 30 秒后重试...
2025-01-10 14:08:45,865 - 未有可用模型，等待模型训练完成...
2025-01-10 14:09:15,875 - 未有可用模型，等待模型训练完成...
2025-01-10 14:09:15,875 - 未找到训练 CSV 文件，等待 30 秒后重试...
2025-01-10 14:09:45,887 - 未有可用模型，等待模型训练完成...
2025-01-10 14:09:45,888 - 未找到训练 CSV 文件，等待 30 秒后重试...
2025-01-10 14:10:15,900 - 未有可用模型，等待模型训练完成...
2025-01-10 14:10:15,900 - 未找到训练 CSV 文件，等待 30 秒后重试...
2025-01-10 14:10:45,915 - 未有可用模型，等待模型训练完成...
2025-01-10 14:10:45,915 - 未找到训练 CSV 文件，等待 30 秒后重试...
2025-01-10 14:11:15,922 - 未有可用模型，等待模型训练完成...
2025-01-10 14:11:15,922 - 未找到训练 CSV 文件，等待 30 秒后重试...
2025-01-10 14:11:45,934 - 未有可用模型，等待模型训练完成...
2025-01-10 14:11:45,934 - 未找到训练 CSV 文件，等待 30 秒后重试...
2025-01-10 14:12:15,944 - 未有可用模型，等待模型训练完成...
2025-01-10 14:12:15,944 - 未找到训练 CSV 文件，等待 30 秒后重试...
2025-01-10 14:12:45,946 - 未有可用模型，等待模型训练完成...
2025-01-10 14:12:45,947 - 未找到训练 CSV 文件，等待 30 秒后重试...
2025-01-10 14:13:48,493 - 今天的日期是: 20250110
2025-01-10 14:13:48,495 - 开始监视 D:\my-vue-project\wind-power-forecast\backend\auto_scripts\dataset\dataset_middle 文件夹以进行训练...
2025-01-10 14:13:48,496 - 开始监视 D:\my-vue-project\wind-power-forecast\backend\auto_scripts\precsv\middlecsv 文件夹以进行预测...
2025-01-10 14:13:48,496 - 未有可用模型，等待模型训练完成...
2025-01-10 14:13:48,496 - 未找到训练 CSV 文件，等待 30 秒后重试...
2025-01-10 14:14:18,508 - 未有可用模型，等待模型训练完成...
2025-01-10 14:14:18,508 - 未找到训练 CSV 文件，等待 30 秒后重试...
2025-01-10 14:14:48,523 - 未有可用模型，等待模型训练完成...
2025-01-10 14:14:48,523 - 未找到训练 CSV 文件，等待 30 秒后重试...
2025-01-10 14:15:18,527 - 未找到训练 CSV 文件，等待 30 秒后重试...
2025-01-10 14:15:18,527 - 未有可用模型，等待模型训练完成...
2025-01-10 14:15:48,538 - 未找到训练 CSV 文件，等待 30 秒后重试...
2025-01-10 14:15:48,538 - 未有可用模型，等待模型训练完成...
2025-01-10 14:16:18,547 - 未有可用模型，等待模型训练完成...
2025-01-10 14:16:18,547 - 未找到训练 CSV 文件，等待 30 秒后重试...
2025-01-10 14:16:48,558 - 未找到训练 CSV 文件，等待 30 秒后重试...
2025-01-10 14:16:48,558 - 未有可用模型，等待模型训练完成...
2025-01-10 14:17:18,574 - 未有可用模型，等待模型训练完成...
2025-01-10 14:17:18,574 - 未找到训练 CSV 文件，等待 30 秒后重试...
2025-01-10 14:17:48,588 - 未有可用模型，等待模型训练完成...
2025-01-10 14:17:48,588 - 未找到训练 CSV 文件，等待 30 秒后重试...
2025-01-10 14:34:40,372 - 今天的日期是: 20250110
2025-01-10 14:34:40,374 - 开始监视 D:\my-vue-project\wind-power-forecast\backend\auto_scripts\dataset\dataset_middle 文件夹以进行训练...
2025-01-10 14:34:40,374 - 开始监视 D:\my-vue-project\wind-power-forecast\backend\auto_scripts\precsv\middlecsv 文件夹以进行预测...
2025-01-10 14:34:40,374 - 发现新的训练文件：D:\my-vue-project\wind-power-forecast\backend\auto_scripts\dataset\dataset_middle\20250110.csv，执行训练...
2025-01-10 14:34:40,374 - 未有可用模型，等待模型训练完成...
2025-01-10 14:34:40,374 - 输出结果将保存到: D:\my-vue-project\wind-power-forecast\backend\auto_scripts\train_predictions\middle_predictions
2025-01-10 14:34:41,805 - 数据加载与预处理完成
2025-01-10 14:34:42,272 - 数据标准化完成
2025-01-10 14:34:43,677 - 创建时间窗口完成
2025-01-10 14:34:43,677 - 获取模型参数完成
2025-01-10 14:35:10,469 - 未有可用模型，等待模型训练完成...
2025-01-10 14:35:40,554 - 未有可用模型，等待模型训练完成...
2025-01-10 14:36:40,460 - 今天的日期是: 20250110
2025-01-10 14:36:40,461 - 开始监视 D:\my-vue-project\wind-power-forecast\backend\auto_scripts\dataset\dataset_middle 文件夹以进行训练...
2025-01-10 14:36:40,461 - 未找到训练 CSV 文件，等待 30 秒后重试...
2025-01-10 14:36:40,461 - 开始监视 D:\my-vue-project\wind-power-forecast\backend\auto_scripts\precsv\middlecsv 文件夹以进行预测...
2025-01-10 14:36:40,461 - 未有可用模型，等待模型训练完成...
2025-01-10 14:37:10,465 - 未有可用模型，等待模型训练完成...
2025-01-10 14:37:10,465 - 未找到训练 CSV 文件，等待 30 秒后重试...
2025-01-10 14:37:40,468 - 未找到训练 CSV 文件，等待 30 秒后重试...
2025-01-10 14:37:40,469 - 未有可用模型，等待模型训练完成...
2025-01-10 14:38:10,476 - 发现新的训练文件：D:\my-vue-project\wind-power-forecast\backend\auto_scripts\dataset\dataset_middle\20250110.csv，执行训练...
2025-01-10 14:38:10,476 - 输出结果将保存到: D:\my-vue-project\wind-power-forecast\backend\auto_scripts\train_predictions\middle_predictions
2025-01-10 14:38:10,477 - 未有可用模型，等待模型训练完成...
2025-01-10 14:38:11,801 - 数据加载与预处理完成
2025-01-10 14:38:12,322 - 数据标准化完成
2025-01-10 14:38:13,287 - 创建时间窗口完成
2025-01-10 14:38:13,287 - 获取模型参数完成
2025-01-10 14:38:40,546 - 未有可用模型，等待模型训练完成...
2025-01-10 14:39:10,660 - 未有可用模型，等待模型训练完成...
2025-01-10 14:39:40,701 - 未有可用模型，等待模型训练完成...
2025-01-10 14:40:10,710 - 未有可用模型，等待模型训练完成...
2025-01-10 14:40:40,718 - 未有可用模型，等待模型训练完成...
2025-01-10 14:41:10,730 - 未有可用模型，等待模型训练完成...
2025-01-10 14:41:41,239 - 未有可用模型，等待模型训练完成...
2025-01-10 14:42:11,245 - 未有可用模型，等待模型训练完成...
2025-01-10 14:42:41,329 - 未有可用模型，等待模型训练完成...
2025-01-10 14:43:11,343 - 未有可用模型，等待模型训练完成...
2025-01-10 14:43:41,349 - 未有可用模型，等待模型训练完成...
2025-01-10 14:44:11,358 - 未有可用模型，等待模型训练完成...
2025-01-10 14:44:41,359 - 未有可用模型，等待模型训练完成...
2025-01-10 14:45:11,383 - 未有可用模型，等待模型训练完成...
2025-01-10 14:45:41,397 - 未有可用模型，等待模型训练完成...
2025-01-10 14:46:11,428 - 未有可用模型，等待模型训练完成...
2025-01-10 14:46:41,443 - 未有可用模型，等待模型训练完成...
2025-01-10 14:47:11,461 - 未有可用模型，等待模型训练完成...
2025-01-10 14:47:31,555 - 训练与评估完成
2025-01-10 14:47:31,666 - 保存预测结果完成
2025-01-10 14:47:32,204 - 可视化结果完成
2025-01-10 14:47:32,632 - 模型已成功保存到 D:\my-vue-project\wind-power-forecast\backend\auto_scripts\models\middlemodel\20250110，模型可用。
2025-01-10 14:47:41,467 - 发现新的预测文件：D:\my-vue-project\wind-power-forecast\backend\auto_scripts\precsv\middlecsv\20250110.csv，执行预测...
2025-01-10 14:47:41,568 - 今天的训练和预测任务已完成。
2025-01-10 14:50:49,519 - 今天的日期是: 20250110
2025-01-10 14:50:49,520 - 开始监视 D:\my-vue-project\wind-power-forecast\backend\auto_scripts\dataset\dataset_middle 文件夹以进行训练...
2025-01-10 14:50:49,520 - 开始监视 D:\my-vue-project\wind-power-forecast\backend\auto_scripts\precsv\middlecsv 文件夹以进行预测...
2025-01-10 14:50:49,520 - 今天的训练已经执行过，跳过...
2025-01-10 14:50:49,520 - 今天的预测已经执行过，跳过...
2025-01-10 14:50:49,520 - 今天的训练和预测任务已完成。
2025-01-10 15:56:47,845 - 今天的日期是: 20250110
2025-01-10 15:56:47,846 - 开始监视 D:\my-vue-project\wind-power-forecast\backend\auto_scripts\dataset\dataset_middle 文件夹以进行训练...
2025-01-10 15:56:47,846 - 开始监视 D:\my-vue-project\wind-power-forecast\backend\auto_scripts\precsv\middlecsv 文件夹以进行预测...
2025-01-10 15:56:47,846 - 未有可用模型，等待模型训练完成...
2025-01-10 15:56:47,846 - 未找到训练 CSV 文件，等待 30 秒后重试...
2025-01-10 15:57:17,852 - 未找到训练 CSV 文件，等待 30 秒后重试...
2025-01-10 15:57:17,852 - 未有可用模型，等待模型训练完成...
2025-01-10 15:57:47,860 - 未有可用模型，等待模型训练完成...
2025-01-10 15:57:47,861 - 未找到训练 CSV 文件，等待 30 秒后重试...
2025-01-10 15:58:17,874 - 未有可用模型，等待模型训练完成...
2025-01-10 15:58:17,874 - 未找到训练 CSV 文件，等待 30 秒后重试...
2025-01-10 15:58:47,881 - 未有可用模型，等待模型训练完成...
2025-01-10 15:58:47,882 - 未找到训练 CSV 文件，等待 30 秒后重试...
2025-01-10 15:59:17,895 - 未有可用模型，等待模型训练完成...
2025-01-10 15:59:17,895 - 未找到训练 CSV 文件，等待 30 秒后重试...
2025-01-10 15:59:47,900 - 未有可用模型，等待模型训练完成...
2025-01-10 15:59:47,900 - 未找到训练 CSV 文件，等待 30 秒后重试...
2025-01-10 16:00:17,909 - 未有可用模型，等待模型训练完成...
2025-01-10 16:00:17,909 - 未找到训练 CSV 文件，等待 30 秒后重试...
2025-01-10 16:08:59,933 - 今天的日期是: 20250110
2025-01-10 16:08:59,935 - 开始监视 D:\my-vue-project\wind-power-forecast\backend\auto_scripts\dataset\dataset_middle 文件夹以进行训练...
2025-01-10 16:08:59,935 - 开始监视 D:\my-vue-project\wind-power-forecast\backend\auto_scripts\precsv\middlecsv 文件夹以进行预测...
2025-01-10 16:08:59,935 - 发现新的训练文件：D:\my-vue-project\wind-power-forecast\backend\auto_scripts\dataset\dataset_middle\20250110.csv，执行训练...
2025-01-10 16:08:59,935 - 输出结果将保存到: D:\my-vue-project\wind-power-forecast\backend\auto_scripts\train_predictions\middle_predictions
2025-01-10 16:08:59,935 - 未有可用模型，等待模型训练完成...
2025-01-10 16:09:01,228 - 数据加载与预处理完成
2025-01-10 16:09:01,619 - 数据标准化完成
2025-01-10 16:09:02,402 - 创建时间窗口完成
2025-01-10 16:09:02,402 - 获取模型参数完成
2025-01-10 16:09:29,964 - 未有可用模型，等待模型训练完成...
2025-01-10 16:09:59,967 - 未有可用模型，等待模型训练完成...
2025-01-10 16:10:29,978 - 未有可用模型，等待模型训练完成...
2025-01-10 16:10:59,980 - 未有可用模型，等待模型训练完成...
2025-01-10 16:11:29,998 - 未有可用模型，等待模型训练完成...
2025-01-10 16:12:00,013 - 未有可用模型，等待模型训练完成...
2025-01-10 16:12:30,018 - 未有可用模型，等待模型训练完成...
2025-01-10 16:13:00,026 - 未有可用模型，等待模型训练完成...
2025-01-10 16:13:30,027 - 未有可用模型，等待模型训练完成...
2025-01-10 16:15:04,187 - 今天的日期是: 20250110
2025-01-10 16:15:04,189 - 开始监视 D:\my-vue-project\wind-power-forecast\backend\auto_scripts\dataset\dataset_middle 文件夹以进行训练...
2025-01-10 16:15:04,189 - 未找到训练 CSV 文件，等待 30 秒后重试...
2025-01-10 16:15:04,189 - 开始监视 D:\my-vue-project\wind-power-forecast\backend\auto_scripts\precsv\middlecsv 文件夹以进行预测...
2025-01-10 16:15:04,190 - 未有可用模型，等待模型训练完成...
2025-01-10 16:15:34,200 - 未有可用模型，等待模型训练完成...
2025-01-10 16:15:34,200 - 未找到训练 CSV 文件，等待 30 秒后重试...
2025-01-10 16:16:04,214 - 未有可用模型，等待模型训练完成...
2025-01-10 16:16:04,214 - 未找到训练 CSV 文件，等待 30 秒后重试...
2025-01-10 16:16:34,215 - 未找到训练 CSV 文件，等待 30 秒后重试...
2025-01-10 16:16:34,216 - 未有可用模型，等待模型训练完成...
2025-01-10 16:17:04,225 - 未找到训练 CSV 文件，等待 30 秒后重试...
2025-01-10 16:17:04,225 - 未有可用模型，等待模型训练完成...
2025-01-10 16:19:51,998 - 今天的日期是: 20250110
2025-01-10 16:19:51,999 - 开始监视 D:\my-vue-project\wind-power-forecast\backend\auto_scripts\dataset\dataset_middle 文件夹以进行训练...
2025-01-10 16:19:51,999 - 开始监视 D:\my-vue-project\wind-power-forecast\backend\auto_scripts\precsv\middlecsv 文件夹以进行预测...
2025-01-10 16:19:52,000 - 未找到训练 CSV 文件，等待 30 秒后重试...
2025-01-10 16:19:52,000 - 未有可用模型，等待模型训练完成...
2025-01-10 16:20:22,012 - 未有可用模型，等待模型训练完成...
2025-01-10 16:20:22,012 - 未找到训练 CSV 文件，等待 30 秒后重试...
2025-01-10 16:20:52,021 - 未找到训练 CSV 文件，等待 30 秒后重试...
2025-01-10 16:20:52,021 - 未有可用模型，等待模型训练完成...
2025-01-10 16:21:22,025 - 未找到训练 CSV 文件，等待 30 秒后重试...
2025-01-10 16:21:22,025 - 未有可用模型，等待模型训练完成...
2025-01-10 16:21:52,038 - 未有可用模型，等待模型训练完成...
2025-01-10 16:21:52,038 - 未找到训练 CSV 文件，等待 30 秒后重试...
2025-01-10 16:22:22,046 - 未找到训练 CSV 文件，等待 30 秒后重试...
2025-01-10 16:22:22,046 - 未有可用模型，等待模型训练完成...
2025-01-10 16:22:52,050 - 未有可用模型，等待模型训练完成...
2025-01-10 16:22:52,050 - 未找到训练 CSV 文件，等待 30 秒后重试...
2025-01-10 16:23:50,883 - 今天的日期是: 20250110
2025-01-10 16:23:50,884 - 开始监视 D:\my-vue-project\wind-power-forecast\backend\auto_scripts\dataset\dataset_middle 文件夹以进行训练...
2025-01-10 16:23:50,884 - 开始监视 D:\my-vue-project\wind-power-forecast\backend\auto_scripts\precsv\middlecsv 文件夹以进行预测...
2025-01-10 16:23:50,884 - 未找到训练 CSV 文件，等待 30 秒后重试...
2025-01-10 16:23:50,884 - 未有可用模型，等待模型训练完成...
2025-01-10 16:24:20,898 - 未有可用模型，等待模型训练完成...
2025-01-10 16:24:20,898 - 未找到训练 CSV 文件，等待 30 秒后重试...
2025-01-10 16:24:50,901 - 未有可用模型，等待模型训练完成...
2025-01-10 16:24:50,901 - 未找到训练 CSV 文件，等待 30 秒后重试...
2025-01-10 16:25:20,916 - 未有可用模型，等待模型训练完成...
2025-01-10 16:25:20,916 - 未找到训练 CSV 文件，等待 30 秒后重试...
2025-01-10 16:25:50,921 - 未有可用模型，等待模型训练完成...
2025-01-10 16:25:50,922 - 未找到训练 CSV 文件，等待 30 秒后重试...
2025-01-10 16:26:20,925 - 未有可用模型，等待模型训练完成...
2025-01-10 16:26:20,925 - 未找到训练 CSV 文件，等待 30 秒后重试...
2025-01-10 16:26:50,927 - 未有可用模型，等待模型训练完成...
2025-01-10 16:26:50,927 - 未找到训练 CSV 文件，等待 30 秒后重试...
2025-01-10 16:27:20,937 - 未有可用模型，等待模型训练完成...
2025-01-10 16:27:20,937 - 未找到训练 CSV 文件，等待 30 秒后重试...
2025-01-10 16:27:50,951 - 未有可用模型，等待模型训练完成...
2025-01-10 16:27:50,951 - 未找到训练 CSV 文件，等待 30 秒后重试...
2025-01-10 16:28:20,952 - 未有可用模型，等待模型训练完成...
2025-01-10 16:28:20,968 - 未找到训练 CSV 文件，等待 30 秒后重试...
2025-01-10 16:28:50,961 - 未有可用模型，等待模型训练完成...
2025-01-10 16:28:50,976 - 未找到训练 CSV 文件，等待 30 秒后重试...
2025-01-10 16:29:20,964 - 未有可用模型，等待模型训练完成...
2025-01-10 16:29:20,980 - 未找到训练 CSV 文件，等待 30 秒后重试...
2025-01-10 16:29:50,971 - 未有可用模型，等待模型训练完成...
2025-01-10 16:29:50,986 - 未找到训练 CSV 文件，等待 30 秒后重试...
2025-01-10 16:30:20,975 - 未有可用模型，等待模型训练完成...
2025-01-10 16:30:20,991 - 未找到训练 CSV 文件，等待 30 秒后重试...
2025-01-10 16:30:50,978 - 未有可用模型，等待模型训练完成...
2025-01-10 16:30:50,994 - 未找到训练 CSV 文件，等待 30 秒后重试...
2025-01-10 16:31:20,991 - 未有可用模型，等待模型训练完成...
2025-01-10 16:31:21,006 - 未找到训练 CSV 文件，等待 30 秒后重试...
2025-01-10 16:31:50,998 - 未有可用模型，等待模型训练完成...
2025-01-10 16:31:51,014 - 未找到训练 CSV 文件，等待 30 秒后重试...
2025-01-10 16:32:21,000 - 未有可用模型，等待模型训练完成...
2025-01-10 16:32:21,015 - 未找到训练 CSV 文件，等待 30 秒后重试...
2025-01-10 16:32:51,009 - 未有可用模型，等待模型训练完成...
2025-01-10 16:32:51,025 - 未找到训练 CSV 文件，等待 30 秒后重试...
2025-01-10 16:33:21,022 - 未有可用模型，等待模型训练完成...
2025-01-10 16:33:21,038 - 未找到训练 CSV 文件，等待 30 秒后重试...
2025-01-10 16:33:51,032 - 未有可用模型，等待模型训练完成...
2025-01-10 16:33:51,047 - 未找到训练 CSV 文件，等待 30 秒后重试...
2025-01-10 16:34:21,033 - 未有可用模型，等待模型训练完成...
2025-01-10 16:34:21,049 - 未找到训练 CSV 文件，等待 30 秒后重试...
2025-01-10 16:34:51,039 - 未有可用模型，等待模型训练完成...
2025-01-10 16:34:51,054 - 未找到训练 CSV 文件，等待 30 秒后重试...
2025-01-10 16:35:21,049 - 未有可用模型，等待模型训练完成...
2025-01-10 16:35:21,064 - 未找到训练 CSV 文件，等待 30 秒后重试...
2025-01-10 16:35:51,062 - 未有可用模型，等待模型训练完成...
2025-01-10 16:35:51,078 - 未找到训练 CSV 文件，等待 30 秒后重试...
2025-01-10 16:36:21,069 - 未有可用模型，等待模型训练完成...
2025-01-10 16:36:21,085 - 未找到训练 CSV 文件，等待 30 秒后重试...
2025-01-10 16:36:51,073 - 未有可用模型，等待模型训练完成...
2025-01-10 16:36:51,088 - 未找到训练 CSV 文件，等待 30 秒后重试...
2025-01-10 16:37:21,088 - 未有可用模型，等待模型训练完成...
2025-01-10 16:37:21,104 - 未找到训练 CSV 文件，等待 30 秒后重试...
2025-01-10 16:37:51,100 - 未有可用模型，等待模型训练完成...
2025-01-10 16:37:51,116 - 发现新的训练文件：D:\my-vue-project\wind-power-forecast\backend\auto_scripts\dataset\dataset_middle\20250110.csv，执行训练...
2025-01-10 16:37:51,116 - 输出结果将保存到: D:\my-vue-project\wind-power-forecast\backend\auto_scripts\train_predictions\middle_predictions
2025-01-10 16:37:52,314 - 数据加载与预处理完成
2025-01-10 16:37:52,636 - 数据标准化完成
2025-01-10 16:37:53,359 - 创建时间窗口完成
2025-01-10 16:37:53,360 - 获取模型参数完成
2025-01-10 16:38:21,109 - 未有可用模型，等待模型训练完成...
2025-01-10 16:38:51,118 - 未有可用模型，等待模型训练完成...
2025-01-10 16:39:21,129 - 未有可用模型，等待模型训练完成...
2025-01-10 16:39:51,144 - 未有可用模型，等待模型训练完成...
2025-01-10 16:40:21,156 - 未有可用模型，等待模型训练完成...
2025-01-10 16:40:51,171 - 未有可用模型，等待模型训练完成...
2025-01-10 16:41:19,519 - 训练与评估完成
2025-01-10 16:41:19,542 - 保存预测结果完成
2025-01-10 16:41:19,754 - 可视化结果完成
2025-01-10 16:41:19,850 - 模型已成功保存到 D:\my-vue-project\wind-power-forecast\backend\auto_scripts\models\middlemodel\20250110，模型可用。
2025-01-10 16:41:21,177 - 未找到预测 CSV 文件，等待 30 秒后重试...
2025-01-10 16:41:51,189 - 未找到预测 CSV 文件，等待 30 秒后重试...
2025-01-10 16:42:21,202 - 未找到预测 CSV 文件，等待 30 秒后重试...
2025-01-10 16:42:51,213 - 未找到预测 CSV 文件，等待 30 秒后重试...
2025-01-10 16:43:21,220 - 未找到预测 CSV 文件，等待 30 秒后重试...
2025-01-10 16:43:51,221 - 发现新的预测文件：D:\my-vue-project\wind-power-forecast\backend\auto_scripts\precsv\middlecsv\20250110.csv，执行预测...
2025-01-10 16:43:51,325 - 今天的训练和预测任务已完成。
2025-01-10 16:56:17,306 - 今天的日期是: 20250110
2025-01-10 16:56:17,307 - 开始监视 D:\my-vue-project\wind-power-forecast\backend\auto_scripts\dataset\dataset_middle 文件夹以进行训练...
2025-01-10 16:56:17,307 - 开始监视 D:\my-vue-project\wind-power-forecast\backend\auto_scripts\precsv\middlecsv 文件夹以进行预测...
2025-01-10 16:56:17,307 - 今天的训练已经执行过，跳过...
2025-01-10 16:56:17,307 - 今天的预测已经执行过，跳过...
2025-01-10 16:56:17,307 - 今天的训练和预测任务已完成。
2025-01-10 17:03:54,929 - 今天的日期是: 20250110
2025-01-10 17:03:54,931 - 开始监视 D:\my-vue-project\wind-power-forecast\backend\auto_scripts\dataset\dataset_middle 文件夹以进行训练...
2025-01-10 17:03:54,931 - 开始监视 D:\my-vue-project\wind-power-forecast\backend\auto_scripts\precsv\middlecsv 文件夹以进行预测...
2025-01-10 17:03:54,931 - 发现新的训练文件：D:\my-vue-project\wind-power-forecast\backend\auto_scripts\dataset\dataset_middle\20250110.csv，执行训练...
2025-01-10 17:03:54,931 - 输出结果将保存到: D:\my-vue-project\wind-power-forecast\backend\auto_scripts\train_predictions\middle_predictions
2025-01-10 17:03:54,931 - 未有可用模型，等待模型训练完成...
2025-01-10 17:03:56,224 - 数据加载与预处理完成
2025-01-10 17:03:56,636 - 数据标准化完成
2025-01-10 17:03:57,695 - 创建时间窗口完成
2025-01-10 17:03:57,695 - 获取模型参数完成
2025-01-10 17:04:24,976 - 未有可用模型，等待模型训练完成...
2025-01-10 17:04:55,113 - 未有可用模型，等待模型训练完成...
2025-01-10 17:05:25,275 - 未有可用模型，等待模型训练完成...
2025-01-10 17:05:56,033 - 未有可用模型，等待模型训练完成...
2025-01-10 17:06:26,235 - 未有可用模型，等待模型训练完成...
2025-01-10 17:06:56,635 - 未有可用模型，等待模型训练完成...
2025-01-10 17:07:26,933 - 未有可用模型，等待模型训练完成...
2025-01-10 17:07:56,943 - 未有可用模型，等待模型训练完成...
2025-01-10 17:08:26,957 - 未有可用模型，等待模型训练完成...
2025-01-10 17:08:56,969 - 未有可用模型，等待模型训练完成...
2025-01-10 17:09:26,978 - 未有可用模型，等待模型训练完成...
2025-01-10 17:09:56,987 - 未有可用模型，等待模型训练完成...
2025-01-10 17:10:27,000 - 未有可用模型，等待模型训练完成...
2025-01-10 17:10:57,012 - 未有可用模型，等待模型训练完成...
2025-01-10 17:11:27,026 - 未有可用模型，等待模型训练完成...
2025-01-10 17:11:57,027 - 未有可用模型，等待模型训练完成...
2025-01-10 17:12:27,032 - 未有可用模型，等待模型训练完成...
2025-01-10 17:12:57,034 - 未有可用模型，等待模型训练完成...
2025-01-10 17:13:27,048 - 未有可用模型，等待模型训练完成...
2025-01-10 17:13:57,063 - 未有可用模型，等待模型训练完成...
2025-01-10 17:14:27,069 - 未有可用模型，等待模型训练完成...
2025-01-10 17:14:57,084 - 未有可用模型，等待模型训练完成...
2025-01-10 17:15:27,094 - 未有可用模型，等待模型训练完成...
2025-01-10 17:15:57,098 - 未有可用模型，等待模型训练完成...
2025-01-10 17:16:27,109 - 未有可用模型，等待模型训练完成...
2025-01-10 17:16:57,115 - 未有可用模型，等待模型训练完成...
2025-01-10 17:17:27,123 - 未有可用模型，等待模型训练完成...
2025-01-10 17:17:57,132 - 未有可用模型，等待模型训练完成...
2025-01-10 17:18:27,146 - 未有可用模型，等待模型训练完成...
2025-01-10 17:18:57,158 - 未有可用模型，等待模型训练完成...
2025-01-10 17:19:27,169 - 未有可用模型，等待模型训练完成...
2025-01-10 17:19:57,184 - 未有可用模型，等待模型训练完成...
2025-01-10 17:20:27,199 - 未有可用模型，等待模型训练完成...
2025-01-10 17:20:57,212 - 未有可用模型，等待模型训练完成...
2025-01-10 17:21:27,216 - 未有可用模型，等待模型训练完成...
2025-01-10 17:21:57,221 - 未有可用模型，等待模型训练完成...
2025-01-10 17:22:27,231 - 未有可用模型，等待模型训练完成...
2025-01-10 17:23:00,713 - 未有可用模型，等待模型训练完成...
2025-01-10 17:23:30,715 - 未有可用模型，等待模型训练完成...
2025-01-10 17:24:00,748 - 未有可用模型，等待模型训练完成...
2025-01-10 17:24:30,759 - 未有可用模型，等待模型训练完成...
2025-01-10 17:25:01,106 - 未有可用模型，等待模型训练完成...
2025-01-10 17:25:31,497 - 未有可用模型，等待模型训练完成...
2025-01-10 17:26:01,674 - 未有可用模型，等待模型训练完成...
2025-01-10 17:26:31,686 - 未有可用模型，等待模型训练完成...
2025-01-10 17:27:01,693 - 未有可用模型，等待模型训练完成...
2025-01-10 17:27:31,695 - 未有可用模型，等待模型训练完成...
2025-01-10 17:28:01,697 - 未有可用模型，等待模型训练完成...
2025-01-10 17:28:31,702 - 未有可用模型，等待模型训练完成...
2025-01-10 17:29:01,710 - 未有可用模型，等待模型训练完成...
2025-01-10 17:29:31,725 - 未有可用模型，等待模型训练完成...
2025-01-10 17:30:01,735 - 未有可用模型，等待模型训练完成...
2025-01-10 17:30:31,738 - 未有可用模型，等待模型训练完成...
2025-01-10 17:31:01,740 - 未有可用模型，等待模型训练完成...
2025-01-10 17:31:10,242 - 训练与评估完成
2025-01-10 17:31:10,355 - 保存预测结果完成
2025-01-10 17:31:10,884 - 可视化结果完成
2025-01-10 17:31:11,146 - 模型已成功保存到 D:\my-vue-project\wind-power-forecast\backend\auto_scripts\models\middlemodel\20250110，模型可用。
2025-01-10 17:31:31,753 - 发现新的预测文件：D:\my-vue-project\wind-power-forecast\backend\auto_scripts\precsv\middlecsv\20250110.csv，执行预测...
2025-01-10 17:31:31,901 - 今天的训练和预测任务已完成。
