2025-01-13 01:00:31,590 - 今天的日期是: 20250113
2025-01-13 01:00:31,591 - 开始监视 D:\my-vue-project\wind-power-forecast\backend\auto_scripts\dataset\dataset_middle 文件夹以进行训练...
2025-01-13 01:00:31,591 - 开始监视 D:\my-vue-project\wind-power-forecast\backend\auto_scripts\precsv\middlecsv 文件夹以进行预测...
2025-01-13 01:00:31,591 - 发现新的训练文件：D:\my-vue-project\wind-power-forecast\backend\auto_scripts\dataset\dataset_middle\20250113.csv，执行训练...
2025-01-13 01:00:31,592 - 输出结果将保存到: D:\my-vue-project\wind-power-forecast\backend\auto_scripts\train_predictions\middle_predictions
2025-01-13 01:00:31,592 - 未有可用模型，等待模型训练完成...
2025-01-13 01:00:33,450 - 数据加载与预处理完成
2025-01-13 01:00:33,961 - 数据标准化完成
2025-01-13 01:00:35,173 - 创建时间窗口完成
2025-01-13 01:00:35,174 - 获取模型参数完成
2025-01-13 01:01:01,604 - 未有可用模型，等待模型训练完成...
2025-01-13 01:01:31,633 - 未有可用模型，等待模型训练完成...
2025-01-13 01:02:01,637 - 未有可用模型，等待模型训练完成...
2025-01-13 01:02:31,653 - 未有可用模型，等待模型训练完成...
2025-01-13 01:03:01,669 - 未有可用模型，等待模型训练完成...
2025-01-13 01:03:31,681 - 未有可用模型，等待模型训练完成...
2025-01-13 01:04:01,691 - 未有可用模型，等待模型训练完成...
2025-01-13 01:04:31,694 - 未有可用模型，等待模型训练完成...
2025-01-13 01:05:01,701 - 未有可用模型，等待模型训练完成...
2025-01-13 01:05:29,921 - 训练与评估完成
2025-01-13 01:05:29,941 - 保存预测结果完成
2025-01-13 01:05:30,167 - 可视化结果完成
2025-01-13 01:05:30,317 - 模型已成功保存到 D:\my-vue-project\wind-power-forecast\backend\auto_scripts\models\middlemodel\20250113，模型可用。
2025-01-13 01:05:31,711 - 未找到预测 CSV 文件，等待 30 秒后重试...
2025-01-13 01:06:01,715 - 未找到预测 CSV 文件，等待 30 秒后重试...
2025-01-13 01:06:31,724 - 未找到预测 CSV 文件，等待 30 秒后重试...
2025-01-13 01:07:01,730 - 未找到预测 CSV 文件，等待 30 秒后重试...
2025-01-13 01:07:31,744 - 未找到预测 CSV 文件，等待 30 秒后重试...
2025-01-13 01:08:01,757 - 未找到预测 CSV 文件，等待 30 秒后重试...
2025-01-13 01:08:31,759 - 未找到预测 CSV 文件，等待 30 秒后重试...
2025-01-13 01:09:01,765 - 未找到预测 CSV 文件，等待 30 秒后重试...
2025-01-13 01:09:31,770 - 未找到预测 CSV 文件，等待 30 秒后重试...
2025-01-13 01:10:01,779 - 未找到预测 CSV 文件，等待 30 秒后重试...
2025-01-13 01:10:31,794 - 未找到预测 CSV 文件，等待 30 秒后重试...
2025-01-13 01:11:01,795 - 未找到预测 CSV 文件，等待 30 秒后重试...
2025-01-13 01:11:31,806 - 未找到预测 CSV 文件，等待 30 秒后重试...
2025-01-13 01:12:01,808 - 未找到预测 CSV 文件，等待 30 秒后重试...
2025-01-13 01:12:31,818 - 未找到预测 CSV 文件，等待 30 秒后重试...
2025-01-13 01:13:01,824 - 未找到预测 CSV 文件，等待 30 秒后重试...
2025-01-13 01:13:31,831 - 未找到预测 CSV 文件，等待 30 秒后重试...
2025-01-13 01:14:01,846 - 未找到预测 CSV 文件，等待 30 秒后重试...
2025-01-13 01:14:31,858 - 未找到预测 CSV 文件，等待 30 秒后重试...
2025-01-13 01:15:01,868 - 未找到预测 CSV 文件，等待 30 秒后重试...
2025-01-13 01:15:31,869 - 未找到预测 CSV 文件，等待 30 秒后重试...
2025-01-13 01:16:01,876 - 未找到预测 CSV 文件，等待 30 秒后重试...
2025-01-13 01:16:31,886 - 未找到预测 CSV 文件，等待 30 秒后重试...
2025-01-13 01:17:01,891 - 未找到预测 CSV 文件，等待 30 秒后重试...
2025-01-13 01:17:31,898 - 未找到预测 CSV 文件，等待 30 秒后重试...
2025-01-13 01:18:01,909 - 未找到预测 CSV 文件，等待 30 秒后重试...
2025-01-13 01:18:31,918 - 未找到预测 CSV 文件，等待 30 秒后重试...
2025-01-13 01:19:01,920 - 未找到预测 CSV 文件，等待 30 秒后重试...
2025-01-13 01:19:31,927 - 未找到预测 CSV 文件，等待 30 秒后重试...
2025-01-13 01:20:01,938 - 未找到预测 CSV 文件，等待 30 秒后重试...
2025-01-13 01:20:31,952 - 未找到预测 CSV 文件，等待 30 秒后重试...
2025-01-13 01:21:01,958 - 未找到预测 CSV 文件，等待 30 秒后重试...
2025-01-13 01:21:31,966 - 未找到预测 CSV 文件，等待 30 秒后重试...
2025-01-13 01:22:01,970 - 未找到预测 CSV 文件，等待 30 秒后重试...
2025-01-13 01:22:31,985 - 未找到预测 CSV 文件，等待 30 秒后重试...
2025-01-13 01:23:01,991 - 未找到预测 CSV 文件，等待 30 秒后重试...
2025-01-13 01:23:32,005 - 未找到预测 CSV 文件，等待 30 秒后重试...
2025-01-13 01:24:02,009 - 未找到预测 CSV 文件，等待 30 秒后重试...
2025-01-13 01:24:32,011 - 未找到预测 CSV 文件，等待 30 秒后重试...
2025-01-13 01:25:02,021 - 未找到预测 CSV 文件，等待 30 秒后重试...
2025-01-13 01:25:32,026 - 未找到预测 CSV 文件，等待 30 秒后重试...
2025-01-13 01:26:02,040 - 未找到预测 CSV 文件，等待 30 秒后重试...
2025-01-13 01:26:32,045 - 未找到预测 CSV 文件，等待 30 秒后重试...
2025-01-13 01:27:02,059 - 未找到预测 CSV 文件，等待 30 秒后重试...
2025-01-13 01:27:32,069 - 未找到预测 CSV 文件，等待 30 秒后重试...
2025-01-13 01:28:02,082 - 未找到预测 CSV 文件，等待 30 秒后重试...
2025-01-13 01:28:32,091 - 未找到预测 CSV 文件，等待 30 秒后重试...
2025-01-13 01:29:02,100 - 未找到预测 CSV 文件，等待 30 秒后重试...
2025-01-13 01:29:32,112 - 未找到预测 CSV 文件，等待 30 秒后重试...
2025-01-13 01:30:02,117 - 未找到预测 CSV 文件，等待 30 秒后重试...
2025-01-13 01:30:32,118 - 未找到预测 CSV 文件，等待 30 秒后重试...
2025-01-13 01:31:02,126 - 未找到预测 CSV 文件，等待 30 秒后重试...
2025-01-13 01:31:32,137 - 未找到预测 CSV 文件，等待 30 秒后重试...
2025-01-13 01:32:02,142 - 未找到预测 CSV 文件，等待 30 秒后重试...
2025-01-13 01:32:32,150 - 未找到预测 CSV 文件，等待 30 秒后重试...
2025-01-13 01:33:02,159 - 未找到预测 CSV 文件，等待 30 秒后重试...
2025-01-13 01:33:32,166 - 未找到预测 CSV 文件，等待 30 秒后重试...
2025-01-13 01:34:02,180 - 未找到预测 CSV 文件，等待 30 秒后重试...
2025-01-13 01:34:32,182 - 未找到预测 CSV 文件，等待 30 秒后重试...
2025-01-13 01:35:02,190 - 未找到预测 CSV 文件，等待 30 秒后重试...
2025-01-13 01:35:32,196 - 未找到预测 CSV 文件，等待 30 秒后重试...
2025-01-13 01:36:02,204 - 未找到预测 CSV 文件，等待 30 秒后重试...
2025-01-13 01:36:32,215 - 未找到预测 CSV 文件，等待 30 秒后重试...
2025-01-13 01:37:02,226 - 未找到预测 CSV 文件，等待 30 秒后重试...
2025-01-13 01:37:32,231 - 未找到预测 CSV 文件，等待 30 秒后重试...
2025-01-13 01:38:02,239 - 未找到预测 CSV 文件，等待 30 秒后重试...
2025-01-13 01:38:32,247 - 未找到预测 CSV 文件，等待 30 秒后重试...
2025-01-13 01:39:02,249 - 未找到预测 CSV 文件，等待 30 秒后重试...
2025-01-13 01:39:32,254 - 未找到预测 CSV 文件，等待 30 秒后重试...
2025-01-13 01:40:02,255 - 未找到预测 CSV 文件，等待 30 秒后重试...
2025-01-13 01:40:32,268 - 未找到预测 CSV 文件，等待 30 秒后重试...
2025-01-13 01:41:02,272 - 未找到预测 CSV 文件，等待 30 秒后重试...
2025-01-13 01:41:32,280 - 未找到预测 CSV 文件，等待 30 秒后重试...
2025-01-13 01:42:02,294 - 未找到预测 CSV 文件，等待 30 秒后重试...
2025-01-13 01:42:32,302 - 未找到预测 CSV 文件，等待 30 秒后重试...
2025-01-13 01:43:02,308 - 未找到预测 CSV 文件，等待 30 秒后重试...
2025-01-13 01:43:32,322 - 未找到预测 CSV 文件，等待 30 秒后重试...
2025-01-13 01:44:02,333 - 未找到预测 CSV 文件，等待 30 秒后重试...
2025-01-13 01:44:32,338 - 未找到预测 CSV 文件，等待 30 秒后重试...
2025-01-13 01:45:02,353 - 未找到预测 CSV 文件，等待 30 秒后重试...
2025-01-13 01:45:32,366 - 未找到预测 CSV 文件，等待 30 秒后重试...
2025-01-13 01:46:02,368 - 未找到预测 CSV 文件，等待 30 秒后重试...
2025-01-13 01:46:32,376 - 未找到预测 CSV 文件，等待 30 秒后重试...
2025-01-13 01:47:02,389 - 未找到预测 CSV 文件，等待 30 秒后重试...
2025-01-13 01:47:32,403 - 未找到预测 CSV 文件，等待 30 秒后重试...
2025-01-13 01:48:02,418 - 未找到预测 CSV 文件，等待 30 秒后重试...
2025-01-13 01:48:32,432 - 未找到预测 CSV 文件，等待 30 秒后重试...
2025-01-13 01:49:02,447 - 未找到预测 CSV 文件，等待 30 秒后重试...
2025-01-13 01:49:32,461 - 未找到预测 CSV 文件，等待 30 秒后重试...
2025-01-13 01:50:02,467 - 未找到预测 CSV 文件，等待 30 秒后重试...
2025-01-13 01:50:32,482 - 未找到预测 CSV 文件，等待 30 秒后重试...
2025-01-13 01:51:02,495 - 未找到预测 CSV 文件，等待 30 秒后重试...
2025-01-13 01:51:32,509 - 未找到预测 CSV 文件，等待 30 秒后重试...
2025-01-13 01:52:02,525 - 未找到预测 CSV 文件，等待 30 秒后重试...
2025-01-13 01:52:32,528 - 未找到预测 CSV 文件，等待 30 秒后重试...
2025-01-13 01:53:02,539 - 未找到预测 CSV 文件，等待 30 秒后重试...
2025-01-13 01:53:32,541 - 未找到预测 CSV 文件，等待 30 秒后重试...
2025-01-13 01:54:02,551 - 未找到预测 CSV 文件，等待 30 秒后重试...
2025-01-13 01:54:32,552 - 未找到预测 CSV 文件，等待 30 秒后重试...
2025-01-13 01:55:02,566 - 未找到预测 CSV 文件，等待 30 秒后重试...
2025-01-13 01:55:32,573 - 未找到预测 CSV 文件，等待 30 秒后重试...
2025-01-13 01:56:02,583 - 未找到预测 CSV 文件，等待 30 秒后重试...
2025-01-13 01:56:32,593 - 未找到预测 CSV 文件，等待 30 秒后重试...
2025-01-13 01:57:02,598 - 未找到预测 CSV 文件，等待 30 秒后重试...
2025-01-13 01:57:32,612 - 未找到预测 CSV 文件，等待 30 秒后重试...
2025-01-13 01:58:02,627 - 未找到预测 CSV 文件，等待 30 秒后重试...
2025-01-13 01:58:32,638 - 未找到预测 CSV 文件，等待 30 秒后重试...
2025-01-13 01:59:02,650 - 未找到预测 CSV 文件，等待 30 秒后重试...
2025-01-13 01:59:32,653 - 未找到预测 CSV 文件，等待 30 秒后重试...
2025-01-13 02:00:02,659 - 未找到预测 CSV 文件，等待 30 秒后重试...
2025-01-13 02:00:32,672 - 未找到预测 CSV 文件，等待 30 秒后重试...
2025-01-13 02:01:02,684 - 未找到预测 CSV 文件，等待 30 秒后重试...
2025-01-13 02:01:32,692 - 未找到预测 CSV 文件，等待 30 秒后重试...
2025-01-13 02:02:02,707 - 未找到预测 CSV 文件，等待 30 秒后重试...
2025-01-13 02:02:32,719 - 未找到预测 CSV 文件，等待 30 秒后重试...
2025-01-13 02:03:02,729 - 未找到预测 CSV 文件，等待 30 秒后重试...
2025-01-13 02:03:32,741 - 未找到预测 CSV 文件，等待 30 秒后重试...
2025-01-13 02:04:02,753 - 未找到预测 CSV 文件，等待 30 秒后重试...
2025-01-13 02:04:32,763 - 未找到预测 CSV 文件，等待 30 秒后重试...
2025-01-13 02:05:02,766 - 未找到预测 CSV 文件，等待 30 秒后重试...
2025-01-13 02:05:32,771 - 未找到预测 CSV 文件，等待 30 秒后重试...
2025-01-13 02:06:02,785 - 未找到预测 CSV 文件，等待 30 秒后重试...
2025-01-13 02:06:32,792 - 未找到预测 CSV 文件，等待 30 秒后重试...
2025-01-13 02:07:02,806 - 未找到预测 CSV 文件，等待 30 秒后重试...
2025-01-13 02:07:32,813 - 未找到预测 CSV 文件，等待 30 秒后重试...
2025-01-13 02:08:02,815 - 未找到预测 CSV 文件，等待 30 秒后重试...
2025-01-13 02:08:32,830 - 未找到预测 CSV 文件，等待 30 秒后重试...
2025-01-13 02:09:02,833 - 未找到预测 CSV 文件，等待 30 秒后重试...
2025-01-13 02:09:32,844 - 未找到预测 CSV 文件，等待 30 秒后重试...
2025-01-13 02:10:02,857 - 未找到预测 CSV 文件，等待 30 秒后重试...
2025-01-13 02:10:32,861 - 未找到预测 CSV 文件，等待 30 秒后重试...
2025-01-13 02:11:02,871 - 未找到预测 CSV 文件，等待 30 秒后重试...
2025-01-13 02:11:32,884 - 未找到预测 CSV 文件，等待 30 秒后重试...
2025-01-13 02:12:02,894 - 未找到预测 CSV 文件，等待 30 秒后重试...
2025-01-13 02:12:32,899 - 未找到预测 CSV 文件，等待 30 秒后重试...
2025-01-13 02:13:02,904 - 未找到预测 CSV 文件，等待 30 秒后重试...
2025-01-13 02:13:32,908 - 未找到预测 CSV 文件，等待 30 秒后重试...
2025-01-13 02:14:02,914 - 未找到预测 CSV 文件，等待 30 秒后重试...
2025-01-13 02:14:32,926 - 未找到预测 CSV 文件，等待 30 秒后重试...
2025-01-13 02:15:02,931 - 未找到预测 CSV 文件，等待 30 秒后重试...
2025-01-13 02:15:32,946 - 未找到预测 CSV 文件，等待 30 秒后重试...
2025-01-13 02:16:02,952 - 未找到预测 CSV 文件，等待 30 秒后重试...
2025-01-13 02:16:32,960 - 未找到预测 CSV 文件，等待 30 秒后重试...
2025-01-13 02:17:02,975 - 未找到预测 CSV 文件，等待 30 秒后重试...
2025-01-13 02:17:32,981 - 未找到预测 CSV 文件，等待 30 秒后重试...
2025-01-13 02:18:02,991 - 未找到预测 CSV 文件，等待 30 秒后重试...
2025-01-13 02:18:32,995 - 未找到预测 CSV 文件，等待 30 秒后重试...
2025-01-13 02:19:03,005 - 未找到预测 CSV 文件，等待 30 秒后重试...
2025-01-13 02:19:33,008 - 未找到预测 CSV 文件，等待 30 秒后重试...
2025-01-13 02:20:03,016 - 未找到预测 CSV 文件，等待 30 秒后重试...
2025-01-13 02:20:33,025 - 未找到预测 CSV 文件，等待 30 秒后重试...
2025-01-13 02:21:03,030 - 未找到预测 CSV 文件，等待 30 秒后重试...
2025-01-13 02:21:33,034 - 未找到预测 CSV 文件，等待 30 秒后重试...
2025-01-13 02:22:03,035 - 未找到预测 CSV 文件，等待 30 秒后重试...
2025-01-13 02:22:33,050 - 未找到预测 CSV 文件，等待 30 秒后重试...
2025-01-13 02:23:03,062 - 未找到预测 CSV 文件，等待 30 秒后重试...
2025-01-13 02:23:33,071 - 未找到预测 CSV 文件，等待 30 秒后重试...
2025-01-13 02:24:03,072 - 未找到预测 CSV 文件，等待 30 秒后重试...
2025-01-13 02:24:33,084 - 未找到预测 CSV 文件，等待 30 秒后重试...
2025-01-13 02:25:03,096 - 未找到预测 CSV 文件，等待 30 秒后重试...
2025-01-13 02:25:33,106 - 未找到预测 CSV 文件，等待 30 秒后重试...
2025-01-13 02:26:03,112 - 未找到预测 CSV 文件，等待 30 秒后重试...
2025-01-13 02:26:33,123 - 未找到预测 CSV 文件，等待 30 秒后重试...
2025-01-13 02:27:03,129 - 未找到预测 CSV 文件，等待 30 秒后重试...
2025-01-13 02:27:33,144 - 未找到预测 CSV 文件，等待 30 秒后重试...
2025-01-13 02:28:03,153 - 未找到预测 CSV 文件，等待 30 秒后重试...
2025-01-13 02:28:33,161 - 未找到预测 CSV 文件，等待 30 秒后重试...
2025-01-13 02:29:03,170 - 未找到预测 CSV 文件，等待 30 秒后重试...
2025-01-13 02:29:33,186 - 未找到预测 CSV 文件，等待 30 秒后重试...
2025-01-13 02:30:03,191 - 未找到预测 CSV 文件，等待 30 秒后重试...
2025-01-13 02:30:33,196 - 未找到预测 CSV 文件，等待 30 秒后重试...
2025-01-13 02:31:03,206 - 未找到预测 CSV 文件，等待 30 秒后重试...
2025-01-13 02:31:33,217 - 未找到预测 CSV 文件，等待 30 秒后重试...
2025-01-13 02:32:03,222 - 未找到预测 CSV 文件，等待 30 秒后重试...
2025-01-13 02:32:33,226 - 未找到预测 CSV 文件，等待 30 秒后重试...
2025-01-13 02:33:03,227 - 未找到预测 CSV 文件，等待 30 秒后重试...
2025-01-13 02:33:33,242 - 未找到预测 CSV 文件，等待 30 秒后重试...
2025-01-13 02:34:03,254 - 未找到预测 CSV 文件，等待 30 秒后重试...
2025-01-13 02:34:33,258 - 未找到预测 CSV 文件，等待 30 秒后重试...
2025-01-13 02:35:03,264 - 未找到预测 CSV 文件，等待 30 秒后重试...
2025-01-13 02:35:33,269 - 未找到预测 CSV 文件，等待 30 秒后重试...
2025-01-13 02:36:03,279 - 未找到预测 CSV 文件，等待 30 秒后重试...
2025-01-13 02:36:33,285 - 未找到预测 CSV 文件，等待 30 秒后重试...
2025-01-13 02:37:03,291 - 未找到预测 CSV 文件，等待 30 秒后重试...
2025-01-13 02:37:33,299 - 未找到预测 CSV 文件，等待 30 秒后重试...
2025-01-13 02:38:03,309 - 未找到预测 CSV 文件，等待 30 秒后重试...
2025-01-13 02:38:33,323 - 未找到预测 CSV 文件，等待 30 秒后重试...
2025-01-13 02:39:03,339 - 未找到预测 CSV 文件，等待 30 秒后重试...
2025-01-13 02:39:33,348 - 未找到预测 CSV 文件，等待 30 秒后重试...
2025-01-13 02:40:03,354 - 未找到预测 CSV 文件，等待 30 秒后重试...
2025-01-13 02:40:33,369 - 未找到预测 CSV 文件，等待 30 秒后重试...
2025-01-13 02:41:03,384 - 未找到预测 CSV 文件，等待 30 秒后重试...
2025-01-13 02:41:33,395 - 未找到预测 CSV 文件，等待 30 秒后重试...
2025-01-13 02:42:03,402 - 未找到预测 CSV 文件，等待 30 秒后重试...
2025-01-13 02:42:33,413 - 未找到预测 CSV 文件，等待 30 秒后重试...
2025-01-13 02:43:03,427 - 未找到预测 CSV 文件，等待 30 秒后重试...
2025-01-13 02:43:33,441 - 未找到预测 CSV 文件，等待 30 秒后重试...
2025-01-13 02:44:03,454 - 未找到预测 CSV 文件，等待 30 秒后重试...
2025-01-13 02:44:33,463 - 未找到预测 CSV 文件，等待 30 秒后重试...
2025-01-13 02:45:03,466 - 未找到预测 CSV 文件，等待 30 秒后重试...
2025-01-13 02:45:33,474 - 未找到预测 CSV 文件，等待 30 秒后重试...
2025-01-13 02:46:03,479 - 未找到预测 CSV 文件，等待 30 秒后重试...
2025-01-13 02:46:33,486 - 未找到预测 CSV 文件，等待 30 秒后重试...
2025-01-13 02:47:03,488 - 未找到预测 CSV 文件，等待 30 秒后重试...
2025-01-13 02:47:33,499 - 未找到预测 CSV 文件，等待 30 秒后重试...
2025-01-13 02:48:03,505 - 未找到预测 CSV 文件，等待 30 秒后重试...
2025-01-13 02:48:33,507 - 未找到预测 CSV 文件，等待 30 秒后重试...
2025-01-13 02:49:03,508 - 未找到预测 CSV 文件，等待 30 秒后重试...
2025-01-13 02:49:33,519 - 未找到预测 CSV 文件，等待 30 秒后重试...
2025-01-13 02:50:03,525 - 未找到预测 CSV 文件，等待 30 秒后重试...
2025-01-13 02:50:33,538 - 未找到预测 CSV 文件，等待 30 秒后重试...
2025-01-13 02:51:03,539 - 未找到预测 CSV 文件，等待 30 秒后重试...
2025-01-13 02:51:33,549 - 未找到预测 CSV 文件，等待 30 秒后重试...
2025-01-13 02:52:03,554 - 未找到预测 CSV 文件，等待 30 秒后重试...
2025-01-13 02:52:33,561 - 未找到预测 CSV 文件，等待 30 秒后重试...
2025-01-13 02:53:03,565 - 未找到预测 CSV 文件，等待 30 秒后重试...
2025-01-13 02:53:33,573 - 未找到预测 CSV 文件，等待 30 秒后重试...
2025-01-13 02:54:03,583 - 未找到预测 CSV 文件，等待 30 秒后重试...
2025-01-13 02:54:33,584 - 未找到预测 CSV 文件，等待 30 秒后重试...
2025-01-13 02:55:03,598 - 未找到预测 CSV 文件，等待 30 秒后重试...
2025-01-13 02:55:33,600 - 未找到预测 CSV 文件，等待 30 秒后重试...
2025-01-13 02:56:03,605 - 未找到预测 CSV 文件，等待 30 秒后重试...
2025-01-13 02:56:33,616 - 未找到预测 CSV 文件，等待 30 秒后重试...
2025-01-13 02:57:03,631 - 未找到预测 CSV 文件，等待 30 秒后重试...
2025-01-13 02:57:33,646 - 未找到预测 CSV 文件，等待 30 秒后重试...
2025-01-13 02:58:03,654 - 未找到预测 CSV 文件，等待 30 秒后重试...
2025-01-13 02:58:33,655 - 未找到预测 CSV 文件，等待 30 秒后重试...
2025-01-13 02:59:03,673 - 未找到预测 CSV 文件，等待 30 秒后重试...
2025-01-13 02:59:35,079 - 未找到预测 CSV 文件，等待 30 秒后重试...
2025-01-13 03:00:05,087 - 未找到预测 CSV 文件，等待 30 秒后重试...
2025-01-13 03:00:35,101 - 未找到预测 CSV 文件，等待 30 秒后重试...
2025-01-13 03:01:05,102 - 未找到预测 CSV 文件，等待 30 秒后重试...
2025-01-13 03:01:35,113 - 未找到预测 CSV 文件，等待 30 秒后重试...
2025-01-13 03:02:05,123 - 未找到预测 CSV 文件，等待 30 秒后重试...
2025-01-13 03:02:35,134 - 未找到预测 CSV 文件，等待 30 秒后重试...
2025-01-13 03:03:05,136 - 未找到预测 CSV 文件，等待 30 秒后重试...
2025-01-13 03:03:35,140 - 未找到预测 CSV 文件，等待 30 秒后重试...
2025-01-13 03:04:05,154 - 未找到预测 CSV 文件，等待 30 秒后重试...
2025-01-13 03:04:35,156 - 未找到预测 CSV 文件，等待 30 秒后重试...
2025-01-13 03:05:05,169 - 未找到预测 CSV 文件，等待 30 秒后重试...
2025-01-13 03:05:35,172 - 未找到预测 CSV 文件，等待 30 秒后重试...
2025-01-13 03:06:05,173 - 未找到预测 CSV 文件，等待 30 秒后重试...
2025-01-13 03:06:35,175 - 未找到预测 CSV 文件，等待 30 秒后重试...
2025-01-13 03:07:05,186 - 未找到预测 CSV 文件，等待 30 秒后重试...
2025-01-13 03:07:35,188 - 未找到预测 CSV 文件，等待 30 秒后重试...
2025-01-13 03:08:05,195 - 未找到预测 CSV 文件，等待 30 秒后重试...
2025-01-13 03:08:35,200 - 未找到预测 CSV 文件，等待 30 秒后重试...
2025-01-13 03:09:05,207 - 未找到预测 CSV 文件，等待 30 秒后重试...
2025-01-13 03:09:35,221 - 未找到预测 CSV 文件，等待 30 秒后重试...
2025-01-13 03:10:05,228 - 未找到预测 CSV 文件，等待 30 秒后重试...
2025-01-13 03:10:35,233 - 未找到预测 CSV 文件，等待 30 秒后重试...
2025-01-13 03:11:05,249 - 未找到预测 CSV 文件，等待 30 秒后重试...
2025-01-13 03:11:35,260 - 未找到预测 CSV 文件，等待 30 秒后重试...
2025-01-13 03:12:05,269 - 未找到预测 CSV 文件，等待 30 秒后重试...
2025-01-13 03:12:35,274 - 未找到预测 CSV 文件，等待 30 秒后重试...
2025-01-13 03:13:05,277 - 未找到预测 CSV 文件，等待 30 秒后重试...
2025-01-13 03:13:35,289 - 未找到预测 CSV 文件，等待 30 秒后重试...
2025-01-13 03:14:05,292 - 未找到预测 CSV 文件，等待 30 秒后重试...
2025-01-13 03:14:35,295 - 未找到预测 CSV 文件，等待 30 秒后重试...
2025-01-13 03:15:05,305 - 未找到预测 CSV 文件，等待 30 秒后重试...
2025-01-13 03:15:35,313 - 未找到预测 CSV 文件，等待 30 秒后重试...
2025-01-13 03:16:05,323 - 未找到预测 CSV 文件，等待 30 秒后重试...
2025-01-13 03:16:35,340 - 未找到预测 CSV 文件，等待 30 秒后重试...
2025-01-13 03:17:05,348 - 未找到预测 CSV 文件，等待 30 秒后重试...
2025-01-13 03:17:35,354 - 未找到预测 CSV 文件，等待 30 秒后重试...
2025-01-13 03:18:05,362 - 未找到预测 CSV 文件，等待 30 秒后重试...
2025-01-13 03:18:35,364 - 未找到预测 CSV 文件，等待 30 秒后重试...
2025-01-13 03:19:05,374 - 未找到预测 CSV 文件，等待 30 秒后重试...
2025-01-13 03:19:35,380 - 未找到预测 CSV 文件，等待 30 秒后重试...
2025-01-13 03:20:05,389 - 未找到预测 CSV 文件，等待 30 秒后重试...
2025-01-13 03:20:35,408 - 未找到预测 CSV 文件，等待 30 秒后重试...
2025-01-13 03:21:05,412 - 未找到预测 CSV 文件，等待 30 秒后重试...
2025-01-13 03:21:35,427 - 未找到预测 CSV 文件，等待 30 秒后重试...
2025-01-13 03:22:05,441 - 未找到预测 CSV 文件，等待 30 秒后重试...
2025-01-13 03:22:35,450 - 未找到预测 CSV 文件，等待 30 秒后重试...
2025-01-13 03:23:05,451 - 未找到预测 CSV 文件，等待 30 秒后重试...
2025-01-13 03:23:35,457 - 未找到预测 CSV 文件，等待 30 秒后重试...
2025-01-13 03:24:05,471 - 未找到预测 CSV 文件，等待 30 秒后重试...
2025-01-13 03:24:35,475 - 未找到预测 CSV 文件，等待 30 秒后重试...
2025-01-13 03:25:05,482 - 未找到预测 CSV 文件，等待 30 秒后重试...
2025-01-13 03:25:35,483 - 未找到预测 CSV 文件，等待 30 秒后重试...
2025-01-13 03:26:05,491 - 未找到预测 CSV 文件，等待 30 秒后重试...
2025-01-13 03:26:35,495 - 未找到预测 CSV 文件，等待 30 秒后重试...
2025-01-13 03:27:05,511 - 未找到预测 CSV 文件，等待 30 秒后重试...
2025-01-13 03:27:35,521 - 未找到预测 CSV 文件，等待 30 秒后重试...
2025-01-13 03:28:05,526 - 未找到预测 CSV 文件，等待 30 秒后重试...
2025-01-13 03:28:35,529 - 未找到预测 CSV 文件，等待 30 秒后重试...
2025-01-13 03:29:05,533 - 未找到预测 CSV 文件，等待 30 秒后重试...
2025-01-13 03:29:35,537 - 未找到预测 CSV 文件，等待 30 秒后重试...
2025-01-13 03:30:05,554 - 未找到预测 CSV 文件，等待 30 秒后重试...
2025-01-13 03:30:35,566 - 未找到预测 CSV 文件，等待 30 秒后重试...
2025-01-13 03:31:05,574 - 未找到预测 CSV 文件，等待 30 秒后重试...
2025-01-13 03:31:35,583 - 未找到预测 CSV 文件，等待 30 秒后重试...
2025-01-13 03:32:05,597 - 未找到预测 CSV 文件，等待 30 秒后重试...
2025-01-13 03:32:35,613 - 未找到预测 CSV 文件，等待 30 秒后重试...
2025-01-13 03:33:05,624 - 未找到预测 CSV 文件，等待 30 秒后重试...
2025-01-13 03:33:35,638 - 未找到预测 CSV 文件，等待 30 秒后重试...
2025-01-13 03:34:05,649 - 未找到预测 CSV 文件，等待 30 秒后重试...
2025-01-13 03:34:35,665 - 未找到预测 CSV 文件，等待 30 秒后重试...
2025-01-13 03:35:05,681 - 未找到预测 CSV 文件，等待 30 秒后重试...
2025-01-13 03:35:35,696 - 未找到预测 CSV 文件，等待 30 秒后重试...
2025-01-13 03:36:05,710 - 未找到预测 CSV 文件，等待 30 秒后重试...
2025-01-13 03:36:35,713 - 未找到预测 CSV 文件，等待 30 秒后重试...
2025-01-13 03:37:05,720 - 未找到预测 CSV 文件，等待 30 秒后重试...
2025-01-13 03:37:35,722 - 未找到预测 CSV 文件，等待 30 秒后重试...
2025-01-13 03:38:05,737 - 未找到预测 CSV 文件，等待 30 秒后重试...
2025-01-13 03:38:35,741 - 未找到预测 CSV 文件，等待 30 秒后重试...
2025-01-13 03:39:05,744 - 未找到预测 CSV 文件，等待 30 秒后重试...
2025-01-13 03:39:35,752 - 未找到预测 CSV 文件，等待 30 秒后重试...
2025-01-13 03:40:05,761 - 未找到预测 CSV 文件，等待 30 秒后重试...
2025-01-13 03:40:35,774 - 未找到预测 CSV 文件，等待 30 秒后重试...
2025-01-13 03:41:05,781 - 未找到预测 CSV 文件，等待 30 秒后重试...
2025-01-13 03:41:35,785 - 未找到预测 CSV 文件，等待 30 秒后重试...
2025-01-13 03:42:05,796 - 未找到预测 CSV 文件，等待 30 秒后重试...
2025-01-13 03:42:35,798 - 未找到预测 CSV 文件，等待 30 秒后重试...
2025-01-13 03:43:05,802 - 未找到预测 CSV 文件，等待 30 秒后重试...
2025-01-13 03:43:35,815 - 未找到预测 CSV 文件，等待 30 秒后重试...
2025-01-13 03:44:05,823 - 未找到预测 CSV 文件，等待 30 秒后重试...
2025-01-13 03:44:35,838 - 未找到预测 CSV 文件，等待 30 秒后重试...
2025-01-13 03:45:05,848 - 未找到预测 CSV 文件，等待 30 秒后重试...
2025-01-13 03:45:35,859 - 未找到预测 CSV 文件，等待 30 秒后重试...
2025-01-13 03:46:05,872 - 未找到预测 CSV 文件，等待 30 秒后重试...
2025-01-13 03:46:35,880 - 未找到预测 CSV 文件，等待 30 秒后重试...
2025-01-13 03:47:05,889 - 未找到预测 CSV 文件，等待 30 秒后重试...
2025-01-13 03:47:35,899 - 未找到预测 CSV 文件，等待 30 秒后重试...
2025-01-13 03:48:05,912 - 未找到预测 CSV 文件，等待 30 秒后重试...
2025-01-13 03:48:35,915 - 未找到预测 CSV 文件，等待 30 秒后重试...
2025-01-13 03:49:05,916 - 未找到预测 CSV 文件，等待 30 秒后重试...
2025-01-13 03:49:35,923 - 未找到预测 CSV 文件，等待 30 秒后重试...
2025-01-13 03:50:05,934 - 未找到预测 CSV 文件，等待 30 秒后重试...
2025-01-13 03:50:35,940 - 未找到预测 CSV 文件，等待 30 秒后重试...
2025-01-13 03:51:05,944 - 未找到预测 CSV 文件，等待 30 秒后重试...
2025-01-13 03:51:35,954 - 未找到预测 CSV 文件，等待 30 秒后重试...
2025-01-13 03:52:05,966 - 未找到预测 CSV 文件，等待 30 秒后重试...
2025-01-13 03:52:35,978 - 未找到预测 CSV 文件，等待 30 秒后重试...
2025-01-13 03:53:05,982 - 未找到预测 CSV 文件，等待 30 秒后重试...
2025-01-13 03:53:35,997 - 未找到预测 CSV 文件，等待 30 秒后重试...
2025-01-13 03:54:06,012 - 未找到预测 CSV 文件，等待 30 秒后重试...
2025-01-13 03:54:36,022 - 未找到预测 CSV 文件，等待 30 秒后重试...
2025-01-13 03:55:06,035 - 未找到预测 CSV 文件，等待 30 秒后重试...
2025-01-13 03:55:36,042 - 未找到预测 CSV 文件，等待 30 秒后重试...
2025-01-13 03:56:06,050 - 未找到预测 CSV 文件，等待 30 秒后重试...
2025-01-13 03:56:36,059 - 未找到预测 CSV 文件，等待 30 秒后重试...
2025-01-13 03:57:06,066 - 未找到预测 CSV 文件，等待 30 秒后重试...
2025-01-13 03:57:36,081 - 未找到预测 CSV 文件，等待 30 秒后重试...
2025-01-13 03:58:06,083 - 未找到预测 CSV 文件，等待 30 秒后重试...
2025-01-13 03:58:36,089 - 未找到预测 CSV 文件，等待 30 秒后重试...
2025-01-13 03:59:06,100 - 未找到预测 CSV 文件，等待 30 秒后重试...
2025-01-13 03:59:36,104 - 未找到预测 CSV 文件，等待 30 秒后重试...
2025-01-13 04:00:06,117 - 未找到预测 CSV 文件，等待 30 秒后重试...
2025-01-13 04:00:36,131 - 未找到预测 CSV 文件，等待 30 秒后重试...
2025-01-13 04:01:06,140 - 未找到预测 CSV 文件，等待 30 秒后重试...
2025-01-13 04:01:36,142 - 未找到预测 CSV 文件，等待 30 秒后重试...
2025-01-13 04:02:06,150 - 未找到预测 CSV 文件，等待 30 秒后重试...
2025-01-13 04:02:36,157 - 未找到预测 CSV 文件，等待 30 秒后重试...
2025-01-13 04:03:06,159 - 未找到预测 CSV 文件，等待 30 秒后重试...
2025-01-13 04:03:36,169 - 未找到预测 CSV 文件，等待 30 秒后重试...
2025-01-13 04:04:06,183 - 未找到预测 CSV 文件，等待 30 秒后重试...
2025-01-13 04:04:36,185 - 未找到预测 CSV 文件，等待 30 秒后重试...
2025-01-13 04:05:06,189 - 未找到预测 CSV 文件，等待 30 秒后重试...
2025-01-13 04:05:36,192 - 未找到预测 CSV 文件，等待 30 秒后重试...
2025-01-13 04:06:06,198 - 未找到预测 CSV 文件，等待 30 秒后重试...
2025-01-13 04:06:36,206 - 未找到预测 CSV 文件，等待 30 秒后重试...
2025-01-13 04:07:06,220 - 未找到预测 CSV 文件，等待 30 秒后重试...
2025-01-13 04:07:36,232 - 未找到预测 CSV 文件，等待 30 秒后重试...
2025-01-13 04:08:06,240 - 未找到预测 CSV 文件，等待 30 秒后重试...
2025-01-13 04:08:36,248 - 未找到预测 CSV 文件，等待 30 秒后重试...
2025-01-13 04:09:06,259 - 未找到预测 CSV 文件，等待 30 秒后重试...
2025-01-13 04:09:36,267 - 未找到预测 CSV 文件，等待 30 秒后重试...
2025-01-13 04:10:06,274 - 未找到预测 CSV 文件，等待 30 秒后重试...
2025-01-13 04:10:36,285 - 未找到预测 CSV 文件，等待 30 秒后重试...
2025-01-13 04:11:06,296 - 未找到预测 CSV 文件，等待 30 秒后重试...
2025-01-13 04:11:36,299 - 未找到预测 CSV 文件，等待 30 秒后重试...
2025-01-13 04:12:06,310 - 未找到预测 CSV 文件，等待 30 秒后重试...
2025-01-13 04:12:36,326 - 未找到预测 CSV 文件，等待 30 秒后重试...
2025-01-13 04:13:06,326 - 未找到预测 CSV 文件，等待 30 秒后重试...
2025-01-13 04:13:36,334 - 未找到预测 CSV 文件，等待 30 秒后重试...
2025-01-13 04:14:06,343 - 未找到预测 CSV 文件，等待 30 秒后重试...
2025-01-13 04:14:36,353 - 未找到预测 CSV 文件，等待 30 秒后重试...
2025-01-13 04:15:06,363 - 未找到预测 CSV 文件，等待 30 秒后重试...
2025-01-13 04:15:36,366 - 未找到预测 CSV 文件，等待 30 秒后重试...
2025-01-13 04:16:06,377 - 未找到预测 CSV 文件，等待 30 秒后重试...
2025-01-13 04:16:36,383 - 未找到预测 CSV 文件，等待 30 秒后重试...
2025-01-13 04:17:06,386 - 未找到预测 CSV 文件，等待 30 秒后重试...
2025-01-13 04:17:36,401 - 未找到预测 CSV 文件，等待 30 秒后重试...
2025-01-13 04:18:06,407 - 未找到预测 CSV 文件，等待 30 秒后重试...
2025-01-13 04:18:36,411 - 未找到预测 CSV 文件，等待 30 秒后重试...
2025-01-13 04:19:06,421 - 未找到预测 CSV 文件，等待 30 秒后重试...
2025-01-13 04:19:36,427 - 未找到预测 CSV 文件，等待 30 秒后重试...
2025-01-13 04:20:06,433 - 未找到预测 CSV 文件，等待 30 秒后重试...
2025-01-13 04:20:36,439 - 未找到预测 CSV 文件，等待 30 秒后重试...
2025-01-13 04:21:06,444 - 未找到预测 CSV 文件，等待 30 秒后重试...
2025-01-13 04:21:36,446 - 未找到预测 CSV 文件，等待 30 秒后重试...
2025-01-13 04:22:06,456 - 未找到预测 CSV 文件，等待 30 秒后重试...
2025-01-13 04:22:36,467 - 未找到预测 CSV 文件，等待 30 秒后重试...
2025-01-13 04:23:06,471 - 未找到预测 CSV 文件，等待 30 秒后重试...
2025-01-13 04:23:36,483 - 未找到预测 CSV 文件，等待 30 秒后重试...
2025-01-13 04:24:06,496 - 未找到预测 CSV 文件，等待 30 秒后重试...
2025-01-13 04:24:36,505 - 未找到预测 CSV 文件，等待 30 秒后重试...
2025-01-13 04:25:06,516 - 未找到预测 CSV 文件，等待 30 秒后重试...
2025-01-13 04:25:36,519 - 未找到预测 CSV 文件，等待 30 秒后重试...
2025-01-13 04:26:06,522 - 未找到预测 CSV 文件，等待 30 秒后重试...
2025-01-13 04:26:36,527 - 未找到预测 CSV 文件，等待 30 秒后重试...
2025-01-13 04:27:06,542 - 未找到预测 CSV 文件，等待 30 秒后重试...
2025-01-13 04:27:36,550 - 未找到预测 CSV 文件，等待 30 秒后重试...
2025-01-13 04:28:06,566 - 未找到预测 CSV 文件，等待 30 秒后重试...
2025-01-13 04:28:36,580 - 未找到预测 CSV 文件，等待 30 秒后重试...
2025-01-13 04:29:06,591 - 未找到预测 CSV 文件，等待 30 秒后重试...
2025-01-13 04:29:36,598 - 未找到预测 CSV 文件，等待 30 秒后重试...
2025-01-13 04:30:06,609 - 未找到预测 CSV 文件，等待 30 秒后重试...
2025-01-13 04:30:36,614 - 未找到预测 CSV 文件，等待 30 秒后重试...
2025-01-13 04:31:06,626 - 未找到预测 CSV 文件，等待 30 秒后重试...
2025-01-13 04:31:36,629 - 未找到预测 CSV 文件，等待 30 秒后重试...
2025-01-13 04:32:06,640 - 未找到预测 CSV 文件，等待 30 秒后重试...
2025-01-13 04:32:36,650 - 未找到预测 CSV 文件，等待 30 秒后重试...
2025-01-13 04:33:06,664 - 未找到预测 CSV 文件，等待 30 秒后重试...
2025-01-13 04:33:36,665 - 未找到预测 CSV 文件，等待 30 秒后重试...
2025-01-13 04:34:06,676 - 未找到预测 CSV 文件，等待 30 秒后重试...
2025-01-13 04:34:36,685 - 未找到预测 CSV 文件，等待 30 秒后重试...
2025-01-13 04:35:06,691 - 未找到预测 CSV 文件，等待 30 秒后重试...
2025-01-13 04:35:36,701 - 未找到预测 CSV 文件，等待 30 秒后重试...
2025-01-13 04:36:06,705 - 未找到预测 CSV 文件，等待 30 秒后重试...
2025-01-13 04:36:36,714 - 未找到预测 CSV 文件，等待 30 秒后重试...
2025-01-13 04:37:06,728 - 未找到预测 CSV 文件，等待 30 秒后重试...
2025-01-13 04:37:36,738 - 未找到预测 CSV 文件，等待 30 秒后重试...
2025-01-13 04:38:06,753 - 未找到预测 CSV 文件，等待 30 秒后重试...
2025-01-13 04:38:36,767 - 未找到预测 CSV 文件，等待 30 秒后重试...
2025-01-13 04:39:06,782 - 未找到预测 CSV 文件，等待 30 秒后重试...
2025-01-13 04:39:36,797 - 未找到预测 CSV 文件，等待 30 秒后重试...
2025-01-13 04:40:06,798 - 未找到预测 CSV 文件，等待 30 秒后重试...
2025-01-13 04:40:36,807 - 未找到预测 CSV 文件，等待 30 秒后重试...
2025-01-13 04:41:06,821 - 未找到预测 CSV 文件，等待 30 秒后重试...
2025-01-13 04:41:36,824 - 未找到预测 CSV 文件，等待 30 秒后重试...
2025-01-13 04:42:06,833 - 未找到预测 CSV 文件，等待 30 秒后重试...
2025-01-13 04:42:36,840 - 未找到预测 CSV 文件，等待 30 秒后重试...
2025-01-13 04:43:06,842 - 未找到预测 CSV 文件，等待 30 秒后重试...
2025-01-13 04:43:36,858 - 未找到预测 CSV 文件，等待 30 秒后重试...
2025-01-13 04:44:06,863 - 未找到预测 CSV 文件，等待 30 秒后重试...
2025-01-13 04:44:36,867 - 未找到预测 CSV 文件，等待 30 秒后重试...
2025-01-13 04:45:06,873 - 未找到预测 CSV 文件，等待 30 秒后重试...
2025-01-13 04:45:36,888 - 未找到预测 CSV 文件，等待 30 秒后重试...
2025-01-13 04:46:06,902 - 未找到预测 CSV 文件，等待 30 秒后重试...
2025-01-13 04:46:36,917 - 未找到预测 CSV 文件，等待 30 秒后重试...
2025-01-13 04:47:06,924 - 未找到预测 CSV 文件，等待 30 秒后重试...
2025-01-13 04:47:36,938 - 未找到预测 CSV 文件，等待 30 秒后重试...
2025-01-13 04:48:06,939 - 未找到预测 CSV 文件，等待 30 秒后重试...
2025-01-13 04:48:36,954 - 未找到预测 CSV 文件，等待 30 秒后重试...
2025-01-13 04:49:06,968 - 未找到预测 CSV 文件，等待 30 秒后重试...
2025-01-13 04:49:36,982 - 未找到预测 CSV 文件，等待 30 秒后重试...
2025-01-13 04:50:06,994 - 未找到预测 CSV 文件，等待 30 秒后重试...
2025-01-13 04:50:37,001 - 未找到预测 CSV 文件，等待 30 秒后重试...
2025-01-13 04:51:07,006 - 未找到预测 CSV 文件，等待 30 秒后重试...
2025-01-13 04:51:37,011 - 未找到预测 CSV 文件，等待 30 秒后重试...
2025-01-13 04:52:07,022 - 未找到预测 CSV 文件，等待 30 秒后重试...
2025-01-13 04:52:37,024 - 未找到预测 CSV 文件，等待 30 秒后重试...
2025-01-13 04:53:07,036 - 未找到预测 CSV 文件，等待 30 秒后重试...
2025-01-13 04:53:37,039 - 未找到预测 CSV 文件，等待 30 秒后重试...
2025-01-13 04:54:07,044 - 未找到预测 CSV 文件，等待 30 秒后重试...
2025-01-13 04:54:37,055 - 未找到预测 CSV 文件，等待 30 秒后重试...
2025-01-13 04:55:07,070 - 未找到预测 CSV 文件，等待 30 秒后重试...
2025-01-13 04:55:37,081 - 未找到预测 CSV 文件，等待 30 秒后重试...
2025-01-13 04:56:07,094 - 未找到预测 CSV 文件，等待 30 秒后重试...
2025-01-13 04:56:37,102 - 未找到预测 CSV 文件，等待 30 秒后重试...
2025-01-13 04:57:07,110 - 未找到预测 CSV 文件，等待 30 秒后重试...
2025-01-13 04:57:37,114 - 未找到预测 CSV 文件，等待 30 秒后重试...
2025-01-13 04:58:07,127 - 未找到预测 CSV 文件，等待 30 秒后重试...
2025-01-13 04:58:37,130 - 未找到预测 CSV 文件，等待 30 秒后重试...
2025-01-13 04:59:07,139 - 未找到预测 CSV 文件，等待 30 秒后重试...
2025-01-13 04:59:37,154 - 未找到预测 CSV 文件，等待 30 秒后重试...
2025-01-13 05:00:07,169 - 未找到预测 CSV 文件，等待 30 秒后重试...
2025-01-13 05:00:37,177 - 未找到预测 CSV 文件，等待 30 秒后重试...
2025-01-13 05:01:07,190 - 未找到预测 CSV 文件，等待 30 秒后重试...
2025-01-13 05:01:37,202 - 未找到预测 CSV 文件，等待 30 秒后重试...
2025-01-13 05:02:07,206 - 未找到预测 CSV 文件，等待 30 秒后重试...
2025-01-13 05:02:37,208 - 未找到预测 CSV 文件，等待 30 秒后重试...
2025-01-13 05:03:07,220 - 未找到预测 CSV 文件，等待 30 秒后重试...
2025-01-13 05:03:37,227 - 未找到预测 CSV 文件，等待 30 秒后重试...
2025-01-13 05:04:07,229 - 未找到预测 CSV 文件，等待 30 秒后重试...
2025-01-13 05:04:37,243 - 未找到预测 CSV 文件，等待 30 秒后重试...
2025-01-13 05:05:07,249 - 未找到预测 CSV 文件，等待 30 秒后重试...
2025-01-13 05:05:37,251 - 未找到预测 CSV 文件，等待 30 秒后重试...
2025-01-13 05:06:07,258 - 未找到预测 CSV 文件，等待 30 秒后重试...
2025-01-13 05:06:37,259 - 未找到预测 CSV 文件，等待 30 秒后重试...
2025-01-13 05:07:07,268 - 未找到预测 CSV 文件，等待 30 秒后重试...
2025-01-13 05:07:37,277 - 未找到预测 CSV 文件，等待 30 秒后重试...
2025-01-13 05:08:07,289 - 未找到预测 CSV 文件，等待 30 秒后重试...
2025-01-13 05:08:37,291 - 未找到预测 CSV 文件，等待 30 秒后重试...
2025-01-13 05:09:07,306 - 未找到预测 CSV 文件，等待 30 秒后重试...
2025-01-13 05:09:37,309 - 未找到预测 CSV 文件，等待 30 秒后重试...
2025-01-13 05:10:07,314 - 未找到预测 CSV 文件，等待 30 秒后重试...
2025-01-13 05:10:37,322 - 未找到预测 CSV 文件，等待 30 秒后重试...
2025-01-13 05:11:07,328 - 未找到预测 CSV 文件，等待 30 秒后重试...
2025-01-13 05:11:37,343 - 未找到预测 CSV 文件，等待 30 秒后重试...
2025-01-13 05:12:07,350 - 未找到预测 CSV 文件，等待 30 秒后重试...
2025-01-13 05:12:37,352 - 未找到预测 CSV 文件，等待 30 秒后重试...
2025-01-13 05:13:07,363 - 未找到预测 CSV 文件，等待 30 秒后重试...
2025-01-13 05:13:37,372 - 未找到预测 CSV 文件，等待 30 秒后重试...
2025-01-13 05:14:07,383 - 未找到预测 CSV 文件，等待 30 秒后重试...
2025-01-13 05:14:37,387 - 未找到预测 CSV 文件，等待 30 秒后重试...
2025-01-13 05:15:07,402 - 未找到预测 CSV 文件，等待 30 秒后重试...
2025-01-13 05:15:37,413 - 未找到预测 CSV 文件，等待 30 秒后重试...
2025-01-13 05:16:07,427 - 未找到预测 CSV 文件，等待 30 秒后重试...
2025-01-13 05:16:37,433 - 未找到预测 CSV 文件，等待 30 秒后重试...
2025-01-13 05:17:07,434 - 未找到预测 CSV 文件，等待 30 秒后重试...
2025-01-13 05:17:37,439 - 未找到预测 CSV 文件，等待 30 秒后重试...
2025-01-13 05:18:07,452 - 未找到预测 CSV 文件，等待 30 秒后重试...
2025-01-13 05:18:37,458 - 未找到预测 CSV 文件，等待 30 秒后重试...
2025-01-13 05:19:07,471 - 未找到预测 CSV 文件，等待 30 秒后重试...
2025-01-13 05:19:37,479 - 未找到预测 CSV 文件，等待 30 秒后重试...
2025-01-13 05:20:07,481 - 未找到预测 CSV 文件，等待 30 秒后重试...
2025-01-13 05:20:37,486 - 未找到预测 CSV 文件，等待 30 秒后重试...
2025-01-13 05:21:07,494 - 未找到预测 CSV 文件，等待 30 秒后重试...
2025-01-13 05:21:37,503 - 未找到预测 CSV 文件，等待 30 秒后重试...
2025-01-13 05:22:07,504 - 未找到预测 CSV 文件，等待 30 秒后重试...
2025-01-13 05:22:37,510 - 未找到预测 CSV 文件，等待 30 秒后重试...
2025-01-13 05:23:07,518 - 未找到预测 CSV 文件，等待 30 秒后重试...
2025-01-13 05:23:37,526 - 未找到预测 CSV 文件，等待 30 秒后重试...
2025-01-13 05:24:07,537 - 未找到预测 CSV 文件，等待 30 秒后重试...
2025-01-13 05:24:37,549 - 未找到预测 CSV 文件，等待 30 秒后重试...
2025-01-13 05:25:07,563 - 未找到预测 CSV 文件，等待 30 秒后重试...
2025-01-13 05:25:37,579 - 未找到预测 CSV 文件，等待 30 秒后重试...
2025-01-13 05:26:07,586 - 未找到预测 CSV 文件，等待 30 秒后重试...
2025-01-13 05:26:37,598 - 未找到预测 CSV 文件，等待 30 秒后重试...
2025-01-13 05:27:07,611 - 未找到预测 CSV 文件，等待 30 秒后重试...
2025-01-13 05:27:37,612 - 未找到预测 CSV 文件，等待 30 秒后重试...
2025-01-13 05:28:07,625 - 未找到预测 CSV 文件，等待 30 秒后重试...
2025-01-13 05:28:37,639 - 未找到预测 CSV 文件，等待 30 秒后重试...
2025-01-13 05:29:07,652 - 未找到预测 CSV 文件，等待 30 秒后重试...
2025-01-13 05:29:37,655 - 未找到预测 CSV 文件，等待 30 秒后重试...
2025-01-13 05:30:07,662 - 未找到预测 CSV 文件，等待 30 秒后重试...
2025-01-13 05:30:37,665 - 未找到预测 CSV 文件，等待 30 秒后重试...
2025-01-13 05:31:07,674 - 未找到预测 CSV 文件，等待 30 秒后重试...
2025-01-13 05:31:37,676 - 未找到预测 CSV 文件，等待 30 秒后重试...
2025-01-13 05:32:07,677 - 未找到预测 CSV 文件，等待 30 秒后重试...
2025-01-13 05:32:37,687 - 未找到预测 CSV 文件，等待 30 秒后重试...
2025-01-13 05:33:07,702 - 未找到预测 CSV 文件，等待 30 秒后重试...
2025-01-13 05:33:37,717 - 未找到预测 CSV 文件，等待 30 秒后重试...
2025-01-13 05:34:07,730 - 未找到预测 CSV 文件，等待 30 秒后重试...
2025-01-13 05:34:37,740 - 未找到预测 CSV 文件，等待 30 秒后重试...
2025-01-13 05:35:07,742 - 未找到预测 CSV 文件，等待 30 秒后重试...
2025-01-13 05:35:37,751 - 未找到预测 CSV 文件，等待 30 秒后重试...
2025-01-13 05:36:07,753 - 未找到预测 CSV 文件，等待 30 秒后重试...
2025-01-13 05:36:37,755 - 未找到预测 CSV 文件，等待 30 秒后重试...
2025-01-13 05:37:07,768 - 未找到预测 CSV 文件，等待 30 秒后重试...
2025-01-13 05:37:37,783 - 未找到预测 CSV 文件，等待 30 秒后重试...
2025-01-13 05:38:07,798 - 未找到预测 CSV 文件，等待 30 秒后重试...
2025-01-13 05:38:37,810 - 未找到预测 CSV 文件，等待 30 秒后重试...
2025-01-13 05:39:07,820 - 未找到预测 CSV 文件，等待 30 秒后重试...
2025-01-13 05:39:37,834 - 未找到预测 CSV 文件，等待 30 秒后重试...
2025-01-13 05:40:07,850 - 未找到预测 CSV 文件，等待 30 秒后重试...
2025-01-13 05:40:37,861 - 未找到预测 CSV 文件，等待 30 秒后重试...
2025-01-13 05:41:07,869 - 未找到预测 CSV 文件，等待 30 秒后重试...
2025-01-13 05:41:37,879 - 未找到预测 CSV 文件，等待 30 秒后重试...
2025-01-13 05:42:07,889 - 未找到预测 CSV 文件，等待 30 秒后重试...
2025-01-13 05:42:37,896 - 未找到预测 CSV 文件，等待 30 秒后重试...
2025-01-13 05:43:07,907 - 未找到预测 CSV 文件，等待 30 秒后重试...
2025-01-13 05:43:37,908 - 未找到预测 CSV 文件，等待 30 秒后重试...
2025-01-13 05:44:07,915 - 未找到预测 CSV 文件，等待 30 秒后重试...
2025-01-13 05:44:37,918 - 未找到预测 CSV 文件，等待 30 秒后重试...
2025-01-13 05:45:07,923 - 未找到预测 CSV 文件，等待 30 秒后重试...
2025-01-13 05:45:37,924 - 未找到预测 CSV 文件，等待 30 秒后重试...
2025-01-13 05:46:07,942 - 未找到预测 CSV 文件，等待 30 秒后重试...
2025-01-13 05:46:37,949 - 未找到预测 CSV 文件，等待 30 秒后重试...
2025-01-13 05:47:07,963 - 未找到预测 CSV 文件，等待 30 秒后重试...
2025-01-13 05:47:37,974 - 未找到预测 CSV 文件，等待 30 秒后重试...
2025-01-13 05:48:07,976 - 未找到预测 CSV 文件，等待 30 秒后重试...
2025-01-13 05:48:37,991 - 未找到预测 CSV 文件，等待 30 秒后重试...
2025-01-13 05:49:07,992 - 未找到预测 CSV 文件，等待 30 秒后重试...
2025-01-13 05:49:38,009 - 未找到预测 CSV 文件，等待 30 秒后重试...
2025-01-13 05:50:08,020 - 未找到预测 CSV 文件，等待 30 秒后重试...
2025-01-13 05:50:38,025 - 未找到预测 CSV 文件，等待 30 秒后重试...
2025-01-13 05:51:08,029 - 未找到预测 CSV 文件，等待 30 秒后重试...
2025-01-13 05:51:38,038 - 未找到预测 CSV 文件，等待 30 秒后重试...
2025-01-13 05:52:08,044 - 未找到预测 CSV 文件，等待 30 秒后重试...
2025-01-13 05:52:38,045 - 未找到预测 CSV 文件，等待 30 秒后重试...
2025-01-13 05:53:08,054 - 未找到预测 CSV 文件，等待 30 秒后重试...
2025-01-13 05:53:38,071 - 未找到预测 CSV 文件，等待 30 秒后重试...
2025-01-13 05:54:08,074 - 未找到预测 CSV 文件，等待 30 秒后重试...
2025-01-13 05:54:38,078 - 未找到预测 CSV 文件，等待 30 秒后重试...
2025-01-13 05:55:08,093 - 未找到预测 CSV 文件，等待 30 秒后重试...
2025-01-13 05:55:38,099 - 未找到预测 CSV 文件，等待 30 秒后重试...
2025-01-13 05:56:08,100 - 未找到预测 CSV 文件，等待 30 秒后重试...
2025-01-13 05:56:38,116 - 未找到预测 CSV 文件，等待 30 秒后重试...
2025-01-13 05:57:08,123 - 未找到预测 CSV 文件，等待 30 秒后重试...
2025-01-13 05:57:38,136 - 未找到预测 CSV 文件，等待 30 秒后重试...
2025-01-13 05:58:08,148 - 未找到预测 CSV 文件，等待 30 秒后重试...
2025-01-13 05:58:38,150 - 未找到预测 CSV 文件，等待 30 秒后重试...
2025-01-13 05:59:08,156 - 未找到预测 CSV 文件，等待 30 秒后重试...
2025-01-13 05:59:38,164 - 未找到预测 CSV 文件，等待 30 秒后重试...
2025-01-13 06:00:08,169 - 未找到预测 CSV 文件，等待 30 秒后重试...
2025-01-13 06:00:38,173 - 未找到预测 CSV 文件，等待 30 秒后重试...
2025-01-13 06:01:08,180 - 未找到预测 CSV 文件，等待 30 秒后重试...
2025-01-13 06:01:38,185 - 未找到预测 CSV 文件，等待 30 秒后重试...
2025-01-13 06:02:08,200 - 未找到预测 CSV 文件，等待 30 秒后重试...
2025-01-13 06:02:38,213 - 未找到预测 CSV 文件，等待 30 秒后重试...
2025-01-13 06:03:08,227 - 未找到预测 CSV 文件，等待 30 秒后重试...
2025-01-13 06:03:38,228 - 未找到预测 CSV 文件，等待 30 秒后重试...
2025-01-13 06:04:08,231 - 未找到预测 CSV 文件，等待 30 秒后重试...
2025-01-13 06:04:38,247 - 未找到预测 CSV 文件，等待 30 秒后重试...
2025-01-13 06:05:08,252 - 未找到预测 CSV 文件，等待 30 秒后重试...
2025-01-13 06:05:38,256 - 未找到预测 CSV 文件，等待 30 秒后重试...
2025-01-13 06:06:08,263 - 未找到预测 CSV 文件，等待 30 秒后重试...
2025-01-13 06:06:38,271 - 未找到预测 CSV 文件，等待 30 秒后重试...
2025-01-13 06:07:08,280 - 未找到预测 CSV 文件，等待 30 秒后重试...
2025-01-13 06:07:38,289 - 未找到预测 CSV 文件，等待 30 秒后重试...
2025-01-13 06:08:08,292 - 未找到预测 CSV 文件，等待 30 秒后重试...
2025-01-13 06:08:38,305 - 未找到预测 CSV 文件，等待 30 秒后重试...
2025-01-13 06:09:08,313 - 未找到预测 CSV 文件，等待 30 秒后重试...
2025-01-13 06:09:38,325 - 未找到预测 CSV 文件，等待 30 秒后重试...
2025-01-13 06:10:08,331 - 未找到预测 CSV 文件，等待 30 秒后重试...
2025-01-13 06:10:38,345 - 未找到预测 CSV 文件，等待 30 秒后重试...
2025-01-13 06:11:08,358 - 未找到预测 CSV 文件，等待 30 秒后重试...
2025-01-13 06:11:38,362 - 未找到预测 CSV 文件，等待 30 秒后重试...
2025-01-13 06:12:08,366 - 未找到预测 CSV 文件，等待 30 秒后重试...
2025-01-13 06:12:38,375 - 未找到预测 CSV 文件，等待 30 秒后重试...
2025-01-13 06:13:08,390 - 未找到预测 CSV 文件，等待 30 秒后重试...
2025-01-13 06:13:38,395 - 未找到预测 CSV 文件，等待 30 秒后重试...
2025-01-13 06:14:08,408 - 未找到预测 CSV 文件，等待 30 秒后重试...
2025-01-13 06:14:38,420 - 未找到预测 CSV 文件，等待 30 秒后重试...
2025-01-13 06:15:08,425 - 未找到预测 CSV 文件，等待 30 秒后重试...
2025-01-13 06:15:38,438 - 未找到预测 CSV 文件，等待 30 秒后重试...
2025-01-13 06:16:08,440 - 未找到预测 CSV 文件，等待 30 秒后重试...
2025-01-13 06:16:38,450 - 未找到预测 CSV 文件，等待 30 秒后重试...
2025-01-13 06:17:08,461 - 未找到预测 CSV 文件，等待 30 秒后重试...
2025-01-13 06:17:38,471 - 未找到预测 CSV 文件，等待 30 秒后重试...
2025-01-13 06:18:08,478 - 未找到预测 CSV 文件，等待 30 秒后重试...
2025-01-13 06:18:38,489 - 未找到预测 CSV 文件，等待 30 秒后重试...
2025-01-13 06:19:08,502 - 未找到预测 CSV 文件，等待 30 秒后重试...
2025-01-13 06:19:38,514 - 未找到预测 CSV 文件，等待 30 秒后重试...
2025-01-13 06:20:08,521 - 未找到预测 CSV 文件，等待 30 秒后重试...
2025-01-13 06:20:38,533 - 未找到预测 CSV 文件，等待 30 秒后重试...
2025-01-13 06:21:08,539 - 未找到预测 CSV 文件，等待 30 秒后重试...
2025-01-13 06:21:38,551 - 未找到预测 CSV 文件，等待 30 秒后重试...
2025-01-13 06:22:08,555 - 未找到预测 CSV 文件，等待 30 秒后重试...
2025-01-13 06:22:38,561 - 未找到预测 CSV 文件，等待 30 秒后重试...
2025-01-13 06:23:08,576 - 未找到预测 CSV 文件，等待 30 秒后重试...
2025-01-13 06:23:38,581 - 未找到预测 CSV 文件，等待 30 秒后重试...
2025-01-13 06:24:08,585 - 未找到预测 CSV 文件，等待 30 秒后重试...
2025-01-13 06:24:38,596 - 未找到预测 CSV 文件，等待 30 秒后重试...
2025-01-13 06:25:08,597 - 未找到预测 CSV 文件，等待 30 秒后重试...
2025-01-13 06:25:38,613 - 未找到预测 CSV 文件，等待 30 秒后重试...
2025-01-13 06:26:08,619 - 未找到预测 CSV 文件，等待 30 秒后重试...
2025-01-13 06:26:38,631 - 未找到预测 CSV 文件，等待 30 秒后重试...
2025-01-13 06:27:08,643 - 未找到预测 CSV 文件，等待 30 秒后重试...
2025-01-13 06:27:38,657 - 未找到预测 CSV 文件，等待 30 秒后重试...
2025-01-13 06:28:08,663 - 未找到预测 CSV 文件，等待 30 秒后重试...
2025-01-13 06:28:38,668 - 未找到预测 CSV 文件，等待 30 秒后重试...
2025-01-13 06:29:08,673 - 未找到预测 CSV 文件，等待 30 秒后重试...
2025-01-13 06:29:38,686 - 未找到预测 CSV 文件，等待 30 秒后重试...
2025-01-13 06:30:08,695 - 未找到预测 CSV 文件，等待 30 秒后重试...
2025-01-13 06:30:38,698 - 未找到预测 CSV 文件，等待 30 秒后重试...
2025-01-13 06:31:08,700 - 未找到预测 CSV 文件，等待 30 秒后重试...
2025-01-13 06:31:38,706 - 未找到预测 CSV 文件，等待 30 秒后重试...
2025-01-13 06:32:08,720 - 未找到预测 CSV 文件，等待 30 秒后重试...
2025-01-13 06:32:38,730 - 未找到预测 CSV 文件，等待 30 秒后重试...
2025-01-13 06:33:08,743 - 未找到预测 CSV 文件，等待 30 秒后重试...
2025-01-13 06:33:38,748 - 未找到预测 CSV 文件，等待 30 秒后重试...
2025-01-13 06:34:08,757 - 未找到预测 CSV 文件，等待 30 秒后重试...
2025-01-13 06:34:38,766 - 未找到预测 CSV 文件，等待 30 秒后重试...
2025-01-13 06:35:08,775 - 未找到预测 CSV 文件，等待 30 秒后重试...
2025-01-13 06:35:38,780 - 未找到预测 CSV 文件，等待 30 秒后重试...
2025-01-13 06:36:08,788 - 未找到预测 CSV 文件，等待 30 秒后重试...
2025-01-13 06:36:38,791 - 未找到预测 CSV 文件，等待 30 秒后重试...
2025-01-13 06:37:08,799 - 未找到预测 CSV 文件，等待 30 秒后重试...
2025-01-13 06:37:38,814 - 未找到预测 CSV 文件，等待 30 秒后重试...
2025-01-13 06:38:08,820 - 未找到预测 CSV 文件，等待 30 秒后重试...
2025-01-13 06:38:38,827 - 未找到预测 CSV 文件，等待 30 秒后重试...
2025-01-13 06:39:08,836 - 未找到预测 CSV 文件，等待 30 秒后重试...
2025-01-13 06:39:38,838 - 未找到预测 CSV 文件，等待 30 秒后重试...
2025-01-13 06:40:08,839 - 未找到预测 CSV 文件，等待 30 秒后重试...
2025-01-13 06:40:38,849 - 未找到预测 CSV 文件，等待 30 秒后重试...
2025-01-13 06:41:08,851 - 未找到预测 CSV 文件，等待 30 秒后重试...
2025-01-13 06:41:38,861 - 未找到预测 CSV 文件，等待 30 秒后重试...
2025-01-13 06:42:08,864 - 未找到预测 CSV 文件，等待 30 秒后重试...
2025-01-13 06:42:38,869 - 未找到预测 CSV 文件，等待 30 秒后重试...
2025-01-13 06:43:08,884 - 未找到预测 CSV 文件，等待 30 秒后重试...
2025-01-13 06:43:38,898 - 未找到预测 CSV 文件，等待 30 秒后重试...
2025-01-13 06:44:08,900 - 未找到预测 CSV 文件，等待 30 秒后重试...
2025-01-13 06:44:38,911 - 未找到预测 CSV 文件，等待 30 秒后重试...
2025-01-13 06:45:08,927 - 未找到预测 CSV 文件，等待 30 秒后重试...
2025-01-13 06:45:38,932 - 未找到预测 CSV 文件，等待 30 秒后重试...
2025-01-13 06:46:08,937 - 未找到预测 CSV 文件，等待 30 秒后重试...
2025-01-13 06:46:38,949 - 未找到预测 CSV 文件，等待 30 秒后重试...
2025-01-13 06:47:08,956 - 未找到预测 CSV 文件，等待 30 秒后重试...
2025-01-13 06:47:38,966 - 未找到预测 CSV 文件，等待 30 秒后重试...
2025-01-13 06:48:08,980 - 未找到预测 CSV 文件，等待 30 秒后重试...
2025-01-13 06:48:38,984 - 未找到预测 CSV 文件，等待 30 秒后重试...
2025-01-13 06:49:08,989 - 未找到预测 CSV 文件，等待 30 秒后重试...
2025-01-13 06:49:39,006 - 未找到预测 CSV 文件，等待 30 秒后重试...
2025-01-13 06:50:09,007 - 未找到预测 CSV 文件，等待 30 秒后重试...
2025-01-13 06:50:39,023 - 未找到预测 CSV 文件，等待 30 秒后重试...
2025-01-13 06:51:09,030 - 未找到预测 CSV 文件，等待 30 秒后重试...
2025-01-13 06:51:39,043 - 未找到预测 CSV 文件，等待 30 秒后重试...
2025-01-13 06:52:09,055 - 未找到预测 CSV 文件，等待 30 秒后重试...
2025-01-13 06:52:39,071 - 未找到预测 CSV 文件，等待 30 秒后重试...
2025-01-13 06:53:09,083 - 未找到预测 CSV 文件，等待 30 秒后重试...
2025-01-13 06:53:39,094 - 未找到预测 CSV 文件，等待 30 秒后重试...
2025-01-13 06:54:09,107 - 未找到预测 CSV 文件，等待 30 秒后重试...
2025-01-13 06:54:39,115 - 未找到预测 CSV 文件，等待 30 秒后重试...
2025-01-13 06:55:09,119 - 未找到预测 CSV 文件，等待 30 秒后重试...
2025-01-13 06:55:39,129 - 未找到预测 CSV 文件，等待 30 秒后重试...
2025-01-13 06:56:09,143 - 未找到预测 CSV 文件，等待 30 秒后重试...
2025-01-13 06:56:39,147 - 未找到预测 CSV 文件，等待 30 秒后重试...
2025-01-13 06:57:09,157 - 未找到预测 CSV 文件，等待 30 秒后重试...
2025-01-13 06:57:39,161 - 未找到预测 CSV 文件，等待 30 秒后重试...
2025-01-13 06:58:09,175 - 未找到预测 CSV 文件，等待 30 秒后重试...
2025-01-13 06:58:39,181 - 未找到预测 CSV 文件，等待 30 秒后重试...
2025-01-13 06:59:09,193 - 未找到预测 CSV 文件，等待 30 秒后重试...
2025-01-13 06:59:39,196 - 未找到预测 CSV 文件，等待 30 秒后重试...
2025-01-13 07:00:09,204 - 未找到预测 CSV 文件，等待 30 秒后重试...
2025-01-13 07:00:39,219 - 未找到预测 CSV 文件，等待 30 秒后重试...
2025-01-13 07:01:09,223 - 未找到预测 CSV 文件，等待 30 秒后重试...
2025-01-13 07:01:39,240 - 未找到预测 CSV 文件，等待 30 秒后重试...
2025-01-13 07:02:09,250 - 未找到预测 CSV 文件，等待 30 秒后重试...
2025-01-13 07:02:39,253 - 未找到预测 CSV 文件，等待 30 秒后重试...
2025-01-13 07:03:09,266 - 未找到预测 CSV 文件，等待 30 秒后重试...
2025-01-13 07:03:39,273 - 未找到预测 CSV 文件，等待 30 秒后重试...
2025-01-13 07:04:09,289 - 未找到预测 CSV 文件，等待 30 秒后重试...
2025-01-13 07:04:39,295 - 未找到预测 CSV 文件，等待 30 秒后重试...
2025-01-13 07:05:09,301 - 未找到预测 CSV 文件，等待 30 秒后重试...
2025-01-13 07:05:39,314 - 未找到预测 CSV 文件，等待 30 秒后重试...
2025-01-13 07:06:09,315 - 未找到预测 CSV 文件，等待 30 秒后重试...
2025-01-13 07:06:39,325 - 未找到预测 CSV 文件，等待 30 秒后重试...
2025-01-13 07:07:09,329 - 未找到预测 CSV 文件，等待 30 秒后重试...
2025-01-13 07:07:39,343 - 未找到预测 CSV 文件，等待 30 秒后重试...
2025-01-13 07:08:09,349 - 未找到预测 CSV 文件，等待 30 秒后重试...
2025-01-13 07:08:39,354 - 未找到预测 CSV 文件，等待 30 秒后重试...
2025-01-13 07:09:09,359 - 未找到预测 CSV 文件，等待 30 秒后重试...
2025-01-13 07:09:39,366 - 未找到预测 CSV 文件，等待 30 秒后重试...
2025-01-13 07:10:09,377 - 未找到预测 CSV 文件，等待 30 秒后重试...
2025-01-13 07:10:39,388 - 未找到预测 CSV 文件，等待 30 秒后重试...
2025-01-13 07:11:09,390 - 未找到预测 CSV 文件，等待 30 秒后重试...
2025-01-13 07:11:39,407 - 未找到预测 CSV 文件，等待 30 秒后重试...
2025-01-13 07:12:09,414 - 未找到预测 CSV 文件，等待 30 秒后重试...
2025-01-13 07:12:39,421 - 未找到预测 CSV 文件，等待 30 秒后重试...
2025-01-13 07:13:09,428 - 未找到预测 CSV 文件，等待 30 秒后重试...
2025-01-13 07:13:39,440 - 未找到预测 CSV 文件，等待 30 秒后重试...
2025-01-13 07:14:09,449 - 未找到预测 CSV 文件，等待 30 秒后重试...
2025-01-13 07:14:39,451 - 未找到预测 CSV 文件，等待 30 秒后重试...
2025-01-13 07:15:09,466 - 未找到预测 CSV 文件，等待 30 秒后重试...
2025-01-13 07:15:39,469 - 未找到预测 CSV 文件，等待 30 秒后重试...
2025-01-13 07:16:09,486 - 未找到预测 CSV 文件，等待 30 秒后重试...
2025-01-13 07:16:39,502 - 未找到预测 CSV 文件，等待 30 秒后重试...
2025-01-13 07:17:09,517 - 未找到预测 CSV 文件，等待 30 秒后重试...
2025-01-13 07:17:39,528 - 未找到预测 CSV 文件，等待 30 秒后重试...
2025-01-13 07:18:09,534 - 未找到预测 CSV 文件，等待 30 秒后重试...
2025-01-13 07:18:39,539 - 未找到预测 CSV 文件，等待 30 秒后重试...
2025-01-13 07:19:09,548 - 未找到预测 CSV 文件，等待 30 秒后重试...
2025-01-13 07:19:39,562 - 未找到预测 CSV 文件，等待 30 秒后重试...
2025-01-13 07:20:09,573 - 未找到预测 CSV 文件，等待 30 秒后重试...
2025-01-13 07:20:39,588 - 未找到预测 CSV 文件，等待 30 秒后重试...
2025-01-13 07:21:09,595 - 未找到预测 CSV 文件，等待 30 秒后重试...
2025-01-13 07:21:39,606 - 未找到预测 CSV 文件，等待 30 秒后重试...
2025-01-13 07:22:09,618 - 未找到预测 CSV 文件，等待 30 秒后重试...
2025-01-13 07:22:39,629 - 未找到预测 CSV 文件，等待 30 秒后重试...
2025-01-13 07:23:09,636 - 未找到预测 CSV 文件，等待 30 秒后重试...
2025-01-13 07:23:39,637 - 未找到预测 CSV 文件，等待 30 秒后重试...
2025-01-13 07:24:09,639 - 未找到预测 CSV 文件，等待 30 秒后重试...
2025-01-13 07:24:39,650 - 未找到预测 CSV 文件，等待 30 秒后重试...
2025-01-13 07:25:09,666 - 未找到预测 CSV 文件，等待 30 秒后重试...
2025-01-13 07:25:39,670 - 未找到预测 CSV 文件，等待 30 秒后重试...
2025-01-13 07:26:09,685 - 未找到预测 CSV 文件，等待 30 秒后重试...
2025-01-13 07:26:39,695 - 未找到预测 CSV 文件，等待 30 秒后重试...
2025-01-13 07:27:09,702 - 未找到预测 CSV 文件，等待 30 秒后重试...
2025-01-13 07:27:39,716 - 未找到预测 CSV 文件，等待 30 秒后重试...
2025-01-13 07:28:09,721 - 未找到预测 CSV 文件，等待 30 秒后重试...
2025-01-13 07:28:39,725 - 未找到预测 CSV 文件，等待 30 秒后重试...
2025-01-13 07:29:09,732 - 未找到预测 CSV 文件，等待 30 秒后重试...
2025-01-13 07:29:39,739 - 未找到预测 CSV 文件，等待 30 秒后重试...
2025-01-13 07:30:09,751 - 未找到预测 CSV 文件，等待 30 秒后重试...
2025-01-13 07:30:39,766 - 未找到预测 CSV 文件，等待 30 秒后重试...
2025-01-13 07:31:09,774 - 未找到预测 CSV 文件，等待 30 秒后重试...
2025-01-13 07:31:39,782 - 未找到预测 CSV 文件，等待 30 秒后重试...
2025-01-13 07:32:09,787 - 未找到预测 CSV 文件，等待 30 秒后重试...
2025-01-13 07:32:39,802 - 未找到预测 CSV 文件，等待 30 秒后重试...
2025-01-13 07:33:09,812 - 未找到预测 CSV 文件，等待 30 秒后重试...
2025-01-13 07:33:39,828 - 未找到预测 CSV 文件，等待 30 秒后重试...
2025-01-13 07:34:09,844 - 未找到预测 CSV 文件，等待 30 秒后重试...
2025-01-13 07:34:39,844 - 未找到预测 CSV 文件，等待 30 秒后重试...
2025-01-13 07:35:09,849 - 未找到预测 CSV 文件，等待 30 秒后重试...
2025-01-13 07:35:39,861 - 未找到预测 CSV 文件，等待 30 秒后重试...
2025-01-13 07:36:09,872 - 未找到预测 CSV 文件，等待 30 秒后重试...
2025-01-13 07:36:39,874 - 未找到预测 CSV 文件，等待 30 秒后重试...
2025-01-13 07:37:09,879 - 未找到预测 CSV 文件，等待 30 秒后重试...
2025-01-13 07:37:39,892 - 未找到预测 CSV 文件，等待 30 秒后重试...
2025-01-13 07:38:09,897 - 未找到预测 CSV 文件，等待 30 秒后重试...
2025-01-13 07:38:39,901 - 未找到预测 CSV 文件，等待 30 秒后重试...
2025-01-13 07:39:09,904 - 未找到预测 CSV 文件，等待 30 秒后重试...
2025-01-13 07:39:39,908 - 未找到预测 CSV 文件，等待 30 秒后重试...
2025-01-13 07:40:09,914 - 未找到预测 CSV 文件，等待 30 秒后重试...
2025-01-13 07:40:39,922 - 未找到预测 CSV 文件，等待 30 秒后重试...
2025-01-13 07:41:09,930 - 未找到预测 CSV 文件，等待 30 秒后重试...
2025-01-13 07:41:39,945 - 未找到预测 CSV 文件，等待 30 秒后重试...
2025-01-13 07:42:09,954 - 未找到预测 CSV 文件，等待 30 秒后重试...
2025-01-13 07:42:39,959 - 未找到预测 CSV 文件，等待 30 秒后重试...
2025-01-13 07:43:09,964 - 未找到预测 CSV 文件，等待 30 秒后重试...
2025-01-13 07:43:39,969 - 未找到预测 CSV 文件，等待 30 秒后重试...
2025-01-13 07:44:09,972 - 未找到预测 CSV 文件，等待 30 秒后重试...
2025-01-13 07:44:39,987 - 未找到预测 CSV 文件，等待 30 秒后重试...
2025-01-13 07:45:09,994 - 未找到预测 CSV 文件，等待 30 秒后重试...
2025-01-13 07:45:40,004 - 未找到预测 CSV 文件，等待 30 秒后重试...
2025-01-13 07:46:10,008 - 未找到预测 CSV 文件，等待 30 秒后重试...
2025-01-13 07:46:40,017 - 未找到预测 CSV 文件，等待 30 秒后重试...
2025-01-13 07:47:10,026 - 未找到预测 CSV 文件，等待 30 秒后重试...
2025-01-13 07:47:40,040 - 未找到预测 CSV 文件，等待 30 秒后重试...
2025-01-13 07:48:10,042 - 未找到预测 CSV 文件，等待 30 秒后重试...
2025-01-13 07:48:40,055 - 未找到预测 CSV 文件，等待 30 秒后重试...
2025-01-13 07:49:10,065 - 未找到预测 CSV 文件，等待 30 秒后重试...
2025-01-13 07:49:40,078 - 未找到预测 CSV 文件，等待 30 秒后重试...
2025-01-13 07:50:10,091 - 未找到预测 CSV 文件，等待 30 秒后重试...
2025-01-13 07:50:40,092 - 未找到预测 CSV 文件，等待 30 秒后重试...
2025-01-13 07:51:10,097 - 未找到预测 CSV 文件，等待 30 秒后重试...
2025-01-13 07:51:40,101 - 未找到预测 CSV 文件，等待 30 秒后重试...
2025-01-13 07:52:10,116 - 未找到预测 CSV 文件，等待 30 秒后重试...
2025-01-13 07:52:40,118 - 未找到预测 CSV 文件，等待 30 秒后重试...
2025-01-13 07:53:10,119 - 未找到预测 CSV 文件，等待 30 秒后重试...
2025-01-13 07:53:40,120 - 未找到预测 CSV 文件，等待 30 秒后重试...
2025-01-13 07:54:10,130 - 未找到预测 CSV 文件，等待 30 秒后重试...
2025-01-13 07:54:40,133 - 未找到预测 CSV 文件，等待 30 秒后重试...
2025-01-13 07:55:10,135 - 未找到预测 CSV 文件，等待 30 秒后重试...
2025-01-13 07:55:40,145 - 未找到预测 CSV 文件，等待 30 秒后重试...
2025-01-13 07:56:10,153 - 未找到预测 CSV 文件，等待 30 秒后重试...
2025-01-13 07:56:40,167 - 未找到预测 CSV 文件，等待 30 秒后重试...
2025-01-13 07:57:10,171 - 未找到预测 CSV 文件，等待 30 秒后重试...
2025-01-13 07:57:40,175 - 未找到预测 CSV 文件，等待 30 秒后重试...
2025-01-13 07:58:10,181 - 未找到预测 CSV 文件，等待 30 秒后重试...
2025-01-13 07:58:40,196 - 未找到预测 CSV 文件，等待 30 秒后重试...
2025-01-13 07:59:10,205 - 未找到预测 CSV 文件，等待 30 秒后重试...
2025-01-13 07:59:40,212 - 未找到预测 CSV 文件，等待 30 秒后重试...
2025-01-13 08:00:10,216 - 未找到预测 CSV 文件，等待 30 秒后重试...
2025-01-13 08:00:40,233 - 未找到预测 CSV 文件，等待 30 秒后重试...
2025-01-13 08:01:10,249 - 未找到预测 CSV 文件，等待 30 秒后重试...
2025-01-13 08:01:40,250 - 未找到预测 CSV 文件，等待 30 秒后重试...
2025-01-13 08:02:10,261 - 未找到预测 CSV 文件，等待 30 秒后重试...
2025-01-13 08:02:40,276 - 未找到预测 CSV 文件，等待 30 秒后重试...
2025-01-13 08:03:10,290 - 未找到预测 CSV 文件，等待 30 秒后重试...
2025-01-13 08:03:40,292 - 未找到预测 CSV 文件，等待 30 秒后重试...
2025-01-13 08:04:10,302 - 未找到预测 CSV 文件，等待 30 秒后重试...
2025-01-13 08:04:40,304 - 未找到预测 CSV 文件，等待 30 秒后重试...
2025-01-13 08:05:10,310 - 未找到预测 CSV 文件，等待 30 秒后重试...
2025-01-13 08:05:40,315 - 未找到预测 CSV 文件，等待 30 秒后重试...
2025-01-13 08:06:10,323 - 未找到预测 CSV 文件，等待 30 秒后重试...
2025-01-13 08:06:40,337 - 未找到预测 CSV 文件，等待 30 秒后重试...
2025-01-13 08:07:10,349 - 未找到预测 CSV 文件，等待 30 秒后重试...
2025-01-13 08:07:40,358 - 未找到预测 CSV 文件，等待 30 秒后重试...
2025-01-13 08:08:10,373 - 未找到预测 CSV 文件，等待 30 秒后重试...
2025-01-13 08:08:40,382 - 未找到预测 CSV 文件，等待 30 秒后重试...
2025-01-13 08:09:10,383 - 未找到预测 CSV 文件，等待 30 秒后重试...
2025-01-13 08:09:40,388 - 未找到预测 CSV 文件，等待 30 秒后重试...
2025-01-13 08:10:10,399 - 未找到预测 CSV 文件，等待 30 秒后重试...
2025-01-13 08:10:40,415 - 未找到预测 CSV 文件，等待 30 秒后重试...
2025-01-13 08:11:10,430 - 未找到预测 CSV 文件，等待 30 秒后重试...
2025-01-13 08:11:40,443 - 未找到预测 CSV 文件，等待 30 秒后重试...
2025-01-13 08:12:10,455 - 未找到预测 CSV 文件，等待 30 秒后重试...
2025-01-13 08:12:40,458 - 未找到预测 CSV 文件，等待 30 秒后重试...
2025-01-13 08:13:10,463 - 未找到预测 CSV 文件，等待 30 秒后重试...
2025-01-13 08:13:40,466 - 未找到预测 CSV 文件，等待 30 秒后重试...
2025-01-13 08:14:10,473 - 未找到预测 CSV 文件，等待 30 秒后重试...
2025-01-13 08:14:40,487 - 未找到预测 CSV 文件，等待 30 秒后重试...
2025-01-13 08:15:10,500 - 未找到预测 CSV 文件，等待 30 秒后重试...
2025-01-13 08:15:40,507 - 未找到预测 CSV 文件，等待 30 秒后重试...
2025-01-13 08:16:10,516 - 未找到预测 CSV 文件，等待 30 秒后重试...
2025-01-13 08:16:40,521 - 未找到预测 CSV 文件，等待 30 秒后重试...
2025-01-13 08:17:10,529 - 未找到预测 CSV 文件，等待 30 秒后重试...
2025-01-13 08:17:40,532 - 未找到预测 CSV 文件，等待 30 秒后重试...
2025-01-13 08:18:10,539 - 未找到预测 CSV 文件，等待 30 秒后重试...
2025-01-13 08:18:40,550 - 未找到预测 CSV 文件，等待 30 秒后重试...
2025-01-13 08:19:10,556 - 未找到预测 CSV 文件，等待 30 秒后重试...
2025-01-13 08:19:40,562 - 未找到预测 CSV 文件，等待 30 秒后重试...
2025-01-13 08:20:10,564 - 未找到预测 CSV 文件，等待 30 秒后重试...
2025-01-13 08:20:40,576 - 未找到预测 CSV 文件，等待 30 秒后重试...
2025-01-13 08:21:10,580 - 未找到预测 CSV 文件，等待 30 秒后重试...
2025-01-13 08:21:40,585 - 未找到预测 CSV 文件，等待 30 秒后重试...
2025-01-13 08:22:10,592 - 未找到预测 CSV 文件，等待 30 秒后重试...
2025-01-13 08:22:40,595 - 未找到预测 CSV 文件，等待 30 秒后重试...
2025-01-13 08:23:10,609 - 未找到预测 CSV 文件，等待 30 秒后重试...
2025-01-13 08:23:40,619 - 未找到预测 CSV 文件，等待 30 秒后重试...
2025-01-13 08:24:10,626 - 未找到预测 CSV 文件，等待 30 秒后重试...
2025-01-13 08:24:40,636 - 未找到预测 CSV 文件，等待 30 秒后重试...
2025-01-13 08:25:10,642 - 未找到预测 CSV 文件，等待 30 秒后重试...
2025-01-13 08:25:40,658 - 未找到预测 CSV 文件，等待 30 秒后重试...
2025-01-13 08:26:10,671 - 未找到预测 CSV 文件，等待 30 秒后重试...
2025-01-13 08:26:40,681 - 未找到预测 CSV 文件，等待 30 秒后重试...
2025-01-13 08:27:10,692 - 未找到预测 CSV 文件，等待 30 秒后重试...
2025-01-13 08:27:40,699 - 未找到预测 CSV 文件，等待 30 秒后重试...
2025-01-13 08:28:10,702 - 未找到预测 CSV 文件，等待 30 秒后重试...
2025-01-13 08:28:40,705 - 未找到预测 CSV 文件，等待 30 秒后重试...
2025-01-13 08:29:10,718 - 未找到预测 CSV 文件，等待 30 秒后重试...
2025-01-13 08:29:40,727 - 未找到预测 CSV 文件，等待 30 秒后重试...
2025-01-13 08:30:10,737 - 未找到预测 CSV 文件，等待 30 秒后重试...
2025-01-13 08:30:40,754 - 未找到预测 CSV 文件，等待 30 秒后重试...
2025-01-13 08:31:10,766 - 发现新的预测文件：D:\my-vue-project\wind-power-forecast\backend\auto_scripts\precsv\middlecsv\20250113.csv，执行预测...
2025-01-13 08:31:10,898 - 今天的训练和预测任务已完成。
