2025-01-18 01:00:20,785 - 今天的日期是: 20250118
2025-01-18 01:00:20,786 - 开始监视 D:\my-vue-project\wind-power-forecast\backend\auto_scripts\dataset\dataset_middle 文件夹以进行训练...
2025-01-18 01:00:20,786 - 开始监视 D:\my-vue-project\wind-power-forecast\backend\auto_scripts\precsv\middlecsv 文件夹以进行预测...
2025-01-18 01:00:20,786 - 发现新的训练文件：D:\my-vue-project\wind-power-forecast\backend\auto_scripts\dataset\dataset_middle\20250118.csv，执行训练...
2025-01-18 01:00:20,786 - 输出结果将保存到: D:\my-vue-project\wind-power-forecast\backend\auto_scripts\train_predictions\middle_predictions
2025-01-18 01:00:20,786 - 未有可用模型，等待模型训练完成...
2025-01-18 01:00:21,958 - 数据加载与预处理完成
2025-01-18 01:00:22,306 - 数据标准化完成
2025-01-18 01:00:23,033 - 创建时间窗口完成
2025-01-18 01:00:23,033 - 获取模型参数完成
2025-01-18 01:00:50,807 - 未有可用模型，等待模型训练完成...
2025-01-18 01:01:20,810 - 未有可用模型，等待模型训练完成...
2025-01-18 01:01:50,819 - 未有可用模型，等待模型训练完成...
2025-01-18 01:02:20,826 - 未有可用模型，等待模型训练完成...
2025-01-18 01:02:50,838 - 未有可用模型，等待模型训练完成...
2025-01-18 01:03:20,848 - 未有可用模型，等待模型训练完成...
2025-01-18 01:03:50,856 - 未有可用模型，等待模型训练完成...
2025-01-18 01:04:20,856 - 未有可用模型，等待模型训练完成...
2025-01-18 01:04:50,868 - 未有可用模型，等待模型训练完成...
2025-01-18 01:05:20,871 - 未有可用模型，等待模型训练完成...
2025-01-18 01:05:48,030 - 训练与评估完成
2025-01-18 01:05:48,051 - 保存预测结果完成
2025-01-18 01:05:48,261 - 可视化结果完成
2025-01-18 01:05:48,362 - 模型已成功保存到 D:\my-vue-project\wind-power-forecast\backend\auto_scripts\models\middlemodel\20250118，模型可用。
2025-01-18 01:05:50,879 - 未找到预测 CSV 文件，等待 30 秒后重试...
2025-01-18 01:06:20,884 - 未找到预测 CSV 文件，等待 30 秒后重试...
2025-01-18 01:06:50,900 - 未找到预测 CSV 文件，等待 30 秒后重试...
2025-01-18 01:07:20,917 - 未找到预测 CSV 文件，等待 30 秒后重试...
2025-01-18 01:07:50,932 - 未找到预测 CSV 文件，等待 30 秒后重试...
2025-01-18 01:08:20,938 - 未找到预测 CSV 文件，等待 30 秒后重试...
2025-01-18 01:08:50,950 - 未找到预测 CSV 文件，等待 30 秒后重试...
2025-01-18 01:09:20,954 - 未找到预测 CSV 文件，等待 30 秒后重试...
2025-01-18 01:09:50,955 - 未找到预测 CSV 文件，等待 30 秒后重试...
2025-01-18 01:10:20,970 - 未找到预测 CSV 文件，等待 30 秒后重试...
2025-01-18 01:10:50,984 - 未找到预测 CSV 文件，等待 30 秒后重试...
2025-01-18 01:11:20,997 - 未找到预测 CSV 文件，等待 30 秒后重试...
2025-01-18 01:11:50,999 - 未找到预测 CSV 文件，等待 30 秒后重试...
2025-01-18 01:12:21,011 - 未找到预测 CSV 文件，等待 30 秒后重试...
2025-01-18 01:12:51,015 - 未找到预测 CSV 文件，等待 30 秒后重试...
2025-01-18 01:13:21,016 - 未找到预测 CSV 文件，等待 30 秒后重试...
2025-01-18 01:13:51,033 - 未找到预测 CSV 文件，等待 30 秒后重试...
2025-01-18 01:14:21,036 - 未找到预测 CSV 文件，等待 30 秒后重试...
2025-01-18 01:14:51,052 - 未找到预测 CSV 文件，等待 30 秒后重试...
2025-01-18 01:15:21,057 - 未找到预测 CSV 文件，等待 30 秒后重试...
2025-01-18 01:15:51,065 - 未找到预测 CSV 文件，等待 30 秒后重试...
2025-01-18 01:16:21,073 - 未找到预测 CSV 文件，等待 30 秒后重试...
2025-01-18 01:16:51,089 - 未找到预测 CSV 文件，等待 30 秒后重试...
2025-01-18 01:17:21,101 - 未找到预测 CSV 文件，等待 30 秒后重试...
2025-01-18 01:17:51,105 - 未找到预测 CSV 文件，等待 30 秒后重试...
2025-01-18 01:18:21,119 - 未找到预测 CSV 文件，等待 30 秒后重试...
2025-01-18 01:18:51,125 - 未找到预测 CSV 文件，等待 30 秒后重试...
2025-01-18 01:19:22,510 - 未找到预测 CSV 文件，等待 30 秒后重试...
2025-01-18 01:19:52,519 - 未找到预测 CSV 文件，等待 30 秒后重试...
2025-01-18 01:20:22,530 - 未找到预测 CSV 文件，等待 30 秒后重试...
2025-01-18 01:20:52,537 - 未找到预测 CSV 文件，等待 30 秒后重试...
2025-01-18 01:21:22,541 - 未找到预测 CSV 文件，等待 30 秒后重试...
2025-01-18 01:21:52,559 - 未找到预测 CSV 文件，等待 30 秒后重试...
2025-01-18 01:22:22,570 - 未找到预测 CSV 文件，等待 30 秒后重试...
2025-01-18 01:22:52,574 - 未找到预测 CSV 文件，等待 30 秒后重试...
2025-01-18 01:23:22,580 - 未找到预测 CSV 文件，等待 30 秒后重试...
2025-01-18 01:23:52,588 - 未找到预测 CSV 文件，等待 30 秒后重试...
2025-01-18 01:24:22,603 - 未找到预测 CSV 文件，等待 30 秒后重试...
2025-01-18 01:24:52,617 - 未找到预测 CSV 文件，等待 30 秒后重试...
2025-01-18 01:25:22,628 - 未找到预测 CSV 文件，等待 30 秒后重试...
2025-01-18 01:25:52,645 - 未找到预测 CSV 文件，等待 30 秒后重试...
2025-01-18 01:26:22,660 - 未找到预测 CSV 文件，等待 30 秒后重试...
2025-01-18 01:26:52,676 - 未找到预测 CSV 文件，等待 30 秒后重试...
2025-01-18 01:27:22,680 - 未找到预测 CSV 文件，等待 30 秒后重试...
2025-01-18 01:27:52,690 - 未找到预测 CSV 文件，等待 30 秒后重试...
2025-01-18 01:28:22,693 - 未找到预测 CSV 文件，等待 30 秒后重试...
2025-01-18 01:28:52,699 - 未找到预测 CSV 文件，等待 30 秒后重试...
2025-01-18 01:29:22,713 - 未找到预测 CSV 文件，等待 30 秒后重试...
2025-01-18 01:29:52,727 - 未找到预测 CSV 文件，等待 30 秒后重试...
2025-01-18 01:30:22,730 - 未找到预测 CSV 文件，等待 30 秒后重试...
2025-01-18 01:30:52,736 - 未找到预测 CSV 文件，等待 30 秒后重试...
2025-01-18 01:31:22,748 - 未找到预测 CSV 文件，等待 30 秒后重试...
2025-01-18 01:31:52,761 - 未找到预测 CSV 文件，等待 30 秒后重试...
2025-01-18 01:32:22,775 - 未找到预测 CSV 文件，等待 30 秒后重试...
2025-01-18 01:32:52,790 - 未找到预测 CSV 文件，等待 30 秒后重试...
2025-01-18 01:33:22,805 - 未找到预测 CSV 文件，等待 30 秒后重试...
2025-01-18 01:33:52,816 - 未找到预测 CSV 文件，等待 30 秒后重试...
2025-01-18 01:34:22,829 - 未找到预测 CSV 文件，等待 30 秒后重试...
2025-01-18 01:34:52,839 - 未找到预测 CSV 文件，等待 30 秒后重试...
2025-01-18 01:35:22,842 - 未找到预测 CSV 文件，等待 30 秒后重试...
2025-01-18 01:35:52,847 - 未找到预测 CSV 文件，等待 30 秒后重试...
2025-01-18 01:36:22,854 - 未找到预测 CSV 文件，等待 30 秒后重试...
2025-01-18 01:36:52,860 - 未找到预测 CSV 文件，等待 30 秒后重试...
2025-01-18 01:37:22,869 - 未找到预测 CSV 文件，等待 30 秒后重试...
2025-01-18 01:37:52,886 - 未找到预测 CSV 文件，等待 30 秒后重试...
2025-01-18 01:38:22,897 - 未找到预测 CSV 文件，等待 30 秒后重试...
2025-01-18 01:38:52,902 - 未找到预测 CSV 文件，等待 30 秒后重试...
2025-01-18 01:39:22,913 - 未找到预测 CSV 文件，等待 30 秒后重试...
2025-01-18 01:39:52,917 - 未找到预测 CSV 文件，等待 30 秒后重试...
2025-01-18 01:40:22,930 - 未找到预测 CSV 文件，等待 30 秒后重试...
2025-01-18 01:40:52,941 - 未找到预测 CSV 文件，等待 30 秒后重试...
2025-01-18 01:41:22,945 - 未找到预测 CSV 文件，等待 30 秒后重试...
2025-01-18 01:41:52,950 - 未找到预测 CSV 文件，等待 30 秒后重试...
2025-01-18 01:42:22,967 - 未找到预测 CSV 文件，等待 30 秒后重试...
2025-01-18 01:42:52,972 - 未找到预测 CSV 文件，等待 30 秒后重试...
2025-01-18 01:43:22,981 - 未找到预测 CSV 文件，等待 30 秒后重试...
2025-01-18 01:43:52,985 - 未找到预测 CSV 文件，等待 30 秒后重试...
2025-01-18 01:44:22,988 - 未找到预测 CSV 文件，等待 30 秒后重试...
2025-01-18 01:44:52,991 - 未找到预测 CSV 文件，等待 30 秒后重试...
2025-01-18 01:45:23,000 - 未找到预测 CSV 文件，等待 30 秒后重试...
2025-01-18 01:45:53,013 - 未找到预测 CSV 文件，等待 30 秒后重试...
2025-01-18 01:46:23,023 - 未找到预测 CSV 文件，等待 30 秒后重试...
2025-01-18 01:46:53,035 - 未找到预测 CSV 文件，等待 30 秒后重试...
2025-01-18 01:47:23,046 - 未找到预测 CSV 文件，等待 30 秒后重试...
2025-01-18 01:47:53,061 - 未找到预测 CSV 文件，等待 30 秒后重试...
2025-01-18 01:48:23,076 - 未找到预测 CSV 文件，等待 30 秒后重试...
2025-01-18 01:48:53,080 - 未找到预测 CSV 文件，等待 30 秒后重试...
2025-01-18 01:49:23,089 - 未找到预测 CSV 文件，等待 30 秒后重试...
2025-01-18 01:49:53,090 - 未找到预测 CSV 文件，等待 30 秒后重试...
2025-01-18 01:50:23,100 - 未找到预测 CSV 文件，等待 30 秒后重试...
2025-01-18 01:50:53,109 - 未找到预测 CSV 文件，等待 30 秒后重试...
2025-01-18 01:51:23,117 - 未找到预测 CSV 文件，等待 30 秒后重试...
2025-01-18 01:51:53,132 - 未找到预测 CSV 文件，等待 30 秒后重试...
2025-01-18 01:52:23,143 - 未找到预测 CSV 文件，等待 30 秒后重试...
2025-01-18 01:52:53,146 - 未找到预测 CSV 文件，等待 30 秒后重试...
2025-01-18 01:53:23,161 - 未找到预测 CSV 文件，等待 30 秒后重试...
2025-01-18 01:53:53,164 - 未找到预测 CSV 文件，等待 30 秒后重试...
2025-01-18 01:54:23,172 - 未找到预测 CSV 文件，等待 30 秒后重试...
2025-01-18 01:54:53,187 - 未找到预测 CSV 文件，等待 30 秒后重试...
2025-01-18 01:55:23,194 - 未找到预测 CSV 文件，等待 30 秒后重试...
2025-01-18 01:55:53,203 - 未找到预测 CSV 文件，等待 30 秒后重试...
2025-01-18 01:56:23,211 - 未找到预测 CSV 文件，等待 30 秒后重试...
2025-01-18 01:56:53,222 - 未找到预测 CSV 文件，等待 30 秒后重试...
2025-01-18 01:57:23,234 - 未找到预测 CSV 文件，等待 30 秒后重试...
2025-01-18 01:57:53,244 - 未找到预测 CSV 文件，等待 30 秒后重试...
2025-01-18 01:58:23,249 - 未找到预测 CSV 文件，等待 30 秒后重试...
2025-01-18 01:58:53,261 - 未找到预测 CSV 文件，等待 30 秒后重试...
2025-01-18 01:59:23,264 - 未找到预测 CSV 文件，等待 30 秒后重试...
2025-01-18 01:59:53,278 - 未找到预测 CSV 文件，等待 30 秒后重试...
2025-01-18 02:00:23,279 - 未找到预测 CSV 文件，等待 30 秒后重试...
2025-01-18 02:00:53,285 - 未找到预测 CSV 文件，等待 30 秒后重试...
2025-01-18 02:01:23,296 - 未找到预测 CSV 文件，等待 30 秒后重试...
2025-01-18 02:01:53,299 - 未找到预测 CSV 文件，等待 30 秒后重试...
2025-01-18 02:02:23,315 - 未找到预测 CSV 文件，等待 30 秒后重试...
2025-01-18 02:02:53,330 - 未找到预测 CSV 文件，等待 30 秒后重试...
2025-01-18 02:03:23,342 - 未找到预测 CSV 文件，等待 30 秒后重试...
2025-01-18 02:03:53,356 - 未找到预测 CSV 文件，等待 30 秒后重试...
2025-01-18 02:04:23,374 - 未找到预测 CSV 文件，等待 30 秒后重试...
2025-01-18 02:04:53,379 - 未找到预测 CSV 文件，等待 30 秒后重试...
2025-01-18 02:05:23,391 - 未找到预测 CSV 文件，等待 30 秒后重试...
2025-01-18 02:05:53,399 - 未找到预测 CSV 文件，等待 30 秒后重试...
2025-01-18 02:06:23,415 - 未找到预测 CSV 文件，等待 30 秒后重试...
2025-01-18 02:06:53,417 - 未找到预测 CSV 文件，等待 30 秒后重试...
2025-01-18 02:07:23,419 - 未找到预测 CSV 文件，等待 30 秒后重试...
2025-01-18 02:07:53,430 - 未找到预测 CSV 文件，等待 30 秒后重试...
2025-01-18 02:08:23,437 - 未找到预测 CSV 文件，等待 30 秒后重试...
2025-01-18 02:08:53,441 - 未找到预测 CSV 文件，等待 30 秒后重试...
2025-01-18 02:09:23,445 - 未找到预测 CSV 文件，等待 30 秒后重试...
2025-01-18 02:09:53,450 - 未找到预测 CSV 文件，等待 30 秒后重试...
2025-01-18 02:10:23,462 - 未找到预测 CSV 文件，等待 30 秒后重试...
2025-01-18 02:10:53,473 - 未找到预测 CSV 文件，等待 30 秒后重试...
2025-01-18 02:11:23,484 - 未找到预测 CSV 文件，等待 30 秒后重试...
2025-01-18 02:11:53,491 - 未找到预测 CSV 文件，等待 30 秒后重试...
2025-01-18 02:12:23,500 - 未找到预测 CSV 文件，等待 30 秒后重试...
2025-01-18 02:12:53,512 - 未找到预测 CSV 文件，等待 30 秒后重试...
2025-01-18 02:13:23,525 - 未找到预测 CSV 文件，等待 30 秒后重试...
2025-01-18 02:13:53,537 - 未找到预测 CSV 文件，等待 30 秒后重试...
2025-01-18 02:14:23,540 - 未找到预测 CSV 文件，等待 30 秒后重试...
2025-01-18 02:14:53,542 - 未找到预测 CSV 文件，等待 30 秒后重试...
2025-01-18 02:15:23,557 - 未找到预测 CSV 文件，等待 30 秒后重试...
2025-01-18 02:15:53,557 - 未找到预测 CSV 文件，等待 30 秒后重试...
2025-01-18 02:16:23,570 - 未找到预测 CSV 文件，等待 30 秒后重试...
2025-01-18 02:16:53,577 - 未找到预测 CSV 文件，等待 30 秒后重试...
2025-01-18 02:17:23,583 - 未找到预测 CSV 文件，等待 30 秒后重试...
2025-01-18 02:17:53,593 - 未找到预测 CSV 文件，等待 30 秒后重试...
2025-01-18 02:18:23,602 - 未找到预测 CSV 文件，等待 30 秒后重试...
2025-01-18 02:18:53,604 - 未找到预测 CSV 文件，等待 30 秒后重试...
2025-01-18 02:19:23,618 - 未找到预测 CSV 文件，等待 30 秒后重试...
2025-01-18 02:19:53,620 - 未找到预测 CSV 文件，等待 30 秒后重试...
2025-01-18 02:20:23,626 - 未找到预测 CSV 文件，等待 30 秒后重试...
2025-01-18 02:20:53,637 - 未找到预测 CSV 文件，等待 30 秒后重试...
2025-01-18 02:21:23,647 - 未找到预测 CSV 文件，等待 30 秒后重试...
2025-01-18 02:21:53,658 - 未找到预测 CSV 文件，等待 30 秒后重试...
2025-01-18 02:22:23,673 - 未找到预测 CSV 文件，等待 30 秒后重试...
2025-01-18 02:22:53,675 - 未找到预测 CSV 文件，等待 30 秒后重试...
2025-01-18 02:23:23,678 - 未找到预测 CSV 文件，等待 30 秒后重试...
2025-01-18 02:23:53,688 - 未找到预测 CSV 文件，等待 30 秒后重试...
2025-01-18 02:24:23,692 - 未找到预测 CSV 文件，等待 30 秒后重试...
2025-01-18 02:24:53,708 - 未找到预测 CSV 文件，等待 30 秒后重试...
2025-01-18 02:25:23,719 - 未找到预测 CSV 文件，等待 30 秒后重试...
2025-01-18 02:25:53,728 - 未找到预测 CSV 文件，等待 30 秒后重试...
2025-01-18 02:26:23,731 - 未找到预测 CSV 文件，等待 30 秒后重试...
2025-01-18 02:26:53,740 - 未找到预测 CSV 文件，等待 30 秒后重试...
2025-01-18 02:27:23,757 - 未找到预测 CSV 文件，等待 30 秒后重试...
2025-01-18 02:27:53,775 - 未找到预测 CSV 文件，等待 30 秒后重试...
2025-01-18 02:28:23,785 - 未找到预测 CSV 文件，等待 30 秒后重试...
2025-01-18 02:28:53,797 - 未找到预测 CSV 文件，等待 30 秒后重试...
2025-01-18 02:29:23,813 - 未找到预测 CSV 文件，等待 30 秒后重试...
2025-01-18 02:29:53,823 - 未找到预测 CSV 文件，等待 30 秒后重试...
2025-01-18 02:30:23,833 - 未找到预测 CSV 文件，等待 30 秒后重试...
2025-01-18 02:30:53,837 - 未找到预测 CSV 文件，等待 30 秒后重试...
2025-01-18 02:31:23,850 - 未找到预测 CSV 文件，等待 30 秒后重试...
2025-01-18 02:31:53,857 - 未找到预测 CSV 文件，等待 30 秒后重试...
2025-01-18 02:32:23,871 - 未找到预测 CSV 文件，等待 30 秒后重试...
2025-01-18 02:32:53,879 - 未找到预测 CSV 文件，等待 30 秒后重试...
2025-01-18 02:33:23,895 - 未找到预测 CSV 文件，等待 30 秒后重试...
2025-01-18 02:33:53,901 - 未找到预测 CSV 文件，等待 30 秒后重试...
2025-01-18 02:34:23,905 - 未找到预测 CSV 文件，等待 30 秒后重试...
2025-01-18 02:34:53,915 - 未找到预测 CSV 文件，等待 30 秒后重试...
2025-01-18 02:35:23,930 - 未找到预测 CSV 文件，等待 30 秒后重试...
2025-01-18 02:35:53,947 - 未找到预测 CSV 文件，等待 30 秒后重试...
2025-01-18 02:36:23,949 - 未找到预测 CSV 文件，等待 30 秒后重试...
2025-01-18 02:36:53,959 - 未找到预测 CSV 文件，等待 30 秒后重试...
2025-01-18 02:37:23,972 - 未找到预测 CSV 文件，等待 30 秒后重试...
2025-01-18 02:37:53,976 - 未找到预测 CSV 文件，等待 30 秒后重试...
2025-01-18 02:38:23,987 - 未找到预测 CSV 文件，等待 30 秒后重试...
2025-01-18 02:38:53,990 - 未找到预测 CSV 文件，等待 30 秒后重试...
2025-01-18 02:39:24,003 - 未找到预测 CSV 文件，等待 30 秒后重试...
2025-01-18 02:39:54,007 - 未找到预测 CSV 文件，等待 30 秒后重试...
2025-01-18 02:40:24,019 - 未找到预测 CSV 文件，等待 30 秒后重试...
2025-01-18 02:40:54,023 - 未找到预测 CSV 文件，等待 30 秒后重试...
2025-01-18 02:41:24,035 - 未找到预测 CSV 文件，等待 30 秒后重试...
2025-01-18 02:41:54,051 - 未找到预测 CSV 文件，等待 30 秒后重试...
2025-01-18 02:42:24,064 - 未找到预测 CSV 文件，等待 30 秒后重试...
2025-01-18 02:42:54,072 - 未找到预测 CSV 文件，等待 30 秒后重试...
2025-01-18 02:43:24,075 - 未找到预测 CSV 文件，等待 30 秒后重试...
2025-01-18 02:43:54,083 - 未找到预测 CSV 文件，等待 30 秒后重试...
2025-01-18 02:44:24,085 - 未找到预测 CSV 文件，等待 30 秒后重试...
2025-01-18 02:44:54,095 - 未找到预测 CSV 文件，等待 30 秒后重试...
2025-01-18 02:45:24,097 - 未找到预测 CSV 文件，等待 30 秒后重试...
2025-01-18 02:45:54,112 - 未找到预测 CSV 文件，等待 30 秒后重试...
2025-01-18 02:46:24,126 - 未找到预测 CSV 文件，等待 30 秒后重试...
2025-01-18 02:46:54,137 - 未找到预测 CSV 文件，等待 30 秒后重试...
2025-01-18 02:47:24,147 - 未找到预测 CSV 文件，等待 30 秒后重试...
2025-01-18 02:47:54,150 - 未找到预测 CSV 文件，等待 30 秒后重试...
2025-01-18 02:48:24,164 - 未找到预测 CSV 文件，等待 30 秒后重试...
2025-01-18 02:48:54,167 - 未找到预测 CSV 文件，等待 30 秒后重试...
2025-01-18 02:49:24,181 - 未找到预测 CSV 文件，等待 30 秒后重试...
2025-01-18 02:49:54,182 - 未找到预测 CSV 文件，等待 30 秒后重试...
2025-01-18 02:50:24,191 - 未找到预测 CSV 文件，等待 30 秒后重试...
2025-01-18 02:50:54,202 - 未找到预测 CSV 文件，等待 30 秒后重试...
2025-01-18 02:51:24,210 - 未找到预测 CSV 文件，等待 30 秒后重试...
2025-01-18 02:51:54,217 - 未找到预测 CSV 文件，等待 30 秒后重试...
2025-01-18 02:52:24,220 - 未找到预测 CSV 文件，等待 30 秒后重试...
2025-01-18 02:52:54,225 - 未找到预测 CSV 文件，等待 30 秒后重试...
2025-01-18 02:53:24,235 - 未找到预测 CSV 文件，等待 30 秒后重试...
2025-01-18 02:53:54,240 - 未找到预测 CSV 文件，等待 30 秒后重试...
2025-01-18 02:54:24,250 - 未找到预测 CSV 文件，等待 30 秒后重试...
2025-01-18 02:54:54,265 - 未找到预测 CSV 文件，等待 30 秒后重试...
2025-01-18 02:55:24,269 - 未找到预测 CSV 文件，等待 30 秒后重试...
2025-01-18 02:55:54,285 - 未找到预测 CSV 文件，等待 30 秒后重试...
2025-01-18 02:56:24,301 - 未找到预测 CSV 文件，等待 30 秒后重试...
2025-01-18 02:56:54,313 - 未找到预测 CSV 文件，等待 30 秒后重试...
2025-01-18 02:57:24,321 - 未找到预测 CSV 文件，等待 30 秒后重试...
2025-01-18 02:57:54,337 - 未找到预测 CSV 文件，等待 30 秒后重试...
2025-01-18 02:58:24,352 - 未找到预测 CSV 文件，等待 30 秒后重试...
2025-01-18 02:58:54,354 - 未找到预测 CSV 文件，等待 30 秒后重试...
2025-01-18 02:59:24,360 - 未找到预测 CSV 文件，等待 30 秒后重试...
2025-01-18 02:59:54,369 - 未找到预测 CSV 文件，等待 30 秒后重试...
2025-01-18 03:00:24,373 - 未找到预测 CSV 文件，等待 30 秒后重试...
2025-01-18 03:00:54,384 - 未找到预测 CSV 文件，等待 30 秒后重试...
2025-01-18 03:01:24,389 - 未找到预测 CSV 文件，等待 30 秒后重试...
2025-01-18 03:01:54,405 - 未找到预测 CSV 文件，等待 30 秒后重试...
2025-01-18 03:02:24,416 - 未找到预测 CSV 文件，等待 30 秒后重试...
2025-01-18 03:02:54,432 - 未找到预测 CSV 文件，等待 30 秒后重试...
2025-01-18 03:03:24,445 - 未找到预测 CSV 文件，等待 30 秒后重试...
2025-01-18 03:03:54,453 - 未找到预测 CSV 文件，等待 30 秒后重试...
2025-01-18 03:04:24,465 - 未找到预测 CSV 文件，等待 30 秒后重试...
2025-01-18 03:04:54,467 - 未找到预测 CSV 文件，等待 30 秒后重试...
2025-01-18 03:05:24,482 - 未找到预测 CSV 文件，等待 30 秒后重试...
2025-01-18 03:05:54,494 - 未找到预测 CSV 文件，等待 30 秒后重试...
2025-01-18 03:06:24,500 - 未找到预测 CSV 文件，等待 30 秒后重试...
2025-01-18 03:06:54,512 - 未找到预测 CSV 文件，等待 30 秒后重试...
2025-01-18 03:07:24,522 - 未找到预测 CSV 文件，等待 30 秒后重试...
2025-01-18 03:07:54,536 - 未找到预测 CSV 文件，等待 30 秒后重试...
2025-01-18 03:08:24,542 - 未找到预测 CSV 文件，等待 30 秒后重试...
2025-01-18 03:08:54,548 - 未找到预测 CSV 文件，等待 30 秒后重试...
2025-01-18 03:09:24,562 - 未找到预测 CSV 文件，等待 30 秒后重试...
2025-01-18 03:09:54,569 - 未找到预测 CSV 文件，等待 30 秒后重试...
2025-01-18 03:10:24,575 - 未找到预测 CSV 文件，等待 30 秒后重试...
2025-01-18 03:10:54,590 - 未找到预测 CSV 文件，等待 30 秒后重试...
2025-01-18 03:11:24,596 - 未找到预测 CSV 文件，等待 30 秒后重试...
2025-01-18 03:11:54,605 - 未找到预测 CSV 文件，等待 30 秒后重试...
2025-01-18 03:12:24,611 - 未找到预测 CSV 文件，等待 30 秒后重试...
2025-01-18 03:12:54,614 - 未找到预测 CSV 文件，等待 30 秒后重试...
2025-01-18 03:13:24,625 - 未找到预测 CSV 文件，等待 30 秒后重试...
2025-01-18 03:13:54,625 - 未找到预测 CSV 文件，等待 30 秒后重试...
2025-01-18 03:14:24,634 - 未找到预测 CSV 文件，等待 30 秒后重试...
2025-01-18 03:14:54,645 - 未找到预测 CSV 文件，等待 30 秒后重试...
2025-01-18 03:15:24,648 - 未找到预测 CSV 文件，等待 30 秒后重试...
2025-01-18 03:15:54,658 - 未找到预测 CSV 文件，等待 30 秒后重试...
2025-01-18 03:16:24,675 - 未找到预测 CSV 文件，等待 30 秒后重试...
2025-01-18 03:16:54,676 - 未找到预测 CSV 文件，等待 30 秒后重试...
2025-01-18 03:17:24,693 - 未找到预测 CSV 文件，等待 30 秒后重试...
2025-01-18 03:17:54,706 - 未找到预测 CSV 文件，等待 30 秒后重试...
2025-01-18 03:18:24,716 - 未找到预测 CSV 文件，等待 30 秒后重试...
2025-01-18 03:18:54,733 - 未找到预测 CSV 文件，等待 30 秒后重试...
2025-01-18 03:19:24,738 - 未找到预测 CSV 文件，等待 30 秒后重试...
2025-01-18 03:19:54,742 - 未找到预测 CSV 文件，等待 30 秒后重试...
2025-01-18 03:20:24,752 - 未找到预测 CSV 文件，等待 30 秒后重试...
2025-01-18 03:20:54,761 - 未找到预测 CSV 文件，等待 30 秒后重试...
2025-01-18 03:21:24,766 - 未找到预测 CSV 文件，等待 30 秒后重试...
2025-01-18 03:21:54,774 - 未找到预测 CSV 文件，等待 30 秒后重试...
2025-01-18 03:22:24,780 - 未找到预测 CSV 文件，等待 30 秒后重试...
2025-01-18 03:22:54,789 - 未找到预测 CSV 文件，等待 30 秒后重试...
2025-01-18 03:23:24,797 - 未找到预测 CSV 文件，等待 30 秒后重试...
2025-01-18 03:23:54,815 - 未找到预测 CSV 文件，等待 30 秒后重试...
2025-01-18 03:24:24,830 - 未找到预测 CSV 文件，等待 30 秒后重试...
2025-01-18 03:24:54,838 - 未找到预测 CSV 文件，等待 30 秒后重试...
2025-01-18 03:25:24,847 - 未找到预测 CSV 文件，等待 30 秒后重试...
2025-01-18 03:25:54,864 - 未找到预测 CSV 文件，等待 30 秒后重试...
2025-01-18 03:26:24,875 - 未找到预测 CSV 文件，等待 30 秒后重试...
2025-01-18 03:26:54,892 - 未找到预测 CSV 文件，等待 30 秒后重试...
2025-01-18 03:27:24,899 - 未找到预测 CSV 文件，等待 30 秒后重试...
2025-01-18 03:27:54,908 - 未找到预测 CSV 文件，等待 30 秒后重试...
2025-01-18 03:28:24,923 - 未找到预测 CSV 文件，等待 30 秒后重试...
2025-01-18 03:28:54,931 - 未找到预测 CSV 文件，等待 30 秒后重试...
2025-01-18 03:29:24,941 - 未找到预测 CSV 文件，等待 30 秒后重试...
2025-01-18 03:29:54,951 - 未找到预测 CSV 文件，等待 30 秒后重试...
2025-01-18 03:30:24,962 - 未找到预测 CSV 文件，等待 30 秒后重试...
2025-01-18 03:30:54,966 - 未找到预测 CSV 文件，等待 30 秒后重试...
2025-01-18 03:31:24,981 - 未找到预测 CSV 文件，等待 30 秒后重试...
2025-01-18 03:31:54,986 - 未找到预测 CSV 文件，等待 30 秒后重试...
2025-01-18 03:32:25,001 - 未找到预测 CSV 文件，等待 30 秒后重试...
2025-01-18 03:32:55,014 - 未找到预测 CSV 文件，等待 30 秒后重试...
2025-01-18 03:33:25,017 - 未找到预测 CSV 文件，等待 30 秒后重试...
2025-01-18 03:33:55,032 - 未找到预测 CSV 文件，等待 30 秒后重试...
2025-01-18 03:34:25,047 - 未找到预测 CSV 文件，等待 30 秒后重试...
2025-01-18 03:34:55,059 - 未找到预测 CSV 文件，等待 30 秒后重试...
2025-01-18 03:35:25,068 - 未找到预测 CSV 文件，等待 30 秒后重试...
2025-01-18 03:35:55,072 - 未找到预测 CSV 文件，等待 30 秒后重试...
2025-01-18 03:36:25,075 - 未找到预测 CSV 文件，等待 30 秒后重试...
2025-01-18 03:36:55,087 - 未找到预测 CSV 文件，等待 30 秒后重试...
2025-01-18 03:37:25,096 - 未找到预测 CSV 文件，等待 30 秒后重试...
2025-01-18 03:37:55,103 - 未找到预测 CSV 文件，等待 30 秒后重试...
2025-01-18 03:38:25,106 - 未找到预测 CSV 文件，等待 30 秒后重试...
2025-01-18 03:38:55,112 - 未找到预测 CSV 文件，等待 30 秒后重试...
2025-01-18 03:39:25,124 - 未找到预测 CSV 文件，等待 30 秒后重试...
2025-01-18 03:39:55,134 - 未找到预测 CSV 文件，等待 30 秒后重试...
2025-01-18 03:40:25,143 - 未找到预测 CSV 文件，等待 30 秒后重试...
2025-01-18 03:40:55,157 - 未找到预测 CSV 文件，等待 30 秒后重试...
2025-01-18 03:41:25,171 - 未找到预测 CSV 文件，等待 30 秒后重试...
2025-01-18 03:41:55,178 - 未找到预测 CSV 文件，等待 30 秒后重试...
2025-01-18 03:42:25,183 - 未找到预测 CSV 文件，等待 30 秒后重试...
2025-01-18 03:42:55,194 - 未找到预测 CSV 文件，等待 30 秒后重试...
2025-01-18 03:43:25,204 - 未找到预测 CSV 文件，等待 30 秒后重试...
2025-01-18 03:43:55,208 - 未找到预测 CSV 文件，等待 30 秒后重试...
2025-01-18 03:44:25,221 - 未找到预测 CSV 文件，等待 30 秒后重试...
2025-01-18 03:44:55,232 - 未找到预测 CSV 文件，等待 30 秒后重试...
2025-01-18 03:45:25,247 - 未找到预测 CSV 文件，等待 30 秒后重试...
2025-01-18 03:45:55,255 - 未找到预测 CSV 文件，等待 30 秒后重试...
2025-01-18 03:46:25,261 - 未找到预测 CSV 文件，等待 30 秒后重试...
2025-01-18 03:46:55,268 - 未找到预测 CSV 文件，等待 30 秒后重试...
2025-01-18 03:47:25,284 - 未找到预测 CSV 文件，等待 30 秒后重试...
2025-01-18 03:47:55,298 - 未找到预测 CSV 文件，等待 30 秒后重试...
2025-01-18 03:48:25,308 - 未找到预测 CSV 文件，等待 30 秒后重试...
2025-01-18 03:48:55,311 - 未找到预测 CSV 文件，等待 30 秒后重试...
2025-01-18 03:49:25,315 - 未找到预测 CSV 文件，等待 30 秒后重试...
2025-01-18 03:49:55,326 - 未找到预测 CSV 文件，等待 30 秒后重试...
2025-01-18 03:50:25,340 - 未找到预测 CSV 文件，等待 30 秒后重试...
2025-01-18 03:50:55,345 - 未找到预测 CSV 文件，等待 30 秒后重试...
2025-01-18 03:51:25,359 - 未找到预测 CSV 文件，等待 30 秒后重试...
2025-01-18 03:51:55,365 - 未找到预测 CSV 文件，等待 30 秒后重试...
2025-01-18 03:52:25,371 - 未找到预测 CSV 文件，等待 30 秒后重试...
2025-01-18 03:52:55,374 - 未找到预测 CSV 文件，等待 30 秒后重试...
2025-01-18 03:53:25,380 - 未找到预测 CSV 文件，等待 30 秒后重试...
2025-01-18 03:53:55,394 - 未找到预测 CSV 文件，等待 30 秒后重试...
2025-01-18 03:54:25,409 - 未找到预测 CSV 文件，等待 30 秒后重试...
2025-01-18 03:54:55,414 - 未找到预测 CSV 文件，等待 30 秒后重试...
2025-01-18 03:55:25,422 - 未找到预测 CSV 文件，等待 30 秒后重试...
2025-01-18 03:55:55,425 - 未找到预测 CSV 文件，等待 30 秒后重试...
2025-01-18 03:56:25,434 - 未找到预测 CSV 文件，等待 30 秒后重试...
2025-01-18 03:56:55,447 - 未找到预测 CSV 文件，等待 30 秒后重试...
2025-01-18 03:57:25,457 - 未找到预测 CSV 文件，等待 30 秒后重试...
2025-01-18 03:57:55,467 - 未找到预测 CSV 文件，等待 30 秒后重试...
2025-01-18 03:58:25,481 - 未找到预测 CSV 文件，等待 30 秒后重试...
2025-01-18 03:58:55,492 - 未找到预测 CSV 文件，等待 30 秒后重试...
2025-01-18 03:59:25,502 - 未找到预测 CSV 文件，等待 30 秒后重试...
2025-01-18 03:59:55,516 - 未找到预测 CSV 文件，等待 30 秒后重试...
2025-01-18 04:00:25,533 - 未找到预测 CSV 文件，等待 30 秒后重试...
2025-01-18 04:00:55,543 - 未找到预测 CSV 文件，等待 30 秒后重试...
2025-01-18 04:01:25,548 - 未找到预测 CSV 文件，等待 30 秒后重试...
2025-01-18 04:01:55,558 - 未找到预测 CSV 文件，等待 30 秒后重试...
2025-01-18 04:02:25,565 - 未找到预测 CSV 文件，等待 30 秒后重试...
2025-01-18 04:02:55,570 - 未找到预测 CSV 文件，等待 30 秒后重试...
2025-01-18 04:03:25,575 - 未找到预测 CSV 文件，等待 30 秒后重试...
2025-01-18 04:03:55,590 - 未找到预测 CSV 文件，等待 30 秒后重试...
2025-01-18 04:04:25,599 - 未找到预测 CSV 文件，等待 30 秒后重试...
2025-01-18 04:04:55,608 - 未找到预测 CSV 文件，等待 30 秒后重试...
2025-01-18 04:05:25,619 - 未找到预测 CSV 文件，等待 30 秒后重试...
2025-01-18 04:05:55,626 - 未找到预测 CSV 文件，等待 30 秒后重试...
2025-01-18 04:06:25,633 - 未找到预测 CSV 文件，等待 30 秒后重试...
2025-01-18 04:06:55,645 - 未找到预测 CSV 文件，等待 30 秒后重试...
2025-01-18 04:07:25,658 - 未找到预测 CSV 文件，等待 30 秒后重试...
2025-01-18 04:07:55,661 - 未找到预测 CSV 文件，等待 30 秒后重试...
2025-01-18 04:08:25,667 - 未找到预测 CSV 文件，等待 30 秒后重试...
2025-01-18 04:08:55,674 - 未找到预测 CSV 文件，等待 30 秒后重试...
2025-01-18 04:09:25,680 - 未找到预测 CSV 文件，等待 30 秒后重试...
2025-01-18 04:09:55,695 - 未找到预测 CSV 文件，等待 30 秒后重试...
2025-01-18 04:10:25,703 - 未找到预测 CSV 文件，等待 30 秒后重试...
2025-01-18 04:10:55,716 - 未找到预测 CSV 文件，等待 30 秒后重试...
2025-01-18 04:11:25,728 - 未找到预测 CSV 文件，等待 30 秒后重试...
2025-01-18 04:11:55,737 - 未找到预测 CSV 文件，等待 30 秒后重试...
2025-01-18 04:12:25,752 - 未找到预测 CSV 文件，等待 30 秒后重试...
2025-01-18 04:12:55,766 - 未找到预测 CSV 文件，等待 30 秒后重试...
2025-01-18 04:13:25,777 - 未找到预测 CSV 文件，等待 30 秒后重试...
2025-01-18 04:13:55,791 - 未找到预测 CSV 文件，等待 30 秒后重试...
2025-01-18 04:14:25,800 - 未找到预测 CSV 文件，等待 30 秒后重试...
2025-01-18 04:14:55,815 - 未找到预测 CSV 文件，等待 30 秒后重试...
2025-01-18 04:15:25,816 - 未找到预测 CSV 文件，等待 30 秒后重试...
2025-01-18 04:15:55,830 - 未找到预测 CSV 文件，等待 30 秒后重试...
2025-01-18 04:16:25,843 - 未找到预测 CSV 文件，等待 30 秒后重试...
2025-01-18 04:16:55,849 - 未找到预测 CSV 文件，等待 30 秒后重试...
2025-01-18 04:17:25,857 - 未找到预测 CSV 文件，等待 30 秒后重试...
2025-01-18 04:17:55,867 - 未找到预测 CSV 文件，等待 30 秒后重试...
2025-01-18 04:18:25,885 - 未找到预测 CSV 文件，等待 30 秒后重试...
2025-01-18 04:18:55,890 - 未找到预测 CSV 文件，等待 30 秒后重试...
2025-01-18 04:19:25,894 - 未找到预测 CSV 文件，等待 30 秒后重试...
2025-01-18 04:19:55,900 - 未找到预测 CSV 文件，等待 30 秒后重试...
2025-01-18 04:20:25,905 - 未找到预测 CSV 文件，等待 30 秒后重试...
2025-01-18 04:20:55,914 - 未找到预测 CSV 文件，等待 30 秒后重试...
2025-01-18 04:21:25,922 - 未找到预测 CSV 文件，等待 30 秒后重试...
2025-01-18 04:21:55,930 - 未找到预测 CSV 文件，等待 30 秒后重试...
2025-01-18 04:22:25,935 - 未找到预测 CSV 文件，等待 30 秒后重试...
2025-01-18 04:22:55,938 - 未找到预测 CSV 文件，等待 30 秒后重试...
2025-01-18 04:23:25,944 - 未找到预测 CSV 文件，等待 30 秒后重试...
2025-01-18 04:23:55,955 - 未找到预测 CSV 文件，等待 30 秒后重试...
2025-01-18 04:24:25,960 - 未找到预测 CSV 文件，等待 30 秒后重试...
2025-01-18 04:24:55,965 - 未找到预测 CSV 文件，等待 30 秒后重试...
2025-01-18 04:25:25,970 - 未找到预测 CSV 文件，等待 30 秒后重试...
2025-01-18 04:25:55,984 - 未找到预测 CSV 文件，等待 30 秒后重试...
2025-01-18 04:26:25,986 - 未找到预测 CSV 文件，等待 30 秒后重试...
2025-01-18 04:26:55,997 - 未找到预测 CSV 文件，等待 30 秒后重试...
2025-01-18 04:27:26,004 - 未找到预测 CSV 文件，等待 30 秒后重试...
2025-01-18 04:27:56,010 - 未找到预测 CSV 文件，等待 30 秒后重试...
2025-01-18 04:28:26,026 - 未找到预测 CSV 文件，等待 30 秒后重试...
2025-01-18 04:28:56,033 - 未找到预测 CSV 文件，等待 30 秒后重试...
2025-01-18 04:29:26,040 - 未找到预测 CSV 文件，等待 30 秒后重试...
2025-01-18 04:29:56,044 - 未找到预测 CSV 文件，等待 30 秒后重试...
2025-01-18 04:30:26,053 - 未找到预测 CSV 文件，等待 30 秒后重试...
2025-01-18 04:30:56,065 - 未找到预测 CSV 文件，等待 30 秒后重试...
2025-01-18 04:31:26,082 - 未找到预测 CSV 文件，等待 30 秒后重试...
2025-01-18 04:31:56,086 - 未找到预测 CSV 文件，等待 30 秒后重试...
2025-01-18 04:32:26,102 - 未找到预测 CSV 文件，等待 30 秒后重试...
2025-01-18 04:32:56,120 - 未找到预测 CSV 文件，等待 30 秒后重试...
2025-01-18 04:33:26,131 - 未找到预测 CSV 文件，等待 30 秒后重试...
2025-01-18 04:33:56,144 - 未找到预测 CSV 文件，等待 30 秒后重试...
2025-01-18 04:34:26,148 - 未找到预测 CSV 文件，等待 30 秒后重试...
2025-01-18 04:34:56,150 - 未找到预测 CSV 文件，等待 30 秒后重试...
2025-01-18 04:35:26,156 - 未找到预测 CSV 文件，等待 30 秒后重试...
2025-01-18 04:35:56,172 - 未找到预测 CSV 文件，等待 30 秒后重试...
2025-01-18 04:36:26,180 - 未找到预测 CSV 文件，等待 30 秒后重试...
2025-01-18 04:36:56,186 - 未找到预测 CSV 文件，等待 30 秒后重试...
2025-01-18 04:37:26,190 - 未找到预测 CSV 文件，等待 30 秒后重试...
2025-01-18 04:37:56,196 - 未找到预测 CSV 文件，等待 30 秒后重试...
2025-01-18 04:38:26,209 - 未找到预测 CSV 文件，等待 30 秒后重试...
2025-01-18 04:38:56,220 - 未找到预测 CSV 文件，等待 30 秒后重试...
2025-01-18 04:39:26,233 - 未找到预测 CSV 文件，等待 30 秒后重试...
2025-01-18 04:39:56,237 - 未找到预测 CSV 文件，等待 30 秒后重试...
2025-01-18 04:40:26,252 - 未找到预测 CSV 文件，等待 30 秒后重试...
2025-01-18 04:40:56,255 - 未找到预测 CSV 文件，等待 30 秒后重试...
2025-01-18 04:41:26,263 - 未找到预测 CSV 文件，等待 30 秒后重试...
2025-01-18 04:41:56,265 - 未找到预测 CSV 文件，等待 30 秒后重试...
2025-01-18 04:42:26,273 - 未找到预测 CSV 文件，等待 30 秒后重试...
2025-01-18 04:42:56,284 - 未找到预测 CSV 文件，等待 30 秒后重试...
2025-01-18 04:43:26,288 - 未找到预测 CSV 文件，等待 30 秒后重试...
2025-01-18 04:43:56,292 - 未找到预测 CSV 文件，等待 30 秒后重试...
2025-01-18 04:44:26,300 - 未找到预测 CSV 文件，等待 30 秒后重试...
2025-01-18 04:44:56,302 - 未找到预测 CSV 文件，等待 30 秒后重试...
2025-01-18 04:45:26,312 - 未找到预测 CSV 文件，等待 30 秒后重试...
2025-01-18 04:45:56,322 - 未找到预测 CSV 文件，等待 30 秒后重试...
2025-01-18 04:46:26,338 - 未找到预测 CSV 文件，等待 30 秒后重试...
2025-01-18 04:46:56,348 - 未找到预测 CSV 文件，等待 30 秒后重试...
2025-01-18 04:47:26,363 - 未找到预测 CSV 文件，等待 30 秒后重试...
2025-01-18 04:47:56,376 - 未找到预测 CSV 文件，等待 30 秒后重试...
2025-01-18 04:48:26,386 - 未找到预测 CSV 文件，等待 30 秒后重试...
2025-01-18 04:48:56,390 - 未找到预测 CSV 文件，等待 30 秒后重试...
2025-01-18 04:49:26,405 - 未找到预测 CSV 文件，等待 30 秒后重试...
2025-01-18 04:49:56,412 - 未找到预测 CSV 文件，等待 30 秒后重试...
2025-01-18 04:50:26,429 - 未找到预测 CSV 文件，等待 30 秒后重试...
2025-01-18 04:50:56,445 - 未找到预测 CSV 文件，等待 30 秒后重试...
2025-01-18 04:51:26,461 - 未找到预测 CSV 文件，等待 30 秒后重试...
2025-01-18 04:51:56,467 - 未找到预测 CSV 文件，等待 30 秒后重试...
2025-01-18 04:52:26,469 - 未找到预测 CSV 文件，等待 30 秒后重试...
2025-01-18 04:52:56,486 - 未找到预测 CSV 文件，等待 30 秒后重试...
2025-01-18 04:53:26,491 - 未找到预测 CSV 文件，等待 30 秒后重试...
2025-01-18 04:53:56,499 - 未找到预测 CSV 文件，等待 30 秒后重试...
2025-01-18 04:54:26,513 - 未找到预测 CSV 文件，等待 30 秒后重试...
2025-01-18 04:54:56,519 - 未找到预测 CSV 文件，等待 30 秒后重试...
2025-01-18 04:55:26,536 - 未找到预测 CSV 文件，等待 30 秒后重试...
2025-01-18 04:55:56,550 - 未找到预测 CSV 文件，等待 30 秒后重试...
2025-01-18 04:56:26,561 - 未找到预测 CSV 文件，等待 30 秒后重试...
2025-01-18 04:56:56,575 - 未找到预测 CSV 文件，等待 30 秒后重试...
2025-01-18 04:57:26,583 - 未找到预测 CSV 文件，等待 30 秒后重试...
2025-01-18 04:57:56,587 - 未找到预测 CSV 文件，等待 30 秒后重试...
2025-01-18 04:58:26,593 - 未找到预测 CSV 文件，等待 30 秒后重试...
2025-01-18 04:58:56,607 - 未找到预测 CSV 文件，等待 30 秒后重试...
2025-01-18 04:59:26,621 - 未找到预测 CSV 文件，等待 30 秒后重试...
2025-01-18 04:59:56,631 - 未找到预测 CSV 文件，等待 30 秒后重试...
2025-01-18 05:00:26,632 - 未找到预测 CSV 文件，等待 30 秒后重试...
2025-01-18 05:00:56,634 - 未找到预测 CSV 文件，等待 30 秒后重试...
2025-01-18 05:01:26,644 - 未找到预测 CSV 文件，等待 30 秒后重试...
2025-01-18 05:01:56,659 - 未找到预测 CSV 文件，等待 30 秒后重试...
2025-01-18 05:02:26,673 - 未找到预测 CSV 文件，等待 30 秒后重试...
2025-01-18 05:02:56,680 - 未找到预测 CSV 文件，等待 30 秒后重试...
2025-01-18 05:03:26,696 - 未找到预测 CSV 文件，等待 30 秒后重试...
2025-01-18 05:03:56,709 - 未找到预测 CSV 文件，等待 30 秒后重试...
2025-01-18 05:04:26,715 - 未找到预测 CSV 文件，等待 30 秒后重试...
2025-01-18 05:04:56,718 - 未找到预测 CSV 文件，等待 30 秒后重试...
2025-01-18 05:05:26,730 - 未找到预测 CSV 文件，等待 30 秒后重试...
2025-01-18 05:05:56,733 - 未找到预测 CSV 文件，等待 30 秒后重试...
2025-01-18 05:06:26,740 - 未找到预测 CSV 文件，等待 30 秒后重试...
2025-01-18 05:06:56,756 - 未找到预测 CSV 文件，等待 30 秒后重试...
2025-01-18 05:07:26,767 - 未找到预测 CSV 文件，等待 30 秒后重试...
2025-01-18 05:07:56,778 - 未找到预测 CSV 文件，等待 30 秒后重试...
2025-01-18 05:08:26,792 - 未找到预测 CSV 文件，等待 30 秒后重试...
2025-01-18 05:08:56,797 - 未找到预测 CSV 文件，等待 30 秒后重试...
2025-01-18 05:09:26,803 - 未找到预测 CSV 文件，等待 30 秒后重试...
2025-01-18 05:09:56,819 - 未找到预测 CSV 文件，等待 30 秒后重试...
2025-01-18 05:10:26,827 - 未找到预测 CSV 文件，等待 30 秒后重试...
2025-01-18 05:10:56,832 - 未找到预测 CSV 文件，等待 30 秒后重试...
2025-01-18 05:11:26,837 - 未找到预测 CSV 文件，等待 30 秒后重试...
2025-01-18 05:11:56,842 - 未找到预测 CSV 文件，等待 30 秒后重试...
2025-01-18 05:12:26,855 - 未找到预测 CSV 文件，等待 30 秒后重试...
2025-01-18 05:12:56,857 - 未找到预测 CSV 文件，等待 30 秒后重试...
2025-01-18 05:13:26,870 - 未找到预测 CSV 文件，等待 30 秒后重试...
2025-01-18 05:13:56,881 - 未找到预测 CSV 文件，等待 30 秒后重试...
2025-01-18 05:14:26,882 - 未找到预测 CSV 文件，等待 30 秒后重试...
2025-01-18 05:14:56,884 - 未找到预测 CSV 文件，等待 30 秒后重试...
2025-01-18 05:15:26,899 - 未找到预测 CSV 文件，等待 30 秒后重试...
2025-01-18 05:15:56,912 - 未找到预测 CSV 文件，等待 30 秒后重试...
2025-01-18 05:16:26,917 - 未找到预测 CSV 文件，等待 30 秒后重试...
2025-01-18 05:16:56,927 - 未找到预测 CSV 文件，等待 30 秒后重试...
2025-01-18 05:17:26,941 - 未找到预测 CSV 文件，等待 30 秒后重试...
2025-01-18 05:17:56,947 - 未找到预测 CSV 文件，等待 30 秒后重试...
2025-01-18 05:18:26,960 - 未找到预测 CSV 文件，等待 30 秒后重试...
2025-01-18 05:18:56,966 - 未找到预测 CSV 文件，等待 30 秒后重试...
2025-01-18 05:19:26,976 - 未找到预测 CSV 文件，等待 30 秒后重试...
2025-01-18 05:19:56,987 - 未找到预测 CSV 文件，等待 30 秒后重试...
2025-01-18 05:20:26,998 - 未找到预测 CSV 文件，等待 30 秒后重试...
2025-01-18 05:20:57,012 - 未找到预测 CSV 文件，等待 30 秒后重试...
2025-01-18 05:21:27,029 - 未找到预测 CSV 文件，等待 30 秒后重试...
2025-01-18 05:21:57,040 - 未找到预测 CSV 文件，等待 30 秒后重试...
2025-01-18 05:22:27,048 - 未找到预测 CSV 文件，等待 30 秒后重试...
2025-01-18 05:22:57,059 - 未找到预测 CSV 文件，等待 30 秒后重试...
2025-01-18 05:23:27,061 - 未找到预测 CSV 文件，等待 30 秒后重试...
2025-01-18 05:23:57,074 - 未找到预测 CSV 文件，等待 30 秒后重试...
2025-01-18 05:24:27,082 - 未找到预测 CSV 文件，等待 30 秒后重试...
2025-01-18 05:24:57,088 - 未找到预测 CSV 文件，等待 30 秒后重试...
2025-01-18 05:25:27,097 - 未找到预测 CSV 文件，等待 30 秒后重试...
2025-01-18 05:25:57,106 - 未找到预测 CSV 文件，等待 30 秒后重试...
2025-01-18 05:26:27,123 - 未找到预测 CSV 文件，等待 30 秒后重试...
2025-01-18 05:26:57,131 - 未找到预测 CSV 文件，等待 30 秒后重试...
2025-01-18 05:27:27,137 - 未找到预测 CSV 文件，等待 30 秒后重试...
2025-01-18 05:27:57,140 - 未找到预测 CSV 文件，等待 30 秒后重试...
2025-01-18 05:28:27,144 - 未找到预测 CSV 文件，等待 30 秒后重试...
2025-01-18 05:28:57,149 - 未找到预测 CSV 文件，等待 30 秒后重试...
2025-01-18 05:29:27,164 - 未找到预测 CSV 文件，等待 30 秒后重试...
2025-01-18 05:29:57,173 - 未找到预测 CSV 文件，等待 30 秒后重试...
2025-01-18 05:30:27,176 - 未找到预测 CSV 文件，等待 30 秒后重试...
2025-01-18 05:30:57,190 - 未找到预测 CSV 文件，等待 30 秒后重试...
2025-01-18 05:31:27,198 - 未找到预测 CSV 文件，等待 30 秒后重试...
2025-01-18 05:31:57,203 - 未找到预测 CSV 文件，等待 30 秒后重试...
2025-01-18 05:32:27,216 - 未找到预测 CSV 文件，等待 30 秒后重试...
2025-01-18 05:32:57,224 - 未找到预测 CSV 文件，等待 30 秒后重试...
2025-01-18 05:33:27,228 - 未找到预测 CSV 文件，等待 30 秒后重试...
2025-01-18 05:33:57,240 - 未找到预测 CSV 文件，等待 30 秒后重试...
2025-01-18 05:34:27,250 - 未找到预测 CSV 文件，等待 30 秒后重试...
2025-01-18 05:34:57,266 - 未找到预测 CSV 文件，等待 30 秒后重试...
2025-01-18 05:35:27,271 - 未找到预测 CSV 文件，等待 30 秒后重试...
2025-01-18 05:35:57,286 - 未找到预测 CSV 文件，等待 30 秒后重试...
2025-01-18 05:36:27,295 - 未找到预测 CSV 文件，等待 30 秒后重试...
2025-01-18 05:36:57,300 - 未找到预测 CSV 文件，等待 30 秒后重试...
2025-01-18 05:37:27,306 - 未找到预测 CSV 文件，等待 30 秒后重试...
2025-01-18 05:37:57,319 - 未找到预测 CSV 文件，等待 30 秒后重试...
2025-01-18 05:38:27,334 - 未找到预测 CSV 文件，等待 30 秒后重试...
2025-01-18 05:38:57,342 - 未找到预测 CSV 文件，等待 30 秒后重试...
2025-01-18 05:39:27,355 - 未找到预测 CSV 文件，等待 30 秒后重试...
2025-01-18 05:39:57,359 - 未找到预测 CSV 文件，等待 30 秒后重试...
2025-01-18 05:40:27,370 - 未找到预测 CSV 文件，等待 30 秒后重试...
2025-01-18 05:40:57,375 - 未找到预测 CSV 文件，等待 30 秒后重试...
2025-01-18 05:41:27,386 - 未找到预测 CSV 文件，等待 30 秒后重试...
2025-01-18 05:41:57,393 - 未找到预测 CSV 文件，等待 30 秒后重试...
2025-01-18 05:42:27,395 - 未找到预测 CSV 文件，等待 30 秒后重试...
2025-01-18 05:42:57,406 - 未找到预测 CSV 文件，等待 30 秒后重试...
2025-01-18 05:43:27,419 - 未找到预测 CSV 文件，等待 30 秒后重试...
2025-01-18 05:43:57,429 - 未找到预测 CSV 文件，等待 30 秒后重试...
2025-01-18 05:44:27,440 - 未找到预测 CSV 文件，等待 30 秒后重试...
2025-01-18 05:44:57,450 - 未找到预测 CSV 文件，等待 30 秒后重试...
2025-01-18 05:45:27,467 - 未找到预测 CSV 文件，等待 30 秒后重试...
2025-01-18 05:45:57,471 - 未找到预测 CSV 文件，等待 30 秒后重试...
2025-01-18 05:46:27,474 - 未找到预测 CSV 文件，等待 30 秒后重试...
2025-01-18 05:46:57,476 - 未找到预测 CSV 文件，等待 30 秒后重试...
2025-01-18 05:47:27,493 - 未找到预测 CSV 文件，等待 30 秒后重试...
2025-01-18 05:47:57,506 - 未找到预测 CSV 文件，等待 30 秒后重试...
2025-01-18 05:48:27,512 - 未找到预测 CSV 文件，等待 30 秒后重试...
2025-01-18 05:48:57,520 - 未找到预测 CSV 文件，等待 30 秒后重试...
2025-01-18 05:49:27,528 - 未找到预测 CSV 文件，等待 30 秒后重试...
2025-01-18 05:49:57,529 - 未找到预测 CSV 文件，等待 30 秒后重试...
2025-01-18 05:50:27,546 - 未找到预测 CSV 文件，等待 30 秒后重试...
2025-01-18 05:50:57,558 - 未找到预测 CSV 文件，等待 30 秒后重试...
2025-01-18 05:51:27,565 - 未找到预测 CSV 文件，等待 30 秒后重试...
2025-01-18 05:51:57,581 - 未找到预测 CSV 文件，等待 30 秒后重试...
2025-01-18 05:52:27,584 - 未找到预测 CSV 文件，等待 30 秒后重试...
2025-01-18 05:52:57,594 - 未找到预测 CSV 文件，等待 30 秒后重试...
2025-01-18 05:53:27,596 - 未找到预测 CSV 文件，等待 30 秒后重试...
2025-01-18 05:53:57,603 - 未找到预测 CSV 文件，等待 30 秒后重试...
2025-01-18 05:54:27,618 - 未找到预测 CSV 文件，等待 30 秒后重试...
2025-01-18 05:54:57,626 - 未找到预测 CSV 文件，等待 30 秒后重试...
2025-01-18 05:55:27,642 - 未找到预测 CSV 文件，等待 30 秒后重试...
2025-01-18 05:55:57,649 - 未找到预测 CSV 文件，等待 30 秒后重试...
2025-01-18 05:56:27,658 - 未找到预测 CSV 文件，等待 30 秒后重试...
2025-01-18 05:56:57,662 - 未找到预测 CSV 文件，等待 30 秒后重试...
2025-01-18 05:57:27,676 - 未找到预测 CSV 文件，等待 30 秒后重试...
2025-01-18 05:57:57,686 - 未找到预测 CSV 文件，等待 30 秒后重试...
2025-01-18 05:58:27,699 - 未找到预测 CSV 文件，等待 30 秒后重试...
2025-01-18 05:58:57,708 - 未找到预测 CSV 文件，等待 30 秒后重试...
2025-01-18 05:59:27,712 - 未找到预测 CSV 文件，等待 30 秒后重试...
2025-01-18 05:59:57,718 - 未找到预测 CSV 文件，等待 30 秒后重试...
2025-01-18 06:00:27,729 - 未找到预测 CSV 文件，等待 30 秒后重试...
2025-01-18 06:00:57,740 - 未找到预测 CSV 文件，等待 30 秒后重试...
2025-01-18 06:01:27,748 - 未找到预测 CSV 文件，等待 30 秒后重试...
2025-01-18 06:01:57,755 - 未找到预测 CSV 文件，等待 30 秒后重试...
2025-01-18 06:02:27,764 - 未找到预测 CSV 文件，等待 30 秒后重试...
2025-01-18 06:02:57,778 - 未找到预测 CSV 文件，等待 30 秒后重试...
2025-01-18 06:03:27,784 - 未找到预测 CSV 文件，等待 30 秒后重试...
2025-01-18 06:03:57,791 - 未找到预测 CSV 文件，等待 30 秒后重试...
2025-01-18 06:04:27,799 - 未找到预测 CSV 文件，等待 30 秒后重试...
2025-01-18 06:04:57,801 - 未找到预测 CSV 文件，等待 30 秒后重试...
2025-01-18 06:05:27,809 - 未找到预测 CSV 文件，等待 30 秒后重试...
2025-01-18 06:05:57,812 - 未找到预测 CSV 文件，等待 30 秒后重试...
2025-01-18 06:06:27,825 - 未找到预测 CSV 文件，等待 30 秒后重试...
2025-01-18 06:06:57,835 - 未找到预测 CSV 文件，等待 30 秒后重试...
2025-01-18 06:07:27,838 - 未找到预测 CSV 文件，等待 30 秒后重试...
2025-01-18 06:07:57,842 - 未找到预测 CSV 文件，等待 30 秒后重试...
2025-01-18 06:08:27,849 - 未找到预测 CSV 文件，等待 30 秒后重试...
2025-01-18 06:08:57,854 - 未找到预测 CSV 文件，等待 30 秒后重试...
2025-01-18 06:09:27,858 - 未找到预测 CSV 文件，等待 30 秒后重试...
2025-01-18 06:09:57,865 - 未找到预测 CSV 文件，等待 30 秒后重试...
2025-01-18 06:10:27,878 - 未找到预测 CSV 文件，等待 30 秒后重试...
2025-01-18 06:10:57,892 - 未找到预测 CSV 文件，等待 30 秒后重试...
2025-01-18 06:11:27,901 - 未找到预测 CSV 文件，等待 30 秒后重试...
2025-01-18 06:11:57,912 - 未找到预测 CSV 文件，等待 30 秒后重试...
2025-01-18 06:12:27,924 - 未找到预测 CSV 文件，等待 30 秒后重试...
2025-01-18 06:12:57,939 - 未找到预测 CSV 文件，等待 30 秒后重试...
2025-01-18 06:13:27,954 - 未找到预测 CSV 文件，等待 30 秒后重试...
2025-01-18 06:13:57,966 - 未找到预测 CSV 文件，等待 30 秒后重试...
2025-01-18 06:14:27,973 - 未找到预测 CSV 文件，等待 30 秒后重试...
2025-01-18 06:14:57,980 - 未找到预测 CSV 文件，等待 30 秒后重试...
2025-01-18 06:15:27,985 - 未找到预测 CSV 文件，等待 30 秒后重试...
2025-01-18 06:15:57,995 - 未找到预测 CSV 文件，等待 30 秒后重试...
2025-01-18 06:16:28,007 - 未找到预测 CSV 文件，等待 30 秒后重试...
2025-01-18 06:16:58,010 - 未找到预测 CSV 文件，等待 30 秒后重试...
2025-01-18 06:17:28,023 - 未找到预测 CSV 文件，等待 30 秒后重试...
2025-01-18 06:17:58,034 - 未找到预测 CSV 文件，等待 30 秒后重试...
2025-01-18 06:18:28,040 - 未找到预测 CSV 文件，等待 30 秒后重试...
2025-01-18 06:18:58,052 - 未找到预测 CSV 文件，等待 30 秒后重试...
2025-01-18 06:19:28,060 - 未找到预测 CSV 文件，等待 30 秒后重试...
2025-01-18 06:19:58,074 - 未找到预测 CSV 文件，等待 30 秒后重试...
2025-01-18 06:20:28,088 - 未找到预测 CSV 文件，等待 30 秒后重试...
2025-01-18 06:20:58,095 - 未找到预测 CSV 文件，等待 30 秒后重试...
2025-01-18 06:21:28,109 - 未找到预测 CSV 文件，等待 30 秒后重试...
2025-01-18 06:21:58,110 - 未找到预测 CSV 文件，等待 30 秒后重试...
2025-01-18 06:22:28,120 - 未找到预测 CSV 文件，等待 30 秒后重试...
2025-01-18 06:22:58,131 - 未找到预测 CSV 文件，等待 30 秒后重试...
2025-01-18 06:23:28,134 - 未找到预测 CSV 文件，等待 30 秒后重试...
2025-01-18 06:23:58,143 - 未找到预测 CSV 文件，等待 30 秒后重试...
2025-01-18 06:24:28,158 - 未找到预测 CSV 文件，等待 30 秒后重试...
2025-01-18 06:24:58,164 - 未找到预测 CSV 文件，等待 30 秒后重试...
2025-01-18 06:25:28,177 - 未找到预测 CSV 文件，等待 30 秒后重试...
2025-01-18 06:25:58,185 - 未找到预测 CSV 文件，等待 30 秒后重试...
2025-01-18 06:26:28,187 - 未找到预测 CSV 文件，等待 30 秒后重试...
2025-01-18 06:26:58,198 - 未找到预测 CSV 文件，等待 30 秒后重试...
2025-01-18 06:27:28,202 - 未找到预测 CSV 文件，等待 30 秒后重试...
2025-01-18 06:27:58,204 - 未找到预测 CSV 文件，等待 30 秒后重试...
2025-01-18 06:28:28,207 - 未找到预测 CSV 文件，等待 30 秒后重试...
2025-01-18 06:28:58,220 - 未找到预测 CSV 文件，等待 30 秒后重试...
2025-01-18 06:29:28,227 - 未找到预测 CSV 文件，等待 30 秒后重试...
2025-01-18 06:29:58,234 - 未找到预测 CSV 文件，等待 30 秒后重试...
2025-01-18 06:30:28,238 - 未找到预测 CSV 文件，等待 30 秒后重试...
2025-01-18 06:30:58,251 - 未找到预测 CSV 文件，等待 30 秒后重试...
2025-01-18 06:31:28,257 - 未找到预测 CSV 文件，等待 30 秒后重试...
2025-01-18 06:31:58,268 - 未找到预测 CSV 文件，等待 30 秒后重试...
2025-01-18 06:32:28,276 - 未找到预测 CSV 文件，等待 30 秒后重试...
2025-01-18 06:32:58,284 - 未找到预测 CSV 文件，等待 30 秒后重试...
2025-01-18 06:33:28,296 - 未找到预测 CSV 文件，等待 30 秒后重试...
2025-01-18 06:33:58,313 - 未找到预测 CSV 文件，等待 30 秒后重试...
2025-01-18 06:34:28,329 - 未找到预测 CSV 文件，等待 30 秒后重试...
2025-01-18 06:34:58,342 - 未找到预测 CSV 文件，等待 30 秒后重试...
2025-01-18 06:35:28,345 - 未找到预测 CSV 文件，等待 30 秒后重试...
2025-01-18 06:35:58,349 - 未找到预测 CSV 文件，等待 30 秒后重试...
2025-01-18 06:36:28,362 - 未找到预测 CSV 文件，等待 30 秒后重试...
2025-01-18 06:36:58,366 - 未找到预测 CSV 文件，等待 30 秒后重试...
2025-01-18 06:37:28,376 - 未找到预测 CSV 文件，等待 30 秒后重试...
2025-01-18 06:37:58,389 - 未找到预测 CSV 文件，等待 30 秒后重试...
2025-01-18 06:38:28,406 - 未找到预测 CSV 文件，等待 30 秒后重试...
2025-01-18 06:38:58,418 - 未找到预测 CSV 文件，等待 30 秒后重试...
2025-01-18 06:39:28,427 - 未找到预测 CSV 文件，等待 30 秒后重试...
2025-01-18 06:39:58,444 - 未找到预测 CSV 文件，等待 30 秒后重试...
2025-01-18 06:40:28,452 - 未找到预测 CSV 文件，等待 30 秒后重试...
2025-01-18 06:40:58,464 - 未找到预测 CSV 文件，等待 30 秒后重试...
2025-01-18 06:41:28,472 - 未找到预测 CSV 文件，等待 30 秒后重试...
2025-01-18 06:41:58,474 - 未找到预测 CSV 文件，等待 30 秒后重试...
2025-01-18 06:42:28,483 - 未找到预测 CSV 文件，等待 30 秒后重试...
2025-01-18 06:42:58,491 - 未找到预测 CSV 文件，等待 30 秒后重试...
2025-01-18 06:43:28,502 - 未找到预测 CSV 文件，等待 30 秒后重试...
2025-01-18 06:43:58,505 - 未找到预测 CSV 文件，等待 30 秒后重试...
2025-01-18 06:44:28,515 - 未找到预测 CSV 文件，等待 30 秒后重试...
2025-01-18 06:44:58,533 - 未找到预测 CSV 文件，等待 30 秒后重试...
2025-01-18 06:45:28,538 - 未找到预测 CSV 文件，等待 30 秒后重试...
2025-01-18 06:45:58,549 - 未找到预测 CSV 文件，等待 30 秒后重试...
2025-01-18 06:46:28,564 - 未找到预测 CSV 文件，等待 30 秒后重试...
2025-01-18 06:46:58,575 - 未找到预测 CSV 文件，等待 30 秒后重试...
2025-01-18 06:47:28,587 - 未找到预测 CSV 文件，等待 30 秒后重试...
2025-01-18 06:47:58,604 - 未找到预测 CSV 文件，等待 30 秒后重试...
2025-01-18 06:48:28,605 - 未找到预测 CSV 文件，等待 30 秒后重试...
2025-01-18 06:48:58,615 - 未找到预测 CSV 文件，等待 30 秒后重试...
2025-01-18 06:49:28,617 - 未找到预测 CSV 文件，等待 30 秒后重试...
2025-01-18 06:49:58,622 - 未找到预测 CSV 文件，等待 30 秒后重试...
2025-01-18 06:50:28,631 - 未找到预测 CSV 文件，等待 30 秒后重试...
2025-01-18 06:50:58,639 - 未找到预测 CSV 文件，等待 30 秒后重试...
2025-01-18 06:51:28,655 - 未找到预测 CSV 文件，等待 30 秒后重试...
2025-01-18 06:51:58,661 - 未找到预测 CSV 文件，等待 30 秒后重试...
2025-01-18 06:52:28,672 - 未找到预测 CSV 文件，等待 30 秒后重试...
2025-01-18 06:52:58,686 - 未找到预测 CSV 文件，等待 30 秒后重试...
2025-01-18 06:53:28,697 - 未找到预测 CSV 文件，等待 30 秒后重试...
2025-01-18 06:53:58,713 - 未找到预测 CSV 文件，等待 30 秒后重试...
2025-01-18 06:54:28,722 - 未找到预测 CSV 文件，等待 30 秒后重试...
2025-01-18 06:54:58,738 - 未找到预测 CSV 文件，等待 30 秒后重试...
2025-01-18 06:55:28,750 - 未找到预测 CSV 文件，等待 30 秒后重试...
2025-01-18 06:55:58,755 - 未找到预测 CSV 文件，等待 30 秒后重试...
2025-01-18 06:56:28,759 - 未找到预测 CSV 文件，等待 30 秒后重试...
2025-01-18 06:56:58,777 - 未找到预测 CSV 文件，等待 30 秒后重试...
2025-01-18 06:57:28,781 - 未找到预测 CSV 文件，等待 30 秒后重试...
2025-01-18 06:57:58,783 - 未找到预测 CSV 文件，等待 30 秒后重试...
2025-01-18 06:58:28,787 - 未找到预测 CSV 文件，等待 30 秒后重试...
2025-01-18 06:58:58,799 - 未找到预测 CSV 文件，等待 30 秒后重试...
2025-01-18 06:59:28,806 - 未找到预测 CSV 文件，等待 30 秒后重试...
2025-01-18 06:59:58,811 - 未找到预测 CSV 文件，等待 30 秒后重试...
2025-01-18 07:00:28,814 - 未找到预测 CSV 文件，等待 30 秒后重试...
2025-01-18 07:00:58,828 - 未找到预测 CSV 文件，等待 30 秒后重试...
2025-01-18 07:01:28,830 - 未找到预测 CSV 文件，等待 30 秒后重试...
2025-01-18 07:01:58,845 - 未找到预测 CSV 文件，等待 30 秒后重试...
2025-01-18 07:02:28,850 - 未找到预测 CSV 文件，等待 30 秒后重试...
2025-01-18 07:02:58,861 - 未找到预测 CSV 文件，等待 30 秒后重试...
2025-01-18 07:03:28,875 - 未找到预测 CSV 文件，等待 30 秒后重试...
2025-01-18 07:03:58,891 - 未找到预测 CSV 文件，等待 30 秒后重试...
2025-01-18 07:04:28,905 - 未找到预测 CSV 文件，等待 30 秒后重试...
2025-01-18 07:04:58,910 - 未找到预测 CSV 文件，等待 30 秒后重试...
2025-01-18 07:05:28,914 - 未找到预测 CSV 文件，等待 30 秒后重试...
2025-01-18 07:05:58,928 - 未找到预测 CSV 文件，等待 30 秒后重试...
2025-01-18 07:06:28,931 - 未找到预测 CSV 文件，等待 30 秒后重试...
2025-01-18 07:06:58,946 - 未找到预测 CSV 文件，等待 30 秒后重试...
2025-01-18 07:07:28,959 - 未找到预测 CSV 文件，等待 30 秒后重试...
2025-01-18 07:07:58,968 - 未找到预测 CSV 文件，等待 30 秒后重试...
2025-01-18 07:08:28,983 - 未找到预测 CSV 文件，等待 30 秒后重试...
2025-01-18 07:08:58,990 - 未找到预测 CSV 文件，等待 30 秒后重试...
2025-01-18 07:09:28,999 - 未找到预测 CSV 文件，等待 30 秒后重试...
2025-01-18 07:09:59,006 - 未找到预测 CSV 文件，等待 30 秒后重试...
2025-01-18 07:10:29,022 - 未找到预测 CSV 文件，等待 30 秒后重试...
2025-01-18 07:10:59,028 - 未找到预测 CSV 文件，等待 30 秒后重试...
2025-01-18 07:11:29,043 - 未找到预测 CSV 文件，等待 30 秒后重试...
2025-01-18 07:11:59,048 - 未找到预测 CSV 文件，等待 30 秒后重试...
2025-01-18 07:12:29,051 - 未找到预测 CSV 文件，等待 30 秒后重试...
2025-01-18 07:12:59,068 - 未找到预测 CSV 文件，等待 30 秒后重试...
2025-01-18 07:13:29,075 - 未找到预测 CSV 文件，等待 30 秒后重试...
2025-01-18 07:13:59,083 - 未找到预测 CSV 文件，等待 30 秒后重试...
2025-01-18 07:14:29,086 - 未找到预测 CSV 文件，等待 30 秒后重试...
2025-01-18 07:14:59,091 - 未找到预测 CSV 文件，等待 30 秒后重试...
2025-01-18 07:15:29,104 - 未找到预测 CSV 文件，等待 30 秒后重试...
2025-01-18 07:15:59,105 - 未找到预测 CSV 文件，等待 30 秒后重试...
2025-01-18 07:16:29,119 - 未找到预测 CSV 文件，等待 30 秒后重试...
2025-01-18 07:16:59,121 - 未找到预测 CSV 文件，等待 30 秒后重试...
2025-01-18 07:17:29,129 - 未找到预测 CSV 文件，等待 30 秒后重试...
2025-01-18 07:17:59,134 - 未找到预测 CSV 文件，等待 30 秒后重试...
2025-01-18 07:18:29,144 - 未找到预测 CSV 文件，等待 30 秒后重试...
2025-01-18 07:18:59,159 - 未找到预测 CSV 文件，等待 30 秒后重试...
2025-01-18 07:19:29,173 - 未找到预测 CSV 文件，等待 30 秒后重试...
2025-01-18 07:19:59,183 - 未找到预测 CSV 文件，等待 30 秒后重试...
2025-01-18 07:20:29,187 - 未找到预测 CSV 文件，等待 30 秒后重试...
2025-01-18 07:20:59,200 - 未找到预测 CSV 文件，等待 30 秒后重试...
2025-01-18 07:21:29,214 - 未找到预测 CSV 文件，等待 30 秒后重试...
2025-01-18 07:21:59,219 - 未找到预测 CSV 文件，等待 30 秒后重试...
2025-01-18 07:22:29,224 - 未找到预测 CSV 文件，等待 30 秒后重试...
2025-01-18 07:22:59,228 - 未找到预测 CSV 文件，等待 30 秒后重试...
2025-01-18 07:23:29,240 - 未找到预测 CSV 文件，等待 30 秒后重试...
2025-01-18 07:23:59,253 - 未找到预测 CSV 文件，等待 30 秒后重试...
2025-01-18 07:24:29,263 - 未找到预测 CSV 文件，等待 30 秒后重试...
2025-01-18 07:24:59,272 - 未找到预测 CSV 文件，等待 30 秒后重试...
2025-01-18 07:25:29,282 - 未找到预测 CSV 文件，等待 30 秒后重试...
2025-01-18 07:25:59,286 - 未找到预测 CSV 文件，等待 30 秒后重试...
2025-01-18 07:26:29,298 - 未找到预测 CSV 文件，等待 30 秒后重试...
2025-01-18 07:26:59,304 - 未找到预测 CSV 文件，等待 30 秒后重试...
2025-01-18 07:27:29,315 - 未找到预测 CSV 文件，等待 30 秒后重试...
2025-01-18 07:27:59,325 - 未找到预测 CSV 文件，等待 30 秒后重试...
2025-01-18 07:28:29,339 - 未找到预测 CSV 文件，等待 30 秒后重试...
2025-01-18 07:28:59,347 - 未找到预测 CSV 文件，等待 30 秒后重试...
2025-01-18 07:29:29,359 - 未找到预测 CSV 文件，等待 30 秒后重试...
2025-01-18 07:29:59,366 - 未找到预测 CSV 文件，等待 30 秒后重试...
2025-01-18 07:30:29,378 - 未找到预测 CSV 文件，等待 30 秒后重试...
2025-01-18 07:30:59,392 - 未找到预测 CSV 文件，等待 30 秒后重试...
2025-01-18 07:31:29,405 - 未找到预测 CSV 文件，等待 30 秒后重试...
2025-01-18 07:31:59,415 - 未找到预测 CSV 文件，等待 30 秒后重试...
2025-01-18 07:32:29,430 - 未找到预测 CSV 文件，等待 30 秒后重试...
2025-01-18 07:32:59,439 - 未找到预测 CSV 文件，等待 30 秒后重试...
2025-01-18 07:33:29,447 - 未找到预测 CSV 文件，等待 30 秒后重试...
2025-01-18 07:33:59,459 - 未找到预测 CSV 文件，等待 30 秒后重试...
2025-01-18 07:34:29,467 - 未找到预测 CSV 文件，等待 30 秒后重试...
2025-01-18 07:34:59,471 - 未找到预测 CSV 文件，等待 30 秒后重试...
2025-01-18 07:35:29,482 - 未找到预测 CSV 文件，等待 30 秒后重试...
2025-01-18 07:35:59,498 - 未找到预测 CSV 文件，等待 30 秒后重试...
2025-01-18 07:36:29,504 - 未找到预测 CSV 文件，等待 30 秒后重试...
2025-01-18 07:36:59,506 - 未找到预测 CSV 文件，等待 30 秒后重试...
2025-01-18 07:37:29,516 - 未找到预测 CSV 文件，等待 30 秒后重试...
2025-01-18 07:37:59,520 - 未找到预测 CSV 文件，等待 30 秒后重试...
2025-01-18 07:38:29,526 - 未找到预测 CSV 文件，等待 30 秒后重试...
2025-01-18 07:38:59,529 - 未找到预测 CSV 文件，等待 30 秒后重试...
2025-01-18 07:39:29,545 - 未找到预测 CSV 文件，等待 30 秒后重试...
2025-01-18 07:39:59,549 - 未找到预测 CSV 文件，等待 30 秒后重试...
2025-01-18 07:40:29,562 - 未找到预测 CSV 文件，等待 30 秒后重试...
2025-01-18 07:40:59,575 - 未找到预测 CSV 文件，等待 30 秒后重试...
2025-01-18 07:41:29,577 - 未找到预测 CSV 文件，等待 30 秒后重试...
2025-01-18 07:41:59,587 - 未找到预测 CSV 文件，等待 30 秒后重试...
2025-01-18 07:42:29,603 - 未找到预测 CSV 文件，等待 30 秒后重试...
2025-01-18 07:42:59,612 - 未找到预测 CSV 文件，等待 30 秒后重试...
2025-01-18 07:43:29,620 - 未找到预测 CSV 文件，等待 30 秒后重试...
2025-01-18 07:43:59,632 - 未找到预测 CSV 文件，等待 30 秒后重试...
2025-01-18 07:44:29,641 - 未找到预测 CSV 文件，等待 30 秒后重试...
2025-01-18 07:44:59,647 - 未找到预测 CSV 文件，等待 30 秒后重试...
2025-01-18 07:45:29,649 - 未找到预测 CSV 文件，等待 30 秒后重试...
2025-01-18 07:45:59,661 - 未找到预测 CSV 文件，等待 30 秒后重试...
2025-01-18 07:46:29,677 - 未找到预测 CSV 文件，等待 30 秒后重试...
2025-01-18 07:46:59,688 - 未找到预测 CSV 文件，等待 30 秒后重试...
2025-01-18 07:47:29,700 - 未找到预测 CSV 文件，等待 30 秒后重试...
2025-01-18 07:47:59,703 - 未找到预测 CSV 文件，等待 30 秒后重试...
2025-01-18 07:48:29,714 - 未找到预测 CSV 文件，等待 30 秒后重试...
2025-01-18 07:48:59,731 - 未找到预测 CSV 文件，等待 30 秒后重试...
2025-01-18 07:49:29,739 - 未找到预测 CSV 文件，等待 30 秒后重试...
2025-01-18 07:49:59,740 - 未找到预测 CSV 文件，等待 30 秒后重试...
2025-01-18 07:50:29,754 - 未找到预测 CSV 文件，等待 30 秒后重试...
2025-01-18 07:50:59,765 - 未找到预测 CSV 文件，等待 30 秒后重试...
2025-01-18 07:51:29,777 - 未找到预测 CSV 文件，等待 30 秒后重试...
2025-01-18 07:51:59,788 - 未找到预测 CSV 文件，等待 30 秒后重试...
2025-01-18 07:52:29,795 - 未找到预测 CSV 文件，等待 30 秒后重试...
2025-01-18 07:52:59,799 - 未找到预测 CSV 文件，等待 30 秒后重试...
2025-01-18 07:53:29,808 - 未找到预测 CSV 文件，等待 30 秒后重试...
2025-01-18 07:53:59,811 - 未找到预测 CSV 文件，等待 30 秒后重试...
2025-01-18 07:54:29,826 - 未找到预测 CSV 文件，等待 30 秒后重试...
2025-01-18 07:54:59,843 - 未找到预测 CSV 文件，等待 30 秒后重试...
2025-01-18 07:55:29,858 - 未找到预测 CSV 文件，等待 30 秒后重试...
2025-01-18 07:55:59,874 - 未找到预测 CSV 文件，等待 30 秒后重试...
2025-01-18 07:56:29,880 - 未找到预测 CSV 文件，等待 30 秒后重试...
2025-01-18 07:56:59,891 - 未找到预测 CSV 文件，等待 30 秒后重试...
2025-01-18 07:57:29,902 - 未找到预测 CSV 文件，等待 30 秒后重试...
2025-01-18 07:57:59,912 - 未找到预测 CSV 文件，等待 30 秒后重试...
2025-01-18 07:58:29,919 - 未找到预测 CSV 文件，等待 30 秒后重试...
2025-01-18 07:58:59,923 - 未找到预测 CSV 文件，等待 30 秒后重试...
2025-01-18 07:59:29,929 - 未找到预测 CSV 文件，等待 30 秒后重试...
2025-01-18 07:59:59,934 - 未找到预测 CSV 文件，等待 30 秒后重试...
2025-01-18 08:00:29,936 - 未找到预测 CSV 文件，等待 30 秒后重试...
2025-01-18 08:00:59,938 - 未找到预测 CSV 文件，等待 30 秒后重试...
2025-01-18 08:01:29,950 - 未找到预测 CSV 文件，等待 30 秒后重试...
2025-01-18 08:01:59,956 - 未找到预测 CSV 文件，等待 30 秒后重试...
2025-01-18 08:02:29,964 - 未找到预测 CSV 文件，等待 30 秒后重试...
2025-01-18 08:02:59,978 - 未找到预测 CSV 文件，等待 30 秒后重试...
2025-01-18 08:03:29,980 - 未找到预测 CSV 文件，等待 30 秒后重试...
2025-01-18 08:03:59,988 - 未找到预测 CSV 文件，等待 30 秒后重试...
2025-01-18 08:04:30,001 - 未找到预测 CSV 文件，等待 30 秒后重试...
2025-01-18 08:05:00,005 - 未找到预测 CSV 文件，等待 30 秒后重试...
2025-01-18 08:05:30,017 - 未找到预测 CSV 文件，等待 30 秒后重试...
2025-01-18 08:06:00,030 - 未找到预测 CSV 文件，等待 30 秒后重试...
2025-01-18 08:06:30,041 - 未找到预测 CSV 文件，等待 30 秒后重试...
2025-01-18 08:07:00,048 - 未找到预测 CSV 文件，等待 30 秒后重试...
2025-01-18 08:07:30,058 - 未找到预测 CSV 文件，等待 30 秒后重试...
2025-01-18 08:08:00,066 - 未找到预测 CSV 文件，等待 30 秒后重试...
2025-01-18 08:08:30,070 - 未找到预测 CSV 文件，等待 30 秒后重试...
2025-01-18 08:09:00,084 - 未找到预测 CSV 文件，等待 30 秒后重试...
2025-01-18 08:09:30,095 - 未找到预测 CSV 文件，等待 30 秒后重试...
2025-01-18 08:10:00,100 - 未找到预测 CSV 文件，等待 30 秒后重试...
2025-01-18 08:10:30,106 - 未找到预测 CSV 文件，等待 30 秒后重试...
2025-01-18 08:11:00,119 - 未找到预测 CSV 文件，等待 30 秒后重试...
2025-01-18 08:11:30,127 - 未找到预测 CSV 文件，等待 30 秒后重试...
2025-01-18 08:12:00,140 - 未找到预测 CSV 文件，等待 30 秒后重试...
2025-01-18 08:12:30,141 - 未找到预测 CSV 文件，等待 30 秒后重试...
2025-01-18 08:13:00,145 - 未找到预测 CSV 文件，等待 30 秒后重试...
2025-01-18 08:13:30,156 - 未找到预测 CSV 文件，等待 30 秒后重试...
2025-01-18 08:14:00,159 - 未找到预测 CSV 文件，等待 30 秒后重试...
2025-01-18 08:14:30,162 - 未找到预测 CSV 文件，等待 30 秒后重试...
2025-01-18 08:15:00,163 - 未找到预测 CSV 文件，等待 30 秒后重试...
2025-01-18 08:15:30,170 - 未找到预测 CSV 文件，等待 30 秒后重试...
2025-01-18 08:16:00,176 - 未找到预测 CSV 文件，等待 30 秒后重试...
2025-01-18 08:16:30,184 - 未找到预测 CSV 文件，等待 30 秒后重试...
2025-01-18 08:17:00,198 - 未找到预测 CSV 文件，等待 30 秒后重试...
2025-01-18 08:17:30,205 - 未找到预测 CSV 文件，等待 30 秒后重试...
2025-01-18 08:18:00,218 - 未找到预测 CSV 文件，等待 30 秒后重试...
2025-01-18 08:18:30,229 - 未找到预测 CSV 文件，等待 30 秒后重试...
2025-01-18 08:19:00,246 - 未找到预测 CSV 文件，等待 30 秒后重试...
2025-01-18 08:19:30,256 - 未找到预测 CSV 文件，等待 30 秒后重试...
2025-01-18 08:20:00,268 - 未找到预测 CSV 文件，等待 30 秒后重试...
2025-01-18 08:20:30,282 - 未找到预测 CSV 文件，等待 30 秒后重试...
2025-01-18 08:21:00,298 - 未找到预测 CSV 文件，等待 30 秒后重试...
2025-01-18 08:21:30,312 - 未找到预测 CSV 文件，等待 30 秒后重试...
2025-01-18 08:22:00,328 - 未找到预测 CSV 文件，等待 30 秒后重试...
2025-01-18 08:22:30,339 - 未找到预测 CSV 文件，等待 30 秒后重试...
2025-01-18 08:23:00,353 - 未找到预测 CSV 文件，等待 30 秒后重试...
2025-01-18 08:23:30,368 - 未找到预测 CSV 文件，等待 30 秒后重试...
2025-01-18 08:24:00,383 - 未找到预测 CSV 文件，等待 30 秒后重试...
2025-01-18 08:24:30,389 - 未找到预测 CSV 文件，等待 30 秒后重试...
2025-01-18 08:25:00,397 - 未找到预测 CSV 文件，等待 30 秒后重试...
2025-01-18 08:25:30,412 - 未找到预测 CSV 文件，等待 30 秒后重试...
2025-01-18 08:26:00,417 - 未找到预测 CSV 文件，等待 30 秒后重试...
2025-01-18 08:26:30,430 - 未找到预测 CSV 文件，等待 30 秒后重试...
2025-01-18 08:27:00,443 - 未找到预测 CSV 文件，等待 30 秒后重试...
2025-01-18 08:27:30,449 - 未找到预测 CSV 文件，等待 30 秒后重试...
2025-01-18 08:28:00,464 - 未找到预测 CSV 文件，等待 30 秒后重试...
2025-01-18 08:28:30,468 - 未找到预测 CSV 文件，等待 30 秒后重试...
2025-01-18 08:29:00,483 - 未找到预测 CSV 文件，等待 30 秒后重试...
2025-01-18 08:29:30,486 - 未找到预测 CSV 文件，等待 30 秒后重试...
2025-01-18 08:30:00,494 - 未找到预测 CSV 文件，等待 30 秒后重试...
2025-01-18 08:30:30,509 - 未找到预测 CSV 文件，等待 30 秒后重试...
2025-01-18 08:31:00,513 - 发现新的预测文件：D:\my-vue-project\wind-power-forecast\backend\auto_scripts\precsv\middlecsv\20250118.csv，执行预测...
2025-01-18 08:31:00,609 - 今天的训练和预测任务已完成。
2025-01-18 21:48:49,626 - 今天的日期是: 20250118
2025-01-18 21:48:49,627 - 开始监视 D:\my-vue-project\wind-power-forecast\backend\auto_scripts\dataset\dataset_middle 文件夹以进行训练...
2025-01-18 21:48:49,627 - 今天的训练已经执行过，跳过...
2025-01-18 21:48:49,627 - 开始监视 D:\my-vue-project\wind-power-forecast\backend\auto_scripts\precsv\middlecsv 文件夹以进行预测...
2025-01-18 21:48:49,628 - 今天的预测已经执行过，跳过...
2025-01-18 21:48:49,628 - 今天的训练和预测任务已完成。
2025-01-18 21:49:20,245 - 今天的日期是: 20250118
2025-01-18 21:49:20,247 - 开始监视 D:\my-vue-project\wind-power-forecast\backend\auto_scripts\dataset\dataset_middle 文件夹以进行训练...
2025-01-18 21:49:20,248 - 开始监视 D:\my-vue-project\wind-power-forecast\backend\auto_scripts\precsv\middlecsv 文件夹以进行预测...
2025-01-18 21:49:20,248 - 今天的训练已经执行过，跳过...
2025-01-18 21:49:20,248 - 今天的预测已经执行过，跳过...
2025-01-18 21:49:20,248 - 今天的训练和预测任务已完成。
