2025-01-15 01:00:32,905 - 今天的日期是: 20250115
2025-01-15 01:00:32,906 - 开始监视 D:\my-vue-project\wind-power-forecast\backend\auto_scripts\dataset\dataset_middle 文件夹以进行训练...
2025-01-15 01:00:32,907 - 发现新的训练文件：D:\my-vue-project\wind-power-forecast\backend\auto_scripts\dataset\dataset_middle\20250115.csv，执行训练...
2025-01-15 01:00:32,907 - 开始监视 D:\my-vue-project\wind-power-forecast\backend\auto_scripts\precsv\middlecsv 文件夹以进行预测...
2025-01-15 01:00:32,907 - 输出结果将保存到: D:\my-vue-project\wind-power-forecast\backend\auto_scripts\train_predictions\middle_predictions
2025-01-15 01:00:32,907 - 未有可用模型，等待模型训练完成...
2025-01-15 01:00:34,717 - 数据加载与预处理完成
2025-01-15 01:00:35,218 - 数据标准化完成
2025-01-15 01:00:36,336 - 创建时间窗口完成
2025-01-15 01:00:36,336 - 获取模型参数完成
2025-01-15 01:01:02,916 - 未有可用模型，等待模型训练完成...
2025-01-15 01:01:32,958 - 未有可用模型，等待模型训练完成...
2025-01-15 01:02:02,960 - 未有可用模型，等待模型训练完成...
2025-01-15 01:02:32,977 - 未有可用模型，等待模型训练完成...
2025-01-15 01:03:02,986 - 未有可用模型，等待模型训练完成...
2025-01-15 01:03:32,987 - 未有可用模型，等待模型训练完成...
2025-01-15 01:04:02,998 - 未有可用模型，等待模型训练完成...
2025-01-15 01:04:33,004 - 未有可用模型，等待模型训练完成...
2025-01-15 01:05:03,005 - 未有可用模型，等待模型训练完成...
2025-01-15 01:05:27,735 - 训练与评估完成
2025-01-15 01:05:27,754 - 保存预测结果完成
2025-01-15 01:05:27,967 - 可视化结果完成
2025-01-15 01:05:28,107 - 模型已成功保存到 D:\my-vue-project\wind-power-forecast\backend\auto_scripts\models\middlemodel\20250115，模型可用。
2025-01-15 01:05:33,015 - 未找到预测 CSV 文件，等待 30 秒后重试...
2025-01-15 01:06:03,022 - 未找到预测 CSV 文件，等待 30 秒后重试...
2025-01-15 01:06:33,038 - 未找到预测 CSV 文件，等待 30 秒后重试...
2025-01-15 01:07:03,044 - 未找到预测 CSV 文件，等待 30 秒后重试...
2025-01-15 01:07:33,048 - 未找到预测 CSV 文件，等待 30 秒后重试...
2025-01-15 01:08:03,055 - 未找到预测 CSV 文件，等待 30 秒后重试...
2025-01-15 01:08:33,062 - 未找到预测 CSV 文件，等待 30 秒后重试...
2025-01-15 01:09:03,067 - 未找到预测 CSV 文件，等待 30 秒后重试...
2025-01-15 01:09:33,070 - 未找到预测 CSV 文件，等待 30 秒后重试...
2025-01-15 01:10:03,079 - 未找到预测 CSV 文件，等待 30 秒后重试...
2025-01-15 01:10:33,089 - 未找到预测 CSV 文件，等待 30 秒后重试...
2025-01-15 01:11:03,100 - 未找到预测 CSV 文件，等待 30 秒后重试...
2025-01-15 01:11:33,112 - 未找到预测 CSV 文件，等待 30 秒后重试...
2025-01-15 01:12:03,126 - 未找到预测 CSV 文件，等待 30 秒后重试...
2025-01-15 01:12:33,140 - 未找到预测 CSV 文件，等待 30 秒后重试...
2025-01-15 01:13:03,155 - 未找到预测 CSV 文件，等待 30 秒后重试...
2025-01-15 01:13:33,158 - 未找到预测 CSV 文件，等待 30 秒后重试...
2025-01-15 01:14:03,169 - 未找到预测 CSV 文件，等待 30 秒后重试...
2025-01-15 01:14:33,177 - 未找到预测 CSV 文件，等待 30 秒后重试...
2025-01-15 01:15:03,180 - 未找到预测 CSV 文件，等待 30 秒后重试...
2025-01-15 01:15:33,182 - 未找到预测 CSV 文件，等待 30 秒后重试...
2025-01-15 01:16:03,189 - 未找到预测 CSV 文件，等待 30 秒后重试...
2025-01-15 01:16:33,202 - 未找到预测 CSV 文件，等待 30 秒后重试...
2025-01-15 01:17:03,208 - 未找到预测 CSV 文件，等待 30 秒后重试...
2025-01-15 01:17:33,216 - 未找到预测 CSV 文件，等待 30 秒后重试...
2025-01-15 01:18:03,225 - 未找到预测 CSV 文件，等待 30 秒后重试...
2025-01-15 01:18:33,234 - 未找到预测 CSV 文件，等待 30 秒后重试...
2025-01-15 01:19:03,243 - 未找到预测 CSV 文件，等待 30 秒后重试...
2025-01-15 01:19:33,251 - 未找到预测 CSV 文件，等待 30 秒后重试...
2025-01-15 01:20:03,258 - 未找到预测 CSV 文件，等待 30 秒后重试...
2025-01-15 01:20:33,260 - 未找到预测 CSV 文件，等待 30 秒后重试...
2025-01-15 01:21:03,261 - 未找到预测 CSV 文件，等待 30 秒后重试...
2025-01-15 01:21:33,275 - 未找到预测 CSV 文件，等待 30 秒后重试...
2025-01-15 01:22:03,281 - 未找到预测 CSV 文件，等待 30 秒后重试...
2025-01-15 01:22:33,288 - 未找到预测 CSV 文件，等待 30 秒后重试...
2025-01-15 01:23:03,290 - 未找到预测 CSV 文件，等待 30 秒后重试...
2025-01-15 01:23:33,304 - 未找到预测 CSV 文件，等待 30 秒后重试...
2025-01-15 01:24:03,319 - 未找到预测 CSV 文件，等待 30 秒后重试...
2025-01-15 01:24:33,324 - 未找到预测 CSV 文件，等待 30 秒后重试...
2025-01-15 01:25:03,341 - 未找到预测 CSV 文件，等待 30 秒后重试...
2025-01-15 01:25:33,351 - 未找到预测 CSV 文件，等待 30 秒后重试...
2025-01-15 01:26:03,362 - 未找到预测 CSV 文件，等待 30 秒后重试...
2025-01-15 01:26:33,375 - 未找到预测 CSV 文件，等待 30 秒后重试...
2025-01-15 01:27:03,387 - 未找到预测 CSV 文件，等待 30 秒后重试...
2025-01-15 01:27:33,395 - 未找到预测 CSV 文件，等待 30 秒后重试...
2025-01-15 01:28:03,401 - 未找到预测 CSV 文件，等待 30 秒后重试...
2025-01-15 01:28:33,403 - 未找到预测 CSV 文件，等待 30 秒后重试...
2025-01-15 01:29:03,406 - 未找到预测 CSV 文件，等待 30 秒后重试...
2025-01-15 01:29:33,411 - 未找到预测 CSV 文件，等待 30 秒后重试...
2025-01-15 01:30:03,414 - 未找到预测 CSV 文件，等待 30 秒后重试...
2025-01-15 01:30:33,419 - 未找到预测 CSV 文件，等待 30 秒后重试...
2025-01-15 01:31:03,427 - 未找到预测 CSV 文件，等待 30 秒后重试...
2025-01-15 01:31:33,443 - 未找到预测 CSV 文件，等待 30 秒后重试...
2025-01-15 01:32:03,446 - 未找到预测 CSV 文件，等待 30 秒后重试...
2025-01-15 01:32:33,454 - 未找到预测 CSV 文件，等待 30 秒后重试...
2025-01-15 01:33:03,456 - 未找到预测 CSV 文件，等待 30 秒后重试...
2025-01-15 01:33:33,464 - 未找到预测 CSV 文件，等待 30 秒后重试...
2025-01-15 01:34:03,474 - 未找到预测 CSV 文件，等待 30 秒后重试...
2025-01-15 01:34:33,492 - 未找到预测 CSV 文件，等待 30 秒后重试...
2025-01-15 01:35:03,501 - 未找到预测 CSV 文件，等待 30 秒后重试...
2025-01-15 01:35:33,506 - 未找到预测 CSV 文件，等待 30 秒后重试...
2025-01-15 01:36:03,514 - 未找到预测 CSV 文件，等待 30 秒后重试...
2025-01-15 01:36:33,521 - 未找到预测 CSV 文件，等待 30 秒后重试...
2025-01-15 01:37:03,535 - 未找到预测 CSV 文件，等待 30 秒后重试...
2025-01-15 01:37:33,543 - 未找到预测 CSV 文件，等待 30 秒后重试...
2025-01-15 01:38:03,551 - 未找到预测 CSV 文件，等待 30 秒后重试...
2025-01-15 01:38:33,564 - 未找到预测 CSV 文件，等待 30 秒后重试...
2025-01-15 01:39:03,580 - 未找到预测 CSV 文件，等待 30 秒后重试...
2025-01-15 01:39:33,582 - 未找到预测 CSV 文件，等待 30 秒后重试...
2025-01-15 01:40:03,598 - 未找到预测 CSV 文件，等待 30 秒后重试...
2025-01-15 01:40:33,599 - 未找到预测 CSV 文件，等待 30 秒后重试...
2025-01-15 01:41:03,608 - 未找到预测 CSV 文件，等待 30 秒后重试...
2025-01-15 01:41:33,619 - 未找到预测 CSV 文件，等待 30 秒后重试...
2025-01-15 01:42:03,628 - 未找到预测 CSV 文件，等待 30 秒后重试...
2025-01-15 01:42:33,634 - 未找到预测 CSV 文件，等待 30 秒后重试...
2025-01-15 01:43:03,642 - 未找到预测 CSV 文件，等待 30 秒后重试...
2025-01-15 01:43:33,649 - 未找到预测 CSV 文件，等待 30 秒后重试...
2025-01-15 01:44:03,654 - 未找到预测 CSV 文件，等待 30 秒后重试...
2025-01-15 01:44:33,665 - 未找到预测 CSV 文件，等待 30 秒后重试...
2025-01-15 01:45:03,668 - 未找到预测 CSV 文件，等待 30 秒后重试...
2025-01-15 01:45:33,669 - 未找到预测 CSV 文件，等待 30 秒后重试...
2025-01-15 01:46:03,676 - 未找到预测 CSV 文件，等待 30 秒后重试...
2025-01-15 01:46:33,680 - 未找到预测 CSV 文件，等待 30 秒后重试...
2025-01-15 01:47:03,692 - 未找到预测 CSV 文件，等待 30 秒后重试...
2025-01-15 01:47:33,697 - 未找到预测 CSV 文件，等待 30 秒后重试...
2025-01-15 01:48:03,699 - 未找到预测 CSV 文件，等待 30 秒后重试...
2025-01-15 01:48:33,700 - 未找到预测 CSV 文件，等待 30 秒后重试...
2025-01-15 01:49:03,702 - 未找到预测 CSV 文件，等待 30 秒后重试...
2025-01-15 01:49:33,708 - 未找到预测 CSV 文件，等待 30 秒后重试...
2025-01-15 01:50:03,722 - 未找到预测 CSV 文件，等待 30 秒后重试...
2025-01-15 01:50:33,727 - 未找到预测 CSV 文件，等待 30 秒后重试...
2025-01-15 01:51:03,737 - 未找到预测 CSV 文件，等待 30 秒后重试...
2025-01-15 01:51:33,751 - 未找到预测 CSV 文件，等待 30 秒后重试...
2025-01-15 01:52:03,760 - 未找到预测 CSV 文件，等待 30 秒后重试...
2025-01-15 01:52:33,770 - 未找到预测 CSV 文件，等待 30 秒后重试...
2025-01-15 01:53:03,786 - 未找到预测 CSV 文件，等待 30 秒后重试...
2025-01-15 01:53:33,801 - 未找到预测 CSV 文件，等待 30 秒后重试...
2025-01-15 01:54:03,813 - 未找到预测 CSV 文件，等待 30 秒后重试...
2025-01-15 01:54:33,815 - 未找到预测 CSV 文件，等待 30 秒后重试...
2025-01-15 01:55:03,826 - 未找到预测 CSV 文件，等待 30 秒后重试...
2025-01-15 01:55:33,840 - 未找到预测 CSV 文件，等待 30 秒后重试...
2025-01-15 01:56:03,849 - 未找到预测 CSV 文件，等待 30 秒后重试...
2025-01-15 01:56:33,861 - 未找到预测 CSV 文件，等待 30 秒后重试...
2025-01-15 01:57:03,868 - 未找到预测 CSV 文件，等待 30 秒后重试...
2025-01-15 01:57:33,875 - 未找到预测 CSV 文件，等待 30 秒后重试...
2025-01-15 01:58:03,882 - 未找到预测 CSV 文件，等待 30 秒后重试...
2025-01-15 01:58:33,888 - 未找到预测 CSV 文件，等待 30 秒后重试...
2025-01-15 01:59:03,900 - 未找到预测 CSV 文件，等待 30 秒后重试...
2025-01-15 01:59:33,905 - 未找到预测 CSV 文件，等待 30 秒后重试...
2025-01-15 02:00:03,920 - 未找到预测 CSV 文件，等待 30 秒后重试...
2025-01-15 02:00:33,935 - 未找到预测 CSV 文件，等待 30 秒后重试...
2025-01-15 02:01:03,950 - 未找到预测 CSV 文件，等待 30 秒后重试...
2025-01-15 02:01:33,962 - 未找到预测 CSV 文件，等待 30 秒后重试...
2025-01-15 02:02:03,977 - 未找到预测 CSV 文件，等待 30 秒后重试...
2025-01-15 02:02:33,985 - 未找到预测 CSV 文件，等待 30 秒后重试...
2025-01-15 02:03:03,999 - 未找到预测 CSV 文件，等待 30 秒后重试...
2025-01-15 02:03:34,000 - 未找到预测 CSV 文件，等待 30 秒后重试...
2025-01-15 02:04:04,014 - 未找到预测 CSV 文件，等待 30 秒后重试...
2025-01-15 02:04:34,019 - 未找到预测 CSV 文件，等待 30 秒后重试...
2025-01-15 02:05:04,032 - 未找到预测 CSV 文件，等待 30 秒后重试...
2025-01-15 02:05:34,047 - 未找到预测 CSV 文件，等待 30 秒后重试...
2025-01-15 02:06:04,059 - 未找到预测 CSV 文件，等待 30 秒后重试...
2025-01-15 02:06:34,064 - 未找到预测 CSV 文件，等待 30 秒后重试...
2025-01-15 02:07:04,074 - 未找到预测 CSV 文件，等待 30 秒后重试...
2025-01-15 02:07:34,085 - 未找到预测 CSV 文件，等待 30 秒后重试...
2025-01-15 02:08:04,096 - 未找到预测 CSV 文件，等待 30 秒后重试...
2025-01-15 02:08:34,099 - 未找到预测 CSV 文件，等待 30 秒后重试...
2025-01-15 02:09:04,104 - 未找到预测 CSV 文件，等待 30 秒后重试...
2025-01-15 02:09:34,119 - 未找到预测 CSV 文件，等待 30 秒后重试...
2025-01-15 02:10:04,125 - 未找到预测 CSV 文件，等待 30 秒后重试...
2025-01-15 02:10:34,133 - 未找到预测 CSV 文件，等待 30 秒后重试...
2025-01-15 02:11:04,148 - 未找到预测 CSV 文件，等待 30 秒后重试...
2025-01-15 02:11:34,161 - 未找到预测 CSV 文件，等待 30 秒后重试...
2025-01-15 02:12:04,166 - 未找到预测 CSV 文件，等待 30 秒后重试...
2025-01-15 02:12:34,181 - 未找到预测 CSV 文件，等待 30 秒后重试...
2025-01-15 02:13:04,183 - 未找到预测 CSV 文件，等待 30 秒后重试...
2025-01-15 02:13:34,199 - 未找到预测 CSV 文件，等待 30 秒后重试...
2025-01-15 02:14:04,214 - 未找到预测 CSV 文件，等待 30 秒后重试...
2025-01-15 02:14:34,221 - 未找到预测 CSV 文件，等待 30 秒后重试...
2025-01-15 02:15:04,225 - 未找到预测 CSV 文件，等待 30 秒后重试...
2025-01-15 02:15:34,227 - 未找到预测 CSV 文件，等待 30 秒后重试...
2025-01-15 02:16:04,237 - 未找到预测 CSV 文件，等待 30 秒后重试...
2025-01-15 02:16:34,244 - 未找到预测 CSV 文件，等待 30 秒后重试...
2025-01-15 02:17:04,258 - 未找到预测 CSV 文件，等待 30 秒后重试...
2025-01-15 02:17:34,268 - 未找到预测 CSV 文件，等待 30 秒后重试...
2025-01-15 02:18:04,276 - 未找到预测 CSV 文件，等待 30 秒后重试...
2025-01-15 02:18:34,281 - 未找到预测 CSV 文件，等待 30 秒后重试...
2025-01-15 02:19:04,290 - 未找到预测 CSV 文件，等待 30 秒后重试...
2025-01-15 02:19:34,296 - 未找到预测 CSV 文件，等待 30 秒后重试...
2025-01-15 02:20:04,299 - 未找到预测 CSV 文件，等待 30 秒后重试...
2025-01-15 02:20:34,313 - 未找到预测 CSV 文件，等待 30 秒后重试...
2025-01-15 02:21:04,329 - 未找到预测 CSV 文件，等待 30 秒后重试...
2025-01-15 02:21:34,341 - 未找到预测 CSV 文件，等待 30 秒后重试...
2025-01-15 02:22:04,344 - 未找到预测 CSV 文件，等待 30 秒后重试...
2025-01-15 02:22:34,356 - 未找到预测 CSV 文件，等待 30 秒后重试...
2025-01-15 02:23:04,364 - 未找到预测 CSV 文件，等待 30 秒后重试...
2025-01-15 02:23:34,370 - 未找到预测 CSV 文件，等待 30 秒后重试...
2025-01-15 02:24:04,380 - 未找到预测 CSV 文件，等待 30 秒后重试...
2025-01-15 02:24:34,384 - 未找到预测 CSV 文件，等待 30 秒后重试...
2025-01-15 02:25:04,400 - 未找到预测 CSV 文件，等待 30 秒后重试...
2025-01-15 02:25:34,402 - 未找到预测 CSV 文件，等待 30 秒后重试...
2025-01-15 02:26:04,416 - 未找到预测 CSV 文件，等待 30 秒后重试...
2025-01-15 02:26:34,423 - 未找到预测 CSV 文件，等待 30 秒后重试...
2025-01-15 02:27:04,438 - 未找到预测 CSV 文件，等待 30 秒后重试...
2025-01-15 02:27:34,444 - 未找到预测 CSV 文件，等待 30 秒后重试...
2025-01-15 02:28:04,447 - 未找到预测 CSV 文件，等待 30 秒后重试...
2025-01-15 02:28:34,461 - 未找到预测 CSV 文件，等待 30 秒后重试...
2025-01-15 02:29:04,473 - 未找到预测 CSV 文件，等待 30 秒后重试...
2025-01-15 02:29:34,478 - 未找到预测 CSV 文件，等待 30 秒后重试...
2025-01-15 02:30:04,480 - 未找到预测 CSV 文件，等待 30 秒后重试...
2025-01-15 02:30:34,484 - 未找到预测 CSV 文件，等待 30 秒后重试...
2025-01-15 02:31:04,497 - 未找到预测 CSV 文件，等待 30 秒后重试...
2025-01-15 02:31:34,505 - 未找到预测 CSV 文件，等待 30 秒后重试...
2025-01-15 02:32:04,513 - 未找到预测 CSV 文件，等待 30 秒后重试...
2025-01-15 02:32:34,519 - 未找到预测 CSV 文件，等待 30 秒后重试...
2025-01-15 02:33:04,525 - 未找到预测 CSV 文件，等待 30 秒后重试...
2025-01-15 02:33:34,538 - 未找到预测 CSV 文件，等待 30 秒后重试...
2025-01-15 02:34:04,541 - 未找到预测 CSV 文件，等待 30 秒后重试...
2025-01-15 02:34:34,545 - 未找到预测 CSV 文件，等待 30 秒后重试...
2025-01-15 02:35:04,562 - 未找到预测 CSV 文件，等待 30 秒后重试...
2025-01-15 02:35:34,569 - 未找到预测 CSV 文件，等待 30 秒后重试...
2025-01-15 02:36:04,575 - 未找到预测 CSV 文件，等待 30 秒后重试...
2025-01-15 02:36:34,579 - 未找到预测 CSV 文件，等待 30 秒后重试...
2025-01-15 02:37:04,594 - 未找到预测 CSV 文件，等待 30 秒后重试...
2025-01-15 02:37:34,608 - 未找到预测 CSV 文件，等待 30 秒后重试...
2025-01-15 02:38:04,614 - 未找到预测 CSV 文件，等待 30 秒后重试...
2025-01-15 02:38:34,627 - 未找到预测 CSV 文件，等待 30 秒后重试...
2025-01-15 02:39:04,636 - 未找到预测 CSV 文件，等待 30 秒后重试...
2025-01-15 02:39:34,640 - 未找到预测 CSV 文件，等待 30 秒后重试...
2025-01-15 02:40:04,649 - 未找到预测 CSV 文件，等待 30 秒后重试...
2025-01-15 02:40:34,653 - 未找到预测 CSV 文件，等待 30 秒后重试...
2025-01-15 02:41:04,662 - 未找到预测 CSV 文件，等待 30 秒后重试...
2025-01-15 02:41:34,673 - 未找到预测 CSV 文件，等待 30 秒后重试...
2025-01-15 02:42:04,688 - 未找到预测 CSV 文件，等待 30 秒后重试...
2025-01-15 02:42:34,694 - 未找到预测 CSV 文件，等待 30 秒后重试...
2025-01-15 02:43:04,709 - 未找到预测 CSV 文件，等待 30 秒后重试...
2025-01-15 02:43:34,718 - 未找到预测 CSV 文件，等待 30 秒后重试...
2025-01-15 02:44:04,723 - 未找到预测 CSV 文件，等待 30 秒后重试...
2025-01-15 02:44:34,731 - 未找到预测 CSV 文件，等待 30 秒后重试...
2025-01-15 02:45:04,746 - 未找到预测 CSV 文件，等待 30 秒后重试...
2025-01-15 02:45:34,756 - 未找到预测 CSV 文件，等待 30 秒后重试...
2025-01-15 02:46:04,768 - 未找到预测 CSV 文件，等待 30 秒后重试...
2025-01-15 02:46:34,776 - 未找到预测 CSV 文件，等待 30 秒后重试...
2025-01-15 02:47:04,784 - 未找到预测 CSV 文件，等待 30 秒后重试...
2025-01-15 02:47:34,787 - 未找到预测 CSV 文件，等待 30 秒后重试...
2025-01-15 02:48:04,802 - 未找到预测 CSV 文件，等待 30 秒后重试...
2025-01-15 02:48:34,819 - 未找到预测 CSV 文件，等待 30 秒后重试...
2025-01-15 02:49:04,835 - 未找到预测 CSV 文件，等待 30 秒后重试...
2025-01-15 02:49:34,842 - 未找到预测 CSV 文件，等待 30 秒后重试...
2025-01-15 02:50:04,848 - 未找到预测 CSV 文件，等待 30 秒后重试...
2025-01-15 02:50:34,848 - 未找到预测 CSV 文件，等待 30 秒后重试...
2025-01-15 02:51:04,857 - 未找到预测 CSV 文件，等待 30 秒后重试...
2025-01-15 02:51:34,871 - 未找到预测 CSV 文件，等待 30 秒后重试...
2025-01-15 02:52:04,874 - 未找到预测 CSV 文件，等待 30 秒后重试...
2025-01-15 02:52:34,887 - 未找到预测 CSV 文件，等待 30 秒后重试...
2025-01-15 02:53:04,892 - 未找到预测 CSV 文件，等待 30 秒后重试...
2025-01-15 02:53:34,894 - 未找到预测 CSV 文件，等待 30 秒后重试...
2025-01-15 02:54:04,906 - 未找到预测 CSV 文件，等待 30 秒后重试...
2025-01-15 02:54:34,918 - 未找到预测 CSV 文件，等待 30 秒后重试...
2025-01-15 02:55:04,929 - 未找到预测 CSV 文件，等待 30 秒后重试...
2025-01-15 02:55:34,942 - 未找到预测 CSV 文件，等待 30 秒后重试...
2025-01-15 02:56:04,946 - 未找到预测 CSV 文件，等待 30 秒后重试...
2025-01-15 02:56:34,955 - 未找到预测 CSV 文件，等待 30 秒后重试...
2025-01-15 02:57:04,964 - 未找到预测 CSV 文件，等待 30 秒后重试...
2025-01-15 02:57:34,970 - 未找到预测 CSV 文件，等待 30 秒后重试...
2025-01-15 02:58:04,974 - 未找到预测 CSV 文件，等待 30 秒后重试...
2025-01-15 02:58:34,987 - 未找到预测 CSV 文件，等待 30 秒后重试...
2025-01-15 02:59:04,998 - 未找到预测 CSV 文件，等待 30 秒后重试...
2025-01-15 02:59:35,008 - 未找到预测 CSV 文件，等待 30 秒后重试...
2025-01-15 03:00:05,018 - 未找到预测 CSV 文件，等待 30 秒后重试...
2025-01-15 03:00:35,030 - 未找到预测 CSV 文件，等待 30 秒后重试...
2025-01-15 03:01:05,046 - 未找到预测 CSV 文件，等待 30 秒后重试...
2025-01-15 03:01:35,059 - 未找到预测 CSV 文件，等待 30 秒后重试...
2025-01-15 03:02:05,068 - 未找到预测 CSV 文件，等待 30 秒后重试...
2025-01-15 03:02:35,078 - 未找到预测 CSV 文件，等待 30 秒后重试...
2025-01-15 03:03:05,082 - 未找到预测 CSV 文件，等待 30 秒后重试...
2025-01-15 03:03:35,096 - 未找到预测 CSV 文件，等待 30 秒后重试...
2025-01-15 03:04:05,104 - 未找到预测 CSV 文件，等待 30 秒后重试...
2025-01-15 03:04:35,106 - 未找到预测 CSV 文件，等待 30 秒后重试...
2025-01-15 03:05:05,118 - 未找到预测 CSV 文件，等待 30 秒后重试...
2025-01-15 03:05:35,121 - 未找到预测 CSV 文件，等待 30 秒后重试...
2025-01-15 03:06:05,130 - 未找到预测 CSV 文件，等待 30 秒后重试...
2025-01-15 03:06:35,146 - 未找到预测 CSV 文件，等待 30 秒后重试...
2025-01-15 03:07:05,150 - 未找到预测 CSV 文件，等待 30 秒后重试...
2025-01-15 03:07:35,156 - 未找到预测 CSV 文件，等待 30 秒后重试...
2025-01-15 03:08:05,168 - 未找到预测 CSV 文件，等待 30 秒后重试...
2025-01-15 03:08:35,182 - 未找到预测 CSV 文件，等待 30 秒后重试...
2025-01-15 03:09:05,191 - 未找到预测 CSV 文件，等待 30 秒后重试...
2025-01-15 03:09:35,204 - 未找到预测 CSV 文件，等待 30 秒后重试...
2025-01-15 03:10:05,212 - 未找到预测 CSV 文件，等待 30 秒后重试...
2025-01-15 03:10:35,214 - 未找到预测 CSV 文件，等待 30 秒后重试...
2025-01-15 03:11:05,222 - 未找到预测 CSV 文件，等待 30 秒后重试...
2025-01-15 03:11:35,230 - 未找到预测 CSV 文件，等待 30 秒后重试...
2025-01-15 03:12:05,240 - 未找到预测 CSV 文件，等待 30 秒后重试...
2025-01-15 03:12:35,253 - 未找到预测 CSV 文件，等待 30 秒后重试...
2025-01-15 03:13:05,258 - 未找到预测 CSV 文件，等待 30 秒后重试...
2025-01-15 03:13:35,264 - 未找到预测 CSV 文件，等待 30 秒后重试...
2025-01-15 03:14:05,273 - 未找到预测 CSV 文件，等待 30 秒后重试...
2025-01-15 03:14:35,280 - 未找到预测 CSV 文件，等待 30 秒后重试...
2025-01-15 03:15:05,288 - 未找到预测 CSV 文件，等待 30 秒后重试...
2025-01-15 03:15:35,302 - 未找到预测 CSV 文件，等待 30 秒后重试...
2025-01-15 03:16:05,314 - 未找到预测 CSV 文件，等待 30 秒后重试...
2025-01-15 03:16:35,321 - 未找到预测 CSV 文件，等待 30 秒后重试...
2025-01-15 03:17:05,333 - 未找到预测 CSV 文件，等待 30 秒后重试...
2025-01-15 03:17:35,340 - 未找到预测 CSV 文件，等待 30 秒后重试...
2025-01-15 03:18:05,341 - 未找到预测 CSV 文件，等待 30 秒后重试...
2025-01-15 03:18:35,344 - 未找到预测 CSV 文件，等待 30 秒后重试...
2025-01-15 03:19:05,349 - 未找到预测 CSV 文件，等待 30 秒后重试...
2025-01-15 03:19:35,361 - 未找到预测 CSV 文件，等待 30 秒后重试...
2025-01-15 03:20:05,376 - 未找到预测 CSV 文件，等待 30 秒后重试...
2025-01-15 03:20:35,381 - 未找到预测 CSV 文件，等待 30 秒后重试...
2025-01-15 03:21:05,395 - 未找到预测 CSV 文件，等待 30 秒后重试...
2025-01-15 03:21:35,397 - 未找到预测 CSV 文件，等待 30 秒后重试...
2025-01-15 03:22:05,400 - 未找到预测 CSV 文件，等待 30 秒后重试...
2025-01-15 03:22:35,404 - 未找到预测 CSV 文件，等待 30 秒后重试...
2025-01-15 03:23:05,409 - 未找到预测 CSV 文件，等待 30 秒后重试...
2025-01-15 03:23:35,416 - 未找到预测 CSV 文件，等待 30 秒后重试...
2025-01-15 03:24:05,423 - 未找到预测 CSV 文件，等待 30 秒后重试...
2025-01-15 03:24:35,436 - 未找到预测 CSV 文件，等待 30 秒后重试...
2025-01-15 03:25:05,445 - 未找到预测 CSV 文件，等待 30 秒后重试...
2025-01-15 03:25:35,452 - 未找到预测 CSV 文件，等待 30 秒后重试...
2025-01-15 03:26:05,455 - 未找到预测 CSV 文件，等待 30 秒后重试...
2025-01-15 03:26:35,461 - 未找到预测 CSV 文件，等待 30 秒后重试...
2025-01-15 03:27:05,463 - 未找到预测 CSV 文件，等待 30 秒后重试...
2025-01-15 03:27:35,475 - 未找到预测 CSV 文件，等待 30 秒后重试...
2025-01-15 03:28:05,477 - 未找到预测 CSV 文件，等待 30 秒后重试...
2025-01-15 03:28:35,486 - 未找到预测 CSV 文件，等待 30 秒后重试...
2025-01-15 03:29:05,501 - 未找到预测 CSV 文件，等待 30 秒后重试...
2025-01-15 03:29:35,511 - 未找到预测 CSV 文件，等待 30 秒后重试...
2025-01-15 03:30:05,514 - 未找到预测 CSV 文件，等待 30 秒后重试...
2025-01-15 03:30:35,527 - 未找到预测 CSV 文件，等待 30 秒后重试...
2025-01-15 03:31:05,534 - 未找到预测 CSV 文件，等待 30 秒后重试...
2025-01-15 03:31:35,544 - 未找到预测 CSV 文件，等待 30 秒后重试...
2025-01-15 03:32:05,554 - 未找到预测 CSV 文件，等待 30 秒后重试...
2025-01-15 03:32:35,569 - 未找到预测 CSV 文件，等待 30 秒后重试...
2025-01-15 03:33:05,579 - 未找到预测 CSV 文件，等待 30 秒后重试...
2025-01-15 03:33:35,587 - 未找到预测 CSV 文件，等待 30 秒后重试...
2025-01-15 03:34:05,603 - 未找到预测 CSV 文件，等待 30 秒后重试...
2025-01-15 03:34:35,613 - 未找到预测 CSV 文件，等待 30 秒后重试...
2025-01-15 03:35:05,615 - 未找到预测 CSV 文件，等待 30 秒后重试...
2025-01-15 03:35:35,630 - 未找到预测 CSV 文件，等待 30 秒后重试...
2025-01-15 03:36:05,640 - 未找到预测 CSV 文件，等待 30 秒后重试...
2025-01-15 03:36:35,648 - 未找到预测 CSV 文件，等待 30 秒后重试...
2025-01-15 03:37:05,649 - 未找到预测 CSV 文件，等待 30 秒后重试...
2025-01-15 03:37:35,664 - 未找到预测 CSV 文件，等待 30 秒后重试...
2025-01-15 03:38:05,666 - 未找到预测 CSV 文件，等待 30 秒后重试...
2025-01-15 03:38:35,673 - 未找到预测 CSV 文件，等待 30 秒后重试...
2025-01-15 03:39:05,682 - 未找到预测 CSV 文件，等待 30 秒后重试...
2025-01-15 03:39:35,687 - 未找到预测 CSV 文件，等待 30 秒后重试...
2025-01-15 03:40:05,703 - 未找到预测 CSV 文件，等待 30 秒后重试...
2025-01-15 03:40:35,716 - 未找到预测 CSV 文件，等待 30 秒后重试...
2025-01-15 03:41:05,727 - 未找到预测 CSV 文件，等待 30 秒后重试...
2025-01-15 03:41:35,731 - 未找到预测 CSV 文件，等待 30 秒后重试...
2025-01-15 03:42:05,735 - 未找到预测 CSV 文件，等待 30 秒后重试...
2025-01-15 03:42:35,744 - 未找到预测 CSV 文件，等待 30 秒后重试...
2025-01-15 03:43:05,750 - 未找到预测 CSV 文件，等待 30 秒后重试...
2025-01-15 03:43:35,761 - 未找到预测 CSV 文件，等待 30 秒后重试...
2025-01-15 03:44:05,770 - 未找到预测 CSV 文件，等待 30 秒后重试...
2025-01-15 03:44:35,781 - 未找到预测 CSV 文件，等待 30 秒后重试...
2025-01-15 03:45:05,797 - 未找到预测 CSV 文件，等待 30 秒后重试...
2025-01-15 03:45:35,804 - 未找到预测 CSV 文件，等待 30 秒后重试...
2025-01-15 03:46:05,813 - 未找到预测 CSV 文件，等待 30 秒后重试...
2025-01-15 03:46:35,814 - 未找到预测 CSV 文件，等待 30 秒后重试...
2025-01-15 03:47:05,825 - 未找到预测 CSV 文件，等待 30 秒后重试...
2025-01-15 03:47:35,829 - 未找到预测 CSV 文件，等待 30 秒后重试...
2025-01-15 03:48:05,839 - 未找到预测 CSV 文件，等待 30 秒后重试...
2025-01-15 03:48:35,844 - 未找到预测 CSV 文件，等待 30 秒后重试...
2025-01-15 03:49:05,857 - 未找到预测 CSV 文件，等待 30 秒后重试...
2025-01-15 03:49:35,871 - 未找到预测 CSV 文件，等待 30 秒后重试...
2025-01-15 03:50:05,873 - 未找到预测 CSV 文件，等待 30 秒后重试...
2025-01-15 03:50:35,886 - 未找到预测 CSV 文件，等待 30 秒后重试...
2025-01-15 03:51:05,897 - 未找到预测 CSV 文件，等待 30 秒后重试...
2025-01-15 03:51:35,900 - 未找到预测 CSV 文件，等待 30 秒后重试...
2025-01-15 03:52:05,913 - 未找到预测 CSV 文件，等待 30 秒后重试...
2025-01-15 03:52:35,916 - 未找到预测 CSV 文件，等待 30 秒后重试...
2025-01-15 03:53:05,923 - 未找到预测 CSV 文件，等待 30 秒后重试...
2025-01-15 03:53:35,928 - 未找到预测 CSV 文件，等待 30 秒后重试...
2025-01-15 03:54:05,941 - 未找到预测 CSV 文件，等待 30 秒后重试...
2025-01-15 03:54:35,946 - 未找到预测 CSV 文件，等待 30 秒后重试...
2025-01-15 03:55:05,962 - 未找到预测 CSV 文件，等待 30 秒后重试...
2025-01-15 03:55:35,968 - 未找到预测 CSV 文件，等待 30 秒后重试...
2025-01-15 03:56:05,976 - 未找到预测 CSV 文件，等待 30 秒后重试...
2025-01-15 03:56:35,985 - 未找到预测 CSV 文件，等待 30 秒后重试...
2025-01-15 03:57:05,998 - 未找到预测 CSV 文件，等待 30 秒后重试...
2025-01-15 03:57:36,013 - 未找到预测 CSV 文件，等待 30 秒后重试...
2025-01-15 03:58:06,029 - 未找到预测 CSV 文件，等待 30 秒后重试...
2025-01-15 03:58:36,036 - 未找到预测 CSV 文件，等待 30 秒后重试...
2025-01-15 03:59:06,052 - 未找到预测 CSV 文件，等待 30 秒后重试...
2025-01-15 03:59:36,067 - 未找到预测 CSV 文件，等待 30 秒后重试...
2025-01-15 04:00:06,079 - 未找到预测 CSV 文件，等待 30 秒后重试...
2025-01-15 04:00:36,082 - 未找到预测 CSV 文件，等待 30 秒后重试...
2025-01-15 04:01:06,093 - 未找到预测 CSV 文件，等待 30 秒后重试...
2025-01-15 04:01:36,103 - 未找到预测 CSV 文件，等待 30 秒后重试...
2025-01-15 04:02:06,111 - 未找到预测 CSV 文件，等待 30 秒后重试...
2025-01-15 04:02:36,120 - 未找到预测 CSV 文件，等待 30 秒后重试...
2025-01-15 04:03:06,133 - 未找到预测 CSV 文件，等待 30 秒后重试...
2025-01-15 04:03:36,150 - 未找到预测 CSV 文件，等待 30 秒后重试...
2025-01-15 04:04:06,163 - 未找到预测 CSV 文件，等待 30 秒后重试...
2025-01-15 04:04:36,175 - 未找到预测 CSV 文件，等待 30 秒后重试...
2025-01-15 04:05:06,188 - 未找到预测 CSV 文件，等待 30 秒后重试...
2025-01-15 04:05:36,194 - 未找到预测 CSV 文件，等待 30 秒后重试...
2025-01-15 04:06:06,197 - 未找到预测 CSV 文件，等待 30 秒后重试...
2025-01-15 04:06:36,207 - 未找到预测 CSV 文件，等待 30 秒后重试...
2025-01-15 04:07:06,223 - 未找到预测 CSV 文件，等待 30 秒后重试...
2025-01-15 04:07:36,225 - 未找到预测 CSV 文件，等待 30 秒后重试...
2025-01-15 04:08:06,239 - 未找到预测 CSV 文件，等待 30 秒后重试...
2025-01-15 04:08:36,246 - 未找到预测 CSV 文件，等待 30 秒后重试...
2025-01-15 04:09:06,251 - 未找到预测 CSV 文件，等待 30 秒后重试...
2025-01-15 04:09:36,265 - 未找到预测 CSV 文件，等待 30 秒后重试...
2025-01-15 04:10:06,274 - 未找到预测 CSV 文件，等待 30 秒后重试...
2025-01-15 04:10:36,281 - 未找到预测 CSV 文件，等待 30 秒后重试...
2025-01-15 04:11:06,288 - 未找到预测 CSV 文件，等待 30 秒后重试...
2025-01-15 04:11:36,301 - 未找到预测 CSV 文件，等待 30 秒后重试...
2025-01-15 04:12:06,311 - 未找到预测 CSV 文件，等待 30 秒后重试...
2025-01-15 04:12:36,326 - 未找到预测 CSV 文件，等待 30 秒后重试...
2025-01-15 04:13:06,330 - 未找到预测 CSV 文件，等待 30 秒后重试...
2025-01-15 04:13:36,336 - 未找到预测 CSV 文件，等待 30 秒后重试...
2025-01-15 04:14:06,348 - 未找到预测 CSV 文件，等待 30 秒后重试...
2025-01-15 04:14:36,355 - 未找到预测 CSV 文件，等待 30 秒后重试...
2025-01-15 04:15:06,367 - 未找到预测 CSV 文件，等待 30 秒后重试...
2025-01-15 04:15:36,376 - 未找到预测 CSV 文件，等待 30 秒后重试...
2025-01-15 04:16:06,381 - 未找到预测 CSV 文件，等待 30 秒后重试...
2025-01-15 04:16:36,392 - 未找到预测 CSV 文件，等待 30 秒后重试...
2025-01-15 04:17:06,396 - 未找到预测 CSV 文件，等待 30 秒后重试...
2025-01-15 04:17:36,408 - 未找到预测 CSV 文件，等待 30 秒后重试...
2025-01-15 04:18:06,416 - 未找到预测 CSV 文件，等待 30 秒后重试...
2025-01-15 04:18:36,424 - 未找到预测 CSV 文件，等待 30 秒后重试...
2025-01-15 04:19:06,434 - 未找到预测 CSV 文件，等待 30 秒后重试...
2025-01-15 04:19:36,445 - 未找到预测 CSV 文件，等待 30 秒后重试...
2025-01-15 04:20:06,454 - 未找到预测 CSV 文件，等待 30 秒后重试...
2025-01-15 04:20:36,464 - 未找到预测 CSV 文件，等待 30 秒后重试...
2025-01-15 04:21:06,467 - 未找到预测 CSV 文件，等待 30 秒后重试...
2025-01-15 04:21:36,471 - 未找到预测 CSV 文件，等待 30 秒后重试...
2025-01-15 04:22:06,473 - 未找到预测 CSV 文件，等待 30 秒后重试...
2025-01-15 04:22:36,480 - 未找到预测 CSV 文件，等待 30 秒后重试...
2025-01-15 04:23:06,484 - 未找到预测 CSV 文件，等待 30 秒后重试...
2025-01-15 04:23:36,488 - 未找到预测 CSV 文件，等待 30 秒后重试...
2025-01-15 04:24:06,503 - 未找到预测 CSV 文件，等待 30 秒后重试...
2025-01-15 04:24:36,518 - 未找到预测 CSV 文件，等待 30 秒后重试...
2025-01-15 04:25:06,522 - 未找到预测 CSV 文件，等待 30 秒后重试...
2025-01-15 04:25:36,534 - 未找到预测 CSV 文件，等待 30 秒后重试...
2025-01-15 04:26:06,550 - 未找到预测 CSV 文件，等待 30 秒后重试...
2025-01-15 04:26:36,557 - 未找到预测 CSV 文件，等待 30 秒后重试...
2025-01-15 04:27:06,560 - 未找到预测 CSV 文件，等待 30 秒后重试...
2025-01-15 04:27:36,571 - 未找到预测 CSV 文件，等待 30 秒后重试...
2025-01-15 04:28:06,581 - 未找到预测 CSV 文件，等待 30 秒后重试...
2025-01-15 04:28:36,582 - 未找到预测 CSV 文件，等待 30 秒后重试...
2025-01-15 04:29:06,587 - 未找到预测 CSV 文件，等待 30 秒后重试...
2025-01-15 04:29:36,591 - 未找到预测 CSV 文件，等待 30 秒后重试...
2025-01-15 04:30:06,593 - 未找到预测 CSV 文件，等待 30 秒后重试...
2025-01-15 04:30:36,602 - 未找到预测 CSV 文件，等待 30 秒后重试...
2025-01-15 04:31:06,605 - 未找到预测 CSV 文件，等待 30 秒后重试...
2025-01-15 04:31:36,610 - 未找到预测 CSV 文件，等待 30 秒后重试...
2025-01-15 04:32:06,625 - 未找到预测 CSV 文件，等待 30 秒后重试...
2025-01-15 04:32:36,627 - 未找到预测 CSV 文件，等待 30 秒后重试...
2025-01-15 04:33:06,642 - 未找到预测 CSV 文件，等待 30 秒后重试...
2025-01-15 04:33:36,646 - 未找到预测 CSV 文件，等待 30 秒后重试...
2025-01-15 04:34:06,660 - 未找到预测 CSV 文件，等待 30 秒后重试...
2025-01-15 04:34:36,671 - 未找到预测 CSV 文件，等待 30 秒后重试...
2025-01-15 04:35:06,685 - 未找到预测 CSV 文件，等待 30 秒后重试...
2025-01-15 04:35:36,700 - 未找到预测 CSV 文件，等待 30 秒后重试...
2025-01-15 04:36:06,705 - 未找到预测 CSV 文件，等待 30 秒后重试...
2025-01-15 04:36:36,707 - 未找到预测 CSV 文件，等待 30 秒后重试...
2025-01-15 04:37:06,709 - 未找到预测 CSV 文件，等待 30 秒后重试...
2025-01-15 04:37:36,714 - 未找到预测 CSV 文件，等待 30 秒后重试...
2025-01-15 04:38:06,731 - 未找到预测 CSV 文件，等待 30 秒后重试...
2025-01-15 04:38:36,741 - 未找到预测 CSV 文件，等待 30 秒后重试...
2025-01-15 04:39:06,745 - 未找到预测 CSV 文件，等待 30 秒后重试...
2025-01-15 04:39:36,756 - 未找到预测 CSV 文件，等待 30 秒后重试...
2025-01-15 04:40:06,772 - 未找到预测 CSV 文件，等待 30 秒后重试...
2025-01-15 04:40:36,776 - 未找到预测 CSV 文件，等待 30 秒后重试...
2025-01-15 04:41:06,777 - 未找到预测 CSV 文件，等待 30 秒后重试...
2025-01-15 04:41:36,788 - 未找到预测 CSV 文件，等待 30 秒后重试...
2025-01-15 04:42:06,790 - 未找到预测 CSV 文件，等待 30 秒后重试...
2025-01-15 04:42:36,800 - 未找到预测 CSV 文件，等待 30 秒后重试...
2025-01-15 04:43:06,809 - 未找到预测 CSV 文件，等待 30 秒后重试...
2025-01-15 04:43:36,825 - 未找到预测 CSV 文件，等待 30 秒后重试...
2025-01-15 04:44:06,827 - 未找到预测 CSV 文件，等待 30 秒后重试...
2025-01-15 04:44:36,842 - 未找到预测 CSV 文件，等待 30 秒后重试...
2025-01-15 04:45:06,855 - 未找到预测 CSV 文件，等待 30 秒后重试...
2025-01-15 04:45:36,866 - 未找到预测 CSV 文件，等待 30 秒后重试...
2025-01-15 04:46:06,878 - 未找到预测 CSV 文件，等待 30 秒后重试...
2025-01-15 04:46:36,887 - 未找到预测 CSV 文件，等待 30 秒后重试...
2025-01-15 04:47:06,899 - 未找到预测 CSV 文件，等待 30 秒后重试...
2025-01-15 04:47:36,913 - 未找到预测 CSV 文件，等待 30 秒后重试...
2025-01-15 04:48:06,928 - 未找到预测 CSV 文件，等待 30 秒后重试...
2025-01-15 04:48:36,937 - 未找到预测 CSV 文件，等待 30 秒后重试...
2025-01-15 04:49:06,949 - 未找到预测 CSV 文件，等待 30 秒后重试...
2025-01-15 04:49:36,951 - 未找到预测 CSV 文件，等待 30 秒后重试...
2025-01-15 04:50:06,965 - 未找到预测 CSV 文件，等待 30 秒后重试...
2025-01-15 04:50:36,971 - 未找到预测 CSV 文件，等待 30 秒后重试...
2025-01-15 04:51:06,974 - 未找到预测 CSV 文件，等待 30 秒后重试...
2025-01-15 04:51:36,976 - 未找到预测 CSV 文件，等待 30 秒后重试...
2025-01-15 04:52:06,979 - 未找到预测 CSV 文件，等待 30 秒后重试...
2025-01-15 04:52:36,989 - 未找到预测 CSV 文件，等待 30 秒后重试...
2025-01-15 04:53:06,998 - 未找到预测 CSV 文件，等待 30 秒后重试...
2025-01-15 04:53:37,006 - 未找到预测 CSV 文件，等待 30 秒后重试...
2025-01-15 04:54:07,008 - 未找到预测 CSV 文件，等待 30 秒后重试...
2025-01-15 04:54:37,022 - 未找到预测 CSV 文件，等待 30 秒后重试...
2025-01-15 04:55:07,025 - 未找到预测 CSV 文件，等待 30 秒后重试...
2025-01-15 04:55:37,036 - 未找到预测 CSV 文件，等待 30 秒后重试...
2025-01-15 04:56:07,053 - 未找到预测 CSV 文件，等待 30 秒后重试...
2025-01-15 04:56:37,063 - 未找到预测 CSV 文件，等待 30 秒后重试...
2025-01-15 04:57:07,067 - 未找到预测 CSV 文件，等待 30 秒后重试...
2025-01-15 04:57:37,082 - 未找到预测 CSV 文件，等待 30 秒后重试...
2025-01-15 04:58:07,094 - 未找到预测 CSV 文件，等待 30 秒后重试...
2025-01-15 04:58:37,096 - 未找到预测 CSV 文件，等待 30 秒后重试...
2025-01-15 04:59:07,110 - 未找到预测 CSV 文件，等待 30 秒后重试...
2025-01-15 04:59:37,126 - 未找到预测 CSV 文件，等待 30 秒后重试...
2025-01-15 05:00:07,137 - 未找到预测 CSV 文件，等待 30 秒后重试...
2025-01-15 05:00:37,139 - 未找到预测 CSV 文件，等待 30 秒后重试...
2025-01-15 05:01:07,153 - 未找到预测 CSV 文件，等待 30 秒后重试...
2025-01-15 05:01:37,169 - 未找到预测 CSV 文件，等待 30 秒后重试...
2025-01-15 05:02:07,175 - 未找到预测 CSV 文件，等待 30 秒后重试...
2025-01-15 05:02:37,190 - 未找到预测 CSV 文件，等待 30 秒后重试...
2025-01-15 05:03:07,206 - 未找到预测 CSV 文件，等待 30 秒后重试...
2025-01-15 05:03:37,219 - 未找到预测 CSV 文件，等待 30 秒后重试...
2025-01-15 05:04:07,230 - 未找到预测 CSV 文件，等待 30 秒后重试...
2025-01-15 05:04:37,233 - 未找到预测 CSV 文件，等待 30 秒后重试...
2025-01-15 05:05:07,247 - 未找到预测 CSV 文件，等待 30 秒后重试...
2025-01-15 05:05:37,251 - 未找到预测 CSV 文件，等待 30 秒后重试...
2025-01-15 05:06:07,256 - 未找到预测 CSV 文件，等待 30 秒后重试...
2025-01-15 05:06:37,260 - 未找到预测 CSV 文件，等待 30 秒后重试...
2025-01-15 05:07:07,263 - 未找到预测 CSV 文件，等待 30 秒后重试...
2025-01-15 05:07:37,273 - 未找到预测 CSV 文件，等待 30 秒后重试...
2025-01-15 05:08:07,284 - 未找到预测 CSV 文件，等待 30 秒后重试...
2025-01-15 05:08:37,291 - 未找到预测 CSV 文件，等待 30 秒后重试...
2025-01-15 05:09:07,306 - 未找到预测 CSV 文件，等待 30 秒后重试...
2025-01-15 05:09:37,312 - 未找到预测 CSV 文件，等待 30 秒后重试...
2025-01-15 05:10:07,314 - 未找到预测 CSV 文件，等待 30 秒后重试...
2025-01-15 05:10:37,329 - 未找到预测 CSV 文件，等待 30 秒后重试...
2025-01-15 05:11:07,344 - 未找到预测 CSV 文件，等待 30 秒后重试...
2025-01-15 05:11:37,358 - 未找到预测 CSV 文件，等待 30 秒后重试...
2025-01-15 05:12:07,364 - 未找到预测 CSV 文件，等待 30 秒后重试...
2025-01-15 05:12:37,369 - 未找到预测 CSV 文件，等待 30 秒后重试...
2025-01-15 05:13:07,378 - 未找到预测 CSV 文件，等待 30 秒后重试...
2025-01-15 05:13:37,389 - 未找到预测 CSV 文件，等待 30 秒后重试...
2025-01-15 05:14:07,395 - 未找到预测 CSV 文件，等待 30 秒后重试...
2025-01-15 05:14:37,412 - 未找到预测 CSV 文件，等待 30 秒后重试...
2025-01-15 05:15:07,426 - 未找到预测 CSV 文件，等待 30 秒后重试...
2025-01-15 05:15:37,435 - 未找到预测 CSV 文件，等待 30 秒后重试...
2025-01-15 05:16:07,444 - 未找到预测 CSV 文件，等待 30 秒后重试...
2025-01-15 05:16:37,454 - 未找到预测 CSV 文件，等待 30 秒后重试...
2025-01-15 05:17:07,457 - 未找到预测 CSV 文件，等待 30 秒后重试...
2025-01-15 05:17:37,473 - 未找到预测 CSV 文件，等待 30 秒后重试...
2025-01-15 05:18:07,479 - 未找到预测 CSV 文件，等待 30 秒后重试...
2025-01-15 05:18:37,495 - 未找到预测 CSV 文件，等待 30 秒后重试...
2025-01-15 05:19:07,498 - 未找到预测 CSV 文件，等待 30 秒后重试...
2025-01-15 05:19:37,507 - 未找到预测 CSV 文件，等待 30 秒后重试...
2025-01-15 05:20:07,512 - 未找到预测 CSV 文件，等待 30 秒后重试...
2025-01-15 05:20:37,523 - 未找到预测 CSV 文件，等待 30 秒后重试...
2025-01-15 05:21:07,531 - 未找到预测 CSV 文件，等待 30 秒后重试...
2025-01-15 05:21:37,545 - 未找到预测 CSV 文件，等待 30 秒后重试...
2025-01-15 05:22:07,561 - 未找到预测 CSV 文件，等待 30 秒后重试...
2025-01-15 05:22:37,574 - 未找到预测 CSV 文件，等待 30 秒后重试...
2025-01-15 05:23:07,578 - 未找到预测 CSV 文件，等待 30 秒后重试...
2025-01-15 05:23:37,594 - 未找到预测 CSV 文件，等待 30 秒后重试...
2025-01-15 05:24:07,602 - 未找到预测 CSV 文件，等待 30 秒后重试...
2025-01-15 05:24:37,609 - 未找到预测 CSV 文件，等待 30 秒后重试...
2025-01-15 05:25:07,615 - 未找到预测 CSV 文件，等待 30 秒后重试...
2025-01-15 05:25:37,622 - 未找到预测 CSV 文件，等待 30 秒后重试...
2025-01-15 05:26:07,631 - 未找到预测 CSV 文件，等待 30 秒后重试...
2025-01-15 05:26:37,635 - 未找到预测 CSV 文件，等待 30 秒后重试...
2025-01-15 05:27:07,643 - 未找到预测 CSV 文件，等待 30 秒后重试...
2025-01-15 05:27:37,657 - 未找到预测 CSV 文件，等待 30 秒后重试...
2025-01-15 05:28:07,662 - 未找到预测 CSV 文件，等待 30 秒后重试...
2025-01-15 05:28:37,678 - 未找到预测 CSV 文件，等待 30 秒后重试...
2025-01-15 05:29:07,692 - 未找到预测 CSV 文件，等待 30 秒后重试...
2025-01-15 05:29:37,695 - 未找到预测 CSV 文件，等待 30 秒后重试...
2025-01-15 05:30:07,708 - 未找到预测 CSV 文件，等待 30 秒后重试...
2025-01-15 05:30:37,720 - 未找到预测 CSV 文件，等待 30 秒后重试...
2025-01-15 05:31:07,732 - 未找到预测 CSV 文件，等待 30 秒后重试...
2025-01-15 05:31:37,745 - 未找到预测 CSV 文件，等待 30 秒后重试...
2025-01-15 05:32:07,758 - 未找到预测 CSV 文件，等待 30 秒后重试...
2025-01-15 05:32:37,770 - 未找到预测 CSV 文件，等待 30 秒后重试...
2025-01-15 05:33:07,781 - 未找到预测 CSV 文件，等待 30 秒后重试...
2025-01-15 05:33:37,792 - 未找到预测 CSV 文件，等待 30 秒后重试...
2025-01-15 05:34:07,803 - 未找到预测 CSV 文件，等待 30 秒后重试...
2025-01-15 05:34:37,818 - 未找到预测 CSV 文件，等待 30 秒后重试...
2025-01-15 05:35:07,824 - 未找到预测 CSV 文件，等待 30 秒后重试...
2025-01-15 05:35:37,834 - 未找到预测 CSV 文件，等待 30 秒后重试...
2025-01-15 05:36:07,847 - 未找到预测 CSV 文件，等待 30 秒后重试...
2025-01-15 05:36:37,862 - 未找到预测 CSV 文件，等待 30 秒后重试...
2025-01-15 05:37:07,863 - 未找到预测 CSV 文件，等待 30 秒后重试...
2025-01-15 05:37:37,878 - 未找到预测 CSV 文件，等待 30 秒后重试...
2025-01-15 05:38:07,880 - 未找到预测 CSV 文件，等待 30 秒后重试...
2025-01-15 05:38:37,893 - 未找到预测 CSV 文件，等待 30 秒后重试...
2025-01-15 05:39:07,896 - 未找到预测 CSV 文件，等待 30 秒后重试...
2025-01-15 05:39:37,910 - 未找到预测 CSV 文件，等待 30 秒后重试...
2025-01-15 05:40:07,927 - 未找到预测 CSV 文件，等待 30 秒后重试...
2025-01-15 05:40:37,941 - 未找到预测 CSV 文件，等待 30 秒后重试...
2025-01-15 05:41:07,943 - 未找到预测 CSV 文件，等待 30 秒后重试...
2025-01-15 05:41:37,955 - 未找到预测 CSV 文件，等待 30 秒后重试...
2025-01-15 05:42:07,962 - 未找到预测 CSV 文件，等待 30 秒后重试...
2025-01-15 05:42:37,967 - 未找到预测 CSV 文件，等待 30 秒后重试...
2025-01-15 05:43:07,972 - 未找到预测 CSV 文件，等待 30 秒后重试...
2025-01-15 05:43:37,978 - 未找到预测 CSV 文件，等待 30 秒后重试...
2025-01-15 05:44:07,993 - 未找到预测 CSV 文件，等待 30 秒后重试...
2025-01-15 05:44:38,004 - 未找到预测 CSV 文件，等待 30 秒后重试...
2025-01-15 05:45:08,009 - 未找到预测 CSV 文件，等待 30 秒后重试...
2025-01-15 05:45:38,011 - 未找到预测 CSV 文件，等待 30 秒后重试...
2025-01-15 05:46:08,025 - 未找到预测 CSV 文件，等待 30 秒后重试...
2025-01-15 05:46:38,040 - 未找到预测 CSV 文件，等待 30 秒后重试...
2025-01-15 05:47:08,055 - 未找到预测 CSV 文件，等待 30 秒后重试...
2025-01-15 05:47:38,065 - 未找到预测 CSV 文件，等待 30 秒后重试...
2025-01-15 05:48:08,080 - 未找到预测 CSV 文件，等待 30 秒后重试...
2025-01-15 05:48:38,097 - 未找到预测 CSV 文件，等待 30 秒后重试...
2025-01-15 05:49:08,110 - 未找到预测 CSV 文件，等待 30 秒后重试...
2025-01-15 05:49:38,127 - 未找到预测 CSV 文件，等待 30 秒后重试...
2025-01-15 05:50:08,131 - 未找到预测 CSV 文件，等待 30 秒后重试...
2025-01-15 05:50:38,143 - 未找到预测 CSV 文件，等待 30 秒后重试...
2025-01-15 05:51:08,149 - 未找到预测 CSV 文件，等待 30 秒后重试...
2025-01-15 05:51:38,161 - 未找到预测 CSV 文件，等待 30 秒后重试...
2025-01-15 05:52:08,167 - 未找到预测 CSV 文件，等待 30 秒后重试...
2025-01-15 05:52:38,175 - 未找到预测 CSV 文件，等待 30 秒后重试...
2025-01-15 05:53:08,185 - 未找到预测 CSV 文件，等待 30 秒后重试...
2025-01-15 05:53:38,201 - 未找到预测 CSV 文件，等待 30 秒后重试...
2025-01-15 05:54:08,208 - 未找到预测 CSV 文件，等待 30 秒后重试...
2025-01-15 05:54:38,212 - 未找到预测 CSV 文件，等待 30 秒后重试...
2025-01-15 05:55:08,222 - 未找到预测 CSV 文件，等待 30 秒后重试...
2025-01-15 05:55:38,236 - 未找到预测 CSV 文件，等待 30 秒后重试...
2025-01-15 05:56:08,248 - 未找到预测 CSV 文件，等待 30 秒后重试...
2025-01-15 05:56:38,264 - 未找到预测 CSV 文件，等待 30 秒后重试...
2025-01-15 05:57:08,274 - 未找到预测 CSV 文件，等待 30 秒后重试...
2025-01-15 05:57:38,284 - 未找到预测 CSV 文件，等待 30 秒后重试...
2025-01-15 05:58:08,286 - 未找到预测 CSV 文件，等待 30 秒后重试...
2025-01-15 05:58:38,299 - 未找到预测 CSV 文件，等待 30 秒后重试...
2025-01-15 05:59:08,303 - 未找到预测 CSV 文件，等待 30 秒后重试...
2025-01-15 05:59:38,313 - 未找到预测 CSV 文件，等待 30 秒后重试...
2025-01-15 06:00:08,320 - 未找到预测 CSV 文件，等待 30 秒后重试...
2025-01-15 06:00:38,330 - 未找到预测 CSV 文件，等待 30 秒后重试...
2025-01-15 06:01:08,345 - 未找到预测 CSV 文件，等待 30 秒后重试...
2025-01-15 06:01:38,351 - 未找到预测 CSV 文件，等待 30 秒后重试...
2025-01-15 06:02:08,365 - 未找到预测 CSV 文件，等待 30 秒后重试...
2025-01-15 06:02:38,368 - 未找到预测 CSV 文件，等待 30 秒后重试...
2025-01-15 06:03:08,383 - 未找到预测 CSV 文件，等待 30 秒后重试...
2025-01-15 06:03:38,384 - 未找到预测 CSV 文件，等待 30 秒后重试...
2025-01-15 06:04:08,391 - 未找到预测 CSV 文件，等待 30 秒后重试...
2025-01-15 06:04:38,402 - 未找到预测 CSV 文件，等待 30 秒后重试...
2025-01-15 06:05:08,408 - 未找到预测 CSV 文件，等待 30 秒后重试...
2025-01-15 06:05:38,409 - 未找到预测 CSV 文件，等待 30 秒后重试...
2025-01-15 06:06:08,424 - 未找到预测 CSV 文件，等待 30 秒后重试...
2025-01-15 06:06:38,438 - 未找到预测 CSV 文件，等待 30 秒后重试...
2025-01-15 06:07:08,451 - 未找到预测 CSV 文件，等待 30 秒后重试...
2025-01-15 06:07:38,466 - 未找到预测 CSV 文件，等待 30 秒后重试...
2025-01-15 06:08:08,479 - 未找到预测 CSV 文件，等待 30 秒后重试...
2025-01-15 06:08:38,486 - 未找到预测 CSV 文件，等待 30 秒后重试...
2025-01-15 06:09:08,487 - 未找到预测 CSV 文件，等待 30 秒后重试...
2025-01-15 06:09:38,501 - 未找到预测 CSV 文件，等待 30 秒后重试...
2025-01-15 06:10:08,517 - 未找到预测 CSV 文件，等待 30 秒后重试...
2025-01-15 06:10:38,525 - 未找到预测 CSV 文件，等待 30 秒后重试...
2025-01-15 06:11:08,539 - 未找到预测 CSV 文件，等待 30 秒后重试...
2025-01-15 06:11:38,551 - 未找到预测 CSV 文件，等待 30 秒后重试...
2025-01-15 06:12:08,558 - 未找到预测 CSV 文件，等待 30 秒后重试...
2025-01-15 06:12:38,573 - 未找到预测 CSV 文件，等待 30 秒后重试...
2025-01-15 06:13:08,587 - 未找到预测 CSV 文件，等待 30 秒后重试...
2025-01-15 06:13:38,600 - 未找到预测 CSV 文件，等待 30 秒后重试...
2025-01-15 06:14:08,603 - 未找到预测 CSV 文件，等待 30 秒后重试...
2025-01-15 06:14:38,609 - 未找到预测 CSV 文件，等待 30 秒后重试...
2025-01-15 06:15:08,615 - 未找到预测 CSV 文件，等待 30 秒后重试...
2025-01-15 06:15:38,617 - 未找到预测 CSV 文件，等待 30 秒后重试...
2025-01-15 06:16:08,630 - 未找到预测 CSV 文件，等待 30 秒后重试...
2025-01-15 06:16:38,642 - 未找到预测 CSV 文件，等待 30 秒后重试...
2025-01-15 06:17:08,652 - 未找到预测 CSV 文件，等待 30 秒后重试...
2025-01-15 06:17:38,668 - 未找到预测 CSV 文件，等待 30 秒后重试...
2025-01-15 06:18:08,680 - 未找到预测 CSV 文件，等待 30 秒后重试...
2025-01-15 06:18:38,688 - 未找到预测 CSV 文件，等待 30 秒后重试...
2025-01-15 06:19:08,690 - 未找到预测 CSV 文件，等待 30 秒后重试...
2025-01-15 06:19:38,701 - 未找到预测 CSV 文件，等待 30 秒后重试...
2025-01-15 06:20:08,706 - 未找到预测 CSV 文件，等待 30 秒后重试...
2025-01-15 06:20:38,715 - 未找到预测 CSV 文件，等待 30 秒后重试...
2025-01-15 06:21:08,722 - 未找到预测 CSV 文件，等待 30 秒后重试...
2025-01-15 06:21:38,728 - 未找到预测 CSV 文件，等待 30 秒后重试...
2025-01-15 06:22:08,740 - 未找到预测 CSV 文件，等待 30 秒后重试...
2025-01-15 06:22:38,754 - 未找到预测 CSV 文件，等待 30 秒后重试...
2025-01-15 06:23:08,765 - 未找到预测 CSV 文件，等待 30 秒后重试...
2025-01-15 06:23:38,779 - 未找到预测 CSV 文件，等待 30 秒后重试...
2025-01-15 06:24:08,791 - 未找到预测 CSV 文件，等待 30 秒后重试...
2025-01-15 06:24:38,803 - 未找到预测 CSV 文件，等待 30 秒后重试...
2025-01-15 06:25:08,813 - 未找到预测 CSV 文件，等待 30 秒后重试...
2025-01-15 06:25:38,817 - 未找到预测 CSV 文件，等待 30 秒后重试...
2025-01-15 06:26:08,833 - 未找到预测 CSV 文件，等待 30 秒后重试...
2025-01-15 06:26:38,840 - 未找到预测 CSV 文件，等待 30 秒后重试...
2025-01-15 06:27:08,846 - 未找到预测 CSV 文件，等待 30 秒后重试...
2025-01-15 06:27:38,858 - 未找到预测 CSV 文件，等待 30 秒后重试...
2025-01-15 06:28:08,862 - 未找到预测 CSV 文件，等待 30 秒后重试...
2025-01-15 06:28:38,872 - 未找到预测 CSV 文件，等待 30 秒后重试...
2025-01-15 06:29:08,880 - 未找到预测 CSV 文件，等待 30 秒后重试...
2025-01-15 06:29:38,890 - 未找到预测 CSV 文件，等待 30 秒后重试...
2025-01-15 06:30:08,898 - 未找到预测 CSV 文件，等待 30 秒后重试...
2025-01-15 06:30:38,907 - 未找到预测 CSV 文件，等待 30 秒后重试...
2025-01-15 06:31:08,912 - 未找到预测 CSV 文件，等待 30 秒后重试...
2025-01-15 06:31:38,920 - 未找到预测 CSV 文件，等待 30 秒后重试...
2025-01-15 06:32:08,927 - 未找到预测 CSV 文件，等待 30 秒后重试...
2025-01-15 06:32:38,938 - 未找到预测 CSV 文件，等待 30 秒后重试...
2025-01-15 06:33:08,951 - 未找到预测 CSV 文件，等待 30 秒后重试...
2025-01-15 06:33:38,956 - 未找到预测 CSV 文件，等待 30 秒后重试...
2025-01-15 06:34:08,968 - 未找到预测 CSV 文件，等待 30 秒后重试...
2025-01-15 06:34:38,973 - 未找到预测 CSV 文件，等待 30 秒后重试...
2025-01-15 06:35:08,981 - 未找到预测 CSV 文件，等待 30 秒后重试...
2025-01-15 06:35:38,984 - 未找到预测 CSV 文件，等待 30 秒后重试...
2025-01-15 06:36:08,995 - 未找到预测 CSV 文件，等待 30 秒后重试...
2025-01-15 06:36:39,002 - 未找到预测 CSV 文件，等待 30 秒后重试...
2025-01-15 06:37:09,004 - 未找到预测 CSV 文件，等待 30 秒后重试...
2025-01-15 06:37:39,012 - 未找到预测 CSV 文件，等待 30 秒后重试...
2025-01-15 06:38:09,021 - 未找到预测 CSV 文件，等待 30 秒后重试...
2025-01-15 06:38:39,027 - 未找到预测 CSV 文件，等待 30 秒后重试...
2025-01-15 06:39:09,037 - 未找到预测 CSV 文件，等待 30 秒后重试...
2025-01-15 06:39:39,050 - 未找到预测 CSV 文件，等待 30 秒后重试...
2025-01-15 06:40:09,056 - 未找到预测 CSV 文件，等待 30 秒后重试...
2025-01-15 06:40:39,072 - 未找到预测 CSV 文件，等待 30 秒后重试...
2025-01-15 06:41:09,084 - 未找到预测 CSV 文件，等待 30 秒后重试...
2025-01-15 06:41:39,093 - 未找到预测 CSV 文件，等待 30 秒后重试...
2025-01-15 06:42:09,097 - 未找到预测 CSV 文件，等待 30 秒后重试...
2025-01-15 06:42:39,110 - 未找到预测 CSV 文件，等待 30 秒后重试...
2025-01-15 06:43:09,120 - 未找到预测 CSV 文件，等待 30 秒后重试...
2025-01-15 06:43:39,128 - 未找到预测 CSV 文件，等待 30 秒后重试...
2025-01-15 06:44:09,134 - 未找到预测 CSV 文件，等待 30 秒后重试...
2025-01-15 06:44:39,146 - 未找到预测 CSV 文件，等待 30 秒后重试...
2025-01-15 06:45:09,162 - 未找到预测 CSV 文件，等待 30 秒后重试...
2025-01-15 06:45:39,172 - 未找到预测 CSV 文件，等待 30 秒后重试...
2025-01-15 06:46:09,180 - 未找到预测 CSV 文件，等待 30 秒后重试...
2025-01-15 06:46:39,192 - 未找到预测 CSV 文件，等待 30 秒后重试...
2025-01-15 06:47:09,198 - 未找到预测 CSV 文件，等待 30 秒后重试...
2025-01-15 06:47:39,210 - 未找到预测 CSV 文件，等待 30 秒后重试...
2025-01-15 06:48:09,215 - 未找到预测 CSV 文件，等待 30 秒后重试...
2025-01-15 06:48:39,225 - 未找到预测 CSV 文件，等待 30 秒后重试...
2025-01-15 06:49:09,234 - 未找到预测 CSV 文件，等待 30 秒后重试...
2025-01-15 06:49:39,236 - 未找到预测 CSV 文件，等待 30 秒后重试...
2025-01-15 06:50:09,239 - 未找到预测 CSV 文件，等待 30 秒后重试...
2025-01-15 06:50:39,242 - 未找到预测 CSV 文件，等待 30 秒后重试...
2025-01-15 06:51:09,254 - 未找到预测 CSV 文件，等待 30 秒后重试...
2025-01-15 06:51:39,261 - 未找到预测 CSV 文件，等待 30 秒后重试...
2025-01-15 06:52:09,262 - 未找到预测 CSV 文件，等待 30 秒后重试...
2025-01-15 06:52:39,272 - 未找到预测 CSV 文件，等待 30 秒后重试...
2025-01-15 06:53:09,282 - 未找到预测 CSV 文件，等待 30 秒后重试...
2025-01-15 06:53:39,290 - 未找到预测 CSV 文件，等待 30 秒后重试...
2025-01-15 06:54:09,301 - 未找到预测 CSV 文件，等待 30 秒后重试...
2025-01-15 06:54:39,307 - 未找到预测 CSV 文件，等待 30 秒后重试...
2025-01-15 06:55:09,314 - 未找到预测 CSV 文件，等待 30 秒后重试...
2025-01-15 06:55:39,322 - 未找到预测 CSV 文件，等待 30 秒后重试...
2025-01-15 06:56:09,332 - 未找到预测 CSV 文件，等待 30 秒后重试...
2025-01-15 06:56:39,346 - 未找到预测 CSV 文件，等待 30 秒后重试...
2025-01-15 06:57:09,362 - 未找到预测 CSV 文件，等待 30 秒后重试...
2025-01-15 06:57:39,376 - 未找到预测 CSV 文件，等待 30 秒后重试...
2025-01-15 06:58:09,384 - 未找到预测 CSV 文件，等待 30 秒后重试...
2025-01-15 06:58:39,393 - 未找到预测 CSV 文件，等待 30 秒后重试...
2025-01-15 06:59:09,407 - 未找到预测 CSV 文件，等待 30 秒后重试...
2025-01-15 06:59:39,411 - 未找到预测 CSV 文件，等待 30 秒后重试...
2025-01-15 07:00:09,423 - 未找到预测 CSV 文件，等待 30 秒后重试...
2025-01-15 07:00:39,426 - 未找到预测 CSV 文件，等待 30 秒后重试...
2025-01-15 07:01:09,441 - 未找到预测 CSV 文件，等待 30 秒后重试...
2025-01-15 07:01:39,453 - 未找到预测 CSV 文件，等待 30 秒后重试...
2025-01-15 07:02:09,468 - 未找到预测 CSV 文件，等待 30 秒后重试...
2025-01-15 07:02:39,470 - 未找到预测 CSV 文件，等待 30 秒后重试...
2025-01-15 07:03:09,487 - 未找到预测 CSV 文件，等待 30 秒后重试...
2025-01-15 07:03:39,494 - 未找到预测 CSV 文件，等待 30 秒后重试...
2025-01-15 07:04:09,497 - 未找到预测 CSV 文件，等待 30 秒后重试...
2025-01-15 07:04:39,510 - 未找到预测 CSV 文件，等待 30 秒后重试...
2025-01-15 07:05:09,517 - 未找到预测 CSV 文件，等待 30 秒后重试...
2025-01-15 07:05:39,524 - 未找到预测 CSV 文件，等待 30 秒后重试...
2025-01-15 07:06:09,525 - 未找到预测 CSV 文件，等待 30 秒后重试...
2025-01-15 07:06:39,529 - 未找到预测 CSV 文件，等待 30 秒后重试...
2025-01-15 07:07:09,531 - 未找到预测 CSV 文件，等待 30 秒后重试...
2025-01-15 07:07:39,545 - 未找到预测 CSV 文件，等待 30 秒后重试...
2025-01-15 07:08:09,560 - 未找到预测 CSV 文件，等待 30 秒后重试...
2025-01-15 07:08:39,564 - 未找到预测 CSV 文件，等待 30 秒后重试...
2025-01-15 07:09:09,574 - 未找到预测 CSV 文件，等待 30 秒后重试...
2025-01-15 07:09:39,586 - 未找到预测 CSV 文件，等待 30 秒后重试...
2025-01-15 07:10:09,588 - 未找到预测 CSV 文件，等待 30 秒后重试...
2025-01-15 07:10:39,603 - 未找到预测 CSV 文件，等待 30 秒后重试...
2025-01-15 07:11:09,607 - 未找到预测 CSV 文件，等待 30 秒后重试...
2025-01-15 07:11:39,614 - 未找到预测 CSV 文件，等待 30 秒后重试...
2025-01-15 07:12:09,628 - 未找到预测 CSV 文件，等待 30 秒后重试...
2025-01-15 07:12:39,630 - 未找到预测 CSV 文件，等待 30 秒后重试...
2025-01-15 07:13:09,641 - 未找到预测 CSV 文件，等待 30 秒后重试...
2025-01-15 07:13:39,647 - 未找到预测 CSV 文件，等待 30 秒后重试...
2025-01-15 07:14:09,649 - 未找到预测 CSV 文件，等待 30 秒后重试...
2025-01-15 07:14:39,659 - 未找到预测 CSV 文件，等待 30 秒后重试...
2025-01-15 07:15:09,661 - 未找到预测 CSV 文件，等待 30 秒后重试...
2025-01-15 07:15:39,664 - 未找到预测 CSV 文件，等待 30 秒后重试...
2025-01-15 07:16:09,679 - 未找到预测 CSV 文件，等待 30 秒后重试...
2025-01-15 07:16:39,688 - 未找到预测 CSV 文件，等待 30 秒后重试...
2025-01-15 07:17:09,692 - 未找到预测 CSV 文件，等待 30 秒后重试...
2025-01-15 07:17:39,709 - 未找到预测 CSV 文件，等待 30 秒后重试...
2025-01-15 07:18:09,717 - 未找到预测 CSV 文件，等待 30 秒后重试...
2025-01-15 07:18:39,728 - 未找到预测 CSV 文件，等待 30 秒后重试...
2025-01-15 07:19:09,730 - 未找到预测 CSV 文件，等待 30 秒后重试...
2025-01-15 07:19:39,742 - 未找到预测 CSV 文件，等待 30 秒后重试...
2025-01-15 07:20:09,749 - 未找到预测 CSV 文件，等待 30 秒后重试...
2025-01-15 07:20:39,763 - 未找到预测 CSV 文件，等待 30 秒后重试...
2025-01-15 07:21:09,767 - 未找到预测 CSV 文件，等待 30 秒后重试...
2025-01-15 07:21:39,776 - 未找到预测 CSV 文件，等待 30 秒后重试...
2025-01-15 07:22:09,790 - 未找到预测 CSV 文件，等待 30 秒后重试...
2025-01-15 07:22:39,807 - 未找到预测 CSV 文件，等待 30 秒后重试...
2025-01-15 07:23:09,816 - 未找到预测 CSV 文件，等待 30 秒后重试...
2025-01-15 07:23:39,832 - 未找到预测 CSV 文件，等待 30 秒后重试...
2025-01-15 07:24:09,841 - 未找到预测 CSV 文件，等待 30 秒后重试...
2025-01-15 07:24:39,853 - 未找到预测 CSV 文件，等待 30 秒后重试...
2025-01-15 07:25:09,866 - 未找到预测 CSV 文件，等待 30 秒后重试...
2025-01-15 07:25:39,883 - 未找到预测 CSV 文件，等待 30 秒后重试...
2025-01-15 07:26:09,888 - 未找到预测 CSV 文件，等待 30 秒后重试...
2025-01-15 07:26:39,896 - 未找到预测 CSV 文件，等待 30 秒后重试...
2025-01-15 07:27:09,898 - 未找到预测 CSV 文件，等待 30 秒后重试...
2025-01-15 07:27:39,902 - 未找到预测 CSV 文件，等待 30 秒后重试...
2025-01-15 07:28:09,916 - 未找到预测 CSV 文件，等待 30 秒后重试...
2025-01-15 07:28:39,919 - 未找到预测 CSV 文件，等待 30 秒后重试...
2025-01-15 07:29:09,932 - 未找到预测 CSV 文件，等待 30 秒后重试...
2025-01-15 07:29:39,942 - 未找到预测 CSV 文件，等待 30 秒后重试...
2025-01-15 07:30:09,957 - 未找到预测 CSV 文件，等待 30 秒后重试...
2025-01-15 07:30:39,961 - 未找到预测 CSV 文件，等待 30 秒后重试...
2025-01-15 07:31:09,976 - 未找到预测 CSV 文件，等待 30 秒后重试...
2025-01-15 07:31:39,980 - 未找到预测 CSV 文件，等待 30 秒后重试...
2025-01-15 07:32:09,989 - 未找到预测 CSV 文件，等待 30 秒后重试...
2025-01-15 07:32:39,996 - 未找到预测 CSV 文件，等待 30 秒后重试...
2025-01-15 07:33:10,003 - 未找到预测 CSV 文件，等待 30 秒后重试...
2025-01-15 07:33:40,014 - 未找到预测 CSV 文件，等待 30 秒后重试...
2025-01-15 07:34:10,026 - 未找到预测 CSV 文件，等待 30 秒后重试...
2025-01-15 07:34:40,041 - 未找到预测 CSV 文件，等待 30 秒后重试...
2025-01-15 07:35:10,056 - 未找到预测 CSV 文件，等待 30 秒后重试...
2025-01-15 07:35:40,062 - 未找到预测 CSV 文件，等待 30 秒后重试...
2025-01-15 07:36:10,067 - 未找到预测 CSV 文件，等待 30 秒后重试...
2025-01-15 07:36:40,080 - 未找到预测 CSV 文件，等待 30 秒后重试...
2025-01-15 07:37:10,086 - 未找到预测 CSV 文件，等待 30 秒后重试...
2025-01-15 07:37:40,095 - 未找到预测 CSV 文件，等待 30 秒后重试...
2025-01-15 07:38:10,101 - 未找到预测 CSV 文件，等待 30 秒后重试...
2025-01-15 07:38:40,114 - 未找到预测 CSV 文件，等待 30 秒后重试...
2025-01-15 07:39:10,122 - 未找到预测 CSV 文件，等待 30 秒后重试...
2025-01-15 07:39:40,127 - 未找到预测 CSV 文件，等待 30 秒后重试...
2025-01-15 07:40:10,141 - 未找到预测 CSV 文件，等待 30 秒后重试...
2025-01-15 07:40:40,157 - 未找到预测 CSV 文件，等待 30 秒后重试...
2025-01-15 07:41:10,169 - 未找到预测 CSV 文件，等待 30 秒后重试...
2025-01-15 07:41:40,180 - 未找到预测 CSV 文件，等待 30 秒后重试...
2025-01-15 07:42:10,191 - 未找到预测 CSV 文件，等待 30 秒后重试...
2025-01-15 07:42:40,194 - 未找到预测 CSV 文件，等待 30 秒后重试...
2025-01-15 07:43:10,199 - 未找到预测 CSV 文件，等待 30 秒后重试...
2025-01-15 07:43:40,210 - 未找到预测 CSV 文件，等待 30 秒后重试...
2025-01-15 07:44:10,221 - 未找到预测 CSV 文件，等待 30 秒后重试...
2025-01-15 07:44:40,236 - 未找到预测 CSV 文件，等待 30 秒后重试...
2025-01-15 07:45:10,246 - 未找到预测 CSV 文件，等待 30 秒后重试...
2025-01-15 07:45:40,247 - 未找到预测 CSV 文件，等待 30 秒后重试...
2025-01-15 07:46:10,259 - 未找到预测 CSV 文件，等待 30 秒后重试...
2025-01-15 07:46:40,274 - 未找到预测 CSV 文件，等待 30 秒后重试...
2025-01-15 07:47:10,281 - 未找到预测 CSV 文件，等待 30 秒后重试...
2025-01-15 07:47:40,294 - 未找到预测 CSV 文件，等待 30 秒后重试...
2025-01-15 07:48:10,299 - 未找到预测 CSV 文件，等待 30 秒后重试...
2025-01-15 07:48:40,307 - 未找到预测 CSV 文件，等待 30 秒后重试...
2025-01-15 07:49:10,307 - 未找到预测 CSV 文件，等待 30 秒后重试...
2025-01-15 07:49:40,316 - 未找到预测 CSV 文件，等待 30 秒后重试...
2025-01-15 07:50:10,323 - 未找到预测 CSV 文件，等待 30 秒后重试...
2025-01-15 07:50:40,326 - 未找到预测 CSV 文件，等待 30 秒后重试...
2025-01-15 07:51:10,343 - 未找到预测 CSV 文件，等待 30 秒后重试...
2025-01-15 07:51:40,348 - 未找到预测 CSV 文件，等待 30 秒后重试...
2025-01-15 07:52:10,350 - 未找到预测 CSV 文件，等待 30 秒后重试...
2025-01-15 07:52:40,361 - 未找到预测 CSV 文件，等待 30 秒后重试...
2025-01-15 07:53:10,367 - 未找到预测 CSV 文件，等待 30 秒后重试...
2025-01-15 07:53:40,382 - 未找到预测 CSV 文件，等待 30 秒后重试...
2025-01-15 07:54:10,394 - 未找到预测 CSV 文件，等待 30 秒后重试...
2025-01-15 07:54:40,407 - 未找到预测 CSV 文件，等待 30 秒后重试...
2025-01-15 07:55:10,420 - 未找到预测 CSV 文件，等待 30 秒后重试...
2025-01-15 07:55:40,422 - 未找到预测 CSV 文件，等待 30 秒后重试...
2025-01-15 07:56:10,430 - 未找到预测 CSV 文件，等待 30 秒后重试...
2025-01-15 07:56:40,443 - 未找到预测 CSV 文件，等待 30 秒后重试...
2025-01-15 07:57:10,458 - 未找到预测 CSV 文件，等待 30 秒后重试...
2025-01-15 07:57:40,464 - 未找到预测 CSV 文件，等待 30 秒后重试...
2025-01-15 07:58:10,473 - 未找到预测 CSV 文件，等待 30 秒后重试...
2025-01-15 07:58:40,484 - 未找到预测 CSV 文件，等待 30 秒后重试...
2025-01-15 07:59:10,488 - 未找到预测 CSV 文件，等待 30 秒后重试...
2025-01-15 07:59:40,503 - 未找到预测 CSV 文件，等待 30 秒后重试...
2025-01-15 08:00:10,511 - 未找到预测 CSV 文件，等待 30 秒后重试...
2025-01-15 08:00:40,526 - 未找到预测 CSV 文件，等待 30 秒后重试...
2025-01-15 08:01:10,535 - 未找到预测 CSV 文件，等待 30 秒后重试...
2025-01-15 08:01:40,544 - 未找到预测 CSV 文件，等待 30 秒后重试...
2025-01-15 08:02:10,556 - 未找到预测 CSV 文件，等待 30 秒后重试...
2025-01-15 08:02:40,572 - 未找到预测 CSV 文件，等待 30 秒后重试...
2025-01-15 08:03:10,578 - 未找到预测 CSV 文件，等待 30 秒后重试...
2025-01-15 08:03:40,589 - 未找到预测 CSV 文件，等待 30 秒后重试...
2025-01-15 08:04:10,591 - 未找到预测 CSV 文件，等待 30 秒后重试...
2025-01-15 08:04:40,604 - 未找到预测 CSV 文件，等待 30 秒后重试...
2025-01-15 08:05:10,620 - 未找到预测 CSV 文件，等待 30 秒后重试...
2025-01-15 08:05:40,623 - 未找到预测 CSV 文件，等待 30 秒后重试...
2025-01-15 08:06:10,635 - 未找到预测 CSV 文件，等待 30 秒后重试...
2025-01-15 08:06:40,645 - 未找到预测 CSV 文件，等待 30 秒后重试...
2025-01-15 08:07:10,655 - 未找到预测 CSV 文件，等待 30 秒后重试...
2025-01-15 08:07:40,660 - 未找到预测 CSV 文件，等待 30 秒后重试...
2025-01-15 08:08:10,668 - 未找到预测 CSV 文件，等待 30 秒后重试...
2025-01-15 08:08:40,680 - 未找到预测 CSV 文件，等待 30 秒后重试...
2025-01-15 08:09:10,692 - 未找到预测 CSV 文件，等待 30 秒后重试...
2025-01-15 08:09:40,696 - 未找到预测 CSV 文件，等待 30 秒后重试...
2025-01-15 08:10:10,712 - 未找到预测 CSV 文件，等待 30 秒后重试...
2025-01-15 08:10:40,718 - 未找到预测 CSV 文件，等待 30 秒后重试...
2025-01-15 08:11:10,719 - 未找到预测 CSV 文件，等待 30 秒后重试...
2025-01-15 08:11:40,733 - 未找到预测 CSV 文件，等待 30 秒后重试...
2025-01-15 08:12:10,744 - 未找到预测 CSV 文件，等待 30 秒后重试...
2025-01-15 08:12:40,751 - 未找到预测 CSV 文件，等待 30 秒后重试...
2025-01-15 08:13:10,765 - 未找到预测 CSV 文件，等待 30 秒后重试...
2025-01-15 08:13:40,780 - 未找到预测 CSV 文件，等待 30 秒后重试...
2025-01-15 08:14:10,793 - 未找到预测 CSV 文件，等待 30 秒后重试...
2025-01-15 08:14:40,796 - 未找到预测 CSV 文件，等待 30 秒后重试...
2025-01-15 08:15:10,807 - 未找到预测 CSV 文件，等待 30 秒后重试...
2025-01-15 08:15:40,823 - 未找到预测 CSV 文件，等待 30 秒后重试...
2025-01-15 08:16:10,834 - 未找到预测 CSV 文件，等待 30 秒后重试...
2025-01-15 08:16:40,841 - 未找到预测 CSV 文件，等待 30 秒后重试...
2025-01-15 08:17:10,843 - 未找到预测 CSV 文件，等待 30 秒后重试...
2025-01-15 08:17:40,850 - 未找到预测 CSV 文件，等待 30 秒后重试...
2025-01-15 08:18:10,865 - 未找到预测 CSV 文件，等待 30 秒后重试...
2025-01-15 08:18:40,879 - 未找到预测 CSV 文件，等待 30 秒后重试...
2025-01-15 08:19:10,893 - 未找到预测 CSV 文件，等待 30 秒后重试...
2025-01-15 08:19:40,905 - 未找到预测 CSV 文件，等待 30 秒后重试...
2025-01-15 08:20:10,912 - 未找到预测 CSV 文件，等待 30 秒后重试...
2025-01-15 08:20:40,926 - 未找到预测 CSV 文件，等待 30 秒后重试...
2025-01-15 08:21:10,931 - 未找到预测 CSV 文件，等待 30 秒后重试...
2025-01-15 08:21:40,948 - 未找到预测 CSV 文件，等待 30 秒后重试...
2025-01-15 08:22:10,957 - 未找到预测 CSV 文件，等待 30 秒后重试...
2025-01-15 08:22:40,962 - 未找到预测 CSV 文件，等待 30 秒后重试...
2025-01-15 08:23:10,968 - 未找到预测 CSV 文件，等待 30 秒后重试...
2025-01-15 08:23:40,984 - 未找到预测 CSV 文件，等待 30 秒后重试...
2025-01-15 08:24:10,992 - 未找到预测 CSV 文件，等待 30 秒后重试...
2025-01-15 08:24:41,008 - 未找到预测 CSV 文件，等待 30 秒后重试...
2025-01-15 08:25:11,017 - 未找到预测 CSV 文件，等待 30 秒后重试...
2025-01-15 08:25:41,023 - 未找到预测 CSV 文件，等待 30 秒后重试...
2025-01-15 08:26:11,025 - 未找到预测 CSV 文件，等待 30 秒后重试...
2025-01-15 08:26:41,041 - 未找到预测 CSV 文件，等待 30 秒后重试...
2025-01-15 08:27:11,055 - 未找到预测 CSV 文件，等待 30 秒后重试...
2025-01-15 08:27:41,067 - 未找到预测 CSV 文件，等待 30 秒后重试...
2025-01-15 08:28:11,082 - 未找到预测 CSV 文件，等待 30 秒后重试...
2025-01-15 08:28:41,096 - 未找到预测 CSV 文件，等待 30 秒后重试...
2025-01-15 08:29:11,099 - 未找到预测 CSV 文件，等待 30 秒后重试...
2025-01-15 08:29:41,102 - 未找到预测 CSV 文件，等待 30 秒后重试...
2025-01-15 08:30:11,111 - 发现新的预测文件：D:\my-vue-project\wind-power-forecast\backend\auto_scripts\precsv\middlecsv\20250115.csv，执行预测...
2025-01-15 08:30:11,219 - 今天的训练和预测任务已完成。
