2025-01-17 01:00:06,796 - 今天的日期是: 20250117
2025-01-17 01:00:06,797 - 开始监视 D:\my-vue-project\wind-power-forecast\backend\auto_scripts\dataset\dataset_middle 文件夹以进行训练...
2025-01-17 01:00:06,797 - 开始监视 D:\my-vue-project\wind-power-forecast\backend\auto_scripts\precsv\middlecsv 文件夹以进行预测...
2025-01-17 01:00:06,797 - 发现新的训练文件：D:\my-vue-project\wind-power-forecast\backend\auto_scripts\dataset\dataset_middle\20250117.csv，执行训练...
2025-01-17 01:00:06,798 - 输出结果将保存到: D:\my-vue-project\wind-power-forecast\backend\auto_scripts\train_predictions\middle_predictions
2025-01-17 01:00:06,798 - 未有可用模型，等待模型训练完成...
2025-01-17 01:00:07,959 - 数据加载与预处理完成
2025-01-17 01:00:08,299 - 数据标准化完成
2025-01-17 01:00:09,059 - 创建时间窗口完成
2025-01-17 01:00:09,059 - 获取模型参数完成
2025-01-17 01:00:36,823 - 未有可用模型，等待模型训练完成...
2025-01-17 01:01:06,827 - 未有可用模型，等待模型训练完成...
2025-01-17 01:01:36,834 - 未有可用模型，等待模型训练完成...
2025-01-17 01:02:06,838 - 未有可用模型，等待模型训练完成...
2025-01-17 01:02:36,846 - 未有可用模型，等待模型训练完成...
2025-01-17 01:03:06,856 - 未有可用模型，等待模型训练完成...
2025-01-17 01:03:36,877 - 未有可用模型，等待模型训练完成...
2025-01-17 01:04:06,886 - 未有可用模型，等待模型训练完成...
2025-01-17 01:04:36,902 - 未有可用模型，等待模型训练完成...
2025-01-17 01:05:06,916 - 未有可用模型，等待模型训练完成...
2025-01-17 01:05:32,195 - 训练与评估完成
2025-01-17 01:05:32,230 - 保存预测结果完成
2025-01-17 01:05:32,545 - 可视化结果完成
2025-01-17 01:05:32,702 - 模型已成功保存到 D:\my-vue-project\wind-power-forecast\backend\auto_scripts\models\middlemodel\20250117，模型可用。
2025-01-17 01:05:36,920 - 未找到预测 CSV 文件，等待 30 秒后重试...
2025-01-17 01:06:06,935 - 未找到预测 CSV 文件，等待 30 秒后重试...
2025-01-17 01:06:36,940 - 未找到预测 CSV 文件，等待 30 秒后重试...
2025-01-17 01:07:06,955 - 未找到预测 CSV 文件，等待 30 秒后重试...
2025-01-17 01:07:36,957 - 未找到预测 CSV 文件，等待 30 秒后重试...
2025-01-17 01:08:06,970 - 未找到预测 CSV 文件，等待 30 秒后重试...
2025-01-17 01:08:36,977 - 未找到预测 CSV 文件，等待 30 秒后重试...
2025-01-17 01:09:06,992 - 未找到预测 CSV 文件，等待 30 秒后重试...
2025-01-17 01:09:37,001 - 未找到预测 CSV 文件，等待 30 秒后重试...
2025-01-17 01:10:07,007 - 未找到预测 CSV 文件，等待 30 秒后重试...
2025-01-17 01:10:37,017 - 未找到预测 CSV 文件，等待 30 秒后重试...
2025-01-17 01:11:07,019 - 未找到预测 CSV 文件，等待 30 秒后重试...
2025-01-17 01:11:37,033 - 未找到预测 CSV 文件，等待 30 秒后重试...
2025-01-17 01:12:07,045 - 未找到预测 CSV 文件，等待 30 秒后重试...
2025-01-17 01:12:37,061 - 未找到预测 CSV 文件，等待 30 秒后重试...
2025-01-17 01:13:07,077 - 未找到预测 CSV 文件，等待 30 秒后重试...
2025-01-17 01:13:37,080 - 未找到预测 CSV 文件，等待 30 秒后重试...
2025-01-17 01:14:07,096 - 未找到预测 CSV 文件，等待 30 秒后重试...
2025-01-17 01:14:37,107 - 未找到预测 CSV 文件，等待 30 秒后重试...
2025-01-17 01:15:07,120 - 未找到预测 CSV 文件，等待 30 秒后重试...
2025-01-17 01:15:37,123 - 未找到预测 CSV 文件，等待 30 秒后重试...
2025-01-17 01:16:07,131 - 未找到预测 CSV 文件，等待 30 秒后重试...
2025-01-17 01:16:37,133 - 未找到预测 CSV 文件，等待 30 秒后重试...
2025-01-17 01:17:07,142 - 未找到预测 CSV 文件，等待 30 秒后重试...
2025-01-17 01:17:37,146 - 未找到预测 CSV 文件，等待 30 秒后重试...
2025-01-17 01:18:07,147 - 未找到预测 CSV 文件，等待 30 秒后重试...
2025-01-17 01:18:37,164 - 未找到预测 CSV 文件，等待 30 秒后重试...
2025-01-17 01:19:07,180 - 未找到预测 CSV 文件，等待 30 秒后重试...
2025-01-17 01:19:37,183 - 未找到预测 CSV 文件，等待 30 秒后重试...
2025-01-17 01:20:07,191 - 未找到预测 CSV 文件，等待 30 秒后重试...
2025-01-17 01:20:37,204 - 未找到预测 CSV 文件，等待 30 秒后重试...
2025-01-17 01:21:07,217 - 未找到预测 CSV 文件，等待 30 秒后重试...
2025-01-17 01:21:37,227 - 未找到预测 CSV 文件，等待 30 秒后重试...
2025-01-17 01:22:07,237 - 未找到预测 CSV 文件，等待 30 秒后重试...
2025-01-17 01:22:37,243 - 未找到预测 CSV 文件，等待 30 秒后重试...
2025-01-17 01:23:07,245 - 未找到预测 CSV 文件，等待 30 秒后重试...
2025-01-17 01:23:37,259 - 未找到预测 CSV 文件，等待 30 秒后重试...
2025-01-17 01:24:07,273 - 未找到预测 CSV 文件，等待 30 秒后重试...
2025-01-17 01:24:37,282 - 未找到预测 CSV 文件，等待 30 秒后重试...
2025-01-17 01:25:07,294 - 未找到预测 CSV 文件，等待 30 秒后重试...
2025-01-17 01:25:37,303 - 未找到预测 CSV 文件，等待 30 秒后重试...
2025-01-17 01:26:07,306 - 未找到预测 CSV 文件，等待 30 秒后重试...
2025-01-17 01:26:37,311 - 未找到预测 CSV 文件，等待 30 秒后重试...
2025-01-17 01:27:07,327 - 未找到预测 CSV 文件，等待 30 秒后重试...
2025-01-17 01:27:37,338 - 未找到预测 CSV 文件，等待 30 秒后重试...
2025-01-17 01:28:07,342 - 未找到预测 CSV 文件，等待 30 秒后重试...
2025-01-17 01:28:37,359 - 未找到预测 CSV 文件，等待 30 秒后重试...
2025-01-17 01:29:07,372 - 未找到预测 CSV 文件，等待 30 秒后重试...
2025-01-17 01:29:37,386 - 未找到预测 CSV 文件，等待 30 秒后重试...
2025-01-17 01:30:07,394 - 未找到预测 CSV 文件，等待 30 秒后重试...
2025-01-17 01:30:37,409 - 未找到预测 CSV 文件，等待 30 秒后重试...
2025-01-17 01:31:07,419 - 未找到预测 CSV 文件，等待 30 秒后重试...
2025-01-17 01:31:37,422 - 未找到预测 CSV 文件，等待 30 秒后重试...
2025-01-17 01:32:07,433 - 未找到预测 CSV 文件，等待 30 秒后重试...
2025-01-17 01:32:37,437 - 未找到预测 CSV 文件，等待 30 秒后重试...
2025-01-17 01:33:07,452 - 未找到预测 CSV 文件，等待 30 秒后重试...
2025-01-17 01:33:37,468 - 未找到预测 CSV 文件，等待 30 秒后重试...
2025-01-17 01:34:07,484 - 未找到预测 CSV 文件，等待 30 秒后重试...
2025-01-17 01:34:37,495 - 未找到预测 CSV 文件，等待 30 秒后重试...
2025-01-17 01:35:07,508 - 未找到预测 CSV 文件，等待 30 秒后重试...
2025-01-17 01:35:37,522 - 未找到预测 CSV 文件，等待 30 秒后重试...
2025-01-17 01:36:07,533 - 未找到预测 CSV 文件，等待 30 秒后重试...
2025-01-17 01:36:37,538 - 未找到预测 CSV 文件，等待 30 秒后重试...
2025-01-17 01:37:07,548 - 未找到预测 CSV 文件，等待 30 秒后重试...
2025-01-17 01:37:37,553 - 未找到预测 CSV 文件，等待 30 秒后重试...
2025-01-17 01:38:07,561 - 未找到预测 CSV 文件，等待 30 秒后重试...
2025-01-17 01:38:37,577 - 未找到预测 CSV 文件，等待 30 秒后重试...
2025-01-17 01:39:07,578 - 未找到预测 CSV 文件，等待 30 秒后重试...
2025-01-17 01:39:37,584 - 未找到预测 CSV 文件，等待 30 秒后重试...
2025-01-17 01:40:07,588 - 未找到预测 CSV 文件，等待 30 秒后重试...
2025-01-17 01:40:37,604 - 未找到预测 CSV 文件，等待 30 秒后重试...
2025-01-17 01:41:07,616 - 未找到预测 CSV 文件，等待 30 秒后重试...
2025-01-17 01:41:37,619 - 未找到预测 CSV 文件，等待 30 秒后重试...
2025-01-17 01:42:07,621 - 未找到预测 CSV 文件，等待 30 秒后重试...
2025-01-17 01:42:37,634 - 未找到预测 CSV 文件，等待 30 秒后重试...
2025-01-17 01:43:07,644 - 未找到预测 CSV 文件，等待 30 秒后重试...
2025-01-17 01:43:37,650 - 未找到预测 CSV 文件，等待 30 秒后重试...
2025-01-17 01:44:07,653 - 未找到预测 CSV 文件，等待 30 秒后重试...
2025-01-17 01:44:37,668 - 未找到预测 CSV 文件，等待 30 秒后重试...
2025-01-17 01:45:07,671 - 未找到预测 CSV 文件，等待 30 秒后重试...
2025-01-17 01:45:37,672 - 未找到预测 CSV 文件，等待 30 秒后重试...
2025-01-17 01:46:07,678 - 未找到预测 CSV 文件，等待 30 秒后重试...
2025-01-17 01:46:37,686 - 未找到预测 CSV 文件，等待 30 秒后重试...
2025-01-17 01:47:07,692 - 未找到预测 CSV 文件，等待 30 秒后重试...
2025-01-17 01:47:37,703 - 未找到预测 CSV 文件，等待 30 秒后重试...
2025-01-17 01:48:07,708 - 未找到预测 CSV 文件，等待 30 秒后重试...
2025-01-17 01:48:37,719 - 未找到预测 CSV 文件，等待 30 秒后重试...
2025-01-17 01:49:07,732 - 未找到预测 CSV 文件，等待 30 秒后重试...
2025-01-17 01:49:37,745 - 未找到预测 CSV 文件，等待 30 秒后重试...
2025-01-17 01:50:07,761 - 未找到预测 CSV 文件，等待 30 秒后重试...
2025-01-17 01:50:37,772 - 未找到预测 CSV 文件，等待 30 秒后重试...
2025-01-17 01:51:07,780 - 未找到预测 CSV 文件，等待 30 秒后重试...
2025-01-17 01:51:37,789 - 未找到预测 CSV 文件，等待 30 秒后重试...
2025-01-17 01:52:07,804 - 未找到预测 CSV 文件，等待 30 秒后重试...
2025-01-17 01:52:37,813 - 未找到预测 CSV 文件，等待 30 秒后重试...
2025-01-17 01:53:07,826 - 未找到预测 CSV 文件，等待 30 秒后重试...
2025-01-17 01:53:37,835 - 未找到预测 CSV 文件，等待 30 秒后重试...
2025-01-17 01:54:07,845 - 未找到预测 CSV 文件，等待 30 秒后重试...
2025-01-17 01:54:37,861 - 未找到预测 CSV 文件，等待 30 秒后重试...
2025-01-17 01:55:07,877 - 未找到预测 CSV 文件，等待 30 秒后重试...
2025-01-17 01:55:37,881 - 未找到预测 CSV 文件，等待 30 秒后重试...
2025-01-17 01:56:07,886 - 未找到预测 CSV 文件，等待 30 秒后重试...
2025-01-17 01:56:37,900 - 未找到预测 CSV 文件，等待 30 秒后重试...
2025-01-17 01:57:07,908 - 未找到预测 CSV 文件，等待 30 秒后重试...
2025-01-17 01:57:37,912 - 未找到预测 CSV 文件，等待 30 秒后重试...
2025-01-17 01:58:07,920 - 未找到预测 CSV 文件，等待 30 秒后重试...
2025-01-17 01:58:37,923 - 未找到预测 CSV 文件，等待 30 秒后重试...
2025-01-17 01:59:07,934 - 未找到预测 CSV 文件，等待 30 秒后重试...
2025-01-17 01:59:37,949 - 未找到预测 CSV 文件，等待 30 秒后重试...
2025-01-17 02:00:07,958 - 未找到预测 CSV 文件，等待 30 秒后重试...
2025-01-17 02:00:37,973 - 未找到预测 CSV 文件，等待 30 秒后重试...
2025-01-17 02:01:07,984 - 未找到预测 CSV 文件，等待 30 秒后重试...
2025-01-17 02:01:37,991 - 未找到预测 CSV 文件，等待 30 秒后重试...
2025-01-17 02:02:08,001 - 未找到预测 CSV 文件，等待 30 秒后重试...
2025-01-17 02:02:38,012 - 未找到预测 CSV 文件，等待 30 秒后重试...
2025-01-17 02:03:08,020 - 未找到预测 CSV 文件，等待 30 秒后重试...
2025-01-17 02:03:38,029 - 未找到预测 CSV 文件，等待 30 秒后重试...
2025-01-17 02:04:08,032 - 未找到预测 CSV 文件，等待 30 秒后重试...
2025-01-17 02:04:38,036 - 未找到预测 CSV 文件，等待 30 秒后重试...
2025-01-17 02:05:08,039 - 未找到预测 CSV 文件，等待 30 秒后重试...
2025-01-17 02:05:38,051 - 未找到预测 CSV 文件，等待 30 秒后重试...
2025-01-17 02:06:08,055 - 未找到预测 CSV 文件，等待 30 秒后重试...
2025-01-17 02:06:38,066 - 未找到预测 CSV 文件，等待 30 秒后重试...
2025-01-17 02:07:08,071 - 未找到预测 CSV 文件，等待 30 秒后重试...
2025-01-17 02:07:38,075 - 未找到预测 CSV 文件，等待 30 秒后重试...
2025-01-17 02:08:08,085 - 未找到预测 CSV 文件，等待 30 秒后重试...
2025-01-17 02:08:38,101 - 未找到预测 CSV 文件，等待 30 秒后重试...
2025-01-17 02:09:08,106 - 未找到预测 CSV 文件，等待 30 秒后重试...
2025-01-17 02:09:38,113 - 未找到预测 CSV 文件，等待 30 秒后重试...
2025-01-17 02:10:08,125 - 未找到预测 CSV 文件，等待 30 秒后重试...
2025-01-17 02:10:38,140 - 未找到预测 CSV 文件，等待 30 秒后重试...
2025-01-17 02:11:08,141 - 未找到预测 CSV 文件，等待 30 秒后重试...
2025-01-17 02:11:38,148 - 未找到预测 CSV 文件，等待 30 秒后重试...
2025-01-17 02:12:08,159 - 未找到预测 CSV 文件，等待 30 秒后重试...
2025-01-17 02:12:38,163 - 未找到预测 CSV 文件，等待 30 秒后重试...
2025-01-17 02:13:08,173 - 未找到预测 CSV 文件，等待 30 秒后重试...
2025-01-17 02:13:38,178 - 未找到预测 CSV 文件，等待 30 秒后重试...
2025-01-17 02:14:08,182 - 未找到预测 CSV 文件，等待 30 秒后重试...
2025-01-17 02:14:38,194 - 未找到预测 CSV 文件，等待 30 秒后重试...
2025-01-17 02:15:08,211 - 未找到预测 CSV 文件，等待 30 秒后重试...
2025-01-17 02:15:38,216 - 未找到预测 CSV 文件，等待 30 秒后重试...
2025-01-17 02:16:08,229 - 未找到预测 CSV 文件，等待 30 秒后重试...
2025-01-17 02:16:38,241 - 未找到预测 CSV 文件，等待 30 秒后重试...
2025-01-17 02:17:08,252 - 未找到预测 CSV 文件，等待 30 秒后重试...
2025-01-17 02:17:38,256 - 未找到预测 CSV 文件，等待 30 秒后重试...
2025-01-17 02:18:08,271 - 未找到预测 CSV 文件，等待 30 秒后重试...
2025-01-17 02:18:38,284 - 未找到预测 CSV 文件，等待 30 秒后重试...
2025-01-17 02:19:08,294 - 未找到预测 CSV 文件，等待 30 秒后重试...
2025-01-17 02:19:38,309 - 未找到预测 CSV 文件，等待 30 秒后重试...
2025-01-17 02:20:08,316 - 未找到预测 CSV 文件，等待 30 秒后重试...
2025-01-17 02:20:38,322 - 未找到预测 CSV 文件，等待 30 秒后重试...
2025-01-17 02:21:08,340 - 未找到预测 CSV 文件，等待 30 秒后重试...
2025-01-17 02:21:38,344 - 未找到预测 CSV 文件，等待 30 秒后重试...
2025-01-17 02:22:08,347 - 未找到预测 CSV 文件，等待 30 秒后重试...
2025-01-17 02:22:38,354 - 未找到预测 CSV 文件，等待 30 秒后重试...
2025-01-17 02:23:08,361 - 未找到预测 CSV 文件，等待 30 秒后重试...
2025-01-17 02:23:38,362 - 未找到预测 CSV 文件，等待 30 秒后重试...
2025-01-17 02:24:08,368 - 未找到预测 CSV 文件，等待 30 秒后重试...
2025-01-17 02:24:38,384 - 未找到预测 CSV 文件，等待 30 秒后重试...
2025-01-17 02:25:08,391 - 未找到预测 CSV 文件，等待 30 秒后重试...
2025-01-17 02:25:38,402 - 未找到预测 CSV 文件，等待 30 秒后重试...
2025-01-17 02:26:08,406 - 未找到预测 CSV 文件，等待 30 秒后重试...
2025-01-17 02:26:38,413 - 未找到预测 CSV 文件，等待 30 秒后重试...
2025-01-17 02:27:08,420 - 未找到预测 CSV 文件，等待 30 秒后重试...
2025-01-17 02:27:38,432 - 未找到预测 CSV 文件，等待 30 秒后重试...
2025-01-17 02:28:08,448 - 未找到预测 CSV 文件，等待 30 秒后重试...
2025-01-17 02:28:38,454 - 未找到预测 CSV 文件，等待 30 秒后重试...
2025-01-17 02:29:08,459 - 未找到预测 CSV 文件，等待 30 秒后重试...
2025-01-17 02:29:38,460 - 未找到预测 CSV 文件，等待 30 秒后重试...
2025-01-17 02:30:08,466 - 未找到预测 CSV 文件，等待 30 秒后重试...
2025-01-17 02:30:38,469 - 未找到预测 CSV 文件，等待 30 秒后重试...
2025-01-17 02:31:08,474 - 未找到预测 CSV 文件，等待 30 秒后重试...
2025-01-17 02:31:38,491 - 未找到预测 CSV 文件，等待 30 秒后重试...
2025-01-17 02:32:08,502 - 未找到预测 CSV 文件，等待 30 秒后重试...
2025-01-17 02:32:38,514 - 未找到预测 CSV 文件，等待 30 秒后重试...
2025-01-17 02:33:08,527 - 未找到预测 CSV 文件，等待 30 秒后重试...
2025-01-17 02:33:38,542 - 未找到预测 CSV 文件，等待 30 秒后重试...
2025-01-17 02:34:08,551 - 未找到预测 CSV 文件，等待 30 秒后重试...
2025-01-17 02:34:38,566 - 未找到预测 CSV 文件，等待 30 秒后重试...
2025-01-17 02:35:08,573 - 未找到预测 CSV 文件，等待 30 秒后重试...
2025-01-17 02:35:38,577 - 未找到预测 CSV 文件，等待 30 秒后重试...
2025-01-17 02:36:08,587 - 未找到预测 CSV 文件，等待 30 秒后重试...
2025-01-17 02:36:38,590 - 未找到预测 CSV 文件，等待 30 秒后重试...
2025-01-17 02:37:08,591 - 未找到预测 CSV 文件，等待 30 秒后重试...
2025-01-17 02:37:38,597 - 未找到预测 CSV 文件，等待 30 秒后重试...
2025-01-17 02:38:08,613 - 未找到预测 CSV 文件，等待 30 秒后重试...
2025-01-17 02:38:38,618 - 未找到预测 CSV 文件，等待 30 秒后重试...
2025-01-17 02:39:08,632 - 未找到预测 CSV 文件，等待 30 秒后重试...
2025-01-17 02:39:38,644 - 未找到预测 CSV 文件，等待 30 秒后重试...
2025-01-17 02:40:08,646 - 未找到预测 CSV 文件，等待 30 秒后重试...
2025-01-17 02:40:38,656 - 未找到预测 CSV 文件，等待 30 秒后重试...
2025-01-17 02:41:08,658 - 未找到预测 CSV 文件，等待 30 秒后重试...
2025-01-17 02:41:38,673 - 未找到预测 CSV 文件，等待 30 秒后重试...
2025-01-17 02:42:08,684 - 未找到预测 CSV 文件，等待 30 秒后重试...
2025-01-17 02:42:38,697 - 未找到预测 CSV 文件，等待 30 秒后重试...
2025-01-17 02:43:08,713 - 未找到预测 CSV 文件，等待 30 秒后重试...
2025-01-17 02:43:38,726 - 未找到预测 CSV 文件，等待 30 秒后重试...
2025-01-17 02:44:08,741 - 未找到预测 CSV 文件，等待 30 秒后重试...
2025-01-17 02:44:38,746 - 未找到预测 CSV 文件，等待 30 秒后重试...
2025-01-17 02:45:08,761 - 未找到预测 CSV 文件，等待 30 秒后重试...
2025-01-17 02:45:38,762 - 未找到预测 CSV 文件，等待 30 秒后重试...
2025-01-17 02:46:08,774 - 未找到预测 CSV 文件，等待 30 秒后重试...
2025-01-17 02:46:38,781 - 未找到预测 CSV 文件，等待 30 秒后重试...
2025-01-17 02:47:08,786 - 未找到预测 CSV 文件，等待 30 秒后重试...
2025-01-17 02:47:38,797 - 未找到预测 CSV 文件，等待 30 秒后重试...
2025-01-17 02:48:08,809 - 未找到预测 CSV 文件，等待 30 秒后重试...
2025-01-17 02:48:38,817 - 未找到预测 CSV 文件，等待 30 秒后重试...
2025-01-17 02:49:08,831 - 未找到预测 CSV 文件，等待 30 秒后重试...
2025-01-17 02:49:38,836 - 未找到预测 CSV 文件，等待 30 秒后重试...
2025-01-17 02:50:08,838 - 未找到预测 CSV 文件，等待 30 秒后重试...
2025-01-17 02:50:38,847 - 未找到预测 CSV 文件，等待 30 秒后重试...
2025-01-17 02:51:08,857 - 未找到预测 CSV 文件，等待 30 秒后重试...
2025-01-17 02:51:38,859 - 未找到预测 CSV 文件，等待 30 秒后重试...
2025-01-17 02:52:08,870 - 未找到预测 CSV 文件，等待 30 秒后重试...
2025-01-17 02:52:38,877 - 未找到预测 CSV 文件，等待 30 秒后重试...
2025-01-17 02:53:08,883 - 未找到预测 CSV 文件，等待 30 秒后重试...
2025-01-17 02:53:38,898 - 未找到预测 CSV 文件，等待 30 秒后重试...
2025-01-17 02:54:08,909 - 未找到预测 CSV 文件，等待 30 秒后重试...
2025-01-17 02:54:38,913 - 未找到预测 CSV 文件，等待 30 秒后重试...
2025-01-17 02:55:08,919 - 未找到预测 CSV 文件，等待 30 秒后重试...
2025-01-17 02:55:38,931 - 未找到预测 CSV 文件，等待 30 秒后重试...
2025-01-17 02:56:08,942 - 未找到预测 CSV 文件，等待 30 秒后重试...
2025-01-17 02:56:38,948 - 未找到预测 CSV 文件，等待 30 秒后重试...
2025-01-17 02:57:08,957 - 未找到预测 CSV 文件，等待 30 秒后重试...
2025-01-17 02:57:38,970 - 未找到预测 CSV 文件，等待 30 秒后重试...
2025-01-17 02:58:08,972 - 未找到预测 CSV 文件，等待 30 秒后重试...
2025-01-17 02:58:38,989 - 未找到预测 CSV 文件，等待 30 秒后重试...
2025-01-17 02:59:08,990 - 未找到预测 CSV 文件，等待 30 秒后重试...
2025-01-17 02:59:39,002 - 未找到预测 CSV 文件，等待 30 秒后重试...
2025-01-17 03:00:09,010 - 未找到预测 CSV 文件，等待 30 秒后重试...
2025-01-17 03:00:39,019 - 未找到预测 CSV 文件，等待 30 秒后重试...
2025-01-17 03:01:09,028 - 未找到预测 CSV 文件，等待 30 秒后重试...
2025-01-17 03:01:39,038 - 未找到预测 CSV 文件，等待 30 秒后重试...
2025-01-17 03:02:09,046 - 未找到预测 CSV 文件，等待 30 秒后重试...
2025-01-17 03:02:39,057 - 未找到预测 CSV 文件，等待 30 秒后重试...
2025-01-17 03:03:09,073 - 未找到预测 CSV 文件，等待 30 秒后重试...
2025-01-17 03:03:39,089 - 未找到预测 CSV 文件，等待 30 秒后重试...
2025-01-17 03:04:09,101 - 未找到预测 CSV 文件，等待 30 秒后重试...
2025-01-17 03:04:39,103 - 未找到预测 CSV 文件，等待 30 秒后重试...
2025-01-17 03:05:09,119 - 未找到预测 CSV 文件，等待 30 秒后重试...
2025-01-17 03:05:39,124 - 未找到预测 CSV 文件，等待 30 秒后重试...
2025-01-17 03:06:09,138 - 未找到预测 CSV 文件，等待 30 秒后重试...
2025-01-17 03:06:39,154 - 未找到预测 CSV 文件，等待 30 秒后重试...
2025-01-17 03:07:09,166 - 未找到预测 CSV 文件，等待 30 秒后重试...
2025-01-17 03:07:39,178 - 未找到预测 CSV 文件，等待 30 秒后重试...
2025-01-17 03:08:09,188 - 未找到预测 CSV 文件，等待 30 秒后重试...
2025-01-17 03:08:39,198 - 未找到预测 CSV 文件，等待 30 秒后重试...
2025-01-17 03:09:09,211 - 未找到预测 CSV 文件，等待 30 秒后重试...
2025-01-17 03:09:39,227 - 未找到预测 CSV 文件，等待 30 秒后重试...
2025-01-17 03:10:09,243 - 未找到预测 CSV 文件，等待 30 秒后重试...
2025-01-17 03:10:39,260 - 未找到预测 CSV 文件，等待 30 秒后重试...
2025-01-17 03:11:09,273 - 未找到预测 CSV 文件，等待 30 秒后重试...
2025-01-17 03:11:39,283 - 未找到预测 CSV 文件，等待 30 秒后重试...
2025-01-17 03:12:09,297 - 未找到预测 CSV 文件，等待 30 秒后重试...
2025-01-17 03:12:39,310 - 未找到预测 CSV 文件，等待 30 秒后重试...
2025-01-17 03:13:09,325 - 未找到预测 CSV 文件，等待 30 秒后重试...
2025-01-17 03:13:39,337 - 未找到预测 CSV 文件，等待 30 秒后重试...
2025-01-17 03:14:09,350 - 未找到预测 CSV 文件，等待 30 秒后重试...
2025-01-17 03:14:39,356 - 未找到预测 CSV 文件，等待 30 秒后重试...
2025-01-17 03:15:09,363 - 未找到预测 CSV 文件，等待 30 秒后重试...
2025-01-17 03:15:39,371 - 未找到预测 CSV 文件，等待 30 秒后重试...
2025-01-17 03:16:09,382 - 未找到预测 CSV 文件，等待 30 秒后重试...
2025-01-17 03:16:39,387 - 未找到预测 CSV 文件，等待 30 秒后重试...
2025-01-17 03:17:09,401 - 未找到预测 CSV 文件，等待 30 秒后重试...
2025-01-17 03:17:39,404 - 未找到预测 CSV 文件，等待 30 秒后重试...
2025-01-17 03:18:09,405 - 未找到预测 CSV 文件，等待 30 秒后重试...
2025-01-17 03:18:39,414 - 未找到预测 CSV 文件，等待 30 秒后重试...
2025-01-17 03:19:09,423 - 未找到预测 CSV 文件，等待 30 秒后重试...
2025-01-17 03:19:39,436 - 未找到预测 CSV 文件，等待 30 秒后重试...
2025-01-17 03:20:09,443 - 未找到预测 CSV 文件，等待 30 秒后重试...
2025-01-17 03:20:39,459 - 未找到预测 CSV 文件，等待 30 秒后重试...
2025-01-17 03:21:09,469 - 未找到预测 CSV 文件，等待 30 秒后重试...
2025-01-17 03:21:39,476 - 未找到预测 CSV 文件，等待 30 秒后重试...
2025-01-17 03:22:09,481 - 未找到预测 CSV 文件，等待 30 秒后重试...
2025-01-17 03:22:39,485 - 未找到预测 CSV 文件，等待 30 秒后重试...
2025-01-17 03:23:09,493 - 未找到预测 CSV 文件，等待 30 秒后重试...
2025-01-17 03:23:39,507 - 未找到预测 CSV 文件，等待 30 秒后重试...
2025-01-17 03:24:09,512 - 未找到预测 CSV 文件，等待 30 秒后重试...
2025-01-17 03:24:39,528 - 未找到预测 CSV 文件，等待 30 秒后重试...
2025-01-17 03:25:09,534 - 未找到预测 CSV 文件，等待 30 秒后重试...
2025-01-17 03:25:39,540 - 未找到预测 CSV 文件，等待 30 秒后重试...
2025-01-17 03:26:09,549 - 未找到预测 CSV 文件，等待 30 秒后重试...
2025-01-17 03:26:39,555 - 未找到预测 CSV 文件，等待 30 秒后重试...
2025-01-17 03:27:09,564 - 未找到预测 CSV 文件，等待 30 秒后重试...
2025-01-17 03:27:39,568 - 未找到预测 CSV 文件，等待 30 秒后重试...
2025-01-17 03:28:09,577 - 未找到预测 CSV 文件，等待 30 秒后重试...
2025-01-17 03:28:39,588 - 未找到预测 CSV 文件，等待 30 秒后重试...
2025-01-17 03:29:09,589 - 未找到预测 CSV 文件，等待 30 秒后重试...
2025-01-17 03:29:39,595 - 未找到预测 CSV 文件，等待 30 秒后重试...
2025-01-17 03:30:09,604 - 未找到预测 CSV 文件，等待 30 秒后重试...
2025-01-17 03:30:39,607 - 未找到预测 CSV 文件，等待 30 秒后重试...
2025-01-17 03:31:09,619 - 未找到预测 CSV 文件，等待 30 秒后重试...
2025-01-17 03:31:39,633 - 未找到预测 CSV 文件，等待 30 秒后重试...
2025-01-17 03:32:09,635 - 未找到预测 CSV 文件，等待 30 秒后重试...
2025-01-17 03:32:39,637 - 未找到预测 CSV 文件，等待 30 秒后重试...
2025-01-17 03:33:09,639 - 未找到预测 CSV 文件，等待 30 秒后重试...
2025-01-17 03:33:39,647 - 未找到预测 CSV 文件，等待 30 秒后重试...
2025-01-17 03:34:09,648 - 未找到预测 CSV 文件，等待 30 秒后重试...
2025-01-17 03:34:39,656 - 未找到预测 CSV 文件，等待 30 秒后重试...
2025-01-17 03:35:09,658 - 未找到预测 CSV 文件，等待 30 秒后重试...
2025-01-17 03:35:39,659 - 未找到预测 CSV 文件，等待 30 秒后重试...
2025-01-17 03:36:09,666 - 未找到预测 CSV 文件，等待 30 秒后重试...
2025-01-17 03:36:39,676 - 未找到预测 CSV 文件，等待 30 秒后重试...
2025-01-17 03:37:09,683 - 未找到预测 CSV 文件，等待 30 秒后重试...
2025-01-17 03:37:39,695 - 未找到预测 CSV 文件，等待 30 秒后重试...
2025-01-17 03:38:09,703 - 未找到预测 CSV 文件，等待 30 秒后重试...
2025-01-17 03:38:39,707 - 未找到预测 CSV 文件，等待 30 秒后重试...
2025-01-17 03:39:09,723 - 未找到预测 CSV 文件，等待 30 秒后重试...
2025-01-17 03:39:39,737 - 未找到预测 CSV 文件，等待 30 秒后重试...
2025-01-17 03:40:09,740 - 未找到预测 CSV 文件，等待 30 秒后重试...
2025-01-17 03:40:39,755 - 未找到预测 CSV 文件，等待 30 秒后重试...
2025-01-17 03:41:09,758 - 未找到预测 CSV 文件，等待 30 秒后重试...
2025-01-17 03:41:39,762 - 未找到预测 CSV 文件，等待 30 秒后重试...
2025-01-17 03:42:09,778 - 未找到预测 CSV 文件，等待 30 秒后重试...
2025-01-17 03:42:39,779 - 未找到预测 CSV 文件，等待 30 秒后重试...
2025-01-17 03:43:09,790 - 未找到预测 CSV 文件，等待 30 秒后重试...
2025-01-17 03:43:39,801 - 未找到预测 CSV 文件，等待 30 秒后重试...
2025-01-17 03:44:09,816 - 未找到预测 CSV 文件，等待 30 秒后重试...
2025-01-17 03:44:39,831 - 未找到预测 CSV 文件，等待 30 秒后重试...
2025-01-17 03:45:09,838 - 未找到预测 CSV 文件，等待 30 秒后重试...
2025-01-17 03:45:39,844 - 未找到预测 CSV 文件，等待 30 秒后重试...
2025-01-17 03:46:09,852 - 未找到预测 CSV 文件，等待 30 秒后重试...
2025-01-17 03:46:39,857 - 未找到预测 CSV 文件，等待 30 秒后重试...
2025-01-17 03:47:09,866 - 未找到预测 CSV 文件，等待 30 秒后重试...
2025-01-17 03:47:39,881 - 未找到预测 CSV 文件，等待 30 秒后重试...
2025-01-17 03:48:09,890 - 未找到预测 CSV 文件，等待 30 秒后重试...
2025-01-17 03:48:39,892 - 未找到预测 CSV 文件，等待 30 秒后重试...
2025-01-17 03:49:09,898 - 未找到预测 CSV 文件，等待 30 秒后重试...
2025-01-17 03:49:39,900 - 未找到预测 CSV 文件，等待 30 秒后重试...
2025-01-17 03:50:09,901 - 未找到预测 CSV 文件，等待 30 秒后重试...
2025-01-17 03:50:39,905 - 未找到预测 CSV 文件，等待 30 秒后重试...
2025-01-17 03:51:09,913 - 未找到预测 CSV 文件，等待 30 秒后重试...
2025-01-17 03:51:39,922 - 未找到预测 CSV 文件，等待 30 秒后重试...
2025-01-17 03:52:09,923 - 未找到预测 CSV 文件，等待 30 秒后重试...
2025-01-17 03:52:39,931 - 未找到预测 CSV 文件，等待 30 秒后重试...
2025-01-17 03:53:09,948 - 未找到预测 CSV 文件，等待 30 秒后重试...
2025-01-17 03:53:39,951 - 未找到预测 CSV 文件，等待 30 秒后重试...
2025-01-17 03:54:09,958 - 未找到预测 CSV 文件，等待 30 秒后重试...
2025-01-17 03:54:39,974 - 未找到预测 CSV 文件，等待 30 秒后重试...
2025-01-17 03:55:09,982 - 未找到预测 CSV 文件，等待 30 秒后重试...
2025-01-17 03:55:39,995 - 未找到预测 CSV 文件，等待 30 秒后重试...
2025-01-17 03:56:10,012 - 未找到预测 CSV 文件，等待 30 秒后重试...
2025-01-17 03:56:40,025 - 未找到预测 CSV 文件，等待 30 秒后重试...
2025-01-17 03:57:10,039 - 未找到预测 CSV 文件，等待 30 秒后重试...
2025-01-17 03:57:40,050 - 未找到预测 CSV 文件，等待 30 秒后重试...
2025-01-17 03:58:10,056 - 未找到预测 CSV 文件，等待 30 秒后重试...
2025-01-17 03:58:40,072 - 未找到预测 CSV 文件，等待 30 秒后重试...
2025-01-17 03:59:10,088 - 未找到预测 CSV 文件，等待 30 秒后重试...
2025-01-17 03:59:40,099 - 未找到预测 CSV 文件，等待 30 秒后重试...
2025-01-17 04:00:10,110 - 未找到预测 CSV 文件，等待 30 秒后重试...
2025-01-17 04:00:40,124 - 未找到预测 CSV 文件，等待 30 秒后重试...
2025-01-17 04:01:10,130 - 未找到预测 CSV 文件，等待 30 秒后重试...
2025-01-17 04:01:40,138 - 未找到预测 CSV 文件，等待 30 秒后重试...
2025-01-17 04:02:10,154 - 未找到预测 CSV 文件，等待 30 秒后重试...
2025-01-17 04:02:40,155 - 未找到预测 CSV 文件，等待 30 秒后重试...
2025-01-17 04:03:10,168 - 未找到预测 CSV 文件，等待 30 秒后重试...
2025-01-17 04:03:40,170 - 未找到预测 CSV 文件，等待 30 秒后重试...
2025-01-17 04:04:10,180 - 未找到预测 CSV 文件，等待 30 秒后重试...
2025-01-17 04:04:40,192 - 未找到预测 CSV 文件，等待 30 秒后重试...
2025-01-17 04:05:10,207 - 未找到预测 CSV 文件，等待 30 秒后重试...
2025-01-17 04:05:40,217 - 未找到预测 CSV 文件，等待 30 秒后重试...
2025-01-17 04:06:10,230 - 未找到预测 CSV 文件，等待 30 秒后重试...
2025-01-17 04:06:40,235 - 未找到预测 CSV 文件，等待 30 秒后重试...
2025-01-17 04:07:10,239 - 未找到预测 CSV 文件，等待 30 秒后重试...
2025-01-17 04:07:40,253 - 未找到预测 CSV 文件，等待 30 秒后重试...
2025-01-17 04:08:10,257 - 未找到预测 CSV 文件，等待 30 秒后重试...
2025-01-17 04:08:40,263 - 未找到预测 CSV 文件，等待 30 秒后重试...
2025-01-17 04:09:10,277 - 未找到预测 CSV 文件，等待 30 秒后重试...
2025-01-17 04:09:40,288 - 未找到预测 CSV 文件，等待 30 秒后重试...
2025-01-17 04:10:10,297 - 未找到预测 CSV 文件，等待 30 秒后重试...
2025-01-17 04:10:40,306 - 未找到预测 CSV 文件，等待 30 秒后重试...
2025-01-17 04:11:10,323 - 未找到预测 CSV 文件，等待 30 秒后重试...
2025-01-17 04:11:40,332 - 未找到预测 CSV 文件，等待 30 秒后重试...
2025-01-17 04:12:10,341 - 未找到预测 CSV 文件，等待 30 秒后重试...
2025-01-17 04:12:40,351 - 未找到预测 CSV 文件，等待 30 秒后重试...
2025-01-17 04:13:10,360 - 未找到预测 CSV 文件，等待 30 秒后重试...
2025-01-17 04:13:40,363 - 未找到预测 CSV 文件，等待 30 秒后重试...
2025-01-17 04:14:10,372 - 未找到预测 CSV 文件，等待 30 秒后重试...
2025-01-17 04:14:40,380 - 未找到预测 CSV 文件，等待 30 秒后重试...
2025-01-17 04:15:10,391 - 未找到预测 CSV 文件，等待 30 秒后重试...
2025-01-17 04:15:40,402 - 未找到预测 CSV 文件，等待 30 秒后重试...
2025-01-17 04:16:10,416 - 未找到预测 CSV 文件，等待 30 秒后重试...
2025-01-17 04:16:40,427 - 未找到预测 CSV 文件，等待 30 秒后重试...
2025-01-17 04:17:10,442 - 未找到预测 CSV 文件，等待 30 秒后重试...
2025-01-17 04:17:40,453 - 未找到预测 CSV 文件，等待 30 秒后重试...
2025-01-17 04:18:10,463 - 未找到预测 CSV 文件，等待 30 秒后重试...
2025-01-17 04:18:40,468 - 未找到预测 CSV 文件，等待 30 秒后重试...
2025-01-17 04:19:10,480 - 未找到预测 CSV 文件，等待 30 秒后重试...
2025-01-17 04:19:40,493 - 未找到预测 CSV 文件，等待 30 秒后重试...
2025-01-17 04:20:10,500 - 未找到预测 CSV 文件，等待 30 秒后重试...
2025-01-17 04:20:40,503 - 未找到预测 CSV 文件，等待 30 秒后重试...
2025-01-17 04:21:10,506 - 未找到预测 CSV 文件，等待 30 秒后重试...
2025-01-17 04:21:40,512 - 未找到预测 CSV 文件，等待 30 秒后重试...
2025-01-17 04:22:10,517 - 未找到预测 CSV 文件，等待 30 秒后重试...
2025-01-17 04:22:40,528 - 未找到预测 CSV 文件，等待 30 秒后重试...
2025-01-17 04:23:10,530 - 未找到预测 CSV 文件，等待 30 秒后重试...
2025-01-17 04:23:40,534 - 未找到预测 CSV 文件，等待 30 秒后重试...
2025-01-17 04:24:10,538 - 未找到预测 CSV 文件，等待 30 秒后重试...
2025-01-17 04:24:40,544 - 未找到预测 CSV 文件，等待 30 秒后重试...
2025-01-17 04:25:10,556 - 未找到预测 CSV 文件，等待 30 秒后重试...
2025-01-17 04:25:40,559 - 未找到预测 CSV 文件，等待 30 秒后重试...
2025-01-17 04:26:10,566 - 未找到预测 CSV 文件，等待 30 秒后重试...
2025-01-17 04:26:40,578 - 未找到预测 CSV 文件，等待 30 秒后重试...
2025-01-17 04:27:10,587 - 未找到预测 CSV 文件，等待 30 秒后重试...
2025-01-17 04:27:40,597 - 未找到预测 CSV 文件，等待 30 秒后重试...
2025-01-17 04:28:10,614 - 未找到预测 CSV 文件，等待 30 秒后重试...
2025-01-17 04:28:40,626 - 未找到预测 CSV 文件，等待 30 秒后重试...
2025-01-17 04:29:10,644 - 未找到预测 CSV 文件，等待 30 秒后重试...
2025-01-17 04:29:40,659 - 未找到预测 CSV 文件，等待 30 秒后重试...
2025-01-17 04:30:10,662 - 未找到预测 CSV 文件，等待 30 秒后重试...
2025-01-17 04:30:40,675 - 未找到预测 CSV 文件，等待 30 秒后重试...
2025-01-17 04:31:10,681 - 未找到预测 CSV 文件，等待 30 秒后重试...
2025-01-17 04:31:40,688 - 未找到预测 CSV 文件，等待 30 秒后重试...
2025-01-17 04:32:10,704 - 未找到预测 CSV 文件，等待 30 秒后重试...
2025-01-17 04:32:40,718 - 未找到预测 CSV 文件，等待 30 秒后重试...
2025-01-17 04:33:10,723 - 未找到预测 CSV 文件，等待 30 秒后重试...
2025-01-17 04:33:40,725 - 未找到预测 CSV 文件，等待 30 秒后重试...
2025-01-17 04:34:10,740 - 未找到预测 CSV 文件，等待 30 秒后重试...
2025-01-17 04:34:40,756 - 未找到预测 CSV 文件，等待 30 秒后重试...
2025-01-17 04:35:10,759 - 未找到预测 CSV 文件，等待 30 秒后重试...
2025-01-17 04:35:40,770 - 未找到预测 CSV 文件，等待 30 秒后重试...
2025-01-17 04:36:10,782 - 未找到预测 CSV 文件，等待 30 秒后重试...
2025-01-17 04:36:40,791 - 未找到预测 CSV 文件，等待 30 秒后重试...
2025-01-17 04:37:10,801 - 未找到预测 CSV 文件，等待 30 秒后重试...
2025-01-17 04:37:40,813 - 未找到预测 CSV 文件，等待 30 秒后重试...
2025-01-17 04:38:10,815 - 未找到预测 CSV 文件，等待 30 秒后重试...
2025-01-17 04:38:40,824 - 未找到预测 CSV 文件，等待 30 秒后重试...
2025-01-17 04:39:10,837 - 未找到预测 CSV 文件，等待 30 秒后重试...
2025-01-17 04:39:40,839 - 未找到预测 CSV 文件，等待 30 秒后重试...
2025-01-17 04:40:10,852 - 未找到预测 CSV 文件，等待 30 秒后重试...
2025-01-17 04:40:40,858 - 未找到预测 CSV 文件，等待 30 秒后重试...
2025-01-17 04:41:10,874 - 未找到预测 CSV 文件，等待 30 秒后重试...
2025-01-17 04:41:40,881 - 未找到预测 CSV 文件，等待 30 秒后重试...
2025-01-17 04:42:10,885 - 未找到预测 CSV 文件，等待 30 秒后重试...
2025-01-17 04:42:40,893 - 未找到预测 CSV 文件，等待 30 秒后重试...
2025-01-17 04:43:10,898 - 未找到预测 CSV 文件，等待 30 秒后重试...
2025-01-17 04:43:40,906 - 未找到预测 CSV 文件，等待 30 秒后重试...
2025-01-17 04:44:10,921 - 未找到预测 CSV 文件，等待 30 秒后重试...
2025-01-17 04:44:40,936 - 未找到预测 CSV 文件，等待 30 秒后重试...
2025-01-17 04:45:10,937 - 未找到预测 CSV 文件，等待 30 秒后重试...
2025-01-17 04:45:40,947 - 未找到预测 CSV 文件，等待 30 秒后重试...
2025-01-17 04:46:10,957 - 未找到预测 CSV 文件，等待 30 秒后重试...
2025-01-17 04:46:40,969 - 未找到预测 CSV 文件，等待 30 秒后重试...
2025-01-17 04:47:10,981 - 未找到预测 CSV 文件，等待 30 秒后重试...
2025-01-17 04:47:40,988 - 未找到预测 CSV 文件，等待 30 秒后重试...
2025-01-17 04:48:10,990 - 未找到预测 CSV 文件，等待 30 秒后重试...
2025-01-17 04:48:40,995 - 未找到预测 CSV 文件，等待 30 秒后重试...
2025-01-17 04:49:11,004 - 未找到预测 CSV 文件，等待 30 秒后重试...
2025-01-17 04:49:41,021 - 未找到预测 CSV 文件，等待 30 秒后重试...
2025-01-17 04:50:11,034 - 未找到预测 CSV 文件，等待 30 秒后重试...
2025-01-17 04:50:41,045 - 未找到预测 CSV 文件，等待 30 秒后重试...
2025-01-17 04:51:11,049 - 未找到预测 CSV 文件，等待 30 秒后重试...
2025-01-17 04:51:41,058 - 未找到预测 CSV 文件，等待 30 秒后重试...
2025-01-17 04:52:11,074 - 未找到预测 CSV 文件，等待 30 秒后重试...
2025-01-17 04:52:41,081 - 未找到预测 CSV 文件，等待 30 秒后重试...
2025-01-17 04:53:11,094 - 未找到预测 CSV 文件，等待 30 秒后重试...
2025-01-17 04:53:41,096 - 未找到预测 CSV 文件，等待 30 秒后重试...
2025-01-17 04:54:11,106 - 未找到预测 CSV 文件，等待 30 秒后重试...
2025-01-17 04:54:41,114 - 未找到预测 CSV 文件，等待 30 秒后重试...
2025-01-17 04:55:11,129 - 未找到预测 CSV 文件，等待 30 秒后重试...
2025-01-17 04:55:41,139 - 未找到预测 CSV 文件，等待 30 秒后重试...
2025-01-17 04:56:11,152 - 未找到预测 CSV 文件，等待 30 秒后重试...
2025-01-17 04:56:41,164 - 未找到预测 CSV 文件，等待 30 秒后重试...
2025-01-17 04:57:11,177 - 未找到预测 CSV 文件，等待 30 秒后重试...
2025-01-17 04:57:41,184 - 未找到预测 CSV 文件，等待 30 秒后重试...
2025-01-17 04:58:11,193 - 未找到预测 CSV 文件，等待 30 秒后重试...
2025-01-17 04:58:41,201 - 未找到预测 CSV 文件，等待 30 秒后重试...
2025-01-17 04:59:11,213 - 未找到预测 CSV 文件，等待 30 秒后重试...
2025-01-17 04:59:41,216 - 未找到预测 CSV 文件，等待 30 秒后重试...
2025-01-17 05:00:11,233 - 未找到预测 CSV 文件，等待 30 秒后重试...
2025-01-17 05:00:41,236 - 未找到预测 CSV 文件，等待 30 秒后重试...
2025-01-17 05:01:11,243 - 未找到预测 CSV 文件，等待 30 秒后重试...
2025-01-17 05:01:41,248 - 未找到预测 CSV 文件，等待 30 秒后重试...
2025-01-17 05:02:11,257 - 未找到预测 CSV 文件，等待 30 秒后重试...
2025-01-17 05:02:41,260 - 未找到预测 CSV 文件，等待 30 秒后重试...
2025-01-17 05:03:11,274 - 未找到预测 CSV 文件，等待 30 秒后重试...
2025-01-17 05:03:41,276 - 未找到预测 CSV 文件，等待 30 秒后重试...
2025-01-17 05:04:11,281 - 未找到预测 CSV 文件，等待 30 秒后重试...
2025-01-17 05:04:41,292 - 未找到预测 CSV 文件，等待 30 秒后重试...
2025-01-17 05:05:11,293 - 未找到预测 CSV 文件，等待 30 秒后重试...
2025-01-17 05:05:41,309 - 未找到预测 CSV 文件，等待 30 秒后重试...
2025-01-17 05:06:11,324 - 未找到预测 CSV 文件，等待 30 秒后重试...
2025-01-17 05:06:41,340 - 未找到预测 CSV 文件，等待 30 秒后重试...
2025-01-17 05:07:11,343 - 未找到预测 CSV 文件，等待 30 秒后重试...
2025-01-17 05:07:41,345 - 未找到预测 CSV 文件，等待 30 秒后重试...
2025-01-17 05:08:11,350 - 未找到预测 CSV 文件，等待 30 秒后重试...
2025-01-17 05:08:41,356 - 未找到预测 CSV 文件，等待 30 秒后重试...
2025-01-17 05:09:11,372 - 未找到预测 CSV 文件，等待 30 秒后重试...
2025-01-17 05:09:41,375 - 未找到预测 CSV 文件，等待 30 秒后重试...
2025-01-17 05:10:11,387 - 未找到预测 CSV 文件，等待 30 秒后重试...
2025-01-17 05:10:41,401 - 未找到预测 CSV 文件，等待 30 秒后重试...
2025-01-17 05:11:11,409 - 未找到预测 CSV 文件，等待 30 秒后重试...
2025-01-17 05:11:41,412 - 未找到预测 CSV 文件，等待 30 秒后重试...
2025-01-17 05:12:11,420 - 未找到预测 CSV 文件，等待 30 秒后重试...
2025-01-17 05:12:41,434 - 未找到预测 CSV 文件，等待 30 秒后重试...
2025-01-17 05:13:11,436 - 未找到预测 CSV 文件，等待 30 秒后重试...
2025-01-17 05:13:41,439 - 未找到预测 CSV 文件，等待 30 秒后重试...
2025-01-17 05:14:11,455 - 未找到预测 CSV 文件，等待 30 秒后重试...
2025-01-17 05:14:41,458 - 未找到预测 CSV 文件，等待 30 秒后重试...
2025-01-17 05:15:11,471 - 未找到预测 CSV 文件，等待 30 秒后重试...
2025-01-17 05:15:41,475 - 未找到预测 CSV 文件，等待 30 秒后重试...
2025-01-17 05:16:11,481 - 未找到预测 CSV 文件，等待 30 秒后重试...
2025-01-17 05:16:41,482 - 未找到预测 CSV 文件，等待 30 秒后重试...
2025-01-17 05:17:11,494 - 未找到预测 CSV 文件，等待 30 秒后重试...
2025-01-17 05:17:41,506 - 未找到预测 CSV 文件，等待 30 秒后重试...
2025-01-17 05:18:11,516 - 未找到预测 CSV 文件，等待 30 秒后重试...
2025-01-17 05:18:41,524 - 未找到预测 CSV 文件，等待 30 秒后重试...
2025-01-17 05:19:11,530 - 未找到预测 CSV 文件，等待 30 秒后重试...
2025-01-17 05:19:41,546 - 未找到预测 CSV 文件，等待 30 秒后重试...
2025-01-17 05:20:11,556 - 未找到预测 CSV 文件，等待 30 秒后重试...
2025-01-17 05:20:41,566 - 未找到预测 CSV 文件，等待 30 秒后重试...
2025-01-17 05:21:11,582 - 未找到预测 CSV 文件，等待 30 秒后重试...
2025-01-17 05:21:41,594 - 未找到预测 CSV 文件，等待 30 秒后重试...
2025-01-17 05:22:11,604 - 未找到预测 CSV 文件，等待 30 秒后重试...
2025-01-17 05:22:41,615 - 未找到预测 CSV 文件，等待 30 秒后重试...
2025-01-17 05:23:11,626 - 未找到预测 CSV 文件，等待 30 秒后重试...
2025-01-17 05:23:41,636 - 未找到预测 CSV 文件，等待 30 秒后重试...
2025-01-17 05:24:11,641 - 未找到预测 CSV 文件，等待 30 秒后重试...
2025-01-17 05:24:41,654 - 未找到预测 CSV 文件，等待 30 秒后重试...
2025-01-17 05:25:11,657 - 未找到预测 CSV 文件，等待 30 秒后重试...
2025-01-17 05:25:41,669 - 未找到预测 CSV 文件，等待 30 秒后重试...
2025-01-17 05:26:11,674 - 未找到预测 CSV 文件，等待 30 秒后重试...
2025-01-17 05:26:41,686 - 未找到预测 CSV 文件，等待 30 秒后重试...
2025-01-17 05:27:11,694 - 未找到预测 CSV 文件，等待 30 秒后重试...
2025-01-17 05:27:41,703 - 未找到预测 CSV 文件，等待 30 秒后重试...
2025-01-17 05:28:11,707 - 未找到预测 CSV 文件，等待 30 秒后重试...
2025-01-17 05:28:41,716 - 未找到预测 CSV 文件，等待 30 秒后重试...
2025-01-17 05:29:11,727 - 未找到预测 CSV 文件，等待 30 秒后重试...
2025-01-17 05:29:41,737 - 未找到预测 CSV 文件，等待 30 秒后重试...
2025-01-17 05:30:11,751 - 未找到预测 CSV 文件，等待 30 秒后重试...
2025-01-17 05:30:41,755 - 未找到预测 CSV 文件，等待 30 秒后重试...
2025-01-17 05:31:11,760 - 未找到预测 CSV 文件，等待 30 秒后重试...
2025-01-17 05:31:41,768 - 未找到预测 CSV 文件，等待 30 秒后重试...
2025-01-17 05:32:11,783 - 未找到预测 CSV 文件，等待 30 秒后重试...
2025-01-17 05:32:41,789 - 未找到预测 CSV 文件，等待 30 秒后重试...
2025-01-17 05:33:11,804 - 未找到预测 CSV 文件，等待 30 秒后重试...
2025-01-17 05:33:41,815 - 未找到预测 CSV 文件，等待 30 秒后重试...
2025-01-17 05:34:11,822 - 未找到预测 CSV 文件，等待 30 秒后重试...
2025-01-17 05:34:41,833 - 未找到预测 CSV 文件，等待 30 秒后重试...
2025-01-17 05:35:11,836 - 未找到预测 CSV 文件，等待 30 秒后重试...
2025-01-17 05:35:41,844 - 未找到预测 CSV 文件，等待 30 秒后重试...
2025-01-17 05:36:11,852 - 未找到预测 CSV 文件，等待 30 秒后重试...
2025-01-17 05:36:41,855 - 未找到预测 CSV 文件，等待 30 秒后重试...
2025-01-17 05:37:11,871 - 未找到预测 CSV 文件，等待 30 秒后重试...
2025-01-17 05:37:41,873 - 未找到预测 CSV 文件，等待 30 秒后重试...
2025-01-17 05:38:11,886 - 未找到预测 CSV 文件，等待 30 秒后重试...
2025-01-17 05:38:41,898 - 未找到预测 CSV 文件，等待 30 秒后重试...
2025-01-17 05:39:11,902 - 未找到预测 CSV 文件，等待 30 秒后重试...
2025-01-17 05:39:41,919 - 未找到预测 CSV 文件，等待 30 秒后重试...
2025-01-17 05:40:11,929 - 未找到预测 CSV 文件，等待 30 秒后重试...
2025-01-17 05:40:41,935 - 未找到预测 CSV 文件，等待 30 秒后重试...
2025-01-17 05:41:11,942 - 未找到预测 CSV 文件，等待 30 秒后重试...
2025-01-17 05:41:41,955 - 未找到预测 CSV 文件，等待 30 秒后重试...
2025-01-17 05:42:11,959 - 未找到预测 CSV 文件，等待 30 秒后重试...
2025-01-17 05:42:41,965 - 未找到预测 CSV 文件，等待 30 秒后重试...
2025-01-17 05:43:11,976 - 未找到预测 CSV 文件，等待 30 秒后重试...
2025-01-17 05:43:41,983 - 未找到预测 CSV 文件，等待 30 秒后重试...
2025-01-17 05:44:11,988 - 未找到预测 CSV 文件，等待 30 秒后重试...
2025-01-17 05:44:41,991 - 未找到预测 CSV 文件，等待 30 秒后重试...
2025-01-17 05:45:12,005 - 未找到预测 CSV 文件，等待 30 秒后重试...
2025-01-17 05:45:42,006 - 未找到预测 CSV 文件，等待 30 秒后重试...
2025-01-17 05:46:12,022 - 未找到预测 CSV 文件，等待 30 秒后重试...
2025-01-17 05:46:42,025 - 未找到预测 CSV 文件，等待 30 秒后重试...
2025-01-17 05:47:12,038 - 未找到预测 CSV 文件，等待 30 秒后重试...
2025-01-17 05:47:42,051 - 未找到预测 CSV 文件，等待 30 秒后重试...
2025-01-17 05:48:12,059 - 未找到预测 CSV 文件，等待 30 秒后重试...
2025-01-17 05:48:42,060 - 未找到预测 CSV 文件，等待 30 秒后重试...
2025-01-17 05:49:12,073 - 未找到预测 CSV 文件，等待 30 秒后重试...
2025-01-17 05:49:42,088 - 未找到预测 CSV 文件，等待 30 秒后重试...
2025-01-17 05:50:12,098 - 未找到预测 CSV 文件，等待 30 秒后重试...
2025-01-17 05:50:42,104 - 未找到预测 CSV 文件，等待 30 秒后重试...
2025-01-17 05:51:12,106 - 未找到预测 CSV 文件，等待 30 秒后重试...
2025-01-17 05:51:42,119 - 未找到预测 CSV 文件，等待 30 秒后重试...
2025-01-17 05:52:12,124 - 未找到预测 CSV 文件，等待 30 秒后重试...
2025-01-17 05:52:42,136 - 未找到预测 CSV 文件，等待 30 秒后重试...
2025-01-17 05:53:12,139 - 未找到预测 CSV 文件，等待 30 秒后重试...
2025-01-17 05:53:42,146 - 未找到预测 CSV 文件，等待 30 秒后重试...
2025-01-17 05:54:12,152 - 未找到预测 CSV 文件，等待 30 秒后重试...
2025-01-17 05:54:42,162 - 未找到预测 CSV 文件，等待 30 秒后重试...
2025-01-17 05:55:12,177 - 未找到预测 CSV 文件，等待 30 秒后重试...
2025-01-17 05:55:42,184 - 未找到预测 CSV 文件，等待 30 秒后重试...
2025-01-17 05:56:12,192 - 未找到预测 CSV 文件，等待 30 秒后重试...
2025-01-17 05:56:42,206 - 未找到预测 CSV 文件，等待 30 秒后重试...
2025-01-17 05:57:12,218 - 未找到预测 CSV 文件，等待 30 秒后重试...
2025-01-17 05:57:42,223 - 未找到预测 CSV 文件，等待 30 秒后重试...
2025-01-17 05:58:12,237 - 未找到预测 CSV 文件，等待 30 秒后重试...
2025-01-17 05:58:42,248 - 未找到预测 CSV 文件，等待 30 秒后重试...
2025-01-17 05:59:12,257 - 未找到预测 CSV 文件，等待 30 秒后重试...
2025-01-17 05:59:42,270 - 未找到预测 CSV 文件，等待 30 秒后重试...
2025-01-17 06:00:12,282 - 未找到预测 CSV 文件，等待 30 秒后重试...
2025-01-17 06:00:42,286 - 未找到预测 CSV 文件，等待 30 秒后重试...
2025-01-17 06:01:12,301 - 未找到预测 CSV 文件，等待 30 秒后重试...
2025-01-17 06:01:42,319 - 未找到预测 CSV 文件，等待 30 秒后重试...
2025-01-17 06:02:12,331 - 未找到预测 CSV 文件，等待 30 秒后重试...
2025-01-17 06:02:42,344 - 未找到预测 CSV 文件，等待 30 秒后重试...
2025-01-17 06:03:12,357 - 未找到预测 CSV 文件，等待 30 秒后重试...
2025-01-17 06:03:42,373 - 未找到预测 CSV 文件，等待 30 秒后重试...
2025-01-17 06:04:12,386 - 未找到预测 CSV 文件，等待 30 秒后重试...
2025-01-17 06:04:42,387 - 未找到预测 CSV 文件，等待 30 秒后重试...
2025-01-17 06:05:12,390 - 未找到预测 CSV 文件，等待 30 秒后重试...
2025-01-17 06:05:42,398 - 未找到预测 CSV 文件，等待 30 秒后重试...
2025-01-17 06:06:12,415 - 未找到预测 CSV 文件，等待 30 秒后重试...
2025-01-17 06:06:42,431 - 未找到预测 CSV 文件，等待 30 秒后重试...
2025-01-17 06:07:12,440 - 未找到预测 CSV 文件，等待 30 秒后重试...
2025-01-17 06:07:42,449 - 未找到预测 CSV 文件，等待 30 秒后重试...
2025-01-17 06:08:12,459 - 未找到预测 CSV 文件，等待 30 秒后重试...
2025-01-17 06:08:42,471 - 未找到预测 CSV 文件，等待 30 秒后重试...
2025-01-17 06:09:12,487 - 未找到预测 CSV 文件，等待 30 秒后重试...
2025-01-17 06:09:42,495 - 未找到预测 CSV 文件，等待 30 秒后重试...
2025-01-17 06:10:12,502 - 未找到预测 CSV 文件，等待 30 秒后重试...
2025-01-17 06:10:42,519 - 未找到预测 CSV 文件，等待 30 秒后重试...
2025-01-17 06:11:12,521 - 未找到预测 CSV 文件，等待 30 秒后重试...
2025-01-17 06:11:42,531 - 未找到预测 CSV 文件，等待 30 秒后重试...
2025-01-17 06:12:12,536 - 未找到预测 CSV 文件，等待 30 秒后重试...
2025-01-17 06:12:42,550 - 未找到预测 CSV 文件，等待 30 秒后重试...
2025-01-17 06:13:12,563 - 未找到预测 CSV 文件，等待 30 秒后重试...
2025-01-17 06:13:42,565 - 未找到预测 CSV 文件，等待 30 秒后重试...
2025-01-17 06:14:12,573 - 未找到预测 CSV 文件，等待 30 秒后重试...
2025-01-17 06:14:42,577 - 未找到预测 CSV 文件，等待 30 秒后重试...
2025-01-17 06:15:12,587 - 未找到预测 CSV 文件，等待 30 秒后重试...
2025-01-17 06:15:42,603 - 未找到预测 CSV 文件，等待 30 秒后重试...
2025-01-17 06:16:12,616 - 未找到预测 CSV 文件，等待 30 秒后重试...
2025-01-17 06:16:42,629 - 未找到预测 CSV 文件，等待 30 秒后重试...
2025-01-17 06:17:12,638 - 未找到预测 CSV 文件，等待 30 秒后重试...
2025-01-17 06:17:42,652 - 未找到预测 CSV 文件，等待 30 秒后重试...
2025-01-17 06:18:12,655 - 未找到预测 CSV 文件，等待 30 秒后重试...
2025-01-17 06:18:42,666 - 未找到预测 CSV 文件，等待 30 秒后重试...
2025-01-17 06:19:12,668 - 未找到预测 CSV 文件，等待 30 秒后重试...
2025-01-17 06:19:42,674 - 未找到预测 CSV 文件，等待 30 秒后重试...
2025-01-17 06:20:12,678 - 未找到预测 CSV 文件，等待 30 秒后重试...
2025-01-17 06:20:42,690 - 未找到预测 CSV 文件，等待 30 秒后重试...
2025-01-17 06:21:12,694 - 未找到预测 CSV 文件，等待 30 秒后重试...
2025-01-17 06:21:42,702 - 未找到预测 CSV 文件，等待 30 秒后重试...
2025-01-17 06:22:12,718 - 未找到预测 CSV 文件，等待 30 秒后重试...
2025-01-17 06:22:42,725 - 未找到预测 CSV 文件，等待 30 秒后重试...
2025-01-17 06:23:12,732 - 未找到预测 CSV 文件，等待 30 秒后重试...
2025-01-17 06:23:42,740 - 未找到预测 CSV 文件，等待 30 秒后重试...
2025-01-17 06:24:12,750 - 未找到预测 CSV 文件，等待 30 秒后重试...
2025-01-17 06:24:42,755 - 未找到预测 CSV 文件，等待 30 秒后重试...
2025-01-17 06:25:12,768 - 未找到预测 CSV 文件，等待 30 秒后重试...
2025-01-17 06:25:42,776 - 未找到预测 CSV 文件，等待 30 秒后重试...
2025-01-17 06:26:12,788 - 未找到预测 CSV 文件，等待 30 秒后重试...
2025-01-17 06:26:42,791 - 未找到预测 CSV 文件，等待 30 秒后重试...
2025-01-17 06:27:12,800 - 未找到预测 CSV 文件，等待 30 秒后重试...
2025-01-17 06:27:42,807 - 未找到预测 CSV 文件，等待 30 秒后重试...
2025-01-17 06:28:12,815 - 未找到预测 CSV 文件，等待 30 秒后重试...
2025-01-17 06:28:42,819 - 未找到预测 CSV 文件，等待 30 秒后重试...
2025-01-17 06:29:12,832 - 未找到预测 CSV 文件，等待 30 秒后重试...
2025-01-17 06:29:42,842 - 未找到预测 CSV 文件，等待 30 秒后重试...
2025-01-17 06:30:12,850 - 未找到预测 CSV 文件，等待 30 秒后重试...
2025-01-17 06:30:42,866 - 未找到预测 CSV 文件，等待 30 秒后重试...
2025-01-17 06:31:12,875 - 未找到预测 CSV 文件，等待 30 秒后重试...
2025-01-17 06:31:42,879 - 未找到预测 CSV 文件，等待 30 秒后重试...
2025-01-17 06:32:12,894 - 未找到预测 CSV 文件，等待 30 秒后重试...
2025-01-17 06:32:42,909 - 未找到预测 CSV 文件，等待 30 秒后重试...
2025-01-17 06:33:12,927 - 未找到预测 CSV 文件，等待 30 秒后重试...
2025-01-17 06:33:42,944 - 未找到预测 CSV 文件，等待 30 秒后重试...
2025-01-17 06:34:12,954 - 未找到预测 CSV 文件，等待 30 秒后重试...
2025-01-17 06:34:42,962 - 未找到预测 CSV 文件，等待 30 秒后重试...
2025-01-17 06:35:12,972 - 未找到预测 CSV 文件，等待 30 秒后重试...
2025-01-17 06:35:42,978 - 未找到预测 CSV 文件，等待 30 秒后重试...
2025-01-17 06:36:12,987 - 未找到预测 CSV 文件，等待 30 秒后重试...
2025-01-17 06:36:43,002 - 未找到预测 CSV 文件，等待 30 秒后重试...
2025-01-17 06:37:13,007 - 未找到预测 CSV 文件，等待 30 秒后重试...
2025-01-17 06:37:43,008 - 未找到预测 CSV 文件，等待 30 秒后重试...
2025-01-17 06:38:13,021 - 未找到预测 CSV 文件，等待 30 秒后重试...
2025-01-17 06:38:43,032 - 未找到预测 CSV 文件，等待 30 秒后重试...
2025-01-17 06:39:13,044 - 未找到预测 CSV 文件，等待 30 秒后重试...
2025-01-17 06:39:43,046 - 未找到预测 CSV 文件，等待 30 秒后重试...
2025-01-17 06:40:13,055 - 未找到预测 CSV 文件，等待 30 秒后重试...
2025-01-17 06:40:43,057 - 未找到预测 CSV 文件，等待 30 秒后重试...
2025-01-17 06:41:13,060 - 未找到预测 CSV 文件，等待 30 秒后重试...
2025-01-17 06:41:43,067 - 未找到预测 CSV 文件，等待 30 秒后重试...
2025-01-17 06:42:13,079 - 未找到预测 CSV 文件，等待 30 秒后重试...
2025-01-17 06:42:43,095 - 未找到预测 CSV 文件，等待 30 秒后重试...
2025-01-17 06:43:13,105 - 未找到预测 CSV 文件，等待 30 秒后重试...
2025-01-17 06:43:43,113 - 未找到预测 CSV 文件，等待 30 秒后重试...
2025-01-17 06:44:13,130 - 未找到预测 CSV 文件，等待 30 秒后重试...
2025-01-17 06:44:43,141 - 未找到预测 CSV 文件，等待 30 秒后重试...
2025-01-17 06:45:13,156 - 未找到预测 CSV 文件，等待 30 秒后重试...
2025-01-17 06:45:43,168 - 未找到预测 CSV 文件，等待 30 秒后重试...
2025-01-17 06:46:13,182 - 未找到预测 CSV 文件，等待 30 秒后重试...
2025-01-17 06:46:43,196 - 未找到预测 CSV 文件，等待 30 秒后重试...
2025-01-17 06:47:13,202 - 未找到预测 CSV 文件，等待 30 秒后重试...
2025-01-17 06:47:43,205 - 未找到预测 CSV 文件，等待 30 秒后重试...
2025-01-17 06:48:13,216 - 未找到预测 CSV 文件，等待 30 秒后重试...
2025-01-17 06:48:43,219 - 未找到预测 CSV 文件，等待 30 秒后重试...
2025-01-17 06:49:13,228 - 未找到预测 CSV 文件，等待 30 秒后重试...
2025-01-17 06:49:43,237 - 未找到预测 CSV 文件，等待 30 秒后重试...
2025-01-17 06:50:13,243 - 未找到预测 CSV 文件，等待 30 秒后重试...
2025-01-17 06:50:43,252 - 未找到预测 CSV 文件，等待 30 秒后重试...
2025-01-17 06:51:13,265 - 未找到预测 CSV 文件，等待 30 秒后重试...
2025-01-17 06:51:43,275 - 未找到预测 CSV 文件，等待 30 秒后重试...
2025-01-17 06:52:13,282 - 未找到预测 CSV 文件，等待 30 秒后重试...
2025-01-17 06:52:43,288 - 未找到预测 CSV 文件，等待 30 秒后重试...
2025-01-17 06:53:13,293 - 未找到预测 CSV 文件，等待 30 秒后重试...
2025-01-17 06:53:43,302 - 未找到预测 CSV 文件，等待 30 秒后重试...
2025-01-17 06:54:13,306 - 未找到预测 CSV 文件，等待 30 秒后重试...
2025-01-17 06:54:43,322 - 未找到预测 CSV 文件，等待 30 秒后重试...
2025-01-17 06:55:13,337 - 未找到预测 CSV 文件，等待 30 秒后重试...
2025-01-17 06:55:43,352 - 未找到预测 CSV 文件，等待 30 秒后重试...
2025-01-17 06:56:13,356 - 未找到预测 CSV 文件，等待 30 秒后重试...
2025-01-17 06:56:43,371 - 未找到预测 CSV 文件，等待 30 秒后重试...
2025-01-17 06:57:13,380 - 未找到预测 CSV 文件，等待 30 秒后重试...
2025-01-17 06:57:43,387 - 未找到预测 CSV 文件，等待 30 秒后重试...
2025-01-17 06:58:13,390 - 未找到预测 CSV 文件，等待 30 秒后重试...
2025-01-17 06:58:43,405 - 未找到预测 CSV 文件，等待 30 秒后重试...
2025-01-17 06:59:13,409 - 未找到预测 CSV 文件，等待 30 秒后重试...
2025-01-17 06:59:43,423 - 未找到预测 CSV 文件，等待 30 秒后重试...
2025-01-17 07:00:13,432 - 未找到预测 CSV 文件，等待 30 秒后重试...
2025-01-17 07:00:43,447 - 未找到预测 CSV 文件，等待 30 秒后重试...
2025-01-17 07:01:13,456 - 未找到预测 CSV 文件，等待 30 秒后重试...
2025-01-17 07:01:43,465 - 未找到预测 CSV 文件，等待 30 秒后重试...
2025-01-17 07:02:13,479 - 未找到预测 CSV 文件，等待 30 秒后重试...
2025-01-17 07:02:43,483 - 未找到预测 CSV 文件，等待 30 秒后重试...
2025-01-17 07:03:13,494 - 未找到预测 CSV 文件，等待 30 秒后重试...
2025-01-17 07:03:43,497 - 未找到预测 CSV 文件，等待 30 秒后重试...
2025-01-17 07:04:13,509 - 未找到预测 CSV 文件，等待 30 秒后重试...
2025-01-17 07:04:43,515 - 未找到预测 CSV 文件，等待 30 秒后重试...
2025-01-17 07:05:13,522 - 未找到预测 CSV 文件，等待 30 秒后重试...
2025-01-17 07:05:43,532 - 未找到预测 CSV 文件，等待 30 秒后重试...
2025-01-17 07:06:13,545 - 未找到预测 CSV 文件，等待 30 秒后重试...
2025-01-17 07:06:43,562 - 未找到预测 CSV 文件，等待 30 秒后重试...
2025-01-17 07:07:14,977 - 未找到预测 CSV 文件，等待 30 秒后重试...
2025-01-17 07:07:44,990 - 未找到预测 CSV 文件，等待 30 秒后重试...
2025-01-17 07:08:14,995 - 未找到预测 CSV 文件，等待 30 秒后重试...
2025-01-17 07:08:44,996 - 未找到预测 CSV 文件，等待 30 秒后重试...
2025-01-17 07:09:15,012 - 未找到预测 CSV 文件，等待 30 秒后重试...
2025-01-17 07:09:45,023 - 未找到预测 CSV 文件，等待 30 秒后重试...
2025-01-17 07:10:15,029 - 未找到预测 CSV 文件，等待 30 秒后重试...
2025-01-17 07:10:45,044 - 未找到预测 CSV 文件，等待 30 秒后重试...
2025-01-17 07:11:15,061 - 未找到预测 CSV 文件，等待 30 秒后重试...
2025-01-17 07:11:45,071 - 未找到预测 CSV 文件，等待 30 秒后重试...
2025-01-17 07:12:15,074 - 未找到预测 CSV 文件，等待 30 秒后重试...
2025-01-17 07:12:45,082 - 未找到预测 CSV 文件，等待 30 秒后重试...
2025-01-17 07:13:15,090 - 未找到预测 CSV 文件，等待 30 秒后重试...
2025-01-17 07:13:45,105 - 未找到预测 CSV 文件，等待 30 秒后重试...
2025-01-17 07:14:15,116 - 未找到预测 CSV 文件，等待 30 秒后重试...
2025-01-17 07:14:45,126 - 未找到预测 CSV 文件，等待 30 秒后重试...
2025-01-17 07:15:15,139 - 未找到预测 CSV 文件，等待 30 秒后重试...
2025-01-17 07:15:45,153 - 未找到预测 CSV 文件，等待 30 秒后重试...
2025-01-17 07:16:15,167 - 未找到预测 CSV 文件，等待 30 秒后重试...
2025-01-17 07:16:45,180 - 未找到预测 CSV 文件，等待 30 秒后重试...
2025-01-17 07:17:15,189 - 未找到预测 CSV 文件，等待 30 秒后重试...
2025-01-17 07:17:45,195 - 未找到预测 CSV 文件，等待 30 秒后重试...
2025-01-17 07:18:15,205 - 未找到预测 CSV 文件，等待 30 秒后重试...
2025-01-17 07:18:45,210 - 未找到预测 CSV 文件，等待 30 秒后重试...
2025-01-17 07:19:15,218 - 未找到预测 CSV 文件，等待 30 秒后重试...
2025-01-17 07:19:45,227 - 未找到预测 CSV 文件，等待 30 秒后重试...
2025-01-17 07:20:15,234 - 未找到预测 CSV 文件，等待 30 秒后重试...
2025-01-17 07:20:45,237 - 未找到预测 CSV 文件，等待 30 秒后重试...
2025-01-17 07:21:15,251 - 未找到预测 CSV 文件，等待 30 秒后重试...
2025-01-17 07:21:45,256 - 未找到预测 CSV 文件，等待 30 秒后重试...
2025-01-17 07:22:15,263 - 未找到预测 CSV 文件，等待 30 秒后重试...
2025-01-17 07:22:45,275 - 未找到预测 CSV 文件，等待 30 秒后重试...
2025-01-17 07:23:15,278 - 未找到预测 CSV 文件，等待 30 秒后重试...
2025-01-17 07:23:45,294 - 未找到预测 CSV 文件，等待 30 秒后重试...
2025-01-17 07:24:15,299 - 未找到预测 CSV 文件，等待 30 秒后重试...
2025-01-17 07:24:45,304 - 未找到预测 CSV 文件，等待 30 秒后重试...
2025-01-17 07:25:15,317 - 未找到预测 CSV 文件，等待 30 秒后重试...
2025-01-17 07:25:45,321 - 未找到预测 CSV 文件，等待 30 秒后重试...
2025-01-17 07:26:15,322 - 未找到预测 CSV 文件，等待 30 秒后重试...
2025-01-17 07:26:45,325 - 未找到预测 CSV 文件，等待 30 秒后重试...
2025-01-17 07:27:15,334 - 未找到预测 CSV 文件，等待 30 秒后重试...
2025-01-17 07:27:45,346 - 未找到预测 CSV 文件，等待 30 秒后重试...
2025-01-17 07:28:15,353 - 未找到预测 CSV 文件，等待 30 秒后重试...
2025-01-17 07:28:45,363 - 未找到预测 CSV 文件，等待 30 秒后重试...
2025-01-17 07:29:15,377 - 未找到预测 CSV 文件，等待 30 秒后重试...
2025-01-17 07:29:45,389 - 未找到预测 CSV 文件，等待 30 秒后重试...
2025-01-17 07:30:15,401 - 未找到预测 CSV 文件，等待 30 秒后重试...
2025-01-17 07:30:45,411 - 未找到预测 CSV 文件，等待 30 秒后重试...
2025-01-17 07:31:15,420 - 未找到预测 CSV 文件，等待 30 秒后重试...
2025-01-17 07:31:45,427 - 未找到预测 CSV 文件，等待 30 秒后重试...
2025-01-17 07:32:15,444 - 未找到预测 CSV 文件，等待 30 秒后重试...
2025-01-17 07:32:45,455 - 未找到预测 CSV 文件，等待 30 秒后重试...
2025-01-17 07:33:15,466 - 未找到预测 CSV 文件，等待 30 秒后重试...
2025-01-17 07:33:45,468 - 未找到预测 CSV 文件，等待 30 秒后重试...
2025-01-17 07:34:15,473 - 未找到预测 CSV 文件，等待 30 秒后重试...
2025-01-17 07:34:45,482 - 未找到预测 CSV 文件，等待 30 秒后重试...
2025-01-17 07:35:15,496 - 未找到预测 CSV 文件，等待 30 秒后重试...
2025-01-17 07:35:45,513 - 未找到预测 CSV 文件，等待 30 秒后重试...
2025-01-17 07:36:15,529 - 未找到预测 CSV 文件，等待 30 秒后重试...
2025-01-17 07:36:45,534 - 未找到预测 CSV 文件，等待 30 秒后重试...
2025-01-17 07:37:15,544 - 未找到预测 CSV 文件，等待 30 秒后重试...
2025-01-17 07:37:45,560 - 未找到预测 CSV 文件，等待 30 秒后重试...
2025-01-17 07:38:15,567 - 未找到预测 CSV 文件，等待 30 秒后重试...
2025-01-17 07:38:45,581 - 未找到预测 CSV 文件，等待 30 秒后重试...
2025-01-17 07:39:15,596 - 未找到预测 CSV 文件，等待 30 秒后重试...
2025-01-17 07:39:45,602 - 未找到预测 CSV 文件，等待 30 秒后重试...
2025-01-17 07:40:15,612 - 未找到预测 CSV 文件，等待 30 秒后重试...
2025-01-17 07:40:45,624 - 未找到预测 CSV 文件，等待 30 秒后重试...
2025-01-17 07:41:15,626 - 未找到预测 CSV 文件，等待 30 秒后重试...
2025-01-17 07:41:45,636 - 未找到预测 CSV 文件，等待 30 秒后重试...
2025-01-17 07:42:15,649 - 未找到预测 CSV 文件，等待 30 秒后重试...
2025-01-17 07:42:45,661 - 未找到预测 CSV 文件，等待 30 秒后重试...
2025-01-17 07:43:15,664 - 未找到预测 CSV 文件，等待 30 秒后重试...
2025-01-17 07:43:45,674 - 未找到预测 CSV 文件，等待 30 秒后重试...
2025-01-17 07:44:15,682 - 未找到预测 CSV 文件，等待 30 秒后重试...
2025-01-17 07:44:45,689 - 未找到预测 CSV 文件，等待 30 秒后重试...
2025-01-17 07:45:15,702 - 未找到预测 CSV 文件，等待 30 秒后重试...
2025-01-17 07:45:45,711 - 未找到预测 CSV 文件，等待 30 秒后重试...
2025-01-17 07:46:15,716 - 未找到预测 CSV 文件，等待 30 秒后重试...
2025-01-17 07:46:45,728 - 未找到预测 CSV 文件，等待 30 秒后重试...
2025-01-17 07:47:15,734 - 未找到预测 CSV 文件，等待 30 秒后重试...
2025-01-17 07:47:45,736 - 未找到预测 CSV 文件，等待 30 秒后重试...
2025-01-17 07:48:15,742 - 未找到预测 CSV 文件，等待 30 秒后重试...
2025-01-17 07:48:45,749 - 未找到预测 CSV 文件，等待 30 秒后重试...
2025-01-17 07:49:15,750 - 未找到预测 CSV 文件，等待 30 秒后重试...
2025-01-17 07:49:45,753 - 未找到预测 CSV 文件，等待 30 秒后重试...
2025-01-17 07:50:15,761 - 未找到预测 CSV 文件，等待 30 秒后重试...
2025-01-17 07:50:45,775 - 未找到预测 CSV 文件，等待 30 秒后重试...
2025-01-17 07:51:15,783 - 未找到预测 CSV 文件，等待 30 秒后重试...
2025-01-17 07:51:45,797 - 未找到预测 CSV 文件，等待 30 秒后重试...
2025-01-17 07:52:15,809 - 未找到预测 CSV 文件，等待 30 秒后重试...
2025-01-17 07:52:45,824 - 未找到预测 CSV 文件，等待 30 秒后重试...
2025-01-17 07:53:15,837 - 未找到预测 CSV 文件，等待 30 秒后重试...
2025-01-17 07:53:45,838 - 未找到预测 CSV 文件，等待 30 秒后重试...
2025-01-17 07:54:15,853 - 未找到预测 CSV 文件，等待 30 秒后重试...
2025-01-17 07:54:45,859 - 未找到预测 CSV 文件，等待 30 秒后重试...
2025-01-17 07:55:15,861 - 未找到预测 CSV 文件，等待 30 秒后重试...
2025-01-17 07:55:45,869 - 未找到预测 CSV 文件，等待 30 秒后重试...
2025-01-17 07:56:15,882 - 未找到预测 CSV 文件，等待 30 秒后重试...
2025-01-17 07:56:45,885 - 未找到预测 CSV 文件，等待 30 秒后重试...
2025-01-17 07:57:15,886 - 未找到预测 CSV 文件，等待 30 秒后重试...
2025-01-17 07:57:45,896 - 未找到预测 CSV 文件，等待 30 秒后重试...
2025-01-17 07:58:15,901 - 未找到预测 CSV 文件，等待 30 秒后重试...
2025-01-17 07:58:45,904 - 未找到预测 CSV 文件，等待 30 秒后重试...
2025-01-17 07:59:15,916 - 未找到预测 CSV 文件，等待 30 秒后重试...
2025-01-17 07:59:45,924 - 未找到预测 CSV 文件，等待 30 秒后重试...
2025-01-17 08:00:15,929 - 未找到预测 CSV 文件，等待 30 秒后重试...
2025-01-17 08:00:45,944 - 未找到预测 CSV 文件，等待 30 秒后重试...
2025-01-17 08:01:15,955 - 未找到预测 CSV 文件，等待 30 秒后重试...
2025-01-17 08:01:45,963 - 未找到预测 CSV 文件，等待 30 秒后重试...
2025-01-17 08:02:15,969 - 未找到预测 CSV 文件，等待 30 秒后重试...
2025-01-17 08:02:45,985 - 未找到预测 CSV 文件，等待 30 秒后重试...
2025-01-17 08:03:15,995 - 未找到预测 CSV 文件，等待 30 秒后重试...
2025-01-17 08:03:46,006 - 未找到预测 CSV 文件，等待 30 秒后重试...
2025-01-17 08:04:16,017 - 未找到预测 CSV 文件，等待 30 秒后重试...
2025-01-17 08:04:46,026 - 未找到预测 CSV 文件，等待 30 秒后重试...
2025-01-17 08:05:16,032 - 未找到预测 CSV 文件，等待 30 秒后重试...
2025-01-17 08:05:46,035 - 未找到预测 CSV 文件，等待 30 秒后重试...
2025-01-17 08:06:16,044 - 未找到预测 CSV 文件，等待 30 秒后重试...
2025-01-17 08:06:46,051 - 未找到预测 CSV 文件，等待 30 秒后重试...
2025-01-17 08:07:16,065 - 未找到预测 CSV 文件，等待 30 秒后重试...
2025-01-17 08:07:46,080 - 未找到预测 CSV 文件，等待 30 秒后重试...
2025-01-17 08:08:16,085 - 未找到预测 CSV 文件，等待 30 秒后重试...
2025-01-17 08:08:46,093 - 未找到预测 CSV 文件，等待 30 秒后重试...
2025-01-17 08:09:16,103 - 未找到预测 CSV 文件，等待 30 秒后重试...
2025-01-17 08:09:46,117 - 未找到预测 CSV 文件，等待 30 秒后重试...
2025-01-17 08:10:16,124 - 未找到预测 CSV 文件，等待 30 秒后重试...
2025-01-17 08:10:46,124 - 未找到预测 CSV 文件，等待 30 秒后重试...
2025-01-17 08:11:16,131 - 未找到预测 CSV 文件，等待 30 秒后重试...
2025-01-17 08:11:46,136 - 未找到预测 CSV 文件，等待 30 秒后重试...
2025-01-17 08:12:16,148 - 未找到预测 CSV 文件，等待 30 秒后重试...
2025-01-17 08:12:46,152 - 未找到预测 CSV 文件，等待 30 秒后重试...
2025-01-17 08:13:16,165 - 未找到预测 CSV 文件，等待 30 秒后重试...
2025-01-17 08:13:46,178 - 未找到预测 CSV 文件，等待 30 秒后重试...
2025-01-17 08:14:16,195 - 未找到预测 CSV 文件，等待 30 秒后重试...
2025-01-17 08:14:46,199 - 未找到预测 CSV 文件，等待 30 秒后重试...
2025-01-17 08:15:16,215 - 未找到预测 CSV 文件，等待 30 秒后重试...
2025-01-17 08:15:46,224 - 未找到预测 CSV 文件，等待 30 秒后重试...
2025-01-17 08:16:16,239 - 未找到预测 CSV 文件，等待 30 秒后重试...
2025-01-17 08:16:46,251 - 未找到预测 CSV 文件，等待 30 秒后重试...
2025-01-17 08:17:16,264 - 未找到预测 CSV 文件，等待 30 秒后重试...
2025-01-17 08:17:46,270 - 未找到预测 CSV 文件，等待 30 秒后重试...
2025-01-17 08:18:16,274 - 未找到预测 CSV 文件，等待 30 秒后重试...
2025-01-17 08:18:46,281 - 未找到预测 CSV 文件，等待 30 秒后重试...
2025-01-17 08:19:16,297 - 未找到预测 CSV 文件，等待 30 秒后重试...
2025-01-17 08:19:46,312 - 未找到预测 CSV 文件，等待 30 秒后重试...
2025-01-17 08:20:16,313 - 未找到预测 CSV 文件，等待 30 秒后重试...
2025-01-17 08:20:46,323 - 未找到预测 CSV 文件，等待 30 秒后重试...
2025-01-17 08:21:16,324 - 未找到预测 CSV 文件，等待 30 秒后重试...
2025-01-17 08:21:46,331 - 未找到预测 CSV 文件，等待 30 秒后重试...
2025-01-17 08:22:16,345 - 未找到预测 CSV 文件，等待 30 秒后重试...
2025-01-17 08:22:46,352 - 未找到预测 CSV 文件，等待 30 秒后重试...
2025-01-17 08:23:16,362 - 未找到预测 CSV 文件，等待 30 秒后重试...
2025-01-17 08:23:46,378 - 未找到预测 CSV 文件，等待 30 秒后重试...
2025-01-17 08:24:16,384 - 未找到预测 CSV 文件，等待 30 秒后重试...
2025-01-17 08:24:46,397 - 未找到预测 CSV 文件，等待 30 秒后重试...
2025-01-17 08:25:16,404 - 未找到预测 CSV 文件，等待 30 秒后重试...
2025-01-17 08:25:46,406 - 未找到预测 CSV 文件，等待 30 秒后重试...
2025-01-17 08:26:16,416 - 未找到预测 CSV 文件，等待 30 秒后重试...
2025-01-17 08:26:46,427 - 未找到预测 CSV 文件，等待 30 秒后重试...
2025-01-17 08:27:16,432 - 未找到预测 CSV 文件，等待 30 秒后重试...
2025-01-17 08:27:46,447 - 未找到预测 CSV 文件，等待 30 秒后重试...
2025-01-17 08:28:16,464 - 未找到预测 CSV 文件，等待 30 秒后重试...
2025-01-17 08:28:46,467 - 未找到预测 CSV 文件，等待 30 秒后重试...
2025-01-17 08:29:16,473 - 未找到预测 CSV 文件，等待 30 秒后重试...
2025-01-17 08:29:46,484 - 未找到预测 CSV 文件，等待 30 秒后重试...
2025-01-17 08:30:16,493 - 未找到预测 CSV 文件，等待 30 秒后重试...
2025-01-17 08:30:46,500 - 发现新的预测文件：D:\my-vue-project\wind-power-forecast\backend\auto_scripts\precsv\middlecsv\20250117.csv，执行预测...
2025-01-17 08:30:46,587 - 今天的训练和预测任务已完成。
