2025-01-16 01:00:16,748 - 今天的日期是: 20250116
2025-01-16 01:00:16,748 - 开始监视 D:\my-vue-project\wind-power-forecast\backend\auto_scripts\dataset\dataset_middle 文件夹以进行训练...
2025-01-16 01:00:16,748 - 开始监视 D:\my-vue-project\wind-power-forecast\backend\auto_scripts\precsv\middlecsv 文件夹以进行预测...
2025-01-16 01:00:16,748 - 发现新的训练文件：D:\my-vue-project\wind-power-forecast\backend\auto_scripts\dataset\dataset_middle\20250116.csv，执行训练...
2025-01-16 01:00:16,748 - 输出结果将保存到: D:\my-vue-project\wind-power-forecast\backend\auto_scripts\train_predictions\middle_predictions
2025-01-16 01:00:16,748 - 未有可用模型，等待模型训练完成...
2025-01-16 01:00:17,908 - 数据加载与预处理完成
2025-01-16 01:00:18,220 - 数据标准化完成
2025-01-16 01:00:18,927 - 创建时间窗口完成
2025-01-16 01:00:18,927 - 获取模型参数完成
2025-01-16 01:00:46,758 - 未有可用模型，等待模型训练完成...
2025-01-16 01:01:16,768 - 未有可用模型，等待模型训练完成...
2025-01-16 01:01:46,781 - 未有可用模型，等待模型训练完成...
2025-01-16 01:02:16,783 - 未有可用模型，等待模型训练完成...
2025-01-16 01:02:46,797 - 未有可用模型，等待模型训练完成...
2025-01-16 01:03:16,807 - 未有可用模型，等待模型训练完成...
2025-01-16 01:03:46,820 - 未有可用模型，等待模型训练完成...
2025-01-16 01:04:16,832 - 未有可用模型，等待模型训练完成...
2025-01-16 01:04:46,859 - 未有可用模型，等待模型训练完成...
2025-01-16 01:05:16,873 - 未有可用模型，等待模型训练完成...
2025-01-16 01:05:38,736 - 训练与评估完成
2025-01-16 01:05:38,772 - 保存预测结果完成
2025-01-16 01:05:39,110 - 可视化结果完成
2025-01-16 01:05:39,307 - 模型已成功保存到 D:\my-vue-project\wind-power-forecast\backend\auto_scripts\models\middlemodel\20250116，模型可用。
2025-01-16 01:05:46,883 - 未找到预测 CSV 文件，等待 30 秒后重试...
2025-01-16 01:06:16,886 - 未找到预测 CSV 文件，等待 30 秒后重试...
2025-01-16 01:06:46,889 - 未找到预测 CSV 文件，等待 30 秒后重试...
2025-01-16 01:07:16,904 - 未找到预测 CSV 文件，等待 30 秒后重试...
2025-01-16 01:07:46,917 - 未找到预测 CSV 文件，等待 30 秒后重试...
2025-01-16 01:08:16,931 - 未找到预测 CSV 文件，等待 30 秒后重试...
2025-01-16 01:08:46,941 - 未找到预测 CSV 文件，等待 30 秒后重试...
2025-01-16 01:09:16,953 - 未找到预测 CSV 文件，等待 30 秒后重试...
2025-01-16 01:09:46,965 - 未找到预测 CSV 文件，等待 30 秒后重试...
2025-01-16 01:10:16,979 - 未找到预测 CSV 文件，等待 30 秒后重试...
2025-01-16 01:10:46,992 - 未找到预测 CSV 文件，等待 30 秒后重试...
2025-01-16 01:11:16,997 - 未找到预测 CSV 文件，等待 30 秒后重试...
2025-01-16 01:11:47,007 - 未找到预测 CSV 文件，等待 30 秒后重试...
2025-01-16 01:12:17,010 - 未找到预测 CSV 文件，等待 30 秒后重试...
2025-01-16 01:12:47,016 - 未找到预测 CSV 文件，等待 30 秒后重试...
2025-01-16 01:13:17,023 - 未找到预测 CSV 文件，等待 30 秒后重试...
2025-01-16 01:13:47,033 - 未找到预测 CSV 文件，等待 30 秒后重试...
2025-01-16 01:14:17,035 - 未找到预测 CSV 文件，等待 30 秒后重试...
2025-01-16 01:14:47,048 - 未找到预测 CSV 文件，等待 30 秒后重试...
2025-01-16 01:15:17,063 - 未找到预测 CSV 文件，等待 30 秒后重试...
2025-01-16 01:15:47,079 - 未找到预测 CSV 文件，等待 30 秒后重试...
2025-01-16 01:16:17,094 - 未找到预测 CSV 文件，等待 30 秒后重试...
2025-01-16 01:16:47,097 - 未找到预测 CSV 文件，等待 30 秒后重试...
2025-01-16 01:17:17,113 - 未找到预测 CSV 文件，等待 30 秒后重试...
2025-01-16 01:17:47,127 - 未找到预测 CSV 文件，等待 30 秒后重试...
2025-01-16 01:18:17,130 - 未找到预测 CSV 文件，等待 30 秒后重试...
2025-01-16 01:18:47,136 - 未找到预测 CSV 文件，等待 30 秒后重试...
2025-01-16 01:19:17,148 - 未找到预测 CSV 文件，等待 30 秒后重试...
2025-01-16 01:19:47,164 - 未找到预测 CSV 文件，等待 30 秒后重试...
2025-01-16 01:20:17,169 - 未找到预测 CSV 文件，等待 30 秒后重试...
2025-01-16 01:20:47,174 - 未找到预测 CSV 文件，等待 30 秒后重试...
2025-01-16 01:21:17,177 - 未找到预测 CSV 文件，等待 30 秒后重试...
2025-01-16 01:21:47,186 - 未找到预测 CSV 文件，等待 30 秒后重试...
2025-01-16 01:22:17,196 - 未找到预测 CSV 文件，等待 30 秒后重试...
2025-01-16 01:22:47,208 - 未找到预测 CSV 文件，等待 30 秒后重试...
2025-01-16 01:23:17,212 - 未找到预测 CSV 文件，等待 30 秒后重试...
2025-01-16 01:23:47,217 - 未找到预测 CSV 文件，等待 30 秒后重试...
2025-01-16 01:24:17,229 - 未找到预测 CSV 文件，等待 30 秒后重试...
2025-01-16 01:24:47,240 - 未找到预测 CSV 文件，等待 30 秒后重试...
2025-01-16 01:25:17,250 - 未找到预测 CSV 文件，等待 30 秒后重试...
2025-01-16 01:25:47,265 - 未找到预测 CSV 文件，等待 30 秒后重试...
2025-01-16 01:26:17,272 - 未找到预测 CSV 文件，等待 30 秒后重试...
2025-01-16 01:26:47,279 - 未找到预测 CSV 文件，等待 30 秒后重试...
2025-01-16 01:27:17,290 - 未找到预测 CSV 文件，等待 30 秒后重试...
2025-01-16 01:27:47,297 - 未找到预测 CSV 文件，等待 30 秒后重试...
2025-01-16 01:28:17,306 - 未找到预测 CSV 文件，等待 30 秒后重试...
2025-01-16 01:28:47,321 - 未找到预测 CSV 文件，等待 30 秒后重试...
2025-01-16 01:29:17,336 - 未找到预测 CSV 文件，等待 30 秒后重试...
2025-01-16 01:29:47,343 - 未找到预测 CSV 文件，等待 30 秒后重试...
2025-01-16 01:30:17,349 - 未找到预测 CSV 文件，等待 30 秒后重试...
2025-01-16 01:30:47,363 - 未找到预测 CSV 文件，等待 30 秒后重试...
2025-01-16 01:31:17,371 - 未找到预测 CSV 文件，等待 30 秒后重试...
2025-01-16 01:31:47,389 - 未找到预测 CSV 文件，等待 30 秒后重试...
2025-01-16 01:32:17,396 - 未找到预测 CSV 文件，等待 30 秒后重试...
2025-01-16 01:32:47,409 - 未找到预测 CSV 文件，等待 30 秒后重试...
2025-01-16 01:33:17,424 - 未找到预测 CSV 文件，等待 30 秒后重试...
2025-01-16 01:33:47,429 - 未找到预测 CSV 文件，等待 30 秒后重试...
2025-01-16 01:34:17,436 - 未找到预测 CSV 文件，等待 30 秒后重试...
2025-01-16 01:34:47,442 - 未找到预测 CSV 文件，等待 30 秒后重试...
2025-01-16 01:35:17,451 - 未找到预测 CSV 文件，等待 30 秒后重试...
2025-01-16 01:35:47,462 - 未找到预测 CSV 文件，等待 30 秒后重试...
2025-01-16 01:36:17,466 - 未找到预测 CSV 文件，等待 30 秒后重试...
2025-01-16 01:36:47,480 - 未找到预测 CSV 文件，等待 30 秒后重试...
2025-01-16 01:37:17,484 - 未找到预测 CSV 文件，等待 30 秒后重试...
2025-01-16 01:37:47,496 - 未找到预测 CSV 文件，等待 30 秒后重试...
2025-01-16 01:38:17,501 - 未找到预测 CSV 文件，等待 30 秒后重试...
2025-01-16 01:38:47,511 - 未找到预测 CSV 文件，等待 30 秒后重试...
2025-01-16 01:39:17,514 - 未找到预测 CSV 文件，等待 30 秒后重试...
2025-01-16 01:39:47,518 - 未找到预测 CSV 文件，等待 30 秒后重试...
2025-01-16 01:40:17,526 - 未找到预测 CSV 文件，等待 30 秒后重试...
2025-01-16 01:40:47,534 - 未找到预测 CSV 文件，等待 30 秒后重试...
2025-01-16 01:41:17,547 - 未找到预测 CSV 文件，等待 30 秒后重试...
2025-01-16 01:41:47,554 - 未找到预测 CSV 文件，等待 30 秒后重试...
2025-01-16 01:42:17,558 - 未找到预测 CSV 文件，等待 30 秒后重试...
2025-01-16 01:42:47,560 - 未找到预测 CSV 文件，等待 30 秒后重试...
2025-01-16 01:43:17,570 - 未找到预测 CSV 文件，等待 30 秒后重试...
2025-01-16 01:43:47,584 - 未找到预测 CSV 文件，等待 30 秒后重试...
2025-01-16 01:44:17,588 - 未找到预测 CSV 文件，等待 30 秒后重试...
2025-01-16 01:44:47,592 - 未找到预测 CSV 文件，等待 30 秒后重试...
2025-01-16 01:45:17,597 - 未找到预测 CSV 文件，等待 30 秒后重试...
2025-01-16 01:45:47,609 - 未找到预测 CSV 文件，等待 30 秒后重试...
2025-01-16 01:46:17,618 - 未找到预测 CSV 文件，等待 30 秒后重试...
2025-01-16 01:46:47,633 - 未找到预测 CSV 文件，等待 30 秒后重试...
2025-01-16 01:47:17,635 - 未找到预测 CSV 文件，等待 30 秒后重试...
2025-01-16 01:47:47,638 - 未找到预测 CSV 文件，等待 30 秒后重试...
2025-01-16 01:48:17,654 - 未找到预测 CSV 文件，等待 30 秒后重试...
2025-01-16 01:48:47,656 - 未找到预测 CSV 文件，等待 30 秒后重试...
2025-01-16 01:49:17,669 - 未找到预测 CSV 文件，等待 30 秒后重试...
2025-01-16 01:49:47,674 - 未找到预测 CSV 文件，等待 30 秒后重试...
2025-01-16 01:50:17,678 - 未找到预测 CSV 文件，等待 30 秒后重试...
2025-01-16 01:50:47,684 - 未找到预测 CSV 文件，等待 30 秒后重试...
2025-01-16 01:51:17,690 - 未找到预测 CSV 文件，等待 30 秒后重试...
2025-01-16 01:51:47,701 - 未找到预测 CSV 文件，等待 30 秒后重试...
2025-01-16 01:52:17,710 - 未找到预测 CSV 文件，等待 30 秒后重试...
2025-01-16 01:52:47,713 - 未找到预测 CSV 文件，等待 30 秒后重试...
2025-01-16 01:53:17,726 - 未找到预测 CSV 文件，等待 30 秒后重试...
2025-01-16 01:53:47,731 - 未找到预测 CSV 文件，等待 30 秒后重试...
2025-01-16 01:54:17,735 - 未找到预测 CSV 文件，等待 30 秒后重试...
2025-01-16 01:54:47,742 - 未找到预测 CSV 文件，等待 30 秒后重试...
2025-01-16 01:55:17,752 - 未找到预测 CSV 文件，等待 30 秒后重试...
2025-01-16 01:55:47,755 - 未找到预测 CSV 文件，等待 30 秒后重试...
2025-01-16 01:56:17,771 - 未找到预测 CSV 文件，等待 30 秒后重试...
2025-01-16 01:56:47,772 - 未找到预测 CSV 文件，等待 30 秒后重试...
2025-01-16 01:57:17,775 - 未找到预测 CSV 文件，等待 30 秒后重试...
2025-01-16 01:57:47,789 - 未找到预测 CSV 文件，等待 30 秒后重试...
2025-01-16 01:58:17,793 - 未找到预测 CSV 文件，等待 30 秒后重试...
2025-01-16 01:58:47,808 - 未找到预测 CSV 文件，等待 30 秒后重试...
2025-01-16 01:59:17,813 - 未找到预测 CSV 文件，等待 30 秒后重试...
2025-01-16 01:59:47,823 - 未找到预测 CSV 文件，等待 30 秒后重试...
2025-01-16 02:00:17,832 - 未找到预测 CSV 文件，等待 30 秒后重试...
2025-01-16 02:00:47,844 - 未找到预测 CSV 文件，等待 30 秒后重试...
2025-01-16 02:01:17,850 - 未找到预测 CSV 文件，等待 30 秒后重试...
2025-01-16 02:01:47,862 - 未找到预测 CSV 文件，等待 30 秒后重试...
2025-01-16 02:02:17,873 - 未找到预测 CSV 文件，等待 30 秒后重试...
2025-01-16 02:02:47,884 - 未找到预测 CSV 文件，等待 30 秒后重试...
2025-01-16 02:03:17,894 - 未找到预测 CSV 文件，等待 30 秒后重试...
2025-01-16 02:03:47,901 - 未找到预测 CSV 文件，等待 30 秒后重试...
2025-01-16 02:04:17,905 - 未找到预测 CSV 文件，等待 30 秒后重试...
2025-01-16 02:04:47,919 - 未找到预测 CSV 文件，等待 30 秒后重试...
2025-01-16 02:05:17,925 - 未找到预测 CSV 文件，等待 30 秒后重试...
2025-01-16 02:05:47,935 - 未找到预测 CSV 文件，等待 30 秒后重试...
2025-01-16 02:06:17,937 - 未找到预测 CSV 文件，等待 30 秒后重试...
2025-01-16 02:06:47,947 - 未找到预测 CSV 文件，等待 30 秒后重试...
2025-01-16 02:07:17,961 - 未找到预测 CSV 文件，等待 30 秒后重试...
2025-01-16 02:07:47,977 - 未找到预测 CSV 文件，等待 30 秒后重试...
2025-01-16 02:08:17,991 - 未找到预测 CSV 文件，等待 30 秒后重试...
2025-01-16 02:08:48,002 - 未找到预测 CSV 文件，等待 30 秒后重试...
2025-01-16 02:09:18,009 - 未找到预测 CSV 文件，等待 30 秒后重试...
2025-01-16 02:09:48,022 - 未找到预测 CSV 文件，等待 30 秒后重试...
2025-01-16 02:10:18,027 - 未找到预测 CSV 文件，等待 30 秒后重试...
2025-01-16 02:10:48,031 - 未找到预测 CSV 文件，等待 30 秒后重试...
2025-01-16 02:11:18,042 - 未找到预测 CSV 文件，等待 30 秒后重试...
2025-01-16 02:11:48,057 - 未找到预测 CSV 文件，等待 30 秒后重试...
2025-01-16 02:12:18,062 - 未找到预测 CSV 文件，等待 30 秒后重试...
2025-01-16 02:12:48,077 - 未找到预测 CSV 文件，等待 30 秒后重试...
2025-01-16 02:13:18,085 - 未找到预测 CSV 文件，等待 30 秒后重试...
2025-01-16 02:13:48,093 - 未找到预测 CSV 文件，等待 30 秒后重试...
2025-01-16 02:14:18,096 - 未找到预测 CSV 文件，等待 30 秒后重试...
2025-01-16 02:14:48,101 - 未找到预测 CSV 文件，等待 30 秒后重试...
2025-01-16 02:15:18,118 - 未找到预测 CSV 文件，等待 30 秒后重试...
2025-01-16 02:15:48,126 - 未找到预测 CSV 文件，等待 30 秒后重试...
2025-01-16 02:16:18,142 - 未找到预测 CSV 文件，等待 30 秒后重试...
2025-01-16 02:16:48,156 - 未找到预测 CSV 文件，等待 30 秒后重试...
2025-01-16 02:17:18,159 - 未找到预测 CSV 文件，等待 30 秒后重试...
2025-01-16 02:17:48,169 - 未找到预测 CSV 文件，等待 30 秒后重试...
2025-01-16 02:18:18,179 - 未找到预测 CSV 文件，等待 30 秒后重试...
2025-01-16 02:18:48,193 - 未找到预测 CSV 文件，等待 30 秒后重试...
2025-01-16 02:19:18,195 - 未找到预测 CSV 文件，等待 30 秒后重试...
2025-01-16 02:19:48,205 - 未找到预测 CSV 文件，等待 30 秒后重试...
2025-01-16 02:20:18,217 - 未找到预测 CSV 文件，等待 30 秒后重试...
2025-01-16 02:20:48,220 - 未找到预测 CSV 文件，等待 30 秒后重试...
2025-01-16 02:21:18,233 - 未找到预测 CSV 文件，等待 30 秒后重试...
2025-01-16 02:21:48,249 - 未找到预测 CSV 文件，等待 30 秒后重试...
2025-01-16 02:22:18,257 - 未找到预测 CSV 文件，等待 30 秒后重试...
2025-01-16 02:22:48,261 - 未找到预测 CSV 文件，等待 30 秒后重试...
2025-01-16 02:23:18,265 - 未找到预测 CSV 文件，等待 30 秒后重试...
2025-01-16 02:23:48,269 - 未找到预测 CSV 文件，等待 30 秒后重试...
2025-01-16 02:24:18,278 - 未找到预测 CSV 文件，等待 30 秒后重试...
2025-01-16 02:24:48,293 - 未找到预测 CSV 文件，等待 30 秒后重试...
2025-01-16 02:25:18,301 - 未找到预测 CSV 文件，等待 30 秒后重试...
2025-01-16 02:25:48,309 - 未找到预测 CSV 文件，等待 30 秒后重试...
2025-01-16 02:26:18,314 - 未找到预测 CSV 文件，等待 30 秒后重试...
2025-01-16 02:26:48,322 - 未找到预测 CSV 文件，等待 30 秒后重试...
2025-01-16 02:27:18,336 - 未找到预测 CSV 文件，等待 30 秒后重试...
2025-01-16 02:27:48,341 - 未找到预测 CSV 文件，等待 30 秒后重试...
2025-01-16 02:28:18,354 - 未找到预测 CSV 文件，等待 30 秒后重试...
2025-01-16 02:28:48,358 - 未找到预测 CSV 文件，等待 30 秒后重试...
2025-01-16 02:29:18,368 - 未找到预测 CSV 文件，等待 30 秒后重试...
2025-01-16 02:29:48,371 - 未找到预测 CSV 文件，等待 30 秒后重试...
2025-01-16 02:30:18,380 - 未找到预测 CSV 文件，等待 30 秒后重试...
2025-01-16 02:30:48,387 - 未找到预测 CSV 文件，等待 30 秒后重试...
2025-01-16 02:31:18,403 - 未找到预测 CSV 文件，等待 30 秒后重试...
2025-01-16 02:31:48,415 - 未找到预测 CSV 文件，等待 30 秒后重试...
2025-01-16 02:32:18,429 - 未找到预测 CSV 文件，等待 30 秒后重试...
2025-01-16 02:32:48,447 - 未找到预测 CSV 文件，等待 30 秒后重试...
2025-01-16 02:33:18,461 - 未找到预测 CSV 文件，等待 30 秒后重试...
2025-01-16 02:33:48,465 - 未找到预测 CSV 文件，等待 30 秒后重试...
2025-01-16 02:34:18,473 - 未找到预测 CSV 文件，等待 30 秒后重试...
2025-01-16 02:34:48,476 - 未找到预测 CSV 文件，等待 30 秒后重试...
2025-01-16 02:35:18,478 - 未找到预测 CSV 文件，等待 30 秒后重试...
2025-01-16 02:35:48,488 - 未找到预测 CSV 文件，等待 30 秒后重试...
2025-01-16 02:36:18,497 - 未找到预测 CSV 文件，等待 30 秒后重试...
2025-01-16 02:36:48,500 - 未找到预测 CSV 文件，等待 30 秒后重试...
2025-01-16 02:37:18,508 - 未找到预测 CSV 文件，等待 30 秒后重试...
2025-01-16 02:37:48,526 - 未找到预测 CSV 文件，等待 30 秒后重试...
2025-01-16 02:38:18,543 - 未找到预测 CSV 文件，等待 30 秒后重试...
2025-01-16 02:38:48,552 - 未找到预测 CSV 文件，等待 30 秒后重试...
2025-01-16 02:39:18,555 - 未找到预测 CSV 文件，等待 30 秒后重试...
2025-01-16 02:39:48,558 - 未找到预测 CSV 文件，等待 30 秒后重试...
2025-01-16 02:40:18,565 - 未找到预测 CSV 文件，等待 30 秒后重试...
2025-01-16 02:40:48,574 - 未找到预测 CSV 文件，等待 30 秒后重试...
2025-01-16 02:41:18,590 - 未找到预测 CSV 文件，等待 30 秒后重试...
2025-01-16 02:41:48,597 - 未找到预测 CSV 文件，等待 30 秒后重试...
2025-01-16 02:42:18,604 - 未找到预测 CSV 文件，等待 30 秒后重试...
2025-01-16 02:42:48,619 - 未找到预测 CSV 文件，等待 30 秒后重试...
2025-01-16 02:43:18,636 - 未找到预测 CSV 文件，等待 30 秒后重试...
2025-01-16 02:43:48,649 - 未找到预测 CSV 文件，等待 30 秒后重试...
2025-01-16 02:44:18,662 - 未找到预测 CSV 文件，等待 30 秒后重试...
2025-01-16 02:44:48,663 - 未找到预测 CSV 文件，等待 30 秒后重试...
2025-01-16 02:45:18,672 - 未找到预测 CSV 文件，等待 30 秒后重试...
2025-01-16 02:45:48,679 - 未找到预测 CSV 文件，等待 30 秒后重试...
2025-01-16 02:46:18,681 - 未找到预测 CSV 文件，等待 30 秒后重试...
2025-01-16 02:46:48,693 - 未找到预测 CSV 文件，等待 30 秒后重试...
2025-01-16 02:47:18,700 - 未找到预测 CSV 文件，等待 30 秒后重试...
2025-01-16 02:47:48,709 - 未找到预测 CSV 文件，等待 30 秒后重试...
2025-01-16 02:48:18,720 - 未找到预测 CSV 文件，等待 30 秒后重试...
2025-01-16 02:48:48,726 - 未找到预测 CSV 文件，等待 30 秒后重试...
2025-01-16 02:49:18,738 - 未找到预测 CSV 文件，等待 30 秒后重试...
2025-01-16 02:49:48,751 - 未找到预测 CSV 文件，等待 30 秒后重试...
2025-01-16 02:50:18,755 - 未找到预测 CSV 文件，等待 30 秒后重试...
2025-01-16 02:50:48,770 - 未找到预测 CSV 文件，等待 30 秒后重试...
2025-01-16 02:51:18,774 - 未找到预测 CSV 文件，等待 30 秒后重试...
2025-01-16 02:51:48,784 - 未找到预测 CSV 文件，等待 30 秒后重试...
2025-01-16 02:52:18,795 - 未找到预测 CSV 文件，等待 30 秒后重试...
2025-01-16 02:52:48,801 - 未找到预测 CSV 文件，等待 30 秒后重试...
2025-01-16 02:53:18,806 - 未找到预测 CSV 文件，等待 30 秒后重试...
2025-01-16 02:53:48,817 - 未找到预测 CSV 文件，等待 30 秒后重试...
2025-01-16 02:54:18,823 - 未找到预测 CSV 文件，等待 30 秒后重试...
2025-01-16 02:54:48,826 - 未找到预测 CSV 文件，等待 30 秒后重试...
2025-01-16 02:55:18,843 - 未找到预测 CSV 文件，等待 30 秒后重试...
2025-01-16 02:55:48,846 - 未找到预测 CSV 文件，等待 30 秒后重试...
2025-01-16 02:56:18,850 - 未找到预测 CSV 文件，等待 30 秒后重试...
2025-01-16 02:56:48,856 - 未找到预测 CSV 文件，等待 30 秒后重试...
2025-01-16 02:57:18,866 - 未找到预测 CSV 文件，等待 30 秒后重试...
2025-01-16 02:57:48,867 - 未找到预测 CSV 文件，等待 30 秒后重试...
2025-01-16 02:58:18,884 - 未找到预测 CSV 文件，等待 30 秒后重试...
2025-01-16 02:58:48,893 - 未找到预测 CSV 文件，等待 30 秒后重试...
2025-01-16 02:59:18,895 - 未找到预测 CSV 文件，等待 30 秒后重试...
2025-01-16 02:59:48,909 - 未找到预测 CSV 文件，等待 30 秒后重试...
2025-01-16 03:00:18,918 - 未找到预测 CSV 文件，等待 30 秒后重试...
2025-01-16 03:00:48,926 - 未找到预测 CSV 文件，等待 30 秒后重试...
2025-01-16 03:01:18,941 - 未找到预测 CSV 文件，等待 30 秒后重试...
2025-01-16 03:01:48,947 - 未找到预测 CSV 文件，等待 30 秒后重试...
2025-01-16 03:02:18,954 - 未找到预测 CSV 文件，等待 30 秒后重试...
2025-01-16 03:02:48,968 - 未找到预测 CSV 文件，等待 30 秒后重试...
2025-01-16 03:03:18,982 - 未找到预测 CSV 文件，等待 30 秒后重试...
2025-01-16 03:03:48,993 - 未找到预测 CSV 文件，等待 30 秒后重试...
2025-01-16 03:04:19,010 - 未找到预测 CSV 文件，等待 30 秒后重试...
2025-01-16 03:04:49,024 - 未找到预测 CSV 文件，等待 30 秒后重试...
2025-01-16 03:05:19,034 - 未找到预测 CSV 文件，等待 30 秒后重试...
2025-01-16 03:05:49,036 - 未找到预测 CSV 文件，等待 30 秒后重试...
2025-01-16 03:06:19,042 - 未找到预测 CSV 文件，等待 30 秒后重试...
2025-01-16 03:06:49,051 - 未找到预测 CSV 文件，等待 30 秒后重试...
2025-01-16 03:07:19,061 - 未找到预测 CSV 文件，等待 30 秒后重试...
2025-01-16 03:07:49,078 - 未找到预测 CSV 文件，等待 30 秒后重试...
2025-01-16 03:08:19,093 - 未找到预测 CSV 文件，等待 30 秒后重试...
2025-01-16 03:08:49,101 - 未找到预测 CSV 文件，等待 30 秒后重试...
2025-01-16 03:09:19,103 - 未找到预测 CSV 文件，等待 30 秒后重试...
2025-01-16 03:09:49,111 - 未找到预测 CSV 文件，等待 30 秒后重试...
2025-01-16 03:10:19,123 - 未找到预测 CSV 文件，等待 30 秒后重试...
2025-01-16 03:10:49,135 - 未找到预测 CSV 文件，等待 30 秒后重试...
2025-01-16 03:11:19,137 - 未找到预测 CSV 文件，等待 30 秒后重试...
2025-01-16 03:11:49,143 - 未找到预测 CSV 文件，等待 30 秒后重试...
2025-01-16 03:12:19,145 - 未找到预测 CSV 文件，等待 30 秒后重试...
2025-01-16 03:12:49,146 - 未找到预测 CSV 文件，等待 30 秒后重试...
2025-01-16 03:13:19,148 - 未找到预测 CSV 文件，等待 30 秒后重试...
2025-01-16 03:13:49,160 - 未找到预测 CSV 文件，等待 30 秒后重试...
2025-01-16 03:14:19,163 - 未找到预测 CSV 文件，等待 30 秒后重试...
2025-01-16 03:14:49,176 - 未找到预测 CSV 文件，等待 30 秒后重试...
2025-01-16 03:15:19,185 - 未找到预测 CSV 文件，等待 30 秒后重试...
2025-01-16 03:15:49,193 - 未找到预测 CSV 文件，等待 30 秒后重试...
2025-01-16 03:16:19,196 - 未找到预测 CSV 文件，等待 30 秒后重试...
2025-01-16 03:16:49,209 - 未找到预测 CSV 文件，等待 30 秒后重试...
2025-01-16 03:17:19,216 - 未找到预测 CSV 文件，等待 30 秒后重试...
2025-01-16 03:17:49,226 - 未找到预测 CSV 文件，等待 30 秒后重试...
2025-01-16 03:18:19,230 - 未找到预测 CSV 文件，等待 30 秒后重试...
2025-01-16 03:18:49,239 - 未找到预测 CSV 文件，等待 30 秒后重试...
2025-01-16 03:19:19,248 - 未找到预测 CSV 文件，等待 30 秒后重试...
2025-01-16 03:19:49,264 - 未找到预测 CSV 文件，等待 30 秒后重试...
2025-01-16 03:20:19,268 - 未找到预测 CSV 文件，等待 30 秒后重试...
2025-01-16 03:20:49,278 - 未找到预测 CSV 文件，等待 30 秒后重试...
2025-01-16 03:21:19,294 - 未找到预测 CSV 文件，等待 30 秒后重试...
2025-01-16 03:21:49,310 - 未找到预测 CSV 文件，等待 30 秒后重试...
2025-01-16 03:22:19,320 - 未找到预测 CSV 文件，等待 30 秒后重试...
2025-01-16 03:22:49,326 - 未找到预测 CSV 文件，等待 30 秒后重试...
2025-01-16 03:23:19,330 - 未找到预测 CSV 文件，等待 30 秒后重试...
2025-01-16 03:23:49,338 - 未找到预测 CSV 文件，等待 30 秒后重试...
2025-01-16 03:24:19,340 - 未找到预测 CSV 文件，等待 30 秒后重试...
2025-01-16 03:24:49,350 - 未找到预测 CSV 文件，等待 30 秒后重试...
2025-01-16 03:25:19,355 - 未找到预测 CSV 文件，等待 30 秒后重试...
2025-01-16 03:25:49,365 - 未找到预测 CSV 文件，等待 30 秒后重试...
2025-01-16 03:26:19,374 - 未找到预测 CSV 文件，等待 30 秒后重试...
2025-01-16 03:26:49,389 - 未找到预测 CSV 文件，等待 30 秒后重试...
2025-01-16 03:27:19,401 - 未找到预测 CSV 文件，等待 30 秒后重试...
2025-01-16 03:27:49,410 - 未找到预测 CSV 文件，等待 30 秒后重试...
2025-01-16 03:28:19,420 - 未找到预测 CSV 文件，等待 30 秒后重试...
2025-01-16 03:28:49,427 - 未找到预测 CSV 文件，等待 30 秒后重试...
2025-01-16 03:29:19,441 - 未找到预测 CSV 文件，等待 30 秒后重试...
2025-01-16 03:29:49,453 - 未找到预测 CSV 文件，等待 30 秒后重试...
2025-01-16 03:30:19,456 - 未找到预测 CSV 文件，等待 30 秒后重试...
2025-01-16 03:30:49,467 - 未找到预测 CSV 文件，等待 30 秒后重试...
2025-01-16 03:31:19,482 - 未找到预测 CSV 文件，等待 30 秒后重试...
2025-01-16 03:31:49,488 - 未找到预测 CSV 文件，等待 30 秒后重试...
2025-01-16 03:32:19,500 - 未找到预测 CSV 文件，等待 30 秒后重试...
2025-01-16 03:32:49,505 - 未找到预测 CSV 文件，等待 30 秒后重试...
2025-01-16 03:33:19,509 - 未找到预测 CSV 文件，等待 30 秒后重试...
2025-01-16 03:33:49,519 - 未找到预测 CSV 文件，等待 30 秒后重试...
2025-01-16 03:34:19,523 - 未找到预测 CSV 文件，等待 30 秒后重试...
2025-01-16 03:34:49,531 - 未找到预测 CSV 文件，等待 30 秒后重试...
2025-01-16 03:35:19,542 - 未找到预测 CSV 文件，等待 30 秒后重试...
2025-01-16 03:35:49,550 - 未找到预测 CSV 文件，等待 30 秒后重试...
2025-01-16 03:36:19,555 - 未找到预测 CSV 文件，等待 30 秒后重试...
2025-01-16 03:36:49,564 - 未找到预测 CSV 文件，等待 30 秒后重试...
2025-01-16 03:37:19,571 - 未找到预测 CSV 文件，等待 30 秒后重试...
2025-01-16 03:37:49,575 - 未找到预测 CSV 文件，等待 30 秒后重试...
2025-01-16 03:38:19,579 - 未找到预测 CSV 文件，等待 30 秒后重试...
2025-01-16 03:38:49,591 - 未找到预测 CSV 文件，等待 30 秒后重试...
2025-01-16 03:39:19,596 - 未找到预测 CSV 文件，等待 30 秒后重试...
2025-01-16 03:39:49,606 - 未找到预测 CSV 文件，等待 30 秒后重试...
2025-01-16 03:40:19,610 - 未找到预测 CSV 文件，等待 30 秒后重试...
2025-01-16 03:40:49,619 - 未找到预测 CSV 文件，等待 30 秒后重试...
2025-01-16 03:41:19,624 - 未找到预测 CSV 文件，等待 30 秒后重试...
2025-01-16 03:41:49,639 - 未找到预测 CSV 文件，等待 30 秒后重试...
2025-01-16 03:42:19,640 - 未找到预测 CSV 文件，等待 30 秒后重试...
2025-01-16 03:42:49,646 - 未找到预测 CSV 文件，等待 30 秒后重试...
2025-01-16 03:43:19,662 - 未找到预测 CSV 文件，等待 30 秒后重试...
2025-01-16 03:43:49,664 - 未找到预测 CSV 文件，等待 30 秒后重试...
2025-01-16 03:44:19,666 - 未找到预测 CSV 文件，等待 30 秒后重试...
2025-01-16 03:44:49,675 - 未找到预测 CSV 文件，等待 30 秒后重试...
2025-01-16 03:45:19,676 - 未找到预测 CSV 文件，等待 30 秒后重试...
2025-01-16 03:45:49,689 - 未找到预测 CSV 文件，等待 30 秒后重试...
2025-01-16 03:46:19,706 - 未找到预测 CSV 文件，等待 30 秒后重试...
2025-01-16 03:46:49,718 - 未找到预测 CSV 文件，等待 30 秒后重试...
2025-01-16 03:47:19,730 - 未找到预测 CSV 文件，等待 30 秒后重试...
2025-01-16 03:47:49,732 - 未找到预测 CSV 文件，等待 30 秒后重试...
2025-01-16 03:48:19,737 - 未找到预测 CSV 文件，等待 30 秒后重试...
2025-01-16 03:48:51,136 - 未找到预测 CSV 文件，等待 30 秒后重试...
2025-01-16 03:49:21,147 - 未找到预测 CSV 文件，等待 30 秒后重试...
2025-01-16 03:49:51,161 - 未找到预测 CSV 文件，等待 30 秒后重试...
2025-01-16 03:50:21,175 - 未找到预测 CSV 文件，等待 30 秒后重试...
2025-01-16 03:50:51,190 - 未找到预测 CSV 文件，等待 30 秒后重试...
2025-01-16 03:51:21,200 - 未找到预测 CSV 文件，等待 30 秒后重试...
2025-01-16 03:51:51,204 - 未找到预测 CSV 文件，等待 30 秒后重试...
2025-01-16 03:52:21,218 - 未找到预测 CSV 文件，等待 30 秒后重试...
2025-01-16 03:52:51,228 - 未找到预测 CSV 文件，等待 30 秒后重试...
2025-01-16 03:53:21,243 - 未找到预测 CSV 文件，等待 30 秒后重试...
2025-01-16 03:53:51,254 - 未找到预测 CSV 文件，等待 30 秒后重试...
2025-01-16 03:54:21,271 - 未找到预测 CSV 文件，等待 30 秒后重试...
2025-01-16 03:54:51,283 - 未找到预测 CSV 文件，等待 30 秒后重试...
2025-01-16 03:55:21,299 - 未找到预测 CSV 文件，等待 30 秒后重试...
2025-01-16 03:55:51,312 - 未找到预测 CSV 文件，等待 30 秒后重试...
2025-01-16 03:56:21,318 - 未找到预测 CSV 文件，等待 30 秒后重试...
2025-01-16 03:56:51,325 - 未找到预测 CSV 文件，等待 30 秒后重试...
2025-01-16 03:57:21,335 - 未找到预测 CSV 文件，等待 30 秒后重试...
2025-01-16 03:57:51,348 - 未找到预测 CSV 文件，等待 30 秒后重试...
2025-01-16 03:58:21,362 - 未找到预测 CSV 文件，等待 30 秒后重试...
2025-01-16 03:58:51,371 - 未找到预测 CSV 文件，等待 30 秒后重试...
2025-01-16 03:59:21,375 - 未找到预测 CSV 文件，等待 30 秒后重试...
2025-01-16 03:59:51,386 - 未找到预测 CSV 文件，等待 30 秒后重试...
2025-01-16 04:00:21,399 - 未找到预测 CSV 文件，等待 30 秒后重试...
2025-01-16 04:00:51,414 - 未找到预测 CSV 文件，等待 30 秒后重试...
2025-01-16 04:01:21,415 - 未找到预测 CSV 文件，等待 30 秒后重试...
2025-01-16 04:01:51,417 - 未找到预测 CSV 文件，等待 30 秒后重试...
2025-01-16 04:02:21,424 - 未找到预测 CSV 文件，等待 30 秒后重试...
2025-01-16 04:02:51,434 - 未找到预测 CSV 文件，等待 30 秒后重试...
2025-01-16 04:03:21,447 - 未找到预测 CSV 文件，等待 30 秒后重试...
2025-01-16 04:03:51,457 - 未找到预测 CSV 文件，等待 30 秒后重试...
2025-01-16 04:04:21,465 - 未找到预测 CSV 文件，等待 30 秒后重试...
2025-01-16 04:04:51,466 - 未找到预测 CSV 文件，等待 30 秒后重试...
2025-01-16 04:05:21,476 - 未找到预测 CSV 文件，等待 30 秒后重试...
2025-01-16 04:05:51,485 - 未找到预测 CSV 文件，等待 30 秒后重试...
2025-01-16 04:06:21,498 - 未找到预测 CSV 文件，等待 30 秒后重试...
2025-01-16 04:06:51,512 - 未找到预测 CSV 文件，等待 30 秒后重试...
2025-01-16 04:07:21,518 - 未找到预测 CSV 文件，等待 30 秒后重试...
2025-01-16 04:07:51,532 - 未找到预测 CSV 文件，等待 30 秒后重试...
2025-01-16 04:08:21,534 - 未找到预测 CSV 文件，等待 30 秒后重试...
2025-01-16 04:08:51,548 - 未找到预测 CSV 文件，等待 30 秒后重试...
2025-01-16 04:09:21,556 - 未找到预测 CSV 文件，等待 30 秒后重试...
2025-01-16 04:09:51,560 - 未找到预测 CSV 文件，等待 30 秒后重试...
2025-01-16 04:10:21,566 - 未找到预测 CSV 文件，等待 30 秒后重试...
2025-01-16 04:10:51,570 - 未找到预测 CSV 文件，等待 30 秒后重试...
2025-01-16 04:11:21,571 - 未找到预测 CSV 文件，等待 30 秒后重试...
2025-01-16 04:11:51,580 - 未找到预测 CSV 文件，等待 30 秒后重试...
2025-01-16 04:12:21,587 - 未找到预测 CSV 文件，等待 30 秒后重试...
2025-01-16 04:12:51,604 - 未找到预测 CSV 文件，等待 30 秒后重试...
2025-01-16 04:13:21,619 - 未找到预测 CSV 文件，等待 30 秒后重试...
2025-01-16 04:13:51,634 - 未找到预测 CSV 文件，等待 30 秒后重试...
2025-01-16 04:14:21,646 - 未找到预测 CSV 文件，等待 30 秒后重试...
2025-01-16 04:14:51,655 - 未找到预测 CSV 文件，等待 30 秒后重试...
2025-01-16 04:15:21,666 - 未找到预测 CSV 文件，等待 30 秒后重试...
2025-01-16 04:15:51,674 - 未找到预测 CSV 文件，等待 30 秒后重试...
2025-01-16 04:16:21,677 - 未找到预测 CSV 文件，等待 30 秒后重试...
2025-01-16 04:16:51,692 - 未找到预测 CSV 文件，等待 30 秒后重试...
2025-01-16 04:17:21,709 - 未找到预测 CSV 文件，等待 30 秒后重试...
2025-01-16 04:17:51,724 - 未找到预测 CSV 文件，等待 30 秒后重试...
2025-01-16 04:18:21,741 - 未找到预测 CSV 文件，等待 30 秒后重试...
2025-01-16 04:18:51,756 - 未找到预测 CSV 文件，等待 30 秒后重试...
2025-01-16 04:19:21,759 - 未找到预测 CSV 文件，等待 30 秒后重试...
2025-01-16 04:19:51,769 - 未找到预测 CSV 文件，等待 30 秒后重试...
2025-01-16 04:20:21,774 - 未找到预测 CSV 文件，等待 30 秒后重试...
2025-01-16 04:20:51,777 - 未找到预测 CSV 文件，等待 30 秒后重试...
2025-01-16 04:21:21,790 - 未找到预测 CSV 文件，等待 30 秒后重试...
2025-01-16 04:21:51,797 - 未找到预测 CSV 文件，等待 30 秒后重试...
2025-01-16 04:22:21,806 - 未找到预测 CSV 文件，等待 30 秒后重试...
2025-01-16 04:22:51,821 - 未找到预测 CSV 文件，等待 30 秒后重试...
2025-01-16 04:23:21,835 - 未找到预测 CSV 文件，等待 30 秒后重试...
2025-01-16 04:23:51,852 - 未找到预测 CSV 文件，等待 30 秒后重试...
2025-01-16 04:24:21,866 - 未找到预测 CSV 文件，等待 30 秒后重试...
2025-01-16 04:24:51,876 - 未找到预测 CSV 文件，等待 30 秒后重试...
2025-01-16 04:25:21,882 - 未找到预测 CSV 文件，等待 30 秒后重试...
2025-01-16 04:25:51,886 - 未找到预测 CSV 文件，等待 30 秒后重试...
2025-01-16 04:26:21,900 - 未找到预测 CSV 文件，等待 30 秒后重试...
2025-01-16 04:26:51,910 - 未找到预测 CSV 文件，等待 30 秒后重试...
2025-01-16 04:27:21,921 - 未找到预测 CSV 文件，等待 30 秒后重试...
2025-01-16 04:27:51,936 - 未找到预测 CSV 文件，等待 30 秒后重试...
2025-01-16 04:28:21,949 - 未找到预测 CSV 文件，等待 30 秒后重试...
2025-01-16 04:28:51,956 - 未找到预测 CSV 文件，等待 30 秒后重试...
2025-01-16 04:29:21,969 - 未找到预测 CSV 文件，等待 30 秒后重试...
2025-01-16 04:29:51,984 - 未找到预测 CSV 文件，等待 30 秒后重试...
2025-01-16 04:30:21,987 - 未找到预测 CSV 文件，等待 30 秒后重试...
2025-01-16 04:30:52,003 - 未找到预测 CSV 文件，等待 30 秒后重试...
2025-01-16 04:31:22,009 - 未找到预测 CSV 文件，等待 30 秒后重试...
2025-01-16 04:31:52,011 - 未找到预测 CSV 文件，等待 30 秒后重试...
2025-01-16 04:32:22,018 - 未找到预测 CSV 文件，等待 30 秒后重试...
2025-01-16 04:32:52,020 - 未找到预测 CSV 文件，等待 30 秒后重试...
2025-01-16 04:33:22,026 - 未找到预测 CSV 文件，等待 30 秒后重试...
2025-01-16 04:33:52,031 - 未找到预测 CSV 文件，等待 30 秒后重试...
2025-01-16 04:34:22,036 - 未找到预测 CSV 文件，等待 30 秒后重试...
2025-01-16 04:34:52,045 - 未找到预测 CSV 文件，等待 30 秒后重试...
2025-01-16 04:35:22,061 - 未找到预测 CSV 文件，等待 30 秒后重试...
2025-01-16 04:35:52,063 - 未找到预测 CSV 文件，等待 30 秒后重试...
2025-01-16 04:36:22,066 - 未找到预测 CSV 文件，等待 30 秒后重试...
2025-01-16 04:36:52,079 - 未找到预测 CSV 文件，等待 30 秒后重试...
2025-01-16 04:37:22,083 - 未找到预测 CSV 文件，等待 30 秒后重试...
2025-01-16 04:37:52,096 - 未找到预测 CSV 文件，等待 30 秒后重试...
2025-01-16 04:38:22,110 - 未找到预测 CSV 文件，等待 30 秒后重试...
2025-01-16 04:38:52,113 - 未找到预测 CSV 文件，等待 30 秒后重试...
2025-01-16 04:39:22,116 - 未找到预测 CSV 文件，等待 30 秒后重试...
2025-01-16 04:39:52,126 - 未找到预测 CSV 文件，等待 30 秒后重试...
2025-01-16 04:40:22,141 - 未找到预测 CSV 文件，等待 30 秒后重试...
2025-01-16 04:40:52,155 - 未找到预测 CSV 文件，等待 30 秒后重试...
2025-01-16 04:41:22,165 - 未找到预测 CSV 文件，等待 30 秒后重试...
2025-01-16 04:41:52,174 - 未找到预测 CSV 文件，等待 30 秒后重试...
2025-01-16 04:42:22,180 - 未找到预测 CSV 文件，等待 30 秒后重试...
2025-01-16 04:42:52,193 - 未找到预测 CSV 文件，等待 30 秒后重试...
2025-01-16 04:43:22,201 - 未找到预测 CSV 文件，等待 30 秒后重试...
2025-01-16 04:43:52,213 - 未找到预测 CSV 文件，等待 30 秒后重试...
2025-01-16 04:44:22,224 - 未找到预测 CSV 文件，等待 30 秒后重试...
2025-01-16 04:44:52,235 - 未找到预测 CSV 文件，等待 30 秒后重试...
2025-01-16 04:45:22,239 - 未找到预测 CSV 文件，等待 30 秒后重试...
2025-01-16 04:45:52,250 - 未找到预测 CSV 文件，等待 30 秒后重试...
2025-01-16 04:46:22,253 - 未找到预测 CSV 文件，等待 30 秒后重试...
2025-01-16 04:46:52,256 - 未找到预测 CSV 文件，等待 30 秒后重试...
2025-01-16 04:47:22,269 - 未找到预测 CSV 文件，等待 30 秒后重试...
2025-01-16 04:47:52,284 - 未找到预测 CSV 文件，等待 30 秒后重试...
2025-01-16 04:48:22,292 - 未找到预测 CSV 文件，等待 30 秒后重试...
2025-01-16 04:48:52,297 - 未找到预测 CSV 文件，等待 30 秒后重试...
2025-01-16 04:49:22,313 - 未找到预测 CSV 文件，等待 30 秒后重试...
2025-01-16 04:49:52,315 - 未找到预测 CSV 文件，等待 30 秒后重试...
2025-01-16 04:50:22,331 - 未找到预测 CSV 文件，等待 30 秒后重试...
2025-01-16 04:50:52,345 - 未找到预测 CSV 文件，等待 30 秒后重试...
2025-01-16 04:51:22,355 - 未找到预测 CSV 文件，等待 30 秒后重试...
2025-01-16 04:51:52,358 - 未找到预测 CSV 文件，等待 30 秒后重试...
2025-01-16 04:52:22,364 - 未找到预测 CSV 文件，等待 30 秒后重试...
2025-01-16 04:52:52,369 - 未找到预测 CSV 文件，等待 30 秒后重试...
2025-01-16 04:53:22,370 - 未找到预测 CSV 文件，等待 30 秒后重试...
2025-01-16 04:53:52,371 - 未找到预测 CSV 文件，等待 30 秒后重试...
2025-01-16 04:54:22,389 - 未找到预测 CSV 文件，等待 30 秒后重试...
2025-01-16 04:54:52,394 - 未找到预测 CSV 文件，等待 30 秒后重试...
2025-01-16 04:55:22,401 - 未找到预测 CSV 文件，等待 30 秒后重试...
2025-01-16 04:55:52,416 - 未找到预测 CSV 文件，等待 30 秒后重试...
2025-01-16 04:56:22,432 - 未找到预测 CSV 文件，等待 30 秒后重试...
2025-01-16 04:56:52,437 - 未找到预测 CSV 文件，等待 30 秒后重试...
2025-01-16 04:57:22,447 - 未找到预测 CSV 文件，等待 30 秒后重试...
2025-01-16 04:57:52,457 - 未找到预测 CSV 文件，等待 30 秒后重试...
2025-01-16 04:58:22,465 - 未找到预测 CSV 文件，等待 30 秒后重试...
2025-01-16 04:58:52,470 - 未找到预测 CSV 文件，等待 30 秒后重试...
2025-01-16 04:59:22,476 - 未找到预测 CSV 文件，等待 30 秒后重试...
2025-01-16 04:59:52,480 - 未找到预测 CSV 文件，等待 30 秒后重试...
2025-01-16 05:00:22,483 - 未找到预测 CSV 文件，等待 30 秒后重试...
2025-01-16 05:00:52,492 - 未找到预测 CSV 文件，等待 30 秒后重试...
2025-01-16 05:01:22,499 - 未找到预测 CSV 文件，等待 30 秒后重试...
2025-01-16 05:01:52,506 - 未找到预测 CSV 文件，等待 30 秒后重试...
2025-01-16 05:02:22,520 - 未找到预测 CSV 文件，等待 30 秒后重试...
2025-01-16 05:02:52,536 - 未找到预测 CSV 文件，等待 30 秒后重试...
2025-01-16 05:03:22,540 - 未找到预测 CSV 文件，等待 30 秒后重试...
2025-01-16 05:03:52,551 - 未找到预测 CSV 文件，等待 30 秒后重试...
2025-01-16 05:04:22,564 - 未找到预测 CSV 文件，等待 30 秒后重试...
2025-01-16 05:04:52,577 - 未找到预测 CSV 文件，等待 30 秒后重试...
2025-01-16 05:05:22,586 - 未找到预测 CSV 文件，等待 30 秒后重试...
2025-01-16 05:05:52,597 - 未找到预测 CSV 文件，等待 30 秒后重试...
2025-01-16 05:06:22,611 - 未找到预测 CSV 文件，等待 30 秒后重试...
2025-01-16 05:06:52,623 - 未找到预测 CSV 文件，等待 30 秒后重试...
2025-01-16 05:07:22,635 - 未找到预测 CSV 文件，等待 30 秒后重试...
2025-01-16 05:07:52,641 - 未找到预测 CSV 文件，等待 30 秒后重试...
2025-01-16 05:08:22,653 - 未找到预测 CSV 文件，等待 30 秒后重试...
2025-01-16 05:08:52,666 - 未找到预测 CSV 文件，等待 30 秒后重试...
2025-01-16 05:09:22,677 - 未找到预测 CSV 文件，等待 30 秒后重试...
2025-01-16 05:09:52,683 - 未找到预测 CSV 文件，等待 30 秒后重试...
2025-01-16 05:10:22,689 - 未找到预测 CSV 文件，等待 30 秒后重试...
2025-01-16 05:10:52,700 - 未找到预测 CSV 文件，等待 30 秒后重试...
2025-01-16 05:11:22,709 - 未找到预测 CSV 文件，等待 30 秒后重试...
2025-01-16 05:11:52,717 - 未找到预测 CSV 文件，等待 30 秒后重试...
2025-01-16 05:12:22,731 - 未找到预测 CSV 文件，等待 30 秒后重试...
2025-01-16 05:12:52,736 - 未找到预测 CSV 文件，等待 30 秒后重试...
2025-01-16 05:13:22,748 - 未找到预测 CSV 文件，等待 30 秒后重试...
2025-01-16 05:13:52,750 - 未找到预测 CSV 文件，等待 30 秒后重试...
2025-01-16 05:14:22,752 - 未找到预测 CSV 文件，等待 30 秒后重试...
2025-01-16 05:14:52,755 - 未找到预测 CSV 文件，等待 30 秒后重试...
2025-01-16 05:15:22,762 - 未找到预测 CSV 文件，等待 30 秒后重试...
2025-01-16 05:15:52,764 - 未找到预测 CSV 文件，等待 30 秒后重试...
2025-01-16 05:16:22,769 - 未找到预测 CSV 文件，等待 30 秒后重试...
2025-01-16 05:16:52,777 - 未找到预测 CSV 文件，等待 30 秒后重试...
2025-01-16 05:17:22,791 - 未找到预测 CSV 文件，等待 30 秒后重试...
2025-01-16 05:17:52,796 - 未找到预测 CSV 文件，等待 30 秒后重试...
2025-01-16 05:18:22,798 - 未找到预测 CSV 文件，等待 30 秒后重试...
2025-01-16 05:18:52,814 - 未找到预测 CSV 文件，等待 30 秒后重试...
2025-01-16 05:19:22,822 - 未找到预测 CSV 文件，等待 30 秒后重试...
2025-01-16 05:19:52,824 - 未找到预测 CSV 文件，等待 30 秒后重试...
2025-01-16 05:20:22,839 - 未找到预测 CSV 文件，等待 30 秒后重试...
2025-01-16 05:20:52,850 - 未找到预测 CSV 文件，等待 30 秒后重试...
2025-01-16 05:21:22,864 - 未找到预测 CSV 文件，等待 30 秒后重试...
2025-01-16 05:21:52,872 - 未找到预测 CSV 文件，等待 30 秒后重试...
2025-01-16 05:22:22,884 - 未找到预测 CSV 文件，等待 30 秒后重试...
2025-01-16 05:22:52,887 - 未找到预测 CSV 文件，等待 30 秒后重试...
2025-01-16 05:23:22,898 - 未找到预测 CSV 文件，等待 30 秒后重试...
2025-01-16 05:23:52,900 - 未找到预测 CSV 文件，等待 30 秒后重试...
2025-01-16 05:24:22,909 - 未找到预测 CSV 文件，等待 30 秒后重试...
2025-01-16 05:24:52,924 - 未找到预测 CSV 文件，等待 30 秒后重试...
2025-01-16 05:25:22,936 - 未找到预测 CSV 文件，等待 30 秒后重试...
2025-01-16 05:25:52,939 - 未找到预测 CSV 文件，等待 30 秒后重试...
2025-01-16 05:26:22,943 - 未找到预测 CSV 文件，等待 30 秒后重试...
2025-01-16 05:26:52,953 - 未找到预测 CSV 文件，等待 30 秒后重试...
2025-01-16 05:27:22,968 - 未找到预测 CSV 文件，等待 30 秒后重试...
2025-01-16 05:27:52,977 - 未找到预测 CSV 文件，等待 30 秒后重试...
2025-01-16 05:28:22,993 - 未找到预测 CSV 文件，等待 30 秒后重试...
2025-01-16 05:28:53,002 - 未找到预测 CSV 文件，等待 30 秒后重试...
2025-01-16 05:29:23,003 - 未找到预测 CSV 文件，等待 30 秒后重试...
2025-01-16 05:29:53,016 - 未找到预测 CSV 文件，等待 30 秒后重试...
2025-01-16 05:30:23,029 - 未找到预测 CSV 文件，等待 30 秒后重试...
2025-01-16 05:30:53,042 - 未找到预测 CSV 文件，等待 30 秒后重试...
2025-01-16 05:31:23,051 - 未找到预测 CSV 文件，等待 30 秒后重试...
2025-01-16 05:31:53,062 - 未找到预测 CSV 文件，等待 30 秒后重试...
2025-01-16 05:32:23,074 - 未找到预测 CSV 文件，等待 30 秒后重试...
2025-01-16 05:32:53,083 - 未找到预测 CSV 文件，等待 30 秒后重试...
2025-01-16 05:33:23,097 - 未找到预测 CSV 文件，等待 30 秒后重试...
2025-01-16 05:33:53,098 - 未找到预测 CSV 文件，等待 30 秒后重试...
2025-01-16 05:34:23,115 - 未找到预测 CSV 文件，等待 30 秒后重试...
2025-01-16 05:34:53,120 - 未找到预测 CSV 文件，等待 30 秒后重试...
2025-01-16 05:35:23,133 - 未找到预测 CSV 文件，等待 30 秒后重试...
2025-01-16 05:35:53,140 - 未找到预测 CSV 文件，等待 30 秒后重试...
2025-01-16 05:36:23,144 - 未找到预测 CSV 文件，等待 30 秒后重试...
2025-01-16 05:36:53,146 - 未找到预测 CSV 文件，等待 30 秒后重试...
2025-01-16 05:37:23,158 - 未找到预测 CSV 文件，等待 30 秒后重试...
2025-01-16 05:37:53,167 - 未找到预测 CSV 文件，等待 30 秒后重试...
2025-01-16 05:38:23,181 - 未找到预测 CSV 文件，等待 30 秒后重试...
2025-01-16 05:38:53,195 - 未找到预测 CSV 文件，等待 30 秒后重试...
2025-01-16 05:39:23,208 - 未找到预测 CSV 文件，等待 30 秒后重试...
2025-01-16 05:39:53,221 - 未找到预测 CSV 文件，等待 30 秒后重试...
2025-01-16 05:40:23,228 - 未找到预测 CSV 文件，等待 30 秒后重试...
2025-01-16 05:40:53,239 - 未找到预测 CSV 文件，等待 30 秒后重试...
2025-01-16 05:41:23,245 - 未找到预测 CSV 文件，等待 30 秒后重试...
2025-01-16 05:41:53,259 - 未找到预测 CSV 文件，等待 30 秒后重试...
2025-01-16 05:42:23,261 - 未找到预测 CSV 文件，等待 30 秒后重试...
2025-01-16 05:42:53,267 - 未找到预测 CSV 文件，等待 30 秒后重试...
2025-01-16 05:43:23,269 - 未找到预测 CSV 文件，等待 30 秒后重试...
2025-01-16 05:43:53,282 - 未找到预测 CSV 文件，等待 30 秒后重试...
2025-01-16 05:44:23,297 - 未找到预测 CSV 文件，等待 30 秒后重试...
2025-01-16 05:44:53,301 - 未找到预测 CSV 文件，等待 30 秒后重试...
2025-01-16 05:45:23,307 - 未找到预测 CSV 文件，等待 30 秒后重试...
2025-01-16 05:45:53,311 - 未找到预测 CSV 文件，等待 30 秒后重试...
2025-01-16 05:46:23,313 - 未找到预测 CSV 文件，等待 30 秒后重试...
2025-01-16 05:46:53,324 - 未找到预测 CSV 文件，等待 30 秒后重试...
2025-01-16 05:47:23,333 - 未找到预测 CSV 文件，等待 30 秒后重试...
2025-01-16 05:47:53,347 - 未找到预测 CSV 文件，等待 30 秒后重试...
2025-01-16 05:48:23,354 - 未找到预测 CSV 文件，等待 30 秒后重试...
2025-01-16 05:48:53,365 - 未找到预测 CSV 文件，等待 30 秒后重试...
2025-01-16 05:49:23,378 - 未找到预测 CSV 文件，等待 30 秒后重试...
2025-01-16 05:49:53,380 - 未找到预测 CSV 文件，等待 30 秒后重试...
2025-01-16 05:50:23,392 - 未找到预测 CSV 文件，等待 30 秒后重试...
2025-01-16 05:50:53,396 - 未找到预测 CSV 文件，等待 30 秒后重试...
2025-01-16 05:51:23,400 - 未找到预测 CSV 文件，等待 30 秒后重试...
2025-01-16 05:51:53,409 - 未找到预测 CSV 文件，等待 30 秒后重试...
2025-01-16 05:52:23,413 - 未找到预测 CSV 文件，等待 30 秒后重试...
2025-01-16 05:52:53,429 - 未找到预测 CSV 文件，等待 30 秒后重试...
2025-01-16 05:53:23,435 - 未找到预测 CSV 文件，等待 30 秒后重试...
2025-01-16 05:53:53,450 - 未找到预测 CSV 文件，等待 30 秒后重试...
2025-01-16 05:54:23,464 - 未找到预测 CSV 文件，等待 30 秒后重试...
2025-01-16 05:54:53,475 - 未找到预测 CSV 文件，等待 30 秒后重试...
2025-01-16 05:55:23,486 - 未找到预测 CSV 文件，等待 30 秒后重试...
2025-01-16 05:55:53,493 - 未找到预测 CSV 文件，等待 30 秒后重试...
2025-01-16 05:56:23,503 - 未找到预测 CSV 文件，等待 30 秒后重试...
2025-01-16 05:56:53,515 - 未找到预测 CSV 文件，等待 30 秒后重试...
2025-01-16 05:57:23,524 - 未找到预测 CSV 文件，等待 30 秒后重试...
2025-01-16 05:57:53,531 - 未找到预测 CSV 文件，等待 30 秒后重试...
2025-01-16 05:58:23,548 - 未找到预测 CSV 文件，等待 30 秒后重试...
2025-01-16 05:58:53,557 - 未找到预测 CSV 文件，等待 30 秒后重试...
2025-01-16 05:59:23,569 - 未找到预测 CSV 文件，等待 30 秒后重试...
2025-01-16 05:59:53,573 - 未找到预测 CSV 文件，等待 30 秒后重试...
2025-01-16 06:00:23,574 - 未找到预测 CSV 文件，等待 30 秒后重试...
2025-01-16 06:00:53,581 - 未找到预测 CSV 文件，等待 30 秒后重试...
2025-01-16 06:01:23,596 - 未找到预测 CSV 文件，等待 30 秒后重试...
2025-01-16 06:01:53,604 - 未找到预测 CSV 文件，等待 30 秒后重试...
2025-01-16 06:02:23,610 - 未找到预测 CSV 文件，等待 30 秒后重试...
2025-01-16 06:02:53,611 - 未找到预测 CSV 文件，等待 30 秒后重试...
2025-01-16 06:03:23,620 - 未找到预测 CSV 文件，等待 30 秒后重试...
2025-01-16 06:03:53,623 - 未找到预测 CSV 文件，等待 30 秒后重试...
2025-01-16 06:04:23,636 - 未找到预测 CSV 文件，等待 30 秒后重试...
2025-01-16 06:04:53,647 - 未找到预测 CSV 文件，等待 30 秒后重试...
2025-01-16 06:05:23,655 - 未找到预测 CSV 文件，等待 30 秒后重试...
2025-01-16 06:05:53,666 - 未找到预测 CSV 文件，等待 30 秒后重试...
2025-01-16 06:06:23,680 - 未找到预测 CSV 文件，等待 30 秒后重试...
2025-01-16 06:06:53,687 - 未找到预测 CSV 文件，等待 30 秒后重试...
2025-01-16 06:07:23,693 - 未找到预测 CSV 文件，等待 30 秒后重试...
2025-01-16 06:07:53,697 - 未找到预测 CSV 文件，等待 30 秒后重试...
2025-01-16 06:08:23,699 - 未找到预测 CSV 文件，等待 30 秒后重试...
2025-01-16 06:08:53,707 - 未找到预测 CSV 文件，等待 30 秒后重试...
2025-01-16 06:09:23,720 - 未找到预测 CSV 文件，等待 30 秒后重试...
2025-01-16 06:09:53,731 - 未找到预测 CSV 文件，等待 30 秒后重试...
2025-01-16 06:10:23,743 - 未找到预测 CSV 文件，等待 30 秒后重试...
2025-01-16 06:10:53,748 - 未找到预测 CSV 文件，等待 30 秒后重试...
2025-01-16 06:11:23,762 - 未找到预测 CSV 文件，等待 30 秒后重试...
2025-01-16 06:11:53,768 - 未找到预测 CSV 文件，等待 30 秒后重试...
2025-01-16 06:12:23,778 - 未找到预测 CSV 文件，等待 30 秒后重试...
2025-01-16 06:12:53,786 - 未找到预测 CSV 文件，等待 30 秒后重试...
2025-01-16 06:13:23,798 - 未找到预测 CSV 文件，等待 30 秒后重试...
2025-01-16 06:13:53,814 - 未找到预测 CSV 文件，等待 30 秒后重试...
2025-01-16 06:14:23,818 - 未找到预测 CSV 文件，等待 30 秒后重试...
2025-01-16 06:14:53,824 - 未找到预测 CSV 文件，等待 30 秒后重试...
2025-01-16 06:15:23,828 - 未找到预测 CSV 文件，等待 30 秒后重试...
2025-01-16 06:15:53,843 - 未找到预测 CSV 文件，等待 30 秒后重试...
2025-01-16 06:16:23,859 - 未找到预测 CSV 文件，等待 30 秒后重试...
2025-01-16 06:16:53,870 - 未找到预测 CSV 文件，等待 30 秒后重试...
2025-01-16 06:17:23,884 - 未找到预测 CSV 文件，等待 30 秒后重试...
2025-01-16 06:17:53,899 - 未找到预测 CSV 文件，等待 30 秒后重试...
2025-01-16 06:18:23,903 - 未找到预测 CSV 文件，等待 30 秒后重试...
2025-01-16 06:18:53,917 - 未找到预测 CSV 文件，等待 30 秒后重试...
2025-01-16 06:19:23,925 - 未找到预测 CSV 文件，等待 30 秒后重试...
2025-01-16 06:19:53,932 - 未找到预测 CSV 文件，等待 30 秒后重试...
2025-01-16 06:20:23,943 - 未找到预测 CSV 文件，等待 30 秒后重试...
2025-01-16 06:20:53,951 - 未找到预测 CSV 文件，等待 30 秒后重试...
2025-01-16 06:21:23,962 - 未找到预测 CSV 文件，等待 30 秒后重试...
2025-01-16 06:21:53,971 - 未找到预测 CSV 文件，等待 30 秒后重试...
2025-01-16 06:22:23,984 - 未找到预测 CSV 文件，等待 30 秒后重试...
2025-01-16 06:22:53,991 - 未找到预测 CSV 文件，等待 30 秒后重试...
2025-01-16 06:23:24,007 - 未找到预测 CSV 文件，等待 30 秒后重试...
2025-01-16 06:23:54,016 - 未找到预测 CSV 文件，等待 30 秒后重试...
2025-01-16 06:24:24,029 - 未找到预测 CSV 文件，等待 30 秒后重试...
2025-01-16 06:24:54,029 - 未找到预测 CSV 文件，等待 30 秒后重试...
2025-01-16 06:25:24,031 - 未找到预测 CSV 文件，等待 30 秒后重试...
2025-01-16 06:25:54,034 - 未找到预测 CSV 文件，等待 30 秒后重试...
2025-01-16 06:26:24,048 - 未找到预测 CSV 文件，等待 30 秒后重试...
2025-01-16 06:26:54,063 - 未找到预测 CSV 文件，等待 30 秒后重试...
2025-01-16 06:27:24,074 - 未找到预测 CSV 文件，等待 30 秒后重试...
2025-01-16 06:27:54,082 - 未找到预测 CSV 文件，等待 30 秒后重试...
2025-01-16 06:28:24,094 - 未找到预测 CSV 文件，等待 30 秒后重试...
2025-01-16 06:28:54,110 - 未找到预测 CSV 文件，等待 30 秒后重试...
2025-01-16 06:29:24,118 - 未找到预测 CSV 文件，等待 30 秒后重试...
2025-01-16 06:29:54,125 - 未找到预测 CSV 文件，等待 30 秒后重试...
2025-01-16 06:30:24,134 - 未找到预测 CSV 文件，等待 30 秒后重试...
2025-01-16 06:30:54,141 - 未找到预测 CSV 文件，等待 30 秒后重试...
2025-01-16 06:31:24,150 - 未找到预测 CSV 文件，等待 30 秒后重试...
2025-01-16 06:31:54,153 - 未找到预测 CSV 文件，等待 30 秒后重试...
2025-01-16 06:32:24,169 - 未找到预测 CSV 文件，等待 30 秒后重试...
2025-01-16 06:32:54,173 - 未找到预测 CSV 文件，等待 30 秒后重试...
2025-01-16 06:33:24,179 - 未找到预测 CSV 文件，等待 30 秒后重试...
2025-01-16 06:33:54,192 - 未找到预测 CSV 文件，等待 30 秒后重试...
2025-01-16 06:34:24,203 - 未找到预测 CSV 文件，等待 30 秒后重试...
2025-01-16 06:34:54,209 - 未找到预测 CSV 文件，等待 30 秒后重试...
2025-01-16 06:35:24,223 - 未找到预测 CSV 文件，等待 30 秒后重试...
2025-01-16 06:35:54,233 - 未找到预测 CSV 文件，等待 30 秒后重试...
2025-01-16 06:36:24,239 - 未找到预测 CSV 文件，等待 30 秒后重试...
2025-01-16 06:36:54,245 - 未找到预测 CSV 文件，等待 30 秒后重试...
2025-01-16 06:37:24,251 - 未找到预测 CSV 文件，等待 30 秒后重试...
2025-01-16 06:37:54,265 - 未找到预测 CSV 文件，等待 30 秒后重试...
2025-01-16 06:38:24,267 - 未找到预测 CSV 文件，等待 30 秒后重试...
2025-01-16 06:38:54,274 - 未找到预测 CSV 文件，等待 30 秒后重试...
2025-01-16 06:39:24,287 - 未找到预测 CSV 文件，等待 30 秒后重试...
2025-01-16 06:39:54,301 - 未找到预测 CSV 文件，等待 30 秒后重试...
2025-01-16 06:40:24,317 - 未找到预测 CSV 文件，等待 30 秒后重试...
2025-01-16 06:40:54,326 - 未找到预测 CSV 文件，等待 30 秒后重试...
2025-01-16 06:41:24,329 - 未找到预测 CSV 文件，等待 30 秒后重试...
2025-01-16 06:41:54,334 - 未找到预测 CSV 文件，等待 30 秒后重试...
2025-01-16 06:42:24,350 - 未找到预测 CSV 文件，等待 30 秒后重试...
2025-01-16 06:42:54,367 - 未找到预测 CSV 文件，等待 30 秒后重试...
2025-01-16 06:43:24,369 - 未找到预测 CSV 文件，等待 30 秒后重试...
2025-01-16 06:43:54,385 - 未找到预测 CSV 文件，等待 30 秒后重试...
2025-01-16 06:44:24,390 - 未找到预测 CSV 文件，等待 30 秒后重试...
2025-01-16 06:44:54,393 - 未找到预测 CSV 文件，等待 30 秒后重试...
2025-01-16 06:45:24,400 - 未找到预测 CSV 文件，等待 30 秒后重试...
2025-01-16 06:45:54,405 - 未找到预测 CSV 文件，等待 30 秒后重试...
2025-01-16 06:46:24,411 - 未找到预测 CSV 文件，等待 30 秒后重试...
2025-01-16 06:46:54,416 - 未找到预测 CSV 文件，等待 30 秒后重试...
2025-01-16 06:47:24,424 - 未找到预测 CSV 文件，等待 30 秒后重试...
2025-01-16 06:47:54,439 - 未找到预测 CSV 文件，等待 30 秒后重试...
2025-01-16 06:48:24,451 - 未找到预测 CSV 文件，等待 30 秒后重试...
2025-01-16 06:48:54,456 - 未找到预测 CSV 文件，等待 30 秒后重试...
2025-01-16 06:49:24,468 - 未找到预测 CSV 文件，等待 30 秒后重试...
2025-01-16 06:49:54,480 - 未找到预测 CSV 文件，等待 30 秒后重试...
2025-01-16 06:50:24,495 - 未找到预测 CSV 文件，等待 30 秒后重试...
2025-01-16 06:50:54,497 - 未找到预测 CSV 文件，等待 30 秒后重试...
2025-01-16 06:51:24,507 - 未找到预测 CSV 文件，等待 30 秒后重试...
2025-01-16 06:51:54,511 - 未找到预测 CSV 文件，等待 30 秒后重试...
2025-01-16 06:52:24,524 - 未找到预测 CSV 文件，等待 30 秒后重试...
2025-01-16 06:52:54,526 - 未找到预测 CSV 文件，等待 30 秒后重试...
2025-01-16 06:53:24,538 - 未找到预测 CSV 文件，等待 30 秒后重试...
2025-01-16 06:53:54,545 - 未找到预测 CSV 文件，等待 30 秒后重试...
2025-01-16 06:54:24,552 - 未找到预测 CSV 文件，等待 30 秒后重试...
2025-01-16 06:54:54,554 - 未找到预测 CSV 文件，等待 30 秒后重试...
2025-01-16 06:55:24,569 - 未找到预测 CSV 文件，等待 30 秒后重试...
2025-01-16 06:55:54,571 - 未找到预测 CSV 文件，等待 30 秒后重试...
2025-01-16 06:56:24,574 - 未找到预测 CSV 文件，等待 30 秒后重试...
2025-01-16 06:56:54,579 - 未找到预测 CSV 文件，等待 30 秒后重试...
2025-01-16 06:57:24,585 - 未找到预测 CSV 文件，等待 30 秒后重试...
2025-01-16 06:57:54,588 - 未找到预测 CSV 文件，等待 30 秒后重试...
2025-01-16 06:58:24,595 - 未找到预测 CSV 文件，等待 30 秒后重试...
2025-01-16 06:58:54,596 - 未找到预测 CSV 文件，等待 30 秒后重试...
2025-01-16 06:59:24,603 - 未找到预测 CSV 文件，等待 30 秒后重试...
2025-01-16 06:59:54,609 - 未找到预测 CSV 文件，等待 30 秒后重试...
2025-01-16 07:00:24,620 - 未找到预测 CSV 文件，等待 30 秒后重试...
2025-01-16 07:00:54,627 - 未找到预测 CSV 文件，等待 30 秒后重试...
2025-01-16 07:01:24,637 - 未找到预测 CSV 文件，等待 30 秒后重试...
2025-01-16 07:01:54,646 - 未找到预测 CSV 文件，等待 30 秒后重试...
2025-01-16 07:02:24,653 - 未找到预测 CSV 文件，等待 30 秒后重试...
2025-01-16 07:02:54,662 - 未找到预测 CSV 文件，等待 30 秒后重试...
2025-01-16 07:03:24,666 - 未找到预测 CSV 文件，等待 30 秒后重试...
2025-01-16 07:03:54,667 - 未找到预测 CSV 文件，等待 30 秒后重试...
2025-01-16 07:04:24,679 - 未找到预测 CSV 文件，等待 30 秒后重试...
2025-01-16 07:04:54,689 - 未找到预测 CSV 文件，等待 30 秒后重试...
2025-01-16 07:05:24,704 - 未找到预测 CSV 文件，等待 30 秒后重试...
2025-01-16 07:05:54,707 - 未找到预测 CSV 文件，等待 30 秒后重试...
2025-01-16 07:06:24,713 - 未找到预测 CSV 文件，等待 30 秒后重试...
2025-01-16 07:06:54,718 - 未找到预测 CSV 文件，等待 30 秒后重试...
2025-01-16 07:07:24,725 - 未找到预测 CSV 文件，等待 30 秒后重试...
2025-01-16 07:07:54,741 - 未找到预测 CSV 文件，等待 30 秒后重试...
2025-01-16 07:08:24,744 - 未找到预测 CSV 文件，等待 30 秒后重试...
2025-01-16 07:08:54,751 - 未找到预测 CSV 文件，等待 30 秒后重试...
2025-01-16 07:09:24,756 - 未找到预测 CSV 文件，等待 30 秒后重试...
2025-01-16 07:09:54,760 - 未找到预测 CSV 文件，等待 30 秒后重试...
2025-01-16 07:10:24,777 - 未找到预测 CSV 文件，等待 30 秒后重试...
2025-01-16 07:10:54,785 - 未找到预测 CSV 文件，等待 30 秒后重试...
2025-01-16 07:11:24,790 - 未找到预测 CSV 文件，等待 30 秒后重试...
2025-01-16 07:11:54,803 - 未找到预测 CSV 文件，等待 30 秒后重试...
2025-01-16 07:12:24,821 - 未找到预测 CSV 文件，等待 30 秒后重试...
2025-01-16 07:12:54,826 - 未找到预测 CSV 文件，等待 30 秒后重试...
2025-01-16 07:13:24,833 - 未找到预测 CSV 文件，等待 30 秒后重试...
2025-01-16 07:13:54,843 - 未找到预测 CSV 文件，等待 30 秒后重试...
2025-01-16 07:14:24,847 - 未找到预测 CSV 文件，等待 30 秒后重试...
2025-01-16 07:14:54,854 - 未找到预测 CSV 文件，等待 30 秒后重试...
2025-01-16 07:15:24,864 - 未找到预测 CSV 文件，等待 30 秒后重试...
2025-01-16 07:15:54,873 - 未找到预测 CSV 文件，等待 30 秒后重试...
2025-01-16 07:16:24,883 - 未找到预测 CSV 文件，等待 30 秒后重试...
2025-01-16 07:16:54,894 - 未找到预测 CSV 文件，等待 30 秒后重试...
2025-01-16 07:17:24,896 - 未找到预测 CSV 文件，等待 30 秒后重试...
2025-01-16 07:17:54,898 - 未找到预测 CSV 文件，等待 30 秒后重试...
2025-01-16 07:18:24,911 - 未找到预测 CSV 文件，等待 30 秒后重试...
2025-01-16 07:18:54,923 - 未找到预测 CSV 文件，等待 30 秒后重试...
2025-01-16 07:19:24,928 - 未找到预测 CSV 文件，等待 30 秒后重试...
2025-01-16 07:19:54,935 - 未找到预测 CSV 文件，等待 30 秒后重试...
2025-01-16 07:20:24,949 - 未找到预测 CSV 文件，等待 30 秒后重试...
2025-01-16 07:20:54,957 - 未找到预测 CSV 文件，等待 30 秒后重试...
2025-01-16 07:21:24,969 - 未找到预测 CSV 文件，等待 30 秒后重试...
2025-01-16 07:21:54,979 - 未找到预测 CSV 文件，等待 30 秒后重试...
2025-01-16 07:22:24,986 - 未找到预测 CSV 文件，等待 30 秒后重试...
2025-01-16 07:22:54,991 - 未找到预测 CSV 文件，等待 30 秒后重试...
2025-01-16 07:23:25,001 - 未找到预测 CSV 文件，等待 30 秒后重试...
2025-01-16 07:23:55,013 - 未找到预测 CSV 文件，等待 30 秒后重试...
2025-01-16 07:24:25,018 - 未找到预测 CSV 文件，等待 30 秒后重试...
2025-01-16 07:24:55,029 - 未找到预测 CSV 文件，等待 30 秒后重试...
2025-01-16 07:25:25,039 - 未找到预测 CSV 文件，等待 30 秒后重试...
2025-01-16 07:25:55,053 - 未找到预测 CSV 文件，等待 30 秒后重试...
2025-01-16 07:26:25,059 - 未找到预测 CSV 文件，等待 30 秒后重试...
2025-01-16 07:26:55,067 - 未找到预测 CSV 文件，等待 30 秒后重试...
2025-01-16 07:27:25,072 - 未找到预测 CSV 文件，等待 30 秒后重试...
2025-01-16 07:27:55,086 - 未找到预测 CSV 文件，等待 30 秒后重试...
2025-01-16 07:28:25,094 - 未找到预测 CSV 文件，等待 30 秒后重试...
2025-01-16 07:28:55,105 - 未找到预测 CSV 文件，等待 30 秒后重试...
2025-01-16 07:29:25,113 - 未找到预测 CSV 文件，等待 30 秒后重试...
2025-01-16 07:29:55,130 - 未找到预测 CSV 文件，等待 30 秒后重试...
2025-01-16 07:30:25,137 - 未找到预测 CSV 文件，等待 30 秒后重试...
2025-01-16 07:30:55,140 - 未找到预测 CSV 文件，等待 30 秒后重试...
2025-01-16 07:31:25,142 - 未找到预测 CSV 文件，等待 30 秒后重试...
2025-01-16 07:31:55,144 - 未找到预测 CSV 文件，等待 30 秒后重试...
2025-01-16 07:32:25,150 - 未找到预测 CSV 文件，等待 30 秒后重试...
2025-01-16 07:32:55,163 - 未找到预测 CSV 文件，等待 30 秒后重试...
2025-01-16 07:33:25,174 - 未找到预测 CSV 文件，等待 30 秒后重试...
2025-01-16 07:33:55,184 - 未找到预测 CSV 文件，等待 30 秒后重试...
2025-01-16 07:34:25,190 - 未找到预测 CSV 文件，等待 30 秒后重试...
2025-01-16 07:34:55,196 - 未找到预测 CSV 文件，等待 30 秒后重试...
2025-01-16 07:35:25,206 - 未找到预测 CSV 文件，等待 30 秒后重试...
2025-01-16 07:35:55,216 - 未找到预测 CSV 文件，等待 30 秒后重试...
2025-01-16 07:36:25,224 - 未找到预测 CSV 文件，等待 30 秒后重试...
2025-01-16 07:36:55,240 - 未找到预测 CSV 文件，等待 30 秒后重试...
2025-01-16 07:37:25,250 - 未找到预测 CSV 文件，等待 30 秒后重试...
2025-01-16 07:37:55,262 - 未找到预测 CSV 文件，等待 30 秒后重试...
2025-01-16 07:38:25,269 - 未找到预测 CSV 文件，等待 30 秒后重试...
2025-01-16 07:38:55,275 - 未找到预测 CSV 文件，等待 30 秒后重试...
2025-01-16 07:39:25,288 - 未找到预测 CSV 文件，等待 30 秒后重试...
2025-01-16 07:39:55,295 - 未找到预测 CSV 文件，等待 30 秒后重试...
2025-01-16 07:40:25,301 - 未找到预测 CSV 文件，等待 30 秒后重试...
2025-01-16 07:40:55,316 - 未找到预测 CSV 文件，等待 30 秒后重试...
2025-01-16 07:41:25,322 - 未找到预测 CSV 文件，等待 30 秒后重试...
2025-01-16 07:41:55,331 - 未找到预测 CSV 文件，等待 30 秒后重试...
2025-01-16 07:42:25,342 - 未找到预测 CSV 文件，等待 30 秒后重试...
2025-01-16 07:42:55,355 - 未找到预测 CSV 文件，等待 30 秒后重试...
2025-01-16 07:43:25,362 - 未找到预测 CSV 文件，等待 30 秒后重试...
2025-01-16 07:43:55,368 - 未找到预测 CSV 文件，等待 30 秒后重试...
2025-01-16 07:44:25,376 - 未找到预测 CSV 文件，等待 30 秒后重试...
2025-01-16 07:44:55,386 - 未找到预测 CSV 文件，等待 30 秒后重试...
2025-01-16 07:45:25,388 - 未找到预测 CSV 文件，等待 30 秒后重试...
2025-01-16 07:45:55,395 - 未找到预测 CSV 文件，等待 30 秒后重试...
2025-01-16 07:46:25,409 - 未找到预测 CSV 文件，等待 30 秒后重试...
2025-01-16 07:46:55,419 - 未找到预测 CSV 文件，等待 30 秒后重试...
2025-01-16 07:47:25,424 - 未找到预测 CSV 文件，等待 30 秒后重试...
2025-01-16 07:47:55,434 - 未找到预测 CSV 文件，等待 30 秒后重试...
2025-01-16 07:48:25,447 - 未找到预测 CSV 文件，等待 30 秒后重试...
2025-01-16 07:48:55,454 - 未找到预测 CSV 文件，等待 30 秒后重试...
2025-01-16 07:49:25,468 - 未找到预测 CSV 文件，等待 30 秒后重试...
2025-01-16 07:49:55,477 - 未找到预测 CSV 文件，等待 30 秒后重试...
2025-01-16 07:50:25,479 - 未找到预测 CSV 文件，等待 30 秒后重试...
2025-01-16 07:50:55,489 - 未找到预测 CSV 文件，等待 30 秒后重试...
2025-01-16 07:51:25,495 - 未找到预测 CSV 文件，等待 30 秒后重试...
2025-01-16 07:51:55,507 - 未找到预测 CSV 文件，等待 30 秒后重试...
2025-01-16 07:52:25,523 - 未找到预测 CSV 文件，等待 30 秒后重试...
2025-01-16 07:52:55,528 - 未找到预测 CSV 文件，等待 30 秒后重试...
2025-01-16 07:53:25,541 - 未找到预测 CSV 文件，等待 30 秒后重试...
2025-01-16 07:53:55,556 - 未找到预测 CSV 文件，等待 30 秒后重试...
2025-01-16 07:54:25,571 - 未找到预测 CSV 文件，等待 30 秒后重试...
2025-01-16 07:54:55,575 - 未找到预测 CSV 文件，等待 30 秒后重试...
2025-01-16 07:55:25,586 - 未找到预测 CSV 文件，等待 30 秒后重试...
2025-01-16 07:55:55,592 - 未找到预测 CSV 文件，等待 30 秒后重试...
2025-01-16 07:56:25,599 - 未找到预测 CSV 文件，等待 30 秒后重试...
2025-01-16 07:56:55,610 - 未找到预测 CSV 文件，等待 30 秒后重试...
2025-01-16 07:57:25,623 - 未找到预测 CSV 文件，等待 30 秒后重试...
2025-01-16 07:57:55,627 - 未找到预测 CSV 文件，等待 30 秒后重试...
2025-01-16 07:58:25,635 - 未找到预测 CSV 文件，等待 30 秒后重试...
2025-01-16 07:58:55,640 - 未找到预测 CSV 文件，等待 30 秒后重试...
2025-01-16 07:59:25,653 - 未找到预测 CSV 文件，等待 30 秒后重试...
2025-01-16 07:59:55,654 - 未找到预测 CSV 文件，等待 30 秒后重试...
2025-01-16 08:00:25,670 - 未找到预测 CSV 文件，等待 30 秒后重试...
2025-01-16 08:00:55,683 - 未找到预测 CSV 文件，等待 30 秒后重试...
2025-01-16 08:01:25,700 - 未找到预测 CSV 文件，等待 30 秒后重试...
2025-01-16 08:01:55,703 - 未找到预测 CSV 文件，等待 30 秒后重试...
2025-01-16 08:02:25,713 - 未找到预测 CSV 文件，等待 30 秒后重试...
2025-01-16 08:02:55,727 - 未找到预测 CSV 文件，等待 30 秒后重试...
2025-01-16 08:03:25,742 - 未找到预测 CSV 文件，等待 30 秒后重试...
2025-01-16 08:03:55,747 - 未找到预测 CSV 文件，等待 30 秒后重试...
2025-01-16 08:04:25,751 - 未找到预测 CSV 文件，等待 30 秒后重试...
2025-01-16 08:04:55,755 - 未找到预测 CSV 文件，等待 30 秒后重试...
2025-01-16 08:05:25,762 - 未找到预测 CSV 文件，等待 30 秒后重试...
2025-01-16 08:05:55,766 - 未找到预测 CSV 文件，等待 30 秒后重试...
2025-01-16 08:06:25,778 - 未找到预测 CSV 文件，等待 30 秒后重试...
2025-01-16 08:06:55,786 - 未找到预测 CSV 文件，等待 30 秒后重试...
2025-01-16 08:07:25,795 - 未找到预测 CSV 文件，等待 30 秒后重试...
2025-01-16 08:07:55,802 - 未找到预测 CSV 文件，等待 30 秒后重试...
2025-01-16 08:08:25,811 - 未找到预测 CSV 文件，等待 30 秒后重试...
2025-01-16 08:08:55,823 - 未找到预测 CSV 文件，等待 30 秒后重试...
2025-01-16 08:09:25,829 - 未找到预测 CSV 文件，等待 30 秒后重试...
2025-01-16 08:09:55,837 - 未找到预测 CSV 文件，等待 30 秒后重试...
2025-01-16 08:10:25,839 - 未找到预测 CSV 文件，等待 30 秒后重试...
2025-01-16 08:10:55,845 - 未找到预测 CSV 文件，等待 30 秒后重试...
2025-01-16 08:11:25,849 - 未找到预测 CSV 文件，等待 30 秒后重试...
2025-01-16 08:11:55,854 - 未找到预测 CSV 文件，等待 30 秒后重试...
2025-01-16 08:12:25,863 - 未找到预测 CSV 文件，等待 30 秒后重试...
2025-01-16 08:12:55,873 - 未找到预测 CSV 文件，等待 30 秒后重试...
2025-01-16 08:13:25,889 - 未找到预测 CSV 文件，等待 30 秒后重试...
2025-01-16 08:13:55,898 - 未找到预测 CSV 文件，等待 30 秒后重试...
2025-01-16 08:14:25,901 - 未找到预测 CSV 文件，等待 30 秒后重试...
2025-01-16 08:14:55,914 - 未找到预测 CSV 文件，等待 30 秒后重试...
2025-01-16 08:15:25,917 - 未找到预测 CSV 文件，等待 30 秒后重试...
2025-01-16 08:15:55,931 - 未找到预测 CSV 文件，等待 30 秒后重试...
2025-01-16 08:16:25,943 - 未找到预测 CSV 文件，等待 30 秒后重试...
2025-01-16 08:16:55,959 - 未找到预测 CSV 文件，等待 30 秒后重试...
2025-01-16 08:17:25,967 - 未找到预测 CSV 文件，等待 30 秒后重试...
2025-01-16 08:17:55,970 - 未找到预测 CSV 文件，等待 30 秒后重试...
2025-01-16 08:18:25,983 - 未找到预测 CSV 文件，等待 30 秒后重试...
2025-01-16 08:18:55,987 - 未找到预测 CSV 文件，等待 30 秒后重试...
2025-01-16 08:19:25,995 - 未找到预测 CSV 文件，等待 30 秒后重试...
2025-01-16 08:19:55,998 - 未找到预测 CSV 文件，等待 30 秒后重试...
2025-01-16 08:20:26,004 - 未找到预测 CSV 文件，等待 30 秒后重试...
2025-01-16 08:20:56,010 - 未找到预测 CSV 文件，等待 30 秒后重试...
2025-01-16 08:21:26,012 - 未找到预测 CSV 文件，等待 30 秒后重试...
2025-01-16 08:21:56,029 - 未找到预测 CSV 文件，等待 30 秒后重试...
2025-01-16 08:22:26,030 - 未找到预测 CSV 文件，等待 30 秒后重试...
2025-01-16 08:22:56,041 - 未找到预测 CSV 文件，等待 30 秒后重试...
2025-01-16 08:23:26,048 - 未找到预测 CSV 文件，等待 30 秒后重试...
2025-01-16 08:23:56,064 - 未找到预测 CSV 文件，等待 30 秒后重试...
2025-01-16 08:24:26,079 - 未找到预测 CSV 文件，等待 30 秒后重试...
2025-01-16 08:24:56,080 - 未找到预测 CSV 文件，等待 30 秒后重试...
2025-01-16 08:25:26,087 - 未找到预测 CSV 文件，等待 30 秒后重试...
2025-01-16 08:25:56,089 - 未找到预测 CSV 文件，等待 30 秒后重试...
2025-01-16 08:26:26,097 - 未找到预测 CSV 文件，等待 30 秒后重试...
2025-01-16 08:26:56,108 - 未找到预测 CSV 文件，等待 30 秒后重试...
2025-01-16 08:27:26,125 - 未找到预测 CSV 文件，等待 30 秒后重试...
2025-01-16 08:27:56,129 - 未找到预测 CSV 文件，等待 30 秒后重试...
2025-01-16 08:28:26,146 - 未找到预测 CSV 文件，等待 30 秒后重试...
2025-01-16 08:28:56,161 - 未找到预测 CSV 文件，等待 30 秒后重试...
2025-01-16 08:29:26,168 - 未找到预测 CSV 文件，等待 30 秒后重试...
2025-01-16 08:29:56,175 - 未找到预测 CSV 文件，等待 30 秒后重试...
2025-01-16 08:30:26,179 - 发现新的预测文件：D:\my-vue-project\wind-power-forecast\backend\auto_scripts\precsv\middlecsv\20250116.csv，执行预测...
2025-01-16 08:30:26,272 - 今天的训练和预测任务已完成。
2025-01-16 13:34:36,420 - 今天的日期是: 20250116
2025-01-16 13:34:36,421 - 开始监视 D:\my-vue-project\wind-power-forecast\backend\auto_scripts\dataset\dataset_middle 文件夹以进行训练...
2025-01-16 13:34:36,421 - 开始监视 D:\my-vue-project\wind-power-forecast\backend\auto_scripts\precsv\middlecsv 文件夹以进行预测...
2025-01-16 13:34:36,421 - 今天的训练已经执行过，跳过...
2025-01-16 13:34:36,421 - 今天的预测已经执行过，跳过...
2025-01-16 13:34:36,421 - 今天的训练和预测任务已完成。
2025-01-16 20:29:06,603 - 今天的日期是: 20250116
2025-01-16 20:29:06,606 - 开始监视 D:\my-vue-project\wind-power-forecast\backend\auto_scripts\dataset\dataset_middle 文件夹以进行训练...
2025-01-16 20:29:06,606 - 今天的训练已经执行过，跳过...
2025-01-16 20:29:06,606 - 开始监视 D:\my-vue-project\wind-power-forecast\backend\auto_scripts\precsv\middlecsv 文件夹以进行预测...
2025-01-16 20:29:06,606 - 今天的预测已经执行过，跳过...
2025-01-16 20:29:06,606 - 今天的训练和预测任务已完成。
2025-01-16 21:28:13,569 - 今天的日期是: 20250116
2025-01-16 21:28:13,571 - 开始监视 D:\my-vue-project\wind-power-forecast\backend\auto_scripts\dataset\dataset_middle 文件夹以进行训练...
2025-01-16 21:28:13,571 - 今天的训练已经执行过，跳过...
2025-01-16 21:28:13,571 - 开始监视 D:\my-vue-project\wind-power-forecast\backend\auto_scripts\precsv\middlecsv 文件夹以进行预测...
2025-01-16 21:28:13,572 - 今天的预测已经执行过，跳过...
2025-01-16 21:28:13,572 - 今天的训练和预测任务已完成。
2025-01-16 21:29:33,260 - 今天的日期是: 20250116
2025-01-16 21:29:33,263 - 开始监视 D:\my-vue-project\wind-power-forecast\backend\auto_scripts\dataset\dataset_middle 文件夹以进行训练...
2025-01-16 21:29:33,264 - 今天的训练已经执行过，跳过...
2025-01-16 21:29:33,264 - 开始监视 D:\my-vue-project\wind-power-forecast\backend\auto_scripts\precsv\middlecsv 文件夹以进行预测...
2025-01-16 21:29:33,264 - 今天的预测已经执行过，跳过...
2025-01-16 21:29:33,264 - 今天的训练和预测任务已完成。
