2025-01-14 01:00:16,408 - 今天的日期是: 20250114
2025-01-14 01:00:16,409 - 开始监视 D:\my-vue-project\wind-power-forecast\backend\auto_scripts\dataset\dataset_middle 文件夹以进行训练...
2025-01-14 01:00:16,409 - 开始监视 D:\my-vue-project\wind-power-forecast\backend\auto_scripts\precsv\middlecsv 文件夹以进行预测...
2025-01-14 01:00:16,409 - 未有可用模型，等待模型训练完成...
2025-01-14 01:00:16,409 - 发现新的训练文件：D:\my-vue-project\wind-power-forecast\backend\auto_scripts\dataset\dataset_middle\20250114.csv，执行训练...
2025-01-14 01:00:16,409 - 输出结果将保存到: D:\my-vue-project\wind-power-forecast\backend\auto_scripts\train_predictions\middle_predictions
2025-01-14 01:00:17,612 - 数据加载与预处理完成
2025-01-14 01:00:17,926 - 数据标准化完成
2025-01-14 01:00:18,635 - 创建时间窗口完成
2025-01-14 01:00:18,635 - 获取模型参数完成
2025-01-14 01:00:46,413 - 未有可用模型，等待模型训练完成...
2025-01-14 01:01:16,416 - 未有可用模型，等待模型训练完成...
2025-01-14 01:01:46,426 - 未有可用模型，等待模型训练完成...
2025-01-14 01:02:16,428 - 未有可用模型，等待模型训练完成...
2025-01-14 01:02:46,432 - 未有可用模型，等待模型训练完成...
2025-01-14 01:03:16,447 - 未有可用模型，等待模型训练完成...
2025-01-14 01:03:46,454 - 未有可用模型，等待模型训练完成...
2025-01-14 01:04:16,468 - 未有可用模型，等待模型训练完成...
2025-01-14 01:04:46,482 - 未有可用模型，等待模型训练完成...
2025-01-14 01:05:16,487 - 未有可用模型，等待模型训练完成...
2025-01-14 01:05:22,938 - 训练与评估完成
2025-01-14 01:05:22,967 - 保存预测结果完成
2025-01-14 01:05:23,280 - 可视化结果完成
2025-01-14 01:05:23,456 - 模型已成功保存到 D:\my-vue-project\wind-power-forecast\backend\auto_scripts\models\middlemodel\20250114，模型可用。
2025-01-14 01:05:46,496 - 未找到预测 CSV 文件，等待 30 秒后重试...
2025-01-14 01:06:16,510 - 未找到预测 CSV 文件，等待 30 秒后重试...
2025-01-14 01:06:46,526 - 未找到预测 CSV 文件，等待 30 秒后重试...
2025-01-14 01:07:16,532 - 未找到预测 CSV 文件，等待 30 秒后重试...
2025-01-14 01:07:46,538 - 未找到预测 CSV 文件，等待 30 秒后重试...
2025-01-14 01:08:16,547 - 未找到预测 CSV 文件，等待 30 秒后重试...
2025-01-14 01:08:46,556 - 未找到预测 CSV 文件，等待 30 秒后重试...
2025-01-14 01:09:16,569 - 未找到预测 CSV 文件，等待 30 秒后重试...
2025-01-14 01:09:46,580 - 未找到预测 CSV 文件，等待 30 秒后重试...
2025-01-14 01:10:16,592 - 未找到预测 CSV 文件，等待 30 秒后重试...
2025-01-14 01:10:46,593 - 未找到预测 CSV 文件，等待 30 秒后重试...
2025-01-14 01:11:16,608 - 未找到预测 CSV 文件，等待 30 秒后重试...
2025-01-14 01:11:46,612 - 未找到预测 CSV 文件，等待 30 秒后重试...
2025-01-14 01:12:16,625 - 未找到预测 CSV 文件，等待 30 秒后重试...
2025-01-14 01:12:46,638 - 未找到预测 CSV 文件，等待 30 秒后重试...
2025-01-14 01:13:16,651 - 未找到预测 CSV 文件，等待 30 秒后重试...
2025-01-14 01:13:46,655 - 未找到预测 CSV 文件，等待 30 秒后重试...
2025-01-14 01:14:16,671 - 未找到预测 CSV 文件，等待 30 秒后重试...
2025-01-14 01:14:46,684 - 未找到预测 CSV 文件，等待 30 秒后重试...
2025-01-14 01:15:16,688 - 未找到预测 CSV 文件，等待 30 秒后重试...
2025-01-14 01:15:46,703 - 未找到预测 CSV 文件，等待 30 秒后重试...
2025-01-14 01:16:16,713 - 未找到预测 CSV 文件，等待 30 秒后重试...
2025-01-14 01:16:46,715 - 未找到预测 CSV 文件，等待 30 秒后重试...
2025-01-14 01:17:16,729 - 未找到预测 CSV 文件，等待 30 秒后重试...
2025-01-14 01:17:46,732 - 未找到预测 CSV 文件，等待 30 秒后重试...
2025-01-14 01:18:16,734 - 未找到预测 CSV 文件，等待 30 秒后重试...
2025-01-14 01:18:46,740 - 未找到预测 CSV 文件，等待 30 秒后重试...
2025-01-14 01:19:16,751 - 未找到预测 CSV 文件，等待 30 秒后重试...
2025-01-14 01:19:46,767 - 未找到预测 CSV 文件，等待 30 秒后重试...
2025-01-14 01:20:16,769 - 未找到预测 CSV 文件，等待 30 秒后重试...
2025-01-14 01:20:46,774 - 未找到预测 CSV 文件，等待 30 秒后重试...
2025-01-14 01:21:16,783 - 未找到预测 CSV 文件，等待 30 秒后重试...
2025-01-14 01:21:46,798 - 未找到预测 CSV 文件，等待 30 秒后重试...
2025-01-14 01:22:16,803 - 未找到预测 CSV 文件，等待 30 秒后重试...
2025-01-14 01:22:46,805 - 未找到预测 CSV 文件，等待 30 秒后重试...
2025-01-14 01:23:16,813 - 未找到预测 CSV 文件，等待 30 秒后重试...
2025-01-14 01:23:46,820 - 未找到预测 CSV 文件，等待 30 秒后重试...
2025-01-14 01:24:16,834 - 未找到预测 CSV 文件，等待 30 秒后重试...
2025-01-14 01:24:46,843 - 未找到预测 CSV 文件，等待 30 秒后重试...
2025-01-14 01:25:16,853 - 未找到预测 CSV 文件，等待 30 秒后重试...
2025-01-14 01:25:46,864 - 未找到预测 CSV 文件，等待 30 秒后重试...
2025-01-14 01:26:16,878 - 未找到预测 CSV 文件，等待 30 秒后重试...
2025-01-14 01:26:46,889 - 未找到预测 CSV 文件，等待 30 秒后重试...
2025-01-14 01:27:16,895 - 未找到预测 CSV 文件，等待 30 秒后重试...
2025-01-14 01:27:46,898 - 未找到预测 CSV 文件，等待 30 秒后重试...
2025-01-14 01:28:16,911 - 未找到预测 CSV 文件，等待 30 秒后重试...
2025-01-14 01:28:46,927 - 未找到预测 CSV 文件，等待 30 秒后重试...
2025-01-14 01:29:16,931 - 未找到预测 CSV 文件，等待 30 秒后重试...
2025-01-14 01:29:46,932 - 未找到预测 CSV 文件，等待 30 秒后重试...
2025-01-14 01:30:16,939 - 未找到预测 CSV 文件，等待 30 秒后重试...
2025-01-14 01:30:46,942 - 未找到预测 CSV 文件，等待 30 秒后重试...
2025-01-14 01:31:16,944 - 未找到预测 CSV 文件，等待 30 秒后重试...
2025-01-14 01:31:46,957 - 未找到预测 CSV 文件，等待 30 秒后重试...
2025-01-14 01:32:16,964 - 未找到预测 CSV 文件，等待 30 秒后重试...
2025-01-14 01:32:46,973 - 未找到预测 CSV 文件，等待 30 秒后重试...
2025-01-14 01:33:16,984 - 未找到预测 CSV 文件，等待 30 秒后重试...
2025-01-14 01:33:46,988 - 未找到预测 CSV 文件，等待 30 秒后重试...
2025-01-14 01:34:16,997 - 未找到预测 CSV 文件，等待 30 秒后重试...
2025-01-14 01:34:47,007 - 未找到预测 CSV 文件，等待 30 秒后重试...
2025-01-14 01:35:17,014 - 未找到预测 CSV 文件，等待 30 秒后重试...
2025-01-14 01:35:47,030 - 未找到预测 CSV 文件，等待 30 秒后重试...
2025-01-14 01:36:17,032 - 未找到预测 CSV 文件，等待 30 秒后重试...
2025-01-14 01:36:47,034 - 未找到预测 CSV 文件，等待 30 秒后重试...
2025-01-14 01:37:17,050 - 未找到预测 CSV 文件，等待 30 秒后重试...
2025-01-14 01:37:47,059 - 未找到预测 CSV 文件，等待 30 秒后重试...
2025-01-14 01:38:17,065 - 未找到预测 CSV 文件，等待 30 秒后重试...
2025-01-14 01:38:47,076 - 未找到预测 CSV 文件，等待 30 秒后重试...
2025-01-14 01:39:17,089 - 未找到预测 CSV 文件，等待 30 秒后重试...
2025-01-14 01:39:47,096 - 未找到预测 CSV 文件，等待 30 秒后重试...
2025-01-14 01:40:17,111 - 未找到预测 CSV 文件，等待 30 秒后重试...
2025-01-14 01:40:47,122 - 未找到预测 CSV 文件，等待 30 秒后重试...
2025-01-14 01:41:17,131 - 未找到预测 CSV 文件，等待 30 秒后重试...
2025-01-14 01:41:47,136 - 未找到预测 CSV 文件，等待 30 秒后重试...
2025-01-14 01:42:17,151 - 未找到预测 CSV 文件，等待 30 秒后重试...
2025-01-14 01:42:47,167 - 未找到预测 CSV 文件，等待 30 秒后重试...
2025-01-14 01:43:17,170 - 未找到预测 CSV 文件，等待 30 秒后重试...
2025-01-14 01:43:47,185 - 未找到预测 CSV 文件，等待 30 秒后重试...
2025-01-14 01:44:17,195 - 未找到预测 CSV 文件，等待 30 秒后重试...
2025-01-14 01:44:47,196 - 未找到预测 CSV 文件，等待 30 秒后重试...
2025-01-14 01:45:17,205 - 未找到预测 CSV 文件，等待 30 秒后重试...
2025-01-14 01:45:47,209 - 未找到预测 CSV 文件，等待 30 秒后重试...
2025-01-14 01:46:17,212 - 未找到预测 CSV 文件，等待 30 秒后重试...
2025-01-14 01:46:47,228 - 未找到预测 CSV 文件，等待 30 秒后重试...
2025-01-14 01:47:17,233 - 未找到预测 CSV 文件，等待 30 秒后重试...
2025-01-14 01:47:47,251 - 未找到预测 CSV 文件，等待 30 秒后重试...
2025-01-14 01:48:17,256 - 未找到预测 CSV 文件，等待 30 秒后重试...
2025-01-14 01:48:47,261 - 未找到预测 CSV 文件，等待 30 秒后重试...
2025-01-14 01:49:17,270 - 未找到预测 CSV 文件，等待 30 秒后重试...
2025-01-14 01:49:47,284 - 未找到预测 CSV 文件，等待 30 秒后重试...
2025-01-14 01:50:17,293 - 未找到预测 CSV 文件，等待 30 秒后重试...
2025-01-14 01:50:47,308 - 未找到预测 CSV 文件，等待 30 秒后重试...
2025-01-14 01:51:17,312 - 未找到预测 CSV 文件，等待 30 秒后重试...
2025-01-14 01:51:47,320 - 未找到预测 CSV 文件，等待 30 秒后重试...
2025-01-14 01:52:17,333 - 未找到预测 CSV 文件，等待 30 秒后重试...
2025-01-14 01:52:47,348 - 未找到预测 CSV 文件，等待 30 秒后重试...
2025-01-14 01:53:17,359 - 未找到预测 CSV 文件，等待 30 秒后重试...
2025-01-14 01:53:47,361 - 未找到预测 CSV 文件，等待 30 秒后重试...
2025-01-14 01:54:17,365 - 未找到预测 CSV 文件，等待 30 秒后重试...
2025-01-14 01:54:47,381 - 未找到预测 CSV 文件，等待 30 秒后重试...
2025-01-14 01:55:17,384 - 未找到预测 CSV 文件，等待 30 秒后重试...
2025-01-14 01:55:47,392 - 未找到预测 CSV 文件，等待 30 秒后重试...
2025-01-14 01:56:17,402 - 未找到预测 CSV 文件，等待 30 秒后重试...
2025-01-14 01:56:47,412 - 未找到预测 CSV 文件，等待 30 秒后重试...
2025-01-14 01:57:17,417 - 未找到预测 CSV 文件，等待 30 秒后重试...
2025-01-14 01:57:47,421 - 未找到预测 CSV 文件，等待 30 秒后重试...
2025-01-14 01:58:17,423 - 未找到预测 CSV 文件，等待 30 秒后重试...
2025-01-14 01:58:47,430 - 未找到预测 CSV 文件，等待 30 秒后重试...
2025-01-14 01:59:17,437 - 未找到预测 CSV 文件，等待 30 秒后重试...
2025-01-14 01:59:47,440 - 未找到预测 CSV 文件，等待 30 秒后重试...
2025-01-14 02:00:17,444 - 未找到预测 CSV 文件，等待 30 秒后重试...
2025-01-14 02:00:47,447 - 未找到预测 CSV 文件，等待 30 秒后重试...
2025-01-14 02:01:17,451 - 未找到预测 CSV 文件，等待 30 秒后重试...
2025-01-14 02:01:47,464 - 未找到预测 CSV 文件，等待 30 秒后重试...
2025-01-14 02:02:17,467 - 未找到预测 CSV 文件，等待 30 秒后重试...
2025-01-14 02:02:47,481 - 未找到预测 CSV 文件，等待 30 秒后重试...
2025-01-14 02:03:17,485 - 未找到预测 CSV 文件，等待 30 秒后重试...
2025-01-14 02:03:47,485 - 未找到预测 CSV 文件，等待 30 秒后重试...
2025-01-14 02:04:17,489 - 未找到预测 CSV 文件，等待 30 秒后重试...
2025-01-14 02:04:47,492 - 未找到预测 CSV 文件，等待 30 秒后重试...
2025-01-14 02:05:17,494 - 未找到预测 CSV 文件，等待 30 秒后重试...
2025-01-14 02:05:47,496 - 未找到预测 CSV 文件，等待 30 秒后重试...
2025-01-14 02:06:17,507 - 未找到预测 CSV 文件，等待 30 秒后重试...
2025-01-14 02:06:47,515 - 未找到预测 CSV 文件，等待 30 秒后重试...
2025-01-14 02:07:17,522 - 未找到预测 CSV 文件，等待 30 秒后重试...
2025-01-14 02:07:47,535 - 未找到预测 CSV 文件，等待 30 秒后重试...
2025-01-14 02:08:17,545 - 未找到预测 CSV 文件，等待 30 秒后重试...
2025-01-14 02:08:47,552 - 未找到预测 CSV 文件，等待 30 秒后重试...
2025-01-14 02:09:17,560 - 未找到预测 CSV 文件，等待 30 秒后重试...
2025-01-14 02:09:47,563 - 未找到预测 CSV 文件，等待 30 秒后重试...
2025-01-14 02:10:17,578 - 未找到预测 CSV 文件，等待 30 秒后重试...
2025-01-14 02:10:47,593 - 未找到预测 CSV 文件，等待 30 秒后重试...
2025-01-14 02:11:17,606 - 未找到预测 CSV 文件，等待 30 秒后重试...
2025-01-14 02:11:47,620 - 未找到预测 CSV 文件，等待 30 秒后重试...
2025-01-14 02:12:17,635 - 未找到预测 CSV 文件，等待 30 秒后重试...
2025-01-14 02:12:47,640 - 未找到预测 CSV 文件，等待 30 秒后重试...
2025-01-14 02:13:17,648 - 未找到预测 CSV 文件，等待 30 秒后重试...
2025-01-14 02:13:47,652 - 未找到预测 CSV 文件，等待 30 秒后重试...
2025-01-14 02:14:17,666 - 未找到预测 CSV 文件，等待 30 秒后重试...
2025-01-14 02:14:47,670 - 未找到预测 CSV 文件，等待 30 秒后重试...
2025-01-14 02:15:17,677 - 未找到预测 CSV 文件，等待 30 秒后重试...
2025-01-14 02:15:47,689 - 未找到预测 CSV 文件，等待 30 秒后重试...
2025-01-14 02:16:17,703 - 未找到预测 CSV 文件，等待 30 秒后重试...
2025-01-14 02:16:47,706 - 未找到预测 CSV 文件，等待 30 秒后重试...
2025-01-14 02:17:17,716 - 未找到预测 CSV 文件，等待 30 秒后重试...
2025-01-14 02:17:47,719 - 未找到预测 CSV 文件，等待 30 秒后重试...
2025-01-14 02:18:17,723 - 未找到预测 CSV 文件，等待 30 秒后重试...
2025-01-14 02:18:47,737 - 未找到预测 CSV 文件，等待 30 秒后重试...
2025-01-14 02:19:17,743 - 未找到预测 CSV 文件，等待 30 秒后重试...
2025-01-14 02:19:47,761 - 未找到预测 CSV 文件，等待 30 秒后重试...
2025-01-14 02:20:17,772 - 未找到预测 CSV 文件，等待 30 秒后重试...
2025-01-14 02:20:47,787 - 未找到预测 CSV 文件，等待 30 秒后重试...
2025-01-14 02:21:17,789 - 未找到预测 CSV 文件，等待 30 秒后重试...
2025-01-14 02:21:47,797 - 未找到预测 CSV 文件，等待 30 秒后重试...
2025-01-14 02:22:17,814 - 未找到预测 CSV 文件，等待 30 秒后重试...
2025-01-14 02:22:47,827 - 未找到预测 CSV 文件，等待 30 秒后重试...
2025-01-14 02:23:17,830 - 未找到预测 CSV 文件，等待 30 秒后重试...
2025-01-14 02:23:47,838 - 未找到预测 CSV 文件，等待 30 秒后重试...
2025-01-14 02:24:17,848 - 未找到预测 CSV 文件，等待 30 秒后重试...
2025-01-14 02:24:47,864 - 未找到预测 CSV 文件，等待 30 秒后重试...
2025-01-14 02:25:17,877 - 未找到预测 CSV 文件，等待 30 秒后重试...
2025-01-14 02:25:47,893 - 未找到预测 CSV 文件，等待 30 秒后重试...
2025-01-14 02:26:17,908 - 未找到预测 CSV 文件，等待 30 秒后重试...
2025-01-14 02:26:47,918 - 未找到预测 CSV 文件，等待 30 秒后重试...
2025-01-14 02:27:17,923 - 未找到预测 CSV 文件，等待 30 秒后重试...
2025-01-14 02:27:47,930 - 未找到预测 CSV 文件，等待 30 秒后重试...
2025-01-14 02:28:17,943 - 未找到预测 CSV 文件，等待 30 秒后重试...
2025-01-14 02:28:47,953 - 未找到预测 CSV 文件，等待 30 秒后重试...
2025-01-14 02:29:17,966 - 未找到预测 CSV 文件，等待 30 秒后重试...
2025-01-14 02:29:47,980 - 未找到预测 CSV 文件，等待 30 秒后重试...
2025-01-14 02:30:17,997 - 未找到预测 CSV 文件，等待 30 秒后重试...
2025-01-14 02:30:48,011 - 未找到预测 CSV 文件，等待 30 秒后重试...
2025-01-14 02:31:18,014 - 未找到预测 CSV 文件，等待 30 秒后重试...
2025-01-14 02:31:48,024 - 未找到预测 CSV 文件，等待 30 秒后重试...
2025-01-14 02:32:18,035 - 未找到预测 CSV 文件，等待 30 秒后重试...
2025-01-14 02:32:48,043 - 未找到预测 CSV 文件，等待 30 秒后重试...
2025-01-14 02:33:18,053 - 未找到预测 CSV 文件，等待 30 秒后重试...
2025-01-14 02:33:48,063 - 未找到预测 CSV 文件，等待 30 秒后重试...
2025-01-14 02:34:18,078 - 未找到预测 CSV 文件，等待 30 秒后重试...
2025-01-14 02:34:48,086 - 未找到预测 CSV 文件，等待 30 秒后重试...
2025-01-14 02:35:18,088 - 未找到预测 CSV 文件，等待 30 秒后重试...
2025-01-14 02:35:48,092 - 未找到预测 CSV 文件，等待 30 秒后重试...
2025-01-14 02:36:18,100 - 未找到预测 CSV 文件，等待 30 秒后重试...
2025-01-14 02:36:48,104 - 未找到预测 CSV 文件，等待 30 秒后重试...
2025-01-14 02:37:18,114 - 未找到预测 CSV 文件，等待 30 秒后重试...
2025-01-14 02:37:48,125 - 未找到预测 CSV 文件，等待 30 秒后重试...
2025-01-14 02:38:18,126 - 未找到预测 CSV 文件，等待 30 秒后重试...
2025-01-14 02:38:48,135 - 未找到预测 CSV 文件，等待 30 秒后重试...
2025-01-14 02:39:18,140 - 未找到预测 CSV 文件，等待 30 秒后重试...
2025-01-14 02:39:48,149 - 未找到预测 CSV 文件，等待 30 秒后重试...
2025-01-14 02:40:18,152 - 未找到预测 CSV 文件，等待 30 秒后重试...
2025-01-14 02:40:48,160 - 未找到预测 CSV 文件，等待 30 秒后重试...
2025-01-14 02:41:18,166 - 未找到预测 CSV 文件，等待 30 秒后重试...
2025-01-14 02:41:48,179 - 未找到预测 CSV 文件，等待 30 秒后重试...
2025-01-14 02:42:18,184 - 未找到预测 CSV 文件，等待 30 秒后重试...
2025-01-14 02:42:48,197 - 未找到预测 CSV 文件，等待 30 秒后重试...
2025-01-14 02:43:18,213 - 未找到预测 CSV 文件，等待 30 秒后重试...
2025-01-14 02:43:48,217 - 未找到预测 CSV 文件，等待 30 秒后重试...
2025-01-14 02:44:18,231 - 未找到预测 CSV 文件，等待 30 秒后重试...
2025-01-14 02:44:48,245 - 未找到预测 CSV 文件，等待 30 秒后重试...
2025-01-14 02:45:18,248 - 未找到预测 CSV 文件，等待 30 秒后重试...
2025-01-14 02:45:48,259 - 未找到预测 CSV 文件，等待 30 秒后重试...
2025-01-14 02:46:18,262 - 未找到预测 CSV 文件，等待 30 秒后重试...
2025-01-14 02:46:48,266 - 未找到预测 CSV 文件，等待 30 秒后重试...
2025-01-14 02:47:18,278 - 未找到预测 CSV 文件，等待 30 秒后重试...
2025-01-14 02:47:48,281 - 未找到预测 CSV 文件，等待 30 秒后重试...
2025-01-14 02:48:18,293 - 未找到预测 CSV 文件，等待 30 秒后重试...
2025-01-14 02:48:48,304 - 未找到预测 CSV 文件，等待 30 秒后重试...
2025-01-14 02:49:18,320 - 未找到预测 CSV 文件，等待 30 秒后重试...
2025-01-14 02:49:48,325 - 未找到预测 CSV 文件，等待 30 秒后重试...
2025-01-14 02:50:18,331 - 未找到预测 CSV 文件，等待 30 秒后重试...
2025-01-14 02:50:48,340 - 未找到预测 CSV 文件，等待 30 秒后重试...
2025-01-14 02:51:18,353 - 未找到预测 CSV 文件，等待 30 秒后重试...
2025-01-14 02:51:48,361 - 未找到预测 CSV 文件，等待 30 秒后重试...
2025-01-14 02:52:18,371 - 未找到预测 CSV 文件，等待 30 秒后重试...
2025-01-14 02:52:48,383 - 未找到预测 CSV 文件，等待 30 秒后重试...
2025-01-14 02:53:18,395 - 未找到预测 CSV 文件，等待 30 秒后重试...
2025-01-14 02:53:48,408 - 未找到预测 CSV 文件，等待 30 秒后重试...
2025-01-14 02:54:18,417 - 未找到预测 CSV 文件，等待 30 秒后重试...
2025-01-14 02:54:48,430 - 未找到预测 CSV 文件，等待 30 秒后重试...
2025-01-14 02:55:18,440 - 未找到预测 CSV 文件，等待 30 秒后重试...
2025-01-14 02:55:48,447 - 未找到预测 CSV 文件，等待 30 秒后重试...
2025-01-14 02:56:18,463 - 未找到预测 CSV 文件，等待 30 秒后重试...
2025-01-14 02:56:48,466 - 未找到预测 CSV 文件，等待 30 秒后重试...
2025-01-14 02:57:18,468 - 未找到预测 CSV 文件，等待 30 秒后重试...
2025-01-14 02:57:48,476 - 未找到预测 CSV 文件，等待 30 秒后重试...
2025-01-14 02:58:18,491 - 未找到预测 CSV 文件，等待 30 秒后重试...
2025-01-14 02:58:48,504 - 未找到预测 CSV 文件，等待 30 秒后重试...
2025-01-14 02:59:18,505 - 未找到预测 CSV 文件，等待 30 秒后重试...
2025-01-14 02:59:48,517 - 未找到预测 CSV 文件，等待 30 秒后重试...
2025-01-14 03:00:18,530 - 未找到预测 CSV 文件，等待 30 秒后重试...
2025-01-14 03:00:48,543 - 未找到预测 CSV 文件，等待 30 秒后重试...
2025-01-14 03:01:18,550 - 未找到预测 CSV 文件，等待 30 秒后重试...
2025-01-14 03:01:48,554 - 未找到预测 CSV 文件，等待 30 秒后重试...
2025-01-14 03:02:18,563 - 未找到预测 CSV 文件，等待 30 秒后重试...
2025-01-14 03:02:48,578 - 未找到预测 CSV 文件，等待 30 秒后重试...
2025-01-14 03:03:18,585 - 未找到预测 CSV 文件，等待 30 秒后重试...
2025-01-14 03:03:48,595 - 未找到预测 CSV 文件，等待 30 秒后重试...
2025-01-14 03:04:18,605 - 未找到预测 CSV 文件，等待 30 秒后重试...
2025-01-14 03:04:48,615 - 未找到预测 CSV 文件，等待 30 秒后重试...
2025-01-14 03:05:18,625 - 未找到预测 CSV 文件，等待 30 秒后重试...
2025-01-14 03:05:48,627 - 未找到预测 CSV 文件，等待 30 秒后重试...
2025-01-14 03:06:18,632 - 未找到预测 CSV 文件，等待 30 秒后重试...
2025-01-14 03:06:48,642 - 未找到预测 CSV 文件，等待 30 秒后重试...
2025-01-14 03:07:18,651 - 未找到预测 CSV 文件，等待 30 秒后重试...
2025-01-14 03:07:48,664 - 未找到预测 CSV 文件，等待 30 秒后重试...
2025-01-14 03:08:18,669 - 未找到预测 CSV 文件，等待 30 秒后重试...
2025-01-14 03:08:48,674 - 未找到预测 CSV 文件，等待 30 秒后重试...
2025-01-14 03:09:18,686 - 未找到预测 CSV 文件，等待 30 秒后重试...
2025-01-14 03:09:48,696 - 未找到预测 CSV 文件，等待 30 秒后重试...
2025-01-14 03:10:18,709 - 未找到预测 CSV 文件，等待 30 秒后重试...
2025-01-14 03:10:48,720 - 未找到预测 CSV 文件，等待 30 秒后重试...
2025-01-14 03:11:18,730 - 未找到预测 CSV 文件，等待 30 秒后重试...
2025-01-14 03:11:48,741 - 未找到预测 CSV 文件，等待 30 秒后重试...
2025-01-14 03:12:18,748 - 未找到预测 CSV 文件，等待 30 秒后重试...
2025-01-14 03:12:48,764 - 未找到预测 CSV 文件，等待 30 秒后重试...
2025-01-14 03:13:18,773 - 未找到预测 CSV 文件，等待 30 秒后重试...
2025-01-14 03:13:48,786 - 未找到预测 CSV 文件，等待 30 秒后重试...
2025-01-14 03:14:18,797 - 未找到预测 CSV 文件，等待 30 秒后重试...
2025-01-14 03:14:48,806 - 未找到预测 CSV 文件，等待 30 秒后重试...
2025-01-14 03:15:18,819 - 未找到预测 CSV 文件，等待 30 秒后重试...
2025-01-14 03:15:48,825 - 未找到预测 CSV 文件，等待 30 秒后重试...
2025-01-14 03:16:18,830 - 未找到预测 CSV 文件，等待 30 秒后重试...
2025-01-14 03:16:48,844 - 未找到预测 CSV 文件，等待 30 秒后重试...
2025-01-14 03:17:18,845 - 未找到预测 CSV 文件，等待 30 秒后重试...
2025-01-14 03:17:48,853 - 未找到预测 CSV 文件，等待 30 秒后重试...
2025-01-14 03:18:18,862 - 未找到预测 CSV 文件，等待 30 秒后重试...
2025-01-14 03:18:48,878 - 未找到预测 CSV 文件，等待 30 秒后重试...
2025-01-14 03:19:18,880 - 未找到预测 CSV 文件，等待 30 秒后重试...
2025-01-14 03:19:48,882 - 未找到预测 CSV 文件，等待 30 秒后重试...
2025-01-14 03:20:18,891 - 未找到预测 CSV 文件，等待 30 秒后重试...
2025-01-14 03:20:48,900 - 未找到预测 CSV 文件，等待 30 秒后重试...
2025-01-14 03:21:18,913 - 未找到预测 CSV 文件，等待 30 秒后重试...
2025-01-14 03:21:48,924 - 未找到预测 CSV 文件，等待 30 秒后重试...
2025-01-14 03:22:18,935 - 未找到预测 CSV 文件，等待 30 秒后重试...
2025-01-14 03:22:48,936 - 未找到预测 CSV 文件，等待 30 秒后重试...
2025-01-14 03:23:18,941 - 未找到预测 CSV 文件，等待 30 秒后重试...
2025-01-14 03:23:48,954 - 未找到预测 CSV 文件，等待 30 秒后重试...
2025-01-14 03:24:18,961 - 未找到预测 CSV 文件，等待 30 秒后重试...
2025-01-14 03:24:48,976 - 未找到预测 CSV 文件，等待 30 秒后重试...
2025-01-14 03:25:18,986 - 未找到预测 CSV 文件，等待 30 秒后重试...
2025-01-14 03:25:48,995 - 未找到预测 CSV 文件，等待 30 秒后重试...
2025-01-14 03:26:19,004 - 未找到预测 CSV 文件，等待 30 秒后重试...
2025-01-14 03:26:49,019 - 未找到预测 CSV 文件，等待 30 秒后重试...
2025-01-14 03:27:19,031 - 未找到预测 CSV 文件，等待 30 秒后重试...
2025-01-14 03:27:49,043 - 未找到预测 CSV 文件，等待 30 秒后重试...
2025-01-14 03:28:19,054 - 未找到预测 CSV 文件，等待 30 秒后重试...
2025-01-14 03:28:49,056 - 未找到预测 CSV 文件，等待 30 秒后重试...
2025-01-14 03:29:19,068 - 未找到预测 CSV 文件，等待 30 秒后重试...
2025-01-14 03:29:49,079 - 未找到预测 CSV 文件，等待 30 秒后重试...
2025-01-14 03:30:19,092 - 未找到预测 CSV 文件，等待 30 秒后重试...
2025-01-14 03:30:49,097 - 未找到预测 CSV 文件，等待 30 秒后重试...
2025-01-14 03:31:19,109 - 未找到预测 CSV 文件，等待 30 秒后重试...
2025-01-14 03:31:49,117 - 未找到预测 CSV 文件，等待 30 秒后重试...
2025-01-14 03:32:19,122 - 未找到预测 CSV 文件，等待 30 秒后重试...
2025-01-14 03:32:49,128 - 未找到预测 CSV 文件，等待 30 秒后重试...
2025-01-14 03:33:19,130 - 未找到预测 CSV 文件，等待 30 秒后重试...
2025-01-14 03:33:49,147 - 未找到预测 CSV 文件，等待 30 秒后重试...
2025-01-14 03:34:19,156 - 未找到预测 CSV 文件，等待 30 秒后重试...
2025-01-14 03:34:49,163 - 未找到预测 CSV 文件，等待 30 秒后重试...
2025-01-14 03:35:19,169 - 未找到预测 CSV 文件，等待 30 秒后重试...
2025-01-14 03:35:49,177 - 未找到预测 CSV 文件，等待 30 秒后重试...
2025-01-14 03:36:19,192 - 未找到预测 CSV 文件，等待 30 秒后重试...
2025-01-14 03:36:49,200 - 未找到预测 CSV 文件，等待 30 秒后重试...
2025-01-14 03:37:19,203 - 未找到预测 CSV 文件，等待 30 秒后重试...
2025-01-14 03:37:49,209 - 未找到预测 CSV 文件，等待 30 秒后重试...
2025-01-14 03:38:19,217 - 未找到预测 CSV 文件，等待 30 秒后重试...
2025-01-14 03:38:49,228 - 未找到预测 CSV 文件，等待 30 秒后重试...
2025-01-14 03:39:19,237 - 未找到预测 CSV 文件，等待 30 秒后重试...
2025-01-14 03:39:49,246 - 未找到预测 CSV 文件，等待 30 秒后重试...
2025-01-14 03:40:19,256 - 未找到预测 CSV 文件，等待 30 秒后重试...
2025-01-14 03:40:49,268 - 未找到预测 CSV 文件，等待 30 秒后重试...
2025-01-14 03:41:19,280 - 未找到预测 CSV 文件，等待 30 秒后重试...
2025-01-14 03:41:49,291 - 未找到预测 CSV 文件，等待 30 秒后重试...
2025-01-14 03:42:19,303 - 未找到预测 CSV 文件，等待 30 秒后重试...
2025-01-14 03:42:49,307 - 未找到预测 CSV 文件，等待 30 秒后重试...
2025-01-14 03:43:19,319 - 未找到预测 CSV 文件，等待 30 秒后重试...
2025-01-14 03:43:49,334 - 未找到预测 CSV 文件，等待 30 秒后重试...
2025-01-14 03:44:19,343 - 未找到预测 CSV 文件，等待 30 秒后重试...
2025-01-14 03:44:49,344 - 未找到预测 CSV 文件，等待 30 秒后重试...
2025-01-14 03:45:19,353 - 未找到预测 CSV 文件，等待 30 秒后重试...
2025-01-14 03:45:49,358 - 未找到预测 CSV 文件，等待 30 秒后重试...
2025-01-14 03:46:19,368 - 未找到预测 CSV 文件，等待 30 秒后重试...
2025-01-14 03:46:49,384 - 未找到预测 CSV 文件，等待 30 秒后重试...
2025-01-14 03:47:19,391 - 未找到预测 CSV 文件，等待 30 秒后重试...
2025-01-14 03:47:49,406 - 未找到预测 CSV 文件，等待 30 秒后重试...
2025-01-14 03:48:19,419 - 未找到预测 CSV 文件，等待 30 秒后重试...
2025-01-14 03:48:49,420 - 未找到预测 CSV 文件，等待 30 秒后重试...
2025-01-14 03:49:19,431 - 未找到预测 CSV 文件，等待 30 秒后重试...
2025-01-14 03:49:49,434 - 未找到预测 CSV 文件，等待 30 秒后重试...
2025-01-14 03:50:19,447 - 未找到预测 CSV 文件，等待 30 秒后重试...
2025-01-14 03:50:49,453 - 未找到预测 CSV 文件，等待 30 秒后重试...
2025-01-14 03:51:19,458 - 未找到预测 CSV 文件，等待 30 秒后重试...
2025-01-14 03:51:49,468 - 未找到预测 CSV 文件，等待 30 秒后重试...
2025-01-14 03:52:19,475 - 未找到预测 CSV 文件，等待 30 秒后重试...
2025-01-14 03:52:49,475 - 未找到预测 CSV 文件，等待 30 秒后重试...
2025-01-14 03:53:19,485 - 未找到预测 CSV 文件，等待 30 秒后重试...
2025-01-14 03:53:49,486 - 未找到预测 CSV 文件，等待 30 秒后重试...
2025-01-14 03:54:19,502 - 未找到预测 CSV 文件，等待 30 秒后重试...
2025-01-14 03:54:49,505 - 未找到预测 CSV 文件，等待 30 秒后重试...
2025-01-14 03:55:19,515 - 未找到预测 CSV 文件，等待 30 秒后重试...
2025-01-14 03:55:49,522 - 未找到预测 CSV 文件，等待 30 秒后重试...
2025-01-14 03:56:19,530 - 未找到预测 CSV 文件，等待 30 秒后重试...
2025-01-14 03:56:49,540 - 未找到预测 CSV 文件，等待 30 秒后重试...
2025-01-14 03:57:19,549 - 未找到预测 CSV 文件，等待 30 秒后重试...
2025-01-14 03:57:49,562 - 未找到预测 CSV 文件，等待 30 秒后重试...
2025-01-14 03:58:19,577 - 未找到预测 CSV 文件，等待 30 秒后重试...
2025-01-14 03:58:49,588 - 未找到预测 CSV 文件，等待 30 秒后重试...
2025-01-14 03:59:19,604 - 未找到预测 CSV 文件，等待 30 秒后重试...
2025-01-14 03:59:49,618 - 未找到预测 CSV 文件，等待 30 秒后重试...
2025-01-14 04:00:19,624 - 未找到预测 CSV 文件，等待 30 秒后重试...
2025-01-14 04:00:49,633 - 未找到预测 CSV 文件，等待 30 秒后重试...
2025-01-14 04:01:19,648 - 未找到预测 CSV 文件，等待 30 秒后重试...
2025-01-14 04:01:49,654 - 未找到预测 CSV 文件，等待 30 秒后重试...
2025-01-14 04:02:19,670 - 未找到预测 CSV 文件，等待 30 秒后重试...
2025-01-14 04:02:49,685 - 未找到预测 CSV 文件，等待 30 秒后重试...
2025-01-14 04:03:19,687 - 未找到预测 CSV 文件，等待 30 秒后重试...
2025-01-14 04:03:49,692 - 未找到预测 CSV 文件，等待 30 秒后重试...
2025-01-14 04:04:19,704 - 未找到预测 CSV 文件，等待 30 秒后重试...
2025-01-14 04:04:49,708 - 未找到预测 CSV 文件，等待 30 秒后重试...
2025-01-14 04:05:19,720 - 未找到预测 CSV 文件，等待 30 秒后重试...
2025-01-14 04:05:49,735 - 未找到预测 CSV 文件，等待 30 秒后重试...
2025-01-14 04:06:19,751 - 未找到预测 CSV 文件，等待 30 秒后重试...
2025-01-14 04:06:49,764 - 未找到预测 CSV 文件，等待 30 秒后重试...
2025-01-14 04:07:19,780 - 未找到预测 CSV 文件，等待 30 秒后重试...
2025-01-14 04:07:49,785 - 未找到预测 CSV 文件，等待 30 秒后重试...
2025-01-14 04:08:19,796 - 未找到预测 CSV 文件，等待 30 秒后重试...
2025-01-14 04:08:49,806 - 未找到预测 CSV 文件，等待 30 秒后重试...
2025-01-14 04:09:19,811 - 未找到预测 CSV 文件，等待 30 秒后重试...
2025-01-14 04:09:49,817 - 未找到预测 CSV 文件，等待 30 秒后重试...
2025-01-14 04:10:19,819 - 未找到预测 CSV 文件，等待 30 秒后重试...
2025-01-14 04:10:49,823 - 未找到预测 CSV 文件，等待 30 秒后重试...
2025-01-14 04:11:19,838 - 未找到预测 CSV 文件，等待 30 秒后重试...
2025-01-14 04:11:49,840 - 未找到预测 CSV 文件，等待 30 秒后重试...
2025-01-14 04:12:19,854 - 未找到预测 CSV 文件，等待 30 秒后重试...
2025-01-14 04:12:49,863 - 未找到预测 CSV 文件，等待 30 秒后重试...
2025-01-14 04:13:19,871 - 未找到预测 CSV 文件，等待 30 秒后重试...
2025-01-14 04:13:49,884 - 未找到预测 CSV 文件，等待 30 秒后重试...
2025-01-14 04:14:19,898 - 未找到预测 CSV 文件，等待 30 秒后重试...
2025-01-14 04:14:49,911 - 未找到预测 CSV 文件，等待 30 秒后重试...
2025-01-14 04:15:19,914 - 未找到预测 CSV 文件，等待 30 秒后重试...
2025-01-14 04:15:49,925 - 未找到预测 CSV 文件，等待 30 秒后重试...
2025-01-14 04:16:19,935 - 未找到预测 CSV 文件，等待 30 秒后重试...
2025-01-14 04:16:49,945 - 未找到预测 CSV 文件，等待 30 秒后重试...
2025-01-14 04:17:19,955 - 未找到预测 CSV 文件，等待 30 秒后重试...
2025-01-14 04:17:49,960 - 未找到预测 CSV 文件，等待 30 秒后重试...
2025-01-14 04:18:19,971 - 未找到预测 CSV 文件，等待 30 秒后重试...
2025-01-14 04:18:49,982 - 未找到预测 CSV 文件，等待 30 秒后重试...
2025-01-14 04:19:19,996 - 未找到预测 CSV 文件，等待 30 秒后重试...
2025-01-14 04:19:50,008 - 未找到预测 CSV 文件，等待 30 秒后重试...
2025-01-14 04:20:20,011 - 未找到预测 CSV 文件，等待 30 秒后重试...
2025-01-14 04:20:50,026 - 未找到预测 CSV 文件，等待 30 秒后重试...
2025-01-14 04:21:20,039 - 未找到预测 CSV 文件，等待 30 秒后重试...
2025-01-14 04:21:50,054 - 未找到预测 CSV 文件，等待 30 秒后重试...
2025-01-14 04:22:20,059 - 未找到预测 CSV 文件，等待 30 秒后重试...
2025-01-14 04:22:50,064 - 未找到预测 CSV 文件，等待 30 秒后重试...
2025-01-14 04:23:20,080 - 未找到预测 CSV 文件，等待 30 秒后重试...
2025-01-14 04:23:50,091 - 未找到预测 CSV 文件，等待 30 秒后重试...
2025-01-14 04:24:20,092 - 未找到预测 CSV 文件，等待 30 秒后重试...
2025-01-14 04:24:50,107 - 未找到预测 CSV 文件，等待 30 秒后重试...
2025-01-14 04:25:20,123 - 未找到预测 CSV 文件，等待 30 秒后重试...
2025-01-14 04:25:50,132 - 未找到预测 CSV 文件，等待 30 秒后重试...
2025-01-14 04:26:20,147 - 未找到预测 CSV 文件，等待 30 秒后重试...
2025-01-14 04:26:50,157 - 未找到预测 CSV 文件，等待 30 秒后重试...
2025-01-14 04:27:20,167 - 未找到预测 CSV 文件，等待 30 秒后重试...
2025-01-14 04:27:50,180 - 未找到预测 CSV 文件，等待 30 秒后重试...
2025-01-14 04:28:20,183 - 未找到预测 CSV 文件，等待 30 秒后重试...
2025-01-14 04:28:50,189 - 未找到预测 CSV 文件，等待 30 秒后重试...
2025-01-14 04:29:20,190 - 未找到预测 CSV 文件，等待 30 秒后重试...
2025-01-14 04:29:50,204 - 未找到预测 CSV 文件，等待 30 秒后重试...
2025-01-14 04:30:20,212 - 未找到预测 CSV 文件，等待 30 秒后重试...
2025-01-14 04:30:50,225 - 未找到预测 CSV 文件，等待 30 秒后重试...
2025-01-14 04:31:20,230 - 未找到预测 CSV 文件，等待 30 秒后重试...
2025-01-14 04:31:50,245 - 未找到预测 CSV 文件，等待 30 秒后重试...
2025-01-14 04:32:20,260 - 未找到预测 CSV 文件，等待 30 秒后重试...
2025-01-14 04:32:50,269 - 未找到预测 CSV 文件，等待 30 秒后重试...
2025-01-14 04:33:20,277 - 未找到预测 CSV 文件，等待 30 秒后重试...
2025-01-14 04:33:50,292 - 未找到预测 CSV 文件，等待 30 秒后重试...
2025-01-14 04:34:20,297 - 未找到预测 CSV 文件，等待 30 秒后重试...
2025-01-14 04:34:50,306 - 未找到预测 CSV 文件，等待 30 秒后重试...
2025-01-14 04:35:20,323 - 未找到预测 CSV 文件，等待 30 秒后重试...
2025-01-14 04:35:50,328 - 未找到预测 CSV 文件，等待 30 秒后重试...
2025-01-14 04:36:20,332 - 未找到预测 CSV 文件，等待 30 秒后重试...
2025-01-14 04:36:50,343 - 未找到预测 CSV 文件，等待 30 秒后重试...
2025-01-14 04:37:20,353 - 未找到预测 CSV 文件，等待 30 秒后重试...
2025-01-14 04:37:50,363 - 未找到预测 CSV 文件，等待 30 秒后重试...
2025-01-14 04:38:20,378 - 未找到预测 CSV 文件，等待 30 秒后重试...
2025-01-14 04:38:50,395 - 未找到预测 CSV 文件，等待 30 秒后重试...
2025-01-14 04:39:20,409 - 未找到预测 CSV 文件，等待 30 秒后重试...
2025-01-14 04:39:50,417 - 未找到预测 CSV 文件，等待 30 秒后重试...
2025-01-14 04:40:20,422 - 未找到预测 CSV 文件，等待 30 秒后重试...
2025-01-14 04:40:50,428 - 未找到预测 CSV 文件，等待 30 秒后重试...
2025-01-14 04:41:20,433 - 未找到预测 CSV 文件，等待 30 秒后重试...
2025-01-14 04:41:50,436 - 未找到预测 CSV 文件，等待 30 秒后重试...
2025-01-14 04:42:20,440 - 未找到预测 CSV 文件，等待 30 秒后重试...
2025-01-14 04:42:50,451 - 未找到预测 CSV 文件，等待 30 秒后重试...
2025-01-14 04:43:20,460 - 未找到预测 CSV 文件，等待 30 秒后重试...
2025-01-14 04:43:50,462 - 未找到预测 CSV 文件，等待 30 秒后重试...
2025-01-14 04:44:20,474 - 未找到预测 CSV 文件，等待 30 秒后重试...
2025-01-14 04:44:50,479 - 未找到预测 CSV 文件，等待 30 秒后重试...
2025-01-14 04:45:20,491 - 未找到预测 CSV 文件，等待 30 秒后重试...
2025-01-14 04:45:50,501 - 未找到预测 CSV 文件，等待 30 秒后重试...
2025-01-14 04:46:20,511 - 未找到预测 CSV 文件，等待 30 秒后重试...
2025-01-14 04:46:50,526 - 未找到预测 CSV 文件，等待 30 秒后重试...
2025-01-14 04:47:20,527 - 未找到预测 CSV 文件，等待 30 秒后重试...
2025-01-14 04:47:50,533 - 未找到预测 CSV 文件，等待 30 秒后重试...
2025-01-14 04:48:20,534 - 未找到预测 CSV 文件，等待 30 秒后重试...
2025-01-14 04:48:50,544 - 未找到预测 CSV 文件，等待 30 秒后重试...
2025-01-14 04:49:20,554 - 未找到预测 CSV 文件，等待 30 秒后重试...
2025-01-14 04:49:50,570 - 未找到预测 CSV 文件，等待 30 秒后重试...
2025-01-14 04:50:20,573 - 未找到预测 CSV 文件，等待 30 秒后重试...
2025-01-14 04:50:50,580 - 未找到预测 CSV 文件，等待 30 秒后重试...
2025-01-14 04:51:20,589 - 未找到预测 CSV 文件，等待 30 秒后重试...
2025-01-14 04:51:50,601 - 未找到预测 CSV 文件，等待 30 秒后重试...
2025-01-14 04:52:20,607 - 未找到预测 CSV 文件，等待 30 秒后重试...
2025-01-14 04:52:50,612 - 未找到预测 CSV 文件，等待 30 秒后重试...
2025-01-14 04:53:20,618 - 未找到预测 CSV 文件，等待 30 秒后重试...
2025-01-14 04:53:50,621 - 未找到预测 CSV 文件，等待 30 秒后重试...
2025-01-14 04:54:20,632 - 未找到预测 CSV 文件，等待 30 秒后重试...
2025-01-14 04:54:50,641 - 未找到预测 CSV 文件，等待 30 秒后重试...
2025-01-14 04:55:20,657 - 未找到预测 CSV 文件，等待 30 秒后重试...
2025-01-14 04:55:50,670 - 未找到预测 CSV 文件，等待 30 秒后重试...
2025-01-14 04:56:20,674 - 未找到预测 CSV 文件，等待 30 秒后重试...
2025-01-14 04:56:50,685 - 未找到预测 CSV 文件，等待 30 秒后重试...
2025-01-14 04:57:20,692 - 未找到预测 CSV 文件，等待 30 秒后重试...
2025-01-14 04:57:50,706 - 未找到预测 CSV 文件，等待 30 秒后重试...
2025-01-14 04:58:20,721 - 未找到预测 CSV 文件，等待 30 秒后重试...
2025-01-14 04:58:50,730 - 未找到预测 CSV 文件，等待 30 秒后重试...
2025-01-14 04:59:20,734 - 未找到预测 CSV 文件，等待 30 秒后重试...
2025-01-14 04:59:50,750 - 未找到预测 CSV 文件，等待 30 秒后重试...
2025-01-14 05:00:20,754 - 未找到预测 CSV 文件，等待 30 秒后重试...
2025-01-14 05:00:50,766 - 未找到预测 CSV 文件，等待 30 秒后重试...
2025-01-14 05:01:20,776 - 未找到预测 CSV 文件，等待 30 秒后重试...
2025-01-14 05:01:50,782 - 未找到预测 CSV 文件，等待 30 秒后重试...
2025-01-14 05:02:20,791 - 未找到预测 CSV 文件，等待 30 秒后重试...
2025-01-14 05:02:50,794 - 未找到预测 CSV 文件，等待 30 秒后重试...
2025-01-14 05:03:20,799 - 未找到预测 CSV 文件，等待 30 秒后重试...
2025-01-14 05:03:50,808 - 未找到预测 CSV 文件，等待 30 秒后重试...
2025-01-14 05:04:20,818 - 未找到预测 CSV 文件，等待 30 秒后重试...
2025-01-14 05:04:50,827 - 未找到预测 CSV 文件，等待 30 秒后重试...
2025-01-14 05:05:20,842 - 未找到预测 CSV 文件，等待 30 秒后重试...
2025-01-14 05:05:50,847 - 未找到预测 CSV 文件，等待 30 秒后重试...
2025-01-14 05:06:20,849 - 未找到预测 CSV 文件，等待 30 秒后重试...
2025-01-14 05:06:50,857 - 未找到预测 CSV 文件，等待 30 秒后重试...
2025-01-14 05:07:20,862 - 未找到预测 CSV 文件，等待 30 秒后重试...
2025-01-14 05:07:50,869 - 未找到预测 CSV 文件，等待 30 秒后重试...
2025-01-14 05:08:20,880 - 未找到预测 CSV 文件，等待 30 秒后重试...
2025-01-14 05:08:50,891 - 未找到预测 CSV 文件，等待 30 秒后重试...
2025-01-14 05:09:20,900 - 未找到预测 CSV 文件，等待 30 秒后重试...
2025-01-14 05:09:50,913 - 未找到预测 CSV 文件，等待 30 秒后重试...
2025-01-14 05:10:20,930 - 未找到预测 CSV 文件，等待 30 秒后重试...
2025-01-14 05:10:50,944 - 未找到预测 CSV 文件，等待 30 秒后重试...
2025-01-14 05:11:20,949 - 未找到预测 CSV 文件，等待 30 秒后重试...
2025-01-14 05:11:50,951 - 未找到预测 CSV 文件，等待 30 秒后重试...
2025-01-14 05:12:20,968 - 未找到预测 CSV 文件，等待 30 秒后重试...
2025-01-14 05:12:50,976 - 未找到预测 CSV 文件，等待 30 秒后重试...
2025-01-14 05:13:20,988 - 未找到预测 CSV 文件，等待 30 秒后重试...
2025-01-14 05:13:50,997 - 未找到预测 CSV 文件，等待 30 秒后重试...
2025-01-14 05:14:21,000 - 未找到预测 CSV 文件，等待 30 秒后重试...
2025-01-14 05:14:51,014 - 未找到预测 CSV 文件，等待 30 秒后重试...
2025-01-14 05:15:21,029 - 未找到预测 CSV 文件，等待 30 秒后重试...
2025-01-14 05:15:51,037 - 未找到预测 CSV 文件，等待 30 秒后重试...
2025-01-14 05:16:21,049 - 未找到预测 CSV 文件，等待 30 秒后重试...
2025-01-14 05:16:51,052 - 未找到预测 CSV 文件，等待 30 秒后重试...
2025-01-14 05:17:21,054 - 未找到预测 CSV 文件，等待 30 秒后重试...
2025-01-14 05:17:51,055 - 未找到预测 CSV 文件，等待 30 秒后重试...
2025-01-14 05:18:21,057 - 未找到预测 CSV 文件，等待 30 秒后重试...
2025-01-14 05:18:51,061 - 未找到预测 CSV 文件，等待 30 秒后重试...
2025-01-14 05:19:21,068 - 未找到预测 CSV 文件，等待 30 秒后重试...
2025-01-14 05:19:51,078 - 未找到预测 CSV 文件，等待 30 秒后重试...
2025-01-14 05:20:21,090 - 未找到预测 CSV 文件，等待 30 秒后重试...
2025-01-14 05:20:51,098 - 未找到预测 CSV 文件，等待 30 秒后重试...
2025-01-14 05:21:21,104 - 未找到预测 CSV 文件，等待 30 秒后重试...
2025-01-14 05:21:51,117 - 未找到预测 CSV 文件，等待 30 秒后重试...
2025-01-14 05:22:21,120 - 未找到预测 CSV 文件，等待 30 秒后重试...
2025-01-14 05:22:51,131 - 未找到预测 CSV 文件，等待 30 秒后重试...
2025-01-14 05:23:21,132 - 未找到预测 CSV 文件，等待 30 秒后重试...
2025-01-14 05:23:51,146 - 未找到预测 CSV 文件，等待 30 秒后重试...
2025-01-14 05:24:21,157 - 未找到预测 CSV 文件，等待 30 秒后重试...
2025-01-14 05:24:51,163 - 未找到预测 CSV 文件，等待 30 秒后重试...
2025-01-14 05:25:21,174 - 未找到预测 CSV 文件，等待 30 秒后重试...
2025-01-14 05:25:51,182 - 未找到预测 CSV 文件，等待 30 秒后重试...
2025-01-14 05:26:21,195 - 未找到预测 CSV 文件，等待 30 秒后重试...
2025-01-14 05:26:51,206 - 未找到预测 CSV 文件，等待 30 秒后重试...
2025-01-14 05:27:21,223 - 未找到预测 CSV 文件，等待 30 秒后重试...
2025-01-14 05:27:51,233 - 未找到预测 CSV 文件，等待 30 秒后重试...
2025-01-14 05:28:21,238 - 未找到预测 CSV 文件，等待 30 秒后重试...
2025-01-14 05:28:51,252 - 未找到预测 CSV 文件，等待 30 秒后重试...
2025-01-14 05:29:21,263 - 未找到预测 CSV 文件，等待 30 秒后重试...
2025-01-14 05:29:51,275 - 未找到预测 CSV 文件，等待 30 秒后重试...
2025-01-14 05:30:21,292 - 未找到预测 CSV 文件，等待 30 秒后重试...
2025-01-14 05:30:51,300 - 未找到预测 CSV 文件，等待 30 秒后重试...
2025-01-14 05:31:21,309 - 未找到预测 CSV 文件，等待 30 秒后重试...
2025-01-14 05:31:51,313 - 未找到预测 CSV 文件，等待 30 秒后重试...
2025-01-14 05:32:21,325 - 未找到预测 CSV 文件，等待 30 秒后重试...
2025-01-14 05:32:51,339 - 未找到预测 CSV 文件，等待 30 秒后重试...
2025-01-14 05:33:21,340 - 未找到预测 CSV 文件，等待 30 秒后重试...
2025-01-14 05:33:51,355 - 未找到预测 CSV 文件，等待 30 秒后重试...
2025-01-14 05:34:21,367 - 未找到预测 CSV 文件，等待 30 秒后重试...
2025-01-14 05:34:51,378 - 未找到预测 CSV 文件，等待 30 秒后重试...
2025-01-14 05:35:21,389 - 未找到预测 CSV 文件，等待 30 秒后重试...
2025-01-14 05:35:51,398 - 未找到预测 CSV 文件，等待 30 秒后重试...
2025-01-14 05:36:21,409 - 未找到预测 CSV 文件，等待 30 秒后重试...
2025-01-14 05:36:51,414 - 未找到预测 CSV 文件，等待 30 秒后重试...
2025-01-14 05:37:21,416 - 未找到预测 CSV 文件，等待 30 秒后重试...
2025-01-14 05:37:51,421 - 未找到预测 CSV 文件，等待 30 秒后重试...
2025-01-14 05:38:21,435 - 未找到预测 CSV 文件，等待 30 秒后重试...
2025-01-14 05:38:51,439 - 未找到预测 CSV 文件，等待 30 秒后重试...
2025-01-14 05:39:21,454 - 未找到预测 CSV 文件，等待 30 秒后重试...
2025-01-14 05:39:51,466 - 未找到预测 CSV 文件，等待 30 秒后重试...
2025-01-14 05:40:21,478 - 未找到预测 CSV 文件，等待 30 秒后重试...
2025-01-14 05:40:51,493 - 未找到预测 CSV 文件，等待 30 秒后重试...
2025-01-14 05:41:21,501 - 未找到预测 CSV 文件，等待 30 秒后重试...
2025-01-14 05:41:51,508 - 未找到预测 CSV 文件，等待 30 秒后重试...
2025-01-14 05:42:21,514 - 未找到预测 CSV 文件，等待 30 秒后重试...
2025-01-14 05:42:51,525 - 未找到预测 CSV 文件，等待 30 秒后重试...
2025-01-14 05:43:21,528 - 未找到预测 CSV 文件，等待 30 秒后重试...
2025-01-14 05:43:51,542 - 未找到预测 CSV 文件，等待 30 秒后重试...
2025-01-14 05:44:21,556 - 未找到预测 CSV 文件，等待 30 秒后重试...
2025-01-14 05:44:51,569 - 未找到预测 CSV 文件，等待 30 秒后重试...
2025-01-14 05:45:21,575 - 未找到预测 CSV 文件，等待 30 秒后重试...
2025-01-14 05:45:51,591 - 未找到预测 CSV 文件，等待 30 秒后重试...
2025-01-14 05:46:21,604 - 未找到预测 CSV 文件，等待 30 秒后重试...
2025-01-14 05:46:51,612 - 未找到预测 CSV 文件，等待 30 秒后重试...
2025-01-14 05:47:21,618 - 未找到预测 CSV 文件，等待 30 秒后重试...
2025-01-14 05:47:51,628 - 未找到预测 CSV 文件，等待 30 秒后重试...
2025-01-14 05:48:21,635 - 未找到预测 CSV 文件，等待 30 秒后重试...
2025-01-14 05:48:51,650 - 未找到预测 CSV 文件，等待 30 秒后重试...
2025-01-14 05:49:21,658 - 未找到预测 CSV 文件，等待 30 秒后重试...
2025-01-14 05:49:51,669 - 未找到预测 CSV 文件，等待 30 秒后重试...
2025-01-14 05:50:21,677 - 未找到预测 CSV 文件，等待 30 秒后重试...
2025-01-14 05:50:51,682 - 未找到预测 CSV 文件，等待 30 秒后重试...
2025-01-14 05:51:21,697 - 未找到预测 CSV 文件，等待 30 秒后重试...
2025-01-14 05:51:51,701 - 未找到预测 CSV 文件，等待 30 秒后重试...
2025-01-14 05:52:21,703 - 未找到预测 CSV 文件，等待 30 秒后重试...
2025-01-14 05:52:51,713 - 未找到预测 CSV 文件，等待 30 秒后重试...
2025-01-14 05:53:21,723 - 未找到预测 CSV 文件，等待 30 秒后重试...
2025-01-14 05:53:51,724 - 未找到预测 CSV 文件，等待 30 秒后重试...
2025-01-14 05:54:21,731 - 未找到预测 CSV 文件，等待 30 秒后重试...
2025-01-14 05:54:51,746 - 未找到预测 CSV 文件，等待 30 秒后重试...
2025-01-14 05:55:21,753 - 未找到预测 CSV 文件，等待 30 秒后重试...
2025-01-14 05:55:51,761 - 未找到预测 CSV 文件，等待 30 秒后重试...
2025-01-14 05:56:21,766 - 未找到预测 CSV 文件，等待 30 秒后重试...
2025-01-14 05:56:51,782 - 未找到预测 CSV 文件，等待 30 秒后重试...
2025-01-14 05:57:21,786 - 未找到预测 CSV 文件，等待 30 秒后重试...
2025-01-14 05:57:51,793 - 未找到预测 CSV 文件，等待 30 秒后重试...
2025-01-14 05:58:21,795 - 未找到预测 CSV 文件，等待 30 秒后重试...
2025-01-14 05:58:51,799 - 未找到预测 CSV 文件，等待 30 秒后重试...
2025-01-14 05:59:21,801 - 未找到预测 CSV 文件，等待 30 秒后重试...
2025-01-14 05:59:51,810 - 未找到预测 CSV 文件，等待 30 秒后重试...
2025-01-14 06:00:21,825 - 未找到预测 CSV 文件，等待 30 秒后重试...
2025-01-14 06:00:51,834 - 未找到预测 CSV 文件，等待 30 秒后重试...
2025-01-14 06:01:21,839 - 未找到预测 CSV 文件，等待 30 秒后重试...
2025-01-14 06:01:51,847 - 未找到预测 CSV 文件，等待 30 秒后重试...
2025-01-14 06:02:21,853 - 未找到预测 CSV 文件，等待 30 秒后重试...
2025-01-14 06:02:51,858 - 未找到预测 CSV 文件，等待 30 秒后重试...
2025-01-14 06:03:21,872 - 未找到预测 CSV 文件，等待 30 秒后重试...
2025-01-14 06:03:51,887 - 未找到预测 CSV 文件，等待 30 秒后重试...
2025-01-14 06:04:21,901 - 未找到预测 CSV 文件，等待 30 秒后重试...
2025-01-14 06:04:51,914 - 未找到预测 CSV 文件，等待 30 秒后重试...
2025-01-14 06:05:21,917 - 未找到预测 CSV 文件，等待 30 秒后重试...
2025-01-14 06:05:51,931 - 未找到预测 CSV 文件，等待 30 秒后重试...
2025-01-14 06:06:21,938 - 未找到预测 CSV 文件，等待 30 秒后重试...
2025-01-14 06:06:51,952 - 未找到预测 CSV 文件，等待 30 秒后重试...
2025-01-14 06:07:21,965 - 未找到预测 CSV 文件，等待 30 秒后重试...
2025-01-14 06:07:51,971 - 未找到预测 CSV 文件，等待 30 秒后重试...
2025-01-14 06:08:21,983 - 未找到预测 CSV 文件，等待 30 秒后重试...
2025-01-14 06:08:51,985 - 未找到预测 CSV 文件，等待 30 秒后重试...
2025-01-14 06:09:21,992 - 未找到预测 CSV 文件，等待 30 秒后重试...
2025-01-14 06:09:52,005 - 未找到预测 CSV 文件，等待 30 秒后重试...
2025-01-14 06:10:22,012 - 未找到预测 CSV 文件，等待 30 秒后重试...
2025-01-14 06:10:52,023 - 未找到预测 CSV 文件，等待 30 秒后重试...
2025-01-14 06:11:22,036 - 未找到预测 CSV 文件，等待 30 秒后重试...
2025-01-14 06:11:52,038 - 未找到预测 CSV 文件，等待 30 秒后重试...
2025-01-14 06:12:22,047 - 未找到预测 CSV 文件，等待 30 秒后重试...
2025-01-14 06:12:52,052 - 未找到预测 CSV 文件，等待 30 秒后重试...
2025-01-14 06:13:22,069 - 未找到预测 CSV 文件，等待 30 秒后重试...
2025-01-14 06:13:52,082 - 未找到预测 CSV 文件，等待 30 秒后重试...
2025-01-14 06:14:22,088 - 未找到预测 CSV 文件，等待 30 秒后重试...
2025-01-14 06:14:52,100 - 未找到预测 CSV 文件，等待 30 秒后重试...
2025-01-14 06:15:22,112 - 未找到预测 CSV 文件，等待 30 秒后重试...
2025-01-14 06:15:52,118 - 未找到预测 CSV 文件，等待 30 秒后重试...
2025-01-14 06:16:22,133 - 未找到预测 CSV 文件，等待 30 秒后重试...
2025-01-14 06:16:52,144 - 未找到预测 CSV 文件，等待 30 秒后重试...
2025-01-14 06:17:22,149 - 未找到预测 CSV 文件，等待 30 秒后重试...
2025-01-14 06:17:53,554 - 未找到预测 CSV 文件，等待 30 秒后重试...
2025-01-14 06:18:23,571 - 未找到预测 CSV 文件，等待 30 秒后重试...
2025-01-14 06:18:53,577 - 未找到预测 CSV 文件，等待 30 秒后重试...
2025-01-14 06:19:23,590 - 未找到预测 CSV 文件，等待 30 秒后重试...
2025-01-14 06:19:53,598 - 未找到预测 CSV 文件，等待 30 秒后重试...
2025-01-14 06:20:23,608 - 未找到预测 CSV 文件，等待 30 秒后重试...
2025-01-14 06:20:53,624 - 未找到预测 CSV 文件，等待 30 秒后重试...
2025-01-14 06:21:23,631 - 未找到预测 CSV 文件，等待 30 秒后重试...
2025-01-14 06:21:53,637 - 未找到预测 CSV 文件，等待 30 秒后重试...
2025-01-14 06:22:23,646 - 未找到预测 CSV 文件，等待 30 秒后重试...
2025-01-14 06:22:53,653 - 未找到预测 CSV 文件，等待 30 秒后重试...
2025-01-14 06:23:23,656 - 未找到预测 CSV 文件，等待 30 秒后重试...
2025-01-14 06:23:53,662 - 未找到预测 CSV 文件，等待 30 秒后重试...
2025-01-14 06:24:23,666 - 未找到预测 CSV 文件，等待 30 秒后重试...
2025-01-14 06:24:53,675 - 未找到预测 CSV 文件，等待 30 秒后重试...
2025-01-14 06:25:23,678 - 未找到预测 CSV 文件，等待 30 秒后重试...
2025-01-14 06:25:53,686 - 未找到预测 CSV 文件，等待 30 秒后重试...
2025-01-14 06:26:23,704 - 未找到预测 CSV 文件，等待 30 秒后重试...
2025-01-14 06:26:53,711 - 未找到预测 CSV 文件，等待 30 秒后重试...
2025-01-14 06:27:23,725 - 未找到预测 CSV 文件，等待 30 秒后重试...
2025-01-14 06:27:53,729 - 未找到预测 CSV 文件，等待 30 秒后重试...
2025-01-14 06:28:23,739 - 未找到预测 CSV 文件，等待 30 秒后重试...
2025-01-14 06:28:53,750 - 未找到预测 CSV 文件，等待 30 秒后重试...
2025-01-14 06:29:23,753 - 未找到预测 CSV 文件，等待 30 秒后重试...
2025-01-14 06:29:53,765 - 未找到预测 CSV 文件，等待 30 秒后重试...
2025-01-14 06:30:23,767 - 未找到预测 CSV 文件，等待 30 秒后重试...
2025-01-14 06:30:53,783 - 未找到预测 CSV 文件，等待 30 秒后重试...
2025-01-14 06:31:23,789 - 未找到预测 CSV 文件，等待 30 秒后重试...
2025-01-14 06:31:53,801 - 未找到预测 CSV 文件，等待 30 秒后重试...
2025-01-14 06:32:23,808 - 未找到预测 CSV 文件，等待 30 秒后重试...
2025-01-14 06:32:53,824 - 未找到预测 CSV 文件，等待 30 秒后重试...
2025-01-14 06:33:23,834 - 未找到预测 CSV 文件，等待 30 秒后重试...
2025-01-14 06:33:53,842 - 未找到预测 CSV 文件，等待 30 秒后重试...
2025-01-14 06:34:23,855 - 未找到预测 CSV 文件，等待 30 秒后重试...
2025-01-14 06:34:53,865 - 未找到预测 CSV 文件，等待 30 秒后重试...
2025-01-14 06:35:23,876 - 未找到预测 CSV 文件，等待 30 秒后重试...
2025-01-14 06:35:53,888 - 未找到预测 CSV 文件，等待 30 秒后重试...
2025-01-14 06:36:23,899 - 未找到预测 CSV 文件，等待 30 秒后重试...
2025-01-14 06:36:53,915 - 未找到预测 CSV 文件，等待 30 秒后重试...
2025-01-14 06:37:23,925 - 未找到预测 CSV 文件，等待 30 秒后重试...
2025-01-14 06:37:53,937 - 未找到预测 CSV 文件，等待 30 秒后重试...
2025-01-14 06:38:23,941 - 未找到预测 CSV 文件，等待 30 秒后重试...
2025-01-14 06:38:53,953 - 未找到预测 CSV 文件，等待 30 秒后重试...
2025-01-14 06:39:23,955 - 未找到预测 CSV 文件，等待 30 秒后重试...
2025-01-14 06:39:53,960 - 未找到预测 CSV 文件，等待 30 秒后重试...
2025-01-14 06:40:23,969 - 未找到预测 CSV 文件，等待 30 秒后重试...
2025-01-14 06:40:53,980 - 未找到预测 CSV 文件，等待 30 秒后重试...
2025-01-14 06:41:23,991 - 未找到预测 CSV 文件，等待 30 秒后重试...
2025-01-14 06:41:53,999 - 未找到预测 CSV 文件，等待 30 秒后重试...
2025-01-14 06:42:24,004 - 未找到预测 CSV 文件，等待 30 秒后重试...
2025-01-14 06:42:54,008 - 未找到预测 CSV 文件，等待 30 秒后重试...
2025-01-14 06:43:24,019 - 未找到预测 CSV 文件，等待 30 秒后重试...
2025-01-14 06:43:54,028 - 未找到预测 CSV 文件，等待 30 秒后重试...
2025-01-14 06:44:24,045 - 未找到预测 CSV 文件，等待 30 秒后重试...
2025-01-14 06:44:54,049 - 未找到预测 CSV 文件，等待 30 秒后重试...
2025-01-14 06:45:24,059 - 未找到预测 CSV 文件，等待 30 秒后重试...
2025-01-14 06:45:54,072 - 未找到预测 CSV 文件，等待 30 秒后重试...
2025-01-14 06:46:24,083 - 未找到预测 CSV 文件，等待 30 秒后重试...
2025-01-14 06:46:54,095 - 未找到预测 CSV 文件，等待 30 秒后重试...
2025-01-14 06:47:24,105 - 未找到预测 CSV 文件，等待 30 秒后重试...
2025-01-14 06:47:54,117 - 未找到预测 CSV 文件，等待 30 秒后重试...
2025-01-14 06:48:24,130 - 未找到预测 CSV 文件，等待 30 秒后重试...
2025-01-14 06:48:54,143 - 未找到预测 CSV 文件，等待 30 秒后重试...
2025-01-14 06:49:24,159 - 未找到预测 CSV 文件，等待 30 秒后重试...
2025-01-14 06:49:54,175 - 未找到预测 CSV 文件，等待 30 秒后重试...
2025-01-14 06:50:24,188 - 未找到预测 CSV 文件，等待 30 秒后重试...
2025-01-14 06:50:54,190 - 未找到预测 CSV 文件，等待 30 秒后重试...
2025-01-14 06:51:24,203 - 未找到预测 CSV 文件，等待 30 秒后重试...
2025-01-14 06:51:54,208 - 未找到预测 CSV 文件，等待 30 秒后重试...
2025-01-14 06:52:24,219 - 未找到预测 CSV 文件，等待 30 秒后重试...
2025-01-14 06:52:54,232 - 未找到预测 CSV 文件，等待 30 秒后重试...
2025-01-14 06:53:24,247 - 未找到预测 CSV 文件，等待 30 秒后重试...
2025-01-14 06:53:54,250 - 未找到预测 CSV 文件，等待 30 秒后重试...
2025-01-14 06:54:24,253 - 未找到预测 CSV 文件，等待 30 秒后重试...
2025-01-14 06:54:54,258 - 未找到预测 CSV 文件，等待 30 秒后重试...
2025-01-14 06:55:24,262 - 未找到预测 CSV 文件，等待 30 秒后重试...
2025-01-14 06:55:54,272 - 未找到预测 CSV 文件，等待 30 秒后重试...
2025-01-14 06:56:24,284 - 未找到预测 CSV 文件，等待 30 秒后重试...
2025-01-14 06:56:54,287 - 未找到预测 CSV 文件，等待 30 秒后重试...
2025-01-14 06:57:24,302 - 未找到预测 CSV 文件，等待 30 秒后重试...
2025-01-14 06:57:54,314 - 未找到预测 CSV 文件，等待 30 秒后重试...
2025-01-14 06:58:24,328 - 未找到预测 CSV 文件，等待 30 秒后重试...
2025-01-14 06:58:54,334 - 未找到预测 CSV 文件，等待 30 秒后重试...
2025-01-14 06:59:24,346 - 未找到预测 CSV 文件，等待 30 秒后重试...
2025-01-14 06:59:54,355 - 未找到预测 CSV 文件，等待 30 秒后重试...
2025-01-14 07:00:24,359 - 未找到预测 CSV 文件，等待 30 秒后重试...
2025-01-14 07:00:54,361 - 未找到预测 CSV 文件，等待 30 秒后重试...
2025-01-14 07:01:24,373 - 未找到预测 CSV 文件，等待 30 秒后重试...
2025-01-14 07:01:54,385 - 未找到预测 CSV 文件，等待 30 秒后重试...
2025-01-14 07:02:24,393 - 未找到预测 CSV 文件，等待 30 秒后重试...
2025-01-14 07:02:54,395 - 未找到预测 CSV 文件，等待 30 秒后重试...
2025-01-14 07:03:24,407 - 未找到预测 CSV 文件，等待 30 秒后重试...
2025-01-14 07:03:54,418 - 未找到预测 CSV 文件，等待 30 秒后重试...
2025-01-14 07:04:24,432 - 未找到预测 CSV 文件，等待 30 秒后重试...
2025-01-14 07:04:54,442 - 未找到预测 CSV 文件，等待 30 秒后重试...
2025-01-14 07:05:24,446 - 未找到预测 CSV 文件，等待 30 秒后重试...
2025-01-14 07:05:54,450 - 未找到预测 CSV 文件，等待 30 秒后重试...
2025-01-14 07:06:24,459 - 未找到预测 CSV 文件，等待 30 秒后重试...
2025-01-14 07:06:54,464 - 未找到预测 CSV 文件，等待 30 秒后重试...
2025-01-14 07:07:24,481 - 未找到预测 CSV 文件，等待 30 秒后重试...
2025-01-14 07:07:54,483 - 未找到预测 CSV 文件，等待 30 秒后重试...
2025-01-14 07:08:24,495 - 未找到预测 CSV 文件，等待 30 秒后重试...
2025-01-14 07:08:54,508 - 未找到预测 CSV 文件，等待 30 秒后重试...
2025-01-14 07:09:24,516 - 未找到预测 CSV 文件，等待 30 秒后重试...
2025-01-14 07:09:54,527 - 未找到预测 CSV 文件，等待 30 秒后重试...
2025-01-14 07:10:24,528 - 未找到预测 CSV 文件，等待 30 秒后重试...
2025-01-14 07:10:54,537 - 未找到预测 CSV 文件，等待 30 秒后重试...
2025-01-14 07:11:24,551 - 未找到预测 CSV 文件，等待 30 秒后重试...
2025-01-14 07:11:54,560 - 未找到预测 CSV 文件，等待 30 秒后重试...
2025-01-14 07:12:24,562 - 未找到预测 CSV 文件，等待 30 秒后重试...
2025-01-14 07:12:54,565 - 未找到预测 CSV 文件，等待 30 秒后重试...
2025-01-14 07:13:24,572 - 未找到预测 CSV 文件，等待 30 秒后重试...
2025-01-14 07:13:54,575 - 未找到预测 CSV 文件，等待 30 秒后重试...
2025-01-14 07:14:24,582 - 未找到预测 CSV 文件，等待 30 秒后重试...
2025-01-14 07:14:54,596 - 未找到预测 CSV 文件，等待 30 秒后重试...
2025-01-14 07:15:24,611 - 未找到预测 CSV 文件，等待 30 秒后重试...
2025-01-14 07:15:54,627 - 未找到预测 CSV 文件，等待 30 秒后重试...
2025-01-14 07:16:24,639 - 未找到预测 CSV 文件，等待 30 秒后重试...
2025-01-14 07:16:54,650 - 未找到预测 CSV 文件，等待 30 秒后重试...
2025-01-14 07:17:24,654 - 未找到预测 CSV 文件，等待 30 秒后重试...
2025-01-14 07:17:54,661 - 未找到预测 CSV 文件，等待 30 秒后重试...
2025-01-14 07:18:24,667 - 未找到预测 CSV 文件，等待 30 秒后重试...
2025-01-14 07:18:54,682 - 未找到预测 CSV 文件，等待 30 秒后重试...
2025-01-14 07:19:24,694 - 未找到预测 CSV 文件，等待 30 秒后重试...
2025-01-14 07:19:54,709 - 未找到预测 CSV 文件，等待 30 秒后重试...
2025-01-14 07:20:24,724 - 未找到预测 CSV 文件，等待 30 秒后重试...
2025-01-14 07:20:54,730 - 未找到预测 CSV 文件，等待 30 秒后重试...
2025-01-14 07:21:24,738 - 未找到预测 CSV 文件，等待 30 秒后重试...
2025-01-14 07:21:54,754 - 未找到预测 CSV 文件，等待 30 秒后重试...
2025-01-14 07:22:24,769 - 未找到预测 CSV 文件，等待 30 秒后重试...
2025-01-14 07:22:54,776 - 未找到预测 CSV 文件，等待 30 秒后重试...
2025-01-14 07:23:24,790 - 未找到预测 CSV 文件，等待 30 秒后重试...
2025-01-14 07:23:54,799 - 未找到预测 CSV 文件，等待 30 秒后重试...
2025-01-14 07:24:24,803 - 未找到预测 CSV 文件，等待 30 秒后重试...
2025-01-14 07:24:54,805 - 未找到预测 CSV 文件，等待 30 秒后重试...
2025-01-14 07:25:24,808 - 未找到预测 CSV 文件，等待 30 秒后重试...
2025-01-14 07:25:54,820 - 未找到预测 CSV 文件，等待 30 秒后重试...
2025-01-14 07:26:24,826 - 未找到预测 CSV 文件，等待 30 秒后重试...
2025-01-14 07:26:54,830 - 未找到预测 CSV 文件，等待 30 秒后重试...
2025-01-14 07:27:24,834 - 未找到预测 CSV 文件，等待 30 秒后重试...
2025-01-14 07:27:54,846 - 未找到预测 CSV 文件，等待 30 秒后重试...
2025-01-14 07:28:24,853 - 未找到预测 CSV 文件，等待 30 秒后重试...
2025-01-14 07:28:54,860 - 未找到预测 CSV 文件，等待 30 秒后重试...
2025-01-14 07:29:24,865 - 未找到预测 CSV 文件，等待 30 秒后重试...
2025-01-14 07:29:54,869 - 未找到预测 CSV 文件，等待 30 秒后重试...
2025-01-14 07:30:24,872 - 未找到预测 CSV 文件，等待 30 秒后重试...
2025-01-14 07:30:54,881 - 未找到预测 CSV 文件，等待 30 秒后重试...
2025-01-14 07:31:24,890 - 未找到预测 CSV 文件，等待 30 秒后重试...
2025-01-14 07:31:54,904 - 未找到预测 CSV 文件，等待 30 秒后重试...
2025-01-14 07:32:24,916 - 未找到预测 CSV 文件，等待 30 秒后重试...
2025-01-14 07:32:54,924 - 未找到预测 CSV 文件，等待 30 秒后重试...
2025-01-14 07:33:24,939 - 未找到预测 CSV 文件，等待 30 秒后重试...
2025-01-14 07:33:54,953 - 未找到预测 CSV 文件，等待 30 秒后重试...
2025-01-14 07:34:24,958 - 未找到预测 CSV 文件，等待 30 秒后重试...
2025-01-14 07:34:54,959 - 未找到预测 CSV 文件，等待 30 秒后重试...
2025-01-14 07:35:24,966 - 未找到预测 CSV 文件，等待 30 秒后重试...
2025-01-14 07:35:54,979 - 未找到预测 CSV 文件，等待 30 秒后重试...
2025-01-14 07:36:24,988 - 未找到预测 CSV 文件，等待 30 秒后重试...
2025-01-14 07:36:55,002 - 未找到预测 CSV 文件，等待 30 秒后重试...
2025-01-14 07:37:25,014 - 未找到预测 CSV 文件，等待 30 秒后重试...
2025-01-14 07:37:55,027 - 未找到预测 CSV 文件，等待 30 秒后重试...
2025-01-14 07:38:25,042 - 未找到预测 CSV 文件，等待 30 秒后重试...
2025-01-14 07:38:55,050 - 未找到预测 CSV 文件，等待 30 秒后重试...
2025-01-14 07:39:25,053 - 未找到预测 CSV 文件，等待 30 秒后重试...
2025-01-14 07:39:55,067 - 未找到预测 CSV 文件，等待 30 秒后重试...
2025-01-14 07:40:25,074 - 未找到预测 CSV 文件，等待 30 秒后重试...
2025-01-14 07:40:55,089 - 未找到预测 CSV 文件，等待 30 秒后重试...
2025-01-14 07:41:25,102 - 未找到预测 CSV 文件，等待 30 秒后重试...
2025-01-14 07:41:55,112 - 未找到预测 CSV 文件，等待 30 秒后重试...
2025-01-14 07:42:25,125 - 未找到预测 CSV 文件，等待 30 秒后重试...
2025-01-14 07:42:55,134 - 未找到预测 CSV 文件，等待 30 秒后重试...
2025-01-14 07:43:25,140 - 未找到预测 CSV 文件，等待 30 秒后重试...
2025-01-14 07:43:55,151 - 未找到预测 CSV 文件，等待 30 秒后重试...
2025-01-14 07:44:25,155 - 未找到预测 CSV 文件，等待 30 秒后重试...
2025-01-14 07:44:55,157 - 未找到预测 CSV 文件，等待 30 秒后重试...
2025-01-14 07:45:25,166 - 未找到预测 CSV 文件，等待 30 秒后重试...
2025-01-14 07:45:55,169 - 未找到预测 CSV 文件，等待 30 秒后重试...
2025-01-14 07:46:25,181 - 未找到预测 CSV 文件，等待 30 秒后重试...
2025-01-14 07:46:55,182 - 未找到预测 CSV 文件，等待 30 秒后重试...
2025-01-14 07:47:25,188 - 未找到预测 CSV 文件，等待 30 秒后重试...
2025-01-14 07:47:55,192 - 未找到预测 CSV 文件，等待 30 秒后重试...
2025-01-14 07:48:25,200 - 未找到预测 CSV 文件，等待 30 秒后重试...
2025-01-14 07:48:55,204 - 未找到预测 CSV 文件，等待 30 秒后重试...
2025-01-14 07:49:25,208 - 未找到预测 CSV 文件，等待 30 秒后重试...
2025-01-14 07:49:55,222 - 未找到预测 CSV 文件，等待 30 秒后重试...
2025-01-14 07:50:25,229 - 未找到预测 CSV 文件，等待 30 秒后重试...
2025-01-14 07:50:55,235 - 未找到预测 CSV 文件，等待 30 秒后重试...
2025-01-14 07:51:25,237 - 未找到预测 CSV 文件，等待 30 秒后重试...
2025-01-14 07:51:55,243 - 未找到预测 CSV 文件，等待 30 秒后重试...
2025-01-14 07:52:25,251 - 未找到预测 CSV 文件，等待 30 秒后重试...
2025-01-14 07:52:55,266 - 未找到预测 CSV 文件，等待 30 秒后重试...
2025-01-14 07:53:25,271 - 未找到预测 CSV 文件，等待 30 秒后重试...
2025-01-14 07:53:55,287 - 未找到预测 CSV 文件，等待 30 秒后重试...
2025-01-14 07:54:25,292 - 未找到预测 CSV 文件，等待 30 秒后重试...
2025-01-14 07:54:55,295 - 未找到预测 CSV 文件，等待 30 秒后重试...
2025-01-14 07:55:25,307 - 未找到预测 CSV 文件，等待 30 秒后重试...
2025-01-14 07:55:55,310 - 未找到预测 CSV 文件，等待 30 秒后重试...
2025-01-14 07:56:25,322 - 未找到预测 CSV 文件，等待 30 秒后重试...
2025-01-14 07:56:55,328 - 未找到预测 CSV 文件，等待 30 秒后重试...
2025-01-14 07:57:25,334 - 未找到预测 CSV 文件，等待 30 秒后重试...
2025-01-14 07:57:55,343 - 未找到预测 CSV 文件，等待 30 秒后重试...
2025-01-14 07:58:25,346 - 未找到预测 CSV 文件，等待 30 秒后重试...
2025-01-14 07:58:55,360 - 未找到预测 CSV 文件，等待 30 秒后重试...
2025-01-14 07:59:25,363 - 未找到预测 CSV 文件，等待 30 秒后重试...
2025-01-14 07:59:55,363 - 未找到预测 CSV 文件，等待 30 秒后重试...
2025-01-14 08:00:25,378 - 未找到预测 CSV 文件，等待 30 秒后重试...
2025-01-14 08:00:55,394 - 未找到预测 CSV 文件，等待 30 秒后重试...
2025-01-14 08:01:25,397 - 未找到预测 CSV 文件，等待 30 秒后重试...
2025-01-14 08:01:55,408 - 未找到预测 CSV 文件，等待 30 秒后重试...
2025-01-14 08:02:25,423 - 未找到预测 CSV 文件，等待 30 秒后重试...
2025-01-14 08:02:55,430 - 未找到预测 CSV 文件，等待 30 秒后重试...
2025-01-14 08:03:25,433 - 未找到预测 CSV 文件，等待 30 秒后重试...
2025-01-14 08:03:55,447 - 未找到预测 CSV 文件，等待 30 秒后重试...
2025-01-14 08:04:25,455 - 未找到预测 CSV 文件，等待 30 秒后重试...
2025-01-14 08:04:55,465 - 未找到预测 CSV 文件，等待 30 秒后重试...
2025-01-14 08:05:25,470 - 未找到预测 CSV 文件，等待 30 秒后重试...
2025-01-14 08:05:55,474 - 未找到预测 CSV 文件，等待 30 秒后重试...
2025-01-14 08:06:25,481 - 未找到预测 CSV 文件，等待 30 秒后重试...
2025-01-14 08:06:55,490 - 未找到预测 CSV 文件，等待 30 秒后重试...
2025-01-14 08:07:25,502 - 未找到预测 CSV 文件，等待 30 秒后重试...
2025-01-14 08:07:55,511 - 未找到预测 CSV 文件，等待 30 秒后重试...
2025-01-14 08:08:25,522 - 未找到预测 CSV 文件，等待 30 秒后重试...
2025-01-14 08:08:55,534 - 未找到预测 CSV 文件，等待 30 秒后重试...
2025-01-14 08:09:25,539 - 未找到预测 CSV 文件，等待 30 秒后重试...
2025-01-14 08:09:55,554 - 未找到预测 CSV 文件，等待 30 秒后重试...
2025-01-14 08:10:25,568 - 未找到预测 CSV 文件，等待 30 秒后重试...
2025-01-14 08:10:55,571 - 未找到预测 CSV 文件，等待 30 秒后重试...
2025-01-14 08:11:25,575 - 未找到预测 CSV 文件，等待 30 秒后重试...
2025-01-14 08:11:55,584 - 未找到预测 CSV 文件，等待 30 秒后重试...
2025-01-14 08:12:25,595 - 未找到预测 CSV 文件，等待 30 秒后重试...
2025-01-14 08:12:55,609 - 未找到预测 CSV 文件，等待 30 秒后重试...
2025-01-14 08:13:25,612 - 未找到预测 CSV 文件，等待 30 秒后重试...
2025-01-14 08:13:55,628 - 未找到预测 CSV 文件，等待 30 秒后重试...
2025-01-14 08:14:25,635 - 未找到预测 CSV 文件，等待 30 秒后重试...
2025-01-14 08:14:55,639 - 未找到预测 CSV 文件，等待 30 秒后重试...
2025-01-14 08:15:25,641 - 未找到预测 CSV 文件，等待 30 秒后重试...
2025-01-14 08:15:55,649 - 未找到预测 CSV 文件，等待 30 秒后重试...
2025-01-14 08:16:25,650 - 未找到预测 CSV 文件，等待 30 秒后重试...
2025-01-14 08:16:55,657 - 未找到预测 CSV 文件，等待 30 秒后重试...
2025-01-14 08:17:25,672 - 未找到预测 CSV 文件，等待 30 秒后重试...
2025-01-14 08:17:55,674 - 未找到预测 CSV 文件，等待 30 秒后重试...
2025-01-14 08:18:25,685 - 未找到预测 CSV 文件，等待 30 秒后重试...
2025-01-14 08:18:55,696 - 未找到预测 CSV 文件，等待 30 秒后重试...
2025-01-14 08:19:25,710 - 未找到预测 CSV 文件，等待 30 秒后重试...
2025-01-14 08:19:55,718 - 未找到预测 CSV 文件，等待 30 秒后重试...
2025-01-14 08:20:25,730 - 未找到预测 CSV 文件，等待 30 秒后重试...
2025-01-14 08:20:55,742 - 未找到预测 CSV 文件，等待 30 秒后重试...
2025-01-14 08:21:25,748 - 未找到预测 CSV 文件，等待 30 秒后重试...
2025-01-14 08:21:55,752 - 未找到预测 CSV 文件，等待 30 秒后重试...
2025-01-14 08:22:25,755 - 未找到预测 CSV 文件，等待 30 秒后重试...
2025-01-14 08:22:55,765 - 未找到预测 CSV 文件，等待 30 秒后重试...
2025-01-14 08:23:25,771 - 未找到预测 CSV 文件，等待 30 秒后重试...
2025-01-14 08:23:55,778 - 未找到预测 CSV 文件，等待 30 秒后重试...
2025-01-14 08:24:25,792 - 未找到预测 CSV 文件，等待 30 秒后重试...
2025-01-14 08:24:55,794 - 未找到预测 CSV 文件，等待 30 秒后重试...
2025-01-14 08:25:25,805 - 未找到预测 CSV 文件，等待 30 秒后重试...
2025-01-14 08:25:55,817 - 未找到预测 CSV 文件，等待 30 秒后重试...
2025-01-14 08:26:25,826 - 未找到预测 CSV 文件，等待 30 秒后重试...
2025-01-14 08:26:55,841 - 未找到预测 CSV 文件，等待 30 秒后重试...
2025-01-14 08:27:25,843 - 未找到预测 CSV 文件，等待 30 秒后重试...
2025-01-14 08:27:55,856 - 未找到预测 CSV 文件，等待 30 秒后重试...
2025-01-14 08:28:25,865 - 未找到预测 CSV 文件，等待 30 秒后重试...
2025-01-14 08:28:55,877 - 未找到预测 CSV 文件，等待 30 秒后重试...
2025-01-14 08:29:25,883 - 未找到预测 CSV 文件，等待 30 秒后重试...
2025-01-14 08:29:55,885 - 未找到预测 CSV 文件，等待 30 秒后重试...
2025-01-14 08:30:25,894 - 发现新的预测文件：D:\my-vue-project\wind-power-forecast\backend\auto_scripts\precsv\middlecsv\20250114.csv，执行预测...
2025-01-14 08:30:25,999 - 今天的训练和预测任务已完成。
