2025-03-23 10:38:51,543 - 
================================================================================
2025-03-23 10:38:51,544 - >>> 自动训练预测系统启动 <<<
2025-03-23 10:38:51,544 - ================================================================================

2025-03-23 10:38:51,544 - 自动训练预测系统启动
2025-03-23 10:38:51,544 - 今天的日期是: 20250323
2025-03-23 10:38:51,544 - 创建监视线程...
2025-03-23 10:38:51,544 - 启动训练线程...
2025-03-23 10:38:51,544 - 启动预测线程...
2025-03-23 10:38:51,544 - 
================================================================================
2025-03-23 10:38:51,544 - >>> 启动训练监视线程 <<<
2025-03-23 10:38:51,544 - 等待线程完成...
2025-03-23 10:38:51,544 - 
================================================================================
2025-03-23 10:38:51,544 - ================================================================================

2025-03-23 10:38:51,545 - >>> 启动预测监视线程 <<<
2025-03-23 10:38:51,545 - 启动训练监视线程
2025-03-23 10:38:51,545 - ================================================================================

2025-03-23 10:38:51,545 - 启动预测监视线程
2025-03-23 10:38:51,545 - 训练文件路径: D:\my-vue-project\wind-power-forecast\backend\auto_scripts\dataset\dataset_middle\20250323.csv
2025-03-23 10:38:51,546 - 模型存储目录: D:\my-vue-project\wind-power-forecast\backend\auto_scripts\models\middlemodel\20250323
2025-03-23 10:38:51,546 - 预测数据文件路径: D:\my-vue-project\wind-power-forecast\backend\auto_scripts\precsv\middlecsv\20250323.csv
2025-03-23 10:38:51,546 - 训练完成标志文件: D:\my-vue-project\wind-power-forecast\backend\auto_scripts\scripts\middle\logs\auto_pre_train\20250323_train_done.flag
2025-03-23 10:38:51,546 - 模型目录: D:\my-vue-project\wind-power-forecast\backend\auto_scripts\models\middlemodel\20250323
2025-03-23 10:38:51,546 - 开始监视 D:\my-vue-project\wind-power-forecast\backend\auto_scripts\dataset\dataset_middle 文件夹以进行训练...
2025-03-23 10:38:51,546 - 预测完成标志文件: D:\my-vue-project\wind-power-forecast\backend\auto_scripts\scripts\middle\logs\auto_pre_train\20250323_predict_done.flag
2025-03-23 10:38:51,546 - 开始监视 D:\my-vue-project\wind-power-forecast\backend\auto_scripts\precsv\middlecsv 文件夹以进行预测...
2025-03-23 10:38:51,546 - 检查模型目录: D:\my-vue-project\wind-power-forecast\backend\auto_scripts\models\middlemodel\20250323
2025-03-23 10:38:51,546 - ❌ 未找到训练 CSV 文件: D:\my-vue-project\wind-power-forecast\backend\auto_scripts\dataset\dataset_middle\20250323.csv，等待 30 秒后重试...
2025-03-23 10:38:51,546 - 未找到best_models目录，检查传统模型文件
2025-03-23 10:38:51,547 - 未找到任何可用模型文件
2025-03-23 10:38:51,547 - ⏳ 未有可用模型，等待模型训练完成...
2025-03-23 10:39:21,554 - 检查模型目录: D:\my-vue-project\wind-power-forecast\backend\auto_scripts\models\middlemodel\20250323
2025-03-23 10:39:21,554 - ❌ 未找到训练 CSV 文件: D:\my-vue-project\wind-power-forecast\backend\auto_scripts\dataset\dataset_middle\20250323.csv，等待 30 秒后重试...
2025-03-23 10:39:21,554 - 未找到best_models目录，检查传统模型文件
2025-03-23 10:39:21,555 - 未找到任何可用模型文件
2025-03-23 10:39:21,555 - ⏳ 未有可用模型，等待模型训练完成...
2025-03-23 10:39:51,560 - 检查模型目录: D:\my-vue-project\wind-power-forecast\backend\auto_scripts\models\middlemodel\20250323
2025-03-23 10:39:51,560 - ❌ 未找到训练 CSV 文件: D:\my-vue-project\wind-power-forecast\backend\auto_scripts\dataset\dataset_middle\20250323.csv，等待 30 秒后重试...
2025-03-23 10:39:51,560 - 未找到best_models目录，检查传统模型文件
2025-03-23 10:39:51,561 - 未找到任何可用模型文件
2025-03-23 10:39:51,561 - ⏳ 未有可用模型，等待模型训练完成...
2025-03-23 10:40:21,567 - 检查模型目录: D:\my-vue-project\wind-power-forecast\backend\auto_scripts\models\middlemodel\20250323
2025-03-23 10:40:21,567 - ❌ 未找到训练 CSV 文件: D:\my-vue-project\wind-power-forecast\backend\auto_scripts\dataset\dataset_middle\20250323.csv，等待 30 秒后重试...
2025-03-23 10:40:21,567 - 未找到best_models目录，检查传统模型文件
2025-03-23 10:40:21,567 - 未找到任何可用模型文件
2025-03-23 10:40:21,567 - ⏳ 未有可用模型，等待模型训练完成...
2025-03-23 10:40:51,583 - 检查模型目录: D:\my-vue-project\wind-power-forecast\backend\auto_scripts\models\middlemodel\20250323
2025-03-23 10:40:51,583 - ❌ 未找到训练 CSV 文件: D:\my-vue-project\wind-power-forecast\backend\auto_scripts\dataset\dataset_middle\20250323.csv，等待 30 秒后重试...
2025-03-23 10:40:51,583 - 未找到best_models目录，检查传统模型文件
2025-03-23 10:40:51,583 - 未找到任何可用模型文件
2025-03-23 10:40:51,583 - ⏳ 未有可用模型，等待模型训练完成...
2025-03-23 10:41:21,592 - 检查模型目录: D:\my-vue-project\wind-power-forecast\backend\auto_scripts\models\middlemodel\20250323
2025-03-23 10:41:21,593 - ❌ 未找到训练 CSV 文件: D:\my-vue-project\wind-power-forecast\backend\auto_scripts\dataset\dataset_middle\20250323.csv，等待 30 秒后重试...
2025-03-23 10:41:21,595 - 未找到best_models目录，检查传统模型文件
2025-03-23 10:41:21,596 - 未找到任何可用模型文件
2025-03-23 10:41:21,596 - ⏳ 未有可用模型，等待模型训练完成...
2025-03-23 10:41:51,600 - 检查模型目录: D:\my-vue-project\wind-power-forecast\backend\auto_scripts\models\middlemodel\20250323
2025-03-23 10:41:51,600 - ❌ 未找到训练 CSV 文件: D:\my-vue-project\wind-power-forecast\backend\auto_scripts\dataset\dataset_middle\20250323.csv，等待 30 秒后重试...
2025-03-23 10:41:51,600 - 未找到best_models目录，检查传统模型文件
2025-03-23 10:41:51,601 - 未找到任何可用模型文件
2025-03-23 10:41:51,601 - ⏳ 未有可用模型，等待模型训练完成...
2025-03-23 10:42:21,604 - 检查模型目录: D:\my-vue-project\wind-power-forecast\backend\auto_scripts\models\middlemodel\20250323
2025-03-23 10:42:21,605 - ❌ 未找到训练 CSV 文件: D:\my-vue-project\wind-power-forecast\backend\auto_scripts\dataset\dataset_middle\20250323.csv，等待 30 秒后重试...
2025-03-23 10:42:21,605 - 未找到best_models目录，检查传统模型文件
2025-03-23 10:42:21,605 - 未找到任何可用模型文件
2025-03-23 10:42:21,605 - ⏳ 未有可用模型，等待模型训练完成...
2025-03-23 10:42:51,620 - 检查模型目录: D:\my-vue-project\wind-power-forecast\backend\auto_scripts\models\middlemodel\20250323
2025-03-23 10:42:51,620 - ❌ 未找到训练 CSV 文件: D:\my-vue-project\wind-power-forecast\backend\auto_scripts\dataset\dataset_middle\20250323.csv，等待 30 秒后重试...
2025-03-23 10:42:51,620 - 未找到best_models目录，检查传统模型文件
2025-03-23 10:42:51,620 - 未找到任何可用模型文件
2025-03-23 10:42:51,620 - ⏳ 未有可用模型，等待模型训练完成...
2025-03-23 10:43:21,635 - 检查模型目录: D:\my-vue-project\wind-power-forecast\backend\auto_scripts\models\middlemodel\20250323
2025-03-23 10:43:21,636 - ❌ 未找到训练 CSV 文件: D:\my-vue-project\wind-power-forecast\backend\auto_scripts\dataset\dataset_middle\20250323.csv，等待 30 秒后重试...
2025-03-23 10:43:21,636 - 未找到best_models目录，检查传统模型文件
2025-03-23 10:43:21,636 - 未找到任何可用模型文件
2025-03-23 10:43:21,636 - ⏳ 未有可用模型，等待模型训练完成...
2025-03-23 10:43:51,650 - 检查模型目录: D:\my-vue-project\wind-power-forecast\backend\auto_scripts\models\middlemodel\20250323
2025-03-23 10:43:51,650 - ❌ 未找到训练 CSV 文件: D:\my-vue-project\wind-power-forecast\backend\auto_scripts\dataset\dataset_middle\20250323.csv，等待 30 秒后重试...
2025-03-23 10:43:51,651 - 未找到best_models目录，检查传统模型文件
2025-03-23 10:43:51,651 - 未找到任何可用模型文件
2025-03-23 10:43:51,651 - ⏳ 未有可用模型，等待模型训练完成...
2025-03-23 10:44:21,653 - 检查模型目录: D:\my-vue-project\wind-power-forecast\backend\auto_scripts\models\middlemodel\20250323
2025-03-23 10:44:21,653 - ❌ 未找到训练 CSV 文件: D:\my-vue-project\wind-power-forecast\backend\auto_scripts\dataset\dataset_middle\20250323.csv，等待 30 秒后重试...
2025-03-23 10:44:21,653 - 未找到best_models目录，检查传统模型文件
2025-03-23 10:44:21,654 - 未找到任何可用模型文件
2025-03-23 10:44:21,654 - ⏳ 未有可用模型，等待模型训练完成...
2025-03-23 10:44:51,663 - 检查模型目录: D:\my-vue-project\wind-power-forecast\backend\auto_scripts\models\middlemodel\20250323
2025-03-23 10:44:51,663 - ❌ 未找到训练 CSV 文件: D:\my-vue-project\wind-power-forecast\backend\auto_scripts\dataset\dataset_middle\20250323.csv，等待 30 秒后重试...
2025-03-23 10:44:51,663 - 未找到best_models目录，检查传统模型文件
2025-03-23 10:44:51,663 - 未找到任何可用模型文件
2025-03-23 10:44:51,663 - ⏳ 未有可用模型，等待模型训练完成...
2025-03-23 10:45:21,673 - 检查模型目录: D:\my-vue-project\wind-power-forecast\backend\auto_scripts\models\middlemodel\20250323
2025-03-23 10:45:21,673 - ❌ 未找到训练 CSV 文件: D:\my-vue-project\wind-power-forecast\backend\auto_scripts\dataset\dataset_middle\20250323.csv，等待 30 秒后重试...
2025-03-23 10:45:21,674 - 未找到best_models目录，检查传统模型文件
2025-03-23 10:45:21,674 - 未找到任何可用模型文件
2025-03-23 10:45:21,674 - ⏳ 未有可用模型，等待模型训练完成...
2025-03-23 10:45:51,683 - 检查模型目录: D:\my-vue-project\wind-power-forecast\backend\auto_scripts\models\middlemodel\20250323
2025-03-23 10:45:51,683 - ❌ 未找到训练 CSV 文件: D:\my-vue-project\wind-power-forecast\backend\auto_scripts\dataset\dataset_middle\20250323.csv，等待 30 秒后重试...
2025-03-23 10:45:51,683 - 未找到best_models目录，检查传统模型文件
2025-03-23 10:45:51,684 - 未找到任何可用模型文件
2025-03-23 10:45:51,684 - ⏳ 未有可用模型，等待模型训练完成...
2025-03-23 10:46:21,689 - 检查模型目录: D:\my-vue-project\wind-power-forecast\backend\auto_scripts\models\middlemodel\20250323
2025-03-23 10:46:21,689 - ❌ 未找到训练 CSV 文件: D:\my-vue-project\wind-power-forecast\backend\auto_scripts\dataset\dataset_middle\20250323.csv，等待 30 秒后重试...
2025-03-23 10:46:21,689 - 未找到best_models目录，检查传统模型文件
2025-03-23 10:46:21,689 - 未找到任何可用模型文件
2025-03-23 10:46:21,689 - ⏳ 未有可用模型，等待模型训练完成...
2025-03-23 10:46:51,695 - 检查模型目录: D:\my-vue-project\wind-power-forecast\backend\auto_scripts\models\middlemodel\20250323
2025-03-23 10:46:51,696 - ❌ 未找到训练 CSV 文件: D:\my-vue-project\wind-power-forecast\backend\auto_scripts\dataset\dataset_middle\20250323.csv，等待 30 秒后重试...
2025-03-23 10:46:51,696 - 未找到best_models目录，检查传统模型文件
2025-03-23 10:46:51,697 - 未找到任何可用模型文件
2025-03-23 10:46:51,697 - ⏳ 未有可用模型，等待模型训练完成...
2025-03-23 10:47:21,710 - 检查模型目录: D:\my-vue-project\wind-power-forecast\backend\auto_scripts\models\middlemodel\20250323
2025-03-23 10:47:21,711 - ❌ 未找到训练 CSV 文件: D:\my-vue-project\wind-power-forecast\backend\auto_scripts\dataset\dataset_middle\20250323.csv，等待 30 秒后重试...
2025-03-23 10:47:21,712 - 未找到best_models目录，检查传统模型文件
2025-03-23 10:47:21,713 - 未找到任何可用模型文件
2025-03-23 10:47:21,714 - ⏳ 未有可用模型，等待模型训练完成...
2025-03-23 10:47:51,720 - ❌ 未找到训练 CSV 文件: D:\my-vue-project\wind-power-forecast\backend\auto_scripts\dataset\dataset_middle\20250323.csv，等待 30 秒后重试...
2025-03-23 10:47:51,720 - 检查模型目录: D:\my-vue-project\wind-power-forecast\backend\auto_scripts\models\middlemodel\20250323
2025-03-23 10:47:51,720 - 未找到best_models目录，检查传统模型文件
2025-03-23 10:47:51,720 - 未找到任何可用模型文件
2025-03-23 10:47:51,720 - ⏳ 未有可用模型，等待模型训练完成...
2025-03-23 10:48:21,728 - 检查模型目录: D:\my-vue-project\wind-power-forecast\backend\auto_scripts\models\middlemodel\20250323
2025-03-23 10:48:21,728 - ❌ 未找到训练 CSV 文件: D:\my-vue-project\wind-power-forecast\backend\auto_scripts\dataset\dataset_middle\20250323.csv，等待 30 秒后重试...
2025-03-23 10:48:21,728 - 未找到best_models目录，检查传统模型文件
2025-03-23 10:48:21,729 - 未找到任何可用模型文件
2025-03-23 10:48:21,729 - ⏳ 未有可用模型，等待模型训练完成...
2025-03-23 10:48:51,745 - 检查模型目录: D:\my-vue-project\wind-power-forecast\backend\auto_scripts\models\middlemodel\20250323
2025-03-23 10:48:51,746 - ❌ 未找到训练 CSV 文件: D:\my-vue-project\wind-power-forecast\backend\auto_scripts\dataset\dataset_middle\20250323.csv，等待 30 秒后重试...
2025-03-23 10:48:51,747 - 未找到best_models目录，检查传统模型文件
2025-03-23 10:48:51,749 - 未找到任何可用模型文件
2025-03-23 10:48:51,750 - ⏳ 未有可用模型，等待模型训练完成...
2025-03-23 10:49:21,759 - 检查模型目录: D:\my-vue-project\wind-power-forecast\backend\auto_scripts\models\middlemodel\20250323
2025-03-23 10:49:21,760 - ❌ 未找到训练 CSV 文件: D:\my-vue-project\wind-power-forecast\backend\auto_scripts\dataset\dataset_middle\20250323.csv，等待 30 秒后重试...
2025-03-23 10:49:21,762 - 未找到best_models目录，检查传统模型文件
2025-03-23 10:49:21,763 - 未找到任何可用模型文件
2025-03-23 10:49:21,763 - ⏳ 未有可用模型，等待模型训练完成...
2025-03-23 10:49:51,773 - 检查模型目录: D:\my-vue-project\wind-power-forecast\backend\auto_scripts\models\middlemodel\20250323
2025-03-23 10:49:51,773 - ❌ 未找到训练 CSV 文件: D:\my-vue-project\wind-power-forecast\backend\auto_scripts\dataset\dataset_middle\20250323.csv，等待 30 秒后重试...
2025-03-23 10:49:51,773 - 未找到best_models目录，检查传统模型文件
2025-03-23 10:49:51,774 - 未找到任何可用模型文件
2025-03-23 10:49:51,774 - ⏳ 未有可用模型，等待模型训练完成...
2025-03-23 10:50:21,783 - 检查模型目录: D:\my-vue-project\wind-power-forecast\backend\auto_scripts\models\middlemodel\20250323
2025-03-23 10:50:21,783 - ❌ 未找到训练 CSV 文件: D:\my-vue-project\wind-power-forecast\backend\auto_scripts\dataset\dataset_middle\20250323.csv，等待 30 秒后重试...
2025-03-23 10:50:21,783 - 未找到best_models目录，检查传统模型文件
2025-03-23 10:50:21,784 - 未找到任何可用模型文件
2025-03-23 10:50:21,784 - ⏳ 未有可用模型，等待模型训练完成...
2025-03-23 10:50:51,790 - 检查模型目录: D:\my-vue-project\wind-power-forecast\backend\auto_scripts\models\middlemodel\20250323
2025-03-23 10:50:51,790 - ❌ 未找到训练 CSV 文件: D:\my-vue-project\wind-power-forecast\backend\auto_scripts\dataset\dataset_middle\20250323.csv，等待 30 秒后重试...
2025-03-23 10:50:51,790 - 未找到best_models目录，检查传统模型文件
2025-03-23 10:50:51,790 - 未找到任何可用模型文件
2025-03-23 10:50:51,790 - ⏳ 未有可用模型，等待模型训练完成...
