2025-01-09 16:57:16,124 - 今天的日期是: 20250109
2025-01-09 16:57:16,125 - 开始监视 D:\my-vue-project\wind-power-forecast\backend\auto_scripts\dataset\dataset_middle 文件夹以进行训练...
2025-01-09 16:57:16,125 - 开始监视 D:\my-vue-project\wind-power-forecast\backend\auto_scripts\precsv\middlecsv 文件夹以进行预测...
2025-01-09 16:57:16,125 - 未找到训练 CSV 文件，等待 30 秒后重试...
2025-01-09 16:57:16,125 - 未有可用模型，等待模型训练完成...
2025-01-09 16:57:46,133 - 未有可用模型，等待模型训练完成...
2025-01-09 16:57:46,134 - 未找到训练 CSV 文件，等待 30 秒后重试...
2025-01-09 16:58:16,137 - 未有可用模型，等待模型训练完成...
2025-01-09 16:58:16,139 - 未找到训练 CSV 文件，等待 30 秒后重试...
2025-01-09 16:58:46,153 - 未找到训练 CSV 文件，等待 30 秒后重试...
2025-01-09 16:58:46,153 - 未有可用模型，等待模型训练完成...
2025-01-09 16:59:16,160 - 未找到训练 CSV 文件，等待 30 秒后重试...
2025-01-09 16:59:16,160 - 未有可用模型，等待模型训练完成...
2025-01-09 16:59:46,176 - 未找到训练 CSV 文件，等待 30 秒后重试...
2025-01-09 16:59:46,176 - 未有可用模型，等待模型训练完成...
2025-01-09 17:00:16,185 - 未有可用模型，等待模型训练完成...
2025-01-09 17:00:16,185 - 未找到训练 CSV 文件，等待 30 秒后重试...
2025-01-09 17:00:46,191 - 未找到训练 CSV 文件，等待 30 秒后重试...
2025-01-09 17:00:46,191 - 未有可用模型，等待模型训练完成...
2025-01-09 17:01:16,206 - 未找到训练 CSV 文件，等待 30 秒后重试...
2025-01-09 17:01:16,206 - 未有可用模型，等待模型训练完成...
2025-01-09 17:01:46,220 - 未找到训练 CSV 文件，等待 30 秒后重试...
2025-01-09 17:01:46,221 - 未有可用模型，等待模型训练完成...
