2025-01-12 01:00:12,331 - 今天的日期是: 20250112
2025-01-12 01:00:12,332 - 开始监视 D:\my-vue-project\wind-power-forecast\backend\auto_scripts\dataset\dataset_middle 文件夹以进行训练...
2025-01-12 01:00:12,332 - 开始监视 D:\my-vue-project\wind-power-forecast\backend\auto_scripts\precsv\middlecsv 文件夹以进行预测...
2025-01-12 01:00:12,332 - 发现新的训练文件：D:\my-vue-project\wind-power-forecast\backend\auto_scripts\dataset\dataset_middle\20250112.csv，执行训练...
2025-01-12 01:00:12,332 - 输出结果将保存到: D:\my-vue-project\wind-power-forecast\backend\auto_scripts\train_predictions\middle_predictions
2025-01-12 01:00:12,333 - 未有可用模型，等待模型训练完成...
2025-01-12 01:00:13,842 - 数据加载与预处理完成
2025-01-12 01:00:14,264 - 数据标准化完成
2025-01-12 01:00:15,352 - 创建时间窗口完成
2025-01-12 01:00:15,352 - 获取模型参数完成
2025-01-12 01:00:42,356 - 未有可用模型，等待模型训练完成...
2025-01-12 01:01:12,390 - 未有可用模型，等待模型训练完成...
2025-01-12 01:01:42,416 - 未有可用模型，等待模型训练完成...
2025-01-12 01:02:12,435 - 未有可用模型，等待模型训练完成...
2025-01-12 01:02:42,447 - 未有可用模型，等待模型训练完成...
2025-01-12 01:03:12,464 - 未有可用模型，等待模型训练完成...
2025-01-12 01:03:42,483 - 未有可用模型，等待模型训练完成...
2025-01-12 01:04:12,495 - 未有可用模型，等待模型训练完成...
2025-01-12 01:04:42,510 - 未有可用模型，等待模型训练完成...
2025-01-12 01:05:12,515 - 未有可用模型，等待模型训练完成...
2025-01-12 01:05:42,527 - 未有可用模型，等待模型训练完成...
2025-01-12 01:06:12,546 - 未有可用模型，等待模型训练完成...
2025-01-12 01:06:42,560 - 未有可用模型，等待模型训练完成...
2025-01-12 01:07:12,567 - 未有可用模型，等待模型训练完成...
2025-01-12 01:07:42,596 - 未有可用模型，等待模型训练完成...
2025-01-12 01:07:47,580 - 训练与评估完成
2025-01-12 01:07:47,622 - 保存预测结果完成
2025-01-12 01:07:47,857 - 可视化结果完成
2025-01-12 01:07:48,224 - 模型已成功保存到 D:\my-vue-project\wind-power-forecast\backend\auto_scripts\models\middlemodel\20250112，模型可用。
2025-01-12 01:08:12,612 - 未找到预测 CSV 文件，等待 30 秒后重试...
2025-01-12 01:08:42,624 - 未找到预测 CSV 文件，等待 30 秒后重试...
2025-01-12 01:09:12,636 - 未找到预测 CSV 文件，等待 30 秒后重试...
2025-01-12 01:09:42,644 - 未找到预测 CSV 文件，等待 30 秒后重试...
2025-01-12 01:10:12,657 - 未找到预测 CSV 文件，等待 30 秒后重试...
2025-01-12 01:10:42,672 - 未找到预测 CSV 文件，等待 30 秒后重试...
2025-01-12 01:11:12,676 - 未找到预测 CSV 文件，等待 30 秒后重试...
2025-01-12 01:11:42,688 - 未找到预测 CSV 文件，等待 30 秒后重试...
2025-01-12 01:12:12,693 - 未找到预测 CSV 文件，等待 30 秒后重试...
2025-01-12 01:12:42,696 - 未找到预测 CSV 文件，等待 30 秒后重试...
2025-01-12 01:13:12,697 - 未找到预测 CSV 文件，等待 30 秒后重试...
2025-01-12 01:13:42,708 - 未找到预测 CSV 文件，等待 30 秒后重试...
2025-01-12 01:14:12,722 - 未找到预测 CSV 文件，等待 30 秒后重试...
2025-01-12 01:14:42,733 - 未找到预测 CSV 文件，等待 30 秒后重试...
2025-01-12 01:15:12,737 - 未找到预测 CSV 文件，等待 30 秒后重试...
2025-01-12 01:15:42,746 - 未找到预测 CSV 文件，等待 30 秒后重试...
2025-01-12 01:16:12,751 - 未找到预测 CSV 文件，等待 30 秒后重试...
2025-01-12 01:16:42,755 - 未找到预测 CSV 文件，等待 30 秒后重试...
2025-01-12 01:17:12,769 - 未找到预测 CSV 文件，等待 30 秒后重试...
2025-01-12 01:17:42,785 - 未找到预测 CSV 文件，等待 30 秒后重试...
2025-01-12 01:18:12,801 - 未找到预测 CSV 文件，等待 30 秒后重试...
2025-01-12 01:18:42,805 - 未找到预测 CSV 文件，等待 30 秒后重试...
2025-01-12 01:19:12,809 - 未找到预测 CSV 文件，等待 30 秒后重试...
2025-01-12 01:19:42,816 - 未找到预测 CSV 文件，等待 30 秒后重试...
2025-01-12 01:20:12,817 - 未找到预测 CSV 文件，等待 30 秒后重试...
2025-01-12 01:20:42,826 - 未找到预测 CSV 文件，等待 30 秒后重试...
2025-01-12 01:21:12,840 - 未找到预测 CSV 文件，等待 30 秒后重试...
2025-01-12 01:21:42,846 - 未找到预测 CSV 文件，等待 30 秒后重试...
2025-01-12 01:22:12,862 - 未找到预测 CSV 文件，等待 30 秒后重试...
2025-01-12 01:22:42,865 - 未找到预测 CSV 文件，等待 30 秒后重试...
2025-01-12 01:23:12,872 - 未找到预测 CSV 文件，等待 30 秒后重试...
2025-01-12 01:23:42,885 - 未找到预测 CSV 文件，等待 30 秒后重试...
2025-01-12 01:24:12,893 - 未找到预测 CSV 文件，等待 30 秒后重试...
2025-01-12 01:24:42,898 - 未找到预测 CSV 文件，等待 30 秒后重试...
2025-01-12 01:25:12,900 - 未找到预测 CSV 文件，等待 30 秒后重试...
2025-01-12 01:25:42,908 - 未找到预测 CSV 文件，等待 30 秒后重试...
2025-01-12 01:26:12,913 - 未找到预测 CSV 文件，等待 30 秒后重试...
2025-01-12 01:26:42,928 - 未找到预测 CSV 文件，等待 30 秒后重试...
2025-01-12 01:27:12,940 - 未找到预测 CSV 文件，等待 30 秒后重试...
2025-01-12 01:27:42,955 - 未找到预测 CSV 文件，等待 30 秒后重试...
2025-01-12 01:28:12,961 - 未找到预测 CSV 文件，等待 30 秒后重试...
2025-01-12 01:28:42,970 - 未找到预测 CSV 文件，等待 30 秒后重试...
2025-01-12 01:29:12,974 - 未找到预测 CSV 文件，等待 30 秒后重试...
2025-01-12 01:29:42,983 - 未找到预测 CSV 文件，等待 30 秒后重试...
2025-01-12 01:30:12,987 - 未找到预测 CSV 文件，等待 30 秒后重试...
2025-01-12 01:30:42,994 - 未找到预测 CSV 文件，等待 30 秒后重试...
2025-01-12 01:31:13,000 - 未找到预测 CSV 文件，等待 30 秒后重试...
2025-01-12 01:31:43,007 - 未找到预测 CSV 文件，等待 30 秒后重试...
2025-01-12 01:32:13,011 - 未找到预测 CSV 文件，等待 30 秒后重试...
2025-01-12 01:32:43,023 - 未找到预测 CSV 文件，等待 30 秒后重试...
2025-01-12 01:33:13,036 - 未找到预测 CSV 文件，等待 30 秒后重试...
2025-01-12 01:33:43,046 - 未找到预测 CSV 文件，等待 30 秒后重试...
2025-01-12 01:34:13,055 - 未找到预测 CSV 文件，等待 30 秒后重试...
2025-01-12 01:34:43,071 - 未找到预测 CSV 文件，等待 30 秒后重试...
2025-01-12 01:35:13,082 - 未找到预测 CSV 文件，等待 30 秒后重试...
2025-01-12 01:35:43,091 - 未找到预测 CSV 文件，等待 30 秒后重试...
2025-01-12 01:36:13,099 - 未找到预测 CSV 文件，等待 30 秒后重试...
2025-01-12 01:36:43,113 - 未找到预测 CSV 文件，等待 30 秒后重试...
2025-01-12 01:37:13,127 - 未找到预测 CSV 文件，等待 30 秒后重试...
2025-01-12 01:37:43,142 - 未找到预测 CSV 文件，等待 30 秒后重试...
2025-01-12 01:38:13,152 - 未找到预测 CSV 文件，等待 30 秒后重试...
2025-01-12 01:38:43,163 - 未找到预测 CSV 文件，等待 30 秒后重试...
2025-01-12 01:39:13,172 - 未找到预测 CSV 文件，等待 30 秒后重试...
2025-01-12 01:39:43,186 - 未找到预测 CSV 文件，等待 30 秒后重试...
2025-01-12 01:40:13,190 - 未找到预测 CSV 文件，等待 30 秒后重试...
2025-01-12 01:40:43,192 - 未找到预测 CSV 文件，等待 30 秒后重试...
2025-01-12 01:41:13,201 - 未找到预测 CSV 文件，等待 30 秒后重试...
2025-01-12 01:41:43,215 - 未找到预测 CSV 文件，等待 30 秒后重试...
2025-01-12 01:42:13,232 - 未找到预测 CSV 文件，等待 30 秒后重试...
2025-01-12 01:42:43,244 - 未找到预测 CSV 文件，等待 30 秒后重试...
2025-01-12 01:43:13,253 - 未找到预测 CSV 文件，等待 30 秒后重试...
2025-01-12 01:43:43,259 - 未找到预测 CSV 文件，等待 30 秒后重试...
2025-01-12 01:44:13,270 - 未找到预测 CSV 文件，等待 30 秒后重试...
2025-01-12 01:44:43,279 - 未找到预测 CSV 文件，等待 30 秒后重试...
2025-01-12 01:45:13,283 - 未找到预测 CSV 文件，等待 30 秒后重试...
2025-01-12 01:45:43,285 - 未找到预测 CSV 文件，等待 30 秒后重试...
2025-01-12 01:46:13,287 - 未找到预测 CSV 文件，等待 30 秒后重试...
2025-01-12 01:46:43,296 - 未找到预测 CSV 文件，等待 30 秒后重试...
2025-01-12 01:47:13,307 - 未找到预测 CSV 文件，等待 30 秒后重试...
2025-01-12 01:47:43,317 - 未找到预测 CSV 文件，等待 30 秒后重试...
2025-01-12 01:48:13,327 - 未找到预测 CSV 文件，等待 30 秒后重试...
2025-01-12 01:48:43,330 - 未找到预测 CSV 文件，等待 30 秒后重试...
2025-01-12 01:49:13,334 - 未找到预测 CSV 文件，等待 30 秒后重试...
2025-01-12 01:49:43,339 - 未找到预测 CSV 文件，等待 30 秒后重试...
2025-01-12 01:50:13,355 - 未找到预测 CSV 文件，等待 30 秒后重试...
2025-01-12 01:50:43,369 - 未找到预测 CSV 文件，等待 30 秒后重试...
2025-01-12 01:51:13,376 - 未找到预测 CSV 文件，等待 30 秒后重试...
2025-01-12 01:51:43,387 - 未找到预测 CSV 文件，等待 30 秒后重试...
2025-01-12 01:52:13,401 - 未找到预测 CSV 文件，等待 30 秒后重试...
2025-01-12 01:52:43,406 - 未找到预测 CSV 文件，等待 30 秒后重试...
2025-01-12 01:53:13,417 - 未找到预测 CSV 文件，等待 30 秒后重试...
2025-01-12 01:53:43,422 - 未找到预测 CSV 文件，等待 30 秒后重试...
2025-01-12 01:54:13,430 - 未找到预测 CSV 文件，等待 30 秒后重试...
2025-01-12 01:54:43,434 - 未找到预测 CSV 文件，等待 30 秒后重试...
2025-01-12 01:55:13,441 - 未找到预测 CSV 文件，等待 30 秒后重试...
2025-01-12 01:55:43,445 - 未找到预测 CSV 文件，等待 30 秒后重试...
2025-01-12 01:56:13,448 - 未找到预测 CSV 文件，等待 30 秒后重试...
2025-01-12 01:56:43,462 - 未找到预测 CSV 文件，等待 30 秒后重试...
2025-01-12 01:57:13,469 - 未找到预测 CSV 文件，等待 30 秒后重试...
2025-01-12 01:57:43,475 - 未找到预测 CSV 文件，等待 30 秒后重试...
2025-01-12 01:58:13,487 - 未找到预测 CSV 文件，等待 30 秒后重试...
2025-01-12 01:58:43,488 - 未找到预测 CSV 文件，等待 30 秒后重试...
2025-01-12 01:59:13,496 - 未找到预测 CSV 文件，等待 30 秒后重试...
2025-01-12 01:59:43,498 - 未找到预测 CSV 文件，等待 30 秒后重试...
2025-01-12 02:00:13,503 - 未找到预测 CSV 文件，等待 30 秒后重试...
2025-01-12 02:00:43,516 - 未找到预测 CSV 文件，等待 30 秒后重试...
2025-01-12 02:01:13,519 - 未找到预测 CSV 文件，等待 30 秒后重试...
2025-01-12 02:01:43,535 - 未找到预测 CSV 文件，等待 30 秒后重试...
2025-01-12 02:02:13,546 - 未找到预测 CSV 文件，等待 30 秒后重试...
2025-01-12 02:02:43,554 - 未找到预测 CSV 文件，等待 30 秒后重试...
2025-01-12 02:03:13,570 - 未找到预测 CSV 文件，等待 30 秒后重试...
2025-01-12 02:03:43,585 - 未找到预测 CSV 文件，等待 30 秒后重试...
2025-01-12 02:04:13,590 - 未找到预测 CSV 文件，等待 30 秒后重试...
2025-01-12 02:04:43,599 - 未找到预测 CSV 文件，等待 30 秒后重试...
2025-01-12 02:05:13,612 - 未找到预测 CSV 文件，等待 30 秒后重试...
2025-01-12 02:05:43,619 - 未找到预测 CSV 文件，等待 30 秒后重试...
2025-01-12 02:06:13,626 - 未找到预测 CSV 文件，等待 30 秒后重试...
2025-01-12 02:06:43,630 - 未找到预测 CSV 文件，等待 30 秒后重试...
2025-01-12 02:07:13,644 - 未找到预测 CSV 文件，等待 30 秒后重试...
2025-01-12 02:07:43,651 - 未找到预测 CSV 文件，等待 30 秒后重试...
2025-01-12 02:08:13,666 - 未找到预测 CSV 文件，等待 30 秒后重试...
2025-01-12 02:08:43,675 - 未找到预测 CSV 文件，等待 30 秒后重试...
2025-01-12 02:09:13,681 - 未找到预测 CSV 文件，等待 30 秒后重试...
2025-01-12 02:09:43,695 - 未找到预测 CSV 文件，等待 30 秒后重试...
2025-01-12 02:10:13,700 - 未找到预测 CSV 文件，等待 30 秒后重试...
2025-01-12 02:10:43,704 - 未找到预测 CSV 文件，等待 30 秒后重试...
2025-01-12 02:11:13,713 - 未找到预测 CSV 文件，等待 30 秒后重试...
2025-01-12 02:11:43,716 - 未找到预测 CSV 文件，等待 30 秒后重试...
2025-01-12 02:12:13,723 - 未找到预测 CSV 文件，等待 30 秒后重试...
2025-01-12 02:12:43,735 - 未找到预测 CSV 文件，等待 30 秒后重试...
2025-01-12 02:13:13,738 - 未找到预测 CSV 文件，等待 30 秒后重试...
2025-01-12 02:13:43,746 - 未找到预测 CSV 文件，等待 30 秒后重试...
2025-01-12 02:14:13,748 - 未找到预测 CSV 文件，等待 30 秒后重试...
2025-01-12 02:14:43,755 - 未找到预测 CSV 文件，等待 30 秒后重试...
2025-01-12 02:15:13,771 - 未找到预测 CSV 文件，等待 30 秒后重试...
2025-01-12 02:15:43,777 - 未找到预测 CSV 文件，等待 30 秒后重试...
2025-01-12 02:16:13,781 - 未找到预测 CSV 文件，等待 30 秒后重试...
2025-01-12 02:16:43,786 - 未找到预测 CSV 文件，等待 30 秒后重试...
2025-01-12 02:17:13,791 - 未找到预测 CSV 文件，等待 30 秒后重试...
2025-01-12 02:17:43,796 - 未找到预测 CSV 文件，等待 30 秒后重试...
2025-01-12 02:18:13,808 - 未找到预测 CSV 文件，等待 30 秒后重试...
2025-01-12 02:18:43,819 - 未找到预测 CSV 文件，等待 30 秒后重试...
2025-01-12 02:19:13,823 - 未找到预测 CSV 文件，等待 30 秒后重试...
2025-01-12 02:19:43,830 - 未找到预测 CSV 文件，等待 30 秒后重试...
2025-01-12 02:20:13,835 - 未找到预测 CSV 文件，等待 30 秒后重试...
2025-01-12 02:20:43,846 - 未找到预测 CSV 文件，等待 30 秒后重试...
2025-01-12 02:21:13,860 - 未找到预测 CSV 文件，等待 30 秒后重试...
2025-01-12 02:21:43,866 - 未找到预测 CSV 文件，等待 30 秒后重试...
2025-01-12 02:22:13,880 - 未找到预测 CSV 文件，等待 30 秒后重试...
2025-01-12 02:22:43,892 - 未找到预测 CSV 文件，等待 30 秒后重试...
2025-01-12 02:23:13,901 - 未找到预测 CSV 文件，等待 30 秒后重试...
2025-01-12 02:23:43,912 - 未找到预测 CSV 文件，等待 30 秒后重试...
2025-01-12 02:24:13,925 - 未找到预测 CSV 文件，等待 30 秒后重试...
2025-01-12 02:24:43,934 - 未找到预测 CSV 文件，等待 30 秒后重试...
2025-01-12 02:25:13,945 - 未找到预测 CSV 文件，等待 30 秒后重试...
2025-01-12 02:25:43,951 - 未找到预测 CSV 文件，等待 30 秒后重试...
2025-01-12 02:26:13,955 - 未找到预测 CSV 文件，等待 30 秒后重试...
2025-01-12 02:26:43,958 - 未找到预测 CSV 文件，等待 30 秒后重试...
2025-01-12 02:27:13,975 - 未找到预测 CSV 文件，等待 30 秒后重试...
2025-01-12 02:27:43,984 - 未找到预测 CSV 文件，等待 30 秒后重试...
2025-01-12 02:28:13,999 - 未找到预测 CSV 文件，等待 30 秒后重试...
2025-01-12 02:28:44,001 - 未找到预测 CSV 文件，等待 30 秒后重试...
2025-01-12 02:29:14,010 - 未找到预测 CSV 文件，等待 30 秒后重试...
2025-01-12 02:29:44,025 - 未找到预测 CSV 文件，等待 30 秒后重试...
2025-01-12 02:30:14,037 - 未找到预测 CSV 文件，等待 30 秒后重试...
2025-01-12 02:30:44,047 - 未找到预测 CSV 文件，等待 30 秒后重试...
2025-01-12 02:31:14,053 - 未找到预测 CSV 文件，等待 30 秒后重试...
2025-01-12 02:31:44,058 - 未找到预测 CSV 文件，等待 30 秒后重试...
2025-01-12 02:32:14,065 - 未找到预测 CSV 文件，等待 30 秒后重试...
2025-01-12 02:32:44,073 - 未找到预测 CSV 文件，等待 30 秒后重试...
2025-01-12 02:33:14,080 - 未找到预测 CSV 文件，等待 30 秒后重试...
2025-01-12 02:33:44,091 - 未找到预测 CSV 文件，等待 30 秒后重试...
2025-01-12 02:34:14,100 - 未找到预测 CSV 文件，等待 30 秒后重试...
2025-01-12 02:34:44,104 - 未找到预测 CSV 文件，等待 30 秒后重试...
2025-01-12 02:35:14,106 - 未找到预测 CSV 文件，等待 30 秒后重试...
2025-01-12 02:35:44,119 - 未找到预测 CSV 文件，等待 30 秒后重试...
2025-01-12 02:36:14,126 - 未找到预测 CSV 文件，等待 30 秒后重试...
2025-01-12 02:36:44,139 - 未找到预测 CSV 文件，等待 30 秒后重试...
2025-01-12 02:37:14,147 - 未找到预测 CSV 文件，等待 30 秒后重试...
2025-01-12 02:37:44,160 - 未找到预测 CSV 文件，等待 30 秒后重试...
2025-01-12 02:38:14,177 - 未找到预测 CSV 文件，等待 30 秒后重试...
2025-01-12 02:38:44,182 - 未找到预测 CSV 文件，等待 30 秒后重试...
2025-01-12 02:39:14,193 - 未找到预测 CSV 文件，等待 30 秒后重试...
2025-01-12 02:39:44,209 - 未找到预测 CSV 文件，等待 30 秒后重试...
2025-01-12 02:40:14,212 - 未找到预测 CSV 文件，等待 30 秒后重试...
2025-01-12 02:40:44,227 - 未找到预测 CSV 文件，等待 30 秒后重试...
2025-01-12 02:41:14,234 - 未找到预测 CSV 文件，等待 30 秒后重试...
2025-01-12 02:41:44,242 - 未找到预测 CSV 文件，等待 30 秒后重试...
2025-01-12 02:42:14,243 - 未找到预测 CSV 文件，等待 30 秒后重试...
2025-01-12 02:42:44,247 - 未找到预测 CSV 文件，等待 30 秒后重试...
2025-01-12 02:43:14,263 - 未找到预测 CSV 文件，等待 30 秒后重试...
2025-01-12 02:43:44,272 - 未找到预测 CSV 文件，等待 30 秒后重试...
2025-01-12 02:44:14,285 - 未找到预测 CSV 文件，等待 30 秒后重试...
2025-01-12 02:44:44,288 - 未找到预测 CSV 文件，等待 30 秒后重试...
2025-01-12 02:45:14,293 - 未找到预测 CSV 文件，等待 30 秒后重试...
2025-01-12 02:45:44,295 - 未找到预测 CSV 文件，等待 30 秒后重试...
2025-01-12 02:46:14,298 - 未找到预测 CSV 文件，等待 30 秒后重试...
2025-01-12 02:46:44,314 - 未找到预测 CSV 文件，等待 30 秒后重试...
2025-01-12 02:47:14,323 - 未找到预测 CSV 文件，等待 30 秒后重试...
2025-01-12 02:47:44,324 - 未找到预测 CSV 文件，等待 30 秒后重试...
2025-01-12 02:48:14,327 - 未找到预测 CSV 文件，等待 30 秒后重试...
2025-01-12 02:48:44,344 - 未找到预测 CSV 文件，等待 30 秒后重试...
2025-01-12 02:49:14,349 - 未找到预测 CSV 文件，等待 30 秒后重试...
2025-01-12 02:49:44,364 - 未找到预测 CSV 文件，等待 30 秒后重试...
2025-01-12 02:50:14,369 - 未找到预测 CSV 文件，等待 30 秒后重试...
2025-01-12 02:50:44,383 - 未找到预测 CSV 文件，等待 30 秒后重试...
2025-01-12 02:51:14,396 - 未找到预测 CSV 文件，等待 30 秒后重试...
2025-01-12 02:51:44,407 - 未找到预测 CSV 文件，等待 30 秒后重试...
2025-01-12 02:52:14,416 - 未找到预测 CSV 文件，等待 30 秒后重试...
2025-01-12 02:52:44,424 - 未找到预测 CSV 文件，等待 30 秒后重试...
2025-01-12 02:53:14,430 - 未找到预测 CSV 文件，等待 30 秒后重试...
2025-01-12 02:53:44,444 - 未找到预测 CSV 文件，等待 30 秒后重试...
2025-01-12 02:54:14,459 - 未找到预测 CSV 文件，等待 30 秒后重试...
2025-01-12 02:54:44,472 - 未找到预测 CSV 文件，等待 30 秒后重试...
2025-01-12 02:55:14,485 - 未找到预测 CSV 文件，等待 30 秒后重试...
2025-01-12 02:55:44,497 - 未找到预测 CSV 文件，等待 30 秒后重试...
2025-01-12 02:56:14,503 - 未找到预测 CSV 文件，等待 30 秒后重试...
2025-01-12 02:56:44,510 - 未找到预测 CSV 文件，等待 30 秒后重试...
2025-01-12 02:57:14,524 - 未找到预测 CSV 文件，等待 30 秒后重试...
2025-01-12 02:57:44,533 - 未找到预测 CSV 文件，等待 30 秒后重试...
2025-01-12 02:58:14,541 - 未找到预测 CSV 文件，等待 30 秒后重试...
2025-01-12 02:58:44,551 - 未找到预测 CSV 文件，等待 30 秒后重试...
2025-01-12 02:59:14,566 - 未找到预测 CSV 文件，等待 30 秒后重试...
2025-01-12 02:59:44,569 - 未找到预测 CSV 文件，等待 30 秒后重试...
2025-01-12 03:00:14,580 - 未找到预测 CSV 文件，等待 30 秒后重试...
2025-01-12 03:00:44,592 - 未找到预测 CSV 文件，等待 30 秒后重试...
2025-01-12 03:01:14,608 - 未找到预测 CSV 文件，等待 30 秒后重试...
2025-01-12 03:01:44,623 - 未找到预测 CSV 文件，等待 30 秒后重试...
2025-01-12 03:02:14,637 - 未找到预测 CSV 文件，等待 30 秒后重试...
2025-01-12 03:02:44,644 - 未找到预测 CSV 文件，等待 30 秒后重试...
2025-01-12 03:03:14,648 - 未找到预测 CSV 文件，等待 30 秒后重试...
2025-01-12 03:03:44,659 - 未找到预测 CSV 文件，等待 30 秒后重试...
2025-01-12 03:04:14,674 - 未找到预测 CSV 文件，等待 30 秒后重试...
2025-01-12 03:04:44,677 - 未找到预测 CSV 文件，等待 30 秒后重试...
2025-01-12 03:05:14,681 - 未找到预测 CSV 文件，等待 30 秒后重试...
2025-01-12 03:05:44,690 - 未找到预测 CSV 文件，等待 30 秒后重试...
2025-01-12 03:06:14,699 - 未找到预测 CSV 文件，等待 30 秒后重试...
2025-01-12 03:06:44,704 - 未找到预测 CSV 文件，等待 30 秒后重试...
2025-01-12 03:07:14,720 - 未找到预测 CSV 文件，等待 30 秒后重试...
2025-01-12 03:07:44,723 - 未找到预测 CSV 文件，等待 30 秒后重试...
2025-01-12 03:08:14,730 - 未找到预测 CSV 文件，等待 30 秒后重试...
2025-01-12 03:08:44,736 - 未找到预测 CSV 文件，等待 30 秒后重试...
2025-01-12 03:09:14,741 - 未找到预测 CSV 文件，等待 30 秒后重试...
2025-01-12 03:09:44,744 - 未找到预测 CSV 文件，等待 30 秒后重试...
2025-01-12 03:10:14,759 - 未找到预测 CSV 文件，等待 30 秒后重试...
2025-01-12 03:10:44,774 - 未找到预测 CSV 文件，等待 30 秒后重试...
2025-01-12 03:11:14,785 - 未找到预测 CSV 文件，等待 30 秒后重试...
2025-01-12 03:11:44,788 - 未找到预测 CSV 文件，等待 30 秒后重试...
2025-01-12 03:12:14,800 - 未找到预测 CSV 文件，等待 30 秒后重试...
2025-01-12 03:12:44,805 - 未找到预测 CSV 文件，等待 30 秒后重试...
2025-01-12 03:13:14,819 - 未找到预测 CSV 文件，等待 30 秒后重试...
2025-01-12 03:13:44,828 - 未找到预测 CSV 文件，等待 30 秒后重试...
2025-01-12 03:14:14,842 - 未找到预测 CSV 文件，等待 30 秒后重试...
2025-01-12 03:14:44,850 - 未找到预测 CSV 文件，等待 30 秒后重试...
2025-01-12 03:15:14,865 - 未找到预测 CSV 文件，等待 30 秒后重试...
2025-01-12 03:15:44,879 - 未找到预测 CSV 文件，等待 30 秒后重试...
2025-01-12 03:16:14,887 - 未找到预测 CSV 文件，等待 30 秒后重试...
2025-01-12 03:16:44,890 - 未找到预测 CSV 文件，等待 30 秒后重试...
2025-01-12 03:17:14,900 - 未找到预测 CSV 文件，等待 30 秒后重试...
2025-01-12 03:17:44,909 - 未找到预测 CSV 文件，等待 30 秒后重试...
2025-01-12 03:18:14,916 - 未找到预测 CSV 文件，等待 30 秒后重试...
2025-01-12 03:18:44,928 - 未找到预测 CSV 文件，等待 30 秒后重试...
2025-01-12 03:19:14,944 - 未找到预测 CSV 文件，等待 30 秒后重试...
2025-01-12 03:19:44,959 - 未找到预测 CSV 文件，等待 30 秒后重试...
2025-01-12 03:20:14,963 - 未找到预测 CSV 文件，等待 30 秒后重试...
2025-01-12 03:20:44,975 - 未找到预测 CSV 文件，等待 30 秒后重试...
2025-01-12 03:21:14,990 - 未找到预测 CSV 文件，等待 30 秒后重试...
2025-01-12 03:21:44,996 - 未找到预测 CSV 文件，等待 30 秒后重试...
2025-01-12 03:22:15,007 - 未找到预测 CSV 文件，等待 30 秒后重试...
2025-01-12 03:22:45,022 - 未找到预测 CSV 文件，等待 30 秒后重试...
2025-01-12 03:23:15,031 - 未找到预测 CSV 文件，等待 30 秒后重试...
2025-01-12 03:23:45,044 - 未找到预测 CSV 文件，等待 30 秒后重试...
2025-01-12 03:24:15,052 - 未找到预测 CSV 文件，等待 30 秒后重试...
2025-01-12 03:24:45,063 - 未找到预测 CSV 文件，等待 30 秒后重试...
2025-01-12 03:25:15,070 - 未找到预测 CSV 文件，等待 30 秒后重试...
2025-01-12 03:25:45,085 - 未找到预测 CSV 文件，等待 30 秒后重试...
2025-01-12 03:26:15,095 - 未找到预测 CSV 文件，等待 30 秒后重试...
2025-01-12 03:26:45,107 - 未找到预测 CSV 文件，等待 30 秒后重试...
2025-01-12 03:27:15,119 - 未找到预测 CSV 文件，等待 30 秒后重试...
2025-01-12 03:27:45,130 - 未找到预测 CSV 文件，等待 30 秒后重试...
2025-01-12 03:28:15,134 - 未找到预测 CSV 文件，等待 30 秒后重试...
2025-01-12 03:28:45,140 - 未找到预测 CSV 文件，等待 30 秒后重试...
2025-01-12 03:29:15,149 - 未找到预测 CSV 文件，等待 30 秒后重试...
2025-01-12 03:29:45,158 - 未找到预测 CSV 文件，等待 30 秒后重试...
2025-01-12 03:30:15,170 - 未找到预测 CSV 文件，等待 30 秒后重试...
2025-01-12 03:30:45,182 - 未找到预测 CSV 文件，等待 30 秒后重试...
2025-01-12 03:31:15,186 - 未找到预测 CSV 文件，等待 30 秒后重试...
2025-01-12 03:31:45,194 - 未找到预测 CSV 文件，等待 30 秒后重试...
2025-01-12 03:32:15,208 - 未找到预测 CSV 文件，等待 30 秒后重试...
2025-01-12 03:32:45,225 - 未找到预测 CSV 文件，等待 30 秒后重试...
2025-01-12 03:33:15,227 - 未找到预测 CSV 文件，等待 30 秒后重试...
2025-01-12 03:33:45,230 - 未找到预测 CSV 文件，等待 30 秒后重试...
2025-01-12 03:34:15,243 - 未找到预测 CSV 文件，等待 30 秒后重试...
2025-01-12 03:34:45,255 - 未找到预测 CSV 文件，等待 30 秒后重试...
2025-01-12 03:35:15,265 - 未找到预测 CSV 文件，等待 30 秒后重试...
2025-01-12 03:35:45,280 - 未找到预测 CSV 文件，等待 30 秒后重试...
2025-01-12 03:36:15,286 - 未找到预测 CSV 文件，等待 30 秒后重试...
2025-01-12 03:36:45,298 - 未找到预测 CSV 文件，等待 30 秒后重试...
2025-01-12 03:37:15,304 - 未找到预测 CSV 文件，等待 30 秒后重试...
2025-01-12 03:37:45,306 - 未找到预测 CSV 文件，等待 30 秒后重试...
2025-01-12 03:38:15,310 - 未找到预测 CSV 文件，等待 30 秒后重试...
2025-01-12 03:38:45,326 - 未找到预测 CSV 文件，等待 30 秒后重试...
2025-01-12 03:39:15,342 - 未找到预测 CSV 文件，等待 30 秒后重试...
2025-01-12 03:39:45,350 - 未找到预测 CSV 文件，等待 30 秒后重试...
2025-01-12 03:40:15,358 - 未找到预测 CSV 文件，等待 30 秒后重试...
2025-01-12 03:40:45,363 - 未找到预测 CSV 文件，等待 30 秒后重试...
2025-01-12 03:41:15,373 - 未找到预测 CSV 文件，等待 30 秒后重试...
2025-01-12 03:41:45,387 - 未找到预测 CSV 文件，等待 30 秒后重试...
2025-01-12 03:42:15,402 - 未找到预测 CSV 文件，等待 30 秒后重试...
2025-01-12 03:42:45,403 - 未找到预测 CSV 文件，等待 30 秒后重试...
2025-01-12 03:43:15,419 - 未找到预测 CSV 文件，等待 30 秒后重试...
2025-01-12 03:43:45,431 - 未找到预测 CSV 文件，等待 30 秒后重试...
2025-01-12 03:44:15,436 - 未找到预测 CSV 文件，等待 30 秒后重试...
2025-01-12 03:44:45,439 - 未找到预测 CSV 文件，等待 30 秒后重试...
2025-01-12 03:45:15,445 - 未找到预测 CSV 文件，等待 30 秒后重试...
2025-01-12 03:45:45,452 - 未找到预测 CSV 文件，等待 30 秒后重试...
2025-01-12 03:46:15,459 - 未找到预测 CSV 文件，等待 30 秒后重试...
2025-01-12 03:46:45,473 - 未找到预测 CSV 文件，等待 30 秒后重试...
2025-01-12 03:47:15,479 - 未找到预测 CSV 文件，等待 30 秒后重试...
2025-01-12 03:47:45,493 - 未找到预测 CSV 文件，等待 30 秒后重试...
2025-01-12 03:48:15,504 - 未找到预测 CSV 文件，等待 30 秒后重试...
2025-01-12 03:48:45,516 - 未找到预测 CSV 文件，等待 30 秒后重试...
2025-01-12 03:49:15,533 - 未找到预测 CSV 文件，等待 30 秒后重试...
2025-01-12 03:49:45,538 - 未找到预测 CSV 文件，等待 30 秒后重试...
2025-01-12 03:50:15,545 - 未找到预测 CSV 文件，等待 30 秒后重试...
2025-01-12 03:50:45,552 - 未找到预测 CSV 文件，等待 30 秒后重试...
2025-01-12 03:51:15,558 - 未找到预测 CSV 文件，等待 30 秒后重试...
2025-01-12 03:51:45,567 - 未找到预测 CSV 文件，等待 30 秒后重试...
2025-01-12 03:52:15,579 - 未找到预测 CSV 文件，等待 30 秒后重试...
2025-01-12 03:52:45,589 - 未找到预测 CSV 文件，等待 30 秒后重试...
2025-01-12 03:53:15,602 - 未找到预测 CSV 文件，等待 30 秒后重试...
2025-01-12 03:53:45,607 - 未找到预测 CSV 文件，等待 30 秒后重试...
2025-01-12 03:54:15,610 - 未找到预测 CSV 文件，等待 30 秒后重试...
2025-01-12 03:54:45,618 - 未找到预测 CSV 文件，等待 30 秒后重试...
2025-01-12 03:55:15,621 - 未找到预测 CSV 文件，等待 30 秒后重试...
2025-01-12 03:55:45,625 - 未找到预测 CSV 文件，等待 30 秒后重试...
2025-01-12 03:56:15,632 - 未找到预测 CSV 文件，等待 30 秒后重试...
2025-01-12 03:56:45,641 - 未找到预测 CSV 文件，等待 30 秒后重试...
2025-01-12 03:57:15,654 - 未找到预测 CSV 文件，等待 30 秒后重试...
2025-01-12 03:57:45,662 - 未找到预测 CSV 文件，等待 30 秒后重试...
2025-01-12 03:58:15,667 - 未找到预测 CSV 文件，等待 30 秒后重试...
2025-01-12 03:58:45,669 - 未找到预测 CSV 文件，等待 30 秒后重试...
2025-01-12 03:59:15,685 - 未找到预测 CSV 文件，等待 30 秒后重试...
2025-01-12 03:59:45,698 - 未找到预测 CSV 文件，等待 30 秒后重试...
2025-01-12 04:00:15,713 - 未找到预测 CSV 文件，等待 30 秒后重试...
2025-01-12 04:00:45,723 - 未找到预测 CSV 文件，等待 30 秒后重试...
2025-01-12 04:01:15,729 - 未找到预测 CSV 文件，等待 30 秒后重试...
2025-01-12 04:01:45,737 - 未找到预测 CSV 文件，等待 30 秒后重试...
2025-01-12 04:02:15,746 - 未找到预测 CSV 文件，等待 30 秒后重试...
2025-01-12 04:02:45,760 - 未找到预测 CSV 文件，等待 30 秒后重试...
2025-01-12 04:03:15,774 - 未找到预测 CSV 文件，等待 30 秒后重试...
2025-01-12 04:03:45,775 - 未找到预测 CSV 文件，等待 30 秒后重试...
2025-01-12 04:04:15,780 - 未找到预测 CSV 文件，等待 30 秒后重试...
2025-01-12 04:04:45,795 - 未找到预测 CSV 文件，等待 30 秒后重试...
2025-01-12 04:05:15,812 - 未找到预测 CSV 文件，等待 30 秒后重试...
2025-01-12 04:05:45,826 - 未找到预测 CSV 文件，等待 30 秒后重试...
2025-01-12 04:06:15,839 - 未找到预测 CSV 文件，等待 30 秒后重试...
2025-01-12 04:06:45,856 - 未找到预测 CSV 文件，等待 30 秒后重试...
2025-01-12 04:07:15,864 - 未找到预测 CSV 文件，等待 30 秒后重试...
2025-01-12 04:07:45,870 - 未找到预测 CSV 文件，等待 30 秒后重试...
2025-01-12 04:08:15,887 - 未找到预测 CSV 文件，等待 30 秒后重试...
2025-01-12 04:08:45,892 - 未找到预测 CSV 文件，等待 30 秒后重试...
2025-01-12 04:09:15,906 - 未找到预测 CSV 文件，等待 30 秒后重试...
2025-01-12 04:09:45,917 - 未找到预测 CSV 文件，等待 30 秒后重试...
2025-01-12 04:10:15,932 - 未找到预测 CSV 文件，等待 30 秒后重试...
2025-01-12 04:10:45,940 - 未找到预测 CSV 文件，等待 30 秒后重试...
2025-01-12 04:11:15,951 - 未找到预测 CSV 文件，等待 30 秒后重试...
2025-01-12 04:11:45,959 - 未找到预测 CSV 文件，等待 30 秒后重试...
2025-01-12 04:12:15,974 - 未找到预测 CSV 文件，等待 30 秒后重试...
2025-01-12 04:12:45,977 - 未找到预测 CSV 文件，等待 30 秒后重试...
2025-01-12 04:13:15,992 - 未找到预测 CSV 文件，等待 30 秒后重试...
2025-01-12 04:13:45,997 - 未找到预测 CSV 文件，等待 30 秒后重试...
2025-01-12 04:14:16,007 - 未找到预测 CSV 文件，等待 30 秒后重试...
2025-01-12 04:14:46,014 - 未找到预测 CSV 文件，等待 30 秒后重试...
2025-01-12 04:15:16,024 - 未找到预测 CSV 文件，等待 30 秒后重试...
2025-01-12 04:15:46,029 - 未找到预测 CSV 文件，等待 30 秒后重试...
2025-01-12 04:16:16,044 - 未找到预测 CSV 文件，等待 30 秒后重试...
2025-01-12 04:16:46,052 - 未找到预测 CSV 文件，等待 30 秒后重试...
2025-01-12 04:17:16,061 - 未找到预测 CSV 文件，等待 30 秒后重试...
2025-01-12 04:17:46,069 - 未找到预测 CSV 文件，等待 30 秒后重试...
2025-01-12 04:18:16,072 - 未找到预测 CSV 文件，等待 30 秒后重试...
2025-01-12 04:18:46,083 - 未找到预测 CSV 文件，等待 30 秒后重试...
2025-01-12 04:19:16,094 - 未找到预测 CSV 文件，等待 30 秒后重试...
2025-01-12 04:19:46,106 - 未找到预测 CSV 文件，等待 30 秒后重试...
2025-01-12 04:20:16,113 - 未找到预测 CSV 文件，等待 30 秒后重试...
2025-01-12 04:20:46,119 - 未找到预测 CSV 文件，等待 30 秒后重试...
2025-01-12 04:21:16,126 - 未找到预测 CSV 文件，等待 30 秒后重试...
2025-01-12 04:21:46,129 - 未找到预测 CSV 文件，等待 30 秒后重试...
2025-01-12 04:22:16,131 - 未找到预测 CSV 文件，等待 30 秒后重试...
2025-01-12 04:22:46,138 - 未找到预测 CSV 文件，等待 30 秒后重试...
2025-01-12 04:23:16,141 - 未找到预测 CSV 文件，等待 30 秒后重试...
2025-01-12 04:23:46,151 - 未找到预测 CSV 文件，等待 30 秒后重试...
2025-01-12 04:24:16,164 - 未找到预测 CSV 文件，等待 30 秒后重试...
2025-01-12 04:24:46,179 - 未找到预测 CSV 文件，等待 30 秒后重试...
2025-01-12 04:25:16,189 - 未找到预测 CSV 文件，等待 30 秒后重试...
2025-01-12 04:25:46,198 - 未找到预测 CSV 文件，等待 30 秒后重试...
2025-01-12 04:26:16,207 - 未找到预测 CSV 文件，等待 30 秒后重试...
2025-01-12 04:26:46,224 - 未找到预测 CSV 文件，等待 30 秒后重试...
2025-01-12 04:27:16,237 - 未找到预测 CSV 文件，等待 30 秒后重试...
2025-01-12 04:27:46,245 - 未找到预测 CSV 文件，等待 30 秒后重试...
2025-01-12 04:28:16,261 - 未找到预测 CSV 文件，等待 30 秒后重试...
2025-01-12 04:28:46,276 - 未找到预测 CSV 文件，等待 30 秒后重试...
2025-01-12 04:29:16,287 - 未找到预测 CSV 文件，等待 30 秒后重试...
2025-01-12 04:29:46,296 - 未找到预测 CSV 文件，等待 30 秒后重试...
2025-01-12 04:30:16,303 - 未找到预测 CSV 文件，等待 30 秒后重试...
2025-01-12 04:30:46,318 - 未找到预测 CSV 文件，等待 30 秒后重试...
2025-01-12 04:31:16,333 - 未找到预测 CSV 文件，等待 30 秒后重试...
2025-01-12 04:31:46,350 - 未找到预测 CSV 文件，等待 30 秒后重试...
2025-01-12 04:32:16,355 - 未找到预测 CSV 文件，等待 30 秒后重试...
2025-01-12 04:32:46,370 - 未找到预测 CSV 文件，等待 30 秒后重试...
2025-01-12 04:33:16,372 - 未找到预测 CSV 文件，等待 30 秒后重试...
2025-01-12 04:33:46,378 - 未找到预测 CSV 文件，等待 30 秒后重试...
2025-01-12 04:34:16,392 - 未找到预测 CSV 文件，等待 30 秒后重试...
2025-01-12 04:34:46,402 - 未找到预测 CSV 文件，等待 30 秒后重试...
2025-01-12 04:35:16,407 - 未找到预测 CSV 文件，等待 30 秒后重试...
2025-01-12 04:35:46,412 - 未找到预测 CSV 文件，等待 30 秒后重试...
2025-01-12 04:36:16,427 - 未找到预测 CSV 文件，等待 30 秒后重试...
2025-01-12 04:36:46,439 - 未找到预测 CSV 文件，等待 30 秒后重试...
2025-01-12 04:37:16,454 - 未找到预测 CSV 文件，等待 30 秒后重试...
2025-01-12 04:37:46,456 - 未找到预测 CSV 文件，等待 30 秒后重试...
2025-01-12 04:38:16,459 - 未找到预测 CSV 文件，等待 30 秒后重试...
2025-01-12 04:38:46,470 - 未找到预测 CSV 文件，等待 30 秒后重试...
2025-01-12 04:39:16,481 - 未找到预测 CSV 文件，等待 30 秒后重试...
2025-01-12 04:39:46,491 - 未找到预测 CSV 文件，等待 30 秒后重试...
2025-01-12 04:40:16,499 - 未找到预测 CSV 文件，等待 30 秒后重试...
2025-01-12 04:40:46,505 - 未找到预测 CSV 文件，等待 30 秒后重试...
2025-01-12 04:41:16,519 - 未找到预测 CSV 文件，等待 30 秒后重试...
2025-01-12 04:41:46,522 - 未找到预测 CSV 文件，等待 30 秒后重试...
2025-01-12 04:42:16,535 - 未找到预测 CSV 文件，等待 30 秒后重试...
2025-01-12 04:42:46,548 - 未找到预测 CSV 文件，等待 30 秒后重试...
2025-01-12 04:43:16,563 - 未找到预测 CSV 文件，等待 30 秒后重试...
2025-01-12 04:43:46,568 - 未找到预测 CSV 文件，等待 30 秒后重试...
2025-01-12 04:44:16,576 - 未找到预测 CSV 文件，等待 30 秒后重试...
2025-01-12 04:44:46,578 - 未找到预测 CSV 文件，等待 30 秒后重试...
2025-01-12 04:45:16,587 - 未找到预测 CSV 文件，等待 30 秒后重试...
2025-01-12 04:45:46,596 - 未找到预测 CSV 文件，等待 30 秒后重试...
2025-01-12 04:46:16,605 - 未找到预测 CSV 文件，等待 30 秒后重试...
2025-01-12 04:46:46,619 - 未找到预测 CSV 文件，等待 30 秒后重试...
2025-01-12 04:47:16,630 - 未找到预测 CSV 文件，等待 30 秒后重试...
2025-01-12 04:47:46,639 - 未找到预测 CSV 文件，等待 30 秒后重试...
2025-01-12 04:48:16,647 - 未找到预测 CSV 文件，等待 30 秒后重试...
2025-01-12 04:48:46,658 - 未找到预测 CSV 文件，等待 30 秒后重试...
2025-01-12 04:49:16,670 - 未找到预测 CSV 文件，等待 30 秒后重试...
2025-01-12 04:49:46,675 - 未找到预测 CSV 文件，等待 30 秒后重试...
2025-01-12 04:50:16,683 - 未找到预测 CSV 文件，等待 30 秒后重试...
2025-01-12 04:50:46,686 - 未找到预测 CSV 文件，等待 30 秒后重试...
2025-01-12 04:51:16,703 - 未找到预测 CSV 文件，等待 30 秒后重试...
2025-01-12 04:51:46,709 - 未找到预测 CSV 文件，等待 30 秒后重试...
2025-01-12 04:52:16,724 - 未找到预测 CSV 文件，等待 30 秒后重试...
2025-01-12 04:52:46,733 - 未找到预测 CSV 文件，等待 30 秒后重试...
2025-01-12 04:53:16,745 - 未找到预测 CSV 文件，等待 30 秒后重试...
2025-01-12 04:53:46,751 - 未找到预测 CSV 文件，等待 30 秒后重试...
2025-01-12 04:54:16,757 - 未找到预测 CSV 文件，等待 30 秒后重试...
2025-01-12 04:54:46,773 - 未找到预测 CSV 文件，等待 30 秒后重试...
2025-01-12 04:55:16,785 - 未找到预测 CSV 文件，等待 30 秒后重试...
2025-01-12 04:55:46,799 - 未找到预测 CSV 文件，等待 30 秒后重试...
2025-01-12 04:56:16,806 - 未找到预测 CSV 文件，等待 30 秒后重试...
2025-01-12 04:56:46,809 - 未找到预测 CSV 文件，等待 30 秒后重试...
2025-01-12 04:57:16,823 - 未找到预测 CSV 文件，等待 30 秒后重试...
2025-01-12 04:57:46,835 - 未找到预测 CSV 文件，等待 30 秒后重试...
2025-01-12 04:58:16,845 - 未找到预测 CSV 文件，等待 30 秒后重试...
2025-01-12 04:58:46,848 - 未找到预测 CSV 文件，等待 30 秒后重试...
2025-01-12 04:59:16,852 - 未找到预测 CSV 文件，等待 30 秒后重试...
2025-01-12 04:59:46,858 - 未找到预测 CSV 文件，等待 30 秒后重试...
2025-01-12 05:00:16,871 - 未找到预测 CSV 文件，等待 30 秒后重试...
2025-01-12 05:00:46,885 - 未找到预测 CSV 文件，等待 30 秒后重试...
2025-01-12 05:01:16,890 - 未找到预测 CSV 文件，等待 30 秒后重试...
2025-01-12 05:01:46,894 - 未找到预测 CSV 文件，等待 30 秒后重试...
2025-01-12 05:02:16,907 - 未找到预测 CSV 文件，等待 30 秒后重试...
2025-01-12 05:02:46,917 - 未找到预测 CSV 文件，等待 30 秒后重试...
2025-01-12 05:03:16,931 - 未找到预测 CSV 文件，等待 30 秒后重试...
2025-01-12 05:03:46,948 - 未找到预测 CSV 文件，等待 30 秒后重试...
2025-01-12 05:04:16,958 - 未找到预测 CSV 文件，等待 30 秒后重试...
2025-01-12 05:04:46,961 - 未找到预测 CSV 文件，等待 30 秒后重试...
2025-01-12 05:05:16,970 - 未找到预测 CSV 文件，等待 30 秒后重试...
2025-01-12 05:05:46,974 - 未找到预测 CSV 文件，等待 30 秒后重试...
2025-01-12 05:06:16,979 - 未找到预测 CSV 文件，等待 30 秒后重试...
2025-01-12 05:06:46,992 - 未找到预测 CSV 文件，等待 30 秒后重试...
2025-01-12 05:07:17,009 - 未找到预测 CSV 文件，等待 30 秒后重试...
2025-01-12 05:07:47,028 - 未找到预测 CSV 文件，等待 30 秒后重试...
2025-01-12 05:08:17,041 - 未找到预测 CSV 文件，等待 30 秒后重试...
2025-01-12 05:08:47,046 - 未找到预测 CSV 文件，等待 30 秒后重试...
2025-01-12 05:09:17,059 - 未找到预测 CSV 文件，等待 30 秒后重试...
2025-01-12 05:09:47,061 - 未找到预测 CSV 文件，等待 30 秒后重试...
2025-01-12 05:10:17,068 - 未找到预测 CSV 文件，等待 30 秒后重试...
2025-01-12 05:10:47,074 - 未找到预测 CSV 文件，等待 30 秒后重试...
2025-01-12 05:11:17,091 - 未找到预测 CSV 文件，等待 30 秒后重试...
2025-01-12 05:11:47,105 - 未找到预测 CSV 文件，等待 30 秒后重试...
2025-01-12 05:12:17,115 - 未找到预测 CSV 文件，等待 30 秒后重试...
2025-01-12 05:12:47,130 - 未找到预测 CSV 文件，等待 30 秒后重试...
2025-01-12 05:13:17,142 - 未找到预测 CSV 文件，等待 30 秒后重试...
2025-01-12 05:13:47,159 - 未找到预测 CSV 文件，等待 30 秒后重试...
2025-01-12 05:14:17,163 - 未找到预测 CSV 文件，等待 30 秒后重试...
2025-01-12 05:14:47,177 - 未找到预测 CSV 文件，等待 30 秒后重试...
2025-01-12 05:15:17,191 - 未找到预测 CSV 文件，等待 30 秒后重试...
2025-01-12 05:15:47,194 - 未找到预测 CSV 文件，等待 30 秒后重试...
2025-01-12 05:16:17,207 - 未找到预测 CSV 文件，等待 30 秒后重试...
2025-01-12 05:16:47,220 - 未找到预测 CSV 文件，等待 30 秒后重试...
2025-01-12 05:17:17,231 - 未找到预测 CSV 文件，等待 30 秒后重试...
2025-01-12 05:17:47,247 - 未找到预测 CSV 文件，等待 30 秒后重试...
2025-01-12 05:18:17,261 - 未找到预测 CSV 文件，等待 30 秒后重试...
2025-01-12 05:18:47,273 - 未找到预测 CSV 文件，等待 30 秒后重试...
2025-01-12 05:19:17,285 - 未找到预测 CSV 文件，等待 30 秒后重试...
2025-01-12 05:19:47,295 - 未找到预测 CSV 文件，等待 30 秒后重试...
2025-01-12 05:20:17,307 - 未找到预测 CSV 文件，等待 30 秒后重试...
2025-01-12 05:20:47,324 - 未找到预测 CSV 文件，等待 30 秒后重试...
2025-01-12 05:21:17,341 - 未找到预测 CSV 文件，等待 30 秒后重试...
2025-01-12 05:21:47,358 - 未找到预测 CSV 文件，等待 30 秒后重试...
2025-01-12 05:22:17,367 - 未找到预测 CSV 文件，等待 30 秒后重试...
2025-01-12 05:22:47,378 - 未找到预测 CSV 文件，等待 30 秒后重试...
2025-01-12 05:23:17,390 - 未找到预测 CSV 文件，等待 30 秒后重试...
2025-01-12 05:23:47,401 - 未找到预测 CSV 文件，等待 30 秒后重试...
2025-01-12 05:24:17,410 - 未找到预测 CSV 文件，等待 30 秒后重试...
2025-01-12 05:24:47,426 - 未找到预测 CSV 文件，等待 30 秒后重试...
2025-01-12 05:25:17,437 - 未找到预测 CSV 文件，等待 30 秒后重试...
2025-01-12 05:25:47,445 - 未找到预测 CSV 文件，等待 30 秒后重试...
2025-01-12 05:26:17,451 - 未找到预测 CSV 文件，等待 30 秒后重试...
2025-01-12 05:26:47,461 - 未找到预测 CSV 文件，等待 30 秒后重试...
2025-01-12 05:27:17,465 - 未找到预测 CSV 文件，等待 30 秒后重试...
2025-01-12 05:27:47,471 - 未找到预测 CSV 文件，等待 30 秒后重试...
2025-01-12 05:28:17,487 - 未找到预测 CSV 文件，等待 30 秒后重试...
2025-01-12 05:28:47,501 - 未找到预测 CSV 文件，等待 30 秒后重试...
2025-01-12 05:29:17,507 - 未找到预测 CSV 文件，等待 30 秒后重试...
2025-01-12 05:29:47,519 - 未找到预测 CSV 文件，等待 30 秒后重试...
2025-01-12 05:30:17,522 - 未找到预测 CSV 文件，等待 30 秒后重试...
2025-01-12 05:30:47,532 - 未找到预测 CSV 文件，等待 30 秒后重试...
2025-01-12 05:31:17,539 - 未找到预测 CSV 文件，等待 30 秒后重试...
2025-01-12 05:31:47,541 - 未找到预测 CSV 文件，等待 30 秒后重试...
2025-01-12 05:32:17,558 - 未找到预测 CSV 文件，等待 30 秒后重试...
2025-01-12 05:32:47,569 - 未找到预测 CSV 文件，等待 30 秒后重试...
2025-01-12 05:33:17,580 - 未找到预测 CSV 文件，等待 30 秒后重试...
2025-01-12 05:33:47,592 - 未找到预测 CSV 文件，等待 30 秒后重试...
2025-01-12 05:34:17,597 - 未找到预测 CSV 文件，等待 30 秒后重试...
2025-01-12 05:34:47,604 - 未找到预测 CSV 文件，等待 30 秒后重试...
2025-01-12 05:35:17,618 - 未找到预测 CSV 文件，等待 30 秒后重试...
2025-01-12 05:35:47,619 - 未找到预测 CSV 文件，等待 30 秒后重试...
2025-01-12 05:36:17,623 - 未找到预测 CSV 文件，等待 30 秒后重试...
2025-01-12 05:36:47,635 - 未找到预测 CSV 文件，等待 30 秒后重试...
2025-01-12 05:37:17,650 - 未找到预测 CSV 文件，等待 30 秒后重试...
2025-01-12 05:37:47,665 - 未找到预测 CSV 文件，等待 30 秒后重试...
2025-01-12 05:38:17,677 - 未找到预测 CSV 文件，等待 30 秒后重试...
2025-01-12 05:38:47,691 - 未找到预测 CSV 文件，等待 30 秒后重试...
2025-01-12 05:39:17,702 - 未找到预测 CSV 文件，等待 30 秒后重试...
2025-01-12 05:39:47,705 - 未找到预测 CSV 文件，等待 30 秒后重试...
2025-01-12 05:40:17,720 - 未找到预测 CSV 文件，等待 30 秒后重试...
2025-01-12 05:40:47,732 - 未找到预测 CSV 文件，等待 30 秒后重试...
2025-01-12 05:41:17,735 - 未找到预测 CSV 文件，等待 30 秒后重试...
2025-01-12 05:41:47,746 - 未找到预测 CSV 文件，等待 30 秒后重试...
2025-01-12 05:42:17,761 - 未找到预测 CSV 文件，等待 30 秒后重试...
2025-01-12 05:42:47,770 - 未找到预测 CSV 文件，等待 30 秒后重试...
2025-01-12 05:43:17,783 - 未找到预测 CSV 文件，等待 30 秒后重试...
2025-01-12 05:43:47,793 - 未找到预测 CSV 文件，等待 30 秒后重试...
2025-01-12 05:44:17,808 - 未找到预测 CSV 文件，等待 30 秒后重试...
2025-01-12 05:44:47,813 - 未找到预测 CSV 文件，等待 30 秒后重试...
2025-01-12 05:45:17,824 - 未找到预测 CSV 文件，等待 30 秒后重试...
2025-01-12 05:45:47,834 - 未找到预测 CSV 文件，等待 30 秒后重试...
2025-01-12 05:46:17,851 - 未找到预测 CSV 文件，等待 30 秒后重试...
2025-01-12 05:46:47,863 - 未找到预测 CSV 文件，等待 30 秒后重试...
2025-01-12 05:47:17,876 - 未找到预测 CSV 文件，等待 30 秒后重试...
2025-01-12 05:47:47,880 - 未找到预测 CSV 文件，等待 30 秒后重试...
2025-01-12 05:48:17,895 - 未找到预测 CSV 文件，等待 30 秒后重试...
2025-01-12 05:48:47,910 - 未找到预测 CSV 文件，等待 30 秒后重试...
2025-01-12 05:49:17,915 - 未找到预测 CSV 文件，等待 30 秒后重试...
2025-01-12 05:49:47,920 - 未找到预测 CSV 文件，等待 30 秒后重试...
2025-01-12 05:50:17,925 - 未找到预测 CSV 文件，等待 30 秒后重试...
2025-01-12 05:50:47,938 - 未找到预测 CSV 文件，等待 30 秒后重试...
2025-01-12 05:51:17,946 - 未找到预测 CSV 文件，等待 30 秒后重试...
2025-01-12 05:51:47,959 - 未找到预测 CSV 文件，等待 30 秒后重试...
2025-01-12 05:52:17,964 - 未找到预测 CSV 文件，等待 30 秒后重试...
2025-01-12 05:52:47,968 - 未找到预测 CSV 文件，等待 30 秒后重试...
2025-01-12 05:53:17,980 - 未找到预测 CSV 文件，等待 30 秒后重试...
2025-01-12 05:53:47,988 - 未找到预测 CSV 文件，等待 30 秒后重试...
2025-01-12 05:54:17,998 - 未找到预测 CSV 文件，等待 30 秒后重试...
2025-01-12 05:54:48,012 - 未找到预测 CSV 文件，等待 30 秒后重试...
2025-01-12 05:55:18,027 - 未找到预测 CSV 文件，等待 30 秒后重试...
2025-01-12 05:55:48,033 - 未找到预测 CSV 文件，等待 30 秒后重试...
2025-01-12 05:56:18,045 - 未找到预测 CSV 文件，等待 30 秒后重试...
2025-01-12 05:56:48,048 - 未找到预测 CSV 文件，等待 30 秒后重试...
2025-01-12 05:57:18,062 - 未找到预测 CSV 文件，等待 30 秒后重试...
2025-01-12 05:57:48,078 - 未找到预测 CSV 文件，等待 30 秒后重试...
2025-01-12 05:58:18,087 - 未找到预测 CSV 文件，等待 30 秒后重试...
2025-01-12 05:58:48,093 - 未找到预测 CSV 文件，等待 30 秒后重试...
2025-01-12 05:59:18,105 - 未找到预测 CSV 文件，等待 30 秒后重试...
2025-01-12 05:59:48,114 - 未找到预测 CSV 文件，等待 30 秒后重试...
2025-01-12 06:00:18,120 - 未找到预测 CSV 文件，等待 30 秒后重试...
2025-01-12 06:00:48,137 - 未找到预测 CSV 文件，等待 30 秒后重试...
2025-01-12 06:01:18,145 - 未找到预测 CSV 文件，等待 30 秒后重试...
2025-01-12 06:01:48,148 - 未找到预测 CSV 文件，等待 30 秒后重试...
2025-01-12 06:02:18,158 - 未找到预测 CSV 文件，等待 30 秒后重试...
2025-01-12 06:02:48,165 - 未找到预测 CSV 文件，等待 30 秒后重试...
2025-01-12 06:03:18,169 - 未找到预测 CSV 文件，等待 30 秒后重试...
2025-01-12 06:03:48,180 - 未找到预测 CSV 文件，等待 30 秒后重试...
2025-01-12 06:04:18,193 - 未找到预测 CSV 文件，等待 30 秒后重试...
2025-01-12 06:04:48,206 - 未找到预测 CSV 文件，等待 30 秒后重试...
2025-01-12 06:05:18,214 - 未找到预测 CSV 文件，等待 30 秒后重试...
2025-01-12 06:05:48,227 - 未找到预测 CSV 文件，等待 30 秒后重试...
2025-01-12 06:06:18,231 - 未找到预测 CSV 文件，等待 30 秒后重试...
2025-01-12 06:06:48,244 - 未找到预测 CSV 文件，等待 30 秒后重试...
2025-01-12 06:07:18,259 - 未找到预测 CSV 文件，等待 30 秒后重试...
2025-01-12 06:07:48,274 - 未找到预测 CSV 文件，等待 30 秒后重试...
2025-01-12 06:08:18,288 - 未找到预测 CSV 文件，等待 30 秒后重试...
2025-01-12 06:08:48,301 - 未找到预测 CSV 文件，等待 30 秒后重试...
2025-01-12 06:09:18,313 - 未找到预测 CSV 文件，等待 30 秒后重试...
2025-01-12 06:09:48,326 - 未找到预测 CSV 文件，等待 30 秒后重试...
2025-01-12 06:10:18,337 - 未找到预测 CSV 文件，等待 30 秒后重试...
2025-01-12 06:10:48,353 - 未找到预测 CSV 文件，等待 30 秒后重试...
2025-01-12 06:11:18,362 - 未找到预测 CSV 文件，等待 30 秒后重试...
2025-01-12 06:11:48,377 - 未找到预测 CSV 文件，等待 30 秒后重试...
2025-01-12 06:12:18,379 - 未找到预测 CSV 文件，等待 30 秒后重试...
2025-01-12 06:12:48,389 - 未找到预测 CSV 文件，等待 30 秒后重试...
2025-01-12 06:13:18,393 - 未找到预测 CSV 文件，等待 30 秒后重试...
2025-01-12 06:13:48,407 - 未找到预测 CSV 文件，等待 30 秒后重试...
2025-01-12 06:14:18,421 - 未找到预测 CSV 文件，等待 30 秒后重试...
2025-01-12 06:14:48,439 - 未找到预测 CSV 文件，等待 30 秒后重试...
2025-01-12 06:15:18,445 - 未找到预测 CSV 文件，等待 30 秒后重试...
2025-01-12 06:15:48,454 - 未找到预测 CSV 文件，等待 30 秒后重试...
2025-01-12 06:16:18,458 - 未找到预测 CSV 文件，等待 30 秒后重试...
2025-01-12 06:16:48,461 - 未找到预测 CSV 文件，等待 30 秒后重试...
2025-01-12 06:17:18,475 - 未找到预测 CSV 文件，等待 30 秒后重试...
2025-01-12 06:17:48,484 - 未找到预测 CSV 文件，等待 30 秒后重试...
2025-01-12 06:18:18,496 - 未找到预测 CSV 文件，等待 30 秒后重试...
2025-01-12 06:18:48,511 - 未找到预测 CSV 文件，等待 30 秒后重试...
2025-01-12 06:19:18,522 - 未找到预测 CSV 文件，等待 30 秒后重试...
2025-01-12 06:19:48,528 - 未找到预测 CSV 文件，等待 30 秒后重试...
2025-01-12 06:20:18,532 - 未找到预测 CSV 文件，等待 30 秒后重试...
2025-01-12 06:20:48,540 - 未找到预测 CSV 文件，等待 30 秒后重试...
2025-01-12 06:21:18,547 - 未找到预测 CSV 文件，等待 30 秒后重试...
2025-01-12 06:21:48,560 - 未找到预测 CSV 文件，等待 30 秒后重试...
2025-01-12 06:22:18,563 - 未找到预测 CSV 文件，等待 30 秒后重试...
2025-01-12 06:22:48,577 - 未找到预测 CSV 文件，等待 30 秒后重试...
2025-01-12 06:23:18,584 - 未找到预测 CSV 文件，等待 30 秒后重试...
2025-01-12 06:23:48,589 - 未找到预测 CSV 文件，等待 30 秒后重试...
2025-01-12 06:24:18,595 - 未找到预测 CSV 文件，等待 30 秒后重试...
2025-01-12 06:24:48,606 - 未找到预测 CSV 文件，等待 30 秒后重试...
2025-01-12 06:25:18,618 - 未找到预测 CSV 文件，等待 30 秒后重试...
2025-01-12 06:25:48,622 - 未找到预测 CSV 文件，等待 30 秒后重试...
2025-01-12 06:26:18,629 - 未找到预测 CSV 文件，等待 30 秒后重试...
2025-01-12 06:26:48,631 - 未找到预测 CSV 文件，等待 30 秒后重试...
2025-01-12 06:27:18,646 - 未找到预测 CSV 文件，等待 30 秒后重试...
2025-01-12 06:27:48,660 - 未找到预测 CSV 文件，等待 30 秒后重试...
2025-01-12 06:28:18,662 - 未找到预测 CSV 文件，等待 30 秒后重试...
2025-01-12 06:28:48,665 - 未找到预测 CSV 文件，等待 30 秒后重试...
2025-01-12 06:29:18,681 - 未找到预测 CSV 文件，等待 30 秒后重试...
2025-01-12 06:29:48,686 - 未找到预测 CSV 文件，等待 30 秒后重试...
2025-01-12 06:30:18,694 - 未找到预测 CSV 文件，等待 30 秒后重试...
2025-01-12 06:30:48,706 - 未找到预测 CSV 文件，等待 30 秒后重试...
2025-01-12 06:31:18,711 - 未找到预测 CSV 文件，等待 30 秒后重试...
2025-01-12 06:31:48,722 - 未找到预测 CSV 文件，等待 30 秒后重试...
2025-01-12 06:32:18,725 - 未找到预测 CSV 文件，等待 30 秒后重试...
2025-01-12 06:32:48,730 - 未找到预测 CSV 文件，等待 30 秒后重试...
2025-01-12 06:33:18,744 - 未找到预测 CSV 文件，等待 30 秒后重试...
2025-01-12 06:33:48,753 - 未找到预测 CSV 文件，等待 30 秒后重试...
2025-01-12 06:34:18,755 - 未找到预测 CSV 文件，等待 30 秒后重试...
2025-01-12 06:34:48,759 - 未找到预测 CSV 文件，等待 30 秒后重试...
2025-01-12 06:35:18,774 - 未找到预测 CSV 文件，等待 30 秒后重试...
2025-01-12 06:35:48,790 - 未找到预测 CSV 文件，等待 30 秒后重试...
2025-01-12 06:36:18,794 - 未找到预测 CSV 文件，等待 30 秒后重试...
2025-01-12 06:36:48,811 - 未找到预测 CSV 文件，等待 30 秒后重试...
2025-01-12 06:37:18,816 - 未找到预测 CSV 文件，等待 30 秒后重试...
2025-01-12 06:37:48,830 - 未找到预测 CSV 文件，等待 30 秒后重试...
2025-01-12 06:38:18,846 - 未找到预测 CSV 文件，等待 30 秒后重试...
2025-01-12 06:38:48,861 - 未找到预测 CSV 文件，等待 30 秒后重试...
2025-01-12 06:39:18,867 - 未找到预测 CSV 文件，等待 30 秒后重试...
2025-01-12 06:39:48,878 - 未找到预测 CSV 文件，等待 30 秒后重试...
2025-01-12 06:40:18,892 - 未找到预测 CSV 文件，等待 30 秒后重试...
2025-01-12 06:40:48,905 - 未找到预测 CSV 文件，等待 30 秒后重试...
2025-01-12 06:41:18,909 - 未找到预测 CSV 文件，等待 30 秒后重试...
2025-01-12 06:41:48,922 - 未找到预测 CSV 文件，等待 30 秒后重试...
2025-01-12 06:42:18,934 - 未找到预测 CSV 文件，等待 30 秒后重试...
2025-01-12 06:42:48,946 - 未找到预测 CSV 文件，等待 30 秒后重试...
2025-01-12 06:43:18,963 - 未找到预测 CSV 文件，等待 30 秒后重试...
2025-01-12 06:43:48,973 - 未找到预测 CSV 文件，等待 30 秒后重试...
2025-01-12 06:44:18,989 - 未找到预测 CSV 文件，等待 30 秒后重试...
2025-01-12 06:44:48,993 - 未找到预测 CSV 文件，等待 30 秒后重试...
2025-01-12 06:45:19,008 - 未找到预测 CSV 文件，等待 30 秒后重试...
2025-01-12 06:45:49,019 - 未找到预测 CSV 文件，等待 30 秒后重试...
2025-01-12 06:46:19,030 - 未找到预测 CSV 文件，等待 30 秒后重试...
2025-01-12 06:46:49,033 - 未找到预测 CSV 文件，等待 30 秒后重试...
2025-01-12 06:47:19,034 - 未找到预测 CSV 文件，等待 30 秒后重试...
2025-01-12 06:47:49,036 - 未找到预测 CSV 文件，等待 30 秒后重试...
2025-01-12 06:48:19,045 - 未找到预测 CSV 文件，等待 30 秒后重试...
2025-01-12 06:48:49,052 - 未找到预测 CSV 文件，等待 30 秒后重试...
2025-01-12 06:49:19,056 - 未找到预测 CSV 文件，等待 30 秒后重试...
2025-01-12 06:49:49,065 - 未找到预测 CSV 文件，等待 30 秒后重试...
2025-01-12 06:50:19,074 - 未找到预测 CSV 文件，等待 30 秒后重试...
2025-01-12 06:50:49,077 - 未找到预测 CSV 文件，等待 30 秒后重试...
2025-01-12 06:51:19,085 - 未找到预测 CSV 文件，等待 30 秒后重试...
2025-01-12 06:51:49,100 - 未找到预测 CSV 文件，等待 30 秒后重试...
2025-01-12 06:52:19,109 - 未找到预测 CSV 文件，等待 30 秒后重试...
2025-01-12 06:52:49,113 - 未找到预测 CSV 文件，等待 30 秒后重试...
2025-01-12 06:53:19,128 - 未找到预测 CSV 文件，等待 30 秒后重试...
2025-01-12 06:53:49,139 - 未找到预测 CSV 文件，等待 30 秒后重试...
2025-01-12 06:54:19,151 - 未找到预测 CSV 文件，等待 30 秒后重试...
2025-01-12 06:54:49,163 - 未找到预测 CSV 文件，等待 30 秒后重试...
2025-01-12 06:55:19,174 - 未找到预测 CSV 文件，等待 30 秒后重试...
2025-01-12 06:55:49,189 - 未找到预测 CSV 文件，等待 30 秒后重试...
2025-01-12 06:56:19,202 - 未找到预测 CSV 文件，等待 30 秒后重试...
2025-01-12 06:56:49,209 - 未找到预测 CSV 文件，等待 30 秒后重试...
2025-01-12 06:57:19,227 - 未找到预测 CSV 文件，等待 30 秒后重试...
2025-01-12 06:57:49,233 - 未找到预测 CSV 文件，等待 30 秒后重试...
2025-01-12 06:58:19,246 - 未找到预测 CSV 文件，等待 30 秒后重试...
2025-01-12 06:58:49,263 - 未找到预测 CSV 文件，等待 30 秒后重试...
2025-01-12 06:59:19,270 - 未找到预测 CSV 文件，等待 30 秒后重试...
2025-01-12 06:59:49,272 - 未找到预测 CSV 文件，等待 30 秒后重试...
2025-01-12 07:00:19,279 - 未找到预测 CSV 文件，等待 30 秒后重试...
2025-01-12 07:00:49,293 - 未找到预测 CSV 文件，等待 30 秒后重试...
2025-01-12 07:01:19,293 - 未找到预测 CSV 文件，等待 30 秒后重试...
2025-01-12 07:01:49,300 - 未找到预测 CSV 文件，等待 30 秒后重试...
2025-01-12 07:02:19,311 - 未找到预测 CSV 文件，等待 30 秒后重试...
2025-01-12 07:02:49,327 - 未找到预测 CSV 文件，等待 30 秒后重试...
2025-01-12 07:03:19,335 - 未找到预测 CSV 文件，等待 30 秒后重试...
2025-01-12 07:03:49,343 - 未找到预测 CSV 文件，等待 30 秒后重试...
2025-01-12 07:04:19,354 - 未找到预测 CSV 文件，等待 30 秒后重试...
2025-01-12 07:04:49,369 - 未找到预测 CSV 文件，等待 30 秒后重试...
2025-01-12 07:05:19,378 - 未找到预测 CSV 文件，等待 30 秒后重试...
2025-01-12 07:05:49,386 - 未找到预测 CSV 文件，等待 30 秒后重试...
2025-01-12 07:06:19,400 - 未找到预测 CSV 文件，等待 30 秒后重试...
2025-01-12 07:06:49,407 - 未找到预测 CSV 文件，等待 30 秒后重试...
2025-01-12 07:07:19,420 - 未找到预测 CSV 文件，等待 30 秒后重试...
2025-01-12 07:07:49,435 - 未找到预测 CSV 文件，等待 30 秒后重试...
2025-01-12 07:08:19,447 - 未找到预测 CSV 文件，等待 30 秒后重试...
2025-01-12 07:08:49,459 - 未找到预测 CSV 文件，等待 30 秒后重试...
2025-01-12 07:09:19,464 - 未找到预测 CSV 文件，等待 30 秒后重试...
2025-01-12 07:09:49,481 - 未找到预测 CSV 文件，等待 30 秒后重试...
2025-01-12 07:10:19,495 - 未找到预测 CSV 文件，等待 30 秒后重试...
2025-01-12 07:10:49,501 - 未找到预测 CSV 文件，等待 30 秒后重试...
2025-01-12 07:11:19,502 - 未找到预测 CSV 文件，等待 30 秒后重试...
2025-01-12 07:11:49,510 - 未找到预测 CSV 文件，等待 30 秒后重试...
2025-01-12 07:12:19,526 - 未找到预测 CSV 文件，等待 30 秒后重试...
2025-01-12 07:12:49,532 - 未找到预测 CSV 文件，等待 30 秒后重试...
2025-01-12 07:13:19,549 - 未找到预测 CSV 文件，等待 30 秒后重试...
2025-01-12 07:13:49,555 - 未找到预测 CSV 文件，等待 30 秒后重试...
2025-01-12 07:14:19,568 - 未找到预测 CSV 文件，等待 30 秒后重试...
2025-01-12 07:14:49,573 - 未找到预测 CSV 文件，等待 30 秒后重试...
2025-01-12 07:15:19,586 - 未找到预测 CSV 文件，等待 30 秒后重试...
2025-01-12 07:15:49,588 - 未找到预测 CSV 文件，等待 30 秒后重试...
2025-01-12 07:16:19,593 - 未找到预测 CSV 文件，等待 30 秒后重试...
2025-01-12 07:16:49,603 - 未找到预测 CSV 文件，等待 30 秒后重试...
2025-01-12 07:17:19,614 - 未找到预测 CSV 文件，等待 30 秒后重试...
2025-01-12 07:17:49,631 - 未找到预测 CSV 文件，等待 30 秒后重试...
2025-01-12 07:18:19,634 - 未找到预测 CSV 文件，等待 30 秒后重试...
2025-01-12 07:18:49,638 - 未找到预测 CSV 文件，等待 30 秒后重试...
2025-01-12 07:19:19,652 - 未找到预测 CSV 文件，等待 30 秒后重试...
2025-01-12 07:19:49,663 - 未找到预测 CSV 文件，等待 30 秒后重试...
2025-01-12 07:20:19,673 - 未找到预测 CSV 文件，等待 30 秒后重试...
2025-01-12 07:20:49,688 - 未找到预测 CSV 文件，等待 30 秒后重试...
2025-01-12 07:21:19,701 - 未找到预测 CSV 文件，等待 30 秒后重试...
2025-01-12 07:21:49,715 - 未找到预测 CSV 文件，等待 30 秒后重试...
2025-01-12 07:22:19,731 - 未找到预测 CSV 文件，等待 30 秒后重试...
2025-01-12 07:22:49,737 - 未找到预测 CSV 文件，等待 30 秒后重试...
2025-01-12 07:23:19,752 - 未找到预测 CSV 文件，等待 30 秒后重试...
2025-01-12 07:23:49,769 - 未找到预测 CSV 文件，等待 30 秒后重试...
2025-01-12 07:24:19,770 - 未找到预测 CSV 文件，等待 30 秒后重试...
2025-01-12 07:24:49,773 - 未找到预测 CSV 文件，等待 30 秒后重试...
2025-01-12 07:25:19,783 - 未找到预测 CSV 文件，等待 30 秒后重试...
2025-01-12 07:25:49,788 - 未找到预测 CSV 文件，等待 30 秒后重试...
2025-01-12 07:26:19,798 - 未找到预测 CSV 文件，等待 30 秒后重试...
2025-01-12 07:26:49,813 - 未找到预测 CSV 文件，等待 30 秒后重试...
2025-01-12 07:27:19,826 - 未找到预测 CSV 文件，等待 30 秒后重试...
2025-01-12 07:27:49,832 - 未找到预测 CSV 文件，等待 30 秒后重试...
2025-01-12 07:28:19,844 - 未找到预测 CSV 文件，等待 30 秒后重试...
2025-01-12 07:28:49,860 - 未找到预测 CSV 文件，等待 30 秒后重试...
2025-01-12 07:29:19,873 - 未找到预测 CSV 文件，等待 30 秒后重试...
2025-01-12 07:29:49,875 - 未找到预测 CSV 文件，等待 30 秒后重试...
2025-01-12 07:30:19,885 - 未找到预测 CSV 文件，等待 30 秒后重试...
2025-01-12 07:30:49,893 - 未找到预测 CSV 文件，等待 30 秒后重试...
2025-01-12 07:31:19,894 - 未找到预测 CSV 文件，等待 30 秒后重试...
2025-01-12 07:31:49,907 - 未找到预测 CSV 文件，等待 30 秒后重试...
2025-01-12 07:32:19,926 - 未找到预测 CSV 文件，等待 30 秒后重试...
2025-01-12 07:32:49,930 - 未找到预测 CSV 文件，等待 30 秒后重试...
2025-01-12 07:33:19,943 - 未找到预测 CSV 文件，等待 30 秒后重试...
2025-01-12 07:33:49,948 - 未找到预测 CSV 文件，等待 30 秒后重试...
2025-01-12 07:34:19,963 - 未找到预测 CSV 文件，等待 30 秒后重试...
2025-01-12 07:34:49,975 - 未找到预测 CSV 文件，等待 30 秒后重试...
2025-01-12 07:35:19,980 - 未找到预测 CSV 文件，等待 30 秒后重试...
2025-01-12 07:35:49,986 - 未找到预测 CSV 文件，等待 30 秒后重试...
2025-01-12 07:36:19,993 - 未找到预测 CSV 文件，等待 30 秒后重试...
2025-01-12 07:36:49,995 - 未找到预测 CSV 文件，等待 30 秒后重试...
2025-01-12 07:37:19,997 - 未找到预测 CSV 文件，等待 30 秒后重试...
2025-01-12 07:37:50,005 - 未找到预测 CSV 文件，等待 30 秒后重试...
2025-01-12 07:38:20,007 - 未找到预测 CSV 文件，等待 30 秒后重试...
2025-01-12 07:38:50,017 - 未找到预测 CSV 文件，等待 30 秒后重试...
2025-01-12 07:39:20,028 - 未找到预测 CSV 文件，等待 30 秒后重试...
2025-01-12 07:39:50,045 - 未找到预测 CSV 文件，等待 30 秒后重试...
2025-01-12 07:40:20,058 - 未找到预测 CSV 文件，等待 30 秒后重试...
2025-01-12 07:40:50,075 - 未找到预测 CSV 文件，等待 30 秒后重试...
2025-01-12 07:41:20,080 - 未找到预测 CSV 文件，等待 30 秒后重试...
2025-01-12 07:41:50,083 - 未找到预测 CSV 文件，等待 30 秒后重试...
2025-01-12 07:42:20,088 - 未找到预测 CSV 文件，等待 30 秒后重试...
2025-01-12 07:42:50,092 - 未找到预测 CSV 文件，等待 30 秒后重试...
2025-01-12 07:43:20,106 - 未找到预测 CSV 文件，等待 30 秒后重试...
2025-01-12 07:43:50,116 - 未找到预测 CSV 文件，等待 30 秒后重试...
2025-01-12 07:44:20,125 - 未找到预测 CSV 文件，等待 30 秒后重试...
2025-01-12 07:44:50,141 - 未找到预测 CSV 文件，等待 30 秒后重试...
2025-01-12 07:45:20,148 - 未找到预测 CSV 文件，等待 30 秒后重试...
2025-01-12 07:45:50,154 - 未找到预测 CSV 文件，等待 30 秒后重试...
2025-01-12 07:46:20,159 - 未找到预测 CSV 文件，等待 30 秒后重试...
2025-01-12 07:46:50,175 - 未找到预测 CSV 文件，等待 30 秒后重试...
2025-01-12 07:47:20,190 - 未找到预测 CSV 文件，等待 30 秒后重试...
2025-01-12 07:47:50,194 - 未找到预测 CSV 文件，等待 30 秒后重试...
2025-01-12 07:48:20,197 - 未找到预测 CSV 文件，等待 30 秒后重试...
2025-01-12 07:48:50,213 - 未找到预测 CSV 文件，等待 30 秒后重试...
2025-01-12 07:49:20,222 - 未找到预测 CSV 文件，等待 30 秒后重试...
2025-01-12 07:49:50,234 - 未找到预测 CSV 文件，等待 30 秒后重试...
2025-01-12 07:50:20,245 - 未找到预测 CSV 文件，等待 30 秒后重试...
2025-01-12 07:50:50,259 - 未找到预测 CSV 文件，等待 30 秒后重试...
2025-01-12 07:51:20,261 - 未找到预测 CSV 文件，等待 30 秒后重试...
2025-01-12 07:51:50,268 - 未找到预测 CSV 文件，等待 30 秒后重试...
2025-01-12 07:52:20,279 - 未找到预测 CSV 文件，等待 30 秒后重试...
2025-01-12 07:52:50,285 - 未找到预测 CSV 文件，等待 30 秒后重试...
2025-01-12 07:53:20,291 - 未找到预测 CSV 文件，等待 30 秒后重试...
2025-01-12 07:53:50,302 - 未找到预测 CSV 文件，等待 30 秒后重试...
2025-01-12 07:54:20,308 - 未找到预测 CSV 文件，等待 30 秒后重试...
2025-01-12 07:54:50,323 - 未找到预测 CSV 文件，等待 30 秒后重试...
2025-01-12 07:55:20,329 - 未找到预测 CSV 文件，等待 30 秒后重试...
2025-01-12 07:55:50,344 - 未找到预测 CSV 文件，等待 30 秒后重试...
2025-01-12 07:56:20,351 - 未找到预测 CSV 文件，等待 30 秒后重试...
2025-01-12 07:56:50,354 - 未找到预测 CSV 文件，等待 30 秒后重试...
2025-01-12 07:57:20,358 - 未找到预测 CSV 文件，等待 30 秒后重试...
2025-01-12 07:57:50,362 - 未找到预测 CSV 文件，等待 30 秒后重试...
2025-01-12 07:58:20,372 - 未找到预测 CSV 文件，等待 30 秒后重试...
2025-01-12 07:58:50,385 - 未找到预测 CSV 文件，等待 30 秒后重试...
2025-01-12 07:59:20,387 - 未找到预测 CSV 文件，等待 30 秒后重试...
2025-01-12 07:59:50,394 - 未找到预测 CSV 文件，等待 30 秒后重试...
2025-01-12 08:00:20,410 - 未找到预测 CSV 文件，等待 30 秒后重试...
2025-01-12 08:00:50,426 - 未找到预测 CSV 文件，等待 30 秒后重试...
2025-01-12 08:01:20,429 - 未找到预测 CSV 文件，等待 30 秒后重试...
2025-01-12 08:01:50,441 - 未找到预测 CSV 文件，等待 30 秒后重试...
2025-01-12 08:02:20,445 - 未找到预测 CSV 文件，等待 30 秒后重试...
2025-01-12 08:02:50,452 - 未找到预测 CSV 文件，等待 30 秒后重试...
2025-01-12 08:03:20,459 - 未找到预测 CSV 文件，等待 30 秒后重试...
2025-01-12 08:03:50,472 - 未找到预测 CSV 文件，等待 30 秒后重试...
2025-01-12 08:04:20,485 - 未找到预测 CSV 文件，等待 30 秒后重试...
2025-01-12 08:04:50,487 - 未找到预测 CSV 文件，等待 30 秒后重试...
2025-01-12 08:05:20,501 - 未找到预测 CSV 文件，等待 30 秒后重试...
2025-01-12 08:05:50,516 - 未找到预测 CSV 文件，等待 30 秒后重试...
2025-01-12 08:06:20,524 - 未找到预测 CSV 文件，等待 30 秒后重试...
2025-01-12 08:06:50,535 - 未找到预测 CSV 文件，等待 30 秒后重试...
2025-01-12 08:07:20,538 - 未找到预测 CSV 文件，等待 30 秒后重试...
2025-01-12 08:07:50,552 - 未找到预测 CSV 文件，等待 30 秒后重试...
2025-01-12 08:08:20,559 - 未找到预测 CSV 文件，等待 30 秒后重试...
2025-01-12 08:08:50,572 - 未找到预测 CSV 文件，等待 30 秒后重试...
2025-01-12 08:09:20,578 - 未找到预测 CSV 文件，等待 30 秒后重试...
2025-01-12 08:09:50,583 - 未找到预测 CSV 文件，等待 30 秒后重试...
2025-01-12 08:10:20,593 - 未找到预测 CSV 文件，等待 30 秒后重试...
2025-01-12 08:10:50,608 - 未找到预测 CSV 文件，等待 30 秒后重试...
2025-01-12 08:11:20,621 - 未找到预测 CSV 文件，等待 30 秒后重试...
2025-01-12 08:11:50,626 - 未找到预测 CSV 文件，等待 30 秒后重试...
2025-01-12 08:12:20,632 - 未找到预测 CSV 文件，等待 30 秒后重试...
2025-01-12 08:12:50,633 - 未找到预测 CSV 文件，等待 30 秒后重试...
2025-01-12 08:13:20,639 - 未找到预测 CSV 文件，等待 30 秒后重试...
2025-01-12 08:13:50,650 - 未找到预测 CSV 文件，等待 30 秒后重试...
2025-01-12 08:14:20,652 - 未找到预测 CSV 文件，等待 30 秒后重试...
2025-01-12 08:14:50,661 - 未找到预测 CSV 文件，等待 30 秒后重试...
2025-01-12 08:15:20,665 - 未找到预测 CSV 文件，等待 30 秒后重试...
2025-01-12 08:15:50,669 - 未找到预测 CSV 文件，等待 30 秒后重试...
2025-01-12 08:16:20,672 - 未找到预测 CSV 文件，等待 30 秒后重试...
2025-01-12 08:16:50,682 - 未找到预测 CSV 文件，等待 30 秒后重试...
2025-01-12 08:17:20,697 - 未找到预测 CSV 文件，等待 30 秒后重试...
2025-01-12 08:17:50,709 - 未找到预测 CSV 文件，等待 30 秒后重试...
2025-01-12 08:18:20,720 - 未找到预测 CSV 文件，等待 30 秒后重试...
2025-01-12 08:18:50,732 - 未找到预测 CSV 文件，等待 30 秒后重试...
2025-01-12 08:19:20,743 - 未找到预测 CSV 文件，等待 30 秒后重试...
2025-01-12 08:19:50,751 - 未找到预测 CSV 文件，等待 30 秒后重试...
2025-01-12 08:20:20,760 - 未找到预测 CSV 文件，等待 30 秒后重试...
2025-01-12 08:20:50,772 - 未找到预测 CSV 文件，等待 30 秒后重试...
2025-01-12 08:21:20,783 - 未找到预测 CSV 文件，等待 30 秒后重试...
2025-01-12 08:21:50,797 - 未找到预测 CSV 文件，等待 30 秒后重试...
2025-01-12 08:22:20,800 - 未找到预测 CSV 文件，等待 30 秒后重试...
2025-01-12 08:22:50,815 - 未找到预测 CSV 文件，等待 30 秒后重试...
2025-01-12 08:23:20,831 - 未找到预测 CSV 文件，等待 30 秒后重试...
2025-01-12 08:23:50,838 - 未找到预测 CSV 文件，等待 30 秒后重试...
2025-01-12 08:24:20,843 - 未找到预测 CSV 文件，等待 30 秒后重试...
2025-01-12 08:24:50,859 - 未找到预测 CSV 文件，等待 30 秒后重试...
2025-01-12 08:25:20,873 - 未找到预测 CSV 文件，等待 30 秒后重试...
2025-01-12 08:25:50,881 - 未找到预测 CSV 文件，等待 30 秒后重试...
2025-01-12 08:26:20,889 - 未找到预测 CSV 文件，等待 30 秒后重试...
2025-01-12 08:26:50,897 - 未找到预测 CSV 文件，等待 30 秒后重试...
2025-01-12 08:27:20,899 - 未找到预测 CSV 文件，等待 30 秒后重试...
2025-01-12 08:27:50,907 - 未找到预测 CSV 文件，等待 30 秒后重试...
2025-01-12 08:28:20,922 - 未找到预测 CSV 文件，等待 30 秒后重试...
2025-01-12 08:28:50,929 - 未找到预测 CSV 文件，等待 30 秒后重试...
2025-01-12 08:29:20,931 - 未找到预测 CSV 文件，等待 30 秒后重试...
2025-01-12 08:29:50,939 - 未找到预测 CSV 文件，等待 30 秒后重试...
2025-01-12 08:30:20,943 - 未找到预测 CSV 文件，等待 30 秒后重试...
2025-01-12 08:30:50,949 - 发现新的预测文件：D:\my-vue-project\wind-power-forecast\backend\auto_scripts\precsv\middlecsv\20250112.csv，执行预测...
2025-01-12 08:30:51,046 - 今天的训练和预测任务已完成。
2025-01-12 20:05:58,029 - 今天的日期是: 20250112
2025-01-12 20:05:58,030 - 开始监视 D:\my-vue-project\wind-power-forecast\backend\auto_scripts\dataset\dataset_middle 文件夹以进行训练...
2025-01-12 20:05:58,031 - 今天的训练已经执行过，跳过...
2025-01-12 20:05:58,031 - 开始监视 D:\my-vue-project\wind-power-forecast\backend\auto_scripts\precsv\middlecsv 文件夹以进行预测...
2025-01-12 20:05:58,031 - 今天的预测已经执行过，跳过...
2025-01-12 20:05:58,031 - 今天的训练和预测任务已完成。
