2024-12-06 16:07:16,501 INFO: Wind Forecast Backend Startup [in D:\my-vue-project\wind-power-forecast\backend\logging_config.py:32]
2024-12-06 16:07:17,722 INFO: Wind Forecast Backend Startup [in D:\my-vue-project\wind-power-forecast\backend\logging_config.py:32]
2024-12-06 16:07:32,477 INFO: Received /upload request [in D:\my-vue-project\wind-power-forecast\backend\routes\upload.py:9]
2024-12-06 16:07:32,482 INFO: Received file: test1.csv [in D:\my-vue-project\wind-power-forecast\backend\routes\upload.py:15]
2024-12-06 16:07:32,482 INFO: Generated file_id: 731d8e14-88b6-4bec-b036-a84e8b4b3a03 [in D:\my-vue-project\wind-power-forecast\backend\routes\upload.py:23]
2024-12-06 16:07:32,513 INFO: Client connected [in D:\my-vue-project\wind-power-forecast\backend\app.py:39]
2024-12-06 16:07:35,202 INFO: Received /predict request [in D:\my-vue-project\wind-power-forecast\backend\routes\predict.py:14]
2024-12-06 16:07:35,202 INFO: Received file_id: 731d8e14-88b6-4bec-b036-a84e8b4b3a03, model: DART [in D:\my-vue-project\wind-power-forecast\backend\routes\predict.py:22]
2024-12-06 16:07:49,654 INFO: Copied forecast result to D:\my-vue-project\wind-power-forecast\backend\forecasts\forecast_test1_731d8e14-88b6-4bec-b036-a84e8b4b3a03_20241206160749.csv [in D:\my-vue-project\wind-power-forecast\backend\routes\predict.py:48]
2024-12-06 16:07:51,387 INFO: Model evaluation completed. Results in D:\my-vue-project\wind-power-forecast\backend\forecasts\evaluation_test1_731d8e14-88b6-4bec-b036-a84e8b4b3a03_20241206160749 [in D:\my-vue-project\wind-power-forecast\backend\routes\predict.py:57]
2024-12-06 16:07:51,388 INFO: Copied evaluation report to D:\my-vue-project\wind-power-forecast\backend\forecasts\report_test1_731d8e14-88b6-4bec-b036-a84e8b4b3a03_20241206160749.txt [in D:\my-vue-project\wind-power-forecast\backend\routes\predict.py:68]
2024-12-06 16:07:51,388 INFO: Generated forecast download URL: /download/forecast_test1_731d8e14-88b6-4bec-b036-a84e8b4b3a03_20241206160749.csv [in D:\my-vue-project\wind-power-forecast\backend\routes\predict.py:77]
2024-12-06 16:07:51,389 INFO: Generated report download URL: /download/report_test1_731d8e14-88b6-4bec-b036-a84e8b4b3a03_20241206160749.txt [in D:\my-vue-project\wind-power-forecast\backend\routes\predict.py:79]
2024-12-06 16:07:59,385 INFO: Processing download request for forecast_test1_731d8e14-88b6-4bec-b036-a84e8b4b3a03_20241206160749.csv [in D:\my-vue-project\wind-power-forecast\backend\routes\download.py:11]
2024-12-06 16:07:59,508 INFO: Sending file: forecast_test1_731d8e14-88b6-4bec-b036-a84e8b4b3a03_20241206160749.csv [in D:\my-vue-project\wind-power-forecast\backend\routes\download.py:17]
2024-12-06 16:08:00,468 INFO: Processing download request for report_test1_731d8e14-88b6-4bec-b036-a84e8b4b3a03_20241206160749.txt [in D:\my-vue-project\wind-power-forecast\backend\routes\download.py:11]
2024-12-06 16:08:00,468 INFO: Sending file: report_test1_731d8e14-88b6-4bec-b036-a84e8b4b3a03_20241206160749.txt [in D:\my-vue-project\wind-power-forecast\backend\routes\download.py:17]
2024-12-06 16:08:46,422 INFO: Wind Forecast Backend Startup [in D:\my-vue-project\wind-power-forecast\backend\logging_config.py:32]
2024-12-06 16:08:47,688 INFO: Wind Forecast Backend Startup [in D:\my-vue-project\wind-power-forecast\backend\logging_config.py:32]
2024-12-06 16:08:48,763 INFO: Client connected [in D:\my-vue-project\wind-power-forecast\backend\app.py:39]
2024-12-06 16:08:53,290 INFO: Client disconnected [in D:\my-vue-project\wind-power-forecast\backend\app.py:44]
2024-12-06 16:08:58,236 INFO: Received /upload request [in D:\my-vue-project\wind-power-forecast\backend\routes\upload.py:9]
2024-12-06 16:08:58,242 INFO: Received file: test1.csv [in D:\my-vue-project\wind-power-forecast\backend\routes\upload.py:15]
2024-12-06 16:08:58,242 INFO: Generated file_id: 165b9fb2-fced-4115-8f66-3af7f0a427e1 [in D:\my-vue-project\wind-power-forecast\backend\routes\upload.py:23]
2024-12-06 16:08:58,276 INFO: Client connected [in D:\my-vue-project\wind-power-forecast\backend\app.py:39]
2024-12-06 16:09:01,160 INFO: Received /predict request [in D:\my-vue-project\wind-power-forecast\backend\routes\predict.py:14]
2024-12-06 16:09:01,162 INFO: Received file_id: 165b9fb2-fced-4115-8f66-3af7f0a427e1, model: GOSS [in D:\my-vue-project\wind-power-forecast\backend\routes\predict.py:22]
2024-12-06 16:09:08,949 INFO: Copied forecast result to D:\my-vue-project\wind-power-forecast\backend\forecasts\forecast_test1_165b9fb2-fced-4115-8f66-3af7f0a427e1_20241206160908.csv [in D:\my-vue-project\wind-power-forecast\backend\routes\predict.py:48]
2024-12-06 16:09:10,643 INFO: Model evaluation completed. Results in D:\my-vue-project\wind-power-forecast\backend\forecasts\evaluation_test1_165b9fb2-fced-4115-8f66-3af7f0a427e1_20241206160908 [in D:\my-vue-project\wind-power-forecast\backend\routes\predict.py:57]
2024-12-06 16:09:10,644 INFO: Copied evaluation report to D:\my-vue-project\wind-power-forecast\backend\forecasts\report_test1_165b9fb2-fced-4115-8f66-3af7f0a427e1_20241206160908.txt [in D:\my-vue-project\wind-power-forecast\backend\routes\predict.py:68]
2024-12-06 16:09:10,644 INFO: Generated forecast download URL: /download/forecast_test1_165b9fb2-fced-4115-8f66-3af7f0a427e1_20241206160908.csv [in D:\my-vue-project\wind-power-forecast\backend\routes\predict.py:77]
2024-12-06 16:09:10,645 INFO: Generated report download URL: /download/report_test1_165b9fb2-fced-4115-8f66-3af7f0a427e1_20241206160908.txt [in D:\my-vue-project\wind-power-forecast\backend\routes\predict.py:79]
2024-12-06 16:09:13,347 INFO: Processing download request for forecast_test1_165b9fb2-fced-4115-8f66-3af7f0a427e1_20241206160908.csv [in D:\my-vue-project\wind-power-forecast\backend\routes\download.py:11]
2024-12-06 16:09:13,470 INFO: Sending file: forecast_test1_165b9fb2-fced-4115-8f66-3af7f0a427e1_20241206160908.csv [in D:\my-vue-project\wind-power-forecast\backend\routes\download.py:17]
2024-12-06 16:09:15,867 INFO: Processing download request for report_test1_165b9fb2-fced-4115-8f66-3af7f0a427e1_20241206160908.txt [in D:\my-vue-project\wind-power-forecast\backend\routes\download.py:11]
2024-12-06 16:09:15,868 INFO: Sending file: report_test1_165b9fb2-fced-4115-8f66-3af7f0a427e1_20241206160908.txt [in D:\my-vue-project\wind-power-forecast\backend\routes\download.py:17]
