2025-02-25 10:53:39,911 - 今天的日期是: 20250225
2025-02-25 10:53:39,912 - 开始监视 D:\my-vue-project\wind-power-forecast\backend\auto_scripts\dataset\dataset_short 文件夹以进行训练...
2025-02-25 10:53:39,912 - 开始监视 D:\my-vue-project\wind-power-forecast\backend\auto_scripts\precsv\shortcsv 文件夹以进行预测...
2025-02-25 10:53:39,912 - 未找到训练 CSV 文件，等待 30 秒后重试...
2025-02-25 10:53:39,912 - 未有可用模型，等待模型训练完成...
2025-02-25 10:53:58,812 - 今天的日期是: 20250225
2025-02-25 10:53:58,813 - 开始监视 D:\my-vue-project\wind-power-forecast\backend\auto_scripts\dataset\dataset_middle 文件夹以进行训练...
2025-02-25 10:53:58,813 - 未找到训练 CSV 文件，等待 30 秒后重试...
2025-02-25 10:53:58,813 - 开始监视 D:\my-vue-project\wind-power-forecast\backend\auto_scripts\precsv\middlecsv 文件夹以进行预测...
2025-02-25 10:53:58,813 - 未有可用模型，等待模型训练完成...
2025-02-25 10:54:09,922 - 未有可用模型，等待模型训练完成...
2025-02-25 10:54:09,922 - 未找到训练 CSV 文件，等待 30 秒后重试...
2025-02-25 10:54:13,660 - 今天的日期是: 20250225
2025-02-25 10:54:13,661 - 开始监视 D:\my-vue-project\wind-power-forecast\backend\auto_scripts\dataset\dataset_supershort 文件夹以进行训练...
2025-02-25 10:54:13,661 - 未找到训练 CSV 文件，等待 30 秒后重试...
2025-02-25 10:54:13,662 - 开始监视 D:\my-vue-project\wind-power-forecast\backend\auto_scripts\precsv\supershortcsv\20250225 文件夹以进行预测...
2025-02-25 10:54:13,662 - 模型不可用，等待模型训练完成...
2025-02-25 10:54:28,816 - 未找到训练 CSV 文件，等待 30 秒后重试...
2025-02-25 10:54:28,816 - 未有可用模型，等待模型训练完成...
2025-02-25 10:59:46,808 - 今天的日期是: 20250225
2025-02-25 10:59:46,809 - 开始监视 D:\my-vue-project\wind-power-forecast\backend\auto_scripts\dataset\dataset_supershort 文件夹以进行训练...
2025-02-25 10:59:46,809 - 未找到训练 CSV 文件，等待 30 秒后重试...
2025-02-25 10:59:46,809 - 开始监视 D:\my-vue-project\wind-power-forecast\backend\auto_scripts\precsv\supershortcsv\20250225 文件夹以进行预测...
2025-02-25 10:59:46,810 - 模型不可用，等待模型训练完成...
2025-02-25 11:00:16,822 - 未找到训练 CSV 文件，等待 30 秒后重试...
2025-02-25 11:00:46,827 - 未找到训练 CSV 文件，等待 30 秒后重试...
2025-02-25 11:01:16,835 - 未找到训练 CSV 文件，等待 30 秒后重试...
2025-02-25 11:01:46,842 - 未找到训练 CSV 文件，等待 30 秒后重试...
2025-02-25 11:02:16,818 - 模型不可用，等待模型训练完成...
2025-02-25 11:02:16,850 - 未找到训练 CSV 文件，等待 30 秒后重试...
2025-02-25 11:02:46,863 - 未找到训练 CSV 文件，等待 30 秒后重试...
2025-02-25 11:03:16,868 - 未找到训练 CSV 文件，等待 30 秒后重试...
2025-02-25 11:03:46,884 - 未找到训练 CSV 文件，等待 30 秒后重试...
2025-02-25 11:04:16,894 - 未找到训练 CSV 文件，等待 30 秒后重试...
2025-02-25 11:04:46,832 - 模型不可用，等待模型训练完成...
2025-02-25 11:04:46,911 - 未找到训练 CSV 文件，等待 30 秒后重试...
2025-02-25 11:05:16,917 - 未找到训练 CSV 文件，等待 30 秒后重试...
2025-02-25 11:05:46,930 - 未找到训练 CSV 文件，等待 30 秒后重试...
2025-02-25 11:06:16,938 - 未找到训练 CSV 文件，等待 30 秒后重试...
2025-02-25 11:06:46,943 - 未找到训练 CSV 文件，等待 30 秒后重试...
2025-02-25 11:07:16,834 - 模型不可用，等待模型训练完成...
2025-02-25 11:07:16,959 - 未找到训练 CSV 文件，等待 30 秒后重试...
2025-02-25 11:07:46,975 - 未找到训练 CSV 文件，等待 30 秒后重试...
2025-02-25 11:08:16,978 - 未找到训练 CSV 文件，等待 30 秒后重试...
2025-02-25 11:08:46,991 - 未找到训练 CSV 文件，等待 30 秒后重试...
2025-02-25 11:09:17,006 - 未找到训练 CSV 文件，等待 30 秒后重试...
2025-02-25 11:09:46,842 - 模型不可用，等待模型训练完成...
2025-02-25 11:09:47,014 - 未找到训练 CSV 文件，等待 30 秒后重试...
2025-02-25 11:10:17,018 - 未找到训练 CSV 文件，等待 30 秒后重试...
2025-02-25 11:10:47,031 - 未找到训练 CSV 文件，等待 30 秒后重试...
2025-02-25 11:11:17,036 - 未找到训练 CSV 文件，等待 30 秒后重试...
2025-02-25 11:11:47,045 - 未找到训练 CSV 文件，等待 30 秒后重试...
2025-02-25 11:12:16,848 - 模型不可用，等待模型训练完成...
2025-02-25 11:12:17,055 - 未找到训练 CSV 文件，等待 30 秒后重试...
2025-02-25 11:12:47,058 - 未找到训练 CSV 文件，等待 30 秒后重试...
2025-02-25 11:13:17,067 - 未找到训练 CSV 文件，等待 30 秒后重试...
2025-02-25 11:13:47,070 - 未找到训练 CSV 文件，等待 30 秒后重试...
2025-02-25 11:14:17,083 - 未找到训练 CSV 文件，等待 30 秒后重试...
2025-02-25 11:14:46,855 - 模型不可用，等待模型训练完成...
2025-02-25 11:14:47,092 - 未找到训练 CSV 文件，等待 30 秒后重试...
2025-02-25 11:15:17,103 - 未找到训练 CSV 文件，等待 30 秒后重试...
2025-02-25 11:15:47,119 - 未找到训练 CSV 文件，等待 30 秒后重试...
2025-02-25 11:16:17,128 - 未找到训练 CSV 文件，等待 30 秒后重试...
2025-02-25 11:16:47,143 - 未找到训练 CSV 文件，等待 30 秒后重试...
2025-02-25 11:17:16,866 - 模型不可用，等待模型训练完成...
2025-02-25 11:17:17,145 - 未找到训练 CSV 文件，等待 30 秒后重试...
2025-02-25 11:17:47,152 - 未找到训练 CSV 文件，等待 30 秒后重试...
2025-02-25 11:18:17,155 - 未找到训练 CSV 文件，等待 30 秒后重试...
2025-02-25 11:18:47,164 - 未找到训练 CSV 文件，等待 30 秒后重试...
2025-02-25 11:19:17,174 - 未找到训练 CSV 文件，等待 30 秒后重试...
2025-02-25 11:19:46,879 - 模型不可用，等待模型训练完成...
2025-02-25 11:19:47,188 - 未找到训练 CSV 文件，等待 30 秒后重试...
2025-02-25 11:20:17,198 - 未找到训练 CSV 文件，等待 30 秒后重试...
2025-02-25 11:20:47,202 - 未找到训练 CSV 文件，等待 30 秒后重试...
2025-02-25 11:21:17,209 - 未找到训练 CSV 文件，等待 30 秒后重试...
2025-02-25 11:21:47,221 - 未找到训练 CSV 文件，等待 30 秒后重试...
2025-02-25 11:22:16,884 - 模型不可用，等待模型训练完成...
2025-02-25 11:22:17,230 - 未找到训练 CSV 文件，等待 30 秒后重试...
2025-02-25 11:22:47,237 - 未找到训练 CSV 文件，等待 30 秒后重试...
2025-02-25 11:23:17,239 - 未找到训练 CSV 文件，等待 30 秒后重试...
2025-02-25 11:23:47,243 - 未找到训练 CSV 文件，等待 30 秒后重试...
2025-02-25 11:24:17,255 - 未找到训练 CSV 文件，等待 30 秒后重试...
2025-02-25 11:24:46,889 - 模型不可用，等待模型训练完成...
2025-02-25 11:24:47,263 - 未找到训练 CSV 文件，等待 30 秒后重试...
2025-02-25 11:25:17,267 - 未找到训练 CSV 文件，等待 30 秒后重试...
2025-02-25 11:25:47,278 - 未找到训练 CSV 文件，等待 30 秒后重试...
2025-02-25 11:26:17,286 - 未找到训练 CSV 文件，等待 30 秒后重试...
2025-02-25 11:26:47,299 - 未找到训练 CSV 文件，等待 30 秒后重试...
2025-02-25 11:27:16,894 - 模型不可用，等待模型训练完成...
2025-02-25 11:27:17,305 - 未找到训练 CSV 文件，等待 30 秒后重试...
2025-02-25 11:27:47,312 - 未找到训练 CSV 文件，等待 30 秒后重试...
2025-02-25 11:28:17,322 - 未找到训练 CSV 文件，等待 30 秒后重试...
2025-02-25 11:28:47,328 - 未找到训练 CSV 文件，等待 30 秒后重试...
2025-02-25 11:29:17,344 - 未找到训练 CSV 文件，等待 30 秒后重试...
2025-02-25 11:29:46,899 - 模型不可用，等待模型训练完成...
2025-02-25 11:29:47,357 - 未找到训练 CSV 文件，等待 30 秒后重试...
2025-02-25 11:30:17,363 - 未找到训练 CSV 文件，等待 30 秒后重试...
2025-02-25 11:30:47,378 - 未找到训练 CSV 文件，等待 30 秒后重试...
2025-02-25 11:31:17,382 - 未找到训练 CSV 文件，等待 30 秒后重试...
2025-02-25 11:31:47,394 - 未找到训练 CSV 文件，等待 30 秒后重试...
2025-02-25 11:32:16,916 - 模型不可用，等待模型训练完成...
2025-02-25 11:32:17,398 - 未找到训练 CSV 文件，等待 30 秒后重试...
2025-02-25 11:32:47,406 - 未找到训练 CSV 文件，等待 30 秒后重试...
2025-02-25 11:33:17,413 - 未找到训练 CSV 文件，等待 30 秒后重试...
2025-02-25 11:33:47,424 - 未找到训练 CSV 文件，等待 30 秒后重试...
2025-02-25 11:34:17,434 - 未找到训练 CSV 文件，等待 30 秒后重试...
2025-02-25 11:34:46,929 - 模型不可用，等待模型训练完成...
2025-02-25 11:34:47,443 - 未找到训练 CSV 文件，等待 30 秒后重试...
2025-02-25 11:35:17,456 - 未找到训练 CSV 文件，等待 30 秒后重试...
2025-02-25 11:35:47,462 - 未找到训练 CSV 文件，等待 30 秒后重试...
2025-02-25 11:36:17,478 - 未找到训练 CSV 文件，等待 30 秒后重试...
2025-02-25 11:36:47,479 - 未找到训练 CSV 文件，等待 30 秒后重试...
2025-02-25 11:37:16,944 - 模型不可用，等待模型训练完成...
2025-02-25 11:37:17,490 - 未找到训练 CSV 文件，等待 30 秒后重试...
2025-02-25 11:37:47,504 - 未找到训练 CSV 文件，等待 30 秒后重试...
2025-02-25 11:38:17,510 - 未找到训练 CSV 文件，等待 30 秒后重试...
2025-02-25 11:38:47,520 - 未找到训练 CSV 文件，等待 30 秒后重试...
2025-02-25 11:39:17,533 - 未找到训练 CSV 文件，等待 30 秒后重试...
2025-02-25 11:39:46,946 - 模型不可用，等待模型训练完成...
2025-02-25 11:39:47,541 - 未找到训练 CSV 文件，等待 30 秒后重试...
2025-02-25 11:40:17,551 - 未找到训练 CSV 文件，等待 30 秒后重试...
2025-02-25 11:40:47,566 - 未找到训练 CSV 文件，等待 30 秒后重试...
2025-02-25 11:41:17,570 - 未找到训练 CSV 文件，等待 30 秒后重试...
2025-02-25 11:41:47,583 - 未找到训练 CSV 文件，等待 30 秒后重试...
2025-02-25 11:42:16,956 - 模型不可用，等待模型训练完成...
2025-02-25 11:42:17,595 - 未找到训练 CSV 文件，等待 30 秒后重试...
2025-02-25 11:42:47,606 - 未找到训练 CSV 文件，等待 30 秒后重试...
2025-02-25 11:43:17,611 - 未找到训练 CSV 文件，等待 30 秒后重试...
2025-02-25 11:43:47,614 - 未找到训练 CSV 文件，等待 30 秒后重试...
2025-02-25 11:44:17,624 - 未找到训练 CSV 文件，等待 30 秒后重试...
2025-02-25 11:44:46,959 - 模型不可用，等待模型训练完成...
2025-02-25 11:44:47,627 - 未找到训练 CSV 文件，等待 30 秒后重试...
2025-02-25 11:45:17,635 - 未找到训练 CSV 文件，等待 30 秒后重试...
2025-02-25 11:45:47,642 - 未找到训练 CSV 文件，等待 30 秒后重试...
2025-02-25 11:46:17,651 - 未找到训练 CSV 文件，等待 30 秒后重试...
2025-02-25 11:46:47,667 - 未找到训练 CSV 文件，等待 30 秒后重试...
2025-02-25 11:47:16,973 - 模型不可用，等待模型训练完成...
2025-02-25 11:47:17,681 - 未找到训练 CSV 文件，等待 30 秒后重试...
2025-02-25 11:47:47,685 - 未找到训练 CSV 文件，等待 30 秒后重试...
2025-02-25 11:48:17,699 - 未找到训练 CSV 文件，等待 30 秒后重试...
2025-02-25 11:48:47,714 - 未找到训练 CSV 文件，等待 30 秒后重试...
2025-02-25 11:49:17,730 - 未找到训练 CSV 文件，等待 30 秒后重试...
2025-02-25 11:49:46,987 - 模型不可用，等待模型训练完成...
2025-02-25 11:49:47,736 - 未找到训练 CSV 文件，等待 30 秒后重试...
2025-02-25 11:50:17,751 - 未找到训练 CSV 文件，等待 30 秒后重试...
2025-02-25 11:50:47,766 - 未找到训练 CSV 文件，等待 30 秒后重试...
2025-02-25 11:51:17,775 - 未找到训练 CSV 文件，等待 30 秒后重试...
2025-02-25 11:51:47,780 - 未找到训练 CSV 文件，等待 30 秒后重试...
2025-02-25 11:52:17,000 - 模型不可用，等待模型训练完成...
2025-02-25 11:52:17,783 - 未找到训练 CSV 文件，等待 30 秒后重试...
2025-02-25 11:52:47,786 - 未找到训练 CSV 文件，等待 30 秒后重试...
2025-02-25 11:53:17,792 - 未找到训练 CSV 文件，等待 30 秒后重试...
2025-02-25 11:53:47,801 - 未找到训练 CSV 文件，等待 30 秒后重试...
2025-02-25 11:54:17,804 - 未找到训练 CSV 文件，等待 30 秒后重试...
2025-02-25 11:54:47,011 - 模型不可用，等待模型训练完成...
2025-02-25 11:54:47,820 - 未找到训练 CSV 文件，等待 30 秒后重试...
2025-02-25 11:55:17,835 - 未找到训练 CSV 文件，等待 30 秒后重试...
2025-02-25 11:55:47,845 - 未找到训练 CSV 文件，等待 30 秒后重试...
2025-02-25 11:56:17,850 - 未找到训练 CSV 文件，等待 30 秒后重试...
2025-02-25 11:56:47,867 - 未找到训练 CSV 文件，等待 30 秒后重试...
2025-02-25 11:57:17,013 - 模型不可用，等待模型训练完成...
2025-02-25 11:57:17,874 - 未找到训练 CSV 文件，等待 30 秒后重试...
2025-02-25 11:57:47,890 - 未找到训练 CSV 文件，等待 30 秒后重试...
2025-02-25 11:58:17,894 - 未找到训练 CSV 文件，等待 30 秒后重试...
2025-02-25 11:58:47,898 - 未找到训练 CSV 文件，等待 30 秒后重试...
2025-02-25 11:59:17,906 - 未找到训练 CSV 文件，等待 30 秒后重试...
2025-02-25 11:59:47,018 - 模型不可用，等待模型训练完成...
2025-02-25 11:59:47,917 - 未找到训练 CSV 文件，等待 30 秒后重试...
2025-02-25 12:00:17,920 - 未找到训练 CSV 文件，等待 30 秒后重试...
2025-02-25 12:00:47,934 - 未找到训练 CSV 文件，等待 30 秒后重试...
2025-02-25 12:01:17,940 - 未找到训练 CSV 文件，等待 30 秒后重试...
2025-02-25 12:01:47,945 - 未找到训练 CSV 文件，等待 30 秒后重试...
2025-02-25 12:02:17,020 - 模型不可用，等待模型训练完成...
2025-02-25 12:02:17,958 - 未找到训练 CSV 文件，等待 30 秒后重试...
2025-02-25 12:02:47,966 - 未找到训练 CSV 文件，等待 30 秒后重试...
2025-02-25 12:03:17,979 - 未找到训练 CSV 文件，等待 30 秒后重试...
2025-02-25 12:03:47,993 - 未找到训练 CSV 文件，等待 30 秒后重试...
2025-02-25 12:04:18,001 - 未找到训练 CSV 文件，等待 30 秒后重试...
2025-02-25 12:04:47,023 - 模型不可用，等待模型训练完成...
2025-02-25 12:04:48,009 - 未找到训练 CSV 文件，等待 30 秒后重试...
2025-02-25 12:05:18,025 - 未找到训练 CSV 文件，等待 30 秒后重试...
2025-02-25 12:05:48,028 - 未找到训练 CSV 文件，等待 30 秒后重试...
2025-02-25 12:06:18,038 - 未找到训练 CSV 文件，等待 30 秒后重试...
2025-02-25 12:06:48,052 - 未找到训练 CSV 文件，等待 30 秒后重试...
2025-02-25 12:07:17,029 - 模型不可用，等待模型训练完成...
2025-02-25 12:07:18,067 - 未找到训练 CSV 文件，等待 30 秒后重试...
2025-02-25 12:07:48,074 - 未找到训练 CSV 文件，等待 30 秒后重试...
2025-02-25 12:08:18,082 - 未找到训练 CSV 文件，等待 30 秒后重试...
2025-02-25 12:08:48,087 - 未找到训练 CSV 文件，等待 30 秒后重试...
2025-02-25 12:09:18,097 - 未找到训练 CSV 文件，等待 30 秒后重试...
2025-02-25 12:09:47,033 - 模型不可用，等待模型训练完成...
2025-02-25 12:09:48,103 - 未找到训练 CSV 文件，等待 30 秒后重试...
2025-02-25 12:10:18,106 - 未找到训练 CSV 文件，等待 30 秒后重试...
2025-02-25 12:10:48,112 - 未找到训练 CSV 文件，等待 30 秒后重试...
2025-02-25 12:11:18,113 - 未找到训练 CSV 文件，等待 30 秒后重试...
2025-02-25 12:11:48,130 - 未找到训练 CSV 文件，等待 30 秒后重试...
2025-02-25 12:12:17,035 - 模型不可用，等待模型训练完成...
2025-02-25 12:12:18,143 - 未找到训练 CSV 文件，等待 30 秒后重试...
2025-02-25 12:12:48,155 - 未找到训练 CSV 文件，等待 30 秒后重试...
2025-02-25 12:13:18,158 - 未找到训练 CSV 文件，等待 30 秒后重试...
2025-02-25 12:13:48,168 - 未找到训练 CSV 文件，等待 30 秒后重试...
2025-02-25 12:14:18,170 - 未找到训练 CSV 文件，等待 30 秒后重试...
2025-02-25 12:14:47,044 - 模型不可用，等待模型训练完成...
2025-02-25 12:14:48,173 - 未找到训练 CSV 文件，等待 30 秒后重试...
2025-02-25 12:15:18,176 - 未找到训练 CSV 文件，等待 30 秒后重试...
2025-02-25 12:15:48,184 - 未找到训练 CSV 文件，等待 30 秒后重试...
2025-02-25 12:16:18,187 - 未找到训练 CSV 文件，等待 30 秒后重试...
2025-02-25 12:16:48,205 - 未找到训练 CSV 文件，等待 30 秒后重试...
2025-02-25 12:17:17,052 - 模型不可用，等待模型训练完成...
2025-02-25 12:17:18,215 - 未找到训练 CSV 文件，等待 30 秒后重试...
2025-02-25 12:17:48,219 - 未找到训练 CSV 文件，等待 30 秒后重试...
2025-02-25 12:18:18,221 - 未找到训练 CSV 文件，等待 30 秒后重试...
2025-02-25 12:18:48,223 - 未找到训练 CSV 文件，等待 30 秒后重试...
2025-02-25 12:19:18,228 - 未找到训练 CSV 文件，等待 30 秒后重试...
2025-02-25 12:19:47,055 - 模型不可用，等待模型训练完成...
2025-02-25 12:19:48,230 - 未找到训练 CSV 文件，等待 30 秒后重试...
2025-02-25 12:20:18,239 - 未找到训练 CSV 文件，等待 30 秒后重试...
2025-02-25 12:20:48,249 - 未找到训练 CSV 文件，等待 30 秒后重试...
2025-02-25 12:21:18,261 - 未找到训练 CSV 文件，等待 30 秒后重试...
2025-02-25 12:21:48,270 - 未找到训练 CSV 文件，等待 30 秒后重试...
2025-02-25 12:22:17,069 - 模型不可用，等待模型训练完成...
2025-02-25 12:22:18,284 - 未找到训练 CSV 文件，等待 30 秒后重试...
2025-02-25 12:22:48,297 - 未找到训练 CSV 文件，等待 30 秒后重试...
2025-02-25 12:23:18,299 - 未找到训练 CSV 文件，等待 30 秒后重试...
2025-02-25 12:23:48,308 - 未找到训练 CSV 文件，等待 30 秒后重试...
2025-02-25 12:24:18,324 - 未找到训练 CSV 文件，等待 30 秒后重试...
2025-02-25 12:24:47,072 - 模型不可用，等待模型训练完成...
2025-02-25 12:24:48,337 - 未找到训练 CSV 文件，等待 30 秒后重试...
2025-02-25 12:25:18,354 - 未找到训练 CSV 文件，等待 30 秒后重试...
2025-02-25 12:25:48,368 - 未找到训练 CSV 文件，等待 30 秒后重试...
2025-02-25 12:26:18,384 - 未找到训练 CSV 文件，等待 30 秒后重试...
2025-02-25 12:26:48,391 - 未找到训练 CSV 文件，等待 30 秒后重试...
2025-02-25 12:27:17,077 - 模型不可用，等待模型训练完成...
2025-02-25 12:27:18,402 - 未找到训练 CSV 文件，等待 30 秒后重试...
2025-02-25 12:27:48,417 - 未找到训练 CSV 文件，等待 30 秒后重试...
2025-02-25 12:28:18,430 - 未找到训练 CSV 文件，等待 30 秒后重试...
