2025-02-08 10:44:30,024 - 今天的日期是: 20250208
2025-02-08 10:44:30,026 - 开始监视 D:\my-vue-project\wind-power-forecast\backend\auto_scripts\dataset\dataset_supershort 文件夹以进行训练...
2025-02-08 10:44:30,027 - 未找到训练 CSV 文件，等待 30 秒后重试...
2025-02-08 10:44:30,028 - 开始监视 D:\my-vue-project\wind-power-forecast\backend\auto_scripts\precsv\supershortcsv\20250208 文件夹以进行预测...
2025-02-08 10:44:30,029 - 等待 3 分钟后重新检查新文件...
2025-02-08 10:44:30,097 - 今天的日期是: 20250208
2025-02-08 10:44:30,098 - 开始监视 D:\my-vue-project\wind-power-forecast\backend\auto_scripts\dataset\dataset_middle 文件夹以进行训练...
2025-02-08 10:44:30,099 - 开始监视 D:\my-vue-project\wind-power-forecast\backend\auto_scripts\precsv\middlecsv 文件夹以进行预测...
2025-02-08 10:44:30,100 - 未找到训练 CSV 文件，等待 30 秒后重试...
2025-02-08 10:44:30,100 - 未有可用模型，等待模型训练完成...
2025-02-08 10:44:30,160 - 今天的日期是: 20250208
2025-02-08 10:44:30,162 - 开始监视 D:\my-vue-project\wind-power-forecast\backend\auto_scripts\dataset\dataset_short 文件夹以进行训练...
2025-02-08 10:44:30,163 - 开始监视 D:\my-vue-project\wind-power-forecast\backend\auto_scripts\precsv\shortcsv 文件夹以进行预测...
2025-02-08 10:44:30,163 - 未找到训练 CSV 文件，等待 30 秒后重试...
2025-02-08 10:44:30,163 - 未有可用模型，等待模型训练完成...
2025-02-08 10:45:00,044 - 未找到训练 CSV 文件，等待 30 秒后重试...
2025-02-08 10:45:00,107 - 未找到训练 CSV 文件，等待 30 秒后重试...
2025-02-08 10:45:00,108 - 未有可用模型，等待模型训练完成...
2025-02-08 10:45:00,169 - 未找到训练 CSV 文件，等待 30 秒后重试...
2025-02-08 10:45:00,170 - 未有可用模型，等待模型训练完成...
2025-02-08 23:44:04,982 - 今天的日期是: 20250208
2025-02-08 23:44:04,986 - 开始监视 D:\my-vue-project\wind-power-forecast\backend\auto_scripts\dataset\dataset_supershort 文件夹以进行训练...
2025-02-08 23:44:04,987 - 未找到训练 CSV 文件，等待 30 秒后重试...
2025-02-08 23:44:04,988 - 开始监视 D:\my-vue-project\wind-power-forecast\backend\auto_scripts\precsv\supershortcsv\20250208 文件夹以进行预测...
2025-02-08 23:44:04,988 - 模型不可用，等待模型训练完成...
