2025-02-07 11:07:32,608 - 今天的日期是: 20250207
2025-02-07 11:07:32,609 - 开始监视 D:\my-vue-project\wind-power-forecast\backend\auto_scripts\dataset\dataset_short 文件夹以进行训练...
2025-02-07 11:07:32,610 - 开始监视 D:\my-vue-project\wind-power-forecast\backend\auto_scripts\precsv\shortcsv 文件夹以进行预测...
2025-02-07 11:07:32,610 - 未找到训练 CSV 文件，等待 30 秒后重试...
2025-02-07 11:07:32,610 - 未有可用模型，等待模型训练完成...
2025-02-07 11:08:02,614 - 未有可用模型，等待模型训练完成...
2025-02-07 11:08:02,614 - 未找到训练 CSV 文件，等待 30 秒后重试...
2025-02-07 11:08:32,624 - 未有可用模型，等待模型训练完成...
2025-02-07 11:08:32,624 - 未找到训练 CSV 文件，等待 30 秒后重试...
2025-02-07 11:09:02,629 - 未找到训练 CSV 文件，等待 30 秒后重试...
2025-02-07 11:09:02,629 - 未有可用模型，等待模型训练完成...
2025-02-07 11:09:32,641 - 未有可用模型，等待模型训练完成...
2025-02-07 11:09:32,641 - 未找到训练 CSV 文件，等待 30 秒后重试...
2025-02-07 11:10:02,654 - 未有可用模型，等待模型训练完成...
2025-02-07 11:10:02,654 - 未找到训练 CSV 文件，等待 30 秒后重试...
2025-02-07 11:10:32,663 - 未有可用模型，等待模型训练完成...
2025-02-07 11:10:32,664 - 未找到训练 CSV 文件，等待 30 秒后重试...
2025-02-07 11:11:02,679 - 未有可用模型，等待模型训练完成...
2025-02-07 11:11:02,679 - 未找到训练 CSV 文件，等待 30 秒后重试...
2025-02-07 11:11:32,687 - 未有可用模型，等待模型训练完成...
2025-02-07 11:11:32,687 - 未找到训练 CSV 文件，等待 30 秒后重试...
2025-02-07 11:12:02,698 - 未有可用模型，等待模型训练完成...
2025-02-07 11:12:02,698 - 未找到训练 CSV 文件，等待 30 秒后重试...
2025-02-07 11:13:05,851 - 今天的日期是: 20250207
2025-02-07 11:13:05,853 - 开始监视 D:\my-vue-project\wind-power-forecast\backend\auto_scripts\dataset\dataset_short 文件夹以进行训练...
2025-02-07 11:13:05,854 - 未找到训练 CSV 文件，等待 30 秒后重试...
2025-02-07 11:13:05,854 - 开始监视 D:\my-vue-project\wind-power-forecast\backend\auto_scripts\precsv\shortcsv 文件夹以进行预测...
2025-02-07 11:13:05,855 - 未有可用模型，等待模型训练完成...
2025-02-07 11:13:35,861 - 未有可用模型，等待模型训练完成...
2025-02-07 11:13:35,861 - 未找到训练 CSV 文件，等待 30 秒后重试...
2025-02-07 11:14:03,369 - 今天的日期是: 20250207
2025-02-07 11:14:03,371 - 开始监视 D:\my-vue-project\wind-power-forecast\backend\auto_scripts\dataset\dataset_middle 文件夹以进行训练...
2025-02-07 11:14:03,371 - 开始监视 D:\my-vue-project\wind-power-forecast\backend\auto_scripts\precsv\middlecsv 文件夹以进行预测...
2025-02-07 11:14:03,371 - 未找到训练 CSV 文件，等待 30 秒后重试...
2025-02-07 11:14:03,372 - 未有可用模型，等待模型训练完成...
2025-02-07 11:14:12,979 - 今天的日期是: 20250207
2025-02-07 11:14:12,980 - 开始监视 D:\my-vue-project\wind-power-forecast\backend\auto_scripts\dataset\dataset_short 文件夹以进行训练...
2025-02-07 11:14:12,981 - 未找到训练 CSV 文件，等待 30 秒后重试...
2025-02-07 11:14:12,981 - 开始监视 D:\my-vue-project\wind-power-forecast\backend\auto_scripts\precsv\shortcsv 文件夹以进行预测...
2025-02-07 11:14:12,981 - 未有可用模型，等待模型训练完成...
2025-02-07 11:14:20,163 - 今天的日期是: 20250207
2025-02-07 11:14:20,164 - 开始监视 D:\my-vue-project\wind-power-forecast\backend\auto_scripts\dataset\dataset_supershort 文件夹以进行训练...
2025-02-07 11:14:20,165 - 未找到训练 CSV 文件，等待 30 秒后重试...
2025-02-07 11:14:20,166 - 开始监视 D:\my-vue-project\wind-power-forecast\backend\auto_scripts\precsv\supershortcsv\20250207 文件夹以进行预测...
2025-02-07 11:14:20,166 - 等待 3 分钟后重新检查新文件...
2025-02-07 11:14:42,993 - 未有可用模型，等待模型训练完成...
2025-02-07 11:14:42,993 - 未找到训练 CSV 文件，等待 30 秒后重试...
2025-02-07 11:14:50,177 - 未找到训练 CSV 文件，等待 30 秒后重试...
2025-02-07 11:15:13,004 - 未有可用模型，等待模型训练完成...
2025-02-07 11:15:13,004 - 未找到训练 CSV 文件，等待 30 秒后重试...
2025-02-07 11:15:20,179 - 未找到训练 CSV 文件，等待 30 秒后重试...
2025-02-07 11:15:43,015 - 未有可用模型，等待模型训练完成...
2025-02-07 11:15:43,015 - 未找到训练 CSV 文件，等待 30 秒后重试...
2025-02-07 11:15:50,190 - 未找到训练 CSV 文件，等待 30 秒后重试...
2025-02-07 11:16:13,028 - 未有可用模型，等待模型训练完成...
2025-02-07 11:16:13,028 - 未找到训练 CSV 文件，等待 30 秒后重试...
2025-02-07 11:16:20,194 - 未找到训练 CSV 文件，等待 30 秒后重试...
2025-02-07 11:16:43,033 - 未找到训练 CSV 文件，等待 30 秒后重试...
2025-02-07 11:16:43,033 - 未有可用模型，等待模型训练完成...
2025-02-07 11:16:50,208 - 未找到训练 CSV 文件，等待 30 秒后重试...
2025-02-07 11:17:13,043 - 未找到训练 CSV 文件，等待 30 秒后重试...
2025-02-07 11:17:13,043 - 未有可用模型，等待模型训练完成...
2025-02-07 11:17:52,822 - 今天的日期是: 20250207
2025-02-07 11:17:52,825 - 开始监视 D:\my-vue-project\wind-power-forecast\backend\auto_scripts\dataset\dataset_supershort 文件夹以进行训练...
2025-02-07 11:17:52,825 - 未找到训练 CSV 文件，等待 30 秒后重试...
2025-02-07 11:17:52,826 - 开始监视 D:\my-vue-project\wind-power-forecast\backend\auto_scripts\precsv\supershortcsv\20250207 文件夹以进行预测...
2025-02-07 11:17:52,827 - 等待 3 分钟后重新检查新文件...
2025-02-07 11:17:52,829 - 今天的日期是: 20250207
2025-02-07 11:17:52,831 - 开始监视 D:\my-vue-project\wind-power-forecast\backend\auto_scripts\dataset\dataset_short 文件夹以进行训练...
2025-02-07 11:17:52,831 - 开始监视 D:\my-vue-project\wind-power-forecast\backend\auto_scripts\precsv\shortcsv 文件夹以进行预测...
2025-02-07 11:17:52,832 - 未找到训练 CSV 文件，等待 30 秒后重试...
2025-02-07 11:17:52,832 - 未有可用模型，等待模型训练完成...
2025-02-07 11:19:15,730 - 今天的日期是: 20250207
2025-02-07 11:19:15,732 - 开始监视 D:\my-vue-project\wind-power-forecast\backend\auto_scripts\dataset\dataset_short 文件夹以进行训练...
2025-02-07 11:19:15,732 - 开始监视 D:\my-vue-project\wind-power-forecast\backend\auto_scripts\precsv\shortcsv 文件夹以进行预测...
2025-02-07 11:19:15,732 - 未有可用模型，等待模型训练完成...
2025-02-07 11:19:15,733 - 未找到训练 CSV 文件，等待 30 秒后重试...
2025-02-07 11:19:44,275 - 今天的日期是: 20250207
2025-02-07 11:19:44,278 - 开始监视 D:\my-vue-project\wind-power-forecast\backend\auto_scripts\dataset\dataset_short 文件夹以进行训练...
2025-02-07 11:19:44,278 - 未找到训练 CSV 文件，等待 30 秒后重试...
2025-02-07 11:19:44,279 - 开始监视 D:\my-vue-project\wind-power-forecast\backend\auto_scripts\precsv\shortcsv 文件夹以进行预测...
2025-02-07 11:19:44,281 - 未有可用模型，等待模型训练完成...
2025-02-07 11:19:48,946 - 今天的日期是: 20250207
2025-02-07 11:19:48,948 - 开始监视 D:\my-vue-project\wind-power-forecast\backend\auto_scripts\dataset\dataset_middle 文件夹以进行训练...
2025-02-07 11:19:48,948 - 未找到训练 CSV 文件，等待 30 秒后重试...
2025-02-07 11:19:48,949 - 开始监视 D:\my-vue-project\wind-power-forecast\backend\auto_scripts\precsv\middlecsv 文件夹以进行预测...
2025-02-07 11:19:48,949 - 未有可用模型，等待模型训练完成...
2025-02-07 11:19:51,211 - 今天的日期是: 20250207
2025-02-07 11:19:51,213 - 开始监视 D:\my-vue-project\wind-power-forecast\backend\auto_scripts\dataset\dataset_supershort 文件夹以进行训练...
2025-02-07 11:19:51,213 - 开始监视 D:\my-vue-project\wind-power-forecast\backend\auto_scripts\precsv\supershortcsv\20250207 文件夹以进行预测...
2025-02-07 11:19:51,213 - 未找到训练 CSV 文件，等待 30 秒后重试...
2025-02-07 11:19:51,213 - 等待 3 分钟后重新检查新文件...
2025-02-07 11:20:14,283 - 未有可用模型，等待模型训练完成...
2025-02-07 11:20:14,283 - 未找到训练 CSV 文件，等待 30 秒后重试...
2025-02-07 11:20:18,953 - 未有可用模型，等待模型训练完成...
2025-02-07 11:20:18,953 - 未找到训练 CSV 文件，等待 30 秒后重试...
2025-02-07 11:20:21,228 - 未找到训练 CSV 文件，等待 30 秒后重试...
2025-02-07 11:51:55,705 - 今天的日期是: 20250207
2025-02-07 11:51:55,708 - 开始监视 D:\my-vue-project\wind-power-forecast\backend\auto_scripts\dataset\dataset_short 文件夹以进行训练...
2025-02-07 11:51:55,708 - 开始监视 D:\my-vue-project\wind-power-forecast\backend\auto_scripts\precsv\shortcsv 文件夹以进行预测...
2025-02-07 11:51:55,709 - 未找到训练 CSV 文件，等待 30 秒后重试...
2025-02-07 11:51:55,709 - 未有可用模型，等待模型训练完成...
2025-02-07 11:52:25,720 - 未有可用模型，等待模型训练完成...
2025-02-07 11:52:25,720 - 未找到训练 CSV 文件，等待 30 秒后重试...
2025-02-07 11:52:55,727 - 未有可用模型，等待模型训练完成...
2025-02-07 11:52:55,727 - 未找到训练 CSV 文件，等待 30 秒后重试...
2025-02-07 11:53:25,743 - 未有可用模型，等待模型训练完成...
2025-02-07 11:53:25,743 - 未找到训练 CSV 文件，等待 30 秒后重试...
2025-02-07 11:53:55,754 - 未有可用模型，等待模型训练完成...
2025-02-07 11:53:55,754 - 未找到训练 CSV 文件，等待 30 秒后重试...
2025-02-07 11:54:25,769 - 未有可用模型，等待模型训练完成...
2025-02-07 11:54:25,769 - 未找到训练 CSV 文件，等待 30 秒后重试...
2025-02-07 11:54:55,781 - 未有可用模型，等待模型训练完成...
2025-02-07 11:54:55,781 - 未找到训练 CSV 文件，等待 30 秒后重试...
2025-02-07 11:55:25,783 - 未有可用模型，等待模型训练完成...
2025-02-07 11:55:25,783 - 未找到训练 CSV 文件，等待 30 秒后重试...
2025-02-07 11:55:55,792 - 未有可用模型，等待模型训练完成...
2025-02-07 11:55:55,792 - 未找到训练 CSV 文件，等待 30 秒后重试...
2025-02-07 11:56:25,808 - 未找到训练 CSV 文件，等待 30 秒后重试...
2025-02-07 11:56:25,808 - 未有可用模型，等待模型训练完成...
2025-02-07 11:56:55,808 - 未找到训练 CSV 文件，等待 30 秒后重试...
2025-02-07 11:56:55,823 - 未有可用模型，等待模型训练完成...
2025-02-07 11:57:25,817 - 未找到训练 CSV 文件，等待 30 秒后重试...
2025-02-07 11:57:25,832 - 未有可用模型，等待模型训练完成...
2025-02-07 11:57:55,827 - 未找到训练 CSV 文件，等待 30 秒后重试...
2025-02-07 11:57:55,843 - 未有可用模型，等待模型训练完成...
2025-02-07 11:58:25,842 - 未找到训练 CSV 文件，等待 30 秒后重试...
2025-02-07 11:58:25,857 - 未有可用模型，等待模型训练完成...
2025-02-07 11:58:55,846 - 未找到训练 CSV 文件，等待 30 秒后重试...
2025-02-07 11:58:55,862 - 未有可用模型，等待模型训练完成...
2025-02-07 11:59:25,849 - 未找到训练 CSV 文件，等待 30 秒后重试...
2025-02-07 11:59:25,865 - 未有可用模型，等待模型训练完成...
2025-02-07 11:59:55,863 - 未找到训练 CSV 文件，等待 30 秒后重试...
2025-02-07 11:59:55,878 - 未有可用模型，等待模型训练完成...
2025-02-07 12:00:25,875 - 未找到训练 CSV 文件，等待 30 秒后重试...
2025-02-07 12:00:25,891 - 未有可用模型，等待模型训练完成...
2025-02-07 12:00:55,877 - 未找到训练 CSV 文件，等待 30 秒后重试...
2025-02-07 12:00:55,893 - 未有可用模型，等待模型训练完成...
2025-02-07 12:01:25,887 - 未找到训练 CSV 文件，等待 30 秒后重试...
2025-02-07 12:01:25,903 - 未有可用模型，等待模型训练完成...
2025-02-07 12:01:55,903 - 未找到训练 CSV 文件，等待 30 秒后重试...
2025-02-07 12:01:55,918 - 未有可用模型，等待模型训练完成...
2025-02-07 12:02:25,907 - 未找到训练 CSV 文件，等待 30 秒后重试...
2025-02-07 12:02:25,923 - 未有可用模型，等待模型训练完成...
2025-02-07 12:02:55,913 - 未找到训练 CSV 文件，等待 30 秒后重试...
2025-02-07 12:02:55,929 - 未有可用模型，等待模型训练完成...
2025-02-07 12:03:25,923 - 未找到训练 CSV 文件，等待 30 秒后重试...
2025-02-07 12:03:25,939 - 未有可用模型，等待模型训练完成...
2025-02-07 12:03:55,938 - 未找到训练 CSV 文件，等待 30 秒后重试...
2025-02-07 12:03:55,952 - 未有可用模型，等待模型训练完成...
2025-02-07 12:04:25,939 - 未找到训练 CSV 文件，等待 30 秒后重试...
2025-02-07 12:04:25,955 - 未有可用模型，等待模型训练完成...
2025-02-07 12:04:55,941 - 未找到训练 CSV 文件，等待 30 秒后重试...
2025-02-07 12:04:55,957 - 未有可用模型，等待模型训练完成...
2025-02-07 12:05:25,946 - 未找到训练 CSV 文件，等待 30 秒后重试...
2025-02-07 12:05:25,962 - 未有可用模型，等待模型训练完成...
2025-02-07 12:05:55,956 - 未找到训练 CSV 文件，等待 30 秒后重试...
2025-02-07 12:05:55,971 - 未有可用模型，等待模型训练完成...
2025-02-07 12:06:25,964 - 未找到训练 CSV 文件，等待 30 秒后重试...
2025-02-07 12:06:25,979 - 未有可用模型，等待模型训练完成...
2025-02-07 12:06:55,979 - 未找到训练 CSV 文件，等待 30 秒后重试...
2025-02-07 12:06:55,994 - 未有可用模型，等待模型训练完成...
2025-02-07 12:07:25,988 - 未找到训练 CSV 文件，等待 30 秒后重试...
2025-02-07 12:07:26,003 - 未有可用模型，等待模型训练完成...
2025-02-07 12:07:55,990 - 未找到训练 CSV 文件，等待 30 秒后重试...
2025-02-07 12:07:56,006 - 未有可用模型，等待模型训练完成...
2025-02-07 12:08:25,998 - 未找到训练 CSV 文件，等待 30 秒后重试...
2025-02-07 12:08:26,014 - 未有可用模型，等待模型训练完成...
2025-02-07 12:08:56,006 - 未找到训练 CSV 文件，等待 30 秒后重试...
2025-02-07 12:08:56,021 - 未有可用模型，等待模型训练完成...
2025-02-07 12:09:26,017 - 未找到训练 CSV 文件，等待 30 秒后重试...
2025-02-07 12:09:26,033 - 未有可用模型，等待模型训练完成...
2025-02-07 12:09:56,023 - 未找到训练 CSV 文件，等待 30 秒后重试...
2025-02-07 12:09:56,039 - 未有可用模型，等待模型训练完成...
2025-02-07 12:10:26,027 - 未找到训练 CSV 文件，等待 30 秒后重试...
2025-02-07 12:10:26,042 - 未有可用模型，等待模型训练完成...
2025-02-07 12:10:56,031 - 未找到训练 CSV 文件，等待 30 秒后重试...
2025-02-07 12:10:56,047 - 未有可用模型，等待模型训练完成...
2025-02-07 12:11:26,045 - 未找到训练 CSV 文件，等待 30 秒后重试...
2025-02-07 12:11:26,061 - 未有可用模型，等待模型训练完成...
2025-02-07 12:11:56,060 - 未找到训练 CSV 文件，等待 30 秒后重试...
2025-02-07 12:11:56,076 - 未有可用模型，等待模型训练完成...
2025-02-07 12:12:26,069 - 未找到训练 CSV 文件，等待 30 秒后重试...
2025-02-07 12:12:26,085 - 未有可用模型，等待模型训练完成...
2025-02-07 12:12:56,074 - 未找到训练 CSV 文件，等待 30 秒后重试...
2025-02-07 12:12:56,090 - 未有可用模型，等待模型训练完成...
2025-02-07 12:13:26,079 - 未找到训练 CSV 文件，等待 30 秒后重试...
2025-02-07 12:13:26,095 - 未有可用模型，等待模型训练完成...
2025-02-07 12:13:56,090 - 未找到训练 CSV 文件，等待 30 秒后重试...
2025-02-07 12:13:56,106 - 未有可用模型，等待模型训练完成...
2025-02-07 12:14:26,099 - 未找到训练 CSV 文件，等待 30 秒后重试...
2025-02-07 12:14:26,114 - 未有可用模型，等待模型训练完成...
2025-02-07 12:14:56,109 - 未找到训练 CSV 文件，等待 30 秒后重试...
2025-02-07 12:14:56,125 - 未有可用模型，等待模型训练完成...
2025-02-07 12:15:26,121 - 未找到训练 CSV 文件，等待 30 秒后重试...
2025-02-07 12:15:26,137 - 未有可用模型，等待模型训练完成...
2025-02-07 12:15:56,125 - 未找到训练 CSV 文件，等待 30 秒后重试...
2025-02-07 12:15:56,141 - 未有可用模型，等待模型训练完成...
2025-02-07 12:16:26,139 - 未找到训练 CSV 文件，等待 30 秒后重试...
2025-02-07 12:16:26,155 - 未有可用模型，等待模型训练完成...
2025-02-07 12:16:56,149 - 未找到训练 CSV 文件，等待 30 秒后重试...
2025-02-07 12:16:56,165 - 未有可用模型，等待模型训练完成...
2025-02-07 12:17:26,161 - 未找到训练 CSV 文件，等待 30 秒后重试...
2025-02-07 12:17:26,177 - 未有可用模型，等待模型训练完成...
2025-02-07 12:17:56,167 - 未找到训练 CSV 文件，等待 30 秒后重试...
2025-02-07 12:17:56,183 - 未有可用模型，等待模型训练完成...
2025-02-07 12:18:26,168 - 未找到训练 CSV 文件，等待 30 秒后重试...
2025-02-07 12:18:26,184 - 未有可用模型，等待模型训练完成...
2025-02-07 12:18:56,174 - 未找到训练 CSV 文件，等待 30 秒后重试...
2025-02-07 12:18:56,189 - 未有可用模型，等待模型训练完成...
2025-02-07 12:19:26,174 - 未找到训练 CSV 文件，等待 30 秒后重试...
2025-02-07 12:19:26,190 - 未有可用模型，等待模型训练完成...
2025-02-07 12:20:20,520 - 今天的日期是: 20250207
2025-02-07 12:20:20,523 - 开始监视 D:\my-vue-project\wind-power-forecast\backend\auto_scripts\dataset\dataset_short 文件夹以进行训练...
2025-02-07 12:20:20,523 - 开始监视 D:\my-vue-project\wind-power-forecast\backend\auto_scripts\precsv\shortcsv 文件夹以进行预测...
2025-02-07 12:20:20,524 - 未找到训练 CSV 文件，等待 30 秒后重试...
2025-02-07 12:20:20,524 - 未有可用模型，等待模型训练完成...
2025-02-07 12:20:50,533 - 未有可用模型，等待模型训练完成...
2025-02-07 12:20:50,533 - 未找到训练 CSV 文件，等待 30 秒后重试...
2025-02-07 12:21:20,547 - 未有可用模型，等待模型训练完成...
2025-02-07 12:21:20,547 - 未找到训练 CSV 文件，等待 30 秒后重试...
2025-02-07 12:21:50,554 - 未找到训练 CSV 文件，等待 30 秒后重试...
2025-02-07 12:21:50,554 - 未有可用模型，等待模型训练完成...
2025-02-07 12:22:20,564 - 未有可用模型，等待模型训练完成...
2025-02-07 12:22:20,564 - 未找到训练 CSV 文件，等待 30 秒后重试...
2025-02-07 12:22:50,571 - 未有可用模型，等待模型训练完成...
2025-02-07 12:22:50,571 - 未找到训练 CSV 文件，等待 30 秒后重试...
2025-02-07 12:23:20,580 - 未有可用模型，等待模型训练完成...
2025-02-07 12:23:20,580 - 未找到训练 CSV 文件，等待 30 秒后重试...
2025-02-07 12:23:50,593 - 未有可用模型，等待模型训练完成...
2025-02-07 12:23:50,593 - 未找到训练 CSV 文件，等待 30 秒后重试...
2025-02-07 12:24:20,604 - 未找到训练 CSV 文件，等待 30 秒后重试...
2025-02-07 12:24:20,604 - 未有可用模型，等待模型训练完成...
2025-02-07 12:24:50,620 - 未有可用模型，等待模型训练完成...
2025-02-07 12:24:50,620 - 未找到训练 CSV 文件，等待 30 秒后重试...
2025-02-07 12:25:20,627 - 未有可用模型，等待模型训练完成...
2025-02-07 12:25:20,627 - 未找到训练 CSV 文件，等待 30 秒后重试...
2025-02-07 12:25:50,642 - 未有可用模型，等待模型训练完成...
2025-02-07 12:25:50,642 - 未找到训练 CSV 文件，等待 30 秒后重试...
2025-02-07 12:26:20,654 - 未有可用模型，等待模型训练完成...
2025-02-07 12:26:20,654 - 未找到训练 CSV 文件，等待 30 秒后重试...
2025-02-07 12:26:50,658 - 未找到训练 CSV 文件，等待 30 秒后重试...
2025-02-07 12:26:50,658 - 未有可用模型，等待模型训练完成...
2025-02-07 12:27:20,671 - 未有可用模型，等待模型训练完成...
2025-02-07 12:27:20,671 - 未找到训练 CSV 文件，等待 30 秒后重试...
2025-02-07 12:27:50,677 - 未有可用模型，等待模型训练完成...
2025-02-07 12:27:50,677 - 未找到训练 CSV 文件，等待 30 秒后重试...
2025-02-07 12:28:20,692 - 未找到训练 CSV 文件，等待 30 秒后重试...
2025-02-07 12:28:20,692 - 未有可用模型，等待模型训练完成...
2025-02-07 12:28:50,702 - 未有可用模型，等待模型训练完成...
2025-02-07 12:28:50,702 - 未找到训练 CSV 文件，等待 30 秒后重试...
2025-02-07 12:29:20,716 - 未有可用模型，等待模型训练完成...
2025-02-07 12:29:20,716 - 未找到训练 CSV 文件，等待 30 秒后重试...
2025-02-07 12:29:50,732 - 未有可用模型，等待模型训练完成...
2025-02-07 12:29:50,732 - 未找到训练 CSV 文件，等待 30 秒后重试...
2025-02-07 12:30:20,734 - 未有可用模型，等待模型训练完成...
2025-02-07 12:30:20,734 - 未找到训练 CSV 文件，等待 30 秒后重试...
2025-02-07 12:30:50,736 - 未有可用模型，等待模型训练完成...
2025-02-07 12:30:50,736 - 未找到训练 CSV 文件，等待 30 秒后重试...
2025-02-07 12:31:20,751 - 未找到训练 CSV 文件，等待 30 秒后重试...
2025-02-07 12:31:20,751 - 未有可用模型，等待模型训练完成...
2025-02-07 12:31:50,757 - 未有可用模型，等待模型训练完成...
2025-02-07 12:31:50,757 - 未找到训练 CSV 文件，等待 30 秒后重试...
2025-02-07 12:32:20,772 - 未有可用模型，等待模型训练完成...
2025-02-07 12:32:20,772 - 未找到训练 CSV 文件，等待 30 秒后重试...
2025-02-07 12:32:50,773 - 未找到训练 CSV 文件，等待 30 秒后重试...
2025-02-07 12:32:50,773 - 未有可用模型，等待模型训练完成...
2025-02-07 12:33:20,785 - 未有可用模型，等待模型训练完成...
2025-02-07 12:33:20,785 - 未找到训练 CSV 文件，等待 30 秒后重试...
2025-02-07 12:33:50,794 - 未有可用模型，等待模型训练完成...
2025-02-07 12:33:50,794 - 未找到训练 CSV 文件，等待 30 秒后重试...
2025-02-07 12:34:20,802 - 未有可用模型，等待模型训练完成...
2025-02-07 12:34:20,802 - 未找到训练 CSV 文件，等待 30 秒后重试...
2025-02-07 12:34:50,814 - 未有可用模型，等待模型训练完成...
2025-02-07 12:34:50,814 - 未找到训练 CSV 文件，等待 30 秒后重试...
2025-02-07 12:35:20,829 - 未有可用模型，等待模型训练完成...
2025-02-07 12:35:20,829 - 未找到训练 CSV 文件，等待 30 秒后重试...
2025-02-07 12:35:50,845 - 未有可用模型，等待模型训练完成...
2025-02-07 12:35:50,845 - 未找到训练 CSV 文件，等待 30 秒后重试...
2025-02-07 12:36:20,860 - 未有可用模型，等待模型训练完成...
2025-02-07 12:36:20,860 - 未找到训练 CSV 文件，等待 30 秒后重试...
2025-02-07 12:36:50,871 - 未有可用模型，等待模型训练完成...
2025-02-07 12:36:50,871 - 未找到训练 CSV 文件，等待 30 秒后重试...
2025-02-07 12:37:20,876 - 未有可用模型，等待模型训练完成...
2025-02-07 12:37:20,876 - 未找到训练 CSV 文件，等待 30 秒后重试...
2025-02-07 12:37:50,877 - 未找到训练 CSV 文件，等待 30 秒后重试...
2025-02-07 12:37:50,877 - 未有可用模型，等待模型训练完成...
2025-02-07 12:38:20,892 - 未有可用模型，等待模型训练完成...
2025-02-07 12:38:20,892 - 未找到训练 CSV 文件，等待 30 秒后重试...
2025-02-07 12:38:50,897 - 未有可用模型，等待模型训练完成...
2025-02-07 12:38:50,897 - 未找到训练 CSV 文件，等待 30 秒后重试...
2025-02-07 12:39:20,910 - 未找到训练 CSV 文件，等待 30 秒后重试...
2025-02-07 12:39:20,910 - 未有可用模型，等待模型训练完成...
2025-02-07 12:39:50,919 - 未有可用模型，等待模型训练完成...
2025-02-07 12:39:50,919 - 未找到训练 CSV 文件，等待 30 秒后重试...
2025-02-07 12:40:20,926 - 未有可用模型，等待模型训练完成...
2025-02-07 12:40:20,926 - 未找到训练 CSV 文件，等待 30 秒后重试...
2025-02-07 12:40:50,934 - 未有可用模型，等待模型训练完成...
2025-02-07 12:40:50,934 - 未找到训练 CSV 文件，等待 30 秒后重试...
2025-02-07 12:41:20,944 - 未有可用模型，等待模型训练完成...
2025-02-07 12:41:20,944 - 未找到训练 CSV 文件，等待 30 秒后重试...
2025-02-07 12:41:23,554 - 今天的日期是: 20250207
2025-02-07 12:41:23,555 - 开始监视 D:\my-vue-project\wind-power-forecast\backend\auto_scripts\dataset\dataset_middle 文件夹以进行训练...
2025-02-07 12:41:23,556 - 未找到训练 CSV 文件，等待 30 秒后重试...
2025-02-07 12:41:23,556 - 开始监视 D:\my-vue-project\wind-power-forecast\backend\auto_scripts\precsv\middlecsv 文件夹以进行预测...
2025-02-07 12:41:23,556 - 未有可用模型，等待模型训练完成...
2025-02-07 12:48:20,861 - 今天的日期是: 20250207
2025-02-07 12:48:20,863 - 开始监视 D:\my-vue-project\wind-power-forecast\backend\auto_scripts\dataset\dataset_middle 文件夹以进行训练...
2025-02-07 12:48:20,863 - 开始监视 D:\my-vue-project\wind-power-forecast\backend\auto_scripts\precsv\middlecsv 文件夹以进行预测...
2025-02-07 12:48:20,864 - 未找到训练 CSV 文件，等待 30 秒后重试...
2025-02-07 12:48:20,864 - 未有可用模型，等待模型训练完成...
2025-02-07 12:48:20,867 - 今天的日期是: 20250207
2025-02-07 12:48:20,868 - 开始监视 D:\my-vue-project\wind-power-forecast\backend\auto_scripts\dataset\dataset_short 文件夹以进行训练...
2025-02-07 12:48:20,869 - 开始监视 D:\my-vue-project\wind-power-forecast\backend\auto_scripts\precsv\shortcsv 文件夹以进行预测...
2025-02-07 12:48:20,869 - 未找到训练 CSV 文件，等待 30 秒后重试...
2025-02-07 12:48:20,869 - 未有可用模型，等待模型训练完成...
2025-02-07 12:48:50,869 - 未有可用模型，等待模型训练完成...
2025-02-07 12:48:50,869 - 未找到训练 CSV 文件，等待 30 秒后重试...
2025-02-07 12:48:50,885 - 未有可用模型，等待模型训练完成...
2025-02-07 12:48:50,885 - 未找到训练 CSV 文件，等待 30 秒后重试...
2025-02-07 12:49:20,884 - 未有可用模型，等待模型训练完成...
2025-02-07 12:49:20,884 - 未找到训练 CSV 文件，等待 30 秒后重试...
2025-02-07 12:49:20,899 - 未找到训练 CSV 文件，等待 30 秒后重试...
2025-02-07 12:49:20,899 - 未有可用模型，等待模型训练完成...
2025-02-07 12:49:50,892 - 未有可用模型，等待模型训练完成...
2025-02-07 12:49:50,892 - 未找到训练 CSV 文件，等待 30 秒后重试...
2025-02-07 12:49:50,908 - 未找到训练 CSV 文件，等待 30 秒后重试...
2025-02-07 12:49:50,908 - 未有可用模型，等待模型训练完成...
2025-02-07 12:50:20,899 - 未有可用模型，等待模型训练完成...
2025-02-07 12:50:20,899 - 未找到训练 CSV 文件，等待 30 秒后重试...
2025-02-07 12:50:20,916 - 未有可用模型，等待模型训练完成...
2025-02-07 12:50:20,916 - 未找到训练 CSV 文件，等待 30 秒后重试...
2025-02-07 12:50:50,902 - 未有可用模型，等待模型训练完成...
2025-02-07 12:50:50,902 - 未找到训练 CSV 文件，等待 30 秒后重试...
2025-02-07 12:50:50,918 - 未有可用模型，等待模型训练完成...
2025-02-07 12:50:50,918 - 未找到训练 CSV 文件，等待 30 秒后重试...
2025-02-07 12:52:21,842 - 今天的日期是: 20250207
2025-02-07 12:52:21,844 - 开始监视 D:\my-vue-project\wind-power-forecast\backend\auto_scripts\dataset\dataset_middle 文件夹以进行训练...
2025-02-07 12:52:21,844 - 开始监视 D:\my-vue-project\wind-power-forecast\backend\auto_scripts\precsv\middlecsv 文件夹以进行预测...
2025-02-07 12:52:21,844 - 未找到训练 CSV 文件，等待 30 秒后重试...
2025-02-07 12:52:21,845 - 未有可用模型，等待模型训练完成...
2025-02-07 12:52:21,855 - 今天的日期是: 20250207
2025-02-07 12:52:21,857 - 开始监视 D:\my-vue-project\wind-power-forecast\backend\auto_scripts\dataset\dataset_short 文件夹以进行训练...
2025-02-07 12:52:21,857 - 开始监视 D:\my-vue-project\wind-power-forecast\backend\auto_scripts\precsv\shortcsv 文件夹以进行预测...
2025-02-07 12:52:21,857 - 未找到训练 CSV 文件，等待 30 秒后重试...
2025-02-07 12:52:21,858 - 未有可用模型，等待模型训练完成...
2025-02-07 12:52:51,851 - 未有可用模型，等待模型训练完成...
2025-02-07 12:52:51,851 - 未找到训练 CSV 文件，等待 30 秒后重试...
2025-02-07 12:52:51,867 - 未有可用模型，等待模型训练完成...
2025-02-07 12:52:51,867 - 未找到训练 CSV 文件，等待 30 秒后重试...
2025-02-07 12:52:52,475 - 今天的日期是: 20250207
2025-02-07 12:52:52,476 - 开始监视 D:\my-vue-project\wind-power-forecast\backend\auto_scripts\dataset\dataset_supershort 文件夹以进行训练...
2025-02-07 12:52:52,477 - 未找到训练 CSV 文件，等待 30 秒后重试...
2025-02-07 12:52:52,477 - 开始监视 D:\my-vue-project\wind-power-forecast\backend\auto_scripts\precsv\supershortcsv\20250207 文件夹以进行预测...
2025-02-07 12:52:52,477 - 等待 3 分钟后重新检查新文件...
2025-02-07 12:53:46,955 - 今天的日期是: 20250207
2025-02-07 12:53:46,965 - 开始监视 D:\my-vue-project\wind-power-forecast\backend\auto_scripts\dataset\dataset_supershort 文件夹以进行训练...
2025-02-07 12:53:46,965 - 未找到训练 CSV 文件，等待 30 秒后重试...
2025-02-07 12:53:46,965 - 开始监视 D:\my-vue-project\wind-power-forecast\backend\auto_scripts\precsv\supershortcsv\20250207 文件夹以进行预测...
2025-02-07 12:53:46,966 - 等待 3 分钟后重新检查新文件...
2025-02-07 12:54:16,976 - 未找到训练 CSV 文件，等待 30 秒后重试...
2025-02-07 12:54:46,986 - 未找到训练 CSV 文件，等待 30 秒后重试...
2025-02-07 12:55:16,995 - 未找到训练 CSV 文件，等待 30 秒后重试...
2025-02-07 12:55:47,009 - 未找到训练 CSV 文件，等待 30 秒后重试...
2025-02-07 12:56:26,011 - 今天的日期是: 20250207
2025-02-07 12:56:26,021 - 开始监视 D:\my-vue-project\wind-power-forecast\backend\auto_scripts\dataset\dataset_short 文件夹以进行训练...
2025-02-07 12:56:26,021 - 开始监视 D:\my-vue-project\wind-power-forecast\backend\auto_scripts\precsv\shortcsv 文件夹以进行预测...
2025-02-07 12:56:26,022 - 未找到训练 CSV 文件，等待 30 秒后重试...
2025-02-07 12:56:26,022 - 未有可用模型，等待模型训练完成...
2025-02-07 12:56:27,270 - 今天的日期是: 20250207
2025-02-07 12:56:27,272 - 开始监视 D:\my-vue-project\wind-power-forecast\backend\auto_scripts\dataset\dataset_middle 文件夹以进行训练...
2025-02-07 12:56:27,272 - 开始监视 D:\my-vue-project\wind-power-forecast\backend\auto_scripts\precsv\middlecsv 文件夹以进行预测...
2025-02-07 12:56:27,272 - 未找到训练 CSV 文件，等待 30 秒后重试...
2025-02-07 12:56:27,272 - 未有可用模型，等待模型训练完成...
2025-02-07 12:56:56,034 - 未有可用模型，等待模型训练完成...
2025-02-07 12:56:56,034 - 未找到训练 CSV 文件，等待 30 秒后重试...
2025-02-07 12:56:57,281 - 未有可用模型，等待模型训练完成...
2025-02-07 12:56:57,281 - 未找到训练 CSV 文件，等待 30 秒后重试...
2025-02-07 12:57:26,038 - 未有可用模型，等待模型训练完成...
2025-02-07 12:57:26,038 - 未找到训练 CSV 文件，等待 30 秒后重试...
2025-02-07 12:57:27,290 - 未有可用模型，等待模型训练完成...
2025-02-07 12:57:27,290 - 未找到训练 CSV 文件，等待 30 秒后重试...
2025-02-07 12:57:56,051 - 未有可用模型，等待模型训练完成...
2025-02-07 12:57:56,051 - 未找到训练 CSV 文件，等待 30 秒后重试...
2025-02-07 12:57:57,305 - 未有可用模型，等待模型训练完成...
2025-02-07 12:57:57,305 - 未找到训练 CSV 文件，等待 30 秒后重试...
2025-02-07 12:58:26,061 - 未有可用模型，等待模型训练完成...
2025-02-07 12:58:26,061 - 未找到训练 CSV 文件，等待 30 秒后重试...
2025-02-07 12:58:27,311 - 未有可用模型，等待模型训练完成...
2025-02-07 12:58:27,311 - 未找到训练 CSV 文件，等待 30 秒后重试...
2025-02-07 12:58:56,076 - 未找到训练 CSV 文件，等待 30 秒后重试...
2025-02-07 12:58:56,078 - 未有可用模型，等待模型训练完成...
2025-02-07 12:58:57,320 - 未有可用模型，等待模型训练完成...
2025-02-07 12:58:57,320 - 未找到训练 CSV 文件，等待 30 秒后重试...
2025-02-07 12:59:26,083 - 未有可用模型，等待模型训练完成...
2025-02-07 12:59:26,083 - 未找到训练 CSV 文件，等待 30 秒后重试...
2025-02-07 12:59:27,324 - 未有可用模型，等待模型训练完成...
2025-02-07 12:59:27,324 - 未找到训练 CSV 文件，等待 30 秒后重试...
2025-02-07 12:59:56,093 - 未有可用模型，等待模型训练完成...
2025-02-07 12:59:56,093 - 未找到训练 CSV 文件，等待 30 秒后重试...
2025-02-07 12:59:57,326 - 未有可用模型，等待模型训练完成...
2025-02-07 12:59:57,326 - 未找到训练 CSV 文件，等待 30 秒后重试...
2025-02-07 13:00:26,105 - 未有可用模型，等待模型训练完成...
2025-02-07 13:00:26,105 - 未找到训练 CSV 文件，等待 30 秒后重试...
2025-02-07 13:00:27,330 - 未有可用模型，等待模型训练完成...
2025-02-07 13:00:27,330 - 未找到训练 CSV 文件，等待 30 秒后重试...
2025-02-07 13:00:56,114 - 未有可用模型，等待模型训练完成...
2025-02-07 13:00:56,114 - 未找到训练 CSV 文件，等待 30 秒后重试...
2025-02-07 13:00:57,346 - 未有可用模型，等待模型训练完成...
2025-02-07 13:00:57,346 - 未找到训练 CSV 文件，等待 30 秒后重试...
2025-02-07 13:01:26,116 - 未找到训练 CSV 文件，等待 30 秒后重试...
2025-02-07 13:01:26,116 - 未有可用模型，等待模型训练完成...
2025-02-07 13:01:27,359 - 未找到训练 CSV 文件，等待 30 秒后重试...
2025-02-07 13:01:27,359 - 未有可用模型，等待模型训练完成...
2025-02-07 13:01:56,123 - 未有可用模型，等待模型训练完成...
2025-02-07 13:01:56,123 - 未找到训练 CSV 文件，等待 30 秒后重试...
2025-02-07 13:01:57,371 - 未有可用模型，等待模型训练完成...
2025-02-07 13:01:57,371 - 未找到训练 CSV 文件，等待 30 秒后重试...
2025-02-07 13:02:26,127 - 未有可用模型，等待模型训练完成...
2025-02-07 13:02:26,127 - 未找到训练 CSV 文件，等待 30 秒后重试...
2025-02-07 13:02:27,376 - 未有可用模型，等待模型训练完成...
2025-02-07 13:02:27,376 - 未找到训练 CSV 文件，等待 30 秒后重试...
2025-02-07 13:02:56,139 - 未找到训练 CSV 文件，等待 30 秒后重试...
2025-02-07 13:02:56,139 - 未有可用模型，等待模型训练完成...
2025-02-07 13:02:57,388 - 未有可用模型，等待模型训练完成...
2025-02-07 13:02:57,388 - 未找到训练 CSV 文件，等待 30 秒后重试...
2025-02-07 13:03:26,155 - 未有可用模型，等待模型训练完成...
2025-02-07 13:03:26,155 - 未找到训练 CSV 文件，等待 30 秒后重试...
2025-02-07 13:03:27,402 - 未有可用模型，等待模型训练完成...
2025-02-07 13:03:27,402 - 未找到训练 CSV 文件，等待 30 秒后重试...
2025-02-07 13:03:56,161 - 未有可用模型，等待模型训练完成...
2025-02-07 13:03:56,161 - 未找到训练 CSV 文件，等待 30 秒后重试...
2025-02-07 13:03:57,406 - 未找到训练 CSV 文件，等待 30 秒后重试...
2025-02-07 13:03:57,406 - 未有可用模型，等待模型训练完成...
2025-02-07 13:04:26,164 - 未有可用模型，等待模型训练完成...
2025-02-07 13:04:26,167 - 未找到训练 CSV 文件，等待 30 秒后重试...
2025-02-07 13:04:27,419 - 未找到训练 CSV 文件，等待 30 秒后重试...
2025-02-07 13:04:27,419 - 未有可用模型，等待模型训练完成...
2025-02-07 13:04:56,188 - 未找到训练 CSV 文件，等待 30 秒后重试...
2025-02-07 13:04:56,189 - 未有可用模型，等待模型训练完成...
2025-02-07 13:04:57,436 - 未有可用模型，等待模型训练完成...
2025-02-07 13:04:57,436 - 未找到训练 CSV 文件，等待 30 秒后重试...
2025-02-07 13:07:35,685 - 今天的日期是: 20250207
2025-02-07 13:07:35,695 - 开始监视 D:\my-vue-project\wind-power-forecast\backend\auto_scripts\dataset\dataset_supershort 文件夹以进行训练...
2025-02-07 13:07:35,696 - 未找到训练 CSV 文件，等待 30 秒后重试...
2025-02-07 13:07:35,696 - 开始监视 D:\my-vue-project\wind-power-forecast\backend\auto_scripts\precsv\supershortcsv\20250207 文件夹以进行预测...
2025-02-07 13:07:35,697 - 等待 3 分钟后重新检查新文件...
2025-02-07 13:07:35,727 - 今天的日期是: 20250207
2025-02-07 13:07:35,729 - 开始监视 D:\my-vue-project\wind-power-forecast\backend\auto_scripts\dataset\dataset_short 文件夹以进行训练...
2025-02-07 13:07:35,729 - 开始监视 D:\my-vue-project\wind-power-forecast\backend\auto_scripts\precsv\shortcsv 文件夹以进行预测...
2025-02-07 13:07:35,730 - 未找到训练 CSV 文件，等待 30 秒后重试...
2025-02-07 13:07:35,730 - 未有可用模型，等待模型训练完成...
2025-02-07 13:07:35,732 - 今天的日期是: 20250207
2025-02-07 13:07:35,733 - 开始监视 D:\my-vue-project\wind-power-forecast\backend\auto_scripts\dataset\dataset_middle 文件夹以进行训练...
2025-02-07 13:07:35,733 - 未找到训练 CSV 文件，等待 30 秒后重试...
2025-02-07 13:07:35,734 - 开始监视 D:\my-vue-project\wind-power-forecast\backend\auto_scripts\precsv\middlecsv 文件夹以进行预测...
2025-02-07 13:07:35,734 - 未有可用模型，等待模型训练完成...
2025-02-07 13:14:04,005 - 今天的日期是: 20250207
2025-02-07 13:14:04,008 - 开始监视 D:\my-vue-project\wind-power-forecast\backend\auto_scripts\dataset\dataset_short 文件夹以进行训练...
2025-02-07 13:14:04,008 - 开始监视 D:\my-vue-project\wind-power-forecast\backend\auto_scripts\precsv\shortcsv 文件夹以进行预测...
2025-02-07 13:14:04,008 - 未找到训练 CSV 文件，等待 30 秒后重试...
2025-02-07 13:14:04,009 - 未有可用模型，等待模型训练完成...
2025-02-07 13:14:04,027 - 今天的日期是: 20250207
2025-02-07 13:14:04,027 - 今天的日期是: 20250207
2025-02-07 13:14:04,028 - 开始监视 D:\my-vue-project\wind-power-forecast\backend\auto_scripts\dataset\dataset_supershort 文件夹以进行训练...
2025-02-07 13:14:04,028 - 未找到训练 CSV 文件，等待 30 秒后重试...
2025-02-07 13:14:04,028 - 开始监视 D:\my-vue-project\wind-power-forecast\backend\auto_scripts\dataset\dataset_middle 文件夹以进行训练...
2025-02-07 13:14:04,029 - 开始监视 D:\my-vue-project\wind-power-forecast\backend\auto_scripts\precsv\supershortcsv\20250207 文件夹以进行预测...
2025-02-07 13:14:04,029 - 开始监视 D:\my-vue-project\wind-power-forecast\backend\auto_scripts\precsv\middlecsv 文件夹以进行预测...
2025-02-07 13:14:04,029 - 等待 3 分钟后重新检查新文件...
2025-02-07 13:14:04,029 - 未找到训练 CSV 文件，等待 30 秒后重试...
2025-02-07 13:14:04,029 - 未有可用模型，等待模型训练完成...
2025-02-07 13:27:16,516 - 今天的日期是: 20250207
2025-02-07 13:27:16,518 - 开始监视 D:\my-vue-project\wind-power-forecast\backend\auto_scripts\dataset\dataset_supershort 文件夹以进行训练...
2025-02-07 13:27:16,519 - 未找到训练 CSV 文件，等待 30 秒后重试...
2025-02-07 13:27:16,519 - 开始监视 D:\my-vue-project\wind-power-forecast\backend\auto_scripts\precsv\supershortcsv\20250207 文件夹以进行预测...
2025-02-07 13:27:16,520 - 等待 3 分钟后重新检查新文件...
2025-02-07 13:27:38,953 - 今天的日期是: 20250207
2025-02-07 13:27:38,954 - 开始监视 D:\my-vue-project\wind-power-forecast\backend\auto_scripts\dataset\dataset_middle 文件夹以进行训练...
2025-02-07 13:27:38,955 - 未找到训练 CSV 文件，等待 30 秒后重试...
2025-02-07 13:27:38,955 - 开始监视 D:\my-vue-project\wind-power-forecast\backend\auto_scripts\precsv\middlecsv 文件夹以进行预测...
2025-02-07 13:27:38,955 - 未有可用模型，等待模型训练完成...
2025-02-07 13:27:38,961 - 今天的日期是: 20250207
2025-02-07 13:27:38,962 - 开始监视 D:\my-vue-project\wind-power-forecast\backend\auto_scripts\dataset\dataset_short 文件夹以进行训练...
2025-02-07 13:27:38,962 - 开始监视 D:\my-vue-project\wind-power-forecast\backend\auto_scripts\precsv\shortcsv 文件夹以进行预测...
2025-02-07 13:27:38,963 - 未找到训练 CSV 文件，等待 30 秒后重试...
2025-02-07 13:27:38,963 - 未有可用模型，等待模型训练完成...
2025-02-07 13:27:46,527 - 未找到训练 CSV 文件，等待 30 秒后重试...
2025-02-07 13:31:30,532 - 今天的日期是: 20250207
2025-02-07 13:31:30,541 - 开始监视 D:\my-vue-project\wind-power-forecast\backend\auto_scripts\dataset\dataset_supershort 文件夹以进行训练...
2025-02-07 13:31:30,541 - 未找到训练 CSV 文件，等待 30 秒后重试...
2025-02-07 13:31:30,541 - 开始监视 D:\my-vue-project\wind-power-forecast\backend\auto_scripts\precsv\supershortcsv\20250207 文件夹以进行预测...
2025-02-07 13:31:30,542 - 等待 3 分钟后重新检查新文件...
2025-02-07 13:32:00,549 - 未找到训练 CSV 文件，等待 30 秒后重试...
2025-02-07 13:32:30,553 - 未找到训练 CSV 文件，等待 30 秒后重试...
2025-02-07 13:33:00,568 - 未找到训练 CSV 文件，等待 30 秒后重试...
2025-02-07 13:33:30,583 - 未找到训练 CSV 文件，等待 30 秒后重试...
2025-02-07 13:34:00,587 - 未找到训练 CSV 文件，等待 30 秒后重试...
2025-02-07 13:34:30,545 - 等待 3 分钟后重新检查新文件...
2025-02-07 13:34:30,592 - 未找到训练 CSV 文件，等待 30 秒后重试...
2025-02-07 13:35:00,606 - 未找到训练 CSV 文件，等待 30 秒后重试...
2025-02-07 13:35:30,615 - 未找到训练 CSV 文件，等待 30 秒后重试...
2025-02-07 13:36:00,623 - 未找到训练 CSV 文件，等待 30 秒后重试...
2025-02-07 13:36:30,637 - 未找到训练 CSV 文件，等待 30 秒后重试...
2025-02-07 13:37:00,649 - 未找到训练 CSV 文件，等待 30 秒后重试...
2025-02-07 13:37:30,551 - 等待 3 分钟后重新检查新文件...
2025-02-07 13:37:30,661 - 未找到训练 CSV 文件，等待 30 秒后重试...
2025-02-07 13:38:00,665 - 未找到训练 CSV 文件，等待 30 秒后重试...
2025-02-07 13:38:30,680 - 未找到训练 CSV 文件，等待 30 秒后重试...
2025-02-07 13:39:00,693 - 未找到训练 CSV 文件，等待 30 秒后重试...
2025-02-07 13:39:30,702 - 未找到训练 CSV 文件，等待 30 秒后重试...
2025-02-07 13:40:00,715 - 未找到训练 CSV 文件，等待 30 秒后重试...
2025-02-07 13:40:30,552 - 等待 3 分钟后重新检查新文件...
2025-02-07 13:40:30,724 - 未找到训练 CSV 文件，等待 30 秒后重试...
2025-02-07 13:41:00,734 - 未找到训练 CSV 文件，等待 30 秒后重试...
2025-02-07 13:41:30,744 - 未找到训练 CSV 文件，等待 30 秒后重试...
2025-02-07 13:42:00,755 - 未找到训练 CSV 文件，等待 30 秒后重试...
2025-02-07 13:42:30,766 - 未找到训练 CSV 文件，等待 30 秒后重试...
2025-02-07 13:43:00,780 - 未找到训练 CSV 文件，等待 30 秒后重试...
2025-02-07 13:43:30,566 - 等待 3 分钟后重新检查新文件...
2025-02-07 13:43:30,787 - 未找到训练 CSV 文件，等待 30 秒后重试...
2025-02-07 13:44:00,796 - 未找到训练 CSV 文件，等待 30 秒后重试...
2025-02-07 13:44:30,805 - 未找到训练 CSV 文件，等待 30 秒后重试...
2025-02-07 13:45:00,812 - 未找到训练 CSV 文件，等待 30 秒后重试...
2025-02-07 13:45:30,824 - 未找到训练 CSV 文件，等待 30 秒后重试...
2025-02-07 13:46:00,839 - 未找到训练 CSV 文件，等待 30 秒后重试...
2025-02-07 13:46:30,568 - 等待 3 分钟后重新检查新文件...
2025-02-07 13:46:30,851 - 未找到训练 CSV 文件，等待 30 秒后重试...
2025-02-07 13:47:00,852 - 未找到训练 CSV 文件，等待 30 秒后重试...
2025-02-07 13:47:30,866 - 未找到训练 CSV 文件，等待 30 秒后重试...
2025-02-07 16:26:50,127 - 今天的日期是: 20250207
2025-02-07 16:26:50,129 - 开始监视 D:\my-vue-project\wind-power-forecast\backend\auto_scripts\dataset\dataset_supershort 文件夹以进行训练...
2025-02-07 16:26:50,130 - 未找到训练 CSV 文件，等待 30 秒后重试...
2025-02-07 16:26:50,130 - 开始监视 D:\my-vue-project\wind-power-forecast\backend\auto_scripts\precsv\supershortcsv\20250207 文件夹以进行预测...
2025-02-07 16:26:50,130 - 等待 3 分钟后重新检查新文件...
2025-02-07 16:27:58,338 - 今天的日期是: 20250207
2025-02-07 16:27:58,349 - 开始监视 D:\my-vue-project\wind-power-forecast\backend\auto_scripts\dataset\dataset_short 文件夹以进行训练...
2025-02-07 16:27:58,349 - 未找到训练 CSV 文件，等待 30 秒后重试...
2025-02-07 16:27:58,349 - 开始监视 D:\my-vue-project\wind-power-forecast\backend\auto_scripts\precsv\shortcsv 文件夹以进行预测...
2025-02-07 16:27:58,350 - 未有可用模型，等待模型训练完成...
2025-02-07 16:28:29,896 - 今天的日期是: 20250207
2025-02-07 16:28:29,906 - 开始监视 D:\my-vue-project\wind-power-forecast\backend\auto_scripts\dataset\dataset_supershort 文件夹以进行训练...
2025-02-07 16:28:29,906 - 未找到训练 CSV 文件，等待 30 秒后重试...
2025-02-07 16:28:29,906 - 开始监视 D:\my-vue-project\wind-power-forecast\backend\auto_scripts\precsv\supershortcsv\20250207 文件夹以进行预测...
2025-02-07 16:28:29,907 - 等待 3 分钟后重新检查新文件...
2025-02-07 16:28:29,964 - 今天的日期是: 20250207
2025-02-07 16:28:29,966 - 开始监视 D:\my-vue-project\wind-power-forecast\backend\auto_scripts\dataset\dataset_short 文件夹以进行训练...
2025-02-07 16:28:29,966 - 开始监视 D:\my-vue-project\wind-power-forecast\backend\auto_scripts\precsv\shortcsv 文件夹以进行预测...
2025-02-07 16:28:29,966 - 今天的日期是: 20250207
2025-02-07 16:28:29,966 - 未找到训练 CSV 文件，等待 30 秒后重试...
2025-02-07 16:28:29,966 - 未有可用模型，等待模型训练完成...
2025-02-07 16:28:29,968 - 开始监视 D:\my-vue-project\wind-power-forecast\backend\auto_scripts\dataset\dataset_middle 文件夹以进行训练...
2025-02-07 16:28:29,968 - 开始监视 D:\my-vue-project\wind-power-forecast\backend\auto_scripts\precsv\middlecsv 文件夹以进行预测...
2025-02-07 16:28:29,968 - 未找到训练 CSV 文件，等待 30 秒后重试...
2025-02-07 16:28:29,968 - 未有可用模型，等待模型训练完成...
2025-02-07 16:41:50,726 - 今天的日期是: 20250207
2025-02-07 16:41:50,736 - 开始监视 D:\my-vue-project\wind-power-forecast\backend\auto_scripts\dataset\dataset_supershort 文件夹以进行训练...
2025-02-07 16:41:50,736 - 未找到训练 CSV 文件，等待 30 秒后重试...
2025-02-07 16:41:50,737 - 开始监视 D:\my-vue-project\wind-power-forecast\backend\auto_scripts\precsv\supershortcsv\20250207 文件夹以进行预测...
2025-02-07 16:41:50,737 - 等待 3 分钟后重新检查新文件...
2025-02-07 22:56:42,458 - 今天的日期是: 20250207
2025-02-07 22:56:42,460 - 开始监视 D:\my-vue-project\wind-power-forecast\backend\auto_scripts\dataset\dataset_supershort 文件夹以进行训练...
2025-02-07 22:56:42,462 - 未找到训练 CSV 文件，等待 30 秒后重试...
2025-02-07 22:56:42,464 - 开始监视 D:\my-vue-project\wind-power-forecast\backend\auto_scripts\precsv\supershortcsv\20250207 文件夹以进行预测...
2025-02-07 22:56:42,465 - 等待 3 分钟后重新检查新文件...
2025-02-07 22:56:50,303 - 今天的日期是: 20250207
2025-02-07 22:56:50,305 - 开始监视 D:\my-vue-project\wind-power-forecast\backend\auto_scripts\dataset\dataset_short 文件夹以进行训练...
2025-02-07 22:56:50,306 - 未找到训练 CSV 文件，等待 30 秒后重试...
2025-02-07 22:56:50,306 - 开始监视 D:\my-vue-project\wind-power-forecast\backend\auto_scripts\precsv\shortcsv 文件夹以进行预测...
2025-02-07 22:56:50,306 - 未有可用模型，等待模型训练完成...
2025-02-07 22:56:58,474 - 今天的日期是: 20250207
2025-02-07 22:56:58,476 - 开始监视 D:\my-vue-project\wind-power-forecast\backend\auto_scripts\dataset\dataset_middle 文件夹以进行训练...
2025-02-07 22:56:58,476 - 开始监视 D:\my-vue-project\wind-power-forecast\backend\auto_scripts\precsv\middlecsv 文件夹以进行预测...
2025-02-07 22:56:58,477 - 未找到训练 CSV 文件，等待 30 秒后重试...
2025-02-07 22:56:58,477 - 未有可用模型，等待模型训练完成...
2025-02-07 22:57:45,305 - 今天的日期是: 20250207
2025-02-07 22:57:45,307 - 开始监视 D:\my-vue-project\wind-power-forecast\backend\auto_scripts\dataset\dataset_short 文件夹以进行训练...
2025-02-07 22:57:45,307 - 开始监视 D:\my-vue-project\wind-power-forecast\backend\auto_scripts\precsv\shortcsv 文件夹以进行预测...
2025-02-07 22:57:45,308 - 未找到训练 CSV 文件，等待 30 秒后重试...
2025-02-07 22:57:45,308 - 未有可用模型，等待模型训练完成...
2025-02-07 22:58:32,842 - 今天的日期是: 20250207
2025-02-07 22:58:32,843 - 开始监视 D:\my-vue-project\wind-power-forecast\backend\auto_scripts\dataset\dataset_supershort 文件夹以进行训练...
2025-02-07 22:58:32,844 - 未找到训练 CSV 文件，等待 30 秒后重试...
2025-02-07 22:58:32,845 - 开始监视 D:\my-vue-project\wind-power-forecast\backend\auto_scripts\precsv\supershortcsv\20250207 文件夹以进行预测...
2025-02-07 22:58:32,845 - 等待 3 分钟后重新检查新文件...
2025-02-07 22:58:32,850 - 今天的日期是: 20250207
2025-02-07 22:58:32,851 - 开始监视 D:\my-vue-project\wind-power-forecast\backend\auto_scripts\dataset\dataset_short 文件夹以进行训练...
2025-02-07 22:58:32,852 - 开始监视 D:\my-vue-project\wind-power-forecast\backend\auto_scripts\precsv\shortcsv 文件夹以进行预测...
2025-02-07 22:58:32,853 - 未找到训练 CSV 文件，等待 30 秒后重试...
2025-02-07 22:58:32,853 - 未有可用模型，等待模型训练完成...
2025-02-07 22:58:32,978 - 今天的日期是: 20250207
2025-02-07 22:58:32,980 - 开始监视 D:\my-vue-project\wind-power-forecast\backend\auto_scripts\dataset\dataset_middle 文件夹以进行训练...
2025-02-07 22:58:32,980 - 开始监视 D:\my-vue-project\wind-power-forecast\backend\auto_scripts\precsv\middlecsv 文件夹以进行预测...
2025-02-07 22:58:32,981 - 未找到训练 CSV 文件，等待 30 秒后重试...
2025-02-07 22:58:32,981 - 未有可用模型，等待模型训练完成...
2025-02-07 22:59:02,848 - 未找到训练 CSV 文件，等待 30 秒后重试...
2025-02-07 22:59:02,863 - 未找到训练 CSV 文件，等待 30 秒后重试...
2025-02-07 22:59:02,865 - 未有可用模型，等待模型训练完成...
2025-02-07 22:59:02,989 - 未有可用模型，等待模型训练完成...
2025-02-07 22:59:02,990 - 未找到训练 CSV 文件，等待 30 秒后重试...
2025-02-07 23:00:45,192 - 今天的日期是: 20250207
2025-02-07 23:00:45,193 - 开始监视 D:\my-vue-project\wind-power-forecast\backend\auto_scripts\dataset\dataset_supershort 文件夹以进行训练...
2025-02-07 23:00:45,194 - 未找到训练 CSV 文件，等待 30 秒后重试...
2025-02-07 23:00:45,194 - 开始监视 D:\my-vue-project\wind-power-forecast\backend\auto_scripts\precsv\supershortcsv\20250207 文件夹以进行预测...
2025-02-07 23:00:45,194 - 等待 3 分钟后重新检查新文件...
2025-02-07 23:00:50,355 - 今天的日期是: 20250207
2025-02-07 23:00:50,357 - 开始监视 D:\my-vue-project\wind-power-forecast\backend\auto_scripts\dataset\dataset_short 文件夹以进行训练...
2025-02-07 23:00:50,357 - 开始监视 D:\my-vue-project\wind-power-forecast\backend\auto_scripts\precsv\shortcsv 文件夹以进行预测...
2025-02-07 23:00:50,357 - 未找到训练 CSV 文件，等待 30 秒后重试...
2025-02-07 23:00:50,358 - 未有可用模型，等待模型训练完成...
2025-02-07 23:00:55,868 - 今天的日期是: 20250207
2025-02-07 23:00:55,870 - 开始监视 D:\my-vue-project\wind-power-forecast\backend\auto_scripts\dataset\dataset_middle 文件夹以进行训练...
2025-02-07 23:00:55,870 - 未找到训练 CSV 文件，等待 30 秒后重试...
2025-02-07 23:00:55,871 - 开始监视 D:\my-vue-project\wind-power-forecast\backend\auto_scripts\precsv\middlecsv 文件夹以进行预测...
2025-02-07 23:00:55,871 - 未有可用模型，等待模型训练完成...
2025-02-07 23:01:15,199 - 未找到训练 CSV 文件，等待 30 秒后重试...
2025-02-07 23:01:20,371 - 未找到训练 CSV 文件，等待 30 秒后重试...
2025-02-07 23:01:20,371 - 未有可用模型，等待模型训练完成...
2025-02-07 23:01:25,884 - 未找到训练 CSV 文件，等待 30 秒后重试...
2025-02-07 23:01:25,884 - 未有可用模型，等待模型训练完成...
2025-02-07 23:02:30,462 - 今天的日期是: 20250207
2025-02-07 23:02:30,472 - 开始监视 D:\my-vue-project\wind-power-forecast\backend\auto_scripts\dataset\dataset_supershort 文件夹以进行训练...
2025-02-07 23:02:30,472 - 开始监视 D:\my-vue-project\wind-power-forecast\backend\auto_scripts\precsv\supershortcsv\20250207 文件夹以进行预测...
2025-02-07 23:02:30,472 - 未找到训练 CSV 文件，等待 30 秒后重试...
2025-02-07 23:02:30,473 - 等待 3 分钟后重新检查新文件...
2025-02-07 23:03:07,992 - 今天的日期是: 20250207
2025-02-07 23:03:07,994 - 开始监视 D:\my-vue-project\wind-power-forecast\backend\auto_scripts\dataset\dataset_short 文件夹以进行训练...
2025-02-07 23:03:07,995 - 开始监视 D:\my-vue-project\wind-power-forecast\backend\auto_scripts\precsv\shortcsv 文件夹以进行预测...
2025-02-07 23:03:07,995 - 未找到训练 CSV 文件，等待 30 秒后重试...
2025-02-07 23:03:07,995 - 未有可用模型，等待模型训练完成...
2025-02-07 23:03:08,006 - 今天的日期是: 20250207
2025-02-07 23:03:08,008 - 开始监视 D:\my-vue-project\wind-power-forecast\backend\auto_scripts\dataset\dataset_middle 文件夹以进行训练...
2025-02-07 23:03:08,008 - 开始监视 D:\my-vue-project\wind-power-forecast\backend\auto_scripts\precsv\middlecsv 文件夹以进行预测...
2025-02-07 23:03:08,009 - 未找到训练 CSV 文件，等待 30 秒后重试...
2025-02-07 23:03:08,009 - 未有可用模型，等待模型训练完成...
2025-02-07 23:03:08,024 - 今天的日期是: 20250207
2025-02-07 23:03:08,025 - 开始监视 D:\my-vue-project\wind-power-forecast\backend\auto_scripts\dataset\dataset_supershort 文件夹以进行训练...
2025-02-07 23:03:08,026 - 未找到训练 CSV 文件，等待 30 秒后重试...
2025-02-07 23:03:08,026 - 开始监视 D:\my-vue-project\wind-power-forecast\backend\auto_scripts\precsv\supershortcsv\20250207 文件夹以进行预测...
2025-02-07 23:03:08,026 - 等待 3 分钟后重新检查新文件...
2025-02-07 23:03:38,011 - 未找到训练 CSV 文件，等待 30 秒后重试...
2025-02-07 23:03:38,011 - 未有可用模型，等待模型训练完成...
2025-02-07 23:03:38,011 - 未找到训练 CSV 文件，等待 30 秒后重试...
2025-02-07 23:03:38,011 - 未有可用模型，等待模型训练完成...
2025-02-07 23:03:38,027 - 未找到训练 CSV 文件，等待 30 秒后重试...
2025-02-07 23:03:56,059 - 今天的日期是: 20250207
2025-02-07 23:03:56,061 - 开始监视 D:\my-vue-project\wind-power-forecast\backend\auto_scripts\dataset\dataset_short 文件夹以进行训练...
2025-02-07 23:03:56,061 - 开始监视 D:\my-vue-project\wind-power-forecast\backend\auto_scripts\precsv\shortcsv 文件夹以进行预测...
2025-02-07 23:03:56,061 - 未找到训练 CSV 文件，等待 30 秒后重试...
2025-02-07 23:03:56,062 - 未有可用模型，等待模型训练完成...
2025-02-07 23:04:08,027 - 未有可用模型，等待模型训练完成...
2025-02-07 23:04:08,027 - 未找到训练 CSV 文件，等待 30 秒后重试...
2025-02-07 23:04:08,043 - 未找到训练 CSV 文件，等待 30 秒后重试...
2025-02-07 23:04:26,072 - 未找到训练 CSV 文件，等待 30 秒后重试...
2025-02-07 23:04:26,072 - 未有可用模型，等待模型训练完成...
2025-02-07 23:04:38,028 - 未找到训练 CSV 文件，等待 30 秒后重试...
2025-02-07 23:04:38,028 - 未有可用模型，等待模型训练完成...
2025-02-07 23:04:38,044 - 未找到训练 CSV 文件，等待 30 秒后重试...
2025-02-07 23:04:56,084 - 未有可用模型，等待模型训练完成...
2025-02-07 23:04:56,084 - 未找到训练 CSV 文件，等待 30 秒后重试...
2025-02-07 23:05:08,046 - 未有可用模型，等待模型训练完成...
2025-02-07 23:05:08,070 - 未找到训练 CSV 文件，等待 30 秒后重试...
2025-02-07 23:05:08,073 - 未找到训练 CSV 文件，等待 30 秒后重试...
2025-02-07 23:05:26,090 - 未有可用模型，等待模型训练完成...
2025-02-07 23:05:26,090 - 未找到训练 CSV 文件，等待 30 秒后重试...
2025-02-07 23:05:38,064 - 未有可用模型，等待模型训练完成...
2025-02-07 23:05:38,080 - 未找到训练 CSV 文件，等待 30 秒后重试...
2025-02-07 23:05:38,096 - 未找到训练 CSV 文件，等待 30 秒后重试...
2025-02-07 23:05:56,103 - 未有可用模型，等待模型训练完成...
2025-02-07 23:05:56,103 - 未找到训练 CSV 文件，等待 30 秒后重试...
2025-02-07 23:06:08,042 - 等待 3 分钟后重新检查新文件...
2025-02-07 23:06:08,073 - 未有可用模型，等待模型训练完成...
2025-02-07 23:06:08,088 - 未找到训练 CSV 文件，等待 30 秒后重试...
2025-02-07 23:06:08,104 - 未找到训练 CSV 文件，等待 30 秒后重试...
2025-02-07 23:06:26,114 - 未有可用模型，等待模型训练完成...
2025-02-07 23:06:26,114 - 未找到训练 CSV 文件，等待 30 秒后重试...
2025-02-07 23:06:38,079 - 未有可用模型，等待模型训练完成...
2025-02-07 23:06:38,095 - 未找到训练 CSV 文件，等待 30 秒后重试...
2025-02-07 23:06:38,111 - 未找到训练 CSV 文件，等待 30 秒后重试...
2025-02-07 23:06:56,129 - 未有可用模型，等待模型训练完成...
2025-02-07 23:06:56,129 - 未找到训练 CSV 文件，等待 30 秒后重试...
2025-02-07 23:07:08,089 - 未有可用模型，等待模型训练完成...
2025-02-07 23:07:08,106 - 未找到训练 CSV 文件，等待 30 秒后重试...
2025-02-07 23:07:08,121 - 未找到训练 CSV 文件，等待 30 秒后重试...
2025-02-07 23:07:26,134 - 未有可用模型，等待模型训练完成...
2025-02-07 23:07:26,135 - 未找到训练 CSV 文件，等待 30 秒后重试...
2025-02-07 23:07:38,099 - 未有可用模型，等待模型训练完成...
2025-02-07 23:07:38,114 - 未找到训练 CSV 文件，等待 30 秒后重试...
2025-02-07 23:07:38,130 - 未找到训练 CSV 文件，等待 30 秒后重试...
2025-02-07 23:07:56,144 - 未找到训练 CSV 文件，等待 30 秒后重试...
2025-02-07 23:07:56,144 - 未有可用模型，等待模型训练完成...
2025-02-07 23:08:08,101 - 未有可用模型，等待模型训练完成...
2025-02-07 23:08:08,117 - 未找到训练 CSV 文件，等待 30 秒后重试...
2025-02-07 23:08:08,133 - 未找到训练 CSV 文件，等待 30 秒后重试...
2025-02-07 23:08:26,157 - 未有可用模型，等待模型训练完成...
2025-02-07 23:08:26,158 - 未找到训练 CSV 文件，等待 30 秒后重试...
2025-02-07 23:08:38,113 - 未有可用模型，等待模型训练完成...
2025-02-07 23:08:38,129 - 未找到训练 CSV 文件，等待 30 秒后重试...
2025-02-07 23:08:38,145 - 未找到训练 CSV 文件，等待 30 秒后重试...
2025-02-07 23:08:56,168 - 未找到训练 CSV 文件，等待 30 秒后重试...
2025-02-07 23:08:56,168 - 未有可用模型，等待模型训练完成...
2025-02-07 23:09:08,051 - 等待 3 分钟后重新检查新文件...
2025-02-07 23:09:08,128 - 未有可用模型，等待模型训练完成...
2025-02-07 23:09:08,144 - 未找到训练 CSV 文件，等待 30 秒后重试...
2025-02-07 23:09:08,160 - 未找到训练 CSV 文件，等待 30 秒后重试...
2025-02-07 23:09:26,174 - 未找到训练 CSV 文件，等待 30 秒后重试...
2025-02-07 23:09:26,174 - 未有可用模型，等待模型训练完成...
2025-02-07 23:09:38,136 - 未有可用模型，等待模型训练完成...
2025-02-07 23:09:38,152 - 未找到训练 CSV 文件，等待 30 秒后重试...
2025-02-07 23:09:38,168 - 未找到训练 CSV 文件，等待 30 秒后重试...
2025-02-07 23:09:56,175 - 未找到训练 CSV 文件，等待 30 秒后重试...
2025-02-07 23:09:56,190 - 未有可用模型，等待模型训练完成...
2025-02-07 23:10:08,147 - 未有可用模型，等待模型训练完成...
2025-02-07 23:10:08,163 - 未找到训练 CSV 文件，等待 30 秒后重试...
2025-02-07 23:10:08,179 - 未找到训练 CSV 文件，等待 30 秒后重试...
2025-02-07 23:10:26,184 - 未找到训练 CSV 文件，等待 30 秒后重试...
2025-02-07 23:10:26,199 - 未有可用模型，等待模型训练完成...
2025-02-07 23:12:45,266 - 今天的日期是: 20250207
2025-02-07 23:12:45,268 - 开始监视 D:\my-vue-project\wind-power-forecast\backend\auto_scripts\dataset\dataset_short 文件夹以进行训练...
2025-02-07 23:12:45,269 - 开始监视 D:\my-vue-project\wind-power-forecast\backend\auto_scripts\precsv\shortcsv 文件夹以进行预测...
2025-02-07 23:12:45,269 - 未找到训练 CSV 文件，等待 30 秒后重试...
2025-02-07 23:12:45,269 - 未有可用模型，等待模型训练完成...
2025-02-07 23:13:15,281 - 未有可用模型，等待模型训练完成...
2025-02-07 23:13:15,281 - 未找到训练 CSV 文件，等待 30 秒后重试...
2025-02-07 23:13:45,292 - 未有可用模型，等待模型训练完成...
2025-02-07 23:13:45,292 - 未找到训练 CSV 文件，等待 30 秒后重试...
2025-02-07 23:14:15,297 - 未有可用模型，等待模型训练完成...
2025-02-07 23:14:15,297 - 未找到训练 CSV 文件，等待 30 秒后重试...
2025-02-07 23:14:45,307 - 未有可用模型，等待模型训练完成...
2025-02-07 23:14:45,307 - 未找到训练 CSV 文件，等待 30 秒后重试...
2025-02-07 23:15:15,316 - 未有可用模型，等待模型训练完成...
2025-02-07 23:15:15,316 - 未找到训练 CSV 文件，等待 30 秒后重试...
2025-02-07 23:15:45,327 - 未有可用模型，等待模型训练完成...
2025-02-07 23:15:45,327 - 未找到训练 CSV 文件，等待 30 秒后重试...
2025-02-07 23:16:15,343 - 未有可用模型，等待模型训练完成...
2025-02-07 23:16:15,343 - 未找到训练 CSV 文件，等待 30 秒后重试...
2025-02-07 23:16:45,344 - 未有可用模型，等待模型训练完成...
2025-02-07 23:16:45,344 - 未找到训练 CSV 文件，等待 30 秒后重试...
2025-02-07 23:17:15,353 - 未有可用模型，等待模型训练完成...
2025-02-07 23:17:15,353 - 未找到训练 CSV 文件，等待 30 秒后重试...
2025-02-07 23:17:45,367 - 未找到训练 CSV 文件，等待 30 秒后重试...
2025-02-07 23:17:45,367 - 未有可用模型，等待模型训练完成...
2025-02-07 23:18:15,380 - 未找到训练 CSV 文件，等待 30 秒后重试...
2025-02-07 23:18:15,380 - 未有可用模型，等待模型训练完成...
2025-02-07 23:18:45,382 - 未有可用模型，等待模型训练完成...
2025-02-07 23:18:45,382 - 未找到训练 CSV 文件，等待 30 秒后重试...
2025-02-07 23:19:15,387 - 未找到训练 CSV 文件，等待 30 秒后重试...
2025-02-07 23:19:15,387 - 未有可用模型，等待模型训练完成...
2025-02-07 23:19:55,912 - 今天的日期是: 20250207
2025-02-07 23:19:55,914 - 开始监视 D:\my-vue-project\wind-power-forecast\backend\auto_scripts\dataset\dataset_short 文件夹以进行训练...
2025-02-07 23:19:55,914 - 开始监视 D:\my-vue-project\wind-power-forecast\backend\auto_scripts\precsv\shortcsv 文件夹以进行预测...
2025-02-07 23:19:55,914 - 未找到训练 CSV 文件，等待 30 秒后重试...
2025-02-07 23:19:55,914 - 未有可用模型，等待模型训练完成...
2025-02-07 23:24:33,450 - 今天的日期是: 20250207
2025-02-07 23:24:33,460 - 开始监视 D:\my-vue-project\wind-power-forecast\backend\auto_scripts\dataset\dataset_middle 文件夹以进行训练...
2025-02-07 23:24:33,461 - 开始监视 D:\my-vue-project\wind-power-forecast\backend\auto_scripts\precsv\middlecsv 文件夹以进行预测...
2025-02-07 23:24:33,461 - 未找到训练 CSV 文件，等待 30 秒后重试...
2025-02-07 23:24:33,461 - 未有可用模型，等待模型训练完成...
2025-02-07 23:25:03,461 - 未找到训练 CSV 文件，等待 30 秒后重试...
2025-02-07 23:25:03,504 - 未有可用模型，等待模型训练完成...
2025-02-07 23:25:33,475 - 未找到训练 CSV 文件，等待 30 秒后重试...
2025-02-07 23:25:33,520 - 未有可用模型，等待模型训练完成...
2025-02-07 23:26:03,481 - 未找到训练 CSV 文件，等待 30 秒后重试...
2025-02-07 23:26:03,529 - 未有可用模型，等待模型训练完成...
2025-02-07 23:26:33,491 - 未找到训练 CSV 文件，等待 30 秒后重试...
2025-02-07 23:26:33,532 - 未有可用模型，等待模型训练完成...
2025-02-07 23:27:03,500 - 未找到训练 CSV 文件，等待 30 秒后重试...
2025-02-07 23:27:03,547 - 未有可用模型，等待模型训练完成...
2025-02-07 23:27:33,505 - 未找到训练 CSV 文件，等待 30 秒后重试...
2025-02-07 23:27:33,551 - 未有可用模型，等待模型训练完成...
2025-02-07 23:28:03,517 - 未找到训练 CSV 文件，等待 30 秒后重试...
2025-02-07 23:28:03,564 - 未有可用模型，等待模型训练完成...
2025-02-07 23:28:33,523 - 未找到训练 CSV 文件，等待 30 秒后重试...
2025-02-07 23:28:33,571 - 未有可用模型，等待模型训练完成...
2025-02-07 23:29:38,820 - 今天的日期是: 20250207
2025-02-07 23:29:38,824 - 开始监视 D:\my-vue-project\wind-power-forecast\backend\auto_scripts\dataset\dataset_supershort 文件夹以进行训练...
2025-02-07 23:29:38,825 - 未找到训练 CSV 文件，等待 30 秒后重试...
2025-02-07 23:29:38,826 - 开始监视 D:\my-vue-project\wind-power-forecast\backend\auto_scripts\precsv\supershortcsv\20250207 文件夹以进行预测...
2025-02-07 23:29:38,827 - 等待 3 分钟后重新检查新文件...
2025-02-07 23:29:41,485 - 今天的日期是: 20250207
2025-02-07 23:29:41,486 - 开始监视 D:\my-vue-project\wind-power-forecast\backend\auto_scripts\dataset\dataset_middle 文件夹以进行训练...
2025-02-07 23:29:41,487 - 开始监视 D:\my-vue-project\wind-power-forecast\backend\auto_scripts\precsv\middlecsv 文件夹以进行预测...
2025-02-07 23:29:41,487 - 未找到训练 CSV 文件，等待 30 秒后重试...
2025-02-07 23:29:41,487 - 未有可用模型，等待模型训练完成...
2025-02-07 23:29:41,541 - 今天的日期是: 20250207
2025-02-07 23:29:41,542 - 开始监视 D:\my-vue-project\wind-power-forecast\backend\auto_scripts\dataset\dataset_short 文件夹以进行训练...
2025-02-07 23:29:41,542 - 开始监视 D:\my-vue-project\wind-power-forecast\backend\auto_scripts\precsv\shortcsv 文件夹以进行预测...
2025-02-07 23:29:41,543 - 未找到训练 CSV 文件，等待 30 秒后重试...
2025-02-07 23:29:41,543 - 未有可用模型，等待模型训练完成...
2025-02-07 23:30:06,675 - 今天的日期是: 20250207
2025-02-07 23:30:06,685 - 开始监视 D:\my-vue-project\wind-power-forecast\backend\auto_scripts\dataset\dataset_supershort 文件夹以进行训练...
2025-02-07 23:30:06,686 - 未找到训练 CSV 文件，等待 30 秒后重试...
2025-02-07 23:30:06,686 - 开始监视 D:\my-vue-project\wind-power-forecast\backend\auto_scripts\precsv\supershortcsv\20250207 文件夹以进行预测...
2025-02-07 23:30:06,687 - 等待 3 分钟后重新检查新文件...
2025-02-07 23:30:07,830 - 今天的日期是: 20250207
2025-02-07 23:30:07,832 - 开始监视 D:\my-vue-project\wind-power-forecast\backend\auto_scripts\dataset\dataset_short 文件夹以进行训练...
2025-02-07 23:30:07,832 - 开始监视 D:\my-vue-project\wind-power-forecast\backend\auto_scripts\precsv\shortcsv 文件夹以进行预测...
2025-02-07 23:30:07,833 - 未找到训练 CSV 文件，等待 30 秒后重试...
2025-02-07 23:30:07,833 - 未有可用模型，等待模型训练完成...
2025-02-07 23:30:09,113 - 今天的日期是: 20250207
2025-02-07 23:30:09,114 - 开始监视 D:\my-vue-project\wind-power-forecast\backend\auto_scripts\dataset\dataset_middle 文件夹以进行训练...
2025-02-07 23:30:09,115 - 未找到训练 CSV 文件，等待 30 秒后重试...
2025-02-07 23:30:09,115 - 开始监视 D:\my-vue-project\wind-power-forecast\backend\auto_scripts\precsv\middlecsv 文件夹以进行预测...
2025-02-07 23:30:09,116 - 未有可用模型，等待模型训练完成...
2025-02-07 23:30:36,694 - 未找到训练 CSV 文件，等待 30 秒后重试...
2025-02-07 23:30:37,845 - 未有可用模型，等待模型训练完成...
2025-02-07 23:30:37,845 - 未找到训练 CSV 文件，等待 30 秒后重试...
2025-02-07 23:30:39,122 - 未有可用模型，等待模型训练完成...
2025-02-07 23:30:39,122 - 未找到训练 CSV 文件，等待 30 秒后重试...
2025-02-07 23:30:49,041 - 今天的日期是: 20250207
2025-02-07 23:30:49,051 - 开始监视 D:\my-vue-project\wind-power-forecast\backend\auto_scripts\dataset\dataset_middle 文件夹以进行训练...
2025-02-07 23:30:49,052 - 开始监视 D:\my-vue-project\wind-power-forecast\backend\auto_scripts\precsv\middlecsv 文件夹以进行预测...
2025-02-07 23:30:49,052 - 未找到训练 CSV 文件，等待 30 秒后重试...
2025-02-07 23:30:49,053 - 未有可用模型，等待模型训练完成...
2025-02-07 23:30:49,058 - 今天的日期是: 20250207
2025-02-07 23:30:49,059 - 开始监视 D:\my-vue-project\wind-power-forecast\backend\auto_scripts\dataset\dataset_short 文件夹以进行训练...
2025-02-07 23:30:49,060 - 开始监视 D:\my-vue-project\wind-power-forecast\backend\auto_scripts\precsv\shortcsv 文件夹以进行预测...
2025-02-07 23:30:49,060 - 未找到训练 CSV 文件，等待 30 秒后重试...
2025-02-07 23:30:49,060 - 未有可用模型，等待模型训练完成...
2025-02-07 23:30:49,075 - 今天的日期是: 20250207
2025-02-07 23:30:49,077 - 开始监视 D:\my-vue-project\wind-power-forecast\backend\auto_scripts\dataset\dataset_supershort 文件夹以进行训练...
2025-02-07 23:30:49,077 - 未找到训练 CSV 文件，等待 30 秒后重试...
2025-02-07 23:30:49,078 - 开始监视 D:\my-vue-project\wind-power-forecast\backend\auto_scripts\precsv\supershortcsv\20250207 文件夹以进行预测...
2025-02-07 23:30:49,078 - 等待 3 分钟后重新检查新文件...
