2025-02-09 12:58:28,592 - 今天的日期是: 20250209
2025-02-09 12:58:28,594 - 开始监视 D:\my-vue-project\wind-power-forecast\backend\auto_scripts\dataset\dataset_supershort 文件夹以进行训练...
2025-02-09 12:58:28,595 - 开始监视 D:\my-vue-project\wind-power-forecast\backend\auto_scripts\precsv\supershortcsv\20250209 文件夹以进行预测...
2025-02-09 12:58:28,595 - 未找到训练 CSV 文件，等待 30 秒后重试...
2025-02-09 12:58:28,595 - 模型不可用，等待模型训练完成...
2025-02-09 12:58:28,600 - 今天的日期是: 20250209
2025-02-09 12:58:28,601 - 开始监视 D:\my-vue-project\wind-power-forecast\backend\auto_scripts\dataset\dataset_middle 文件夹以进行训练...
2025-02-09 12:58:28,601 - 开始监视 D:\my-vue-project\wind-power-forecast\backend\auto_scripts\precsv\middlecsv 文件夹以进行预测...
2025-02-09 12:58:28,601 - 未找到训练 CSV 文件，等待 30 秒后重试...
2025-02-09 12:58:28,602 - 未有可用模型，等待模型训练完成...
2025-02-09 12:58:28,608 - 今天的日期是: 20250209
2025-02-09 12:58:28,610 - 开始监视 D:\my-vue-project\wind-power-forecast\backend\auto_scripts\dataset\dataset_short 文件夹以进行训练...
2025-02-09 12:58:28,610 - 未找到训练 CSV 文件，等待 30 秒后重试...
2025-02-09 12:58:28,610 - 开始监视 D:\my-vue-project\wind-power-forecast\backend\auto_scripts\precsv\shortcsv 文件夹以进行预测...
2025-02-09 12:58:28,611 - 未有可用模型，等待模型训练完成...
2025-02-09 13:54:30,759 - 今天的日期是: 20250209
2025-02-09 13:54:30,760 - 开始监视 D:\my-vue-project\wind-power-forecast\backend\auto_scripts\dataset\dataset_supershort 文件夹以进行训练...
2025-02-09 13:54:30,761 - 未找到训练 CSV 文件，等待 30 秒后重试...
2025-02-09 13:54:30,761 - 开始监视 D:\my-vue-project\wind-power-forecast\backend\auto_scripts\precsv\supershortcsv\20250209 文件夹以进行预测...
2025-02-09 13:54:30,762 - 模型不可用，等待模型训练完成...
2025-02-09 18:06:10,848 - 今天的日期是: 20250209
2025-02-09 18:06:10,850 - 开始监视 D:\my-vue-project\wind-power-forecast\backend\auto_scripts\dataset\dataset_supershort 文件夹以进行训练...
2025-02-09 18:06:10,850 - 未找到训练 CSV 文件，等待 30 秒后重试...
2025-02-09 18:06:10,851 - 开始监视 D:\my-vue-project\wind-power-forecast\backend\auto_scripts\precsv\supershortcsv\20250209 文件夹以进行预测...
2025-02-09 18:06:10,851 - 模型不可用，等待模型训练完成...
