2025-02-06 17:30:20,051 - 今天的日期是: 20250206
2025-02-06 17:30:20,052 - 开始监视 D:\my-vue-project\wind-power-forecast\backend\auto_scripts\dataset\dataset_short 文件夹以进行训练...
2025-02-06 17:30:20,053 - 开始监视 D:\my-vue-project\wind-power-forecast\backend\auto_scripts\precsv\shortcsv 文件夹以进行预测...
2025-02-06 17:30:20,053 - 未找到训练 CSV 文件，等待 30 秒后重试...
2025-02-06 17:30:20,053 - 未有可用模型，等待模型训练完成...
2025-02-06 17:30:50,064 - 未有可用模型，等待模型训练完成...
2025-02-06 17:30:50,064 - 未找到训练 CSV 文件，等待 30 秒后重试...
2025-02-06 17:31:20,080 - 未找到训练 CSV 文件，等待 30 秒后重试...
2025-02-06 17:31:20,080 - 未有可用模型，等待模型训练完成...
2025-02-06 17:31:50,093 - 未找到训练 CSV 文件，等待 30 秒后重试...
2025-02-06 17:31:50,093 - 未有可用模型，等待模型训练完成...
2025-02-06 17:32:20,101 - 未找到训练 CSV 文件，等待 30 秒后重试...
2025-02-06 17:32:20,101 - 未有可用模型，等待模型训练完成...
2025-02-06 17:32:50,112 - 未有可用模型，等待模型训练完成...
2025-02-06 17:32:50,113 - 未找到训练 CSV 文件，等待 30 秒后重试...
2025-02-06 17:33:20,116 - 未找到训练 CSV 文件，等待 30 秒后重试...
2025-02-06 17:33:20,116 - 未有可用模型，等待模型训练完成...
2025-02-06 17:33:50,125 - 未有可用模型，等待模型训练完成...
2025-02-06 17:33:50,125 - 未找到训练 CSV 文件，等待 30 秒后重试...
2025-02-06 17:34:20,129 - 未找到训练 CSV 文件，等待 30 秒后重试...
2025-02-06 17:34:20,129 - 未有可用模型，等待模型训练完成...
2025-02-06 17:34:50,141 - 未有可用模型，等待模型训练完成...
2025-02-06 17:34:50,142 - 未找到训练 CSV 文件，等待 30 秒后重试...
2025-02-06 17:35:20,144 - 未有可用模型，等待模型训练完成...
2025-02-06 17:35:20,145 - 未找到训练 CSV 文件，等待 30 秒后重试...
2025-02-06 17:35:50,147 - 未有可用模型，等待模型训练完成...
2025-02-06 17:35:50,147 - 未找到训练 CSV 文件，等待 30 秒后重试...
2025-02-06 17:39:00,968 - 今天的日期是: 20250206
2025-02-06 17:39:00,972 - 开始监视 D:\my-vue-project\wind-power-forecast\backend\auto_scripts\dataset\dataset_middle 文件夹以进行训练...
2025-02-06 17:39:00,972 - 开始监视 D:\my-vue-project\wind-power-forecast\backend\auto_scripts\precsv\middlecsv 文件夹以进行预测...
2025-02-06 17:39:00,972 - 未找到训练 CSV 文件，等待 30 秒后重试...
2025-02-06 17:39:00,972 - 未有可用模型，等待模型训练完成...
2025-02-06 17:39:32,646 - 今天的日期是: 20250206
2025-02-06 17:39:32,649 - 开始监视 D:\my-vue-project\wind-power-forecast\backend\auto_scripts\dataset\dataset_middle 文件夹以进行训练...
2025-02-06 17:39:32,649 - 开始监视 D:\my-vue-project\wind-power-forecast\backend\auto_scripts\precsv\middlecsv 文件夹以进行预测...
2025-02-06 17:39:32,649 - 未找到训练 CSV 文件，等待 30 秒后重试...
2025-02-06 17:39:32,649 - 未有可用模型，等待模型训练完成...
2025-02-06 17:40:02,650 - 未找到训练 CSV 文件，等待 30 秒后重试...
2025-02-06 17:40:02,650 - 未有可用模型，等待模型训练完成...
2025-02-06 17:40:32,656 - 未有可用模型，等待模型训练完成...
2025-02-06 17:40:32,656 - 未找到训练 CSV 文件，等待 30 秒后重试...
2025-02-06 17:41:29,611 - 今天的日期是: 20250206
2025-02-06 17:41:29,614 - 开始监视 D:\my-vue-project\wind-power-forecast\backend\auto_scripts\dataset\dataset_middle 文件夹以进行训练...
2025-02-06 17:41:29,614 - 开始监视 D:\my-vue-project\wind-power-forecast\backend\auto_scripts\precsv\middlecsv 文件夹以进行预测...
2025-02-06 17:41:29,615 - 未找到训练 CSV 文件，等待 30 秒后重试...
2025-02-06 17:41:29,615 - 未有可用模型，等待模型训练完成...
2025-02-06 17:41:59,616 - 未有可用模型，等待模型训练完成...
2025-02-06 17:41:59,616 - 未找到训练 CSV 文件，等待 30 秒后重试...
2025-02-06 17:52:04,949 - 今天的日期是: 20250206
2025-02-06 17:52:04,951 - 开始监视 D:\my-vue-project\wind-power-forecast\backend\auto_scripts\dataset\dataset_short 文件夹以进行训练...
2025-02-06 17:52:04,951 - 开始监视 D:\my-vue-project\wind-power-forecast\backend\auto_scripts\precsv\shortcsv 文件夹以进行预测...
2025-02-06 17:52:04,951 - 未有可用模型，等待模型训练完成...
2025-02-06 17:52:04,952 - 未找到训练 CSV 文件，等待 30 秒后重试...
2025-02-06 17:52:38,324 - 今天的日期是: 20250206
2025-02-06 17:52:38,326 - 开始监视 D:\my-vue-project\wind-power-forecast\backend\auto_scripts\dataset\dataset_middle 文件夹以进行训练...
2025-02-06 17:52:38,326 - 开始监视 D:\my-vue-project\wind-power-forecast\backend\auto_scripts\precsv\middlecsv 文件夹以进行预测...
2025-02-06 17:52:38,326 - 未找到训练 CSV 文件，等待 30 秒后重试...
2025-02-06 17:52:38,327 - 未有可用模型，等待模型训练完成...
2025-02-06 17:53:08,335 - 未有可用模型，等待模型训练完成...
2025-02-06 17:53:08,335 - 未找到训练 CSV 文件，等待 30 秒后重试...
2025-02-06 17:53:38,350 - 未有可用模型，等待模型训练完成...
2025-02-06 17:53:38,350 - 未找到训练 CSV 文件，等待 30 秒后重试...
2025-02-06 17:54:08,352 - 未有可用模型，等待模型训练完成...
2025-02-06 17:54:08,352 - 未找到训练 CSV 文件，等待 30 秒后重试...
2025-02-06 17:54:38,362 - 未有可用模型，等待模型训练完成...
2025-02-06 17:54:38,362 - 未找到训练 CSV 文件，等待 30 秒后重试...
2025-02-06 17:55:08,377 - 未找到训练 CSV 文件，等待 30 秒后重试...
2025-02-06 17:55:08,377 - 未有可用模型，等待模型训练完成...
2025-02-06 17:56:25,964 - 今天的日期是: 20250206
2025-02-06 17:56:25,967 - 开始监视 D:\my-vue-project\wind-power-forecast\backend\auto_scripts\dataset\dataset_short 文件夹以进行训练...
2025-02-06 17:56:25,967 - 开始监视 D:\my-vue-project\wind-power-forecast\backend\auto_scripts\precsv\shortcsv 文件夹以进行预测...
2025-02-06 17:56:25,967 - 未找到训练 CSV 文件，等待 30 秒后重试...
2025-02-06 17:56:25,967 - 未有可用模型，等待模型训练完成...
2025-02-06 17:56:55,973 - 未有可用模型，等待模型训练完成...
2025-02-06 17:56:55,973 - 未找到训练 CSV 文件，等待 30 秒后重试...
2025-02-06 17:57:48,061 - 今天的日期是: 20250206
2025-02-06 17:57:48,063 - 开始监视 D:\my-vue-project\wind-power-forecast\backend\auto_scripts\dataset\dataset_short 文件夹以进行训练...
2025-02-06 17:57:48,063 - 开始监视 D:\my-vue-project\wind-power-forecast\backend\auto_scripts\precsv\shortcsv 文件夹以进行预测...
2025-02-06 17:57:48,063 - 未找到训练 CSV 文件，等待 30 秒后重试...
2025-02-06 17:57:48,063 - 未有可用模型，等待模型训练完成...
2025-02-06 17:58:18,076 - 未有可用模型，等待模型训练完成...
2025-02-06 17:58:18,076 - 未找到训练 CSV 文件，等待 30 秒后重试...
2025-02-06 17:58:48,080 - 未找到训练 CSV 文件，等待 30 秒后重试...
2025-02-06 17:58:48,080 - 未有可用模型，等待模型训练完成...
2025-02-06 17:59:18,087 - 未有可用模型，等待模型训练完成...
2025-02-06 17:59:18,087 - 未找到训练 CSV 文件，等待 30 秒后重试...
2025-02-06 17:59:48,098 - 未有可用模型，等待模型训练完成...
2025-02-06 17:59:48,099 - 未找到训练 CSV 文件，等待 30 秒后重试...
2025-02-06 18:00:18,113 - 未有可用模型，等待模型训练完成...
2025-02-06 18:00:18,113 - 未找到训练 CSV 文件，等待 30 秒后重试...
2025-02-06 18:00:58,077 - 今天的日期是: 20250206
2025-02-06 18:00:58,079 - 开始监视 D:\my-vue-project\wind-power-forecast\backend\auto_scripts\dataset\dataset_middle 文件夹以进行训练...
2025-02-06 18:00:58,079 - 开始监视 D:\my-vue-project\wind-power-forecast\backend\auto_scripts\precsv\middlecsv 文件夹以进行预测...
2025-02-06 18:00:58,080 - 未找到训练 CSV 文件，等待 30 秒后重试...
2025-02-06 18:00:58,080 - 未有可用模型，等待模型训练完成...
2025-02-06 18:00:59,995 - 今天的日期是: 20250206
2025-02-06 18:00:59,996 - 开始监视 D:\my-vue-project\wind-power-forecast\backend\auto_scripts\dataset\dataset_short 文件夹以进行训练...
2025-02-06 18:00:59,997 - 开始监视 D:\my-vue-project\wind-power-forecast\backend\auto_scripts\precsv\shortcsv 文件夹以进行预测...
2025-02-06 18:00:59,997 - 未找到训练 CSV 文件，等待 30 秒后重试...
2025-02-06 18:00:59,997 - 未有可用模型，等待模型训练完成...
