2025-02-10 11:00:33,109 - 今天的日期是: 20250210
2025-02-10 11:00:33,111 - 开始监视 D:\my-vue-project\wind-power-forecast\backend\auto_scripts\dataset\dataset_short 文件夹以进行训练...
2025-02-10 11:00:33,113 - 未找到训练 CSV 文件，等待 30 秒后重试...
2025-02-10 11:00:33,113 - 开始监视 D:\my-vue-project\wind-power-forecast\backend\auto_scripts\precsv\shortcsv 文件夹以进行预测...
2025-02-10 11:00:33,114 - 未有可用模型，等待模型训练完成...
2025-02-10 11:00:33,156 - 今天的日期是: 20250210
2025-02-10 11:00:33,159 - 开始监视 D:\my-vue-project\wind-power-forecast\backend\auto_scripts\dataset\dataset_supershort 文件夹以进行训练...
2025-02-10 11:00:33,160 - 未找到训练 CSV 文件，等待 30 秒后重试...
2025-02-10 11:00:33,161 - 开始监视 D:\my-vue-project\wind-power-forecast\backend\auto_scripts\precsv\supershortcsv\20250210 文件夹以进行预测...
2025-02-10 11:00:33,161 - 模型不可用，等待模型训练完成...
2025-02-10 11:01:03,113 - 未找到训练 CSV 文件，等待 30 秒后重试...
2025-02-10 11:01:03,114 - 未有可用模型，等待模型训练完成...
2025-02-10 11:01:03,161 - 未找到训练 CSV 文件，等待 30 秒后重试...
2025-02-10 11:01:33,115 - 未有可用模型，等待模型训练完成...
2025-02-10 11:01:33,115 - 未找到训练 CSV 文件，等待 30 秒后重试...
2025-02-10 11:01:33,163 - 未找到训练 CSV 文件，等待 30 秒后重试...
2025-02-10 11:02:03,116 - 未找到训练 CSV 文件，等待 30 秒后重试...
2025-02-10 11:02:03,117 - 未有可用模型，等待模型训练完成...
2025-02-10 11:02:03,163 - 未找到训练 CSV 文件，等待 30 秒后重试...
2025-02-10 11:02:33,117 - 未找到训练 CSV 文件，等待 30 秒后重试...
2025-02-10 11:02:33,118 - 未有可用模型，等待模型训练完成...
2025-02-10 11:02:33,164 - 未找到训练 CSV 文件，等待 30 秒后重试...
2025-02-10 11:03:03,118 - 未找到训练 CSV 文件，等待 30 秒后重试...
2025-02-10 11:03:03,120 - 未有可用模型，等待模型训练完成...
2025-02-10 11:03:03,162 - 模型不可用，等待模型训练完成...
2025-02-10 11:03:03,165 - 未找到训练 CSV 文件，等待 30 秒后重试...
2025-02-10 11:03:33,120 - 未找到训练 CSV 文件，等待 30 秒后重试...
2025-02-10 11:03:33,122 - 未有可用模型，等待模型训练完成...
2025-02-10 11:03:33,166 - 未找到训练 CSV 文件，等待 30 秒后重试...
2025-02-10 11:04:03,122 - 未找到训练 CSV 文件，等待 30 秒后重试...
2025-02-10 11:04:03,124 - 未有可用模型，等待模型训练完成...
2025-02-10 11:04:03,168 - 未找到训练 CSV 文件，等待 30 秒后重试...
2025-02-10 11:04:33,123 - 未找到训练 CSV 文件，等待 30 秒后重试...
2025-02-10 11:04:33,125 - 未有可用模型，等待模型训练完成...
2025-02-10 11:04:33,169 - 未找到训练 CSV 文件，等待 30 秒后重试...
2025-02-10 11:05:03,124 - 未找到训练 CSV 文件，等待 30 秒后重试...
2025-02-10 11:05:03,126 - 未有可用模型，等待模型训练完成...
2025-02-10 11:05:03,170 - 未找到训练 CSV 文件，等待 30 秒后重试...
2025-02-10 11:05:33,125 - 未找到训练 CSV 文件，等待 30 秒后重试...
2025-02-10 11:05:33,127 - 未有可用模型，等待模型训练完成...
2025-02-10 11:05:33,163 - 模型不可用，等待模型训练完成...
2025-02-10 11:05:33,172 - 未找到训练 CSV 文件，等待 30 秒后重试...
2025-02-10 11:06:03,126 - 未找到训练 CSV 文件，等待 30 秒后重试...
2025-02-10 11:06:03,128 - 未有可用模型，等待模型训练完成...
2025-02-10 11:06:03,173 - 未找到训练 CSV 文件，等待 30 秒后重试...
2025-02-10 11:06:33,127 - 未找到训练 CSV 文件，等待 30 秒后重试...
2025-02-10 11:06:33,129 - 未有可用模型，等待模型训练完成...
2025-02-10 11:06:33,174 - 未找到训练 CSV 文件，等待 30 秒后重试...
2025-02-10 11:07:03,128 - 未找到训练 CSV 文件，等待 30 秒后重试...
2025-02-10 11:07:03,130 - 未有可用模型，等待模型训练完成...
2025-02-10 11:07:03,175 - 未找到训练 CSV 文件，等待 30 秒后重试...
2025-02-10 11:07:33,129 - 未找到训练 CSV 文件，等待 30 秒后重试...
2025-02-10 11:07:33,131 - 未有可用模型，等待模型训练完成...
2025-02-10 11:07:33,176 - 未找到训练 CSV 文件，等待 30 秒后重试...
2025-02-10 11:08:03,130 - 未找到训练 CSV 文件，等待 30 秒后重试...
2025-02-10 11:08:03,132 - 未有可用模型，等待模型训练完成...
2025-02-10 11:08:03,164 - 模型不可用，等待模型训练完成...
2025-02-10 11:08:03,177 - 未找到训练 CSV 文件，等待 30 秒后重试...
2025-02-10 11:08:33,132 - 未找到训练 CSV 文件，等待 30 秒后重试...
2025-02-10 11:08:33,134 - 未有可用模型，等待模型训练完成...
2025-02-10 11:08:33,179 - 未找到训练 CSV 文件，等待 30 秒后重试...
2025-02-10 11:09:03,133 - 未找到训练 CSV 文件，等待 30 秒后重试...
2025-02-10 11:09:03,135 - 未有可用模型，等待模型训练完成...
2025-02-10 11:09:03,180 - 未找到训练 CSV 文件，等待 30 秒后重试...
2025-02-10 11:09:33,134 - 未找到训练 CSV 文件，等待 30 秒后重试...
2025-02-10 11:09:33,136 - 未有可用模型，等待模型训练完成...
2025-02-10 11:09:33,181 - 未找到训练 CSV 文件，等待 30 秒后重试...
2025-02-10 11:10:03,135 - 未找到训练 CSV 文件，等待 30 秒后重试...
2025-02-10 11:10:03,137 - 未有可用模型，等待模型训练完成...
2025-02-10 11:10:03,182 - 未找到训练 CSV 文件，等待 30 秒后重试...
2025-02-10 11:10:33,136 - 未找到训练 CSV 文件，等待 30 秒后重试...
2025-02-10 11:10:33,138 - 未有可用模型，等待模型训练完成...
2025-02-10 11:10:33,166 - 模型不可用，等待模型训练完成...
2025-02-10 11:10:33,184 - 未找到训练 CSV 文件，等待 30 秒后重试...
2025-02-10 11:11:03,137 - 未找到训练 CSV 文件，等待 30 秒后重试...
2025-02-10 11:11:03,139 - 未有可用模型，等待模型训练完成...
2025-02-10 11:11:03,185 - 未找到训练 CSV 文件，等待 30 秒后重试...
2025-02-10 11:11:33,138 - 未找到训练 CSV 文件，等待 30 秒后重试...
2025-02-10 11:11:33,140 - 未有可用模型，等待模型训练完成...
2025-02-10 11:11:33,186 - 未找到训练 CSV 文件，等待 30 秒后重试...
2025-02-10 11:12:03,150 - 未找到训练 CSV 文件，等待 30 秒后重试...
2025-02-10 11:12:03,150 - 未有可用模型，等待模型训练完成...
2025-02-10 11:12:03,197 - 未找到训练 CSV 文件，等待 30 秒后重试...
2025-02-10 11:12:33,159 - 未找到训练 CSV 文件，等待 30 秒后重试...
2025-02-10 11:12:33,159 - 未有可用模型，等待模型训练完成...
2025-02-10 11:12:33,206 - 未找到训练 CSV 文件，等待 30 秒后重试...
2025-02-10 11:13:03,171 - 未找到训练 CSV 文件，等待 30 秒后重试...
2025-02-10 11:13:03,171 - 模型不可用，等待模型训练完成...
.
2025-02-10 11:13:03,217 - 未找到训练 CSV 文件，等待 30 秒后重试...
2025-02-10 11:13:33,174 - 未找到训练 CSV 文件，等待 30 秒后重试...
2025-02-10 11:13:33,174 - 未有可用模型，等待模型训练完成...
2025-02-10 11:13:33,220 - 未找到训练 CSV 文件，等待 30 秒后重试...
2025-02-10 11:14:03,178 - 未找到训练 CSV 文件，等待 30 秒后重试...
2025-02-10 11:14:03,178 - 未有可用模型，等待模型训练完成...
2025-02-10 11:14:03,226 - 未找到训练 CSV 文件，等待 30 秒后重试...
2025-02-10 11:14:33,189 - 未找到训练 CSV 文件，等待 30 秒后重试...
2025-02-10 11:14:33,189 - 未有可用模型，等待模型训练完成...
2025-02-10 11:14:33,234 - 未找到训练 CSV 文件，等待 30 秒后重试...
2025-02-10 11:15:03,196 - 未找到训练 CSV 文件，等待 30 秒后重试...
2025-02-10 11:15:03,196 - 未有可用模型，等待模型训练完成...
2025-02-10 11:15:03,243 - 未找到训练 CSV 文件，等待 30 秒后重试...
2025-02-10 11:15:33,178 - 模型不可用，等待模型训练完成...
2025-02-10 11:15:33,209 - 未有可用模型，等待模型训练完成...
2025-02-10 11:15:33,209 - 未找到训练 CSV 文件，等待 30 秒后重试...
2025-02-10 11:15:33,257 - 未找到训练 CSV 文件，等待 30 秒后重试...
2025-02-10 11:16:03,213 - 未有可用模型，等待模型训练完成...
2025-02-10 11:16:03,213 - 未找到训练 CSV 文件，等待 30 秒后重试...
2025-02-10 11:16:03,273 - 未找到训练 CSV 文件，等待 30 秒后重试...
2025-02-10 11:16:33,217 - 未有可用模型，等待模型训练完成...
2025-02-10 11:16:33,218 - 未找到训练 CSV 文件，等待 30 秒后重试...
2025-02-10 11:16:33,279 - 未找到训练 CSV 文件，等待 30 秒后重试...
2025-02-10 11:17:03,227 - 未找到训练 CSV 文件，等待 30 秒后重试...
2025-02-10 11:17:03,227 - 未有可用模型，等待模型训练完成...
2025-02-10 11:17:03,290 - 未找到训练 CSV 文件，等待 30 秒后重试...
2025-02-10 11:17:33,235 - 未找到训练 CSV 文件，等待 30 秒后重试...
2025-02-10 11:17:33,235 - 未有可用模型，等待模型训练完成...
2025-02-10 11:17:33,297 - 未找到训练 CSV 文件，等待 30 秒后重试...
2025-02-10 11:18:03,188 - 模型不可用，等待模型训练完成...
2025-02-10 11:18:03,251 - 未有可用模型，等待模型训练完成...
2025-02-10 11:18:03,251 - 未找到训练 CSV 文件，等待 30 秒后重试...
2025-02-10 11:18:03,312 - 未找到训练 CSV 文件，等待 30 秒后重试...
2025-02-10 11:18:33,262 - 未找到训练 CSV 文件，等待 30 秒后重试...
2025-02-10 11:18:33,262 - 未有可用模型，等待模型训练完成...
2025-02-10 11:18:33,323 - 未找到训练 CSV 文件，等待 30 秒后重试...
2025-02-10 11:19:03,270 - 未有可用模型，等待模型训练完成...
2025-02-10 11:19:03,270 - 未找到训练 CSV 文件，等待 30 秒后重试...
2025-02-10 11:19:03,332 - 未找到训练 CSV 文件，等待 30 秒后重试...
2025-02-10 11:19:33,276 - 未找到训练 CSV 文件，等待 30 秒后重试...
2025-02-10 11:19:33,276 - 未有可用模型，等待模型训练完成...
2025-02-10 11:19:33,337 - 未找到训练 CSV 文件，等待 30 秒后重试...
2025-02-10 11:20:03,287 - 未有可用模型，等待模型训练完成...
2025-02-10 11:20:03,287 - 未找到训练 CSV 文件，等待 30 秒后重试...
2025-02-10 11:20:03,348 - 未找到训练 CSV 文件，等待 30 秒后重试...
2025-02-10 11:20:33,198 - 模型不可用，等待模型训练完成...
2025-02-10 11:20:33,293 - 未找到训练 CSV 文件，等待 30 秒后重试...
2025-02-10 11:20:33,293 - 未有可用模型，等待模型训练完成...
2025-02-10 11:20:33,355 - 未找到训练 CSV 文件，等待 30 秒后重试...
2025-02-10 11:21:03,306 - 未有可用模型，等待模型训练完成...
2025-02-10 11:21:03,306 - 未找到训练 CSV 文件，等待 30 秒后重试...
2025-02-10 11:21:03,369 - 未找到训练 CSV 文件，等待 30 秒后重试...
2025-02-10 11:21:33,319 - 未有可用模型，等待模型训练完成...
2025-02-10 11:21:33,319 - 未找到训练 CSV 文件，等待 30 秒后重试...
2025-02-10 11:21:33,382 - 未找到训练 CSV 文件，等待 30 秒后重试...
2025-02-10 11:22:03,329 - 未有可用模型，等待模型训练完成...
2025-02-10 11:22:03,329 - 未找到训练 CSV 文件，等待 30 秒后重试...
2025-02-10 11:22:03,389 - 未找到训练 CSV 文件，等待 30 秒后重试...
2025-02-10 11:22:33,330 - 未有可用模型，等待模型训练完成...
2025-02-10 11:22:33,330 - 未找到训练 CSV 文件，等待 30 秒后重试...
2025-02-10 11:22:33,391 - 未找到训练 CSV 文件，等待 30 秒后重试...
2025-02-10 11:23:03,199 - 模型不可用，等待模型训练完成...
2025-02-10 11:23:03,340 - 未找到训练 CSV 文件，等待 30 秒后重试...
2025-02-10 11:23:03,340 - 未有可用模型，等待模型训练完成...
2025-02-10 11:23:03,403 - 未找到训练 CSV 文件，等待 30 秒后重试...
2025-02-10 11:23:33,349 - 未找到训练 CSV 文件，等待 30 秒后重试...
2025-02-10 11:23:33,349 - 未有可用模型，等待模型训练完成...
2025-02-10 11:23:33,413 - 未找到训练 CSV 文件，等待 30 秒后重试...
2025-02-10 11:24:03,354 - 未有可用模型，等待模型训练完成...
2025-02-10 11:24:03,354 - 未找到训练 CSV 文件，等待 30 秒后重试...
2025-02-10 11:24:03,416 - 未找到训练 CSV 文件，等待 30 秒后重试...
2025-02-10 11:24:33,366 - 未有可用模型，等待模型训练完成...
2025-02-10 11:24:33,366 - 未找到训练 CSV 文件，等待 30 秒后重试...
2025-02-10 11:24:33,427 - 未找到训练 CSV 文件，等待 30 秒后重试...
2025-02-10 11:25:03,379 - 未有可用模型，等待模型训练完成...
2025-02-10 11:25:03,379 - 未找到训练 CSV 文件，等待 30 秒后重试...
2025-02-10 11:25:03,442 - 未找到训练 CSV 文件，等待 30 秒后重试...
2025-02-10 11:25:33,215 - 模型不可用，等待模型训练完成...
2025-02-10 11:25:33,386 - 未找到训练 CSV 文件，等待 30 秒后重试...
2025-02-10 11:25:33,386 - 未有可用模型，等待模型训练完成...
2025-02-10 11:25:33,448 - 未找到训练 CSV 文件，等待 30 秒后重试...
2025-02-10 11:26:03,396 - 未找到训练 CSV 文件，等待 30 秒后重试...
2025-02-10 11:26:03,396 - 未有可用模型，等待模型训练完成...
2025-02-10 11:26:03,460 - 未找到训练 CSV 文件，等待 30 秒后重试...
2025-02-10 11:26:33,411 - 未找到训练 CSV 文件，等待 30 秒后重试...
2025-02-10 11:26:33,411 - 未有可用模型，等待模型训练完成...
2025-02-10 11:26:33,475 - 未找到训练 CSV 文件，等待 30 秒后重试...
2025-02-10 11:27:03,414 - 未有可用模型，等待模型训练完成...
2025-02-10 11:27:03,414 - 未找到训练 CSV 文件，等待 30 秒后重试...
2025-02-10 11:27:03,476 - 未找到训练 CSV 文件，等待 30 秒后重试...
2025-02-10 11:27:33,427 - 未找到训练 CSV 文件，等待 30 秒后重试...
2025-02-10 11:27:33,428 - 未有可用模型，等待模型训练完成...
2025-02-10 11:27:33,491 - 未找到训练 CSV 文件，等待 30 秒后重试...
2025-02-10 11:28:03,227 - 模型不可用，等待模型训练完成...
2025-02-10 11:28:03,443 - 未有可用模型，等待模型训练完成...
2025-02-10 11:28:03,443 - 未找到训练 CSV 文件，等待 30 秒后重试...
2025-02-10 11:28:03,505 - 未找到训练 CSV 文件，等待 30 秒后重试...
2025-02-10 11:28:33,446 - 未有可用模型，等待模型训练完成...
2025-02-10 11:28:33,446 - 未找到训练 CSV 文件，等待 30 秒后重试...
2025-02-10 11:28:33,508 - 未找到训练 CSV 文件，等待 30 秒后重试...
2025-02-10 11:29:03,457 - 未找到训练 CSV 文件，等待 30 秒后重试...
2025-02-10 11:29:03,457 - 未有可用模型，等待模型训练完成...
2025-02-10 11:29:03,519 - 未找到训练 CSV 文件，等待 30 秒后重试...
2025-02-10 11:29:33,473 - 未找到训练 CSV 文件，等待 30 秒后重试...
2025-02-10 11:29:33,473 - 未有可用模型，等待模型训练完成...
2025-02-10 11:29:33,535 - 未找到训练 CSV 文件，等待 30 秒后重试...
2025-02-10 11:30:03,485 - 未有可用模型，等待模型训练完成...
2025-02-10 11:30:03,485 - 未找到训练 CSV 文件，等待 30 秒后重试...
2025-02-10 11:30:03,545 - 未找到训练 CSV 文件，等待 30 秒后重试...
2025-02-10 11:30:33,233 - 模型不可用，等待模型训练完成...
2025-02-10 11:30:33,495 - 未找到训练 CSV 文件，等待 30 秒后重试...
2025-02-10 11:30:33,495 - 未有可用模型，等待模型训练完成...
2025-02-10 11:30:33,556 - 未找到训练 CSV 文件，等待 30 秒后重试...
2025-02-10 11:31:03,509 - 未有可用模型，等待模型训练完成...
2025-02-10 11:31:03,509 - 未找到训练 CSV 文件，等待 30 秒后重试...
2025-02-10 11:31:03,571 - 未找到训练 CSV 文件，等待 30 秒后重试...
2025-02-10 11:31:33,523 - 未找到训练 CSV 文件，等待 30 秒后重试...
2025-02-10 11:31:33,523 - 未有可用模型，等待模型训练完成...
2025-02-10 11:31:33,586 - 未找到训练 CSV 文件，等待 30 秒后重试...
2025-02-10 11:32:03,534 - 未找到训练 CSV 文件，等待 30 秒后重试...
2025-02-10 11:32:03,535 - 未有可用模型，等待模型训练完成...
2025-02-10 11:32:03,597 - 未找到训练 CSV 文件，等待 30 秒后重试...
2025-02-10 11:32:33,543 - 未有可用模型，等待模型训练完成...
2025-02-10 11:32:33,543 - 未找到训练 CSV 文件，等待 30 秒后重试...
2025-02-10 11:32:33,604 - 未找到训练 CSV 文件，等待 30 秒后重试...
2025-02-10 11:33:03,245 - 模型不可用，等待模型训练完成...
2025-02-10 11:33:03,554 - 未有可用模型，等待模型训练完成...
2025-02-10 11:33:03,554 - 未找到训练 CSV 文件，等待 30 秒后重试...
2025-02-10 11:33:03,618 - 未找到训练 CSV 文件，等待 30 秒后重试...
2025-02-10 11:33:33,558 - 未找到训练 CSV 文件，等待 30 秒后重试...
2025-02-10 11:33:33,558 - 未有可用模型，等待模型训练完成...
2025-02-10 11:33:33,620 - 未找到训练 CSV 文件，等待 30 秒后重试...
2025-02-10 11:34:03,570 - 未有可用模型，等待模型训练完成...
2025-02-10 11:34:03,570 - 未找到训练 CSV 文件，等待 30 秒后重试...
2025-02-10 11:34:03,634 - 未找到训练 CSV 文件，等待 30 秒后重试...
2025-02-10 11:34:33,572 - 未有可用模型，等待模型训练完成...
2025-02-10 11:34:33,572 - 未找到训练 CSV 文件，等待 30 秒后重试...
2025-02-10 11:34:33,635 - 未找到训练 CSV 文件，等待 30 秒后重试...
2025-02-10 11:35:03,585 - 未有可用模型，等待模型训练完成...
2025-02-10 11:35:03,585 - 未找到训练 CSV 文件，等待 30 秒后重试...
2025-02-10 11:35:03,648 - 未找到训练 CSV 文件，等待 30 秒后重试...
2025-02-10 11:35:33,253 - 模型不可用，等待模型训练完成...
2025-02-10 11:35:33,592 - 未找到训练 CSV 文件，等待 30 秒后重试...
2025-02-10 11:35:33,592 - 未有可用模型，等待模型训练完成...
2025-02-10 11:35:33,654 - 未找到训练 CSV 文件，等待 30 秒后重试...
2025-02-10 11:36:03,596 - 未找到训练 CSV 文件，等待 30 秒后重试...
2025-02-10 11:36:03,596 - 未有可用模型，等待模型训练完成...
2025-02-10 11:36:03,660 - 未找到训练 CSV 文件，等待 30 秒后重试...
2025-02-10 11:36:33,599 - 未找到训练 CSV 文件，等待 30 秒后重试...
2025-02-10 11:36:33,599 - 未有可用模型，等待模型训练完成...
2025-02-10 11:36:33,663 - 未找到训练 CSV 文件，等待 30 秒后重试...
2025-02-10 11:37:03,614 - 未有可用模型，等待模型训练完成...
2025-02-10 11:37:03,614 - 未找到训练 CSV 文件，等待 30 秒后重试...
2025-02-10 11:37:03,676 - 未找到训练 CSV 文件，等待 30 秒后重试...
2025-02-10 11:37:33,629 - 未找到训练 CSV 文件，等待 30 秒后重试...
2025-02-10 11:37:33,629 - 未有可用模型，等待模型训练完成...
2025-02-10 11:37:33,693 - 未找到训练 CSV 文件，等待 30 秒后重试...
2025-02-10 11:38:03,264 - 模型不可用，等待模型训练完成...
2025-02-10 11:38:03,639 - 未有可用模型，等待模型训练完成...
2025-02-10 11:38:03,639 - 未找到训练 CSV 文件，等待 30 秒后重试...
2025-02-10 11:38:03,703 - 未找到训练 CSV 文件，等待 30 秒后重试...
2025-02-10 11:38:33,647 - 未找到训练 CSV 文件，等待 30 秒后重试...
2025-02-10 11:38:33,647 - 未有可用模型，等待模型训练完成...
2025-02-10 11:38:33,709 - 未找到训练 CSV 文件，等待 30 秒后重试...
2025-02-10 11:39:03,657 - 未有可用模型，等待模型训练完成...
2025-02-10 11:39:03,657 - 未找到训练 CSV 文件，等待 30 秒后重试...
2025-02-10 11:39:03,719 - 未找到训练 CSV 文件，等待 30 秒后重试...
2025-02-10 11:39:33,662 - 未有可用模型，等待模型训练完成...
2025-02-10 11:39:33,662 - 未找到训练 CSV 文件，等待 30 秒后重试...
2025-02-10 11:39:33,724 - 未找到训练 CSV 文件，等待 30 秒后重试...
2025-02-10 11:40:03,674 - 未找到训练 CSV 文件，等待 30 秒后重试...
2025-02-10 11:40:03,674 - 未有可用模型，等待模型训练完成...
2025-02-10 11:40:03,736 - 未找到训练 CSV 文件，等待 30 秒后重试...
2025-02-10 11:40:33,273 - 模型不可用，等待模型训练完成...
2025-02-10 11:40:33,680 - 未找到训练 CSV 文件，等待 30 秒后重试...
2025-02-10 11:40:33,680 - 未有可用模型，等待模型训练完成...
2025-02-10 11:40:33,741 - 未找到训练 CSV 文件，等待 30 秒后重试...
2025-02-10 11:41:03,694 - 未有可用模型，等待模型训练完成...
2025-02-10 11:41:03,694 - 未找到训练 CSV 文件，等待 30 秒后重试...
2025-02-10 11:41:03,757 - 未找到训练 CSV 文件，等待 30 秒后重试...
2025-02-10 11:41:33,696 - 未有可用模型，等待模型训练完成...
2025-02-10 11:41:33,696 - 未找到训练 CSV 文件，等待 30 秒后重试...
2025-02-10 11:41:33,758 - 未找到训练 CSV 文件，等待 30 秒后重试...
2025-02-10 11:42:03,711 - 未有可用模型，等待模型训练完成...
2025-02-10 11:42:03,711 - 未找到训练 CSV 文件，等待 30 秒后重试...
2025-02-10 11:42:03,770 - 未找到训练 CSV 文件，等待 30 秒后重试...
2025-02-10 11:42:33,717 - 未找到训练 CSV 文件，等待 30 秒后重试...
2025-02-10 11:42:33,717 - 未有可用模型，等待模型训练完成...
2025-02-10 11:42:33,781 - 未找到训练 CSV 文件，等待 30 秒后重试...
2025-02-10 11:43:03,280 - 模型不可用，等待模型训练完成...
2025-02-10 11:43:03,721 - 未找到训练 CSV 文件，等待 30 秒后重试...
2025-02-10 11:43:03,721 - 未有可用模型，等待模型训练完成...
2025-02-10 11:43:03,783 - 未找到训练 CSV 文件，等待 30 秒后重试...
2025-02-10 11:43:33,735 - 未找到训练 CSV 文件，等待 30 秒后重试...
2025-02-10 11:43:33,736 - 未有可用模型，等待模型训练完成...
2025-02-10 11:43:33,798 - 未找到训练 CSV 文件，等待 30 秒后重试...
2025-02-10 11:44:03,741 - 未有可用模型，等待模型训练完成...
2025-02-10 11:44:03,741 - 未找到训练 CSV 文件，等待 30 秒后重试...
2025-02-10 11:44:03,805 - 未找到训练 CSV 文件，等待 30 秒后重试...
2025-02-10 11:44:33,743 - 未有可用模型，等待模型训练完成...
2025-02-10 11:44:33,743 - 未找到训练 CSV 文件，等待 30 秒后重试...
2025-02-10 11:44:33,820 - 未找到训练 CSV 文件，等待 30 秒后重试...
2025-02-10 11:45:03,749 - 未有可用模型，等待模型训练完成...
2025-02-10 11:45:03,749 - 未找到训练 CSV 文件，等待 30 秒后重试...
2025-02-10 11:45:03,825 - 未找到训练 CSV 文件，等待 30 秒后重试...
2025-02-10 11:45:33,287 - 模型不可用，等待模型训练完成...
2025-02-10 11:45:33,754 - 未有可用模型，等待模型训练完成...
2025-02-10 11:45:33,754 - 未找到训练 CSV 文件，等待 30 秒后重试...
2025-02-10 11:45:33,832 - 未找到训练 CSV 文件，等待 30 秒后重试...
2025-02-10 11:46:03,767 - 未有可用模型，等待模型训练完成...
2025-02-10 11:46:03,767 - 未找到训练 CSV 文件，等待 30 秒后重试...
2025-02-10 11:46:03,845 - 未找到训练 CSV 文件，等待 30 秒后重试...
2025-02-10 11:46:33,772 - 未找到训练 CSV 文件，等待 30 秒后重试...
2025-02-10 11:46:33,772 - 未有可用模型，等待模型训练完成...
2025-02-10 11:46:33,851 - 未找到训练 CSV 文件，等待 30 秒后重试...
2025-02-10 11:47:03,785 - 未找到训练 CSV 文件，等待 30 秒后重试...
2025-02-10 11:47:03,785 - 未有可用模型，等待模型训练完成...
2025-02-10 11:47:03,863 - 未找到训练 CSV 文件，等待 30 秒后重试...
2025-02-10 11:47:33,793 - 未有可用模型，等待模型训练完成...
2025-02-10 11:47:33,793 - 未找到训练 CSV 文件，等待 30 秒后重试...
2025-02-10 11:47:33,870 - 未找到训练 CSV 文件，等待 30 秒后重试...
2025-02-10 11:48:03,303 - 模型不可用，等待模型训练完成...
2025-02-10 11:48:03,801 - 未有可用模型，等待模型训练完成...
2025-02-10 11:48:03,801 - 未找到训练 CSV 文件，等待 30 秒后重试...
2025-02-10 11:48:03,880 - 未找到训练 CSV 文件，等待 30 秒后重试...
2025-02-10 11:48:33,803 - 未有可用模型，等待模型训练完成...
2025-02-10 11:48:33,804 - 未找到训练 CSV 文件，等待 30 秒后重试...
2025-02-10 11:48:33,880 - 未找到训练 CSV 文件，等待 30 秒后重试...
2025-02-10 11:49:03,809 - 未找到训练 CSV 文件，等待 30 秒后重试...
2025-02-10 11:49:03,810 - 未有可用模型，等待模型训练完成...
2025-02-10 11:49:03,886 - 未找到训练 CSV 文件，等待 30 秒后重试...
2025-02-10 11:49:33,825 - 未找到训练 CSV 文件，等待 30 秒后重试...
2025-02-10 11:49:33,828 - 未有可用模型，等待模型训练完成...
2025-02-10 11:49:33,887 - 未找到训练 CSV 文件，等待 30 秒后重试...
2025-02-10 11:50:03,838 - 未找到训练 CSV 文件，等待 30 秒后重试...
2025-02-10 11:50:03,838 - 未有可用模型，等待模型训练完成...
2025-02-10 11:50:03,899 - 未找到训练 CSV 文件，等待 30 秒后重试...
2025-02-10 11:50:33,304 - 模型不可用，等待模型训练完成...
2025-02-10 11:50:33,850 - 未有可用模型，等待模型训练完成...
2025-02-10 11:50:33,850 - 未找到训练 CSV 文件，等待 30 秒后重试...
2025-02-10 11:50:33,913 - 未找到训练 CSV 文件，等待 30 秒后重试...
2025-02-10 11:51:03,853 - 未找到训练 CSV 文件，等待 30 秒后重试...
2025-02-10 11:51:03,853 - 未有可用模型，等待模型训练完成...
2025-02-10 11:51:03,915 - 未找到训练 CSV 文件，等待 30 秒后重试...
2025-02-10 11:51:33,864 - 未找到训练 CSV 文件，等待 30 秒后重试...
2025-02-10 11:51:33,864 - 未有可用模型，等待模型训练完成...
2025-02-10 11:51:33,926 - 未找到训练 CSV 文件，等待 30 秒后重试...
2025-02-10 11:52:03,869 - 未找到训练 CSV 文件，等待 30 秒后重试...
2025-02-10 11:52:03,869 - 未有可用模型，等待模型训练完成...
2025-02-10 11:52:03,930 - 未找到训练 CSV 文件，等待 30 秒后重试...
2025-02-10 11:52:33,879 - 未有可用模型，等待模型训练完成...
2025-02-10 11:52:33,879 - 未找到训练 CSV 文件，等待 30 秒后重试...
2025-02-10 11:52:33,944 - 未找到训练 CSV 文件，等待 30 秒后重试...
2025-02-10 11:53:03,320 - 模型不可用，等待模型训练完成...
2025-02-10 11:53:03,880 - 未有可用模型，等待模型训练完成...
2025-02-10 11:53:03,895 - 未找到训练 CSV 文件，等待 30 秒后重试...
2025-02-10 11:53:03,959 - 未找到训练 CSV 文件，等待 30 秒后重试...
2025-02-10 11:53:33,881 - 未有可用模型，等待模型训练完成...
2025-02-10 11:53:33,897 - 未找到训练 CSV 文件，等待 30 秒后重试...
2025-02-10 11:53:33,961 - 未找到训练 CSV 文件，等待 30 秒后重试...
2025-02-10 11:54:03,897 - 未有可用模型，等待模型训练完成...
2025-02-10 11:54:03,913 - 未找到训练 CSV 文件，等待 30 秒后重试...
2025-02-10 11:54:03,975 - 未找到训练 CSV 文件，等待 30 秒后重试...
2025-02-10 11:54:33,905 - 未有可用模型，等待模型训练完成...
2025-02-10 11:54:33,921 - 未找到训练 CSV 文件，等待 30 秒后重试...
2025-02-10 11:54:33,985 - 未找到训练 CSV 文件，等待 30 秒后重试...
2025-02-10 11:55:03,916 - 未有可用模型，等待模型训练完成...
2025-02-10 11:55:03,931 - 未找到训练 CSV 文件，等待 30 秒后重试...
2025-02-10 11:55:03,993 - 未找到训练 CSV 文件，等待 30 秒后重试...
2025-02-10 11:55:33,333 - 模型不可用，等待模型训练完成...
2025-02-10 11:55:33,928 - 未有可用模型，等待模型训练完成...
2025-02-10 11:55:33,943 - 未找到训练 CSV 文件，等待 30 秒后重试...
2025-02-10 11:55:34,004 - 未找到训练 CSV 文件，等待 30 秒后重试...
2025-02-10 11:56:03,939 - 未有可用模型，等待模型训练完成...
2025-02-10 11:56:03,954 - 未找到训练 CSV 文件，等待 30 秒后重试...
2025-02-10 11:56:04,017 - 未找到训练 CSV 文件，等待 30 秒后重试...
2025-02-10 11:56:33,953 - 未有可用模型，等待模型训练完成...
2025-02-10 11:56:33,969 - 未找到训练 CSV 文件，等待 30 秒后重试...
2025-02-10 11:56:34,031 - 未找到训练 CSV 文件，等待 30 秒后重试...
2025-02-10 11:57:03,958 - 未有可用模型，等待模型训练完成...
2025-02-10 11:57:03,973 - 未找到训练 CSV 文件，等待 30 秒后重试...
2025-02-10 11:57:04,036 - 未找到训练 CSV 文件，等待 30 秒后重试...
2025-02-10 11:57:33,974 - 未找到训练 CSV 文件，等待 30 秒后重试...
2025-02-10 11:57:33,974 - 未有可用模型，等待模型训练完成...
2025-02-10 11:57:34,051 - 未找到训练 CSV 文件，等待 30 秒后重试...
2025-02-10 11:58:03,345 - 模型不可用，等待模型训练完成...
2025-02-10 11:58:03,986 - 未找到训练 CSV 文件，等待 30 秒后重试...
2025-02-10 11:58:03,986 - 未有可用模型，等待模型训练完成...
2025-02-10 11:58:04,065 - 未找到训练 CSV 文件，等待 30 秒后重试...
2025-02-10 11:58:33,998 - 未有可用模型，等待模型训练完成...
2025-02-10 11:58:33,998 - 未找到训练 CSV 文件，等待 30 秒后重试...
2025-02-10 11:58:34,077 - 未找到训练 CSV 文件，等待 30 秒后重试...
2025-02-10 11:59:04,006 - 未找到训练 CSV 文件，等待 30 秒后重试...
2025-02-10 11:59:04,007 - 未有可用模型，等待模型训练完成...
2025-02-10 11:59:04,083 - 未找到训练 CSV 文件，等待 30 秒后重试...
2025-02-10 11:59:34,012 - 未找到训练 CSV 文件，等待 30 秒后重试...
2025-02-10 11:59:34,012 - 未有可用模型，等待模型训练完成...
2025-02-10 11:59:34,090 - 未找到训练 CSV 文件，等待 30 秒后重试...
2025-02-10 12:00:04,015 - 未找到训练 CSV 文件，等待 30 秒后重试...
2025-02-10 12:00:04,015 - 未有可用模型，等待模型训练完成...
2025-02-10 12:00:04,093 - 未找到训练 CSV 文件，等待 30 秒后重试...
2025-02-10 12:00:33,348 - 模型不可用，等待模型训练完成...
2025-02-10 12:00:34,020 - 未有可用模型，等待模型训练完成...
2025-02-10 12:00:34,020 - 未找到训练 CSV 文件，等待 30 秒后重试...
2025-02-10 12:00:34,097 - 未找到训练 CSV 文件，等待 30 秒后重试...
2025-02-10 12:01:04,028 - 未有可用模型，等待模型训练完成...
2025-02-10 12:01:04,028 - 未找到训练 CSV 文件，等待 30 秒后重试...
2025-02-10 12:01:04,101 - 未找到训练 CSV 文件，等待 30 秒后重试...
2025-02-10 12:01:34,035 - 未有可用模型，等待模型训练完成...
2025-02-10 12:01:34,035 - 未找到训练 CSV 文件，等待 30 秒后重试...
2025-02-10 12:01:34,115 - 未找到训练 CSV 文件，等待 30 秒后重试...
2025-02-10 12:02:04,042 - 未有可用模型，等待模型训练完成...
2025-02-10 12:02:04,042 - 未找到训练 CSV 文件，等待 30 秒后重试...
2025-02-10 12:02:04,120 - 未找到训练 CSV 文件，等待 30 秒后重试...
2025-02-10 12:02:34,046 - 未找到训练 CSV 文件，等待 30 秒后重试...
2025-02-10 12:02:34,047 - 未有可用模型，等待模型训练完成...
2025-02-10 12:02:34,124 - 未找到训练 CSV 文件，等待 30 秒后重试...
2025-02-10 12:03:03,358 - 模型不可用，等待模型训练完成...
2025-02-10 12:03:04,057 - 未找到训练 CSV 文件，等待 30 秒后重试...
2025-02-10 12:03:04,057 - 未有可用模型，等待模型训练完成...
2025-02-10 12:03:04,137 - 未找到训练 CSV 文件，等待 30 秒后重试...
2025-02-10 12:03:34,058 - 未有可用模型，等待模型训练完成...
2025-02-10 12:03:34,058 - 未找到训练 CSV 文件，等待 30 秒后重试...
2025-02-10 12:03:34,152 - 未找到训练 CSV 文件，等待 30 秒后重试...
2025-02-10 12:04:04,062 - 未有可用模型，等待模型训练完成...
2025-02-10 12:04:04,063 - 未找到训练 CSV 文件，等待 30 秒后重试...
2025-02-10 12:04:04,155 - 未找到训练 CSV 文件，等待 30 秒后重试...
2025-02-10 12:04:34,072 - 未有可用模型，等待模型训练完成...
2025-02-10 12:04:34,073 - 未找到训练 CSV 文件，等待 30 秒后重试...
2025-02-10 12:04:34,166 - 未找到训练 CSV 文件，等待 30 秒后重试...
2025-02-10 12:05:04,088 - 未有可用模型，等待模型训练完成...
2025-02-10 12:05:04,088 - 未找到训练 CSV 文件，等待 30 秒后重试...
2025-02-10 12:05:04,182 - 未找到训练 CSV 文件，等待 30 秒后重试...
2025-02-10 12:05:33,359 - 模型不可用，等待模型训练完成...
2025-02-10 12:05:34,095 - 未找到训练 CSV 文件，等待 30 秒后重试...
2025-02-10 12:05:34,095 - 未有可用模型，等待模型训练完成...
2025-02-10 12:05:34,187 - 未找到训练 CSV 文件，等待 30 秒后重试...
2025-02-10 12:06:04,097 - 未找到训练 CSV 文件，等待 30 秒后重试...
2025-02-10 12:06:04,097 - 未有可用模型，等待模型训练完成...
2025-02-10 12:06:04,189 - 未找到训练 CSV 文件，等待 30 秒后重试...
2025-02-10 12:06:34,106 - 未有可用模型，等待模型训练完成...
2025-02-10 12:06:34,106 - 未找到训练 CSV 文件，等待 30 秒后重试...
2025-02-10 12:06:34,199 - 未找到训练 CSV 文件，等待 30 秒后重试...
2025-02-10 12:07:04,106 - 未有可用模型，等待模型训练完成...
2025-02-10 12:07:04,121 - 未找到训练 CSV 文件，等待 30 秒后重试...
2025-02-10 12:07:04,200 - 未找到训练 CSV 文件，等待 30 秒后重试...
2025-02-10 12:07:34,114 - 未有可用模型，等待模型训练完成...
2025-02-10 12:07:34,130 - 未找到训练 CSV 文件，等待 30 秒后重试...
2025-02-10 12:07:34,209 - 未找到训练 CSV 文件，等待 30 秒后重试...
2025-02-10 12:08:03,363 - 模型不可用，等待模型训练完成...
2025-02-10 12:08:04,126 - 未有可用模型，等待模型训练完成...
2025-02-10 12:08:04,142 - 未找到训练 CSV 文件，等待 30 秒后重试...
2025-02-10 12:08:04,219 - 未找到训练 CSV 文件，等待 30 秒后重试...
2025-02-10 12:08:34,128 - 未有可用模型，等待模型训练完成...
2025-02-10 12:08:34,144 - 未找到训练 CSV 文件，等待 30 秒后重试...
2025-02-10 12:08:34,222 - 未找到训练 CSV 文件，等待 30 秒后重试...
2025-02-10 12:09:04,130 - 未有可用模型，等待模型训练完成...
2025-02-10 12:09:04,146 - 未找到训练 CSV 文件，等待 30 秒后重试...
2025-02-10 12:09:04,225 - 未找到训练 CSV 文件，等待 30 秒后重试...
2025-02-10 12:09:34,133 - 未有可用模型，等待模型训练完成...
2025-02-10 12:09:34,148 - 未找到训练 CSV 文件，等待 30 秒后重试...
2025-02-10 12:09:34,228 - 未找到训练 CSV 文件，等待 30 秒后重试...
2025-02-10 12:10:04,147 - 未有可用模型，等待模型训练完成...
2025-02-10 12:10:04,163 - 未找到训练 CSV 文件，等待 30 秒后重试...
2025-02-10 12:10:04,240 - 未找到训练 CSV 文件，等待 30 秒后重试...
2025-02-10 12:10:33,365 - 模型不可用，等待模型训练完成...
2025-02-10 12:10:34,158 - 未有可用模型，等待模型训练完成...
2025-02-10 12:10:34,174 - 未找到训练 CSV 文件，等待 30 秒后重试...
2025-02-10 12:10:34,253 - 未找到训练 CSV 文件，等待 30 秒后重试...
2025-02-10 12:11:04,166 - 未有可用模型，等待模型训练完成...
2025-02-10 12:11:04,182 - 未找到训练 CSV 文件，等待 30 秒后重试...
2025-02-10 12:11:04,259 - 未找到训练 CSV 文件，等待 30 秒后重试...
2025-02-10 12:11:34,172 - 未有可用模型，等待模型训练完成...
2025-02-10 12:11:34,187 - 未找到训练 CSV 文件，等待 30 秒后重试...
2025-02-10 12:11:34,265 - 未找到训练 CSV 文件，等待 30 秒后重试...
2025-02-10 12:12:04,175 - 未有可用模型，等待模型训练完成...
2025-02-10 12:12:04,191 - 未找到训练 CSV 文件，等待 30 秒后重试...
2025-02-10 12:12:04,269 - 未找到训练 CSV 文件，等待 30 秒后重试...
2025-02-10 12:12:34,184 - 未有可用模型，等待模型训练完成...
2025-02-10 12:12:34,200 - 未找到训练 CSV 文件，等待 30 秒后重试...
2025-02-10 12:12:34,279 - 未找到训练 CSV 文件，等待 30 秒后重试...
2025-02-10 12:13:03,378 - 模型不可用，等待模型训练完成...
2025-02-10 12:13:04,188 - 未有可用模型，等待模型训练完成...
2025-02-10 12:13:04,204 - 未找到训练 CSV 文件，等待 30 秒后重试...
2025-02-10 12:13:04,282 - 未找到训练 CSV 文件，等待 30 秒后重试...
2025-02-10 12:13:34,189 - 未有可用模型，等待模型训练完成...
2025-02-10 12:13:34,220 - 未找到训练 CSV 文件，等待 30 秒后重试...
2025-02-10 12:13:34,283 - 未找到训练 CSV 文件，等待 30 秒后重试...
2025-02-10 12:14:04,202 - 未有可用模型，等待模型训练完成...
2025-02-10 12:14:04,233 - 未找到训练 CSV 文件，等待 30 秒后重试...
2025-02-10 12:14:04,294 - 未找到训练 CSV 文件，等待 30 秒后重试...
2025-02-10 12:14:34,217 - 未有可用模型，等待模型训练完成...
2025-02-10 12:14:34,249 - 未找到训练 CSV 文件，等待 30 秒后重试...
2025-02-10 12:14:34,296 - 未找到训练 CSV 文件，等待 30 秒后重试...
2025-02-10 12:15:04,223 - 未有可用模型，等待模型训练完成...
2025-02-10 12:15:04,254 - 未找到训练 CSV 文件，等待 30 秒后重试...
2025-02-10 12:15:04,300 - 未找到训练 CSV 文件，等待 30 秒后重试...
2025-02-10 12:15:33,384 - 模型不可用，等待模型训练完成...
2025-02-10 12:15:34,230 - 未有可用模型，等待模型训练完成...
2025-02-10 12:15:34,262 - 未找到训练 CSV 文件，等待 30 秒后重试...
2025-02-10 12:15:34,309 - 未找到训练 CSV 文件，等待 30 秒后重试...
2025-02-10 12:16:04,238 - 未有可用模型，等待模型训练完成...
2025-02-10 12:16:04,269 - 未找到训练 CSV 文件，等待 30 秒后重试...
2025-02-10 12:16:04,315 - 未找到训练 CSV 文件，等待 30 秒后重试...
2025-02-10 12:16:34,240 - 未有可用模型，等待模型训练完成...
2025-02-10 12:16:34,271 - 未找到训练 CSV 文件，等待 30 秒后重试...
2025-02-10 12:16:34,317 - 未找到训练 CSV 文件，等待 30 秒后重试...
2025-02-10 12:17:04,253 - 未有可用模型，等待模型训练完成...
2025-02-10 12:17:04,284 - 未找到训练 CSV 文件，等待 30 秒后重试...
2025-02-10 12:17:04,331 - 未找到训练 CSV 文件，等待 30 秒后重试...
2025-02-10 12:17:34,256 - 未有可用模型，等待模型训练完成...
2025-02-10 12:17:34,287 - 未找到训练 CSV 文件，等待 30 秒后重试...
2025-02-10 12:17:34,335 - 未找到训练 CSV 文件，等待 30 秒后重试...
2025-02-10 12:18:03,386 - 模型不可用，等待模型训练完成...
2025-02-10 12:18:04,267 - 未有可用模型，等待模型训练完成...
2025-02-10 12:18:04,297 - 未找到训练 CSV 文件，等待 30 秒后重试...
2025-02-10 12:18:04,344 - 未找到训练 CSV 文件，等待 30 秒后重试...
2025-02-10 12:18:34,273 - 未有可用模型，等待模型训练完成...
2025-02-10 12:18:34,305 - 未找到训练 CSV 文件，等待 30 秒后重试...
2025-02-10 12:18:34,352 - 未找到训练 CSV 文件，等待 30 秒后重试...
2025-02-10 12:19:04,278 - 未有可用模型，等待模型训练完成...
2025-02-10 12:19:04,309 - 未找到训练 CSV 文件，等待 30 秒后重试...
2025-02-10 12:19:04,356 - 未找到训练 CSV 文件，等待 30 秒后重试...
2025-02-10 12:19:34,280 - 未有可用模型，等待模型训练完成...
2025-02-10 12:19:34,311 - 未找到训练 CSV 文件，等待 30 秒后重试...
2025-02-10 12:19:34,372 - 未找到训练 CSV 文件，等待 30 秒后重试...
2025-02-10 12:20:04,282 - 未有可用模型，等待模型训练完成...
2025-02-10 12:20:04,314 - 未找到训练 CSV 文件，等待 30 秒后重试...
2025-02-10 12:20:04,377 - 未找到训练 CSV 文件，等待 30 秒后重试...
2025-02-10 12:20:33,393 - 模型不可用，等待模型训练完成...
2025-02-10 12:20:34,287 - 未有可用模型，等待模型训练完成...
2025-02-10 12:20:34,319 - 未找到训练 CSV 文件，等待 30 秒后重试...
2025-02-10 12:20:34,381 - 未找到训练 CSV 文件，等待 30 秒后重试...
2025-02-10 12:21:04,293 - 未有可用模型，等待模型训练完成...
2025-02-10 12:21:04,324 - 未找到训练 CSV 文件，等待 30 秒后重试...
2025-02-10 12:21:04,386 - 未找到训练 CSV 文件，等待 30 秒后重试...
2025-02-10 12:21:34,299 - 未有可用模型，等待模型训练完成...
2025-02-10 12:21:34,330 - 未找到训练 CSV 文件，等待 30 秒后重试...
2025-02-10 12:21:34,392 - 未找到训练 CSV 文件，等待 30 秒后重试...
2025-02-10 12:22:04,307 - 未有可用模型，等待模型训练完成...
2025-02-10 12:22:04,337 - 未找到训练 CSV 文件，等待 30 秒后重试...
2025-02-10 12:22:04,399 - 未找到训练 CSV 文件，等待 30 秒后重试...
2025-02-10 12:22:34,309 - 未有可用模型，等待模型训练完成...
2025-02-10 12:22:34,339 - 未找到训练 CSV 文件，等待 30 秒后重试...
2025-02-10 12:22:34,401 - 未找到训练 CSV 文件，等待 30 秒后重试...
2025-02-10 12:23:03,409 - 模型不可用，等待模型训练完成...
2025-02-10 12:23:04,313 - 未有可用模型，等待模型训练完成...
2025-02-10 12:23:04,343 - 未找到训练 CSV 文件，等待 30 秒后重试...
2025-02-10 12:23:04,404 - 未找到训练 CSV 文件，等待 30 秒后重试...
2025-02-10 12:23:34,326 - 未有可用模型，等待模型训练完成...
2025-02-10 12:23:34,357 - 未找到训练 CSV 文件，等待 30 秒后重试...
2025-02-10 12:23:34,419 - 未找到训练 CSV 文件，等待 30 秒后重试...
2025-02-10 12:24:04,337 - 未有可用模型，等待模型训练完成...
2025-02-10 12:24:04,369 - 未找到训练 CSV 文件，等待 30 秒后重试...
2025-02-10 12:24:04,432 - 未找到训练 CSV 文件，等待 30 秒后重试...
2025-02-10 12:24:34,348 - 未有可用模型，等待模型训练完成...
2025-02-10 12:24:34,380 - 未找到训练 CSV 文件，等待 30 秒后重试...
2025-02-10 12:24:34,442 - 未找到训练 CSV 文件，等待 30 秒后重试...
2025-02-10 12:25:04,362 - 未有可用模型，等待模型训练完成...
2025-02-10 12:25:04,394 - 未找到训练 CSV 文件，等待 30 秒后重试...
2025-02-10 12:25:04,454 - 未找到训练 CSV 文件，等待 30 秒后重试...
2025-02-10 12:25:33,417 - 模型不可用，等待模型训练完成...
2025-02-10 12:25:34,372 - 未有可用模型，等待模型训练完成...
2025-02-10 12:25:34,403 - 未找到训练 CSV 文件，等待 30 秒后重试...
2025-02-10 12:25:34,465 - 未找到训练 CSV 文件，等待 30 秒后重试...
2025-02-10 12:26:04,379 - 未有可用模型，等待模型训练完成...
2025-02-10 12:26:04,410 - 未找到训练 CSV 文件，等待 30 秒后重试...
2025-02-10 12:26:04,474 - 未找到训练 CSV 文件，等待 30 秒后重试...
2025-02-10 12:26:34,384 - 未有可用模型，等待模型训练完成...
2025-02-10 12:26:34,416 - 未找到训练 CSV 文件，等待 30 秒后重试...
2025-02-10 12:26:34,478 - 未找到训练 CSV 文件，等待 30 秒后重试...
2025-02-10 12:27:04,386 - 未有可用模型，等待模型训练完成...
2025-02-10 12:27:04,418 - 未找到训练 CSV 文件，等待 30 秒后重试...
2025-02-10 12:27:04,481 - 未找到训练 CSV 文件，等待 30 秒后重试...
2025-02-10 12:27:34,396 - 未有可用模型，等待模型训练完成...
2025-02-10 12:27:34,428 - 未找到训练 CSV 文件，等待 30 秒后重试...
2025-02-10 12:27:34,490 - 未找到训练 CSV 文件，等待 30 秒后重试...
2025-02-10 12:28:03,428 - 模型不可用，等待模型训练完成...
2025-02-10 12:28:04,408 - 未有可用模型，等待模型训练完成...
2025-02-10 12:28:04,439 - 未找到训练 CSV 文件，等待 30 秒后重试...
2025-02-10 12:28:04,501 - 未找到训练 CSV 文件，等待 30 秒后重试...
2025-02-10 12:28:34,421 - 未有可用模型，等待模型训练完成...
2025-02-10 12:28:34,452 - 未找到训练 CSV 文件，等待 30 秒后重试...
2025-02-10 12:28:34,514 - 未找到训练 CSV 文件，等待 30 秒后重试...
2025-02-10 12:29:04,433 - 未有可用模型，等待模型训练完成...
2025-02-10 12:29:04,463 - 未找到训练 CSV 文件，等待 30 秒后重试...
2025-02-10 12:29:04,526 - 未找到训练 CSV 文件，等待 30 秒后重试...
2025-02-10 12:29:34,433 - 未有可用模型，等待模型训练完成...
2025-02-10 12:29:34,465 - 未找到训练 CSV 文件，等待 30 秒后重试...
2025-02-10 12:29:34,529 - 未找到训练 CSV 文件，等待 30 秒后重试...
2025-02-10 12:30:04,442 - 未有可用模型，等待模型训练完成...
2025-02-10 12:30:04,474 - 未找到训练 CSV 文件，等待 30 秒后重试...
2025-02-10 12:30:04,536 - 未找到训练 CSV 文件，等待 30 秒后重试...
2025-02-10 12:30:33,438 - 模型不可用，等待模型训练完成...
2025-02-10 12:30:34,447 - 未有可用模型，等待模型训练完成...
2025-02-10 12:30:34,477 - 未找到训练 CSV 文件，等待 30 秒后重试...
2025-02-10 12:30:34,540 - 未找到训练 CSV 文件，等待 30 秒后重试...
2025-02-10 12:31:04,462 - 未有可用模型，等待模型训练完成...
2025-02-10 12:31:04,493 - 未找到训练 CSV 文件，等待 30 秒后重试...
2025-02-10 12:31:04,555 - 未找到训练 CSV 文件，等待 30 秒后重试...
2025-02-10 12:31:34,477 - 未有可用模型，等待模型训练完成...
2025-02-10 12:31:34,508 - 未找到训练 CSV 文件，等待 30 秒后重试...
2025-02-10 12:31:34,556 - 未找到训练 CSV 文件，等待 30 秒后重试...
2025-02-10 12:32:04,490 - 未有可用模型，等待模型训练完成...
2025-02-10 12:32:04,521 - 未找到训练 CSV 文件，等待 30 秒后重试...
2025-02-10 12:32:04,567 - 未找到训练 CSV 文件，等待 30 秒后重试...
2025-02-10 12:32:34,494 - 未有可用模型，等待模型训练完成...
2025-02-10 12:32:34,526 - 未找到训练 CSV 文件，等待 30 秒后重试...
2025-02-10 12:32:34,573 - 未找到训练 CSV 文件，等待 30 秒后重试...
2025-02-10 12:33:03,451 - 模型不可用，等待模型训练完成...
2025-02-10 12:33:04,497 - 未有可用模型，等待模型训练完成...
2025-02-10 12:33:04,528 - 未找到训练 CSV 文件，等待 30 秒后重试...
2025-02-10 12:33:04,575 - 未找到训练 CSV 文件，等待 30 秒后重试...
2025-02-10 12:33:34,506 - 未有可用模型，等待模型训练完成...
2025-02-10 12:33:34,536 - 未找到训练 CSV 文件，等待 30 秒后重试...
2025-02-10 12:33:34,584 - 未找到训练 CSV 文件，等待 30 秒后重试...
2025-02-10 12:34:04,506 - 未有可用模型，等待模型训练完成...
2025-02-10 12:34:04,538 - 未找到训练 CSV 文件，等待 30 秒后重试...
2025-02-10 12:34:04,599 - 未找到训练 CSV 文件，等待 30 秒后重试...
2025-02-10 12:34:34,511 - 未有可用模型，等待模型训练完成...
2025-02-10 12:34:34,542 - 未找到训练 CSV 文件，等待 30 秒后重试...
2025-02-10 12:34:34,604 - 未找到训练 CSV 文件，等待 30 秒后重试...
2025-02-10 12:35:04,514 - 未有可用模型，等待模型训练完成...
2025-02-10 12:35:04,545 - 未找到训练 CSV 文件，等待 30 秒后重试...
2025-02-10 12:35:04,607 - 未找到训练 CSV 文件，等待 30 秒后重试...
2025-02-10 12:35:33,455 - 模型不可用，等待模型训练完成...
2025-02-10 12:35:34,514 - 未有可用模型，等待模型训练完成...
2025-02-10 12:35:34,546 - 未找到训练 CSV 文件，等待 30 秒后重试...
2025-02-10 12:35:34,609 - 未找到训练 CSV 文件，等待 30 秒后重试...
2025-02-10 12:36:04,529 - 未有可用模型，等待模型训练完成...
2025-02-10 12:36:04,560 - 未找到训练 CSV 文件，等待 30 秒后重试...
2025-02-10 12:36:04,624 - 未找到训练 CSV 文件，等待 30 秒后重试...
2025-02-10 12:36:34,542 - 未有可用模型，等待模型训练完成...
2025-02-10 12:36:34,573 - 未找到训练 CSV 文件，等待 30 秒后重试...
2025-02-10 12:36:34,636 - 未找到训练 CSV 文件，等待 30 秒后重试...
2025-02-10 12:37:04,547 - 未有可用模型，等待模型训练完成...
2025-02-10 12:37:04,578 - 未找到训练 CSV 文件，等待 30 秒后重试...
2025-02-10 12:37:04,640 - 未找到训练 CSV 文件，等待 30 秒后重试...
2025-02-10 12:37:34,550 - 未有可用模型，等待模型训练完成...
2025-02-10 12:37:34,582 - 未找到训练 CSV 文件，等待 30 秒后重试...
2025-02-10 12:37:34,644 - 未找到训练 CSV 文件，等待 30 秒后重试...
2025-02-10 12:38:03,456 - 模型不可用，等待模型训练完成...
2025-02-10 12:38:04,564 - 未有可用模型，等待模型训练完成...
2025-02-10 12:38:04,595 - 未找到训练 CSV 文件，等待 30 秒后重试...
2025-02-10 12:38:04,657 - 未找到训练 CSV 文件，等待 30 秒后重试...
2025-02-10 12:38:34,570 - 未有可用模型，等待模型训练完成...
2025-02-10 12:38:34,601 - 未找到训练 CSV 文件，等待 30 秒后重试...
2025-02-10 12:38:34,663 - 未找到训练 CSV 文件，等待 30 秒后重试...
2025-02-10 12:39:04,574 - 未有可用模型，等待模型训练完成...
2025-02-10 12:39:04,606 - 未找到训练 CSV 文件，等待 30 秒后重试...
2025-02-10 12:39:04,668 - 未找到训练 CSV 文件，等待 30 秒后重试...
2025-02-10 12:39:34,581 - 未有可用模型，等待模型训练完成...
2025-02-10 12:39:34,613 - 未找到训练 CSV 文件，等待 30 秒后重试...
2025-02-10 12:39:34,676 - 未找到训练 CSV 文件，等待 30 秒后重试...
2025-02-10 12:40:04,596 - 未有可用模型，等待模型训练完成...
2025-02-10 12:40:04,626 - 未找到训练 CSV 文件，等待 30 秒后重试...
2025-02-10 12:40:04,689 - 未找到训练 CSV 文件，等待 30 秒后重试...
2025-02-10 12:40:33,467 - 模型不可用，等待模型训练完成...
2025-02-10 12:40:34,603 - 未有可用模型，等待模型训练完成...
2025-02-10 12:40:34,635 - 未找到训练 CSV 文件，等待 30 秒后重试...
2025-02-10 12:40:34,698 - 未找到训练 CSV 文件，等待 30 秒后重试...
2025-02-10 12:41:04,615 - 未有可用模型，等待模型训练完成...
2025-02-10 12:41:04,645 - 未找到训练 CSV 文件，等待 30 秒后重试...
2025-02-10 12:41:04,709 - 未找到训练 CSV 文件，等待 30 秒后重试...
2025-02-10 12:41:34,620 - 未有可用模型，等待模型训练完成...
2025-02-10 12:41:34,651 - 未找到训练 CSV 文件，等待 30 秒后重试...
2025-02-10 12:41:34,713 - 未找到训练 CSV 文件，等待 30 秒后重试...
2025-02-10 12:42:04,625 - 未有可用模型，等待模型训练完成...
2025-02-10 12:42:04,656 - 未找到训练 CSV 文件，等待 30 秒后重试...
2025-02-10 12:42:04,719 - 未找到训练 CSV 文件，等待 30 秒后重试...
2025-02-10 12:42:34,626 - 未有可用模型，等待模型训练完成...
2025-02-10 12:42:34,657 - 未找到训练 CSV 文件，等待 30 秒后重试...
2025-02-10 12:42:34,719 - 未找到训练 CSV 文件，等待 30 秒后重试...
2025-02-10 12:43:03,468 - 模型不可用，等待模型训练完成...
2025-02-10 12:43:04,631 - 未有可用模型，等待模型训练完成...
2025-02-10 12:43:04,661 - 未找到训练 CSV 文件，等待 30 秒后重试...
2025-02-10 12:43:04,724 - 未找到训练 CSV 文件，等待 30 秒后重试...
2025-02-10 12:43:34,636 - 未有可用模型，等待模型训练完成...
2025-02-10 12:43:34,666 - 未找到训练 CSV 文件，等待 30 秒后重试...
2025-02-10 12:43:34,728 - 未找到训练 CSV 文件，等待 30 秒后重试...
2025-02-10 12:44:04,640 - 未有可用模型，等待模型训练完成...
2025-02-10 12:44:04,671 - 未找到训练 CSV 文件，等待 30 秒后重试...
2025-02-10 12:44:04,734 - 未找到训练 CSV 文件，等待 30 秒后重试...
2025-02-10 12:44:34,648 - 未有可用模型，等待模型训练完成...
2025-02-10 12:44:34,680 - 未找到训练 CSV 文件，等待 30 秒后重试...
2025-02-10 12:44:34,742 - 未找到训练 CSV 文件，等待 30 秒后重试...
2025-02-10 12:45:04,651 - 未有可用模型，等待模型训练完成...
2025-02-10 12:45:04,682 - 未找到训练 CSV 文件，等待 30 秒后重试...
2025-02-10 12:45:04,743 - 未找到训练 CSV 文件，等待 30 秒后重试...
2025-02-10 12:45:33,478 - 模型不可用，等待模型训练完成...
2025-02-10 12:45:34,658 - 未有可用模型，等待模型训练完成...
2025-02-10 12:45:34,690 - 未找到训练 CSV 文件，等待 30 秒后重试...
2025-02-10 12:45:34,754 - 未找到训练 CSV 文件，等待 30 秒后重试...
2025-02-10 12:46:04,663 - 未有可用模型，等待模型训练完成...
2025-02-10 12:46:04,693 - 未找到训练 CSV 文件，等待 30 秒后重试...
2025-02-10 12:46:04,755 - 未找到训练 CSV 文件，等待 30 秒后重试...
2025-02-10 12:46:34,678 - 未有可用模型，等待模型训练完成...
2025-02-10 12:46:34,708 - 未找到训练 CSV 文件，等待 30 秒后重试...
2025-02-10 12:46:34,769 - 未找到训练 CSV 文件，等待 30 秒后重试...
2025-02-10 12:47:04,691 - 未有可用模型，等待模型训练完成...
2025-02-10 12:47:04,723 - 未找到训练 CSV 文件，等待 30 秒后重试...
2025-02-10 12:47:04,785 - 未找到训练 CSV 文件，等待 30 秒后重试...
2025-02-10 12:47:34,698 - 未有可用模型，等待模型训练完成...
2025-02-10 12:47:34,729 - 未找到训练 CSV 文件，等待 30 秒后重试...
2025-02-10 12:47:34,790 - 未找到训练 CSV 文件，等待 30 秒后重试...
2025-02-10 12:48:03,478 - 模型不可用，等待模型训练完成...
2025-02-10 12:48:04,703 - 未有可用模型，等待模型训练完成...
2025-02-10 12:48:04,734 - 未找到训练 CSV 文件，等待 30 秒后重试...
2025-02-10 12:48:04,796 - 未找到训练 CSV 文件，等待 30 秒后重试...
2025-02-10 12:48:34,711 - 未有可用模型，等待模型训练完成...
2025-02-10 12:48:34,742 - 未找到训练 CSV 文件，等待 30 秒后重试...
2025-02-10 12:48:34,803 - 未找到训练 CSV 文件，等待 30 秒后重试...
2025-02-10 12:49:04,725 - 未有可用模型，等待模型训练完成...
2025-02-10 12:49:04,755 - 未找到训练 CSV 文件，等待 30 秒后重试...
2025-02-10 12:49:04,817 - 未找到训练 CSV 文件，等待 30 秒后重试...
2025-02-10 12:49:34,738 - 未有可用模型，等待模型训练完成...
2025-02-10 12:49:34,769 - 未找到训练 CSV 文件，等待 30 秒后重试...
2025-02-10 12:49:34,831 - 未找到训练 CSV 文件，等待 30 秒后重试...
2025-02-10 12:50:04,751 - 未有可用模型，等待模型训练完成...
2025-02-10 12:50:04,782 - 未找到训练 CSV 文件，等待 30 秒后重试...
2025-02-10 12:50:04,844 - 未找到训练 CSV 文件，等待 30 秒后重试...
2025-02-10 12:50:33,479 - 模型不可用，等待模型训练完成...
2025-02-10 12:50:34,755 - 未有可用模型，等待模型训练完成...
2025-02-10 12:50:34,787 - 未找到训练 CSV 文件，等待 30 秒后重试...
2025-02-10 12:50:34,848 - 未找到训练 CSV 文件，等待 30 秒后重试...
2025-02-10 12:51:04,764 - 未有可用模型，等待模型训练完成...
2025-02-10 12:51:04,797 - 未找到训练 CSV 文件，等待 30 秒后重试...
2025-02-10 12:51:04,858 - 未找到训练 CSV 文件，等待 30 秒后重试...
2025-02-10 12:51:34,766 - 未有可用模型，等待模型训练完成...
2025-02-10 12:51:34,812 - 未找到训练 CSV 文件，等待 30 秒后重试...
2025-02-10 12:51:34,874 - 未找到训练 CSV 文件，等待 30 秒后重试...
2025-02-10 12:52:04,781 - 未有可用模型，等待模型训练完成...
2025-02-10 12:52:04,826 - 未找到训练 CSV 文件，等待 30 秒后重试...
2025-02-10 12:52:04,890 - 未找到训练 CSV 文件，等待 30 秒后重试...
2025-02-10 12:52:34,784 - 未有可用模型，等待模型训练完成...
2025-02-10 12:52:34,831 - 未找到训练 CSV 文件，等待 30 秒后重试...
2025-02-10 12:52:34,894 - 未找到训练 CSV 文件，等待 30 秒后重试...
2025-02-10 12:53:03,492 - 模型不可用，等待模型训练完成...
2025-02-10 12:53:04,795 - 未有可用模型，等待模型训练完成...
2025-02-10 12:53:04,843 - 未找到训练 CSV 文件，等待 30 秒后重试...
2025-02-10 12:53:04,905 - 未找到训练 CSV 文件，等待 30 秒后重试...
2025-02-10 12:53:34,809 - 未有可用模型，等待模型训练完成...
2025-02-10 12:53:34,856 - 未找到训练 CSV 文件，等待 30 秒后重试...
2025-02-10 12:53:34,918 - 未找到训练 CSV 文件，等待 30 秒后重试...
2025-02-10 12:54:04,812 - 未有可用模型，等待模型训练完成...
2025-02-10 12:54:04,860 - 未找到训练 CSV 文件，等待 30 秒后重试...
2025-02-10 12:54:04,922 - 未找到训练 CSV 文件，等待 30 秒后重试...
2025-02-10 12:54:34,818 - 未有可用模型，等待模型训练完成...
2025-02-10 12:54:34,864 - 未找到训练 CSV 文件，等待 30 秒后重试...
2025-02-10 12:54:34,928 - 未找到训练 CSV 文件，等待 30 秒后重试...
2025-02-10 12:55:04,823 - 未有可用模型，等待模型训练完成...
2025-02-10 12:55:04,869 - 未找到训练 CSV 文件，等待 30 秒后重试...
2025-02-10 12:55:04,932 - 未找到训练 CSV 文件，等待 30 秒后重试...
2025-02-10 12:55:33,501 - 模型不可用，等待模型训练完成...
2025-02-10 12:55:34,826 - 未有可用模型，等待模型训练完成...
2025-02-10 12:55:34,874 - 未找到训练 CSV 文件，等待 30 秒后重试...
2025-02-10 12:55:34,936 - 未找到训练 CSV 文件，等待 30 秒后重试...
2025-02-10 12:56:04,842 - 未有可用模型，等待模型训练完成...
2025-02-10 12:56:04,889 - 未找到训练 CSV 文件，等待 30 秒后重试...
2025-02-10 12:56:04,950 - 未找到训练 CSV 文件，等待 30 秒后重试...
2025-02-10 12:56:34,844 - 未有可用模型，等待模型训练完成...
2025-02-10 12:56:34,891 - 未找到训练 CSV 文件，等待 30 秒后重试...
2025-02-10 12:56:34,952 - 未找到训练 CSV 文件，等待 30 秒后重试...
2025-02-10 12:57:04,856 - 未有可用模型，等待模型训练完成...
2025-02-10 12:57:04,903 - 未找到训练 CSV 文件，等待 30 秒后重试...
2025-02-10 12:57:04,966 - 未找到训练 CSV 文件，等待 30 秒后重试...
2025-02-10 16:43:09,900 - 今天的日期是: 20250210
2025-02-10 16:43:09,904 - 开始监视 D:\my-vue-project\wind-power-forecast\backend\auto_scripts\dataset\dataset_short 文件夹以进行训练...
2025-02-10 16:43:09,904 - 开始监视 D:\my-vue-project\wind-power-forecast\backend\auto_scripts\precsv\shortcsv 文件夹以进行预测...
2025-02-10 16:43:09,904 - 未找到训练 CSV 文件，等待 30 秒后重试...
2025-02-10 16:43:09,905 - 未有可用模型，等待模型训练完成...
2025-02-10 16:43:09,910 - 今天的日期是: 20250210
2025-02-10 16:43:09,911 - 开始监视 D:\my-vue-project\wind-power-forecast\backend\auto_scripts\dataset\dataset_supershort 文件夹以进行训练...
2025-02-10 16:43:09,912 - 未找到训练 CSV 文件，等待 30 秒后重试...
2025-02-10 16:43:09,912 - 开始监视 D:\my-vue-project\wind-power-forecast\backend\auto_scripts\precsv\supershortcsv\20250210 文件夹以进行预测...
2025-02-10 16:43:09,913 - 模型不可用，等待模型训练完成...
