2025-01-09 14:02:55,828 - 今天的日期是: 20250109
2025-01-09 14:02:55,829 - 开始监视 D:\my-vue-project\wind-power-forecast\backend\auto_scripts\dataset\dataset_short 文件夹以进行训练...
2025-01-09 14:02:55,829 - 开始监视 D:\my-vue-project\wind-power-forecast\backend\auto_scripts\precsv\shortcsv 文件夹以进行预测...
2025-01-09 14:02:55,829 - 今天的训练已经执行过，跳过...
2025-01-09 14:02:55,829 - 今天的预测已经执行过，跳过...
2025-01-09 14:02:55,829 - 今天的训练和预测任务已完成。
2025-01-09 14:04:15,234 - 今天的日期是: 20250109
2025-01-09 14:04:15,235 - 开始监视 D:\my-vue-project\wind-power-forecast\backend\auto_scripts\dataset\dataset_short 文件夹以进行训练...
2025-01-09 14:04:15,235 - 开始监视 D:\my-vue-project\wind-power-forecast\backend\auto_scripts\precsv\shortcsv 文件夹以进行预测...
2025-01-09 14:04:15,235 - 未有可用模型，等待模型训练完成...
2025-01-09 14:04:15,235 - 发现新的训练文件：D:\my-vue-project\wind-power-forecast\backend\auto_scripts\dataset\dataset_short\20250109.csv，执行训练...
2025-01-09 14:04:15,235 - 输出结果将保存到: D:\my-vue-project\wind-power-forecast\backend\auto_scripts\train_predictions\short_predictions
2025-01-09 14:04:16,408 - 数据加载与预处理完成
2025-01-09 14:04:16,720 - 数据标准化完成
2025-01-09 14:04:17,444 - 创建时间窗口完成
2025-01-09 14:04:17,444 - 获取模型参数完成
2025-01-09 14:04:45,247 - 未有可用模型，等待模型训练完成...
2025-01-09 14:05:15,258 - 未有可用模型，等待模型训练完成...
2025-01-09 14:05:45,272 - 未有可用模型，等待模型训练完成...
2025-01-09 14:06:15,275 - 未有可用模型，等待模型训练完成...
2025-01-09 14:06:45,284 - 未有可用模型，等待模型训练完成...
2025-01-09 14:07:15,298 - 未有可用模型，等待模型训练完成...
2025-01-09 14:07:45,311 - 未有可用模型，等待模型训练完成...
2025-01-09 14:07:45,830 - 训练与评估完成
2025-01-09 14:07:45,857 - 保存预测结果完成
2025-01-09 14:07:46,103 - 可视化结果完成
2025-01-09 14:07:46,235 - 模型已成功保存到 D:\my-vue-project\wind-power-forecast\backend\auto_scripts\models\shortmodel\20250109，模型可用。
2025-01-09 14:08:15,327 - 发现新的预测文件：D:\my-vue-project\wind-power-forecast\backend\auto_scripts\precsv\shortcsv\20250109.csv，执行预测...
2025-01-09 14:08:15,449 - 今天的训练和预测任务已完成。
