2025-01-18 01:00:21,407 - 今天的日期是: 20250118
2025-01-18 01:00:21,408 - 开始监视 D:\my-vue-project\wind-power-forecast\backend\auto_scripts\dataset\dataset_short 文件夹以进行训练...
2025-01-18 01:00:21,408 - 开始监视 D:\my-vue-project\wind-power-forecast\backend\auto_scripts\precsv\shortcsv 文件夹以进行预测...
2025-01-18 01:00:21,408 - 发现新的训练文件：D:\my-vue-project\wind-power-forecast\backend\auto_scripts\dataset\dataset_short\20250118.csv，执行训练...
2025-01-18 01:00:21,408 - 未有可用模型，等待模型训练完成...
2025-01-18 01:00:21,408 - 输出结果将保存到: D:\my-vue-project\wind-power-forecast\backend\auto_scripts\train_predictions\short_predictions
2025-01-18 01:00:22,630 - 数据加载与预处理完成
2025-01-18 01:00:22,983 - 数据标准化完成
2025-01-18 01:00:23,726 - 创建时间窗口完成
2025-01-18 01:00:23,726 - 获取模型参数完成
2025-01-18 01:00:51,422 - 未有可用模型，等待模型训练完成...
2025-01-18 01:01:21,426 - 未有可用模型，等待模型训练完成...
2025-01-18 01:01:51,433 - 未有可用模型，等待模型训练完成...
2025-01-18 01:02:21,443 - 未有可用模型，等待模型训练完成...
2025-01-18 01:02:51,447 - 未有可用模型，等待模型训练完成...
2025-01-18 01:03:21,463 - 未有可用模型，等待模型训练完成...
2025-01-18 01:03:51,473 - 未有可用模型，等待模型训练完成...
2025-01-18 01:04:21,475 - 未有可用模型，等待模型训练完成...
2025-01-18 01:04:51,486 - 未有可用模型，等待模型训练完成...
2025-01-18 01:05:21,499 - 未有可用模型，等待模型训练完成...
2025-01-18 01:05:45,210 - 训练与评估完成
2025-01-18 01:05:45,246 - 保存预测结果完成
2025-01-18 01:05:45,564 - 可视化结果完成
2025-01-18 01:05:45,737 - 模型已成功保存到 D:\my-vue-project\wind-power-forecast\backend\auto_scripts\models\shortmodel\20250118，模型可用。
2025-01-18 01:05:51,514 - 未找到预测 CSV 文件，等待 30 秒后重试...
2025-01-18 01:06:21,516 - 未找到预测 CSV 文件，等待 30 秒后重试...
2025-01-18 01:06:51,522 - 未找到预测 CSV 文件，等待 30 秒后重试...
2025-01-18 01:07:21,530 - 未找到预测 CSV 文件，等待 30 秒后重试...
2025-01-18 01:07:51,535 - 未找到预测 CSV 文件，等待 30 秒后重试...
2025-01-18 01:08:21,538 - 未找到预测 CSV 文件，等待 30 秒后重试...
2025-01-18 01:08:51,552 - 未找到预测 CSV 文件，等待 30 秒后重试...
2025-01-18 01:09:21,555 - 未找到预测 CSV 文件，等待 30 秒后重试...
2025-01-18 01:09:51,569 - 未找到预测 CSV 文件，等待 30 秒后重试...
2025-01-18 01:10:21,572 - 未找到预测 CSV 文件，等待 30 秒后重试...
2025-01-18 01:10:51,580 - 未找到预测 CSV 文件，等待 30 秒后重试...
2025-01-18 01:11:21,593 - 未找到预测 CSV 文件，等待 30 秒后重试...
2025-01-18 01:11:51,602 - 未找到预测 CSV 文件，等待 30 秒后重试...
2025-01-18 01:12:21,612 - 未找到预测 CSV 文件，等待 30 秒后重试...
2025-01-18 01:12:51,614 - 未找到预测 CSV 文件，等待 30 秒后重试...
2025-01-18 01:13:21,618 - 未找到预测 CSV 文件，等待 30 秒后重试...
2025-01-18 01:13:51,634 - 未找到预测 CSV 文件，等待 30 秒后重试...
2025-01-18 01:14:21,637 - 未找到预测 CSV 文件，等待 30 秒后重试...
2025-01-18 01:14:51,653 - 未找到预测 CSV 文件，等待 30 秒后重试...
2025-01-18 01:15:21,658 - 未找到预测 CSV 文件，等待 30 秒后重试...
2025-01-18 01:15:51,666 - 未找到预测 CSV 文件，等待 30 秒后重试...
2025-01-18 01:16:21,669 - 未找到预测 CSV 文件，等待 30 秒后重试...
2025-01-18 01:16:51,682 - 未找到预测 CSV 文件，等待 30 秒后重试...
2025-01-18 01:17:21,687 - 未找到预测 CSV 文件，等待 30 秒后重试...
2025-01-18 01:17:51,692 - 未找到预测 CSV 文件，等待 30 秒后重试...
2025-01-18 01:18:21,705 - 未找到预测 CSV 文件，等待 30 秒后重试...
2025-01-18 01:18:51,709 - 未找到预测 CSV 文件，等待 30 秒后重试...
2025-01-18 01:19:23,094 - 未找到预测 CSV 文件，等待 30 秒后重试...
2025-01-18 01:19:53,104 - 未找到预测 CSV 文件，等待 30 秒后重试...
2025-01-18 01:20:23,113 - 未找到预测 CSV 文件，等待 30 秒后重试...
2025-01-18 01:20:53,119 - 未找到预测 CSV 文件，等待 30 秒后重试...
2025-01-18 01:21:23,125 - 未找到预测 CSV 文件，等待 30 秒后重试...
2025-01-18 01:21:53,127 - 未找到预测 CSV 文件，等待 30 秒后重试...
2025-01-18 01:22:23,136 - 未找到预测 CSV 文件，等待 30 秒后重试...
2025-01-18 01:22:53,143 - 未找到预测 CSV 文件，等待 30 秒后重试...
2025-01-18 01:23:23,151 - 未找到预测 CSV 文件，等待 30 秒后重试...
2025-01-18 01:23:53,157 - 未找到预测 CSV 文件，等待 30 秒后重试...
2025-01-18 01:24:23,172 - 未找到预测 CSV 文件，等待 30 秒后重试...
2025-01-18 01:24:53,185 - 未找到预测 CSV 文件，等待 30 秒后重试...
2025-01-18 01:25:23,196 - 未找到预测 CSV 文件，等待 30 秒后重试...
2025-01-18 01:25:53,200 - 未找到预测 CSV 文件，等待 30 秒后重试...
2025-01-18 01:26:23,216 - 未找到预测 CSV 文件，等待 30 秒后重试...
2025-01-18 01:26:53,218 - 未找到预测 CSV 文件，等待 30 秒后重试...
2025-01-18 01:27:23,232 - 未找到预测 CSV 文件，等待 30 秒后重试...
2025-01-18 01:27:53,245 - 未找到预测 CSV 文件，等待 30 秒后重试...
2025-01-18 01:28:23,247 - 未找到预测 CSV 文件，等待 30 秒后重试...
2025-01-18 01:28:53,256 - 未找到预测 CSV 文件，等待 30 秒后重试...
2025-01-18 01:29:23,265 - 未找到预测 CSV 文件，等待 30 秒后重试...
2025-01-18 01:29:53,280 - 未找到预测 CSV 文件，等待 30 秒后重试...
2025-01-18 01:30:23,292 - 未找到预测 CSV 文件，等待 30 秒后重试...
2025-01-18 01:30:53,302 - 未找到预测 CSV 文件，等待 30 秒后重试...
2025-01-18 01:31:23,315 - 未找到预测 CSV 文件，等待 30 秒后重试...
2025-01-18 01:31:53,321 - 未找到预测 CSV 文件，等待 30 秒后重试...
2025-01-18 01:32:23,327 - 未找到预测 CSV 文件，等待 30 秒后重试...
2025-01-18 01:32:53,339 - 未找到预测 CSV 文件，等待 30 秒后重试...
2025-01-18 01:33:23,343 - 未找到预测 CSV 文件，等待 30 秒后重试...
2025-01-18 01:33:53,355 - 未找到预测 CSV 文件，等待 30 秒后重试...
2025-01-18 01:34:23,364 - 未找到预测 CSV 文件，等待 30 秒后重试...
2025-01-18 01:34:53,373 - 未找到预测 CSV 文件，等待 30 秒后重试...
2025-01-18 01:35:23,381 - 未找到预测 CSV 文件，等待 30 秒后重试...
2025-01-18 01:35:53,387 - 未找到预测 CSV 文件，等待 30 秒后重试...
2025-01-18 01:36:23,395 - 未找到预测 CSV 文件，等待 30 秒后重试...
2025-01-18 01:36:53,405 - 未找到预测 CSV 文件，等待 30 秒后重试...
2025-01-18 01:37:23,421 - 未找到预测 CSV 文件，等待 30 秒后重试...
2025-01-18 01:37:53,427 - 未找到预测 CSV 文件，等待 30 秒后重试...
2025-01-18 01:38:23,430 - 未找到预测 CSV 文件，等待 30 秒后重试...
2025-01-18 01:38:53,436 - 未找到预测 CSV 文件，等待 30 秒后重试...
2025-01-18 01:39:23,448 - 未找到预测 CSV 文件，等待 30 秒后重试...
2025-01-18 01:39:53,450 - 未找到预测 CSV 文件，等待 30 秒后重试...
2025-01-18 01:40:23,452 - 未找到预测 CSV 文件，等待 30 秒后重试...
2025-01-18 01:40:53,465 - 未找到预测 CSV 文件，等待 30 秒后重试...
2025-01-18 01:41:23,466 - 未找到预测 CSV 文件，等待 30 秒后重试...
2025-01-18 01:41:53,473 - 未找到预测 CSV 文件，等待 30 秒后重试...
2025-01-18 01:42:23,487 - 未找到预测 CSV 文件，等待 30 秒后重试...
2025-01-18 01:42:53,493 - 未找到预测 CSV 文件，等待 30 秒后重试...
2025-01-18 01:43:23,504 - 未找到预测 CSV 文件，等待 30 秒后重试...
2025-01-18 01:43:53,507 - 未找到预测 CSV 文件，等待 30 秒后重试...
2025-01-18 01:44:23,520 - 未找到预测 CSV 文件，等待 30 秒后重试...
2025-01-18 01:44:53,526 - 未找到预测 CSV 文件，等待 30 秒后重试...
2025-01-18 01:45:23,538 - 未找到预测 CSV 文件，等待 30 秒后重试...
2025-01-18 01:45:53,549 - 未找到预测 CSV 文件，等待 30 秒后重试...
2025-01-18 01:46:23,558 - 未找到预测 CSV 文件，等待 30 秒后重试...
2025-01-18 01:46:53,572 - 未找到预测 CSV 文件，等待 30 秒后重试...
2025-01-18 01:47:23,582 - 未找到预测 CSV 文件，等待 30 秒后重试...
2025-01-18 01:47:53,597 - 未找到预测 CSV 文件，等待 30 秒后重试...
2025-01-18 01:48:23,612 - 未找到预测 CSV 文件，等待 30 秒后重试...
2025-01-18 01:48:53,616 - 未找到预测 CSV 文件，等待 30 秒后重试...
2025-01-18 01:49:23,625 - 未找到预测 CSV 文件，等待 30 秒后重试...
2025-01-18 01:49:53,630 - 未找到预测 CSV 文件，等待 30 秒后重试...
2025-01-18 01:50:23,636 - 未找到预测 CSV 文件，等待 30 秒后重试...
2025-01-18 01:50:53,644 - 未找到预测 CSV 文件，等待 30 秒后重试...
2025-01-18 01:51:23,654 - 未找到预测 CSV 文件，等待 30 秒后重试...
2025-01-18 01:51:53,666 - 未找到预测 CSV 文件，等待 30 秒后重试...
2025-01-18 01:52:23,682 - 未找到预测 CSV 文件，等待 30 秒后重试...
2025-01-18 01:52:53,687 - 未找到预测 CSV 文件，等待 30 秒后重试...
2025-01-18 01:53:23,694 - 未找到预测 CSV 文件，等待 30 秒后重试...
2025-01-18 01:53:53,702 - 未找到预测 CSV 文件，等待 30 秒后重试...
2025-01-18 01:54:23,710 - 未找到预测 CSV 文件，等待 30 秒后重试...
2025-01-18 01:54:53,724 - 未找到预测 CSV 文件，等待 30 秒后重试...
2025-01-18 01:55:23,733 - 未找到预测 CSV 文件，等待 30 秒后重试...
2025-01-18 01:55:53,743 - 未找到预测 CSV 文件，等待 30 秒后重试...
2025-01-18 01:56:23,749 - 未找到预测 CSV 文件，等待 30 秒后重试...
2025-01-18 01:56:53,755 - 未找到预测 CSV 文件，等待 30 秒后重试...
2025-01-18 01:57:23,758 - 未找到预测 CSV 文件，等待 30 秒后重试...
2025-01-18 01:57:53,767 - 未找到预测 CSV 文件，等待 30 秒后重试...
2025-01-18 01:58:23,770 - 未找到预测 CSV 文件，等待 30 秒后重试...
2025-01-18 01:58:53,786 - 未找到预测 CSV 文件，等待 30 秒后重试...
2025-01-18 01:59:23,801 - 未找到预测 CSV 文件，等待 30 秒后重试...
2025-01-18 01:59:53,814 - 未找到预测 CSV 文件，等待 30 秒后重试...
2025-01-18 02:00:23,816 - 未找到预测 CSV 文件，等待 30 秒后重试...
2025-01-18 02:00:53,826 - 未找到预测 CSV 文件，等待 30 秒后重试...
2025-01-18 02:01:23,835 - 未找到预测 CSV 文件，等待 30 秒后重试...
2025-01-18 02:01:53,850 - 未找到预测 CSV 文件，等待 30 秒后重试...
2025-01-18 02:02:23,852 - 未找到预测 CSV 文件，等待 30 秒后重试...
2025-01-18 02:02:53,855 - 未找到预测 CSV 文件，等待 30 秒后重试...
2025-01-18 02:03:23,867 - 未找到预测 CSV 文件，等待 30 秒后重试...
2025-01-18 02:03:53,876 - 未找到预测 CSV 文件，等待 30 秒后重试...
2025-01-18 02:04:23,877 - 未找到预测 CSV 文件，等待 30 秒后重试...
2025-01-18 02:04:53,887 - 未找到预测 CSV 文件，等待 30 秒后重试...
2025-01-18 02:05:23,897 - 未找到预测 CSV 文件，等待 30 秒后重试...
2025-01-18 02:05:53,905 - 未找到预测 CSV 文件，等待 30 秒后重试...
2025-01-18 02:06:23,908 - 未找到预测 CSV 文件，等待 30 秒后重试...
2025-01-18 02:06:53,923 - 未找到预测 CSV 文件，等待 30 秒后重试...
2025-01-18 02:07:23,926 - 未找到预测 CSV 文件，等待 30 秒后重试...
2025-01-18 02:07:53,935 - 未找到预测 CSV 文件，等待 30 秒后重试...
2025-01-18 02:08:23,944 - 未找到预测 CSV 文件，等待 30 秒后重试...
2025-01-18 02:08:53,960 - 未找到预测 CSV 文件，等待 30 秒后重试...
2025-01-18 02:09:23,965 - 未找到预测 CSV 文件，等待 30 秒后重试...
2025-01-18 02:09:53,975 - 未找到预测 CSV 文件，等待 30 秒后重试...
2025-01-18 02:10:23,985 - 未找到预测 CSV 文件，等待 30 秒后重试...
2025-01-18 02:10:53,992 - 未找到预测 CSV 文件，等待 30 秒后重试...
2025-01-18 02:11:24,008 - 未找到预测 CSV 文件，等待 30 秒后重试...
2025-01-18 02:11:54,015 - 未找到预测 CSV 文件，等待 30 秒后重试...
2025-01-18 02:12:24,020 - 未找到预测 CSV 文件，等待 30 秒后重试...
2025-01-18 02:12:54,033 - 未找到预测 CSV 文件，等待 30 秒后重试...
2025-01-18 02:13:24,047 - 未找到预测 CSV 文件，等待 30 秒后重试...
2025-01-18 02:13:54,059 - 未找到预测 CSV 文件，等待 30 秒后重试...
2025-01-18 02:14:24,075 - 未找到预测 CSV 文件，等待 30 秒后重试...
2025-01-18 02:14:54,081 - 未找到预测 CSV 文件，等待 30 秒后重试...
2025-01-18 02:15:24,093 - 未找到预测 CSV 文件，等待 30 秒后重试...
2025-01-18 02:15:54,109 - 未找到预测 CSV 文件，等待 30 秒后重试...
2025-01-18 02:16:24,120 - 未找到预测 CSV 文件，等待 30 秒后重试...
2025-01-18 02:16:54,134 - 未找到预测 CSV 文件，等待 30 秒后重试...
2025-01-18 02:17:24,148 - 未找到预测 CSV 文件，等待 30 秒后重试...
2025-01-18 02:17:54,156 - 未找到预测 CSV 文件，等待 30 秒后重试...
2025-01-18 02:18:24,168 - 未找到预测 CSV 文件，等待 30 秒后重试...
2025-01-18 02:18:54,174 - 未找到预测 CSV 文件，等待 30 秒后重试...
2025-01-18 02:19:24,186 - 未找到预测 CSV 文件，等待 30 秒后重试...
2025-01-18 02:19:54,198 - 未找到预测 CSV 文件，等待 30 秒后重试...
2025-01-18 02:20:24,208 - 未找到预测 CSV 文件，等待 30 秒后重试...
2025-01-18 02:20:54,222 - 未找到预测 CSV 文件，等待 30 秒后重试...
2025-01-18 02:21:24,234 - 未找到预测 CSV 文件，等待 30 秒后重试...
2025-01-18 02:21:54,245 - 未找到预测 CSV 文件，等待 30 秒后重试...
2025-01-18 02:22:24,253 - 未找到预测 CSV 文件，等待 30 秒后重试...
2025-01-18 02:22:54,259 - 未找到预测 CSV 文件，等待 30 秒后重试...
2025-01-18 02:23:24,278 - 未找到预测 CSV 文件，等待 30 秒后重试...
2025-01-18 02:23:54,288 - 未找到预测 CSV 文件，等待 30 秒后重试...
2025-01-18 02:24:24,292 - 未找到预测 CSV 文件，等待 30 秒后重试...
2025-01-18 02:24:54,295 - 未找到预测 CSV 文件，等待 30 秒后重试...
2025-01-18 02:25:24,305 - 未找到预测 CSV 文件，等待 30 秒后重试...
2025-01-18 02:25:54,308 - 未找到预测 CSV 文件，等待 30 秒后重试...
2025-01-18 02:26:24,315 - 未找到预测 CSV 文件，等待 30 秒后重试...
2025-01-18 02:26:54,327 - 未找到预测 CSV 文件，等待 30 秒后重试...
2025-01-18 02:27:24,343 - 未找到预测 CSV 文件，等待 30 秒后重试...
2025-01-18 02:27:54,346 - 未找到预测 CSV 文件，等待 30 秒后重试...
2025-01-18 02:28:24,353 - 未找到预测 CSV 文件，等待 30 秒后重试...
2025-01-18 02:28:54,364 - 未找到预测 CSV 文件，等待 30 秒后重试...
2025-01-18 02:29:24,370 - 未找到预测 CSV 文件，等待 30 秒后重试...
2025-01-18 02:29:54,377 - 未找到预测 CSV 文件，等待 30 秒后重试...
2025-01-18 02:30:24,387 - 未找到预测 CSV 文件，等待 30 秒后重试...
2025-01-18 02:30:54,393 - 未找到预测 CSV 文件，等待 30 秒后重试...
2025-01-18 02:31:24,396 - 未找到预测 CSV 文件，等待 30 秒后重试...
2025-01-18 02:31:54,400 - 未找到预测 CSV 文件，等待 30 秒后重试...
2025-01-18 02:32:24,406 - 未找到预测 CSV 文件，等待 30 秒后重试...
2025-01-18 02:32:54,418 - 未找到预测 CSV 文件，等待 30 秒后重试...
2025-01-18 02:33:24,426 - 未找到预测 CSV 文件，等待 30 秒后重试...
2025-01-18 02:33:54,437 - 未找到预测 CSV 文件，等待 30 秒后重试...
2025-01-18 02:34:24,441 - 未找到预测 CSV 文件，等待 30 秒后重试...
2025-01-18 02:34:54,454 - 未找到预测 CSV 文件，等待 30 秒后重试...
2025-01-18 02:35:24,468 - 未找到预测 CSV 文件，等待 30 秒后重试...
2025-01-18 02:35:54,469 - 未找到预测 CSV 文件，等待 30 秒后重试...
2025-01-18 02:36:24,485 - 未找到预测 CSV 文件，等待 30 秒后重试...
2025-01-18 02:36:54,495 - 未找到预测 CSV 文件，等待 30 秒后重试...
2025-01-18 02:37:24,510 - 未找到预测 CSV 文件，等待 30 秒后重试...
2025-01-18 02:37:54,516 - 未找到预测 CSV 文件，等待 30 秒后重试...
2025-01-18 02:38:24,525 - 未找到预测 CSV 文件，等待 30 秒后重试...
2025-01-18 02:38:54,530 - 未找到预测 CSV 文件，等待 30 秒后重试...
2025-01-18 02:39:24,542 - 未找到预测 CSV 文件，等待 30 秒后重试...
2025-01-18 02:39:54,553 - 未找到预测 CSV 文件，等待 30 秒后重试...
2025-01-18 02:40:24,571 - 未找到预测 CSV 文件，等待 30 秒后重试...
2025-01-18 02:40:54,575 - 未找到预测 CSV 文件，等待 30 秒后重试...
2025-01-18 02:41:24,586 - 未找到预测 CSV 文件，等待 30 秒后重试...
2025-01-18 02:41:54,602 - 未找到预测 CSV 文件，等待 30 秒后重试...
2025-01-18 02:42:24,616 - 未找到预测 CSV 文件，等待 30 秒后重试...
2025-01-18 02:42:54,627 - 未找到预测 CSV 文件，等待 30 秒后重试...
2025-01-18 02:43:24,643 - 未找到预测 CSV 文件，等待 30 秒后重试...
2025-01-18 02:43:54,651 - 未找到预测 CSV 文件，等待 30 秒后重试...
2025-01-18 02:44:24,657 - 未找到预测 CSV 文件，等待 30 秒后重试...
2025-01-18 02:44:54,662 - 未找到预测 CSV 文件，等待 30 秒后重试...
2025-01-18 02:45:24,668 - 未找到预测 CSV 文件，等待 30 秒后重试...
2025-01-18 02:45:54,685 - 未找到预测 CSV 文件，等待 30 秒后重试...
2025-01-18 02:46:24,693 - 未找到预测 CSV 文件，等待 30 秒后重试...
2025-01-18 02:46:54,704 - 未找到预测 CSV 文件，等待 30 秒后重试...
2025-01-18 02:47:24,719 - 未找到预测 CSV 文件，等待 30 秒后重试...
2025-01-18 02:47:54,733 - 未找到预测 CSV 文件，等待 30 秒后重试...
2025-01-18 02:48:24,735 - 未找到预测 CSV 文件，等待 30 秒后重试...
2025-01-18 02:48:54,748 - 未找到预测 CSV 文件，等待 30 秒后重试...
2025-01-18 02:49:24,749 - 未找到预测 CSV 文件，等待 30 秒后重试...
2025-01-18 02:49:54,755 - 未找到预测 CSV 文件，等待 30 秒后重试...
2025-01-18 02:50:24,764 - 未找到预测 CSV 文件，等待 30 秒后重试...
2025-01-18 02:50:54,775 - 未找到预测 CSV 文件，等待 30 秒后重试...
2025-01-18 02:51:24,779 - 未找到预测 CSV 文件，等待 30 秒后重试...
2025-01-18 02:51:54,787 - 未找到预测 CSV 文件，等待 30 秒后重试...
2025-01-18 02:52:24,803 - 未找到预测 CSV 文件，等待 30 秒后重试...
2025-01-18 02:52:54,812 - 未找到预测 CSV 文件，等待 30 秒后重试...
2025-01-18 02:53:24,820 - 未找到预测 CSV 文件，等待 30 秒后重试...
2025-01-18 02:53:54,823 - 未找到预测 CSV 文件，等待 30 秒后重试...
2025-01-18 02:54:24,835 - 未找到预测 CSV 文件，等待 30 秒后重试...
2025-01-18 02:54:54,851 - 未找到预测 CSV 文件，等待 30 秒后重试...
2025-01-18 02:55:24,867 - 未找到预测 CSV 文件，等待 30 秒后重试...
2025-01-18 02:55:54,871 - 未找到预测 CSV 文件，等待 30 秒后重试...
2025-01-18 02:56:24,886 - 未找到预测 CSV 文件，等待 30 秒后重试...
2025-01-18 02:56:54,896 - 未找到预测 CSV 文件，等待 30 秒后重试...
2025-01-18 02:57:24,905 - 未找到预测 CSV 文件，等待 30 秒后重试...
2025-01-18 02:57:54,910 - 未找到预测 CSV 文件，等待 30 秒后重试...
2025-01-18 02:58:24,920 - 未找到预测 CSV 文件，等待 30 秒后重试...
2025-01-18 02:58:54,937 - 未找到预测 CSV 文件，等待 30 秒后重试...
2025-01-18 02:59:24,946 - 未找到预测 CSV 文件，等待 30 秒后重试...
2025-01-18 02:59:54,954 - 未找到预测 CSV 文件，等待 30 秒后重试...
2025-01-18 03:00:24,957 - 未找到预测 CSV 文件，等待 30 秒后重试...
2025-01-18 03:00:54,965 - 未找到预测 CSV 文件，等待 30 秒后重试...
2025-01-18 03:01:24,972 - 未找到预测 CSV 文件，等待 30 秒后重试...
2025-01-18 03:01:54,985 - 未找到预测 CSV 文件，等待 30 秒后重试...
2025-01-18 03:02:25,001 - 未找到预测 CSV 文件，等待 30 秒后重试...
2025-01-18 03:02:55,016 - 未找到预测 CSV 文件，等待 30 秒后重试...
2025-01-18 03:03:25,030 - 未找到预测 CSV 文件，等待 30 秒后重试...
2025-01-18 03:03:55,031 - 未找到预测 CSV 文件，等待 30 秒后重试...
2025-01-18 03:04:25,036 - 未找到预测 CSV 文件，等待 30 秒后重试...
2025-01-18 03:04:55,049 - 未找到预测 CSV 文件，等待 30 秒后重试...
2025-01-18 03:05:25,051 - 未找到预测 CSV 文件，等待 30 秒后重试...
2025-01-18 03:05:55,065 - 未找到预测 CSV 文件，等待 30 秒后重试...
2025-01-18 03:06:25,068 - 未找到预测 CSV 文件，等待 30 秒后重试...
2025-01-18 03:06:55,081 - 未找到预测 CSV 文件，等待 30 秒后重试...
2025-01-18 03:07:25,094 - 未找到预测 CSV 文件，等待 30 秒后重试...
2025-01-18 03:07:55,108 - 未找到预测 CSV 文件，等待 30 秒后重试...
2025-01-18 03:08:25,113 - 未找到预测 CSV 文件，等待 30 秒后重试...
2025-01-18 03:08:55,118 - 未找到预测 CSV 文件，等待 30 秒后重试...
2025-01-18 03:09:25,134 - 未找到预测 CSV 文件，等待 30 秒后重试...
2025-01-18 03:09:55,139 - 未找到预测 CSV 文件，等待 30 秒后重试...
2025-01-18 03:10:25,142 - 未找到预测 CSV 文件，等待 30 秒后重试...
2025-01-18 03:10:55,143 - 未找到预测 CSV 文件，等待 30 秒后重试...
2025-01-18 03:11:25,146 - 未找到预测 CSV 文件，等待 30 秒后重试...
2025-01-18 03:11:55,157 - 未找到预测 CSV 文件，等待 30 秒后重试...
2025-01-18 03:12:25,164 - 未找到预测 CSV 文件，等待 30 秒后重试...
2025-01-18 03:12:55,172 - 未找到预测 CSV 文件，等待 30 秒后重试...
2025-01-18 03:13:25,175 - 未找到预测 CSV 文件，等待 30 秒后重试...
2025-01-18 03:13:55,178 - 未找到预测 CSV 文件，等待 30 秒后重试...
2025-01-18 03:14:25,191 - 未找到预测 CSV 文件，等待 30 秒后重试...
2025-01-18 03:14:55,197 - 未找到预测 CSV 文件，等待 30 秒后重试...
2025-01-18 03:15:25,200 - 未找到预测 CSV 文件，等待 30 秒后重试...
2025-01-18 03:15:55,213 - 未找到预测 CSV 文件，等待 30 秒后重试...
2025-01-18 03:16:25,228 - 未找到预测 CSV 文件，等待 30 秒后重试...
2025-01-18 03:16:55,242 - 未找到预测 CSV 文件，等待 30 秒后重试...
2025-01-18 03:17:25,249 - 未找到预测 CSV 文件，等待 30 秒后重试...
2025-01-18 03:17:55,257 - 未找到预测 CSV 文件，等待 30 秒后重试...
2025-01-18 03:18:25,271 - 未找到预测 CSV 文件，等待 30 秒后重试...
2025-01-18 03:18:55,287 - 未找到预测 CSV 文件，等待 30 秒后重试...
2025-01-18 03:19:25,295 - 未找到预测 CSV 文件，等待 30 秒后重试...
2025-01-18 03:19:55,310 - 未找到预测 CSV 文件，等待 30 秒后重试...
2025-01-18 03:20:25,317 - 未找到预测 CSV 文件，等待 30 秒后重试...
2025-01-18 03:20:55,331 - 未找到预测 CSV 文件，等待 30 秒后重试...
2025-01-18 03:21:25,332 - 未找到预测 CSV 文件，等待 30 秒后重试...
2025-01-18 03:21:55,339 - 未找到预测 CSV 文件，等待 30 秒后重试...
2025-01-18 03:22:25,351 - 未找到预测 CSV 文件，等待 30 秒后重试...
2025-01-18 03:22:55,360 - 未找到预测 CSV 文件，等待 30 秒后重试...
2025-01-18 03:23:25,366 - 未找到预测 CSV 文件，等待 30 秒后重试...
2025-01-18 03:23:55,369 - 未找到预测 CSV 文件，等待 30 秒后重试...
2025-01-18 03:24:25,384 - 未找到预测 CSV 文件，等待 30 秒后重试...
2025-01-18 03:24:55,390 - 未找到预测 CSV 文件，等待 30 秒后重试...
2025-01-18 03:25:25,399 - 未找到预测 CSV 文件，等待 30 秒后重试...
2025-01-18 03:25:55,414 - 未找到预测 CSV 文件，等待 30 秒后重试...
2025-01-18 03:26:25,428 - 未找到预测 CSV 文件，等待 30 秒后重试...
2025-01-18 03:26:55,441 - 未找到预测 CSV 文件，等待 30 秒后重试...
2025-01-18 03:27:25,450 - 未找到预测 CSV 文件，等待 30 秒后重试...
2025-01-18 03:27:55,459 - 未找到预测 CSV 文件，等待 30 秒后重试...
2025-01-18 03:28:25,475 - 未找到预测 CSV 文件，等待 30 秒后重试...
2025-01-18 03:28:55,484 - 未找到预测 CSV 文件，等待 30 秒后重试...
2025-01-18 03:29:25,497 - 未找到预测 CSV 文件，等待 30 秒后重试...
2025-01-18 03:29:55,505 - 未找到预测 CSV 文件，等待 30 秒后重试...
2025-01-18 03:30:25,517 - 未找到预测 CSV 文件，等待 30 秒后重试...
2025-01-18 03:30:55,521 - 未找到预测 CSV 文件，等待 30 秒后重试...
2025-01-18 03:31:25,535 - 未找到预测 CSV 文件，等待 30 秒后重试...
2025-01-18 03:31:55,539 - 未找到预测 CSV 文件，等待 30 秒后重试...
2025-01-18 03:32:25,555 - 未找到预测 CSV 文件，等待 30 秒后重试...
2025-01-18 03:32:55,568 - 未找到预测 CSV 文件，等待 30 秒后重试...
2025-01-18 03:33:25,571 - 未找到预测 CSV 文件，等待 30 秒后重试...
2025-01-18 03:33:55,572 - 未找到预测 CSV 文件，等待 30 秒后重试...
2025-01-18 03:34:25,586 - 未找到预测 CSV 文件，等待 30 秒后重试...
2025-01-18 03:34:55,593 - 未找到预测 CSV 文件，等待 30 秒后重试...
2025-01-18 03:35:25,605 - 未找到预测 CSV 文件，等待 30 秒后重试...
2025-01-18 03:35:55,609 - 未找到预测 CSV 文件，等待 30 秒后重试...
2025-01-18 03:36:25,612 - 未找到预测 CSV 文件，等待 30 秒后重试...
2025-01-18 03:36:55,624 - 未找到预测 CSV 文件，等待 30 秒后重试...
2025-01-18 03:37:25,630 - 未找到预测 CSV 文件，等待 30 秒后重试...
2025-01-18 03:37:55,640 - 未找到预测 CSV 文件，等待 30 秒后重试...
2025-01-18 03:38:25,644 - 未找到预测 CSV 文件，等待 30 秒后重试...
2025-01-18 03:38:55,650 - 未找到预测 CSV 文件，等待 30 秒后重试...
2025-01-18 03:39:25,660 - 未找到预测 CSV 文件，等待 30 秒后重试...
2025-01-18 03:39:55,671 - 未找到预测 CSV 文件，等待 30 秒后重试...
2025-01-18 03:40:25,680 - 未找到预测 CSV 文件，等待 30 秒后重试...
2025-01-18 03:40:55,697 - 未找到预测 CSV 文件，等待 30 秒后重试...
2025-01-18 03:41:25,714 - 未找到预测 CSV 文件，等待 30 秒后重试...
2025-01-18 03:41:55,718 - 未找到预测 CSV 文件，等待 30 秒后重试...
2025-01-18 03:42:25,721 - 未找到预测 CSV 文件，等待 30 秒后重试...
2025-01-18 03:42:55,733 - 未找到预测 CSV 文件，等待 30 秒后重试...
2025-01-18 03:43:25,742 - 未找到预测 CSV 文件，等待 30 秒后重试...
2025-01-18 03:43:55,757 - 未找到预测 CSV 文件，等待 30 秒后重试...
2025-01-18 03:44:25,762 - 未找到预测 CSV 文件，等待 30 秒后重试...
2025-01-18 03:44:55,772 - 未找到预测 CSV 文件，等待 30 秒后重试...
2025-01-18 03:45:25,789 - 未找到预测 CSV 文件，等待 30 秒后重试...
2025-01-18 03:45:55,791 - 未找到预测 CSV 文件，等待 30 秒后重试...
2025-01-18 03:46:25,799 - 未找到预测 CSV 文件，等待 30 秒后重试...
2025-01-18 03:46:55,803 - 未找到预测 CSV 文件，等待 30 秒后重试...
2025-01-18 03:47:25,806 - 未找到预测 CSV 文件，等待 30 秒后重试...
2025-01-18 03:47:55,821 - 未找到预测 CSV 文件，等待 30 秒后重试...
2025-01-18 03:48:25,831 - 未找到预测 CSV 文件，等待 30 秒后重试...
2025-01-18 03:48:55,847 - 未找到预测 CSV 文件，等待 30 秒后重试...
2025-01-18 03:49:25,851 - 未找到预测 CSV 文件，等待 30 秒后重试...
2025-01-18 03:49:55,864 - 未找到预测 CSV 文件，等待 30 秒后重试...
2025-01-18 03:50:25,879 - 未找到预测 CSV 文件，等待 30 秒后重试...
2025-01-18 03:50:55,885 - 未找到预测 CSV 文件，等待 30 秒后重试...
2025-01-18 03:51:25,892 - 未找到预测 CSV 文件，等待 30 秒后重试...
2025-01-18 03:51:55,902 - 未找到预测 CSV 文件，等待 30 秒后重试...
2025-01-18 03:52:25,904 - 未找到预测 CSV 文件，等待 30 秒后重试...
2025-01-18 03:52:55,913 - 未找到预测 CSV 文件，等待 30 秒后重试...
2025-01-18 03:53:25,918 - 未找到预测 CSV 文件，等待 30 秒后重试...
2025-01-18 03:53:55,933 - 未找到预测 CSV 文件，等待 30 秒后重试...
2025-01-18 03:54:25,947 - 未找到预测 CSV 文件，等待 30 秒后重试...
2025-01-18 03:54:55,952 - 未找到预测 CSV 文件，等待 30 秒后重试...
2025-01-18 03:55:25,960 - 未找到预测 CSV 文件，等待 30 秒后重试...
2025-01-18 03:55:55,964 - 未找到预测 CSV 文件，等待 30 秒后重试...
2025-01-18 03:56:25,976 - 未找到预测 CSV 文件，等待 30 秒后重试...
2025-01-18 03:56:55,983 - 未找到预测 CSV 文件，等待 30 秒后重试...
2025-01-18 03:57:25,996 - 未找到预测 CSV 文件，等待 30 秒后重试...
2025-01-18 03:57:56,005 - 未找到预测 CSV 文件，等待 30 秒后重试...
2025-01-18 03:58:26,017 - 未找到预测 CSV 文件，等待 30 秒后重试...
2025-01-18 03:58:56,031 - 未找到预测 CSV 文件，等待 30 秒后重试...
2025-01-18 03:59:26,037 - 未找到预测 CSV 文件，等待 30 秒后重试...
2025-01-18 03:59:56,040 - 未找到预测 CSV 文件，等待 30 秒后重试...
2025-01-18 04:00:26,054 - 未找到预测 CSV 文件，等待 30 秒后重试...
2025-01-18 04:00:56,062 - 未找到预测 CSV 文件，等待 30 秒后重试...
2025-01-18 04:01:26,070 - 未找到预测 CSV 文件，等待 30 秒后重试...
2025-01-18 04:01:56,080 - 未找到预测 CSV 文件，等待 30 秒后重试...
2025-01-18 04:02:26,085 - 未找到预测 CSV 文件，等待 30 秒后重试...
2025-01-18 04:02:56,089 - 未找到预测 CSV 文件，等待 30 秒后重试...
2025-01-18 04:03:26,096 - 未找到预测 CSV 文件，等待 30 秒后重试...
2025-01-18 04:03:56,112 - 未找到预测 CSV 文件，等待 30 秒后重试...
2025-01-18 04:04:26,115 - 未找到预测 CSV 文件，等待 30 秒后重试...
2025-01-18 04:04:56,130 - 未找到预测 CSV 文件，等待 30 秒后重试...
2025-01-18 04:05:26,136 - 未找到预测 CSV 文件，等待 30 秒后重试...
2025-01-18 04:05:56,149 - 未找到预测 CSV 文件，等待 30 秒后重试...
2025-01-18 04:06:26,157 - 未找到预测 CSV 文件，等待 30 秒后重试...
2025-01-18 04:06:56,169 - 未找到预测 CSV 文件，等待 30 秒后重试...
2025-01-18 04:07:26,176 - 未找到预测 CSV 文件，等待 30 秒后重试...
2025-01-18 04:07:56,187 - 未找到预测 CSV 文件，等待 30 秒后重试...
2025-01-18 04:08:26,201 - 未找到预测 CSV 文件，等待 30 秒后重试...
2025-01-18 04:08:56,210 - 未找到预测 CSV 文件，等待 30 秒后重试...
2025-01-18 04:09:26,221 - 未找到预测 CSV 文件，等待 30 秒后重试...
2025-01-18 04:09:56,229 - 未找到预测 CSV 文件，等待 30 秒后重试...
2025-01-18 04:10:26,238 - 未找到预测 CSV 文件，等待 30 秒后重试...
2025-01-18 04:10:56,253 - 未找到预测 CSV 文件，等待 30 秒后重试...
2025-01-18 04:11:26,266 - 未找到预测 CSV 文件，等待 30 秒后重试...
2025-01-18 04:11:56,275 - 未找到预测 CSV 文件，等待 30 秒后重试...
2025-01-18 04:12:26,289 - 未找到预测 CSV 文件，等待 30 秒后重试...
2025-01-18 04:12:56,303 - 未找到预测 CSV 文件，等待 30 秒后重试...
2025-01-18 04:13:26,315 - 未找到预测 CSV 文件，等待 30 秒后重试...
2025-01-18 04:13:56,330 - 未找到预测 CSV 文件，等待 30 秒后重试...
2025-01-18 04:14:26,335 - 未找到预测 CSV 文件，等待 30 秒后重试...
2025-01-18 04:14:56,338 - 未找到预测 CSV 文件，等待 30 秒后重试...
2025-01-18 04:15:26,350 - 未找到预测 CSV 文件，等待 30 秒后重试...
2025-01-18 04:15:56,354 - 未找到预测 CSV 文件，等待 30 秒后重试...
2025-01-18 04:16:26,355 - 未找到预测 CSV 文件，等待 30 秒后重试...
2025-01-18 04:16:56,365 - 未找到预测 CSV 文件，等待 30 秒后重试...
2025-01-18 04:17:26,379 - 未找到预测 CSV 文件，等待 30 秒后重试...
2025-01-18 04:17:56,385 - 未找到预测 CSV 文件，等待 30 秒后重试...
2025-01-18 04:18:26,390 - 未找到预测 CSV 文件，等待 30 秒后重试...
2025-01-18 04:18:56,401 - 未找到预测 CSV 文件，等待 30 秒后重试...
2025-01-18 04:19:26,415 - 未找到预测 CSV 文件，等待 30 秒后重试...
2025-01-18 04:19:56,422 - 未找到预测 CSV 文件，等待 30 秒后重试...
2025-01-18 04:20:26,432 - 未找到预测 CSV 文件，等待 30 秒后重试...
2025-01-18 04:20:56,436 - 未找到预测 CSV 文件，等待 30 秒后重试...
2025-01-18 04:21:26,444 - 未找到预测 CSV 文件，等待 30 秒后重试...
2025-01-18 04:21:56,454 - 未找到预测 CSV 文件，等待 30 秒后重试...
2025-01-18 04:22:26,460 - 未找到预测 CSV 文件，等待 30 秒后重试...
2025-01-18 04:22:56,460 - 未找到预测 CSV 文件，等待 30 秒后重试...
2025-01-18 04:23:26,465 - 未找到预测 CSV 文件，等待 30 秒后重试...
2025-01-18 04:23:56,476 - 未找到预测 CSV 文件，等待 30 秒后重试...
2025-01-18 04:24:26,479 - 未找到预测 CSV 文件，等待 30 秒后重试...
2025-01-18 04:24:56,485 - 未找到预测 CSV 文件，等待 30 秒后重试...
2025-01-18 04:25:26,503 - 未找到预测 CSV 文件，等待 30 秒后重试...
2025-01-18 04:25:56,507 - 未找到预测 CSV 文件，等待 30 秒后重试...
2025-01-18 04:26:26,509 - 未找到预测 CSV 文件，等待 30 秒后重试...
2025-01-18 04:26:56,518 - 未找到预测 CSV 文件，等待 30 秒后重试...
2025-01-18 04:27:26,524 - 未找到预测 CSV 文件，等待 30 秒后重试...
2025-01-18 04:27:56,532 - 未找到预测 CSV 文件，等待 30 秒后重试...
2025-01-18 04:28:26,550 - 未找到预测 CSV 文件，等待 30 秒后重试...
2025-01-18 04:28:56,555 - 未找到预测 CSV 文件，等待 30 秒后重试...
2025-01-18 04:29:26,561 - 未找到预测 CSV 文件，等待 30 秒后重试...
2025-01-18 04:29:56,566 - 未找到预测 CSV 文件，等待 30 秒后重试...
2025-01-18 04:30:26,572 - 未找到预测 CSV 文件，等待 30 秒后重试...
2025-01-18 04:30:56,581 - 未找到预测 CSV 文件，等待 30 秒后重试...
2025-01-18 04:31:26,590 - 未找到预测 CSV 文件，等待 30 秒后重试...
2025-01-18 04:31:56,607 - 未找到预测 CSV 文件，等待 30 秒后重试...
2025-01-18 04:32:26,623 - 未找到预测 CSV 文件，等待 30 秒后重试...
2025-01-18 04:32:56,640 - 未找到预测 CSV 文件，等待 30 秒后重试...
2025-01-18 04:33:26,654 - 未找到预测 CSV 文件，等待 30 秒后重试...
2025-01-18 04:33:56,668 - 未找到预测 CSV 文件，等待 30 秒后重试...
2025-01-18 04:34:26,682 - 未找到预测 CSV 文件，等待 30 秒后重试...
2025-01-18 04:34:56,689 - 未找到预测 CSV 文件，等待 30 秒后重试...
2025-01-18 04:35:26,692 - 未找到预测 CSV 文件，等待 30 秒后重试...
2025-01-18 04:35:56,695 - 未找到预测 CSV 文件，等待 30 秒后重试...
2025-01-18 04:36:26,701 - 未找到预测 CSV 文件，等待 30 秒后重试...
2025-01-18 04:36:56,710 - 未找到预测 CSV 文件，等待 30 秒后重试...
2025-01-18 04:37:26,715 - 未找到预测 CSV 文件，等待 30 秒后重试...
2025-01-18 04:37:56,718 - 未找到预测 CSV 文件，等待 30 秒后重试...
2025-01-18 04:38:26,731 - 未找到预测 CSV 文件，等待 30 秒后重试...
2025-01-18 04:38:56,743 - 未找到预测 CSV 文件，等待 30 秒后重试...
2025-01-18 04:39:26,755 - 未找到预测 CSV 文件，等待 30 秒后重试...
2025-01-18 04:39:56,770 - 未找到预测 CSV 文件，等待 30 秒后重试...
2025-01-18 04:40:26,785 - 未找到预测 CSV 文件，等待 30 秒后重试...
2025-01-18 04:40:56,790 - 未找到预测 CSV 文件，等待 30 秒后重试...
2025-01-18 04:41:26,802 - 未找到预测 CSV 文件，等待 30 秒后重试...
2025-01-18 04:41:56,818 - 未找到预测 CSV 文件，等待 30 秒后重试...
2025-01-18 04:42:26,824 - 未找到预测 CSV 文件，等待 30 秒后重试...
2025-01-18 04:42:56,836 - 未找到预测 CSV 文件，等待 30 秒后重试...
2025-01-18 04:43:26,844 - 未找到预测 CSV 文件，等待 30 秒后重试...
2025-01-18 04:43:56,861 - 未找到预测 CSV 文件，等待 30 秒后重试...
2025-01-18 04:44:26,869 - 未找到预测 CSV 文件，等待 30 秒后重试...
2025-01-18 04:44:56,873 - 未找到预测 CSV 文件，等待 30 秒后重试...
2025-01-18 04:45:26,877 - 未找到预测 CSV 文件，等待 30 秒后重试...
2025-01-18 04:45:56,883 - 未找到预测 CSV 文件，等待 30 秒后重试...
2025-01-18 04:46:26,887 - 未找到预测 CSV 文件，等待 30 秒后重试...
2025-01-18 04:46:56,903 - 未找到预测 CSV 文件，等待 30 秒后重试...
2025-01-18 04:47:26,916 - 未找到预测 CSV 文件，等待 30 秒后重试...
2025-01-18 04:47:56,928 - 未找到预测 CSV 文件，等待 30 秒后重试...
2025-01-18 04:48:26,941 - 未找到预测 CSV 文件，等待 30 秒后重试...
2025-01-18 04:48:56,942 - 未找到预测 CSV 文件，等待 30 秒后重试...
2025-01-18 04:49:26,959 - 未找到预测 CSV 文件，等待 30 秒后重试...
2025-01-18 04:49:56,975 - 未找到预测 CSV 文件，等待 30 秒后重试...
2025-01-18 04:50:26,992 - 未找到预测 CSV 文件，等待 30 秒后重试...
2025-01-18 04:50:57,008 - 未找到预测 CSV 文件，等待 30 秒后重试...
2025-01-18 04:51:27,012 - 未找到预测 CSV 文件，等待 30 秒后重试...
2025-01-18 04:51:57,022 - 未找到预测 CSV 文件，等待 30 秒后重试...
2025-01-18 04:52:27,038 - 未找到预测 CSV 文件，等待 30 秒后重试...
2025-01-18 04:52:57,054 - 未找到预测 CSV 文件，等待 30 秒后重试...
2025-01-18 04:53:27,062 - 未找到预测 CSV 文件，等待 30 秒后重试...
2025-01-18 04:53:57,070 - 未找到预测 CSV 文件，等待 30 秒后重试...
2025-01-18 04:54:27,083 - 未找到预测 CSV 文件，等待 30 秒后重试...
2025-01-18 04:54:57,086 - 未找到预测 CSV 文件，等待 30 秒后重试...
2025-01-18 04:55:27,090 - 未找到预测 CSV 文件，等待 30 秒后重试...
2025-01-18 04:55:57,105 - 未找到预测 CSV 文件，等待 30 秒后重试...
2025-01-18 04:56:27,115 - 未找到预测 CSV 文件，等待 30 秒后重试...
2025-01-18 04:56:57,125 - 未找到预测 CSV 文件，等待 30 秒后重试...
2025-01-18 04:57:27,137 - 未找到预测 CSV 文件，等待 30 秒后重试...
2025-01-18 04:57:57,141 - 未找到预测 CSV 文件，等待 30 秒后重试...
2025-01-18 04:58:27,147 - 未找到预测 CSV 文件，等待 30 秒后重试...
2025-01-18 04:58:57,159 - 未找到预测 CSV 文件，等待 30 秒后重试...
2025-01-18 04:59:27,176 - 未找到预测 CSV 文件，等待 30 秒后重试...
2025-01-18 04:59:57,181 - 未找到预测 CSV 文件，等待 30 秒后重试...
2025-01-18 05:00:27,183 - 未找到预测 CSV 文件，等待 30 秒后重试...
2025-01-18 05:00:57,186 - 未找到预测 CSV 文件，等待 30 秒后重试...
2025-01-18 05:01:27,195 - 未找到预测 CSV 文件，等待 30 秒后重试...
2025-01-18 05:01:57,212 - 未找到预测 CSV 文件，等待 30 秒后重试...
2025-01-18 05:02:27,213 - 未找到预测 CSV 文件，等待 30 秒后重试...
2025-01-18 05:02:57,217 - 未找到预测 CSV 文件，等待 30 秒后重试...
2025-01-18 05:03:27,232 - 未找到预测 CSV 文件，等待 30 秒后重试...
2025-01-18 05:03:57,249 - 未找到预测 CSV 文件，等待 30 秒后重试...
2025-01-18 05:04:27,251 - 未找到预测 CSV 文件，等待 30 秒后重试...
2025-01-18 05:04:57,255 - 未找到预测 CSV 文件，等待 30 秒后重试...
2025-01-18 05:05:27,266 - 未找到预测 CSV 文件，等待 30 秒后重试...
2025-01-18 05:05:57,270 - 未找到预测 CSV 文件，等待 30 秒后重试...
2025-01-18 05:06:27,279 - 未找到预测 CSV 文件，等待 30 秒后重试...
2025-01-18 05:06:57,289 - 未找到预测 CSV 文件，等待 30 秒后重试...
2025-01-18 05:07:27,303 - 未找到预测 CSV 文件，等待 30 秒后重试...
2025-01-18 05:07:57,317 - 未找到预测 CSV 文件，等待 30 秒后重试...
2025-01-18 05:08:27,326 - 未找到预测 CSV 文件，等待 30 秒后重试...
2025-01-18 05:08:57,334 - 未找到预测 CSV 文件，等待 30 秒后重试...
2025-01-18 05:09:27,342 - 未找到预测 CSV 文件，等待 30 秒后重试...
2025-01-18 05:09:57,357 - 未找到预测 CSV 文件，等待 30 秒后重试...
2025-01-18 05:10:27,367 - 未找到预测 CSV 文件，等待 30 秒后重试...
2025-01-18 05:10:57,372 - 未找到预测 CSV 文件，等待 30 秒后重试...
2025-01-18 05:11:27,373 - 未找到预测 CSV 文件，等待 30 秒后重试...
2025-01-18 05:11:57,376 - 未找到预测 CSV 文件，等待 30 秒后重试...
2025-01-18 05:12:27,393 - 未找到预测 CSV 文件，等待 30 秒后重试...
2025-01-18 05:12:57,408 - 未找到预测 CSV 文件，等待 30 秒后重试...
2025-01-18 05:13:27,421 - 未找到预测 CSV 文件，等待 30 秒后重试...
2025-01-18 05:13:57,437 - 未找到预测 CSV 文件，等待 30 秒后重试...
2025-01-18 05:14:27,453 - 未找到预测 CSV 文件，等待 30 秒后重试...
2025-01-18 05:14:57,468 - 未找到预测 CSV 文件，等待 30 秒后重试...
2025-01-18 05:15:27,471 - 未找到预测 CSV 文件，等待 30 秒后重试...
2025-01-18 05:15:57,481 - 未找到预测 CSV 文件，等待 30 秒后重试...
2025-01-18 05:16:27,489 - 未找到预测 CSV 文件，等待 30 秒后重试...
2025-01-18 05:16:57,495 - 未找到预测 CSV 文件，等待 30 秒后重试...
2025-01-18 05:17:27,512 - 未找到预测 CSV 文件，等待 30 秒后重试...
2025-01-18 05:17:57,519 - 未找到预测 CSV 文件，等待 30 秒后重试...
2025-01-18 05:18:27,530 - 未找到预测 CSV 文件，等待 30 秒后重试...
2025-01-18 05:18:57,533 - 未找到预测 CSV 文件，等待 30 秒后重试...
2025-01-18 05:19:27,544 - 未找到预测 CSV 文件，等待 30 秒后重试...
2025-01-18 05:19:57,546 - 未找到预测 CSV 文件，等待 30 秒后重试...
2025-01-18 05:20:27,550 - 未找到预测 CSV 文件，等待 30 秒后重试...
2025-01-18 05:20:57,565 - 未找到预测 CSV 文件，等待 30 秒后重试...
2025-01-18 05:21:27,581 - 未找到预测 CSV 文件，等待 30 秒后重试...
2025-01-18 05:21:57,588 - 未找到预测 CSV 文件，等待 30 秒后重试...
2025-01-18 05:22:27,596 - 未找到预测 CSV 文件，等待 30 秒后重试...
2025-01-18 05:22:57,606 - 未找到预测 CSV 文件，等待 30 秒后重试...
2025-01-18 05:23:27,615 - 未找到预测 CSV 文件，等待 30 秒后重试...
2025-01-18 05:23:57,629 - 未找到预测 CSV 文件，等待 30 秒后重试...
2025-01-18 05:24:27,631 - 未找到预测 CSV 文件，等待 30 秒后重试...
2025-01-18 05:24:57,640 - 未找到预测 CSV 文件，等待 30 秒后重试...
2025-01-18 05:25:27,651 - 未找到预测 CSV 文件，等待 30 秒后重试...
2025-01-18 05:25:57,656 - 未找到预测 CSV 文件，等待 30 秒后重试...
2025-01-18 05:26:27,660 - 未找到预测 CSV 文件，等待 30 秒后重试...
2025-01-18 05:26:57,670 - 未找到预测 CSV 文件，等待 30 秒后重试...
2025-01-18 05:27:27,676 - 未找到预测 CSV 文件，等待 30 秒后重试...
2025-01-18 05:27:57,690 - 未找到预测 CSV 文件，等待 30 秒后重试...
2025-01-18 05:28:27,696 - 未找到预测 CSV 文件，等待 30 秒后重试...
2025-01-18 05:28:57,700 - 未找到预测 CSV 文件，等待 30 秒后重试...
2025-01-18 05:29:27,717 - 未找到预测 CSV 文件，等待 30 秒后重试...
2025-01-18 05:29:57,728 - 未找到预测 CSV 文件，等待 30 秒后重试...
2025-01-18 05:30:27,744 - 未找到预测 CSV 文件，等待 30 秒后重试...
2025-01-18 05:30:57,757 - 未找到预测 CSV 文件，等待 30 秒后重试...
2025-01-18 05:31:27,768 - 未找到预测 CSV 文件，等待 30 秒后重试...
2025-01-18 05:31:57,775 - 未找到预测 CSV 文件，等待 30 秒后重试...
2025-01-18 05:32:27,789 - 未找到预测 CSV 文件，等待 30 秒后重试...
2025-01-18 05:32:57,794 - 未找到预测 CSV 文件，等待 30 秒后重试...
2025-01-18 05:33:27,800 - 未找到预测 CSV 文件，等待 30 秒后重试...
2025-01-18 05:33:57,812 - 未找到预测 CSV 文件，等待 30 秒后重试...
2025-01-18 05:34:27,816 - 未找到预测 CSV 文件，等待 30 秒后重试...
2025-01-18 05:34:57,818 - 未找到预测 CSV 文件，等待 30 秒后重试...
2025-01-18 05:35:27,823 - 未找到预测 CSV 文件，等待 30 秒后重试...
2025-01-18 05:35:57,826 - 未找到预测 CSV 文件，等待 30 秒后重试...
2025-01-18 05:36:27,834 - 未找到预测 CSV 文件，等待 30 秒后重试...
2025-01-18 05:36:57,850 - 未找到预测 CSV 文件，等待 30 秒后重试...
2025-01-18 05:37:27,858 - 未找到预测 CSV 文件，等待 30 秒后重试...
2025-01-18 05:37:57,872 - 未找到预测 CSV 文件，等待 30 秒后重试...
2025-01-18 05:38:27,876 - 未找到预测 CSV 文件，等待 30 秒后重试...
2025-01-18 05:38:57,879 - 未找到预测 CSV 文件，等待 30 秒后重试...
2025-01-18 05:39:27,881 - 未找到预测 CSV 文件，等待 30 秒后重试...
2025-01-18 05:39:57,883 - 未找到预测 CSV 文件，等待 30 秒后重试...
2025-01-18 05:40:27,894 - 未找到预测 CSV 文件，等待 30 秒后重试...
2025-01-18 05:40:57,896 - 未找到预测 CSV 文件，等待 30 秒后重试...
2025-01-18 05:41:27,908 - 未找到预测 CSV 文件，等待 30 秒后重试...
2025-01-18 05:41:57,910 - 未找到预测 CSV 文件，等待 30 秒后重试...
2025-01-18 05:42:27,920 - 未找到预测 CSV 文件，等待 30 秒后重试...
2025-01-18 05:42:57,927 - 未找到预测 CSV 文件，等待 30 秒后重试...
2025-01-18 05:43:27,939 - 未找到预测 CSV 文件，等待 30 秒后重试...
2025-01-18 05:43:57,953 - 未找到预测 CSV 文件，等待 30 秒后重试...
2025-01-18 05:44:27,961 - 未找到预测 CSV 文件，等待 30 秒后重试...
2025-01-18 05:44:57,973 - 未找到预测 CSV 文件，等待 30 秒后重试...
2025-01-18 05:45:27,975 - 未找到预测 CSV 文件，等待 30 秒后重试...
2025-01-18 05:45:57,990 - 未找到预测 CSV 文件，等待 30 秒后重试...
2025-01-18 05:46:27,999 - 未找到预测 CSV 文件，等待 30 秒后重试...
2025-01-18 05:46:58,014 - 未找到预测 CSV 文件，等待 30 秒后重试...
2025-01-18 05:47:28,016 - 未找到预测 CSV 文件，等待 30 秒后重试...
2025-01-18 05:47:58,029 - 未找到预测 CSV 文件，等待 30 秒后重试...
2025-01-18 05:48:28,033 - 未找到预测 CSV 文件，等待 30 秒后重试...
2025-01-18 05:48:58,043 - 未找到预测 CSV 文件，等待 30 秒后重试...
2025-01-18 05:49:28,045 - 未找到预测 CSV 文件，等待 30 秒后重试...
2025-01-18 05:49:58,053 - 未找到预测 CSV 文件，等待 30 秒后重试...
2025-01-18 05:50:28,069 - 未找到预测 CSV 文件，等待 30 秒后重试...
2025-01-18 05:50:58,078 - 未找到预测 CSV 文件，等待 30 秒后重试...
2025-01-18 05:51:28,088 - 未找到预测 CSV 文件，等待 30 秒后重试...
2025-01-18 05:51:58,103 - 未找到预测 CSV 文件，等待 30 秒后重试...
2025-01-18 05:52:28,107 - 未找到预测 CSV 文件，等待 30 秒后重试...
2025-01-18 05:52:58,113 - 未找到预测 CSV 文件，等待 30 秒后重试...
2025-01-18 05:53:28,129 - 未找到预测 CSV 文件，等待 30 秒后重试...
2025-01-18 05:53:58,138 - 未找到预测 CSV 文件，等待 30 秒后重试...
2025-01-18 05:54:28,140 - 未找到预测 CSV 文件，等待 30 秒后重试...
2025-01-18 05:54:58,146 - 未找到预测 CSV 文件，等待 30 秒后重试...
2025-01-18 05:55:28,156 - 未找到预测 CSV 文件，等待 30 秒后重试...
2025-01-18 05:55:58,169 - 未找到预测 CSV 文件，等待 30 秒后重试...
2025-01-18 05:56:28,180 - 未找到预测 CSV 文件，等待 30 秒后重试...
2025-01-18 05:56:58,184 - 未找到预测 CSV 文件，等待 30 秒后重试...
2025-01-18 05:57:28,197 - 未找到预测 CSV 文件，等待 30 秒后重试...
2025-01-18 05:57:58,207 - 未找到预测 CSV 文件，等待 30 秒后重试...
2025-01-18 05:58:28,221 - 未找到预测 CSV 文件，等待 30 秒后重试...
2025-01-18 05:58:58,230 - 未找到预测 CSV 文件，等待 30 秒后重试...
2025-01-18 05:59:28,235 - 未找到预测 CSV 文件，等待 30 秒后重试...
2025-01-18 05:59:58,240 - 未找到预测 CSV 文件，等待 30 秒后重试...
2025-01-18 06:00:28,250 - 未找到预测 CSV 文件，等待 30 秒后重试...
2025-01-18 06:00:58,263 - 未找到预测 CSV 文件，等待 30 秒后重试...
2025-01-18 06:01:28,272 - 未找到预测 CSV 文件，等待 30 秒后重试...
2025-01-18 06:01:58,276 - 未找到预测 CSV 文件，等待 30 秒后重试...
2025-01-18 06:02:28,283 - 未找到预测 CSV 文件，等待 30 秒后重试...
2025-01-18 06:02:58,298 - 未找到预测 CSV 文件，等待 30 秒后重试...
2025-01-18 06:03:28,310 - 未找到预测 CSV 文件，等待 30 秒后重试...
2025-01-18 06:03:58,327 - 未找到预测 CSV 文件，等待 30 秒后重试...
2025-01-18 06:04:28,337 - 未找到预测 CSV 文件，等待 30 秒后重试...
2025-01-18 06:04:58,351 - 未找到预测 CSV 文件，等待 30 秒后重试...
2025-01-18 06:05:28,365 - 未找到预测 CSV 文件，等待 30 秒后重试...
2025-01-18 06:05:58,367 - 未找到预测 CSV 文件，等待 30 秒后重试...
2025-01-18 06:06:28,378 - 未找到预测 CSV 文件，等待 30 秒后重试...
2025-01-18 06:06:58,385 - 未找到预测 CSV 文件，等待 30 秒后重试...
2025-01-18 06:07:28,390 - 未找到预测 CSV 文件，等待 30 秒后重试...
2025-01-18 06:07:58,400 - 未找到预测 CSV 文件，等待 30 秒后重试...
2025-01-18 06:08:28,402 - 未找到预测 CSV 文件，等待 30 秒后重试...
2025-01-18 06:08:58,410 - 未找到预测 CSV 文件，等待 30 秒后重试...
2025-01-18 06:09:28,423 - 未找到预测 CSV 文件，等待 30 秒后重试...
2025-01-18 06:09:58,430 - 未找到预测 CSV 文件，等待 30 秒后重试...
2025-01-18 06:10:28,434 - 未找到预测 CSV 文件，等待 30 秒后重试...
2025-01-18 06:10:58,440 - 未找到预测 CSV 文件，等待 30 秒后重试...
2025-01-18 06:11:28,442 - 未找到预测 CSV 文件，等待 30 秒后重试...
2025-01-18 06:11:58,450 - 未找到预测 CSV 文件，等待 30 秒后重试...
2025-01-18 06:12:28,461 - 未找到预测 CSV 文件，等待 30 秒后重试...
2025-01-18 06:12:58,464 - 未找到预测 CSV 文件，等待 30 秒后重试...
2025-01-18 06:13:28,477 - 未找到预测 CSV 文件，等待 30 秒后重试...
2025-01-18 06:13:58,482 - 未找到预测 CSV 文件，等待 30 秒后重试...
2025-01-18 06:14:28,489 - 未找到预测 CSV 文件，等待 30 秒后重试...
2025-01-18 06:14:58,501 - 未找到预测 CSV 文件，等待 30 秒后重试...
2025-01-18 06:15:28,508 - 未找到预测 CSV 文件，等待 30 秒后重试...
2025-01-18 06:15:58,516 - 未找到预测 CSV 文件，等待 30 秒后重试...
2025-01-18 06:16:28,525 - 未找到预测 CSV 文件，等待 30 秒后重试...
2025-01-18 06:16:58,531 - 未找到预测 CSV 文件，等待 30 秒后重试...
2025-01-18 06:17:28,543 - 未找到预测 CSV 文件，等待 30 秒后重试...
2025-01-18 06:17:58,555 - 未找到预测 CSV 文件，等待 30 秒后重试...
2025-01-18 06:18:28,561 - 未找到预测 CSV 文件，等待 30 秒后重试...
2025-01-18 06:18:58,577 - 未找到预测 CSV 文件，等待 30 秒后重试...
2025-01-18 06:19:28,583 - 未找到预测 CSV 文件，等待 30 秒后重试...
2025-01-18 06:19:58,596 - 未找到预测 CSV 文件，等待 30 秒后重试...
2025-01-18 06:20:28,609 - 未找到预测 CSV 文件，等待 30 秒后重试...
2025-01-18 06:20:58,612 - 未找到预测 CSV 文件，等待 30 秒后重试...
2025-01-18 06:21:28,617 - 未找到预测 CSV 文件，等待 30 秒后重试...
2025-01-18 06:21:58,631 - 未找到预测 CSV 文件，等待 30 秒后重试...
2025-01-18 06:22:28,644 - 未找到预测 CSV 文件，等待 30 秒后重试...
2025-01-18 06:22:58,652 - 未找到预测 CSV 文件，等待 30 秒后重试...
2025-01-18 06:23:28,656 - 未找到预测 CSV 文件，等待 30 秒后重试...
2025-01-18 06:23:58,668 - 未找到预测 CSV 文件，等待 30 秒后重试...
2025-01-18 06:24:28,681 - 未找到预测 CSV 文件，等待 30 秒后重试...
2025-01-18 06:24:58,683 - 未找到预测 CSV 文件，等待 30 秒后重试...
2025-01-18 06:25:28,698 - 未找到预测 CSV 文件，等待 30 秒后重试...
2025-01-18 06:25:58,706 - 未找到预测 CSV 文件，等待 30 秒后重试...
2025-01-18 06:26:28,708 - 未找到预测 CSV 文件，等待 30 秒后重试...
2025-01-18 06:26:58,718 - 未找到预测 CSV 文件，等待 30 秒后重试...
2025-01-18 06:27:28,726 - 未找到预测 CSV 文件，等待 30 秒后重试...
2025-01-18 06:27:58,740 - 未找到预测 CSV 文件，等待 30 秒后重试...
2025-01-18 06:28:28,747 - 未找到预测 CSV 文件，等待 30 秒后重试...
2025-01-18 06:28:58,754 - 未找到预测 CSV 文件，等待 30 秒后重试...
2025-01-18 06:29:28,763 - 未找到预测 CSV 文件，等待 30 秒后重试...
2025-01-18 06:29:58,773 - 未找到预测 CSV 文件，等待 30 秒后重试...
2025-01-18 06:30:28,776 - 未找到预测 CSV 文件，等待 30 秒后重试...
2025-01-18 06:30:58,790 - 未找到预测 CSV 文件，等待 30 秒后重试...
2025-01-18 06:31:28,796 - 未找到预测 CSV 文件，等待 30 秒后重试...
2025-01-18 06:31:58,803 - 未找到预测 CSV 文件，等待 30 秒后重试...
2025-01-18 06:32:28,814 - 未找到预测 CSV 文件，等待 30 秒后重试...
2025-01-18 06:32:58,820 - 未找到预测 CSV 文件，等待 30 秒后重试...
2025-01-18 06:33:28,834 - 未找到预测 CSV 文件，等待 30 秒后重试...
2025-01-18 06:33:58,836 - 未找到预测 CSV 文件，等待 30 秒后重试...
2025-01-18 06:34:28,852 - 未找到预测 CSV 文件，等待 30 秒后重试...
2025-01-18 06:34:58,867 - 未找到预测 CSV 文件，等待 30 秒后重试...
2025-01-18 06:35:28,883 - 未找到预测 CSV 文件，等待 30 秒后重试...
2025-01-18 06:35:58,889 - 未找到预测 CSV 文件，等待 30 秒后重试...
2025-01-18 06:36:28,903 - 未找到预测 CSV 文件，等待 30 秒后重试...
2025-01-18 06:36:58,917 - 未找到预测 CSV 文件，等待 30 秒后重试...
2025-01-18 06:37:28,927 - 未找到预测 CSV 文件，等待 30 秒后重试...
2025-01-18 06:37:58,932 - 未找到预测 CSV 文件，等待 30 秒后重试...
2025-01-18 06:38:28,944 - 未找到预测 CSV 文件，等待 30 秒后重试...
2025-01-18 06:38:58,955 - 未找到预测 CSV 文件，等待 30 秒后重试...
2025-01-18 06:39:28,965 - 未找到预测 CSV 文件，等待 30 秒后重试...
2025-01-18 06:39:58,982 - 未找到预测 CSV 文件，等待 30 秒后重试...
2025-01-18 06:40:28,988 - 未找到预测 CSV 文件，等待 30 秒后重试...
2025-01-18 06:40:59,001 - 未找到预测 CSV 文件，等待 30 秒后重试...
2025-01-18 06:41:29,006 - 未找到预测 CSV 文件，等待 30 秒后重试...
2025-01-18 06:41:59,009 - 未找到预测 CSV 文件，等待 30 秒后重试...
2025-01-18 06:42:29,021 - 未找到预测 CSV 文件，等待 30 秒后重试...
2025-01-18 06:42:59,024 - 未找到预测 CSV 文件，等待 30 秒后重试...
2025-01-18 06:43:29,028 - 未找到预测 CSV 文件，等待 30 秒后重试...
2025-01-18 06:43:59,040 - 未找到预测 CSV 文件，等待 30 秒后重试...
2025-01-18 06:44:29,053 - 未找到预测 CSV 文件，等待 30 秒后重试...
2025-01-18 06:44:59,070 - 未找到预测 CSV 文件，等待 30 秒后重试...
2025-01-18 06:45:29,076 - 未找到预测 CSV 文件，等待 30 秒后重试...
2025-01-18 06:45:59,083 - 未找到预测 CSV 文件，等待 30 秒后重试...
2025-01-18 06:46:29,088 - 未找到预测 CSV 文件，等待 30 秒后重试...
2025-01-18 06:46:59,096 - 未找到预测 CSV 文件，等待 30 秒后重试...
2025-01-18 06:47:29,107 - 未找到预测 CSV 文件，等待 30 秒后重试...
2025-01-18 06:47:59,123 - 未找到预测 CSV 文件，等待 30 秒后重试...
2025-01-18 06:48:29,125 - 未找到预测 CSV 文件，等待 30 秒后重试...
2025-01-18 06:48:59,137 - 未找到预测 CSV 文件，等待 30 秒后重试...
2025-01-18 06:49:29,140 - 未找到预测 CSV 文件，等待 30 秒后重试...
2025-01-18 06:49:59,154 - 未找到预测 CSV 文件，等待 30 秒后重试...
2025-01-18 06:50:29,170 - 未找到预测 CSV 文件，等待 30 秒后重试...
2025-01-18 06:50:59,176 - 未找到预测 CSV 文件，等待 30 秒后重试...
2025-01-18 06:51:29,180 - 未找到预测 CSV 文件，等待 30 秒后重试...
2025-01-18 06:51:59,196 - 未找到预测 CSV 文件，等待 30 秒后重试...
2025-01-18 06:52:29,209 - 未找到预测 CSV 文件，等待 30 秒后重试...
2025-01-18 06:52:59,225 - 未找到预测 CSV 文件，等待 30 秒后重试...
2025-01-18 06:53:29,230 - 未找到预测 CSV 文件，等待 30 秒后重试...
2025-01-18 06:53:59,236 - 未找到预测 CSV 文件，等待 30 秒后重试...
2025-01-18 06:54:29,241 - 未找到预测 CSV 文件，等待 30 秒后重试...
2025-01-18 06:54:59,245 - 未找到预测 CSV 文件，等待 30 秒后重试...
2025-01-18 06:55:29,258 - 未找到预测 CSV 文件，等待 30 秒后重试...
2025-01-18 06:55:59,263 - 未找到预测 CSV 文件，等待 30 秒后重试...
2025-01-18 06:56:29,266 - 未找到预测 CSV 文件，等待 30 秒后重试...
2025-01-18 06:56:59,282 - 未找到预测 CSV 文件，等待 30 秒后重试...
2025-01-18 06:57:29,290 - 未找到预测 CSV 文件，等待 30 秒后重试...
2025-01-18 06:57:59,301 - 未找到预测 CSV 文件，等待 30 秒后重试...
2025-01-18 06:58:29,309 - 未找到预测 CSV 文件，等待 30 秒后重试...
2025-01-18 06:58:59,316 - 未找到预测 CSV 文件，等待 30 秒后重试...
2025-01-18 06:59:29,328 - 未找到预测 CSV 文件，等待 30 秒后重试...
2025-01-18 06:59:59,331 - 未找到预测 CSV 文件，等待 30 秒后重试...
2025-01-18 07:00:29,336 - 未找到预测 CSV 文件，等待 30 秒后重试...
2025-01-18 07:00:59,349 - 未找到预测 CSV 文件，等待 30 秒后重试...
2025-01-18 07:01:29,352 - 未找到预测 CSV 文件，等待 30 秒后重试...
2025-01-18 07:01:59,363 - 未找到预测 CSV 文件，等待 30 秒后重试...
2025-01-18 07:02:29,374 - 未找到预测 CSV 文件，等待 30 秒后重试...
2025-01-18 07:02:59,385 - 未找到预测 CSV 文件，等待 30 秒后重试...
2025-01-18 07:03:29,398 - 未找到预测 CSV 文件，等待 30 秒后重试...
2025-01-18 07:03:59,408 - 未找到预测 CSV 文件，等待 30 秒后重试...
2025-01-18 07:04:29,425 - 未找到预测 CSV 文件，等待 30 秒后重试...
2025-01-18 07:04:59,433 - 未找到预测 CSV 文件，等待 30 秒后重试...
2025-01-18 07:05:29,438 - 未找到预测 CSV 文件，等待 30 秒后重试...
2025-01-18 07:05:59,449 - 未找到预测 CSV 文件，等待 30 秒后重试...
2025-01-18 07:06:29,453 - 未找到预测 CSV 文件，等待 30 秒后重试...
2025-01-18 07:06:59,468 - 未找到预测 CSV 文件，等待 30 秒后重试...
2025-01-18 07:07:29,485 - 未找到预测 CSV 文件，等待 30 秒后重试...
2025-01-18 07:07:59,490 - 未找到预测 CSV 文件，等待 30 秒后重试...
2025-01-18 07:08:29,506 - 未找到预测 CSV 文件，等待 30 秒后重试...
2025-01-18 07:08:59,511 - 未找到预测 CSV 文件，等待 30 秒后重试...
2025-01-18 07:09:29,519 - 未找到预测 CSV 文件，等待 30 秒后重试...
2025-01-18 07:09:59,523 - 未找到预测 CSV 文件，等待 30 秒后重试...
2025-01-18 07:10:29,527 - 未找到预测 CSV 文件，等待 30 秒后重试...
2025-01-18 07:10:59,530 - 未找到预测 CSV 文件，等待 30 秒后重试...
2025-01-18 07:11:29,533 - 未找到预测 CSV 文件，等待 30 秒后重试...
2025-01-18 07:11:59,538 - 未找到预测 CSV 文件，等待 30 秒后重试...
2025-01-18 07:12:29,554 - 未找到预测 CSV 文件，等待 30 秒后重试...
2025-01-18 07:12:59,559 - 未找到预测 CSV 文件，等待 30 秒后重试...
2025-01-18 07:13:29,562 - 未找到预测 CSV 文件，等待 30 秒后重试...
2025-01-18 07:13:59,572 - 未找到预测 CSV 文件，等待 30 秒后重试...
2025-01-18 07:14:29,575 - 未找到预测 CSV 文件，等待 30 秒后重试...
2025-01-18 07:14:59,581 - 未找到预测 CSV 文件，等待 30 秒后重试...
2025-01-18 07:15:29,592 - 未找到预测 CSV 文件，等待 30 秒后重试...
2025-01-18 07:15:59,596 - 未找到预测 CSV 文件，等待 30 秒后重试...
2025-01-18 07:16:29,607 - 未找到预测 CSV 文件，等待 30 秒后重试...
2025-01-18 07:16:59,613 - 未找到预测 CSV 文件，等待 30 秒后重试...
2025-01-18 07:17:29,628 - 未找到预测 CSV 文件，等待 30 秒后重试...
2025-01-18 07:17:59,641 - 未找到预测 CSV 文件，等待 30 秒后重试...
2025-01-18 07:18:29,651 - 未找到预测 CSV 文件，等待 30 秒后重试...
2025-01-18 07:18:59,653 - 未找到预测 CSV 文件，等待 30 秒后重试...
2025-01-18 07:19:29,664 - 未找到预测 CSV 文件，等待 30 秒后重试...
2025-01-18 07:19:59,678 - 未找到预测 CSV 文件，等待 30 秒后重试...
2025-01-18 07:20:29,693 - 未找到预测 CSV 文件，等待 30 秒后重试...
2025-01-18 07:20:59,705 - 未找到预测 CSV 文件，等待 30 秒后重试...
2025-01-18 07:21:29,717 - 未找到预测 CSV 文件，等待 30 秒后重试...
2025-01-18 07:21:59,719 - 未找到预测 CSV 文件，等待 30 秒后重试...
2025-01-18 07:22:29,731 - 未找到预测 CSV 文件，等待 30 秒后重试...
2025-01-18 07:22:59,737 - 未找到预测 CSV 文件，等待 30 秒后重试...
2025-01-18 07:23:29,745 - 未找到预测 CSV 文件，等待 30 秒后重试...
2025-01-18 07:23:59,760 - 未找到预测 CSV 文件，等待 30 秒后重试...
2025-01-18 07:24:29,771 - 未找到预测 CSV 文件，等待 30 秒后重试...
2025-01-18 07:24:59,780 - 未找到预测 CSV 文件，等待 30 秒后重试...
2025-01-18 07:25:29,790 - 未找到预测 CSV 文件，等待 30 秒后重试...
2025-01-18 07:25:59,791 - 未找到预测 CSV 文件，等待 30 秒后重试...
2025-01-18 07:26:29,805 - 未找到预测 CSV 文件，等待 30 秒后重试...
2025-01-18 07:26:59,812 - 未找到预测 CSV 文件，等待 30 秒后重试...
2025-01-18 07:27:29,823 - 未找到预测 CSV 文件，等待 30 秒后重试...
2025-01-18 07:27:59,831 - 未找到预测 CSV 文件，等待 30 秒后重试...
2025-01-18 07:28:29,846 - 未找到预测 CSV 文件，等待 30 秒后重试...
2025-01-18 07:28:59,848 - 未找到预测 CSV 文件，等待 30 秒后重试...
2025-01-18 07:29:29,850 - 未找到预测 CSV 文件，等待 30 秒后重试...
2025-01-18 07:29:59,854 - 未找到预测 CSV 文件，等待 30 秒后重试...
2025-01-18 07:30:29,870 - 未找到预测 CSV 文件，等待 30 秒后重试...
2025-01-18 07:30:59,881 - 未找到预测 CSV 文件，等待 30 秒后重试...
2025-01-18 07:31:29,895 - 未找到预测 CSV 文件，等待 30 秒后重试...
2025-01-18 07:31:59,906 - 未找到预测 CSV 文件，等待 30 秒后重试...
2025-01-18 07:32:29,919 - 未找到预测 CSV 文件，等待 30 秒后重试...
2025-01-18 07:32:59,932 - 未找到预测 CSV 文件，等待 30 秒后重试...
2025-01-18 07:33:29,949 - 未找到预测 CSV 文件，等待 30 秒后重试...
2025-01-18 07:33:59,966 - 未找到预测 CSV 文件，等待 30 秒后重试...
2025-01-18 07:34:29,973 - 未找到预测 CSV 文件，等待 30 秒后重试...
2025-01-18 07:34:59,982 - 未找到预测 CSV 文件，等待 30 秒后重试...
2025-01-18 07:35:29,990 - 未找到预测 CSV 文件，等待 30 秒后重试...
2025-01-18 07:36:00,000 - 未找到预测 CSV 文件，等待 30 秒后重试...
2025-01-18 07:36:30,010 - 未找到预测 CSV 文件，等待 30 秒后重试...
2025-01-18 07:37:00,015 - 未找到预测 CSV 文件，等待 30 秒后重试...
2025-01-18 07:37:30,022 - 未找到预测 CSV 文件，等待 30 秒后重试...
2025-01-18 07:38:00,037 - 未找到预测 CSV 文件，等待 30 秒后重试...
2025-01-18 07:38:30,050 - 未找到预测 CSV 文件，等待 30 秒后重试...
2025-01-18 07:39:00,053 - 未找到预测 CSV 文件，等待 30 秒后重试...
2025-01-18 07:39:30,068 - 未找到预测 CSV 文件，等待 30 秒后重试...
2025-01-18 07:40:00,070 - 未找到预测 CSV 文件，等待 30 秒后重试...
2025-01-18 07:40:30,085 - 未找到预测 CSV 文件，等待 30 秒后重试...
2025-01-18 07:41:00,097 - 未找到预测 CSV 文件，等待 30 秒后重试...
2025-01-18 07:41:30,101 - 未找到预测 CSV 文件，等待 30 秒后重试...
2025-01-18 07:42:00,106 - 未找到预测 CSV 文件，等待 30 秒后重试...
2025-01-18 07:42:30,111 - 未找到预测 CSV 文件，等待 30 秒后重试...
2025-01-18 07:43:00,115 - 未找到预测 CSV 文件，等待 30 秒后重试...
2025-01-18 07:43:30,124 - 未找到预测 CSV 文件，等待 30 秒后重试...
2025-01-18 07:44:00,137 - 未找到预测 CSV 文件，等待 30 秒后重试...
2025-01-18 07:44:30,148 - 未找到预测 CSV 文件，等待 30 秒后重试...
2025-01-18 07:45:00,152 - 未找到预测 CSV 文件，等待 30 秒后重试...
2025-01-18 07:45:30,155 - 未找到预测 CSV 文件，等待 30 秒后重试...
2025-01-18 07:46:00,168 - 未找到预测 CSV 文件，等待 30 秒后重试...
2025-01-18 07:46:30,181 - 未找到预测 CSV 文件，等待 30 秒后重试...
2025-01-18 07:47:00,194 - 未找到预测 CSV 文件，等待 30 秒后重试...
2025-01-18 07:47:30,206 - 未找到预测 CSV 文件，等待 30 秒后重试...
2025-01-18 07:48:00,222 - 未找到预测 CSV 文件，等待 30 秒后重试...
2025-01-18 07:48:30,237 - 未找到预测 CSV 文件，等待 30 秒后重试...
2025-01-18 07:49:00,255 - 未找到预测 CSV 文件，等待 30 秒后重试...
2025-01-18 07:49:30,258 - 未找到预测 CSV 文件，等待 30 秒后重试...
2025-01-18 07:50:00,263 - 未找到预测 CSV 文件，等待 30 秒后重试...
2025-01-18 07:50:30,276 - 未找到预测 CSV 文件，等待 30 秒后重试...
2025-01-18 07:51:00,286 - 未找到预测 CSV 文件，等待 30 秒后重试...
2025-01-18 07:51:30,298 - 未找到预测 CSV 文件，等待 30 秒后重试...
2025-01-18 07:52:00,309 - 未找到预测 CSV 文件，等待 30 秒后重试...
2025-01-18 07:52:30,316 - 未找到预测 CSV 文件，等待 30 秒后重试...
2025-01-18 07:53:00,324 - 未找到预测 CSV 文件，等待 30 秒后重试...
2025-01-18 07:53:30,331 - 未找到预测 CSV 文件，等待 30 秒后重试...
2025-01-18 07:54:00,347 - 未找到预测 CSV 文件，等待 30 秒后重试...
2025-01-18 07:54:30,362 - 未找到预测 CSV 文件，等待 30 秒后重试...
2025-01-18 07:55:00,363 - 未找到预测 CSV 文件，等待 30 秒后重试...
2025-01-18 07:55:30,380 - 未找到预测 CSV 文件，等待 30 秒后重试...
2025-01-18 07:56:00,394 - 未找到预测 CSV 文件，等待 30 秒后重试...
2025-01-18 07:56:30,404 - 未找到预测 CSV 文件，等待 30 秒后重试...
2025-01-18 07:57:00,409 - 未找到预测 CSV 文件，等待 30 秒后重试...
2025-01-18 07:57:30,425 - 未找到预测 CSV 文件，等待 30 秒后重试...
2025-01-18 07:58:00,433 - 未找到预测 CSV 文件，等待 30 秒后重试...
2025-01-18 07:58:30,440 - 未找到预测 CSV 文件，等待 30 秒后重试...
2025-01-18 07:59:00,456 - 未找到预测 CSV 文件，等待 30 秒后重试...
2025-01-18 07:59:30,467 - 未找到预测 CSV 文件，等待 30 秒后重试...
2025-01-18 08:00:00,471 - 未找到预测 CSV 文件，等待 30 秒后重试...
2025-01-18 08:00:30,477 - 未找到预测 CSV 文件，等待 30 秒后重试...
2025-01-18 08:01:00,489 - 未找到预测 CSV 文件，等待 30 秒后重试...
2025-01-18 08:01:30,502 - 未找到预测 CSV 文件，等待 30 秒后重试...
2025-01-18 08:02:00,508 - 未找到预测 CSV 文件，等待 30 秒后重试...
2025-01-18 08:02:30,518 - 未找到预测 CSV 文件，等待 30 秒后重试...
2025-01-18 08:03:00,533 - 未找到预测 CSV 文件，等待 30 秒后重试...
2025-01-18 08:03:30,547 - 未找到预测 CSV 文件，等待 30 秒后重试...
2025-01-18 08:04:00,552 - 未找到预测 CSV 文件，等待 30 秒后重试...
2025-01-18 08:04:30,555 - 未找到预测 CSV 文件，等待 30 秒后重试...
2025-01-18 08:05:00,559 - 未找到预测 CSV 文件，等待 30 秒后重试...
2025-01-18 08:05:30,569 - 未找到预测 CSV 文件，等待 30 秒后重试...
2025-01-18 08:06:00,584 - 未找到预测 CSV 文件，等待 30 秒后重试...
2025-01-18 08:06:30,590 - 未找到预测 CSV 文件，等待 30 秒后重试...
2025-01-18 08:07:00,605 - 未找到预测 CSV 文件，等待 30 秒后重试...
2025-01-18 08:07:30,608 - 未找到预测 CSV 文件，等待 30 秒后重试...
2025-01-18 08:08:00,622 - 未找到预测 CSV 文件，等待 30 秒后重试...
2025-01-18 08:08:30,625 - 未找到预测 CSV 文件，等待 30 秒后重试...
2025-01-18 08:09:00,637 - 未找到预测 CSV 文件，等待 30 秒后重试...
2025-01-18 08:09:30,644 - 未找到预测 CSV 文件，等待 30 秒后重试...
2025-01-18 08:10:00,653 - 未找到预测 CSV 文件，等待 30 秒后重试...
2025-01-18 08:10:30,659 - 未找到预测 CSV 文件，等待 30 秒后重试...
2025-01-18 08:11:00,674 - 未找到预测 CSV 文件，等待 30 秒后重试...
2025-01-18 08:11:30,678 - 未找到预测 CSV 文件，等待 30 秒后重试...
2025-01-18 08:12:00,689 - 未找到预测 CSV 文件，等待 30 秒后重试...
2025-01-18 08:12:30,694 - 未找到预测 CSV 文件，等待 30 秒后重试...
2025-01-18 08:13:00,700 - 未找到预测 CSV 文件，等待 30 秒后重试...
2025-01-18 08:13:30,711 - 未找到预测 CSV 文件，等待 30 秒后重试...
2025-01-18 08:14:00,714 - 未找到预测 CSV 文件，等待 30 秒后重试...
2025-01-18 08:14:30,716 - 未找到预测 CSV 文件，等待 30 秒后重试...
2025-01-18 08:15:00,733 - 未找到预测 CSV 文件，等待 30 秒后重试...
2025-01-18 08:15:30,741 - 未找到预测 CSV 文件，等待 30 秒后重试...
2025-01-18 08:16:00,744 - 未找到预测 CSV 文件，等待 30 秒后重试...
2025-01-18 08:16:30,753 - 未找到预测 CSV 文件，等待 30 秒后重试...
2025-01-18 08:17:00,754 - 未找到预测 CSV 文件，等待 30 秒后重试...
2025-01-18 08:17:30,759 - 未找到预测 CSV 文件，等待 30 秒后重试...
2025-01-18 08:18:00,773 - 未找到预测 CSV 文件，等待 30 秒后重试...
2025-01-18 08:18:30,784 - 未找到预测 CSV 文件，等待 30 秒后重试...
2025-01-18 08:19:00,798 - 未找到预测 CSV 文件，等待 30 秒后重试...
2025-01-18 08:19:30,810 - 未找到预测 CSV 文件，等待 30 秒后重试...
2025-01-18 08:20:00,819 - 未找到预测 CSV 文件，等待 30 秒后重试...
2025-01-18 08:20:30,820 - 未找到预测 CSV 文件，等待 30 秒后重试...
2025-01-18 08:21:00,833 - 未找到预测 CSV 文件，等待 30 秒后重试...
2025-01-18 08:21:30,847 - 未找到预测 CSV 文件，等待 30 秒后重试...
2025-01-18 08:22:00,849 - 未找到预测 CSV 文件，等待 30 秒后重试...
2025-01-18 08:22:30,858 - 未找到预测 CSV 文件，等待 30 秒后重试...
2025-01-18 08:23:00,861 - 未找到预测 CSV 文件，等待 30 秒后重试...
2025-01-18 08:23:30,872 - 未找到预测 CSV 文件，等待 30 秒后重试...
2025-01-18 08:24:00,887 - 未找到预测 CSV 文件，等待 30 秒后重试...
2025-01-18 08:24:30,894 - 未找到预测 CSV 文件，等待 30 秒后重试...
2025-01-18 08:25:00,902 - 未找到预测 CSV 文件，等待 30 秒后重试...
2025-01-18 08:25:30,905 - 未找到预测 CSV 文件，等待 30 秒后重试...
2025-01-18 08:26:00,922 - 未找到预测 CSV 文件，等待 30 秒后重试...
2025-01-18 08:26:30,938 - 未找到预测 CSV 文件，等待 30 秒后重试...
2025-01-18 08:27:00,943 - 未找到预测 CSV 文件，等待 30 秒后重试...
2025-01-18 08:27:30,958 - 未找到预测 CSV 文件，等待 30 秒后重试...
2025-01-18 08:28:00,969 - 未找到预测 CSV 文件，等待 30 秒后重试...
2025-01-18 08:28:30,976 - 未找到预测 CSV 文件，等待 30 秒后重试...
2025-01-18 08:29:00,990 - 未找到预测 CSV 文件，等待 30 秒后重试...
2025-01-18 08:29:31,005 - 未找到预测 CSV 文件，等待 30 秒后重试...
2025-01-18 08:30:01,016 - 未找到预测 CSV 文件，等待 30 秒后重试...
2025-01-18 08:30:31,029 - 未找到预测 CSV 文件，等待 30 秒后重试...
2025-01-18 08:31:01,033 - 发现新的预测文件：D:\my-vue-project\wind-power-forecast\backend\auto_scripts\precsv\shortcsv\20250118.csv，执行预测...
2025-01-18 08:31:01,120 - 今天的训练和预测任务已完成。
2025-01-18 21:48:49,686 - 今天的日期是: 20250118
2025-01-18 21:48:49,688 - 开始监视 D:\my-vue-project\wind-power-forecast\backend\auto_scripts\dataset\dataset_short 文件夹以进行训练...
2025-01-18 21:48:49,688 - 开始监视 D:\my-vue-project\wind-power-forecast\backend\auto_scripts\precsv\shortcsv 文件夹以进行预测...
2025-01-18 21:48:49,688 - 今天的训练已经执行过，跳过...
2025-01-18 21:48:49,688 - 今天的预测已经执行过，跳过...
2025-01-18 21:48:49,688 - 今天的训练和预测任务已完成。
