2025-01-11 01:00:04,240 - 今天的日期是: 20250111
2025-01-11 01:00:04,242 - 开始监视 D:\my-vue-project\wind-power-forecast\backend\auto_scripts\dataset\dataset_short 文件夹以进行训练...
2025-01-11 01:00:04,242 - 发现新的训练文件：D:\my-vue-project\wind-power-forecast\backend\auto_scripts\dataset\dataset_short\20250111.csv，执行训练...
2025-01-11 01:00:04,242 - 开始监视 D:\my-vue-project\wind-power-forecast\backend\auto_scripts\precsv\shortcsv 文件夹以进行预测...
2025-01-11 01:00:04,242 - 输出结果将保存到: D:\my-vue-project\wind-power-forecast\backend\auto_scripts\train_predictions\short_predictions
2025-01-11 01:00:04,243 - 未有可用模型，等待模型训练完成...
2025-01-11 01:00:05,455 - 数据加载与预处理完成
2025-01-11 01:00:05,858 - 数据标准化完成
2025-01-11 01:00:06,613 - 创建时间窗口完成
2025-01-11 01:00:06,614 - 获取模型参数完成
2025-01-11 01:00:34,256 - 未有可用模型，等待模型训练完成...
2025-01-11 01:01:04,280 - 未有可用模型，等待模型训练完成...
2025-01-11 01:01:34,288 - 未有可用模型，等待模型训练完成...
2025-01-11 01:02:04,297 - 未有可用模型，等待模型训练完成...
2025-01-11 01:02:34,310 - 未有可用模型，等待模型训练完成...
2025-01-11 01:03:04,326 - 未有可用模型，等待模型训练完成...
2025-01-11 01:03:34,338 - 未有可用模型，等待模型训练完成...
2025-01-11 01:04:04,340 - 未有可用模型，等待模型训练完成...
2025-01-11 01:04:34,349 - 未有可用模型，等待模型训练完成...
2025-01-11 01:05:04,356 - 未有可用模型，等待模型训练完成...
2025-01-11 01:05:34,370 - 未有可用模型，等待模型训练完成...
2025-01-11 01:05:36,212 - 训练与评估完成
2025-01-11 01:05:36,231 - 保存预测结果完成
2025-01-11 01:05:36,444 - 可视化结果完成
2025-01-11 01:05:36,586 - 模型已成功保存到 D:\my-vue-project\wind-power-forecast\backend\auto_scripts\models\shortmodel\20250111，模型可用。
2025-01-11 01:06:04,375 - 未找到预测 CSV 文件，等待 30 秒后重试...
2025-01-11 01:06:34,377 - 未找到预测 CSV 文件，等待 30 秒后重试...
2025-01-11 01:07:04,380 - 未找到预测 CSV 文件，等待 30 秒后重试...
2025-01-11 01:07:34,388 - 未找到预测 CSV 文件，等待 30 秒后重试...
2025-01-11 01:08:04,399 - 未找到预测 CSV 文件，等待 30 秒后重试...
2025-01-11 01:08:34,410 - 未找到预测 CSV 文件，等待 30 秒后重试...
2025-01-11 01:09:04,424 - 未找到预测 CSV 文件，等待 30 秒后重试...
2025-01-11 01:09:34,438 - 未找到预测 CSV 文件，等待 30 秒后重试...
2025-01-11 01:10:04,446 - 未找到预测 CSV 文件，等待 30 秒后重试...
2025-01-11 01:10:34,452 - 未找到预测 CSV 文件，等待 30 秒后重试...
2025-01-11 01:11:04,453 - 未找到预测 CSV 文件，等待 30 秒后重试...
2025-01-11 01:11:34,457 - 未找到预测 CSV 文件，等待 30 秒后重试...
2025-01-11 01:12:04,461 - 未找到预测 CSV 文件，等待 30 秒后重试...
2025-01-11 01:12:34,475 - 未找到预测 CSV 文件，等待 30 秒后重试...
2025-01-11 01:13:04,488 - 未找到预测 CSV 文件，等待 30 秒后重试...
2025-01-11 01:13:34,503 - 未找到预测 CSV 文件，等待 30 秒后重试...
2025-01-11 01:14:04,517 - 未找到预测 CSV 文件，等待 30 秒后重试...
2025-01-11 01:14:34,525 - 未找到预测 CSV 文件，等待 30 秒后重试...
2025-01-11 01:15:04,532 - 未找到预测 CSV 文件，等待 30 秒后重试...
2025-01-11 01:15:34,543 - 未找到预测 CSV 文件，等待 30 秒后重试...
2025-01-11 01:16:04,547 - 未找到预测 CSV 文件，等待 30 秒后重试...
2025-01-11 01:16:34,561 - 未找到预测 CSV 文件，等待 30 秒后重试...
2025-01-11 01:17:04,578 - 未找到预测 CSV 文件，等待 30 秒后重试...
2025-01-11 01:17:34,587 - 未找到预测 CSV 文件，等待 30 秒后重试...
2025-01-11 01:18:04,601 - 未找到预测 CSV 文件，等待 30 秒后重试...
2025-01-11 01:18:34,613 - 未找到预测 CSV 文件，等待 30 秒后重试...
2025-01-11 01:19:04,624 - 未找到预测 CSV 文件，等待 30 秒后重试...
2025-01-11 01:19:34,630 - 未找到预测 CSV 文件，等待 30 秒后重试...
2025-01-11 01:20:04,639 - 未找到预测 CSV 文件，等待 30 秒后重试...
2025-01-11 01:20:34,647 - 未找到预测 CSV 文件，等待 30 秒后重试...
2025-01-11 01:21:04,649 - 未找到预测 CSV 文件，等待 30 秒后重试...
2025-01-11 01:21:34,652 - 未找到预测 CSV 文件，等待 30 秒后重试...
2025-01-11 01:22:04,668 - 未找到预测 CSV 文件，等待 30 秒后重试...
2025-01-11 01:22:34,675 - 未找到预测 CSV 文件，等待 30 秒后重试...
2025-01-11 01:23:04,676 - 未找到预测 CSV 文件，等待 30 秒后重试...
2025-01-11 01:23:34,688 - 未找到预测 CSV 文件，等待 30 秒后重试...
2025-01-11 01:24:04,704 - 未找到预测 CSV 文件，等待 30 秒后重试...
2025-01-11 01:24:34,711 - 未找到预测 CSV 文件，等待 30 秒后重试...
2025-01-11 01:25:04,716 - 未找到预测 CSV 文件，等待 30 秒后重试...
2025-01-11 01:25:34,720 - 未找到预测 CSV 文件，等待 30 秒后重试...
2025-01-11 01:26:04,727 - 未找到预测 CSV 文件，等待 30 秒后重试...
2025-01-11 01:26:34,731 - 未找到预测 CSV 文件，等待 30 秒后重试...
2025-01-11 01:27:04,741 - 未找到预测 CSV 文件，等待 30 秒后重试...
2025-01-11 01:27:34,744 - 未找到预测 CSV 文件，等待 30 秒后重试...
2025-01-11 01:28:04,750 - 未找到预测 CSV 文件，等待 30 秒后重试...
2025-01-11 01:28:34,766 - 未找到预测 CSV 文件，等待 30 秒后重试...
2025-01-11 01:29:04,776 - 未找到预测 CSV 文件，等待 30 秒后重试...
2025-01-11 01:29:34,780 - 未找到预测 CSV 文件，等待 30 秒后重试...
2025-01-11 01:30:04,790 - 未找到预测 CSV 文件，等待 30 秒后重试...
2025-01-11 01:30:34,793 - 未找到预测 CSV 文件，等待 30 秒后重试...
2025-01-11 01:31:04,800 - 未找到预测 CSV 文件，等待 30 秒后重试...
2025-01-11 01:31:34,812 - 未找到预测 CSV 文件，等待 30 秒后重试...
2025-01-11 01:32:04,817 - 未找到预测 CSV 文件，等待 30 秒后重试...
2025-01-11 01:32:34,825 - 未找到预测 CSV 文件，等待 30 秒后重试...
2025-01-11 01:33:04,842 - 未找到预测 CSV 文件，等待 30 秒后重试...
2025-01-11 01:33:34,857 - 未找到预测 CSV 文件，等待 30 秒后重试...
2025-01-11 01:34:04,864 - 未找到预测 CSV 文件，等待 30 秒后重试...
2025-01-11 01:34:34,874 - 未找到预测 CSV 文件，等待 30 秒后重试...
2025-01-11 01:35:04,882 - 未找到预测 CSV 文件，等待 30 秒后重试...
2025-01-11 01:35:34,896 - 未找到预测 CSV 文件，等待 30 秒后重试...
2025-01-11 01:36:04,911 - 未找到预测 CSV 文件，等待 30 秒后重试...
2025-01-11 01:36:34,921 - 未找到预测 CSV 文件，等待 30 秒后重试...
2025-01-11 01:37:04,927 - 未找到预测 CSV 文件，等待 30 秒后重试...
2025-01-11 01:37:34,942 - 未找到预测 CSV 文件，等待 30 秒后重试...
2025-01-11 01:38:04,945 - 未找到预测 CSV 文件，等待 30 秒后重试...
2025-01-11 01:38:34,959 - 未找到预测 CSV 文件，等待 30 秒后重试...
2025-01-11 01:39:04,972 - 未找到预测 CSV 文件，等待 30 秒后重试...
2025-01-11 01:39:34,983 - 未找到预测 CSV 文件，等待 30 秒后重试...
2025-01-11 01:40:04,997 - 未找到预测 CSV 文件，等待 30 秒后重试...
2025-01-11 01:40:35,013 - 未找到预测 CSV 文件，等待 30 秒后重试...
2025-01-11 01:41:05,026 - 未找到预测 CSV 文件，等待 30 秒后重试...
2025-01-11 01:41:35,035 - 未找到预测 CSV 文件，等待 30 秒后重试...
2025-01-11 01:42:05,047 - 未找到预测 CSV 文件，等待 30 秒后重试...
2025-01-11 01:42:35,054 - 未找到预测 CSV 文件，等待 30 秒后重试...
2025-01-11 01:43:05,067 - 未找到预测 CSV 文件，等待 30 秒后重试...
2025-01-11 01:43:35,078 - 未找到预测 CSV 文件，等待 30 秒后重试...
2025-01-11 01:44:05,090 - 未找到预测 CSV 文件，等待 30 秒后重试...
2025-01-11 01:44:35,104 - 未找到预测 CSV 文件，等待 30 秒后重试...
2025-01-11 01:45:05,121 - 未找到预测 CSV 文件，等待 30 秒后重试...
2025-01-11 01:45:35,126 - 未找到预测 CSV 文件，等待 30 秒后重试...
2025-01-11 01:46:05,129 - 未找到预测 CSV 文件，等待 30 秒后重试...
2025-01-11 01:46:35,141 - 未找到预测 CSV 文件，等待 30 秒后重试...
2025-01-11 01:47:05,151 - 未找到预测 CSV 文件，等待 30 秒后重试...
2025-01-11 01:47:35,166 - 未找到预测 CSV 文件，等待 30 秒后重试...
2025-01-11 01:48:05,168 - 未找到预测 CSV 文件，等待 30 秒后重试...
2025-01-11 01:48:35,171 - 未找到预测 CSV 文件，等待 30 秒后重试...
2025-01-11 01:49:05,174 - 未找到预测 CSV 文件，等待 30 秒后重试...
2025-01-11 01:49:35,184 - 未找到预测 CSV 文件，等待 30 秒后重试...
2025-01-11 01:50:05,190 - 未找到预测 CSV 文件，等待 30 秒后重试...
2025-01-11 01:50:35,202 - 未找到预测 CSV 文件，等待 30 秒后重试...
2025-01-11 01:51:05,204 - 未找到预测 CSV 文件，等待 30 秒后重试...
2025-01-11 01:51:35,216 - 未找到预测 CSV 文件，等待 30 秒后重试...
2025-01-11 01:52:05,228 - 未找到预测 CSV 文件，等待 30 秒后重试...
2025-01-11 01:52:35,235 - 未找到预测 CSV 文件，等待 30 秒后重试...
2025-01-11 01:53:05,247 - 未找到预测 CSV 文件，等待 30 秒后重试...
2025-01-11 01:53:35,252 - 未找到预测 CSV 文件，等待 30 秒后重试...
2025-01-11 01:54:05,258 - 未找到预测 CSV 文件，等待 30 秒后重试...
2025-01-11 01:54:35,268 - 未找到预测 CSV 文件，等待 30 秒后重试...
2025-01-11 01:55:05,279 - 未找到预测 CSV 文件，等待 30 秒后重试...
2025-01-11 01:55:35,283 - 未找到预测 CSV 文件，等待 30 秒后重试...
2025-01-11 01:56:05,287 - 未找到预测 CSV 文件，等待 30 秒后重试...
2025-01-11 01:56:35,295 - 未找到预测 CSV 文件，等待 30 秒后重试...
2025-01-11 01:57:05,305 - 未找到预测 CSV 文件，等待 30 秒后重试...
2025-01-11 01:57:35,306 - 未找到预测 CSV 文件，等待 30 秒后重试...
2025-01-11 01:58:05,317 - 未找到预测 CSV 文件，等待 30 秒后重试...
2025-01-11 01:58:35,330 - 未找到预测 CSV 文件，等待 30 秒后重试...
2025-01-11 01:59:05,345 - 未找到预测 CSV 文件，等待 30 秒后重试...
2025-01-11 01:59:35,358 - 未找到预测 CSV 文件，等待 30 秒后重试...
2025-01-11 02:00:05,371 - 未找到预测 CSV 文件，等待 30 秒后重试...
2025-01-11 02:00:35,380 - 未找到预测 CSV 文件，等待 30 秒后重试...
2025-01-11 02:01:05,383 - 未找到预测 CSV 文件，等待 30 秒后重试...
2025-01-11 02:01:35,397 - 未找到预测 CSV 文件，等待 30 秒后重试...
2025-01-11 02:02:05,399 - 未找到预测 CSV 文件，等待 30 秒后重试...
2025-01-11 02:02:35,411 - 未找到预测 CSV 文件，等待 30 秒后重试...
2025-01-11 02:03:05,415 - 未找到预测 CSV 文件，等待 30 秒后重试...
2025-01-11 02:03:35,420 - 未找到预测 CSV 文件，等待 30 秒后重试...
2025-01-11 02:04:05,421 - 未找到预测 CSV 文件，等待 30 秒后重试...
2025-01-11 02:04:35,434 - 未找到预测 CSV 文件，等待 30 秒后重试...
2025-01-11 02:05:05,444 - 未找到预测 CSV 文件，等待 30 秒后重试...
2025-01-11 02:05:35,457 - 未找到预测 CSV 文件，等待 30 秒后重试...
2025-01-11 02:06:05,459 - 未找到预测 CSV 文件，等待 30 秒后重试...
2025-01-11 02:06:35,472 - 未找到预测 CSV 文件，等待 30 秒后重试...
2025-01-11 02:07:05,488 - 未找到预测 CSV 文件，等待 30 秒后重试...
2025-01-11 02:07:35,494 - 未找到预测 CSV 文件，等待 30 秒后重试...
2025-01-11 02:08:05,496 - 未找到预测 CSV 文件，等待 30 秒后重试...
2025-01-11 02:08:35,502 - 未找到预测 CSV 文件，等待 30 秒后重试...
2025-01-11 02:09:05,520 - 未找到预测 CSV 文件，等待 30 秒后重试...
2025-01-11 02:09:35,530 - 未找到预测 CSV 文件，等待 30 秒后重试...
2025-01-11 02:10:05,532 - 未找到预测 CSV 文件，等待 30 秒后重试...
2025-01-11 02:10:35,541 - 未找到预测 CSV 文件，等待 30 秒后重试...
2025-01-11 02:11:05,557 - 未找到预测 CSV 文件，等待 30 秒后重试...
2025-01-11 02:11:35,570 - 未找到预测 CSV 文件，等待 30 秒后重试...
2025-01-11 02:12:05,579 - 未找到预测 CSV 文件，等待 30 秒后重试...
2025-01-11 02:12:35,593 - 未找到预测 CSV 文件，等待 30 秒后重试...
2025-01-11 02:13:05,600 - 未找到预测 CSV 文件，等待 30 秒后重试...
2025-01-11 02:13:35,607 - 未找到预测 CSV 文件，等待 30 秒后重试...
2025-01-11 02:14:05,618 - 未找到预测 CSV 文件，等待 30 秒后重试...
2025-01-11 02:14:35,631 - 未找到预测 CSV 文件，等待 30 秒后重试...
2025-01-11 02:15:05,638 - 未找到预测 CSV 文件，等待 30 秒后重试...
2025-01-11 02:15:35,639 - 未找到预测 CSV 文件，等待 30 秒后重试...
2025-01-11 02:16:05,650 - 未找到预测 CSV 文件，等待 30 秒后重试...
2025-01-11 02:16:35,661 - 未找到预测 CSV 文件，等待 30 秒后重试...
2025-01-11 02:17:05,676 - 未找到预测 CSV 文件，等待 30 秒后重试...
2025-01-11 02:17:35,682 - 未找到预测 CSV 文件，等待 30 秒后重试...
2025-01-11 02:18:05,686 - 未找到预测 CSV 文件，等待 30 秒后重试...
2025-01-11 02:18:35,700 - 未找到预测 CSV 文件，等待 30 秒后重试...
2025-01-11 02:19:05,705 - 未找到预测 CSV 文件，等待 30 秒后重试...
2025-01-11 02:19:35,713 - 未找到预测 CSV 文件，等待 30 秒后重试...
2025-01-11 02:20:05,725 - 未找到预测 CSV 文件，等待 30 秒后重试...
2025-01-11 02:20:35,737 - 未找到预测 CSV 文件，等待 30 秒后重试...
2025-01-11 02:21:05,743 - 未找到预测 CSV 文件，等待 30 秒后重试...
2025-01-11 02:21:35,753 - 未找到预测 CSV 文件，等待 30 秒后重试...
2025-01-11 02:22:05,762 - 未找到预测 CSV 文件，等待 30 秒后重试...
2025-01-11 02:22:35,771 - 未找到预测 CSV 文件，等待 30 秒后重试...
2025-01-11 02:23:05,780 - 未找到预测 CSV 文件，等待 30 秒后重试...
2025-01-11 02:23:35,789 - 未找到预测 CSV 文件，等待 30 秒后重试...
2025-01-11 02:24:05,790 - 未找到预测 CSV 文件，等待 30 秒后重试...
2025-01-11 02:24:35,795 - 未找到预测 CSV 文件，等待 30 秒后重试...
2025-01-11 02:25:05,803 - 未找到预测 CSV 文件，等待 30 秒后重试...
2025-01-11 02:25:35,816 - 未找到预测 CSV 文件，等待 30 秒后重试...
2025-01-11 02:26:05,820 - 未找到预测 CSV 文件，等待 30 秒后重试...
2025-01-11 02:26:35,828 - 未找到预测 CSV 文件，等待 30 秒后重试...
2025-01-11 02:27:05,836 - 未找到预测 CSV 文件，等待 30 秒后重试...
2025-01-11 02:27:35,841 - 未找到预测 CSV 文件，等待 30 秒后重试...
2025-01-11 02:28:05,844 - 未找到预测 CSV 文件，等待 30 秒后重试...
2025-01-11 02:28:35,856 - 未找到预测 CSV 文件，等待 30 秒后重试...
2025-01-11 02:29:05,858 - 未找到预测 CSV 文件，等待 30 秒后重试...
2025-01-11 02:29:35,872 - 未找到预测 CSV 文件，等待 30 秒后重试...
2025-01-11 02:30:05,874 - 未找到预测 CSV 文件，等待 30 秒后重试...
2025-01-11 02:30:35,891 - 未找到预测 CSV 文件，等待 30 秒后重试...
2025-01-11 02:31:05,896 - 未找到预测 CSV 文件，等待 30 秒后重试...
2025-01-11 02:31:35,905 - 未找到预测 CSV 文件，等待 30 秒后重试...
2025-01-11 02:32:05,908 - 未找到预测 CSV 文件，等待 30 秒后重试...
2025-01-11 02:32:35,911 - 未找到预测 CSV 文件，等待 30 秒后重试...
2025-01-11 02:33:05,924 - 未找到预测 CSV 文件，等待 30 秒后重试...
2025-01-11 02:33:35,930 - 未找到预测 CSV 文件，等待 30 秒后重试...
2025-01-11 02:34:05,942 - 未找到预测 CSV 文件，等待 30 秒后重试...
2025-01-11 02:34:35,953 - 未找到预测 CSV 文件，等待 30 秒后重试...
2025-01-11 02:35:05,964 - 未找到预测 CSV 文件，等待 30 秒后重试...
2025-01-11 02:35:35,974 - 未找到预测 CSV 文件，等待 30 秒后重试...
2025-01-11 02:36:05,982 - 未找到预测 CSV 文件，等待 30 秒后重试...
2025-01-11 02:36:35,989 - 未找到预测 CSV 文件，等待 30 秒后重试...
2025-01-11 02:37:06,001 - 未找到预测 CSV 文件，等待 30 秒后重试...
2025-01-11 02:37:36,005 - 未找到预测 CSV 文件，等待 30 秒后重试...
2025-01-11 02:38:06,010 - 未找到预测 CSV 文件，等待 30 秒后重试...
2025-01-11 02:38:36,020 - 未找到预测 CSV 文件，等待 30 秒后重试...
2025-01-11 02:39:06,026 - 未找到预测 CSV 文件，等待 30 秒后重试...
2025-01-11 02:39:36,031 - 未找到预测 CSV 文件，等待 30 秒后重试...
2025-01-11 02:40:06,032 - 未找到预测 CSV 文件，等待 30 秒后重试...
2025-01-11 02:40:36,048 - 未找到预测 CSV 文件，等待 30 秒后重试...
2025-01-11 02:41:06,048 - 未找到预测 CSV 文件，等待 30 秒后重试...
2025-01-11 02:41:36,050 - 未找到预测 CSV 文件，等待 30 秒后重试...
2025-01-11 02:42:06,063 - 未找到预测 CSV 文件，等待 30 秒后重试...
2025-01-11 02:42:36,068 - 未找到预测 CSV 文件，等待 30 秒后重试...
2025-01-11 02:43:06,072 - 未找到预测 CSV 文件，等待 30 秒后重试...
2025-01-11 02:43:36,074 - 未找到预测 CSV 文件，等待 30 秒后重试...
2025-01-11 02:44:06,084 - 未找到预测 CSV 文件，等待 30 秒后重试...
2025-01-11 02:44:36,096 - 未找到预测 CSV 文件，等待 30 秒后重试...
2025-01-11 02:45:06,107 - 未找到预测 CSV 文件，等待 30 秒后重试...
2025-01-11 02:45:36,116 - 未找到预测 CSV 文件，等待 30 秒后重试...
2025-01-11 02:46:06,130 - 未找到预测 CSV 文件，等待 30 秒后重试...
2025-01-11 02:46:36,145 - 未找到预测 CSV 文件，等待 30 秒后重试...
2025-01-11 02:47:06,158 - 未找到预测 CSV 文件，等待 30 秒后重试...
2025-01-11 02:47:36,167 - 未找到预测 CSV 文件，等待 30 秒后重试...
2025-01-11 02:48:06,177 - 未找到预测 CSV 文件，等待 30 秒后重试...
2025-01-11 02:48:36,187 - 未找到预测 CSV 文件，等待 30 秒后重试...
2025-01-11 02:49:06,203 - 未找到预测 CSV 文件，等待 30 秒后重试...
2025-01-11 02:49:36,215 - 未找到预测 CSV 文件，等待 30 秒后重试...
2025-01-11 02:50:06,218 - 未找到预测 CSV 文件，等待 30 秒后重试...
2025-01-11 02:50:36,234 - 未找到预测 CSV 文件，等待 30 秒后重试...
2025-01-11 02:51:06,238 - 未找到预测 CSV 文件，等待 30 秒后重试...
2025-01-11 02:51:36,243 - 未找到预测 CSV 文件，等待 30 秒后重试...
2025-01-11 02:52:06,249 - 未找到预测 CSV 文件，等待 30 秒后重试...
2025-01-11 02:52:36,259 - 未找到预测 CSV 文件，等待 30 秒后重试...
2025-01-11 02:53:06,271 - 未找到预测 CSV 文件，等待 30 秒后重试...
2025-01-11 02:53:36,278 - 未找到预测 CSV 文件，等待 30 秒后重试...
2025-01-11 02:54:06,284 - 未找到预测 CSV 文件，等待 30 秒后重试...
2025-01-11 02:54:36,292 - 未找到预测 CSV 文件，等待 30 秒后重试...
2025-01-11 02:55:06,300 - 未找到预测 CSV 文件，等待 30 秒后重试...
2025-01-11 02:55:36,316 - 未找到预测 CSV 文件，等待 30 秒后重试...
2025-01-11 02:56:06,328 - 未找到预测 CSV 文件，等待 30 秒后重试...
2025-01-11 02:56:36,336 - 未找到预测 CSV 文件，等待 30 秒后重试...
2025-01-11 02:57:06,349 - 未找到预测 CSV 文件，等待 30 秒后重试...
2025-01-11 02:57:36,352 - 未找到预测 CSV 文件，等待 30 秒后重试...
2025-01-11 02:58:06,367 - 未找到预测 CSV 文件，等待 30 秒后重试...
2025-01-11 02:58:36,376 - 未找到预测 CSV 文件，等待 30 秒后重试...
2025-01-11 02:59:06,378 - 未找到预测 CSV 文件，等待 30 秒后重试...
2025-01-11 02:59:36,379 - 未找到预测 CSV 文件，等待 30 秒后重试...
2025-01-11 03:00:06,392 - 未找到预测 CSV 文件，等待 30 秒后重试...
2025-01-11 03:00:36,395 - 未找到预测 CSV 文件，等待 30 秒后重试...
2025-01-11 03:01:06,408 - 未找到预测 CSV 文件，等待 30 秒后重试...
2025-01-11 03:01:36,414 - 未找到预测 CSV 文件，等待 30 秒后重试...
2025-01-11 03:02:06,420 - 未找到预测 CSV 文件，等待 30 秒后重试...
2025-01-11 03:02:36,426 - 未找到预测 CSV 文件，等待 30 秒后重试...
2025-01-11 03:03:06,437 - 未找到预测 CSV 文件，等待 30 秒后重试...
2025-01-11 03:03:36,446 - 未找到预测 CSV 文件，等待 30 秒后重试...
2025-01-11 03:04:06,461 - 未找到预测 CSV 文件，等待 30 秒后重试...
2025-01-11 03:04:36,466 - 未找到预测 CSV 文件，等待 30 秒后重试...
2025-01-11 03:05:06,482 - 未找到预测 CSV 文件，等待 30 秒后重试...
2025-01-11 03:05:36,484 - 未找到预测 CSV 文件，等待 30 秒后重试...
2025-01-11 03:06:06,497 - 未找到预测 CSV 文件，等待 30 秒后重试...
2025-01-11 03:06:36,498 - 未找到预测 CSV 文件，等待 30 秒后重试...
2025-01-11 03:07:06,502 - 未找到预测 CSV 文件，等待 30 秒后重试...
2025-01-11 03:07:36,503 - 未找到预测 CSV 文件，等待 30 秒后重试...
2025-01-11 03:08:06,504 - 未找到预测 CSV 文件，等待 30 秒后重试...
2025-01-11 03:08:36,513 - 未找到预测 CSV 文件，等待 30 秒后重试...
2025-01-11 03:09:06,526 - 未找到预测 CSV 文件，等待 30 秒后重试...
2025-01-11 03:09:36,530 - 未找到预测 CSV 文件，等待 30 秒后重试...
2025-01-11 03:10:06,531 - 未找到预测 CSV 文件，等待 30 秒后重试...
2025-01-11 03:10:36,547 - 未找到预测 CSV 文件，等待 30 秒后重试...
2025-01-11 03:11:06,553 - 未找到预测 CSV 文件，等待 30 秒后重试...
2025-01-11 03:11:36,566 - 未找到预测 CSV 文件，等待 30 秒后重试...
2025-01-11 03:12:06,569 - 未找到预测 CSV 文件，等待 30 秒后重试...
2025-01-11 03:12:36,575 - 未找到预测 CSV 文件，等待 30 秒后重试...
2025-01-11 03:13:06,576 - 未找到预测 CSV 文件，等待 30 秒后重试...
2025-01-11 03:13:36,583 - 未找到预测 CSV 文件，等待 30 秒后重试...
2025-01-11 03:14:06,591 - 未找到预测 CSV 文件，等待 30 秒后重试...
2025-01-11 03:14:36,605 - 未找到预测 CSV 文件，等待 30 秒后重试...
2025-01-11 03:15:06,618 - 未找到预测 CSV 文件，等待 30 秒后重试...
2025-01-11 03:15:36,630 - 未找到预测 CSV 文件，等待 30 秒后重试...
2025-01-11 03:16:06,645 - 未找到预测 CSV 文件，等待 30 秒后重试...
2025-01-11 03:16:36,647 - 未找到预测 CSV 文件，等待 30 秒后重试...
2025-01-11 03:17:06,658 - 未找到预测 CSV 文件，等待 30 秒后重试...
2025-01-11 03:17:36,663 - 未找到预测 CSV 文件，等待 30 秒后重试...
2025-01-11 03:18:06,665 - 未找到预测 CSV 文件，等待 30 秒后重试...
2025-01-11 03:18:36,670 - 未找到预测 CSV 文件，等待 30 秒后重试...
2025-01-11 03:19:06,677 - 未找到预测 CSV 文件，等待 30 秒后重试...
2025-01-11 03:19:36,679 - 未找到预测 CSV 文件，等待 30 秒后重试...
2025-01-11 03:20:06,692 - 未找到预测 CSV 文件，等待 30 秒后重试...
2025-01-11 03:20:36,694 - 未找到预测 CSV 文件，等待 30 秒后重试...
2025-01-11 03:21:06,700 - 未找到预测 CSV 文件，等待 30 秒后重试...
2025-01-11 03:21:36,713 - 未找到预测 CSV 文件，等待 30 秒后重试...
2025-01-11 03:22:06,726 - 未找到预测 CSV 文件，等待 30 秒后重试...
2025-01-11 03:22:36,728 - 未找到预测 CSV 文件，等待 30 秒后重试...
2025-01-11 03:23:06,743 - 未找到预测 CSV 文件，等待 30 秒后重试...
2025-01-11 03:23:36,752 - 未找到预测 CSV 文件，等待 30 秒后重试...
2025-01-11 03:24:06,758 - 未找到预测 CSV 文件，等待 30 秒后重试...
2025-01-11 03:24:36,770 - 未找到预测 CSV 文件，等待 30 秒后重试...
2025-01-11 03:25:06,780 - 未找到预测 CSV 文件，等待 30 秒后重试...
2025-01-11 03:25:36,790 - 未找到预测 CSV 文件，等待 30 秒后重试...
2025-01-11 03:26:06,799 - 未找到预测 CSV 文件，等待 30 秒后重试...
2025-01-11 03:26:36,801 - 未找到预测 CSV 文件，等待 30 秒后重试...
2025-01-11 03:27:06,811 - 未找到预测 CSV 文件，等待 30 秒后重试...
2025-01-11 03:27:36,823 - 未找到预测 CSV 文件，等待 30 秒后重试...
2025-01-11 03:28:06,829 - 未找到预测 CSV 文件，等待 30 秒后重试...
2025-01-11 03:28:36,837 - 未找到预测 CSV 文件，等待 30 秒后重试...
2025-01-11 03:29:06,851 - 未找到预测 CSV 文件，等待 30 秒后重试...
2025-01-11 03:29:36,856 - 未找到预测 CSV 文件，等待 30 秒后重试...
2025-01-11 03:30:06,872 - 未找到预测 CSV 文件，等待 30 秒后重试...
2025-01-11 03:30:36,881 - 未找到预测 CSV 文件，等待 30 秒后重试...
2025-01-11 03:31:06,895 - 未找到预测 CSV 文件，等待 30 秒后重试...
2025-01-11 03:31:36,900 - 未找到预测 CSV 文件，等待 30 秒后重试...
2025-01-11 03:32:06,910 - 未找到预测 CSV 文件，等待 30 秒后重试...
2025-01-11 03:32:36,911 - 未找到预测 CSV 文件，等待 30 秒后重试...
2025-01-11 03:33:06,924 - 未找到预测 CSV 文件，等待 30 秒后重试...
2025-01-11 03:33:36,941 - 未找到预测 CSV 文件，等待 30 秒后重试...
2025-01-11 03:34:06,946 - 未找到预测 CSV 文件，等待 30 秒后重试...
2025-01-11 03:34:36,949 - 未找到预测 CSV 文件，等待 30 秒后重试...
2025-01-11 03:35:06,959 - 未找到预测 CSV 文件，等待 30 秒后重试...
2025-01-11 03:35:36,963 - 未找到预测 CSV 文件，等待 30 秒后重试...
2025-01-11 03:36:06,976 - 未找到预测 CSV 文件，等待 30 秒后重试...
2025-01-11 03:36:36,985 - 未找到预测 CSV 文件，等待 30 秒后重试...
2025-01-11 03:37:06,995 - 未找到预测 CSV 文件，等待 30 秒后重试...
2025-01-11 03:37:37,003 - 未找到预测 CSV 文件，等待 30 秒后重试...
2025-01-11 03:38:07,005 - 未找到预测 CSV 文件，等待 30 秒后重试...
2025-01-11 03:38:37,013 - 未找到预测 CSV 文件，等待 30 秒后重试...
2025-01-11 03:39:07,027 - 未找到预测 CSV 文件，等待 30 秒后重试...
2025-01-11 03:39:37,040 - 未找到预测 CSV 文件，等待 30 秒后重试...
2025-01-11 03:40:07,042 - 未找到预测 CSV 文件，等待 30 秒后重试...
2025-01-11 03:40:37,051 - 未找到预测 CSV 文件，等待 30 秒后重试...
2025-01-11 03:41:07,051 - 未找到预测 CSV 文件，等待 30 秒后重试...
2025-01-11 03:41:37,054 - 未找到预测 CSV 文件，等待 30 秒后重试...
2025-01-11 03:42:07,058 - 未找到预测 CSV 文件，等待 30 秒后重试...
2025-01-11 03:42:37,067 - 未找到预测 CSV 文件，等待 30 秒后重试...
2025-01-11 03:43:07,082 - 未找到预测 CSV 文件，等待 30 秒后重试...
2025-01-11 03:43:37,098 - 未找到预测 CSV 文件，等待 30 秒后重试...
2025-01-11 03:44:07,110 - 未找到预测 CSV 文件，等待 30 秒后重试...
2025-01-11 03:44:37,118 - 未找到预测 CSV 文件，等待 30 秒后重试...
2025-01-11 03:45:07,121 - 未找到预测 CSV 文件，等待 30 秒后重试...
2025-01-11 03:45:37,124 - 未找到预测 CSV 文件，等待 30 秒后重试...
2025-01-11 03:46:07,138 - 未找到预测 CSV 文件，等待 30 秒后重试...
2025-01-11 03:46:37,148 - 未找到预测 CSV 文件，等待 30 秒后重试...
2025-01-11 03:47:07,158 - 未找到预测 CSV 文件，等待 30 秒后重试...
2025-01-11 03:47:37,166 - 未找到预测 CSV 文件，等待 30 秒后重试...
2025-01-11 03:48:07,180 - 未找到预测 CSV 文件，等待 30 秒后重试...
2025-01-11 03:48:37,190 - 未找到预测 CSV 文件，等待 30 秒后重试...
2025-01-11 03:49:07,203 - 未找到预测 CSV 文件，等待 30 秒后重试...
2025-01-11 03:49:37,212 - 未找到预测 CSV 文件，等待 30 秒后重试...
2025-01-11 03:50:07,220 - 未找到预测 CSV 文件，等待 30 秒后重试...
2025-01-11 03:50:37,228 - 未找到预测 CSV 文件，等待 30 秒后重试...
2025-01-11 03:51:07,231 - 未找到预测 CSV 文件，等待 30 秒后重试...
2025-01-11 03:51:37,233 - 未找到预测 CSV 文件，等待 30 秒后重试...
2025-01-11 03:52:07,245 - 未找到预测 CSV 文件，等待 30 秒后重试...
2025-01-11 03:52:37,258 - 未找到预测 CSV 文件，等待 30 秒后重试...
2025-01-11 03:53:07,263 - 未找到预测 CSV 文件，等待 30 秒后重试...
2025-01-11 03:53:37,278 - 未找到预测 CSV 文件，等待 30 秒后重试...
2025-01-11 03:54:07,284 - 未找到预测 CSV 文件，等待 30 秒后重试...
2025-01-11 03:54:37,286 - 未找到预测 CSV 文件，等待 30 秒后重试...
2025-01-11 03:55:07,287 - 未找到预测 CSV 文件，等待 30 秒后重试...
2025-01-11 03:55:37,292 - 未找到预测 CSV 文件，等待 30 秒后重试...
2025-01-11 03:56:07,305 - 未找到预测 CSV 文件，等待 30 秒后重试...
2025-01-11 03:56:37,309 - 未找到预测 CSV 文件，等待 30 秒后重试...
2025-01-11 03:57:07,313 - 未找到预测 CSV 文件，等待 30 秒后重试...
2025-01-11 03:57:37,316 - 未找到预测 CSV 文件，等待 30 秒后重试...
2025-01-11 03:58:07,328 - 未找到预测 CSV 文件，等待 30 秒后重试...
2025-01-11 03:58:37,334 - 未找到预测 CSV 文件，等待 30 秒后重试...
2025-01-11 03:59:07,337 - 未找到预测 CSV 文件，等待 30 秒后重试...
2025-01-11 03:59:37,338 - 未找到预测 CSV 文件，等待 30 秒后重试...
2025-01-11 04:00:07,343 - 未找到预测 CSV 文件，等待 30 秒后重试...
2025-01-11 04:00:37,346 - 未找到预测 CSV 文件，等待 30 秒后重试...
2025-01-11 04:01:07,359 - 未找到预测 CSV 文件，等待 30 秒后重试...
2025-01-11 04:01:37,370 - 未找到预测 CSV 文件，等待 30 秒后重试...
2025-01-11 04:02:07,383 - 未找到预测 CSV 文件，等待 30 秒后重试...
2025-01-11 04:02:37,394 - 未找到预测 CSV 文件，等待 30 秒后重试...
2025-01-11 04:03:07,406 - 未找到预测 CSV 文件，等待 30 秒后重试...
2025-01-11 04:03:37,419 - 未找到预测 CSV 文件，等待 30 秒后重试...
2025-01-11 04:04:07,433 - 未找到预测 CSV 文件，等待 30 秒后重试...
2025-01-11 04:04:37,438 - 未找到预测 CSV 文件，等待 30 秒后重试...
2025-01-11 04:05:07,441 - 未找到预测 CSV 文件，等待 30 秒后重试...
2025-01-11 04:05:37,450 - 未找到预测 CSV 文件，等待 30 秒后重试...
2025-01-11 04:06:07,459 - 未找到预测 CSV 文件，等待 30 秒后重试...
2025-01-11 04:06:37,469 - 未找到预测 CSV 文件，等待 30 秒后重试...
2025-01-11 04:07:07,475 - 未找到预测 CSV 文件，等待 30 秒后重试...
2025-01-11 04:07:37,477 - 未找到预测 CSV 文件，等待 30 秒后重试...
2025-01-11 04:08:07,479 - 未找到预测 CSV 文件，等待 30 秒后重试...
2025-01-11 04:08:37,492 - 未找到预测 CSV 文件，等待 30 秒后重试...
2025-01-11 04:09:07,497 - 未找到预测 CSV 文件，等待 30 秒后重试...
2025-01-11 04:09:37,512 - 未找到预测 CSV 文件，等待 30 秒后重试...
2025-01-11 04:10:11,889 - 未找到预测 CSV 文件，等待 30 秒后重试...
2025-01-11 04:10:41,902 - 未找到预测 CSV 文件，等待 30 秒后重试...
2025-01-11 04:11:11,905 - 未找到预测 CSV 文件，等待 30 秒后重试...
2025-01-11 04:11:41,916 - 未找到预测 CSV 文件，等待 30 秒后重试...
2025-01-11 04:12:11,931 - 未找到预测 CSV 文件，等待 30 秒后重试...
2025-01-11 04:12:41,938 - 未找到预测 CSV 文件，等待 30 秒后重试...
2025-01-11 04:13:11,943 - 未找到预测 CSV 文件，等待 30 秒后重试...
2025-01-11 04:13:41,961 - 未找到预测 CSV 文件，等待 30 秒后重试...
2025-01-11 04:14:11,969 - 未找到预测 CSV 文件，等待 30 秒后重试...
2025-01-11 04:14:41,986 - 未找到预测 CSV 文件，等待 30 秒后重试...
2025-01-11 04:15:11,992 - 未找到预测 CSV 文件，等待 30 秒后重试...
2025-01-11 04:15:42,008 - 未找到预测 CSV 文件，等待 30 秒后重试...
2025-01-11 04:16:12,023 - 未找到预测 CSV 文件，等待 30 秒后重试...
2025-01-11 04:16:42,038 - 未找到预测 CSV 文件，等待 30 秒后重试...
2025-01-11 04:17:12,045 - 未找到预测 CSV 文件，等待 30 秒后重试...
2025-01-11 04:17:42,060 - 未找到预测 CSV 文件，等待 30 秒后重试...
2025-01-11 04:18:12,076 - 未找到预测 CSV 文件，等待 30 秒后重试...
2025-01-11 04:18:42,089 - 未找到预测 CSV 文件，等待 30 秒后重试...
2025-01-11 04:19:12,091 - 未找到预测 CSV 文件，等待 30 秒后重试...
2025-01-11 04:19:42,102 - 未找到预测 CSV 文件，等待 30 秒后重试...
2025-01-11 04:20:12,113 - 未找到预测 CSV 文件，等待 30 秒后重试...
2025-01-11 04:20:42,117 - 未找到预测 CSV 文件，等待 30 秒后重试...
2025-01-11 04:21:12,124 - 未找到预测 CSV 文件，等待 30 秒后重试...
2025-01-11 04:21:42,136 - 未找到预测 CSV 文件，等待 30 秒后重试...
2025-01-11 04:22:12,142 - 未找到预测 CSV 文件，等待 30 秒后重试...
2025-01-11 04:22:42,152 - 未找到预测 CSV 文件，等待 30 秒后重试...
2025-01-11 04:23:12,169 - 未找到预测 CSV 文件，等待 30 秒后重试...
2025-01-11 04:23:42,182 - 未找到预测 CSV 文件，等待 30 秒后重试...
2025-01-11 04:24:12,193 - 未找到预测 CSV 文件，等待 30 秒后重试...
2025-01-11 04:24:42,203 - 未找到预测 CSV 文件，等待 30 秒后重试...
2025-01-11 04:25:12,205 - 未找到预测 CSV 文件，等待 30 秒后重试...
2025-01-11 04:25:42,219 - 未找到预测 CSV 文件，等待 30 秒后重试...
2025-01-11 04:26:12,235 - 未找到预测 CSV 文件，等待 30 秒后重试...
2025-01-11 04:26:42,251 - 未找到预测 CSV 文件，等待 30 秒后重试...
2025-01-11 04:27:12,258 - 未找到预测 CSV 文件，等待 30 秒后重试...
2025-01-11 04:27:42,259 - 未找到预测 CSV 文件，等待 30 秒后重试...
2025-01-11 04:28:12,262 - 未找到预测 CSV 文件，等待 30 秒后重试...
2025-01-11 04:28:42,265 - 未找到预测 CSV 文件，等待 30 秒后重试...
2025-01-11 04:29:12,278 - 未找到预测 CSV 文件，等待 30 秒后重试...
2025-01-11 04:29:42,290 - 未找到预测 CSV 文件，等待 30 秒后重试...
2025-01-11 04:30:12,304 - 未找到预测 CSV 文件，等待 30 秒后重试...
2025-01-11 04:30:42,316 - 未找到预测 CSV 文件，等待 30 秒后重试...
2025-01-11 04:31:12,321 - 未找到预测 CSV 文件，等待 30 秒后重试...
2025-01-11 04:31:42,324 - 未找到预测 CSV 文件，等待 30 秒后重试...
2025-01-11 04:32:12,339 - 未找到预测 CSV 文件，等待 30 秒后重试...
2025-01-11 04:32:42,353 - 未找到预测 CSV 文件，等待 30 秒后重试...
2025-01-11 04:33:12,369 - 未找到预测 CSV 文件，等待 30 秒后重试...
2025-01-11 04:33:42,374 - 未找到预测 CSV 文件，等待 30 秒后重试...
2025-01-11 04:34:12,376 - 未找到预测 CSV 文件，等待 30 秒后重试...
2025-01-11 04:34:42,384 - 未找到预测 CSV 文件，等待 30 秒后重试...
2025-01-11 04:35:12,394 - 未找到预测 CSV 文件，等待 30 秒后重试...
2025-01-11 04:35:42,402 - 未找到预测 CSV 文件，等待 30 秒后重试...
2025-01-11 04:36:12,406 - 未找到预测 CSV 文件，等待 30 秒后重试...
2025-01-11 04:36:42,417 - 未找到预测 CSV 文件，等待 30 秒后重试...
2025-01-11 04:37:12,428 - 未找到预测 CSV 文件，等待 30 秒后重试...
2025-01-11 04:37:42,444 - 未找到预测 CSV 文件，等待 30 秒后重试...
2025-01-11 04:38:12,451 - 未找到预测 CSV 文件，等待 30 秒后重试...
2025-01-11 04:38:42,468 - 未找到预测 CSV 文件，等待 30 秒后重试...
2025-01-11 04:39:12,484 - 未找到预测 CSV 文件，等待 30 秒后重试...
2025-01-11 04:39:42,496 - 未找到预测 CSV 文件，等待 30 秒后重试...
2025-01-11 04:40:12,499 - 未找到预测 CSV 文件，等待 30 秒后重试...
2025-01-11 04:40:42,513 - 未找到预测 CSV 文件，等待 30 秒后重试...
2025-01-11 04:41:12,518 - 未找到预测 CSV 文件，等待 30 秒后重试...
2025-01-11 04:41:42,526 - 未找到预测 CSV 文件，等待 30 秒后重试...
2025-01-11 04:42:12,537 - 未找到预测 CSV 文件，等待 30 秒后重试...
2025-01-11 04:42:42,549 - 未找到预测 CSV 文件，等待 30 秒后重试...
2025-01-11 04:43:12,559 - 未找到预测 CSV 文件，等待 30 秒后重试...
2025-01-11 04:43:42,566 - 未找到预测 CSV 文件，等待 30 秒后重试...
2025-01-11 04:44:12,570 - 未找到预测 CSV 文件，等待 30 秒后重试...
2025-01-11 04:44:42,577 - 未找到预测 CSV 文件，等待 30 秒后重试...
2025-01-11 04:45:12,589 - 未找到预测 CSV 文件，等待 30 秒后重试...
2025-01-11 04:45:42,606 - 未找到预测 CSV 文件，等待 30 秒后重试...
2025-01-11 04:46:12,616 - 未找到预测 CSV 文件，等待 30 秒后重试...
2025-01-11 04:46:42,628 - 未找到预测 CSV 文件，等待 30 秒后重试...
2025-01-11 04:47:12,639 - 未找到预测 CSV 文件，等待 30 秒后重试...
2025-01-11 04:47:42,642 - 未找到预测 CSV 文件，等待 30 秒后重试...
2025-01-11 04:48:12,656 - 未找到预测 CSV 文件，等待 30 秒后重试...
2025-01-11 04:48:42,666 - 未找到预测 CSV 文件，等待 30 秒后重试...
2025-01-11 04:49:12,677 - 未找到预测 CSV 文件，等待 30 秒后重试...
2025-01-11 04:49:42,689 - 未找到预测 CSV 文件，等待 30 秒后重试...
2025-01-11 04:50:12,705 - 未找到预测 CSV 文件，等待 30 秒后重试...
2025-01-11 04:50:42,709 - 未找到预测 CSV 文件，等待 30 秒后重试...
2025-01-11 04:51:12,722 - 未找到预测 CSV 文件，等待 30 秒后重试...
2025-01-11 04:51:42,728 - 未找到预测 CSV 文件，等待 30 秒后重试...
2025-01-11 04:52:12,732 - 未找到预测 CSV 文件，等待 30 秒后重试...
2025-01-11 04:52:42,739 - 未找到预测 CSV 文件，等待 30 秒后重试...
2025-01-11 04:53:12,747 - 未找到预测 CSV 文件，等待 30 秒后重试...
2025-01-11 04:53:42,752 - 未找到预测 CSV 文件，等待 30 秒后重试...
2025-01-11 04:54:12,754 - 未找到预测 CSV 文件，等待 30 秒后重试...
2025-01-11 04:54:42,771 - 未找到预测 CSV 文件，等待 30 秒后重试...
2025-01-11 04:55:12,780 - 未找到预测 CSV 文件，等待 30 秒后重试...
2025-01-11 04:55:42,786 - 未找到预测 CSV 文件，等待 30 秒后重试...
2025-01-11 04:56:12,796 - 未找到预测 CSV 文件，等待 30 秒后重试...
2025-01-11 04:56:42,812 - 未找到预测 CSV 文件，等待 30 秒后重试...
2025-01-11 04:57:12,820 - 未找到预测 CSV 文件，等待 30 秒后重试...
2025-01-11 04:57:42,822 - 未找到预测 CSV 文件，等待 30 秒后重试...
2025-01-11 04:58:12,832 - 未找到预测 CSV 文件，等待 30 秒后重试...
2025-01-11 04:58:42,836 - 未找到预测 CSV 文件，等待 30 秒后重试...
2025-01-11 04:59:12,844 - 未找到预测 CSV 文件，等待 30 秒后重试...
2025-01-11 04:59:42,848 - 未找到预测 CSV 文件，等待 30 秒后重试...
2025-01-11 05:00:12,862 - 未找到预测 CSV 文件，等待 30 秒后重试...
2025-01-11 05:00:42,864 - 未找到预测 CSV 文件，等待 30 秒后重试...
2025-01-11 05:01:12,868 - 未找到预测 CSV 文件，等待 30 秒后重试...
2025-01-11 05:01:42,881 - 未找到预测 CSV 文件，等待 30 秒后重试...
2025-01-11 05:02:12,895 - 未找到预测 CSV 文件，等待 30 秒后重试...
2025-01-11 05:02:42,899 - 未找到预测 CSV 文件，等待 30 秒后重试...
2025-01-11 05:03:12,910 - 未找到预测 CSV 文件，等待 30 秒后重试...
2025-01-11 05:03:42,926 - 未找到预测 CSV 文件，等待 30 秒后重试...
2025-01-11 05:04:12,933 - 未找到预测 CSV 文件，等待 30 秒后重试...
2025-01-11 05:04:42,941 - 未找到预测 CSV 文件，等待 30 秒后重试...
2025-01-11 05:05:12,951 - 未找到预测 CSV 文件，等待 30 秒后重试...
2025-01-11 05:05:42,962 - 未找到预测 CSV 文件，等待 30 秒后重试...
2025-01-11 05:06:12,965 - 未找到预测 CSV 文件，等待 30 秒后重试...
2025-01-11 05:06:42,967 - 未找到预测 CSV 文件，等待 30 秒后重试...
2025-01-11 05:07:12,969 - 未找到预测 CSV 文件，等待 30 秒后重试...
2025-01-11 05:07:42,976 - 未找到预测 CSV 文件，等待 30 秒后重试...
2025-01-11 05:08:12,984 - 未找到预测 CSV 文件，等待 30 秒后重试...
2025-01-11 05:08:42,992 - 未找到预测 CSV 文件，等待 30 秒后重试...
2025-01-11 05:09:12,995 - 未找到预测 CSV 文件，等待 30 秒后重试...
2025-01-11 05:09:43,007 - 未找到预测 CSV 文件，等待 30 秒后重试...
2025-01-11 05:10:13,012 - 未找到预测 CSV 文件，等待 30 秒后重试...
2025-01-11 05:10:43,015 - 未找到预测 CSV 文件，等待 30 秒后重试...
2025-01-11 05:11:13,021 - 未找到预测 CSV 文件，等待 30 秒后重试...
2025-01-11 05:11:43,028 - 未找到预测 CSV 文件，等待 30 秒后重试...
2025-01-11 05:12:13,041 - 未找到预测 CSV 文件，等待 30 秒后重试...
2025-01-11 05:12:43,048 - 未找到预测 CSV 文件，等待 30 秒后重试...
2025-01-11 05:13:13,063 - 未找到预测 CSV 文件，等待 30 秒后重试...
2025-01-11 05:13:43,079 - 未找到预测 CSV 文件，等待 30 秒后重试...
2025-01-11 05:14:13,095 - 未找到预测 CSV 文件，等待 30 秒后重试...
2025-01-11 05:14:43,112 - 未找到预测 CSV 文件，等待 30 秒后重试...
2025-01-11 05:15:13,126 - 未找到预测 CSV 文件，等待 30 秒后重试...
2025-01-11 05:15:43,135 - 未找到预测 CSV 文件，等待 30 秒后重试...
2025-01-11 05:16:13,138 - 未找到预测 CSV 文件，等待 30 秒后重试...
2025-01-11 05:16:43,150 - 未找到预测 CSV 文件，等待 30 秒后重试...
2025-01-11 05:17:13,161 - 未找到预测 CSV 文件，等待 30 秒后重试...
2025-01-11 05:17:43,166 - 未找到预测 CSV 文件，等待 30 秒后重试...
2025-01-11 05:18:13,170 - 未找到预测 CSV 文件，等待 30 秒后重试...
2025-01-11 05:18:43,186 - 未找到预测 CSV 文件，等待 30 秒后重试...
2025-01-11 05:19:13,198 - 未找到预测 CSV 文件，等待 30 秒后重试...
2025-01-11 05:19:43,201 - 未找到预测 CSV 文件，等待 30 秒后重试...
2025-01-11 05:20:13,203 - 未找到预测 CSV 文件，等待 30 秒后重试...
2025-01-11 05:20:43,218 - 未找到预测 CSV 文件，等待 30 秒后重试...
2025-01-11 05:21:13,233 - 未找到预测 CSV 文件，等待 30 秒后重试...
2025-01-11 05:21:43,249 - 未找到预测 CSV 文件，等待 30 秒后重试...
2025-01-11 05:22:13,261 - 未找到预测 CSV 文件，等待 30 秒后重试...
2025-01-11 05:22:43,269 - 未找到预测 CSV 文件，等待 30 秒后重试...
2025-01-11 05:23:13,276 - 未找到预测 CSV 文件，等待 30 秒后重试...
2025-01-11 05:23:43,278 - 未找到预测 CSV 文件，等待 30 秒后重试...
2025-01-11 05:24:13,285 - 未找到预测 CSV 文件，等待 30 秒后重试...
2025-01-11 05:24:43,299 - 未找到预测 CSV 文件，等待 30 秒后重试...
2025-01-11 05:25:13,312 - 未找到预测 CSV 文件，等待 30 秒后重试...
2025-01-11 05:25:43,328 - 未找到预测 CSV 文件，等待 30 秒后重试...
2025-01-11 05:26:13,345 - 未找到预测 CSV 文件，等待 30 秒后重试...
2025-01-11 05:26:43,361 - 未找到预测 CSV 文件，等待 30 秒后重试...
2025-01-11 05:27:13,372 - 未找到预测 CSV 文件，等待 30 秒后重试...
2025-01-11 05:27:43,388 - 未找到预测 CSV 文件，等待 30 秒后重试...
2025-01-11 05:28:13,403 - 未找到预测 CSV 文件，等待 30 秒后重试...
2025-01-11 05:28:43,414 - 未找到预测 CSV 文件，等待 30 秒后重试...
2025-01-11 05:29:13,429 - 未找到预测 CSV 文件，等待 30 秒后重试...
2025-01-11 05:29:43,442 - 未找到预测 CSV 文件，等待 30 秒后重试...
2025-01-11 05:30:13,447 - 未找到预测 CSV 文件，等待 30 秒后重试...
2025-01-11 05:30:43,450 - 未找到预测 CSV 文件，等待 30 秒后重试...
2025-01-11 05:31:13,454 - 未找到预测 CSV 文件，等待 30 秒后重试...
2025-01-11 05:31:43,459 - 未找到预测 CSV 文件，等待 30 秒后重试...
2025-01-11 05:32:13,465 - 未找到预测 CSV 文件，等待 30 秒后重试...
2025-01-11 05:32:43,478 - 未找到预测 CSV 文件，等待 30 秒后重试...
2025-01-11 05:33:13,479 - 未找到预测 CSV 文件，等待 30 秒后重试...
2025-01-11 05:33:43,497 - 未找到预测 CSV 文件，等待 30 秒后重试...
2025-01-11 05:34:13,513 - 未找到预测 CSV 文件，等待 30 秒后重试...
2025-01-11 05:34:43,528 - 未找到预测 CSV 文件，等待 30 秒后重试...
2025-01-11 05:35:13,539 - 未找到预测 CSV 文件，等待 30 秒后重试...
2025-01-11 05:35:43,548 - 未找到预测 CSV 文件，等待 30 秒后重试...
2025-01-11 05:36:13,559 - 未找到预测 CSV 文件，等待 30 秒后重试...
2025-01-11 05:36:43,560 - 未找到预测 CSV 文件，等待 30 秒后重试...
2025-01-11 05:37:13,564 - 未找到预测 CSV 文件，等待 30 秒后重试...
2025-01-11 05:37:43,579 - 未找到预测 CSV 文件，等待 30 秒后重试...
2025-01-11 05:38:13,583 - 未找到预测 CSV 文件，等待 30 秒后重试...
2025-01-11 05:38:43,586 - 未找到预测 CSV 文件，等待 30 秒后重试...
2025-01-11 05:39:13,603 - 未找到预测 CSV 文件，等待 30 秒后重试...
2025-01-11 05:39:43,615 - 未找到预测 CSV 文件，等待 30 秒后重试...
2025-01-11 05:40:13,624 - 未找到预测 CSV 文件，等待 30 秒后重试...
2025-01-11 05:40:43,633 - 未找到预测 CSV 文件，等待 30 秒后重试...
2025-01-11 05:41:13,635 - 未找到预测 CSV 文件，等待 30 秒后重试...
2025-01-11 05:41:43,651 - 未找到预测 CSV 文件，等待 30 秒后重试...
2025-01-11 05:42:13,657 - 未找到预测 CSV 文件，等待 30 秒后重试...
2025-01-11 05:42:43,664 - 未找到预测 CSV 文件，等待 30 秒后重试...
2025-01-11 05:43:13,679 - 未找到预测 CSV 文件，等待 30 秒后重试...
2025-01-11 05:43:43,682 - 未找到预测 CSV 文件，等待 30 秒后重试...
2025-01-11 05:44:13,692 - 未找到预测 CSV 文件，等待 30 秒后重试...
2025-01-11 05:44:43,701 - 未找到预测 CSV 文件，等待 30 秒后重试...
2025-01-11 05:45:13,712 - 未找到预测 CSV 文件，等待 30 秒后重试...
2025-01-11 05:45:43,726 - 未找到预测 CSV 文件，等待 30 秒后重试...
2025-01-11 05:46:13,737 - 未找到预测 CSV 文件，等待 30 秒后重试...
2025-01-11 05:46:43,740 - 未找到预测 CSV 文件，等待 30 秒后重试...
2025-01-11 05:47:13,747 - 未找到预测 CSV 文件，等待 30 秒后重试...
2025-01-11 05:47:43,756 - 未找到预测 CSV 文件，等待 30 秒后重试...
2025-01-11 05:48:13,764 - 未找到预测 CSV 文件，等待 30 秒后重试...
2025-01-11 05:48:43,777 - 未找到预测 CSV 文件，等待 30 秒后重试...
2025-01-11 05:49:13,788 - 未找到预测 CSV 文件，等待 30 秒后重试...
2025-01-11 05:49:43,795 - 未找到预测 CSV 文件，等待 30 秒后重试...
2025-01-11 05:50:13,796 - 未找到预测 CSV 文件，等待 30 秒后重试...
2025-01-11 05:50:43,808 - 未找到预测 CSV 文件，等待 30 秒后重试...
2025-01-11 05:51:13,817 - 未找到预测 CSV 文件，等待 30 秒后重试...
2025-01-11 05:51:43,827 - 未找到预测 CSV 文件，等待 30 秒后重试...
2025-01-11 05:52:13,828 - 未找到预测 CSV 文件，等待 30 秒后重试...
2025-01-11 05:52:43,832 - 未找到预测 CSV 文件，等待 30 秒后重试...
2025-01-11 05:53:13,836 - 未找到预测 CSV 文件，等待 30 秒后重试...
2025-01-11 05:53:43,841 - 未找到预测 CSV 文件，等待 30 秒后重试...
2025-01-11 05:54:13,845 - 未找到预测 CSV 文件，等待 30 秒后重试...
2025-01-11 05:54:43,860 - 未找到预测 CSV 文件，等待 30 秒后重试...
2025-01-11 05:55:13,873 - 未找到预测 CSV 文件，等待 30 秒后重试...
2025-01-11 05:55:43,884 - 未找到预测 CSV 文件，等待 30 秒后重试...
2025-01-11 05:56:13,893 - 未找到预测 CSV 文件，等待 30 秒后重试...
2025-01-11 05:56:43,901 - 未找到预测 CSV 文件，等待 30 秒后重试...
2025-01-11 05:57:13,905 - 未找到预测 CSV 文件，等待 30 秒后重试...
2025-01-11 05:57:43,906 - 未找到预测 CSV 文件，等待 30 秒后重试...
2025-01-11 05:58:13,910 - 未找到预测 CSV 文件，等待 30 秒后重试...
2025-01-11 05:58:43,919 - 未找到预测 CSV 文件，等待 30 秒后重试...
2025-01-11 05:59:13,930 - 未找到预测 CSV 文件，等待 30 秒后重试...
2025-01-11 05:59:43,946 - 未找到预测 CSV 文件，等待 30 秒后重试...
2025-01-11 06:00:13,957 - 未找到预测 CSV 文件，等待 30 秒后重试...
2025-01-11 06:00:43,963 - 未找到预测 CSV 文件，等待 30 秒后重试...
2025-01-11 06:01:13,972 - 未找到预测 CSV 文件，等待 30 秒后重试...
2025-01-11 06:01:43,982 - 未找到预测 CSV 文件，等待 30 秒后重试...
2025-01-11 06:02:13,985 - 未找到预测 CSV 文件，等待 30 秒后重试...
2025-01-11 06:02:43,990 - 未找到预测 CSV 文件，等待 30 秒后重试...
2025-01-11 06:03:14,000 - 未找到预测 CSV 文件，等待 30 秒后重试...
2025-01-11 06:03:44,008 - 未找到预测 CSV 文件，等待 30 秒后重试...
2025-01-11 06:04:14,017 - 未找到预测 CSV 文件，等待 30 秒后重试...
2025-01-11 06:04:44,034 - 未找到预测 CSV 文件，等待 30 秒后重试...
2025-01-11 06:05:14,036 - 未找到预测 CSV 文件，等待 30 秒后重试...
2025-01-11 06:05:44,041 - 未找到预测 CSV 文件，等待 30 秒后重试...
2025-01-11 06:06:14,054 - 未找到预测 CSV 文件，等待 30 秒后重试...
2025-01-11 06:06:44,064 - 未找到预测 CSV 文件，等待 30 秒后重试...
2025-01-11 06:07:14,078 - 未找到预测 CSV 文件，等待 30 秒后重试...
2025-01-11 06:07:44,086 - 未找到预测 CSV 文件，等待 30 秒后重试...
2025-01-11 06:08:14,102 - 未找到预测 CSV 文件，等待 30 秒后重试...
2025-01-11 06:08:44,106 - 未找到预测 CSV 文件，等待 30 秒后重试...
2025-01-11 06:09:14,116 - 未找到预测 CSV 文件，等待 30 秒后重试...
2025-01-11 06:09:44,126 - 未找到预测 CSV 文件，等待 30 秒后重试...
2025-01-11 06:10:14,138 - 未找到预测 CSV 文件，等待 30 秒后重试...
2025-01-11 06:10:44,150 - 未找到预测 CSV 文件，等待 30 秒后重试...
2025-01-11 06:11:14,162 - 未找到预测 CSV 文件，等待 30 秒后重试...
2025-01-11 06:11:44,177 - 未找到预测 CSV 文件，等待 30 秒后重试...
2025-01-11 06:12:14,189 - 未找到预测 CSV 文件，等待 30 秒后重试...
2025-01-11 06:12:44,205 - 未找到预测 CSV 文件，等待 30 秒后重试...
2025-01-11 06:13:14,210 - 未找到预测 CSV 文件，等待 30 秒后重试...
2025-01-11 06:13:44,212 - 未找到预测 CSV 文件，等待 30 秒后重试...
2025-01-11 06:14:14,222 - 未找到预测 CSV 文件，等待 30 秒后重试...
2025-01-11 06:14:44,228 - 未找到预测 CSV 文件，等待 30 秒后重试...
2025-01-11 06:15:14,244 - 未找到预测 CSV 文件，等待 30 秒后重试...
2025-01-11 06:15:44,247 - 未找到预测 CSV 文件，等待 30 秒后重试...
2025-01-11 06:16:14,249 - 未找到预测 CSV 文件，等待 30 秒后重试...
2025-01-11 06:16:44,261 - 未找到预测 CSV 文件，等待 30 秒后重试...
2025-01-11 06:17:14,267 - 未找到预测 CSV 文件，等待 30 秒后重试...
2025-01-11 06:17:44,281 - 未找到预测 CSV 文件，等待 30 秒后重试...
2025-01-11 06:18:14,291 - 未找到预测 CSV 文件，等待 30 秒后重试...
2025-01-11 06:18:44,304 - 未找到预测 CSV 文件，等待 30 秒后重试...
2025-01-11 06:19:14,310 - 未找到预测 CSV 文件，等待 30 秒后重试...
2025-01-11 06:19:44,326 - 未找到预测 CSV 文件，等待 30 秒后重试...
2025-01-11 06:20:14,328 - 未找到预测 CSV 文件，等待 30 秒后重试...
2025-01-11 06:20:44,339 - 未找到预测 CSV 文件，等待 30 秒后重试...
2025-01-11 06:21:14,346 - 未找到预测 CSV 文件，等待 30 秒后重试...
2025-01-11 06:21:44,358 - 未找到预测 CSV 文件，等待 30 秒后重试...
2025-01-11 06:22:14,371 - 未找到预测 CSV 文件，等待 30 秒后重试...
2025-01-11 06:22:44,386 - 未找到预测 CSV 文件，等待 30 秒后重试...
2025-01-11 06:23:14,398 - 未找到预测 CSV 文件，等待 30 秒后重试...
2025-01-11 06:23:44,404 - 未找到预测 CSV 文件，等待 30 秒后重试...
2025-01-11 06:24:14,410 - 未找到预测 CSV 文件，等待 30 秒后重试...
2025-01-11 06:24:44,427 - 未找到预测 CSV 文件，等待 30 秒后重试...
2025-01-11 06:25:14,432 - 未找到预测 CSV 文件，等待 30 秒后重试...
2025-01-11 06:25:44,441 - 未找到预测 CSV 文件，等待 30 秒后重试...
2025-01-11 06:26:14,445 - 未找到预测 CSV 文件，等待 30 秒后重试...
2025-01-11 06:26:44,449 - 未找到预测 CSV 文件，等待 30 秒后重试...
2025-01-11 06:27:14,455 - 未找到预测 CSV 文件，等待 30 秒后重试...
2025-01-11 06:27:44,462 - 未找到预测 CSV 文件，等待 30 秒后重试...
2025-01-11 06:28:14,472 - 未找到预测 CSV 文件，等待 30 秒后重试...
2025-01-11 06:28:44,483 - 未找到预测 CSV 文件，等待 30 秒后重试...
2025-01-11 06:29:14,498 - 未找到预测 CSV 文件，等待 30 秒后重试...
2025-01-11 06:29:44,513 - 未找到预测 CSV 文件，等待 30 秒后重试...
2025-01-11 06:30:14,522 - 未找到预测 CSV 文件，等待 30 秒后重试...
2025-01-11 06:30:44,523 - 未找到预测 CSV 文件，等待 30 秒后重试...
2025-01-11 06:31:14,537 - 未找到预测 CSV 文件，等待 30 秒后重试...
2025-01-11 06:31:44,540 - 未找到预测 CSV 文件，等待 30 秒后重试...
2025-01-11 06:32:14,556 - 未找到预测 CSV 文件，等待 30 秒后重试...
2025-01-11 06:32:44,571 - 未找到预测 CSV 文件，等待 30 秒后重试...
2025-01-11 06:33:14,587 - 未找到预测 CSV 文件，等待 30 秒后重试...
2025-01-11 06:33:44,594 - 未找到预测 CSV 文件，等待 30 秒后重试...
2025-01-11 06:34:14,605 - 未找到预测 CSV 文件，等待 30 秒后重试...
2025-01-11 06:34:44,610 - 未找到预测 CSV 文件，等待 30 秒后重试...
2025-01-11 06:35:14,616 - 未找到预测 CSV 文件，等待 30 秒后重试...
2025-01-11 06:35:44,627 - 未找到预测 CSV 文件，等待 30 秒后重试...
2025-01-11 06:36:14,641 - 未找到预测 CSV 文件，等待 30 秒后重试...
2025-01-11 06:36:44,643 - 未找到预测 CSV 文件，等待 30 秒后重试...
2025-01-11 06:37:14,648 - 未找到预测 CSV 文件，等待 30 秒后重试...
2025-01-11 06:37:44,664 - 未找到预测 CSV 文件，等待 30 秒后重试...
2025-01-11 06:38:14,675 - 未找到预测 CSV 文件，等待 30 秒后重试...
2025-01-11 06:38:44,681 - 未找到预测 CSV 文件，等待 30 秒后重试...
2025-01-11 06:39:14,693 - 未找到预测 CSV 文件，等待 30 秒后重试...
2025-01-11 06:39:44,704 - 未找到预测 CSV 文件，等待 30 秒后重试...
2025-01-11 06:40:14,708 - 未找到预测 CSV 文件，等待 30 秒后重试...
2025-01-11 06:40:44,709 - 未找到预测 CSV 文件，等待 30 秒后重试...
2025-01-11 06:41:14,719 - 未找到预测 CSV 文件，等待 30 秒后重试...
2025-01-11 06:41:44,726 - 未找到预测 CSV 文件，等待 30 秒后重试...
2025-01-11 06:42:14,743 - 未找到预测 CSV 文件，等待 30 秒后重试...
2025-01-11 06:42:44,754 - 未找到预测 CSV 文件，等待 30 秒后重试...
2025-01-11 06:43:14,757 - 未找到预测 CSV 文件，等待 30 秒后重试...
2025-01-11 06:43:44,766 - 未找到预测 CSV 文件，等待 30 秒后重试...
2025-01-11 06:44:14,779 - 未找到预测 CSV 文件，等待 30 秒后重试...
2025-01-11 06:44:44,787 - 未找到预测 CSV 文件，等待 30 秒后重试...
2025-01-11 06:45:14,799 - 未找到预测 CSV 文件，等待 30 秒后重试...
2025-01-11 06:45:44,800 - 未找到预测 CSV 文件，等待 30 秒后重试...
2025-01-11 06:46:14,813 - 未找到预测 CSV 文件，等待 30 秒后重试...
2025-01-11 06:46:44,816 - 未找到预测 CSV 文件，等待 30 秒后重试...
2025-01-11 06:47:14,832 - 未找到预测 CSV 文件，等待 30 秒后重试...
2025-01-11 06:47:44,840 - 未找到预测 CSV 文件，等待 30 秒后重试...
2025-01-11 06:48:14,846 - 未找到预测 CSV 文件，等待 30 秒后重试...
2025-01-11 06:48:44,849 - 未找到预测 CSV 文件，等待 30 秒后重试...
2025-01-11 06:49:14,856 - 未找到预测 CSV 文件，等待 30 秒后重试...
2025-01-11 06:49:44,870 - 未找到预测 CSV 文件，等待 30 秒后重试...
2025-01-11 06:50:14,872 - 未找到预测 CSV 文件，等待 30 秒后重试...
2025-01-11 06:50:44,873 - 未找到预测 CSV 文件，等待 30 秒后重试...
2025-01-11 06:51:14,881 - 未找到预测 CSV 文件，等待 30 秒后重试...
2025-01-11 06:51:44,887 - 未找到预测 CSV 文件，等待 30 秒后重试...
2025-01-11 06:52:14,889 - 未找到预测 CSV 文件，等待 30 秒后重试...
2025-01-11 06:52:44,906 - 未找到预测 CSV 文件，等待 30 秒后重试...
2025-01-11 06:53:14,915 - 未找到预测 CSV 文件，等待 30 秒后重试...
2025-01-11 06:53:44,930 - 未找到预测 CSV 文件，等待 30 秒后重试...
2025-01-11 06:54:14,939 - 未找到预测 CSV 文件，等待 30 秒后重试...
2025-01-11 06:54:44,948 - 未找到预测 CSV 文件，等待 30 秒后重试...
2025-01-11 06:55:14,953 - 未找到预测 CSV 文件，等待 30 秒后重试...
2025-01-11 06:55:44,964 - 未找到预测 CSV 文件，等待 30 秒后重试...
2025-01-11 06:56:14,974 - 未找到预测 CSV 文件，等待 30 秒后重试...
2025-01-11 06:56:44,984 - 未找到预测 CSV 文件，等待 30 秒后重试...
2025-01-11 06:57:14,990 - 未找到预测 CSV 文件，等待 30 秒后重试...
2025-01-11 06:57:44,998 - 未找到预测 CSV 文件，等待 30 秒后重试...
2025-01-11 06:58:15,012 - 未找到预测 CSV 文件，等待 30 秒后重试...
2025-01-11 06:58:45,016 - 未找到预测 CSV 文件，等待 30 秒后重试...
2025-01-11 06:59:15,026 - 未找到预测 CSV 文件，等待 30 秒后重试...
2025-01-11 06:59:45,034 - 未找到预测 CSV 文件，等待 30 秒后重试...
2025-01-11 07:00:15,049 - 未找到预测 CSV 文件，等待 30 秒后重试...
2025-01-11 07:00:45,060 - 未找到预测 CSV 文件，等待 30 秒后重试...
2025-01-11 07:01:15,064 - 未找到预测 CSV 文件，等待 30 秒后重试...
2025-01-11 07:01:45,073 - 未找到预测 CSV 文件，等待 30 秒后重试...
2025-01-11 07:02:15,084 - 未找到预测 CSV 文件，等待 30 秒后重试...
2025-01-11 07:02:45,096 - 未找到预测 CSV 文件，等待 30 秒后重试...
2025-01-11 07:03:15,101 - 未找到预测 CSV 文件，等待 30 秒后重试...
2025-01-11 07:03:45,116 - 未找到预测 CSV 文件，等待 30 秒后重试...
2025-01-11 07:04:15,120 - 未找到预测 CSV 文件，等待 30 秒后重试...
2025-01-11 07:04:45,134 - 未找到预测 CSV 文件，等待 30 秒后重试...
2025-01-11 07:05:15,141 - 未找到预测 CSV 文件，等待 30 秒后重试...
2025-01-11 07:05:45,148 - 未找到预测 CSV 文件，等待 30 秒后重试...
2025-01-11 07:06:15,155 - 未找到预测 CSV 文件，等待 30 秒后重试...
2025-01-11 07:06:45,160 - 未找到预测 CSV 文件，等待 30 秒后重试...
2025-01-11 07:07:15,177 - 未找到预测 CSV 文件，等待 30 秒后重试...
2025-01-11 07:07:45,189 - 未找到预测 CSV 文件，等待 30 秒后重试...
2025-01-11 07:08:15,203 - 未找到预测 CSV 文件，等待 30 秒后重试...
2025-01-11 07:08:45,207 - 未找到预测 CSV 文件，等待 30 秒后重试...
2025-01-11 07:09:15,223 - 未找到预测 CSV 文件，等待 30 秒后重试...
2025-01-11 07:09:45,232 - 未找到预测 CSV 文件，等待 30 秒后重试...
2025-01-11 07:10:15,247 - 未找到预测 CSV 文件，等待 30 秒后重试...
2025-01-11 07:10:45,259 - 未找到预测 CSV 文件，等待 30 秒后重试...
2025-01-11 07:11:15,261 - 未找到预测 CSV 文件，等待 30 秒后重试...
2025-01-11 07:11:45,271 - 未找到预测 CSV 文件，等待 30 秒后重试...
2025-01-11 07:12:15,281 - 未找到预测 CSV 文件，等待 30 秒后重试...
2025-01-11 07:12:45,289 - 未找到预测 CSV 文件，等待 30 秒后重试...
2025-01-11 07:13:15,292 - 未找到预测 CSV 文件，等待 30 秒后重试...
2025-01-11 07:13:45,301 - 未找到预测 CSV 文件，等待 30 秒后重试...
2025-01-11 07:14:15,306 - 未找到预测 CSV 文件，等待 30 秒后重试...
2025-01-11 07:14:45,309 - 未找到预测 CSV 文件，等待 30 秒后重试...
2025-01-11 07:15:15,314 - 未找到预测 CSV 文件，等待 30 秒后重试...
2025-01-11 07:15:45,330 - 未找到预测 CSV 文件，等待 30 秒后重试...
2025-01-11 07:16:15,342 - 未找到预测 CSV 文件，等待 30 秒后重试...
2025-01-11 07:16:45,354 - 未找到预测 CSV 文件，等待 30 秒后重试...
2025-01-11 07:17:15,366 - 未找到预测 CSV 文件，等待 30 秒后重试...
2025-01-11 07:17:45,377 - 未找到预测 CSV 文件，等待 30 秒后重试...
2025-01-11 07:18:15,382 - 未找到预测 CSV 文件，等待 30 秒后重试...
2025-01-11 07:18:45,397 - 未找到预测 CSV 文件，等待 30 秒后重试...
2025-01-11 07:19:15,408 - 未找到预测 CSV 文件，等待 30 秒后重试...
2025-01-11 07:19:45,423 - 未找到预测 CSV 文件，等待 30 秒后重试...
2025-01-11 07:20:15,430 - 未找到预测 CSV 文件，等待 30 秒后重试...
2025-01-11 07:20:45,435 - 未找到预测 CSV 文件，等待 30 秒后重试...
2025-01-11 07:21:15,442 - 未找到预测 CSV 文件，等待 30 秒后重试...
2025-01-11 07:21:45,453 - 未找到预测 CSV 文件，等待 30 秒后重试...
2025-01-11 07:22:15,466 - 未找到预测 CSV 文件，等待 30 秒后重试...
2025-01-11 07:22:45,481 - 未找到预测 CSV 文件，等待 30 秒后重试...
2025-01-11 07:23:15,491 - 未找到预测 CSV 文件，等待 30 秒后重试...
2025-01-11 07:23:45,496 - 未找到预测 CSV 文件，等待 30 秒后重试...
2025-01-11 07:24:15,501 - 未找到预测 CSV 文件，等待 30 秒后重试...
2025-01-11 07:24:45,514 - 未找到预测 CSV 文件，等待 30 秒后重试...
2025-01-11 07:25:15,521 - 未找到预测 CSV 文件，等待 30 秒后重试...
2025-01-11 07:25:45,523 - 未找到预测 CSV 文件，等待 30 秒后重试...
2025-01-11 07:26:15,535 - 未找到预测 CSV 文件，等待 30 秒后重试...
2025-01-11 07:26:45,549 - 未找到预测 CSV 文件，等待 30 秒后重试...
2025-01-11 07:27:15,554 - 未找到预测 CSV 文件，等待 30 秒后重试...
2025-01-11 07:27:45,561 - 未找到预测 CSV 文件，等待 30 秒后重试...
2025-01-11 07:28:15,575 - 未找到预测 CSV 文件，等待 30 秒后重试...
2025-01-11 07:28:45,582 - 未找到预测 CSV 文件，等待 30 秒后重试...
2025-01-11 07:29:15,585 - 未找到预测 CSV 文件，等待 30 秒后重试...
2025-01-11 07:29:45,590 - 未找到预测 CSV 文件，等待 30 秒后重试...
2025-01-11 07:30:15,601 - 未找到预测 CSV 文件，等待 30 秒后重试...
2025-01-11 07:30:45,609 - 未找到预测 CSV 文件，等待 30 秒后重试...
2025-01-11 07:31:15,611 - 未找到预测 CSV 文件，等待 30 秒后重试...
2025-01-11 07:31:45,614 - 未找到预测 CSV 文件，等待 30 秒后重试...
2025-01-11 07:32:15,629 - 未找到预测 CSV 文件，等待 30 秒后重试...
2025-01-11 07:32:45,644 - 未找到预测 CSV 文件，等待 30 秒后重试...
2025-01-11 07:33:15,649 - 未找到预测 CSV 文件，等待 30 秒后重试...
2025-01-11 07:33:45,652 - 未找到预测 CSV 文件，等待 30 秒后重试...
2025-01-11 07:34:15,667 - 未找到预测 CSV 文件，等待 30 秒后重试...
2025-01-11 07:34:45,681 - 未找到预测 CSV 文件，等待 30 秒后重试...
2025-01-11 07:35:15,692 - 未找到预测 CSV 文件，等待 30 秒后重试...
2025-01-11 07:35:45,696 - 未找到预测 CSV 文件，等待 30 秒后重试...
2025-01-11 07:36:15,710 - 未找到预测 CSV 文件，等待 30 秒后重试...
2025-01-11 07:36:45,716 - 未找到预测 CSV 文件，等待 30 秒后重试...
2025-01-11 07:37:15,731 - 未找到预测 CSV 文件，等待 30 秒后重试...
2025-01-11 07:37:45,735 - 未找到预测 CSV 文件，等待 30 秒后重试...
2025-01-11 07:38:15,739 - 未找到预测 CSV 文件，等待 30 秒后重试...
2025-01-11 07:38:45,748 - 未找到预测 CSV 文件，等待 30 秒后重试...
2025-01-11 07:39:15,759 - 未找到预测 CSV 文件，等待 30 秒后重试...
2025-01-11 07:39:45,775 - 未找到预测 CSV 文件，等待 30 秒后重试...
2025-01-11 07:40:15,787 - 未找到预测 CSV 文件，等待 30 秒后重试...
2025-01-11 07:40:45,803 - 未找到预测 CSV 文件，等待 30 秒后重试...
2025-01-11 07:41:15,805 - 未找到预测 CSV 文件，等待 30 秒后重试...
2025-01-11 07:41:45,809 - 未找到预测 CSV 文件，等待 30 秒后重试...
2025-01-11 07:42:15,822 - 未找到预测 CSV 文件，等待 30 秒后重试...
2025-01-11 07:42:45,829 - 未找到预测 CSV 文件，等待 30 秒后重试...
2025-01-11 07:43:15,844 - 未找到预测 CSV 文件，等待 30 秒后重试...
2025-01-11 07:43:45,847 - 未找到预测 CSV 文件，等待 30 秒后重试...
2025-01-11 07:44:15,859 - 未找到预测 CSV 文件，等待 30 秒后重试...
2025-01-11 07:44:45,866 - 未找到预测 CSV 文件，等待 30 秒后重试...
2025-01-11 07:45:15,874 - 未找到预测 CSV 文件，等待 30 秒后重试...
2025-01-11 07:45:45,885 - 未找到预测 CSV 文件，等待 30 秒后重试...
2025-01-11 07:46:15,888 - 未找到预测 CSV 文件，等待 30 秒后重试...
2025-01-11 07:46:45,904 - 未找到预测 CSV 文件，等待 30 秒后重试...
2025-01-11 07:47:15,914 - 未找到预测 CSV 文件，等待 30 秒后重试...
2025-01-11 07:47:45,928 - 未找到预测 CSV 文件，等待 30 秒后重试...
2025-01-11 07:48:15,944 - 未找到预测 CSV 文件，等待 30 秒后重试...
2025-01-11 07:48:45,957 - 未找到预测 CSV 文件，等待 30 秒后重试...
2025-01-11 07:49:15,975 - 未找到预测 CSV 文件，等待 30 秒后重试...
2025-01-11 07:49:45,993 - 未找到预测 CSV 文件，等待 30 秒后重试...
2025-01-11 07:50:16,005 - 未找到预测 CSV 文件，等待 30 秒后重试...
2025-01-11 07:50:46,009 - 未找到预测 CSV 文件，等待 30 秒后重试...
2025-01-11 07:51:16,011 - 未找到预测 CSV 文件，等待 30 秒后重试...
2025-01-11 07:51:46,021 - 未找到预测 CSV 文件，等待 30 秒后重试...
2025-01-11 07:52:16,028 - 未找到预测 CSV 文件，等待 30 秒后重试...
2025-01-11 07:52:46,043 - 未找到预测 CSV 文件，等待 30 秒后重试...
2025-01-11 07:53:16,054 - 未找到预测 CSV 文件，等待 30 秒后重试...
2025-01-11 07:53:46,059 - 未找到预测 CSV 文件，等待 30 秒后重试...
2025-01-11 07:54:16,062 - 未找到预测 CSV 文件，等待 30 秒后重试...
2025-01-11 07:54:46,072 - 未找到预测 CSV 文件，等待 30 秒后重试...
2025-01-11 07:55:16,076 - 未找到预测 CSV 文件，等待 30 秒后重试...
2025-01-11 07:55:46,088 - 未找到预测 CSV 文件，等待 30 秒后重试...
2025-01-11 07:56:16,104 - 未找到预测 CSV 文件，等待 30 秒后重试...
2025-01-11 07:56:46,119 - 未找到预测 CSV 文件，等待 30 秒后重试...
2025-01-11 07:57:16,132 - 未找到预测 CSV 文件，等待 30 秒后重试...
2025-01-11 07:57:46,136 - 未找到预测 CSV 文件，等待 30 秒后重试...
2025-01-11 07:58:16,139 - 未找到预测 CSV 文件，等待 30 秒后重试...
2025-01-11 07:58:46,142 - 未找到预测 CSV 文件，等待 30 秒后重试...
2025-01-11 07:59:16,159 - 未找到预测 CSV 文件，等待 30 秒后重试...
2025-01-11 07:59:46,163 - 未找到预测 CSV 文件，等待 30 秒后重试...
2025-01-11 08:00:16,179 - 未找到预测 CSV 文件，等待 30 秒后重试...
2025-01-11 08:00:46,179 - 未找到预测 CSV 文件，等待 30 秒后重试...
2025-01-11 08:01:16,190 - 未找到预测 CSV 文件，等待 30 秒后重试...
2025-01-11 08:01:46,205 - 未找到预测 CSV 文件，等待 30 秒后重试...
2025-01-11 08:02:16,207 - 未找到预测 CSV 文件，等待 30 秒后重试...
2025-01-11 08:02:46,210 - 未找到预测 CSV 文件，等待 30 秒后重试...
2025-01-11 08:03:16,215 - 未找到预测 CSV 文件，等待 30 秒后重试...
2025-01-11 08:03:46,230 - 未找到预测 CSV 文件，等待 30 秒后重试...
2025-01-11 08:04:16,239 - 未找到预测 CSV 文件，等待 30 秒后重试...
2025-01-11 08:04:46,242 - 未找到预测 CSV 文件，等待 30 秒后重试...
2025-01-11 08:05:16,248 - 未找到预测 CSV 文件，等待 30 秒后重试...
2025-01-11 08:05:46,262 - 未找到预测 CSV 文件，等待 30 秒后重试...
2025-01-11 08:06:16,273 - 未找到预测 CSV 文件，等待 30 秒后重试...
2025-01-11 08:06:46,287 - 未找到预测 CSV 文件，等待 30 秒后重试...
2025-01-11 08:07:16,291 - 未找到预测 CSV 文件，等待 30 秒后重试...
2025-01-11 08:07:46,295 - 未找到预测 CSV 文件，等待 30 秒后重试...
2025-01-11 08:08:16,309 - 未找到预测 CSV 文件，等待 30 秒后重试...
2025-01-11 08:08:46,316 - 未找到预测 CSV 文件，等待 30 秒后重试...
2025-01-11 08:09:16,329 - 未找到预测 CSV 文件，等待 30 秒后重试...
2025-01-11 08:09:46,340 - 未找到预测 CSV 文件，等待 30 秒后重试...
2025-01-11 08:10:16,356 - 未找到预测 CSV 文件，等待 30 秒后重试...
2025-01-11 08:10:46,370 - 未找到预测 CSV 文件，等待 30 秒后重试...
2025-01-11 08:11:16,374 - 未找到预测 CSV 文件，等待 30 秒后重试...
2025-01-11 08:11:46,389 - 未找到预测 CSV 文件，等待 30 秒后重试...
2025-01-11 08:12:16,406 - 未找到预测 CSV 文件，等待 30 秒后重试...
2025-01-11 08:12:46,419 - 未找到预测 CSV 文件，等待 30 秒后重试...
2025-01-11 08:13:16,433 - 未找到预测 CSV 文件，等待 30 秒后重试...
2025-01-11 08:13:46,448 - 未找到预测 CSV 文件，等待 30 秒后重试...
2025-01-11 08:14:16,453 - 未找到预测 CSV 文件，等待 30 秒后重试...
2025-01-11 08:14:46,457 - 未找到预测 CSV 文件，等待 30 秒后重试...
2025-01-11 08:15:16,473 - 未找到预测 CSV 文件，等待 30 秒后重试...
2025-01-11 08:15:46,481 - 未找到预测 CSV 文件，等待 30 秒后重试...
2025-01-11 08:16:16,496 - 未找到预测 CSV 文件，等待 30 秒后重试...
2025-01-11 08:16:46,499 - 未找到预测 CSV 文件，等待 30 秒后重试...
2025-01-11 08:17:16,508 - 未找到预测 CSV 文件，等待 30 秒后重试...
2025-01-11 08:17:46,515 - 未找到预测 CSV 文件，等待 30 秒后重试...
2025-01-11 08:18:16,528 - 未找到预测 CSV 文件，等待 30 秒后重试...
2025-01-11 08:18:46,539 - 未找到预测 CSV 文件，等待 30 秒后重试...
2025-01-11 08:19:16,544 - 未找到预测 CSV 文件，等待 30 秒后重试...
2025-01-11 08:19:46,547 - 未找到预测 CSV 文件，等待 30 秒后重试...
2025-01-11 08:20:16,559 - 未找到预测 CSV 文件，等待 30 秒后重试...
2025-01-11 08:20:46,571 - 未找到预测 CSV 文件，等待 30 秒后重试...
2025-01-11 08:21:16,576 - 未找到预测 CSV 文件，等待 30 秒后重试...
2025-01-11 08:21:46,589 - 未找到预测 CSV 文件，等待 30 秒后重试...
2025-01-11 08:22:16,599 - 未找到预测 CSV 文件，等待 30 秒后重试...
2025-01-11 08:22:46,603 - 未找到预测 CSV 文件，等待 30 秒后重试...
2025-01-11 08:23:16,609 - 未找到预测 CSV 文件，等待 30 秒后重试...
2025-01-11 08:23:46,610 - 未找到预测 CSV 文件，等待 30 秒后重试...
2025-01-11 08:24:16,627 - 未找到预测 CSV 文件，等待 30 秒后重试...
2025-01-11 08:24:46,630 - 未找到预测 CSV 文件，等待 30 秒后重试...
2025-01-11 08:25:16,631 - 未找到预测 CSV 文件，等待 30 秒后重试...
2025-01-11 08:25:46,643 - 未找到预测 CSV 文件，等待 30 秒后重试...
2025-01-11 08:26:16,661 - 未找到预测 CSV 文件，等待 30 秒后重试...
2025-01-11 08:26:46,674 - 未找到预测 CSV 文件，等待 30 秒后重试...
2025-01-11 08:27:16,689 - 未找到预测 CSV 文件，等待 30 秒后重试...
2025-01-11 08:27:46,700 - 未找到预测 CSV 文件，等待 30 秒后重试...
2025-01-11 08:28:16,709 - 未找到预测 CSV 文件，等待 30 秒后重试...
2025-01-11 08:28:46,711 - 未找到预测 CSV 文件，等待 30 秒后重试...
2025-01-11 08:29:16,725 - 未找到预测 CSV 文件，等待 30 秒后重试...
2025-01-11 08:29:46,740 - 未找到预测 CSV 文件，等待 30 秒后重试...
2025-01-11 08:30:16,753 - 未找到预测 CSV 文件，等待 30 秒后重试...
2025-01-11 08:30:46,769 - 未找到预测 CSV 文件，等待 30 秒后重试...
2025-01-11 08:31:16,784 - 未找到预测 CSV 文件，等待 30 秒后重试...
2025-01-11 08:31:46,787 - 未找到预测 CSV 文件，等待 30 秒后重试...
2025-01-11 08:32:16,791 - 未找到预测 CSV 文件，等待 30 秒后重试...
2025-01-11 08:32:46,805 - 未找到预测 CSV 文件，等待 30 秒后重试...
2025-01-11 08:33:16,811 - 未找到预测 CSV 文件，等待 30 秒后重试...
2025-01-11 08:33:46,825 - 未找到预测 CSV 文件，等待 30 秒后重试...
2025-01-11 08:34:16,835 - 发现新的预测文件：D:\my-vue-project\wind-power-forecast\backend\auto_scripts\precsv\shortcsv\20250111.csv，执行预测...
2025-01-11 08:34:16,928 - 今天的训练和预测任务已完成。
2025-01-11 14:01:18,471 - 今天的日期是: 20250111
2025-01-11 14:01:18,472 - 开始监视 D:\my-vue-project\wind-power-forecast\backend\auto_scripts\dataset\dataset_short 文件夹以进行训练...
2025-01-11 14:01:18,472 - 今天的训练已经执行过，跳过...
2025-01-11 14:01:18,472 - 开始监视 D:\my-vue-project\wind-power-forecast\backend\auto_scripts\precsv\shortcsv 文件夹以进行预测...
2025-01-11 14:01:18,472 - 今天的预测已经执行过，跳过...
2025-01-11 14:01:18,472 - 今天的训练和预测任务已完成。
2025-01-11 14:15:38,350 - 今天的日期是: 20250111
2025-01-11 14:15:38,351 - 开始监视 D:\my-vue-project\wind-power-forecast\backend\auto_scripts\dataset\dataset_short 文件夹以进行训练...
2025-01-11 14:15:38,352 - 今天的训练已经执行过，跳过...
2025-01-11 14:15:38,352 - 开始监视 D:\my-vue-project\wind-power-forecast\backend\auto_scripts\precsv\shortcsv 文件夹以进行预测...
2025-01-11 14:15:38,352 - 今天的预测已经执行过，跳过...
2025-01-11 14:15:38,352 - 今天的训练和预测任务已完成。
2025-01-11 14:42:56,010 - 今天的日期是: 20250111
2025-01-11 14:42:56,011 - 开始监视 D:\my-vue-project\wind-power-forecast\backend\auto_scripts\dataset\dataset_short 文件夹以进行训练...
2025-01-11 14:42:56,011 - 开始监视 D:\my-vue-project\wind-power-forecast\backend\auto_scripts\precsv\shortcsv 文件夹以进行预测...
2025-01-11 14:42:56,011 - 今天的训练已经执行过，跳过...
2025-01-11 14:42:56,011 - 今天的预测已经执行过，跳过...
2025-01-11 14:42:56,012 - 今天的训练和预测任务已完成。
2025-01-11 14:49:51,283 - 今天的日期是: 20250111
2025-01-11 14:49:51,284 - 开始监视 D:\my-vue-project\wind-power-forecast\backend\auto_scripts\dataset\dataset_short 文件夹以进行训练...
2025-01-11 14:49:51,284 - 开始监视 D:\my-vue-project\wind-power-forecast\backend\auto_scripts\precsv\shortcsv 文件夹以进行预测...
2025-01-11 14:49:51,285 - 今天的训练已经执行过，跳过...
2025-01-11 14:49:51,285 - 今天的预测已经执行过，跳过...
2025-01-11 14:49:51,285 - 今天的训练和预测任务已完成。
2025-01-11 15:14:50,704 - 今天的日期是: 20250111
2025-01-11 15:14:50,707 - 开始监视 D:\my-vue-project\wind-power-forecast\backend\auto_scripts\dataset\dataset_short 文件夹以进行训练...
2025-01-11 15:14:50,707 - 开始监视 D:\my-vue-project\wind-power-forecast\backend\auto_scripts\precsv\shortcsv 文件夹以进行预测...
2025-01-11 15:14:50,707 - 今天的训练已经执行过，跳过...
2025-01-11 15:14:50,707 - 发现新的预测文件：D:\my-vue-project\wind-power-forecast\backend\auto_scripts\precsv\shortcsv\20250111.csv，执行预测...
2025-01-11 15:14:50,890 - 今天的训练和预测任务已完成。
2025-01-11 15:15:49,577 - 今天的日期是: 20250111
2025-01-11 15:15:49,578 - 开始监视 D:\my-vue-project\wind-power-forecast\backend\auto_scripts\dataset\dataset_short 文件夹以进行训练...
2025-01-11 15:15:49,578 - 今天的训练已经执行过，跳过...
2025-01-11 15:15:49,578 - 开始监视 D:\my-vue-project\wind-power-forecast\backend\auto_scripts\precsv\shortcsv 文件夹以进行预测...
2025-01-11 15:15:49,579 - 发现新的预测文件：D:\my-vue-project\wind-power-forecast\backend\auto_scripts\precsv\shortcsv\20250111.csv，执行预测...
2025-01-11 15:15:49,755 - 今天的训练和预测任务已完成。
2025-01-11 15:17:00,904 - 今天的日期是: 20250111
2025-01-11 15:17:00,907 - 开始监视 D:\my-vue-project\wind-power-forecast\backend\auto_scripts\dataset\dataset_short 文件夹以进行训练...
2025-01-11 15:17:00,907 - 开始监视 D:\my-vue-project\wind-power-forecast\backend\auto_scripts\precsv\shortcsv 文件夹以进行预测...
2025-01-11 15:17:00,907 - 今天的训练已经执行过，跳过...
2025-01-11 15:17:00,907 - 发现新的预测文件：D:\my-vue-project\wind-power-forecast\backend\auto_scripts\precsv\shortcsv\20250111.csv，执行预测...
2025-01-11 15:17:01,057 - 今天的训练和预测任务已完成。
2025-01-11 15:20:34,533 - 今天的日期是: 20250111
2025-01-11 15:20:34,534 - 开始监视 D:\my-vue-project\wind-power-forecast\backend\auto_scripts\dataset\dataset_short 文件夹以进行训练...
2025-01-11 15:20:34,534 - 开始监视 D:\my-vue-project\wind-power-forecast\backend\auto_scripts\precsv\shortcsv 文件夹以进行预测...
2025-01-11 15:20:34,534 - 今天的训练已经执行过，跳过...
2025-01-11 15:20:34,534 - 发现新的预测文件：D:\my-vue-project\wind-power-forecast\backend\auto_scripts\precsv\shortcsv\20250111.csv，执行预测...
2025-01-11 15:20:34,703 - 今天的训练和预测任务已完成。
2025-01-11 15:23:56,116 - 今天的日期是: 20250111
2025-01-11 15:23:56,118 - 开始监视 D:\my-vue-project\wind-power-forecast\backend\auto_scripts\dataset\dataset_short 文件夹以进行训练...
2025-01-11 15:23:56,118 - 今天的训练已经执行过，跳过...
2025-01-11 15:23:56,118 - 开始监视 D:\my-vue-project\wind-power-forecast\backend\auto_scripts\precsv\shortcsv 文件夹以进行预测...
2025-01-11 15:23:56,118 - 今天的预测已经执行过，跳过...
2025-01-11 15:23:56,119 - 今天的训练和预测任务已完成。
2025-01-11 20:03:37,783 - 今天的日期是: 20250111
2025-01-11 20:03:37,785 - 开始监视 D:\my-vue-project\wind-power-forecast\backend\auto_scripts\dataset\dataset_short 文件夹以进行训练...
2025-01-11 20:03:37,785 - 今天的训练已经执行过，跳过...
2025-01-11 20:03:37,785 - 开始监视 D:\my-vue-project\wind-power-forecast\backend\auto_scripts\precsv\shortcsv 文件夹以进行预测...
2025-01-11 20:03:37,785 - 今天的预测已经执行过，跳过...
2025-01-11 20:03:37,785 - 今天的训练和预测任务已完成。
