2025-01-13 01:00:11,348 - 今天的日期是: 20250113
2025-01-13 01:00:11,348 - 开始监视 D:\my-vue-project\wind-power-forecast\backend\auto_scripts\dataset\dataset_short 文件夹以进行训练...
2025-01-13 01:00:11,350 - 发现新的训练文件：D:\my-vue-project\wind-power-forecast\backend\auto_scripts\dataset\dataset_short\20250113.csv，执行训练...
2025-01-13 01:00:11,350 - 输出结果将保存到: D:\my-vue-project\wind-power-forecast\backend\auto_scripts\train_predictions\short_predictions
2025-01-13 01:00:11,350 - 开始监视 D:\my-vue-project\wind-power-forecast\backend\auto_scripts\precsv\shortcsv 文件夹以进行预测...
2025-01-13 01:00:11,350 - 未有可用模型，等待模型训练完成...
2025-01-13 01:00:12,536 - 数据加载与预处理完成
2025-01-13 01:00:12,857 - 数据标准化完成
2025-01-13 01:00:13,569 - 创建时间窗口完成
2025-01-13 01:00:13,570 - 获取模型参数完成
2025-01-13 01:00:41,354 - 未有可用模型，等待模型训练完成...
2025-01-13 01:01:11,371 - 未有可用模型，等待模型训练完成...
2025-01-13 01:01:41,382 - 未有可用模型，等待模型训练完成...
2025-01-13 01:02:11,386 - 未有可用模型，等待模型训练完成...
2025-01-13 01:02:41,391 - 未有可用模型，等待模型训练完成...
2025-01-13 01:03:11,395 - 未有可用模型，等待模型训练完成...
2025-01-13 01:03:41,400 - 未有可用模型，等待模型训练完成...
2025-01-13 01:04:11,407 - 未有可用模型，等待模型训练完成...
2025-01-13 01:04:41,418 - 未有可用模型，等待模型训练完成...
2025-01-13 01:05:08,964 - 训练与评估完成
2025-01-13 01:05:09,001 - 保存预测结果完成
2025-01-13 01:05:09,317 - 可视化结果完成
2025-01-13 01:05:09,450 - 模型已成功保存到 D:\my-vue-project\wind-power-forecast\backend\auto_scripts\models\shortmodel\20250113，模型可用。
2025-01-13 01:05:11,430 - 未找到预测 CSV 文件，等待 30 秒后重试...
2025-01-13 01:05:41,435 - 未找到预测 CSV 文件，等待 30 秒后重试...
2025-01-13 01:06:11,437 - 未找到预测 CSV 文件，等待 30 秒后重试...
2025-01-13 01:06:41,448 - 未找到预测 CSV 文件，等待 30 秒后重试...
2025-01-13 01:07:11,452 - 未找到预测 CSV 文件，等待 30 秒后重试...
2025-01-13 01:07:41,453 - 未找到预测 CSV 文件，等待 30 秒后重试...
2025-01-13 01:08:11,467 - 未找到预测 CSV 文件，等待 30 秒后重试...
2025-01-13 01:08:41,471 - 未找到预测 CSV 文件，等待 30 秒后重试...
2025-01-13 01:09:11,481 - 未找到预测 CSV 文件，等待 30 秒后重试...
2025-01-13 01:09:41,484 - 未找到预测 CSV 文件，等待 30 秒后重试...
2025-01-13 01:10:11,493 - 未找到预测 CSV 文件，等待 30 秒后重试...
2025-01-13 01:10:41,508 - 未找到预测 CSV 文件，等待 30 秒后重试...
2025-01-13 01:11:11,519 - 未找到预测 CSV 文件，等待 30 秒后重试...
2025-01-13 01:11:41,522 - 未找到预测 CSV 文件，等待 30 秒后重试...
2025-01-13 01:12:11,523 - 未找到预测 CSV 文件，等待 30 秒后重试...
2025-01-13 01:12:41,530 - 未找到预测 CSV 文件，等待 30 秒后重试...
2025-01-13 01:13:11,539 - 未找到预测 CSV 文件，等待 30 秒后重试...
2025-01-13 01:13:41,547 - 未找到预测 CSV 文件，等待 30 秒后重试...
2025-01-13 01:14:11,555 - 未找到预测 CSV 文件，等待 30 秒后重试...
2025-01-13 01:14:41,557 - 未找到预测 CSV 文件，等待 30 秒后重试...
2025-01-13 01:15:11,562 - 未找到预测 CSV 文件，等待 30 秒后重试...
2025-01-13 01:15:41,566 - 未找到预测 CSV 文件，等待 30 秒后重试...
2025-01-13 01:16:11,572 - 未找到预测 CSV 文件，等待 30 秒后重试...
2025-01-13 01:16:41,586 - 未找到预测 CSV 文件，等待 30 秒后重试...
2025-01-13 01:17:11,598 - 未找到预测 CSV 文件，等待 30 秒后重试...
2025-01-13 01:17:41,607 - 未找到预测 CSV 文件，等待 30 秒后重试...
2025-01-13 01:18:11,610 - 未找到预测 CSV 文件，等待 30 秒后重试...
2025-01-13 01:18:41,626 - 未找到预测 CSV 文件，等待 30 秒后重试...
2025-01-13 01:19:11,638 - 未找到预测 CSV 文件，等待 30 秒后重试...
2025-01-13 01:19:41,647 - 未找到预测 CSV 文件，等待 30 秒后重试...
2025-01-13 01:20:11,662 - 未找到预测 CSV 文件，等待 30 秒后重试...
2025-01-13 01:20:41,663 - 未找到预测 CSV 文件，等待 30 秒后重试...
2025-01-13 01:21:11,669 - 未找到预测 CSV 文件，等待 30 秒后重试...
2025-01-13 01:21:41,670 - 未找到预测 CSV 文件，等待 30 秒后重试...
2025-01-13 01:22:11,679 - 未找到预测 CSV 文件，等待 30 秒后重试...
2025-01-13 01:22:41,681 - 未找到预测 CSV 文件，等待 30 秒后重试...
2025-01-13 01:23:11,685 - 未找到预测 CSV 文件，等待 30 秒后重试...
2025-01-13 01:23:41,688 - 未找到预测 CSV 文件，等待 30 秒后重试...
2025-01-13 01:24:11,704 - 未找到预测 CSV 文件，等待 30 秒后重试...
2025-01-13 01:24:41,714 - 未找到预测 CSV 文件，等待 30 秒后重试...
2025-01-13 01:25:11,724 - 未找到预测 CSV 文件，等待 30 秒后重试...
2025-01-13 01:25:41,738 - 未找到预测 CSV 文件，等待 30 秒后重试...
2025-01-13 01:26:11,741 - 未找到预测 CSV 文件，等待 30 秒后重试...
2025-01-13 01:26:41,752 - 未找到预测 CSV 文件，等待 30 秒后重试...
2025-01-13 01:27:11,754 - 未找到预测 CSV 文件，等待 30 秒后重试...
2025-01-13 01:27:41,765 - 未找到预测 CSV 文件，等待 30 秒后重试...
2025-01-13 01:28:11,777 - 未找到预测 CSV 文件，等待 30 秒后重试...
2025-01-13 01:28:41,788 - 未找到预测 CSV 文件，等待 30 秒后重试...
2025-01-13 01:29:11,793 - 未找到预测 CSV 文件，等待 30 秒后重试...
2025-01-13 01:29:41,795 - 未找到预测 CSV 文件，等待 30 秒后重试...
2025-01-13 01:30:11,809 - 未找到预测 CSV 文件，等待 30 秒后重试...
2025-01-13 01:30:41,811 - 未找到预测 CSV 文件，等待 30 秒后重试...
2025-01-13 01:31:11,813 - 未找到预测 CSV 文件，等待 30 秒后重试...
2025-01-13 01:31:41,821 - 未找到预测 CSV 文件，等待 30 秒后重试...
2025-01-13 01:32:11,825 - 未找到预测 CSV 文件，等待 30 秒后重试...
2025-01-13 01:32:41,834 - 未找到预测 CSV 文件，等待 30 秒后重试...
2025-01-13 01:33:11,839 - 未找到预测 CSV 文件，等待 30 秒后重试...
2025-01-13 01:33:41,844 - 未找到预测 CSV 文件，等待 30 秒后重试...
2025-01-13 01:34:11,846 - 未找到预测 CSV 文件，等待 30 秒后重试...
2025-01-13 01:34:41,861 - 未找到预测 CSV 文件，等待 30 秒后重试...
2025-01-13 01:35:11,877 - 未找到预测 CSV 文件，等待 30 秒后重试...
2025-01-13 01:35:41,884 - 未找到预测 CSV 文件，等待 30 秒后重试...
2025-01-13 01:36:11,899 - 未找到预测 CSV 文件，等待 30 秒后重试...
2025-01-13 01:36:41,902 - 未找到预测 CSV 文件，等待 30 秒后重试...
2025-01-13 01:37:11,909 - 未找到预测 CSV 文件，等待 30 秒后重试...
2025-01-13 01:37:41,911 - 未找到预测 CSV 文件，等待 30 秒后重试...
2025-01-13 01:38:11,923 - 未找到预测 CSV 文件，等待 30 秒后重试...
2025-01-13 01:38:41,936 - 未找到预测 CSV 文件，等待 30 秒后重试...
2025-01-13 01:39:11,948 - 未找到预测 CSV 文件，等待 30 秒后重试...
2025-01-13 01:39:41,952 - 未找到预测 CSV 文件，等待 30 秒后重试...
2025-01-13 01:40:11,961 - 未找到预测 CSV 文件，等待 30 秒后重试...
2025-01-13 01:40:41,963 - 未找到预测 CSV 文件，等待 30 秒后重试...
2025-01-13 01:41:11,966 - 未找到预测 CSV 文件，等待 30 秒后重试...
2025-01-13 01:41:41,974 - 未找到预测 CSV 文件，等待 30 秒后重试...
2025-01-13 01:42:11,974 - 未找到预测 CSV 文件，等待 30 秒后重试...
2025-01-13 01:42:41,982 - 未找到预测 CSV 文件，等待 30 秒后重试...
2025-01-13 01:43:11,988 - 未找到预测 CSV 文件，等待 30 秒后重试...
2025-01-13 01:43:41,991 - 未找到预测 CSV 文件，等待 30 秒后重试...
2025-01-13 01:44:11,994 - 未找到预测 CSV 文件，等待 30 秒后重试...
2025-01-13 01:44:42,008 - 未找到预测 CSV 文件，等待 30 秒后重试...
2025-01-13 01:45:12,013 - 未找到预测 CSV 文件，等待 30 秒后重试...
2025-01-13 01:45:42,017 - 未找到预测 CSV 文件，等待 30 秒后重试...
2025-01-13 01:46:12,033 - 未找到预测 CSV 文件，等待 30 秒后重试...
2025-01-13 01:46:42,042 - 未找到预测 CSV 文件，等待 30 秒后重试...
2025-01-13 01:47:12,055 - 未找到预测 CSV 文件，等待 30 秒后重试...
2025-01-13 01:47:42,064 - 未找到预测 CSV 文件，等待 30 秒后重试...
2025-01-13 01:48:12,068 - 未找到预测 CSV 文件，等待 30 秒后重试...
2025-01-13 01:48:42,078 - 未找到预测 CSV 文件，等待 30 秒后重试...
2025-01-13 01:49:12,092 - 未找到预测 CSV 文件，等待 30 秒后重试...
2025-01-13 01:49:42,094 - 未找到预测 CSV 文件，等待 30 秒后重试...
2025-01-13 01:50:12,105 - 未找到预测 CSV 文件，等待 30 秒后重试...
2025-01-13 01:50:42,112 - 未找到预测 CSV 文件，等待 30 秒后重试...
2025-01-13 01:51:12,119 - 未找到预测 CSV 文件，等待 30 秒后重试...
2025-01-13 01:51:42,122 - 未找到预测 CSV 文件，等待 30 秒后重试...
2025-01-13 01:52:12,133 - 未找到预测 CSV 文件，等待 30 秒后重试...
2025-01-13 01:52:42,138 - 未找到预测 CSV 文件，等待 30 秒后重试...
2025-01-13 01:53:12,142 - 未找到预测 CSV 文件，等待 30 秒后重试...
2025-01-13 01:53:42,149 - 未找到预测 CSV 文件，等待 30 秒后重试...
2025-01-13 01:54:12,164 - 未找到预测 CSV 文件，等待 30 秒后重试...
2025-01-13 01:54:42,173 - 未找到预测 CSV 文件，等待 30 秒后重试...
2025-01-13 01:55:12,175 - 未找到预测 CSV 文件，等待 30 秒后重试...
2025-01-13 01:55:42,191 - 未找到预测 CSV 文件，等待 30 秒后重试...
2025-01-13 01:56:12,195 - 未找到预测 CSV 文件，等待 30 秒后重试...
2025-01-13 01:56:42,203 - 未找到预测 CSV 文件，等待 30 秒后重试...
2025-01-13 01:57:12,208 - 未找到预测 CSV 文件，等待 30 秒后重试...
2025-01-13 01:57:42,219 - 未找到预测 CSV 文件，等待 30 秒后重试...
2025-01-13 01:58:12,234 - 未找到预测 CSV 文件，等待 30 秒后重试...
2025-01-13 01:58:42,241 - 未找到预测 CSV 文件，等待 30 秒后重试...
2025-01-13 01:59:12,247 - 未找到预测 CSV 文件，等待 30 秒后重试...
2025-01-13 01:59:42,251 - 未找到预测 CSV 文件，等待 30 秒后重试...
2025-01-13 02:00:12,261 - 未找到预测 CSV 文件，等待 30 秒后重试...
2025-01-13 02:00:42,263 - 未找到预测 CSV 文件，等待 30 秒后重试...
2025-01-13 02:01:12,270 - 未找到预测 CSV 文件，等待 30 秒后重试...
2025-01-13 02:01:42,285 - 未找到预测 CSV 文件，等待 30 秒后重试...
2025-01-13 02:02:12,291 - 未找到预测 CSV 文件，等待 30 秒后重试...
2025-01-13 02:02:42,293 - 未找到预测 CSV 文件，等待 30 秒后重试...
2025-01-13 02:03:12,308 - 未找到预测 CSV 文件，等待 30 秒后重试...
2025-01-13 02:03:42,314 - 未找到预测 CSV 文件，等待 30 秒后重试...
2025-01-13 02:04:12,326 - 未找到预测 CSV 文件，等待 30 秒后重试...
2025-01-13 02:04:42,328 - 未找到预测 CSV 文件，等待 30 秒后重试...
2025-01-13 02:05:12,335 - 未找到预测 CSV 文件，等待 30 秒后重试...
2025-01-13 02:05:42,340 - 未找到预测 CSV 文件，等待 30 秒后重试...
2025-01-13 02:06:12,344 - 未找到预测 CSV 文件，等待 30 秒后重试...
2025-01-13 02:06:42,360 - 未找到预测 CSV 文件，等待 30 秒后重试...
2025-01-13 02:07:12,361 - 未找到预测 CSV 文件，等待 30 秒后重试...
2025-01-13 02:07:42,362 - 未找到预测 CSV 文件，等待 30 秒后重试...
2025-01-13 02:08:12,376 - 未找到预测 CSV 文件，等待 30 秒后重试...
2025-01-13 02:08:42,391 - 未找到预测 CSV 文件，等待 30 秒后重试...
2025-01-13 02:09:12,400 - 未找到预测 CSV 文件，等待 30 秒后重试...
2025-01-13 02:09:42,415 - 未找到预测 CSV 文件，等待 30 秒后重试...
2025-01-13 02:10:12,425 - 未找到预测 CSV 文件，等待 30 秒后重试...
2025-01-13 02:10:42,441 - 未找到预测 CSV 文件，等待 30 秒后重试...
2025-01-13 02:11:12,442 - 未找到预测 CSV 文件，等待 30 秒后重试...
2025-01-13 02:11:42,454 - 未找到预测 CSV 文件，等待 30 秒后重试...
2025-01-13 02:12:12,465 - 未找到预测 CSV 文件，等待 30 秒后重试...
2025-01-13 02:12:42,470 - 未找到预测 CSV 文件，等待 30 秒后重试...
2025-01-13 02:13:12,485 - 未找到预测 CSV 文件，等待 30 秒后重试...
2025-01-13 02:13:42,496 - 未找到预测 CSV 文件，等待 30 秒后重试...
2025-01-13 02:14:12,500 - 未找到预测 CSV 文件，等待 30 秒后重试...
2025-01-13 02:14:42,515 - 未找到预测 CSV 文件，等待 30 秒后重试...
2025-01-13 02:15:12,526 - 未找到预测 CSV 文件，等待 30 秒后重试...
2025-01-13 02:15:42,532 - 未找到预测 CSV 文件，等待 30 秒后重试...
2025-01-13 02:16:12,540 - 未找到预测 CSV 文件，等待 30 秒后重试...
2025-01-13 02:16:42,552 - 未找到预测 CSV 文件，等待 30 秒后重试...
2025-01-13 02:17:12,562 - 未找到预测 CSV 文件，等待 30 秒后重试...
2025-01-13 02:17:42,563 - 未找到预测 CSV 文件，等待 30 秒后重试...
2025-01-13 02:18:12,571 - 未找到预测 CSV 文件，等待 30 秒后重试...
2025-01-13 02:18:42,572 - 未找到预测 CSV 文件，等待 30 秒后重试...
2025-01-13 02:19:12,575 - 未找到预测 CSV 文件，等待 30 秒后重试...
2025-01-13 02:19:42,580 - 未找到预测 CSV 文件，等待 30 秒后重试...
2025-01-13 02:20:12,595 - 未找到预测 CSV 文件，等待 30 秒后重试...
2025-01-13 02:20:42,597 - 未找到预测 CSV 文件，等待 30 秒后重试...
2025-01-13 02:21:12,608 - 未找到预测 CSV 文件，等待 30 秒后重试...
2025-01-13 02:21:42,623 - 未找到预测 CSV 文件，等待 30 秒后重试...
2025-01-13 02:22:12,631 - 未找到预测 CSV 文件，等待 30 秒后重试...
2025-01-13 02:22:42,645 - 未找到预测 CSV 文件，等待 30 秒后重试...
2025-01-13 02:23:12,653 - 未找到预测 CSV 文件，等待 30 秒后重试...
2025-01-13 02:23:42,660 - 未找到预测 CSV 文件，等待 30 秒后重试...
2025-01-13 02:24:12,669 - 未找到预测 CSV 文件，等待 30 秒后重试...
2025-01-13 02:24:42,682 - 未找到预测 CSV 文件，等待 30 秒后重试...
2025-01-13 02:25:12,695 - 未找到预测 CSV 文件，等待 30 秒后重试...
2025-01-13 02:25:42,705 - 未找到预测 CSV 文件，等待 30 秒后重试...
2025-01-13 02:26:12,715 - 未找到预测 CSV 文件，等待 30 秒后重试...
2025-01-13 02:26:42,720 - 未找到预测 CSV 文件，等待 30 秒后重试...
2025-01-13 02:27:12,726 - 未找到预测 CSV 文件，等待 30 秒后重试...
2025-01-13 02:27:42,730 - 未找到预测 CSV 文件，等待 30 秒后重试...
2025-01-13 02:28:12,737 - 未找到预测 CSV 文件，等待 30 秒后重试...
2025-01-13 02:28:42,741 - 未找到预测 CSV 文件，等待 30 秒后重试...
2025-01-13 02:29:12,756 - 未找到预测 CSV 文件，等待 30 秒后重试...
2025-01-13 02:29:42,767 - 未找到预测 CSV 文件，等待 30 秒后重试...
2025-01-13 02:30:12,772 - 未找到预测 CSV 文件，等待 30 秒后重试...
2025-01-13 02:30:42,777 - 未找到预测 CSV 文件，等待 30 秒后重试...
2025-01-13 02:31:12,792 - 未找到预测 CSV 文件，等待 30 秒后重试...
2025-01-13 02:31:42,808 - 未找到预测 CSV 文件，等待 30 秒后重试...
2025-01-13 02:32:12,814 - 未找到预测 CSV 文件，等待 30 秒后重试...
2025-01-13 02:32:42,828 - 未找到预测 CSV 文件，等待 30 秒后重试...
2025-01-13 02:33:12,840 - 未找到预测 CSV 文件，等待 30 秒后重试...
2025-01-13 02:33:42,851 - 未找到预测 CSV 文件，等待 30 秒后重试...
2025-01-13 02:34:12,857 - 未找到预测 CSV 文件，等待 30 秒后重试...
2025-01-13 02:34:42,870 - 未找到预测 CSV 文件，等待 30 秒后重试...
2025-01-13 02:35:12,879 - 未找到预测 CSV 文件，等待 30 秒后重试...
2025-01-13 02:35:42,892 - 未找到预测 CSV 文件，等待 30 秒后重试...
2025-01-13 02:36:12,902 - 未找到预测 CSV 文件，等待 30 秒后重试...
2025-01-13 02:36:42,906 - 未找到预测 CSV 文件，等待 30 秒后重试...
2025-01-13 02:37:12,922 - 未找到预测 CSV 文件，等待 30 秒后重试...
2025-01-13 02:37:42,933 - 未找到预测 CSV 文件，等待 30 秒后重试...
2025-01-13 02:38:12,934 - 未找到预测 CSV 文件，等待 30 秒后重试...
2025-01-13 02:38:42,935 - 未找到预测 CSV 文件，等待 30 秒后重试...
2025-01-13 02:39:12,944 - 未找到预测 CSV 文件，等待 30 秒后重试...
2025-01-13 02:39:42,954 - 未找到预测 CSV 文件，等待 30 秒后重试...
2025-01-13 02:40:12,959 - 未找到预测 CSV 文件，等待 30 秒后重试...
2025-01-13 02:40:42,973 - 未找到预测 CSV 文件，等待 30 秒后重试...
2025-01-13 02:41:12,983 - 未找到预测 CSV 文件，等待 30 秒后重试...
2025-01-13 02:41:42,987 - 未找到预测 CSV 文件，等待 30 秒后重试...
2025-01-13 02:42:12,991 - 未找到预测 CSV 文件，等待 30 秒后重试...
2025-01-13 02:42:43,001 - 未找到预测 CSV 文件，等待 30 秒后重试...
2025-01-13 02:43:13,011 - 未找到预测 CSV 文件，等待 30 秒后重试...
2025-01-13 02:43:43,024 - 未找到预测 CSV 文件，等待 30 秒后重试...
2025-01-13 02:44:13,031 - 未找到预测 CSV 文件，等待 30 秒后重试...
2025-01-13 02:44:43,037 - 未找到预测 CSV 文件，等待 30 秒后重试...
2025-01-13 02:45:13,051 - 未找到预测 CSV 文件，等待 30 秒后重试...
2025-01-13 02:45:43,057 - 未找到预测 CSV 文件，等待 30 秒后重试...
2025-01-13 02:46:13,073 - 未找到预测 CSV 文件，等待 30 秒后重试...
2025-01-13 02:46:43,084 - 未找到预测 CSV 文件，等待 30 秒后重试...
2025-01-13 02:47:13,096 - 未找到预测 CSV 文件，等待 30 秒后重试...
2025-01-13 02:47:43,101 - 未找到预测 CSV 文件，等待 30 秒后重试...
2025-01-13 02:48:13,111 - 未找到预测 CSV 文件，等待 30 秒后重试...
2025-01-13 02:48:43,121 - 未找到预测 CSV 文件，等待 30 秒后重试...
2025-01-13 02:49:13,134 - 未找到预测 CSV 文件，等待 30 秒后重试...
2025-01-13 02:49:43,151 - 未找到预测 CSV 文件，等待 30 秒后重试...
2025-01-13 02:50:13,155 - 未找到预测 CSV 文件，等待 30 秒后重试...
2025-01-13 02:50:43,159 - 未找到预测 CSV 文件，等待 30 秒后重试...
2025-01-13 02:51:13,174 - 未找到预测 CSV 文件，等待 30 秒后重试...
2025-01-13 02:51:43,183 - 未找到预测 CSV 文件，等待 30 秒后重试...
2025-01-13 02:52:13,184 - 未找到预测 CSV 文件，等待 30 秒后重试...
2025-01-13 02:52:43,190 - 未找到预测 CSV 文件，等待 30 秒后重试...
2025-01-13 02:53:13,201 - 未找到预测 CSV 文件，等待 30 秒后重试...
2025-01-13 02:53:43,215 - 未找到预测 CSV 文件，等待 30 秒后重试...
2025-01-13 02:54:13,228 - 未找到预测 CSV 文件，等待 30 秒后重试...
2025-01-13 02:54:43,231 - 未找到预测 CSV 文件，等待 30 秒后重试...
2025-01-13 02:55:13,244 - 未找到预测 CSV 文件，等待 30 秒后重试...
2025-01-13 02:55:43,260 - 未找到预测 CSV 文件，等待 30 秒后重试...
2025-01-13 02:56:13,265 - 未找到预测 CSV 文件，等待 30 秒后重试...
2025-01-13 02:56:43,280 - 未找到预测 CSV 文件，等待 30 秒后重试...
2025-01-13 02:57:13,290 - 未找到预测 CSV 文件，等待 30 秒后重试...
2025-01-13 02:57:43,304 - 未找到预测 CSV 文件，等待 30 秒后重试...
2025-01-13 02:58:13,308 - 未找到预测 CSV 文件，等待 30 秒后重试...
2025-01-13 02:58:43,323 - 未找到预测 CSV 文件，等待 30 秒后重试...
2025-01-13 02:59:13,335 - 未找到预测 CSV 文件，等待 30 秒后重试...
2025-01-13 02:59:44,739 - 未找到预测 CSV 文件，等待 30 秒后重试...
2025-01-13 03:00:14,753 - 未找到预测 CSV 文件，等待 30 秒后重试...
2025-01-13 03:00:44,769 - 未找到预测 CSV 文件，等待 30 秒后重试...
2025-01-13 03:01:14,782 - 未找到预测 CSV 文件，等待 30 秒后重试...
2025-01-13 03:01:44,788 - 未找到预测 CSV 文件，等待 30 秒后重试...
2025-01-13 03:02:14,797 - 未找到预测 CSV 文件，等待 30 秒后重试...
2025-01-13 03:02:44,804 - 未找到预测 CSV 文件，等待 30 秒后重试...
2025-01-13 03:03:14,813 - 未找到预测 CSV 文件，等待 30 秒后重试...
2025-01-13 03:03:44,824 - 未找到预测 CSV 文件，等待 30 秒后重试...
2025-01-13 03:04:14,834 - 未找到预测 CSV 文件，等待 30 秒后重试...
2025-01-13 03:04:44,843 - 未找到预测 CSV 文件，等待 30 秒后重试...
2025-01-13 03:05:14,852 - 未找到预测 CSV 文件，等待 30 秒后重试...
2025-01-13 03:05:44,857 - 未找到预测 CSV 文件，等待 30 秒后重试...
2025-01-13 03:06:14,859 - 未找到预测 CSV 文件，等待 30 秒后重试...
2025-01-13 03:06:44,875 - 未找到预测 CSV 文件，等待 30 秒后重试...
2025-01-13 03:07:14,887 - 未找到预测 CSV 文件，等待 30 秒后重试...
2025-01-13 03:07:44,889 - 未找到预测 CSV 文件，等待 30 秒后重试...
2025-01-13 03:08:14,893 - 未找到预测 CSV 文件，等待 30 秒后重试...
2025-01-13 03:08:44,909 - 未找到预测 CSV 文件，等待 30 秒后重试...
2025-01-13 03:09:14,916 - 未找到预测 CSV 文件，等待 30 秒后重试...
2025-01-13 03:09:44,930 - 未找到预测 CSV 文件，等待 30 秒后重试...
2025-01-13 03:10:14,940 - 未找到预测 CSV 文件，等待 30 秒后重试...
2025-01-13 03:10:44,957 - 未找到预测 CSV 文件，等待 30 秒后重试...
2025-01-13 03:11:14,963 - 未找到预测 CSV 文件，等待 30 秒后重试...
2025-01-13 03:11:44,966 - 未找到预测 CSV 文件，等待 30 秒后重试...
2025-01-13 03:12:14,982 - 未找到预测 CSV 文件，等待 30 秒后重试...
2025-01-13 03:12:44,984 - 未找到预测 CSV 文件，等待 30 秒后重试...
2025-01-13 03:13:14,993 - 未找到预测 CSV 文件，等待 30 秒后重试...
2025-01-13 03:13:45,001 - 未找到预测 CSV 文件，等待 30 秒后重试...
2025-01-13 03:14:15,011 - 未找到预测 CSV 文件，等待 30 秒后重试...
2025-01-13 03:14:45,018 - 未找到预测 CSV 文件，等待 30 秒后重试...
2025-01-13 03:15:15,028 - 未找到预测 CSV 文件，等待 30 秒后重试...
2025-01-13 03:15:45,033 - 未找到预测 CSV 文件，等待 30 秒后重试...
2025-01-13 03:16:15,038 - 未找到预测 CSV 文件，等待 30 秒后重试...
2025-01-13 03:16:45,051 - 未找到预测 CSV 文件，等待 30 秒后重试...
2025-01-13 03:17:15,060 - 未找到预测 CSV 文件，等待 30 秒后重试...
2025-01-13 03:17:45,066 - 未找到预测 CSV 文件，等待 30 秒后重试...
2025-01-13 03:18:15,075 - 未找到预测 CSV 文件，等待 30 秒后重试...
2025-01-13 03:18:45,078 - 未找到预测 CSV 文件，等待 30 秒后重试...
2025-01-13 03:19:15,091 - 未找到预测 CSV 文件，等待 30 秒后重试...
2025-01-13 03:19:45,098 - 未找到预测 CSV 文件，等待 30 秒后重试...
2025-01-13 03:20:15,103 - 未找到预测 CSV 文件，等待 30 秒后重试...
2025-01-13 03:20:45,108 - 未找到预测 CSV 文件，等待 30 秒后重试...
2025-01-13 03:21:15,115 - 未找到预测 CSV 文件，等待 30 秒后重试...
2025-01-13 03:21:45,130 - 未找到预测 CSV 文件，等待 30 秒后重试...
2025-01-13 03:22:15,146 - 未找到预测 CSV 文件，等待 30 秒后重试...
2025-01-13 03:22:45,153 - 未找到预测 CSV 文件，等待 30 秒后重试...
2025-01-13 03:23:15,157 - 未找到预测 CSV 文件，等待 30 秒后重试...
2025-01-13 03:23:45,161 - 未找到预测 CSV 文件，等待 30 秒后重试...
2025-01-13 03:24:15,167 - 未找到预测 CSV 文件，等待 30 秒后重试...
2025-01-13 03:24:45,177 - 未找到预测 CSV 文件，等待 30 秒后重试...
2025-01-13 03:25:15,180 - 未找到预测 CSV 文件，等待 30 秒后重试...
2025-01-13 03:25:45,184 - 未找到预测 CSV 文件，等待 30 秒后重试...
2025-01-13 03:26:15,200 - 未找到预测 CSV 文件，等待 30 秒后重试...
2025-01-13 03:26:45,214 - 未找到预测 CSV 文件，等待 30 秒后重试...
2025-01-13 03:27:15,230 - 未找到预测 CSV 文件，等待 30 秒后重试...
2025-01-13 03:27:45,233 - 未找到预测 CSV 文件，等待 30 秒后重试...
2025-01-13 03:28:15,242 - 未找到预测 CSV 文件，等待 30 秒后重试...
2025-01-13 03:28:45,255 - 未找到预测 CSV 文件，等待 30 秒后重试...
2025-01-13 03:29:15,266 - 未找到预测 CSV 文件，等待 30 秒后重试...
2025-01-13 03:29:45,273 - 未找到预测 CSV 文件，等待 30 秒后重试...
2025-01-13 03:30:15,285 - 未找到预测 CSV 文件，等待 30 秒后重试...
2025-01-13 03:30:45,288 - 未找到预测 CSV 文件，等待 30 秒后重试...
2025-01-13 03:31:15,294 - 未找到预测 CSV 文件，等待 30 秒后重试...
2025-01-13 03:31:45,296 - 未找到预测 CSV 文件，等待 30 秒后重试...
2025-01-13 03:32:15,297 - 未找到预测 CSV 文件，等待 30 秒后重试...
2025-01-13 03:32:45,302 - 未找到预测 CSV 文件，等待 30 秒后重试...
2025-01-13 03:33:15,313 - 未找到预测 CSV 文件，等待 30 秒后重试...
2025-01-13 03:33:45,326 - 未找到预测 CSV 文件，等待 30 秒后重试...
2025-01-13 03:34:15,342 - 未找到预测 CSV 文件，等待 30 秒后重试...
2025-01-13 03:34:45,348 - 未找到预测 CSV 文件，等待 30 秒后重试...
2025-01-13 03:35:15,353 - 未找到预测 CSV 文件，等待 30 秒后重试...
2025-01-13 03:35:45,369 - 未找到预测 CSV 文件，等待 30 秒后重试...
2025-01-13 03:36:15,384 - 未找到预测 CSV 文件，等待 30 秒后重试...
2025-01-13 03:36:45,390 - 未找到预测 CSV 文件，等待 30 秒后重试...
2025-01-13 03:37:15,403 - 未找到预测 CSV 文件，等待 30 秒后重试...
2025-01-13 03:37:45,415 - 未找到预测 CSV 文件，等待 30 秒后重试...
2025-01-13 03:38:15,422 - 未找到预测 CSV 文件，等待 30 秒后重试...
2025-01-13 03:38:45,427 - 未找到预测 CSV 文件，等待 30 秒后重试...
2025-01-13 03:39:15,439 - 未找到预测 CSV 文件，等待 30 秒后重试...
2025-01-13 03:39:45,441 - 未找到预测 CSV 文件，等待 30 秒后重试...
2025-01-13 03:40:15,446 - 未找到预测 CSV 文件，等待 30 秒后重试...
2025-01-13 03:40:45,456 - 未找到预测 CSV 文件，等待 30 秒后重试...
2025-01-13 03:41:15,468 - 未找到预测 CSV 文件，等待 30 秒后重试...
2025-01-13 03:41:45,478 - 未找到预测 CSV 文件，等待 30 秒后重试...
2025-01-13 03:42:15,489 - 未找到预测 CSV 文件，等待 30 秒后重试...
2025-01-13 03:42:45,497 - 未找到预测 CSV 文件，等待 30 秒后重试...
2025-01-13 03:43:15,500 - 未找到预测 CSV 文件，等待 30 秒后重试...
2025-01-13 03:43:45,516 - 未找到预测 CSV 文件，等待 30 秒后重试...
2025-01-13 03:44:15,524 - 未找到预测 CSV 文件，等待 30 秒后重试...
2025-01-13 03:44:45,530 - 未找到预测 CSV 文件，等待 30 秒后重试...
2025-01-13 03:45:15,535 - 未找到预测 CSV 文件，等待 30 秒后重试...
2025-01-13 03:45:45,542 - 未找到预测 CSV 文件，等待 30 秒后重试...
2025-01-13 03:46:15,551 - 未找到预测 CSV 文件，等待 30 秒后重试...
2025-01-13 03:46:45,556 - 未找到预测 CSV 文件，等待 30 秒后重试...
2025-01-13 03:47:15,572 - 未找到预测 CSV 文件，等待 30 秒后重试...
2025-01-13 03:47:45,579 - 未找到预测 CSV 文件，等待 30 秒后重试...
2025-01-13 03:48:15,580 - 未找到预测 CSV 文件，等待 30 秒后重试...
2025-01-13 03:48:45,590 - 未找到预测 CSV 文件，等待 30 秒后重试...
2025-01-13 03:49:15,602 - 未找到预测 CSV 文件，等待 30 秒后重试...
2025-01-13 03:49:45,611 - 未找到预测 CSV 文件，等待 30 秒后重试...
2025-01-13 03:50:15,616 - 未找到预测 CSV 文件，等待 30 秒后重试...
2025-01-13 03:50:45,622 - 未找到预测 CSV 文件，等待 30 秒后重试...
2025-01-13 03:51:15,629 - 未找到预测 CSV 文件，等待 30 秒后重试...
2025-01-13 03:51:45,634 - 未找到预测 CSV 文件，等待 30 秒后重试...
2025-01-13 03:52:15,648 - 未找到预测 CSV 文件，等待 30 秒后重试...
2025-01-13 03:52:45,651 - 未找到预测 CSV 文件，等待 30 秒后重试...
2025-01-13 03:53:15,664 - 未找到预测 CSV 文件，等待 30 秒后重试...
2025-01-13 03:53:45,674 - 未找到预测 CSV 文件，等待 30 秒后重试...
2025-01-13 03:54:15,679 - 未找到预测 CSV 文件，等待 30 秒后重试...
2025-01-13 03:54:45,694 - 未找到预测 CSV 文件，等待 30 秒后重试...
2025-01-13 03:55:15,698 - 未找到预测 CSV 文件，等待 30 秒后重试...
2025-01-13 03:55:45,703 - 未找到预测 CSV 文件，等待 30 秒后重试...
2025-01-13 03:56:15,712 - 未找到预测 CSV 文件，等待 30 秒后重试...
2025-01-13 03:56:45,717 - 未找到预测 CSV 文件，等待 30 秒后重试...
2025-01-13 03:57:15,729 - 未找到预测 CSV 文件，等待 30 秒后重试...
2025-01-13 03:57:45,735 - 未找到预测 CSV 文件，等待 30 秒后重试...
2025-01-13 03:58:15,748 - 未找到预测 CSV 文件，等待 30 秒后重试...
2025-01-13 03:58:45,758 - 未找到预测 CSV 文件，等待 30 秒后重试...
2025-01-13 03:59:15,772 - 未找到预测 CSV 文件，等待 30 秒后重试...
2025-01-13 03:59:45,778 - 未找到预测 CSV 文件，等待 30 秒后重试...
2025-01-13 04:00:15,782 - 未找到预测 CSV 文件，等待 30 秒后重试...
2025-01-13 04:00:45,784 - 未找到预测 CSV 文件，等待 30 秒后重试...
2025-01-13 04:01:15,798 - 未找到预测 CSV 文件，等待 30 秒后重试...
2025-01-13 04:01:45,814 - 未找到预测 CSV 文件，等待 30 秒后重试...
2025-01-13 04:02:15,822 - 未找到预测 CSV 文件，等待 30 秒后重试...
2025-01-13 04:02:45,826 - 未找到预测 CSV 文件，等待 30 秒后重试...
2025-01-13 04:03:15,833 - 未找到预测 CSV 文件，等待 30 秒后重试...
2025-01-13 04:03:45,838 - 未找到预测 CSV 文件，等待 30 秒后重试...
2025-01-13 04:04:15,847 - 未找到预测 CSV 文件，等待 30 秒后重试...
2025-01-13 04:04:45,860 - 未找到预测 CSV 文件，等待 30 秒后重试...
2025-01-13 04:05:15,870 - 未找到预测 CSV 文件，等待 30 秒后重试...
2025-01-13 04:05:45,883 - 未找到预测 CSV 文件，等待 30 秒后重试...
2025-01-13 04:06:15,887 - 未找到预测 CSV 文件，等待 30 秒后重试...
2025-01-13 04:06:45,895 - 未找到预测 CSV 文件，等待 30 秒后重试...
2025-01-13 04:07:15,901 - 未找到预测 CSV 文件，等待 30 秒后重试...
2025-01-13 04:07:45,911 - 未找到预测 CSV 文件，等待 30 秒后重试...
2025-01-13 04:08:15,920 - 未找到预测 CSV 文件，等待 30 秒后重试...
2025-01-13 04:08:45,924 - 未找到预测 CSV 文件，等待 30 秒后重试...
2025-01-13 04:09:15,940 - 未找到预测 CSV 文件，等待 30 秒后重试...
2025-01-13 04:09:45,947 - 未找到预测 CSV 文件，等待 30 秒后重试...
2025-01-13 04:10:15,954 - 未找到预测 CSV 文件，等待 30 秒后重试...
2025-01-13 04:10:45,961 - 未找到预测 CSV 文件，等待 30 秒后重试...
2025-01-13 04:11:15,975 - 未找到预测 CSV 文件，等待 30 秒后重试...
2025-01-13 04:11:45,985 - 未找到预测 CSV 文件，等待 30 秒后重试...
2025-01-13 04:12:15,988 - 未找到预测 CSV 文件，等待 30 秒后重试...
2025-01-13 04:12:46,001 - 未找到预测 CSV 文件，等待 30 秒后重试...
2025-01-13 04:13:16,015 - 未找到预测 CSV 文件，等待 30 秒后重试...
2025-01-13 04:13:46,017 - 未找到预测 CSV 文件，等待 30 秒后重试...
2025-01-13 04:14:16,029 - 未找到预测 CSV 文件，等待 30 秒后重试...
2025-01-13 04:14:46,039 - 未找到预测 CSV 文件，等待 30 秒后重试...
2025-01-13 04:15:16,057 - 未找到预测 CSV 文件，等待 30 秒后重试...
2025-01-13 04:15:46,063 - 未找到预测 CSV 文件，等待 30 秒后重试...
2025-01-13 04:16:16,076 - 未找到预测 CSV 文件，等待 30 秒后重试...
2025-01-13 04:16:46,088 - 未找到预测 CSV 文件，等待 30 秒后重试...
2025-01-13 04:17:16,101 - 未找到预测 CSV 文件，等待 30 秒后重试...
2025-01-13 04:17:46,103 - 未找到预测 CSV 文件，等待 30 秒后重试...
2025-01-13 04:18:16,105 - 未找到预测 CSV 文件，等待 30 秒后重试...
2025-01-13 04:18:46,119 - 未找到预测 CSV 文件，等待 30 秒后重试...
2025-01-13 04:19:16,136 - 未找到预测 CSV 文件，等待 30 秒后重试...
2025-01-13 04:19:46,140 - 未找到预测 CSV 文件，等待 30 秒后重试...
2025-01-13 04:20:16,154 - 未找到预测 CSV 文件，等待 30 秒后重试...
2025-01-13 04:20:46,164 - 未找到预测 CSV 文件，等待 30 秒后重试...
2025-01-13 04:21:16,174 - 未找到预测 CSV 文件，等待 30 秒后重试...
2025-01-13 04:21:46,180 - 未找到预测 CSV 文件，等待 30 秒后重试...
2025-01-13 04:22:16,184 - 未找到预测 CSV 文件，等待 30 秒后重试...
2025-01-13 04:22:46,191 - 未找到预测 CSV 文件，等待 30 秒后重试...
2025-01-13 04:23:16,200 - 未找到预测 CSV 文件，等待 30 秒后重试...
2025-01-13 04:23:46,215 - 未找到预测 CSV 文件，等待 30 秒后重试...
2025-01-13 04:24:16,220 - 未找到预测 CSV 文件，等待 30 秒后重试...
2025-01-13 04:24:46,233 - 未找到预测 CSV 文件，等待 30 秒后重试...
2025-01-13 04:25:16,242 - 未找到预测 CSV 文件，等待 30 秒后重试...
2025-01-13 04:25:46,253 - 未找到预测 CSV 文件，等待 30 秒后重试...
2025-01-13 04:26:16,261 - 未找到预测 CSV 文件，等待 30 秒后重试...
2025-01-13 04:26:46,270 - 未找到预测 CSV 文件，等待 30 秒后重试...
2025-01-13 04:27:16,283 - 未找到预测 CSV 文件，等待 30 秒后重试...
2025-01-13 04:27:46,287 - 未找到预测 CSV 文件，等待 30 秒后重试...
2025-01-13 04:28:16,290 - 未找到预测 CSV 文件，等待 30 秒后重试...
2025-01-13 04:28:46,305 - 未找到预测 CSV 文件，等待 30 秒后重试...
2025-01-13 04:29:16,312 - 未找到预测 CSV 文件，等待 30 秒后重试...
2025-01-13 04:29:46,323 - 未找到预测 CSV 文件，等待 30 秒后重试...
2025-01-13 04:30:16,331 - 未找到预测 CSV 文件，等待 30 秒后重试...
2025-01-13 04:30:46,346 - 未找到预测 CSV 文件，等待 30 秒后重试...
2025-01-13 04:31:16,359 - 未找到预测 CSV 文件，等待 30 秒后重试...
2025-01-13 04:31:46,371 - 未找到预测 CSV 文件，等待 30 秒后重试...
2025-01-13 04:32:16,383 - 未找到预测 CSV 文件，等待 30 秒后重试...
2025-01-13 04:32:46,397 - 未找到预测 CSV 文件，等待 30 秒后重试...
2025-01-13 04:33:16,398 - 未找到预测 CSV 文件，等待 30 秒后重试...
2025-01-13 04:33:46,406 - 未找到预测 CSV 文件，等待 30 秒后重试...
2025-01-13 04:34:16,413 - 未找到预测 CSV 文件，等待 30 秒后重试...
2025-01-13 04:34:46,416 - 未找到预测 CSV 文件，等待 30 秒后重试...
2025-01-13 04:35:16,425 - 未找到预测 CSV 文件，等待 30 秒后重试...
2025-01-13 04:35:46,439 - 未找到预测 CSV 文件，等待 30 秒后重试...
2025-01-13 04:36:16,449 - 未找到预测 CSV 文件，等待 30 秒后重试...
2025-01-13 04:36:46,465 - 未找到预测 CSV 文件，等待 30 秒后重试...
2025-01-13 04:37:16,467 - 未找到预测 CSV 文件，等待 30 秒后重试...
2025-01-13 04:37:46,470 - 未找到预测 CSV 文件，等待 30 秒后重试...
2025-01-13 04:38:16,483 - 未找到预测 CSV 文件，等待 30 秒后重试...
2025-01-13 04:38:46,495 - 未找到预测 CSV 文件，等待 30 秒后重试...
2025-01-13 04:39:16,497 - 未找到预测 CSV 文件，等待 30 秒后重试...
2025-01-13 04:39:46,503 - 未找到预测 CSV 文件，等待 30 秒后重试...
2025-01-13 04:40:16,510 - 未找到预测 CSV 文件，等待 30 秒后重试...
2025-01-13 04:40:46,523 - 未找到预测 CSV 文件，等待 30 秒后重试...
2025-01-13 04:41:16,533 - 未找到预测 CSV 文件，等待 30 秒后重试...
2025-01-13 04:41:46,548 - 未找到预测 CSV 文件，等待 30 秒后重试...
2025-01-13 04:42:16,558 - 未找到预测 CSV 文件，等待 30 秒后重试...
2025-01-13 04:42:46,564 - 未找到预测 CSV 文件，等待 30 秒后重试...
2025-01-13 04:43:16,568 - 未找到预测 CSV 文件，等待 30 秒后重试...
2025-01-13 04:43:46,573 - 未找到预测 CSV 文件，等待 30 秒后重试...
2025-01-13 04:44:16,583 - 未找到预测 CSV 文件，等待 30 秒后重试...
2025-01-13 04:44:46,595 - 未找到预测 CSV 文件，等待 30 秒后重试...
2025-01-13 04:45:16,599 - 未找到预测 CSV 文件，等待 30 秒后重试...
2025-01-13 04:45:46,613 - 未找到预测 CSV 文件，等待 30 秒后重试...
2025-01-13 04:46:16,622 - 未找到预测 CSV 文件，等待 30 秒后重试...
2025-01-13 04:46:46,632 - 未找到预测 CSV 文件，等待 30 秒后重试...
2025-01-13 04:47:16,639 - 未找到预测 CSV 文件，等待 30 秒后重试...
2025-01-13 04:47:46,653 - 未找到预测 CSV 文件，等待 30 秒后重试...
2025-01-13 04:48:16,659 - 未找到预测 CSV 文件，等待 30 秒后重试...
2025-01-13 04:48:46,672 - 未找到预测 CSV 文件，等待 30 秒后重试...
2025-01-13 04:49:16,679 - 未找到预测 CSV 文件，等待 30 秒后重试...
2025-01-13 04:49:46,687 - 未找到预测 CSV 文件，等待 30 秒后重试...
2025-01-13 04:50:16,698 - 未找到预测 CSV 文件，等待 30 秒后重试...
2025-01-13 04:50:46,711 - 未找到预测 CSV 文件，等待 30 秒后重试...
2025-01-13 04:51:16,715 - 未找到预测 CSV 文件，等待 30 秒后重试...
2025-01-13 04:51:46,723 - 未找到预测 CSV 文件，等待 30 秒后重试...
2025-01-13 04:52:16,726 - 未找到预测 CSV 文件，等待 30 秒后重试...
2025-01-13 04:52:46,731 - 未找到预测 CSV 文件，等待 30 秒后重试...
2025-01-13 04:53:16,741 - 未找到预测 CSV 文件，等待 30 秒后重试...
2025-01-13 04:53:46,756 - 未找到预测 CSV 文件，等待 30 秒后重试...
2025-01-13 04:54:16,758 - 未找到预测 CSV 文件，等待 30 秒后重试...
2025-01-13 04:54:46,768 - 未找到预测 CSV 文件，等待 30 秒后重试...
2025-01-13 04:55:16,776 - 未找到预测 CSV 文件，等待 30 秒后重试...
2025-01-13 04:55:46,788 - 未找到预测 CSV 文件，等待 30 秒后重试...
2025-01-13 04:56:16,802 - 未找到预测 CSV 文件，等待 30 秒后重试...
2025-01-13 04:56:46,817 - 未找到预测 CSV 文件，等待 30 秒后重试...
2025-01-13 04:57:16,830 - 未找到预测 CSV 文件，等待 30 秒后重试...
2025-01-13 04:57:46,842 - 未找到预测 CSV 文件，等待 30 秒后重试...
2025-01-13 04:58:16,843 - 未找到预测 CSV 文件，等待 30 秒后重试...
2025-01-13 04:58:46,857 - 未找到预测 CSV 文件，等待 30 秒后重试...
2025-01-13 04:59:16,862 - 未找到预测 CSV 文件，等待 30 秒后重试...
2025-01-13 04:59:46,878 - 未找到预测 CSV 文件，等待 30 秒后重试...
2025-01-13 05:00:16,885 - 未找到预测 CSV 文件，等待 30 秒后重试...
2025-01-13 05:00:46,899 - 未找到预测 CSV 文件，等待 30 秒后重试...
2025-01-13 05:01:16,910 - 未找到预测 CSV 文件，等待 30 秒后重试...
2025-01-13 05:01:46,924 - 未找到预测 CSV 文件，等待 30 秒后重试...
2025-01-13 05:02:16,938 - 未找到预测 CSV 文件，等待 30 秒后重试...
2025-01-13 05:02:46,953 - 未找到预测 CSV 文件，等待 30 秒后重试...
2025-01-13 05:03:16,969 - 未找到预测 CSV 文件，等待 30 秒后重试...
2025-01-13 05:03:46,969 - 未找到预测 CSV 文件，等待 30 秒后重试...
2025-01-13 05:04:16,983 - 未找到预测 CSV 文件，等待 30 秒后重试...
2025-01-13 05:04:46,993 - 未找到预测 CSV 文件，等待 30 秒后重试...
2025-01-13 05:05:16,997 - 未找到预测 CSV 文件，等待 30 秒后重试...
2025-01-13 05:05:47,010 - 未找到预测 CSV 文件，等待 30 秒后重试...
2025-01-13 05:06:17,020 - 未找到预测 CSV 文件，等待 30 秒后重试...
2025-01-13 05:06:47,035 - 未找到预测 CSV 文件，等待 30 秒后重试...
2025-01-13 05:07:17,046 - 未找到预测 CSV 文件，等待 30 秒后重试...
2025-01-13 05:07:47,051 - 未找到预测 CSV 文件，等待 30 秒后重试...
2025-01-13 05:08:17,061 - 未找到预测 CSV 文件，等待 30 秒后重试...
2025-01-13 05:08:47,071 - 未找到预测 CSV 文件，等待 30 秒后重试...
2025-01-13 05:09:17,086 - 未找到预测 CSV 文件，等待 30 秒后重试...
2025-01-13 05:09:47,099 - 未找到预测 CSV 文件，等待 30 秒后重试...
2025-01-13 05:10:17,109 - 未找到预测 CSV 文件，等待 30 秒后重试...
2025-01-13 05:10:47,114 - 未找到预测 CSV 文件，等待 30 秒后重试...
2025-01-13 05:11:17,115 - 未找到预测 CSV 文件，等待 30 秒后重试...
2025-01-13 05:11:47,120 - 未找到预测 CSV 文件，等待 30 秒后重试...
2025-01-13 05:12:17,124 - 未找到预测 CSV 文件，等待 30 秒后重试...
2025-01-13 05:12:47,136 - 未找到预测 CSV 文件，等待 30 秒后重试...
2025-01-13 05:13:17,147 - 未找到预测 CSV 文件，等待 30 秒后重试...
2025-01-13 05:13:47,148 - 未找到预测 CSV 文件，等待 30 秒后重试...
2025-01-13 05:14:17,149 - 未找到预测 CSV 文件，等待 30 秒后重试...
2025-01-13 05:14:47,163 - 未找到预测 CSV 文件，等待 30 秒后重试...
2025-01-13 05:15:17,168 - 未找到预测 CSV 文件，等待 30 秒后重试...
2025-01-13 05:15:47,184 - 未找到预测 CSV 文件，等待 30 秒后重试...
2025-01-13 05:16:17,196 - 未找到预测 CSV 文件，等待 30 秒后重试...
2025-01-13 05:16:47,212 - 未找到预测 CSV 文件，等待 30 秒后重试...
2025-01-13 05:17:17,227 - 未找到预测 CSV 文件，等待 30 秒后重试...
2025-01-13 05:17:47,241 - 未找到预测 CSV 文件，等待 30 秒后重试...
2025-01-13 05:18:17,252 - 未找到预测 CSV 文件，等待 30 秒后重试...
2025-01-13 05:18:47,267 - 未找到预测 CSV 文件，等待 30 秒后重试...
2025-01-13 05:19:17,276 - 未找到预测 CSV 文件，等待 30 秒后重试...
2025-01-13 05:19:47,279 - 未找到预测 CSV 文件，等待 30 秒后重试...
2025-01-13 05:20:17,281 - 未找到预测 CSV 文件，等待 30 秒后重试...
2025-01-13 05:20:47,288 - 未找到预测 CSV 文件，等待 30 秒后重试...
2025-01-13 05:21:17,304 - 未找到预测 CSV 文件，等待 30 秒后重试...
2025-01-13 05:21:47,314 - 未找到预测 CSV 文件，等待 30 秒后重试...
2025-01-13 05:22:17,329 - 未找到预测 CSV 文件，等待 30 秒后重试...
2025-01-13 05:22:47,340 - 未找到预测 CSV 文件，等待 30 秒后重试...
2025-01-13 05:23:17,354 - 未找到预测 CSV 文件，等待 30 秒后重试...
2025-01-13 05:23:47,367 - 未找到预测 CSV 文件，等待 30 秒后重试...
2025-01-13 05:24:17,370 - 未找到预测 CSV 文件，等待 30 秒后重试...
2025-01-13 05:24:47,376 - 未找到预测 CSV 文件，等待 30 秒后重试...
2025-01-13 05:25:17,385 - 未找到预测 CSV 文件，等待 30 秒后重试...
2025-01-13 05:25:47,392 - 未找到预测 CSV 文件，等待 30 秒后重试...
2025-01-13 05:26:17,397 - 未找到预测 CSV 文件，等待 30 秒后重试...
2025-01-13 05:26:47,411 - 未找到预测 CSV 文件，等待 30 秒后重试...
2025-01-13 05:27:17,422 - 未找到预测 CSV 文件，等待 30 秒后重试...
2025-01-13 05:27:47,439 - 未找到预测 CSV 文件，等待 30 秒后重试...
2025-01-13 05:28:17,443 - 未找到预测 CSV 文件，等待 30 秒后重试...
2025-01-13 05:28:47,449 - 未找到预测 CSV 文件，等待 30 秒后重试...
2025-01-13 05:29:17,462 - 未找到预测 CSV 文件，等待 30 秒后重试...
2025-01-13 05:29:47,469 - 未找到预测 CSV 文件，等待 30 秒后重试...
2025-01-13 05:30:17,486 - 未找到预测 CSV 文件，等待 30 秒后重试...
2025-01-13 05:30:47,498 - 未找到预测 CSV 文件，等待 30 秒后重试...
2025-01-13 05:31:17,510 - 未找到预测 CSV 文件，等待 30 秒后重试...
2025-01-13 05:31:47,522 - 未找到预测 CSV 文件，等待 30 秒后重试...
2025-01-13 05:32:17,539 - 未找到预测 CSV 文件，等待 30 秒后重试...
2025-01-13 05:32:47,545 - 未找到预测 CSV 文件，等待 30 秒后重试...
2025-01-13 05:33:17,549 - 未找到预测 CSV 文件，等待 30 秒后重试...
2025-01-13 05:33:47,564 - 未找到预测 CSV 文件，等待 30 秒后重试...
2025-01-13 05:34:17,565 - 未找到预测 CSV 文件，等待 30 秒后重试...
2025-01-13 05:34:47,582 - 未找到预测 CSV 文件，等待 30 秒后重试...
2025-01-13 05:35:17,587 - 未找到预测 CSV 文件，等待 30 秒后重试...
2025-01-13 05:35:47,598 - 未找到预测 CSV 文件，等待 30 秒后重试...
2025-01-13 05:36:17,613 - 未找到预测 CSV 文件，等待 30 秒后重试...
2025-01-13 05:36:47,627 - 未找到预测 CSV 文件，等待 30 秒后重试...
2025-01-13 05:37:17,642 - 未找到预测 CSV 文件，等待 30 秒后重试...
2025-01-13 05:37:47,651 - 未找到预测 CSV 文件，等待 30 秒后重试...
2025-01-13 05:38:17,659 - 未找到预测 CSV 文件，等待 30 秒后重试...
2025-01-13 05:38:47,671 - 未找到预测 CSV 文件，等待 30 秒后重试...
2025-01-13 05:39:17,678 - 未找到预测 CSV 文件，等待 30 秒后重试...
2025-01-13 05:39:47,686 - 未找到预测 CSV 文件，等待 30 秒后重试...
2025-01-13 05:40:17,690 - 未找到预测 CSV 文件，等待 30 秒后重试...
2025-01-13 05:40:47,704 - 未找到预测 CSV 文件，等待 30 秒后重试...
2025-01-13 05:41:17,712 - 未找到预测 CSV 文件，等待 30 秒后重试...
2025-01-13 05:41:47,724 - 未找到预测 CSV 文件，等待 30 秒后重试...
2025-01-13 05:42:17,726 - 未找到预测 CSV 文件，等待 30 秒后重试...
2025-01-13 05:42:47,741 - 未找到预测 CSV 文件，等待 30 秒后重试...
2025-01-13 05:43:17,758 - 未找到预测 CSV 文件，等待 30 秒后重试...
2025-01-13 05:43:47,767 - 未找到预测 CSV 文件，等待 30 秒后重试...
2025-01-13 05:44:17,778 - 未找到预测 CSV 文件，等待 30 秒后重试...
2025-01-13 05:44:47,790 - 未找到预测 CSV 文件，等待 30 秒后重试...
2025-01-13 05:45:17,806 - 未找到预测 CSV 文件，等待 30 秒后重试...
2025-01-13 05:45:47,821 - 未找到预测 CSV 文件，等待 30 秒后重试...
2025-01-13 05:46:17,836 - 未找到预测 CSV 文件，等待 30 秒后重试...
2025-01-13 05:46:47,844 - 未找到预测 CSV 文件，等待 30 秒后重试...
2025-01-13 05:47:17,859 - 未找到预测 CSV 文件，等待 30 秒后重试...
2025-01-13 05:47:47,860 - 未找到预测 CSV 文件，等待 30 秒后重试...
2025-01-13 05:48:17,862 - 未找到预测 CSV 文件，等待 30 秒后重试...
2025-01-13 05:48:47,870 - 未找到预测 CSV 文件，等待 30 秒后重试...
2025-01-13 05:49:17,871 - 未找到预测 CSV 文件，等待 30 秒后重试...
2025-01-13 05:49:47,873 - 未找到预测 CSV 文件，等待 30 秒后重试...
2025-01-13 05:50:17,885 - 未找到预测 CSV 文件，等待 30 秒后重试...
2025-01-13 05:50:47,897 - 未找到预测 CSV 文件，等待 30 秒后重试...
2025-01-13 05:51:17,900 - 未找到预测 CSV 文件，等待 30 秒后重试...
2025-01-13 05:51:47,916 - 未找到预测 CSV 文件，等待 30 秒后重试...
2025-01-13 05:52:17,928 - 未找到预测 CSV 文件，等待 30 秒后重试...
2025-01-13 05:52:47,938 - 未找到预测 CSV 文件，等待 30 秒后重试...
2025-01-13 05:53:17,941 - 未找到预测 CSV 文件，等待 30 秒后重试...
2025-01-13 05:53:47,944 - 未找到预测 CSV 文件，等待 30 秒后重试...
2025-01-13 05:54:17,955 - 未找到预测 CSV 文件，等待 30 秒后重试...
2025-01-13 05:54:47,968 - 未找到预测 CSV 文件，等待 30 秒后重试...
2025-01-13 05:55:17,982 - 未找到预测 CSV 文件，等待 30 秒后重试...
2025-01-13 05:55:47,999 - 未找到预测 CSV 文件，等待 30 秒后重试...
2025-01-13 05:56:18,006 - 未找到预测 CSV 文件，等待 30 秒后重试...
2025-01-13 05:56:48,010 - 未找到预测 CSV 文件，等待 30 秒后重试...
2025-01-13 05:57:18,016 - 未找到预测 CSV 文件，等待 30 秒后重试...
2025-01-13 05:57:48,019 - 未找到预测 CSV 文件，等待 30 秒后重试...
2025-01-13 05:58:18,036 - 未找到预测 CSV 文件，等待 30 秒后重试...
2025-01-13 05:58:48,038 - 未找到预测 CSV 文件，等待 30 秒后重试...
2025-01-13 05:59:18,045 - 未找到预测 CSV 文件，等待 30 秒后重试...
2025-01-13 05:59:48,056 - 未找到预测 CSV 文件，等待 30 秒后重试...
2025-01-13 06:00:18,070 - 未找到预测 CSV 文件，等待 30 秒后重试...
2025-01-13 06:00:48,085 - 未找到预测 CSV 文件，等待 30 秒后重试...
2025-01-13 06:01:18,093 - 未找到预测 CSV 文件，等待 30 秒后重试...
2025-01-13 06:01:48,108 - 未找到预测 CSV 文件，等待 30 秒后重试...
2025-01-13 06:02:18,112 - 未找到预测 CSV 文件，等待 30 秒后重试...
2025-01-13 06:02:48,128 - 未找到预测 CSV 文件，等待 30 秒后重试...
2025-01-13 06:03:18,144 - 未找到预测 CSV 文件，等待 30 秒后重试...
2025-01-13 06:03:48,148 - 未找到预测 CSV 文件，等待 30 秒后重试...
2025-01-13 06:04:18,153 - 未找到预测 CSV 文件，等待 30 秒后重试...
2025-01-13 06:04:48,166 - 未找到预测 CSV 文件，等待 30 秒后重试...
2025-01-13 06:05:18,181 - 未找到预测 CSV 文件，等待 30 秒后重试...
2025-01-13 06:05:48,187 - 未找到预测 CSV 文件，等待 30 秒后重试...
2025-01-13 06:06:18,195 - 未找到预测 CSV 文件，等待 30 秒后重试...
2025-01-13 06:06:48,201 - 未找到预测 CSV 文件，等待 30 秒后重试...
2025-01-13 06:07:18,214 - 未找到预测 CSV 文件，等待 30 秒后重试...
2025-01-13 06:07:48,226 - 未找到预测 CSV 文件，等待 30 秒后重试...
2025-01-13 06:08:18,241 - 未找到预测 CSV 文件，等待 30 秒后重试...
2025-01-13 06:08:48,249 - 未找到预测 CSV 文件，等待 30 秒后重试...
2025-01-13 06:09:18,254 - 未找到预测 CSV 文件，等待 30 秒后重试...
2025-01-13 06:09:48,269 - 未找到预测 CSV 文件，等待 30 秒后重试...
2025-01-13 06:10:18,272 - 未找到预测 CSV 文件，等待 30 秒后重试...
2025-01-13 06:10:48,278 - 未找到预测 CSV 文件，等待 30 秒后重试...
2025-01-13 06:11:18,295 - 未找到预测 CSV 文件，等待 30 秒后重试...
2025-01-13 06:11:48,300 - 未找到预测 CSV 文件，等待 30 秒后重试...
2025-01-13 06:12:18,310 - 未找到预测 CSV 文件，等待 30 秒后重试...
2025-01-13 06:12:48,316 - 未找到预测 CSV 文件，等待 30 秒后重试...
2025-01-13 06:13:18,330 - 未找到预测 CSV 文件，等待 30 秒后重试...
2025-01-13 06:13:48,335 - 未找到预测 CSV 文件，等待 30 秒后重试...
2025-01-13 06:14:18,341 - 未找到预测 CSV 文件，等待 30 秒后重试...
2025-01-13 06:14:48,357 - 未找到预测 CSV 文件，等待 30 秒后重试...
2025-01-13 06:15:18,366 - 未找到预测 CSV 文件，等待 30 秒后重试...
2025-01-13 06:15:48,380 - 未找到预测 CSV 文件，等待 30 秒后重试...
2025-01-13 06:16:18,391 - 未找到预测 CSV 文件，等待 30 秒后重试...
2025-01-13 06:16:48,398 - 未找到预测 CSV 文件，等待 30 秒后重试...
2025-01-13 06:17:18,401 - 未找到预测 CSV 文件，等待 30 秒后重试...
2025-01-13 06:17:48,413 - 未找到预测 CSV 文件，等待 30 秒后重试...
2025-01-13 06:18:18,426 - 未找到预测 CSV 文件，等待 30 秒后重试...
2025-01-13 06:18:48,437 - 未找到预测 CSV 文件，等待 30 秒后重试...
2025-01-13 06:19:18,446 - 未找到预测 CSV 文件，等待 30 秒后重试...
2025-01-13 06:19:48,453 - 未找到预测 CSV 文件，等待 30 秒后重试...
2025-01-13 06:20:18,460 - 未找到预测 CSV 文件，等待 30 秒后重试...
2025-01-13 06:20:48,467 - 未找到预测 CSV 文件，等待 30 秒后重试...
2025-01-13 06:21:18,479 - 未找到预测 CSV 文件，等待 30 秒后重试...
2025-01-13 06:21:48,484 - 未找到预测 CSV 文件，等待 30 秒后重试...
2025-01-13 06:22:18,486 - 未找到预测 CSV 文件，等待 30 秒后重试...
2025-01-13 06:22:48,489 - 未找到预测 CSV 文件，等待 30 秒后重试...
2025-01-13 06:23:18,492 - 未找到预测 CSV 文件，等待 30 秒后重试...
2025-01-13 06:23:48,500 - 未找到预测 CSV 文件，等待 30 秒后重试...
2025-01-13 06:24:18,516 - 未找到预测 CSV 文件，等待 30 秒后重试...
2025-01-13 06:24:48,522 - 未找到预测 CSV 文件，等待 30 秒后重试...
2025-01-13 06:25:18,523 - 未找到预测 CSV 文件，等待 30 秒后重试...
2025-01-13 06:25:48,532 - 未找到预测 CSV 文件，等待 30 秒后重试...
2025-01-13 06:26:18,540 - 未找到预测 CSV 文件，等待 30 秒后重试...
2025-01-13 06:26:48,552 - 未找到预测 CSV 文件，等待 30 秒后重试...
2025-01-13 06:27:18,558 - 未找到预测 CSV 文件，等待 30 秒后重试...
2025-01-13 06:27:48,567 - 未找到预测 CSV 文件，等待 30 秒后重试...
2025-01-13 06:28:18,577 - 未找到预测 CSV 文件，等待 30 秒后重试...
2025-01-13 06:28:48,583 - 未找到预测 CSV 文件，等待 30 秒后重试...
2025-01-13 06:29:18,594 - 未找到预测 CSV 文件，等待 30 秒后重试...
2025-01-13 06:29:48,608 - 未找到预测 CSV 文件，等待 30 秒后重试...
2025-01-13 06:30:18,618 - 未找到预测 CSV 文件，等待 30 秒后重试...
2025-01-13 06:30:48,632 - 未找到预测 CSV 文件，等待 30 秒后重试...
2025-01-13 06:31:18,646 - 未找到预测 CSV 文件，等待 30 秒后重试...
2025-01-13 06:31:48,651 - 未找到预测 CSV 文件，等待 30 秒后重试...
2025-01-13 06:32:18,661 - 未找到预测 CSV 文件，等待 30 秒后重试...
2025-01-13 06:32:48,668 - 未找到预测 CSV 文件，等待 30 秒后重试...
2025-01-13 06:33:18,672 - 未找到预测 CSV 文件，等待 30 秒后重试...
2025-01-13 06:33:48,680 - 未找到预测 CSV 文件，等待 30 秒后重试...
2025-01-13 06:34:18,691 - 未找到预测 CSV 文件，等待 30 秒后重试...
2025-01-13 06:34:48,698 - 未找到预测 CSV 文件，等待 30 秒后重试...
2025-01-13 06:35:18,711 - 未找到预测 CSV 文件，等待 30 秒后重试...
2025-01-13 06:35:48,716 - 未找到预测 CSV 文件，等待 30 秒后重试...
2025-01-13 06:36:18,721 - 未找到预测 CSV 文件，等待 30 秒后重试...
2025-01-13 06:36:48,730 - 未找到预测 CSV 文件，等待 30 秒后重试...
2025-01-13 06:37:18,733 - 未找到预测 CSV 文件，等待 30 秒后重试...
2025-01-13 06:37:48,746 - 未找到预测 CSV 文件，等待 30 秒后重试...
2025-01-13 06:38:18,759 - 未找到预测 CSV 文件，等待 30 秒后重试...
2025-01-13 06:38:48,767 - 未找到预测 CSV 文件，等待 30 秒后重试...
2025-01-13 06:39:18,772 - 未找到预测 CSV 文件，等待 30 秒后重试...
2025-01-13 06:39:48,789 - 未找到预测 CSV 文件，等待 30 秒后重试...
2025-01-13 06:40:18,796 - 未找到预测 CSV 文件，等待 30 秒后重试...
2025-01-13 06:40:48,802 - 未找到预测 CSV 文件，等待 30 秒后重试...
2025-01-13 06:41:18,815 - 未找到预测 CSV 文件，等待 30 秒后重试...
2025-01-13 06:41:48,819 - 未找到预测 CSV 文件，等待 30 秒后重试...
2025-01-13 06:42:18,825 - 未找到预测 CSV 文件，等待 30 秒后重试...
2025-01-13 06:42:48,826 - 未找到预测 CSV 文件，等待 30 秒后重试...
2025-01-13 06:43:18,835 - 未找到预测 CSV 文件，等待 30 秒后重试...
2025-01-13 06:43:48,840 - 未找到预测 CSV 文件，等待 30 秒后重试...
2025-01-13 06:44:18,848 - 未找到预测 CSV 文件，等待 30 秒后重试...
2025-01-13 06:44:48,853 - 未找到预测 CSV 文件，等待 30 秒后重试...
2025-01-13 06:45:18,861 - 未找到预测 CSV 文件，等待 30 秒后重试...
2025-01-13 06:45:48,865 - 未找到预测 CSV 文件，等待 30 秒后重试...
2025-01-13 06:46:18,872 - 未找到预测 CSV 文件，等待 30 秒后重试...
2025-01-13 06:46:48,880 - 未找到预测 CSV 文件，等待 30 秒后重试...
2025-01-13 06:47:18,882 - 未找到预测 CSV 文件，等待 30 秒后重试...
2025-01-13 06:47:48,891 - 未找到预测 CSV 文件，等待 30 秒后重试...
2025-01-13 06:48:18,899 - 未找到预测 CSV 文件，等待 30 秒后重试...
2025-01-13 06:48:48,906 - 未找到预测 CSV 文件，等待 30 秒后重试...
2025-01-13 06:49:18,922 - 未找到预测 CSV 文件，等待 30 秒后重试...
2025-01-13 06:49:48,936 - 未找到预测 CSV 文件，等待 30 秒后重试...
2025-01-13 06:50:18,952 - 未找到预测 CSV 文件，等待 30 秒后重试...
2025-01-13 06:50:48,959 - 未找到预测 CSV 文件，等待 30 秒后重试...
2025-01-13 06:51:18,968 - 未找到预测 CSV 文件，等待 30 秒后重试...
2025-01-13 06:51:48,970 - 未找到预测 CSV 文件，等待 30 秒后重试...
2025-01-13 06:52:18,971 - 未找到预测 CSV 文件，等待 30 秒后重试...
2025-01-13 06:52:48,986 - 未找到预测 CSV 文件，等待 30 秒后重试...
2025-01-13 06:53:18,991 - 未找到预测 CSV 文件，等待 30 秒后重试...
2025-01-13 06:53:49,002 - 未找到预测 CSV 文件，等待 30 秒后重试...
2025-01-13 06:54:19,014 - 未找到预测 CSV 文件，等待 30 秒后重试...
2025-01-13 06:54:49,018 - 未找到预测 CSV 文件，等待 30 秒后重试...
2025-01-13 06:55:19,032 - 未找到预测 CSV 文件，等待 30 秒后重试...
2025-01-13 06:55:49,045 - 未找到预测 CSV 文件，等待 30 秒后重试...
2025-01-13 06:56:19,050 - 未找到预测 CSV 文件，等待 30 秒后重试...
2025-01-13 06:56:49,051 - 未找到预测 CSV 文件，等待 30 秒后重试...
2025-01-13 06:57:19,063 - 未找到预测 CSV 文件，等待 30 秒后重试...
2025-01-13 06:57:49,077 - 未找到预测 CSV 文件，等待 30 秒后重试...
2025-01-13 06:58:19,080 - 未找到预测 CSV 文件，等待 30 秒后重试...
2025-01-13 06:58:49,090 - 未找到预测 CSV 文件，等待 30 秒后重试...
2025-01-13 06:59:19,096 - 未找到预测 CSV 文件，等待 30 秒后重试...
2025-01-13 06:59:49,111 - 未找到预测 CSV 文件，等待 30 秒后重试...
2025-01-13 07:00:19,118 - 未找到预测 CSV 文件，等待 30 秒后重试...
2025-01-13 07:00:49,123 - 未找到预测 CSV 文件，等待 30 秒后重试...
2025-01-13 07:01:19,135 - 未找到预测 CSV 文件，等待 30 秒后重试...
2025-01-13 07:01:49,149 - 未找到预测 CSV 文件，等待 30 秒后重试...
2025-01-13 07:02:19,152 - 未找到预测 CSV 文件，等待 30 秒后重试...
2025-01-13 07:02:49,167 - 未找到预测 CSV 文件，等待 30 秒后重试...
2025-01-13 07:03:19,169 - 未找到预测 CSV 文件，等待 30 秒后重试...
2025-01-13 07:03:49,183 - 未找到预测 CSV 文件，等待 30 秒后重试...
2025-01-13 07:04:19,189 - 未找到预测 CSV 文件，等待 30 秒后重试...
2025-01-13 07:04:49,193 - 未找到预测 CSV 文件，等待 30 秒后重试...
2025-01-13 07:05:19,196 - 未找到预测 CSV 文件，等待 30 秒后重试...
2025-01-13 07:05:49,197 - 未找到预测 CSV 文件，等待 30 秒后重试...
2025-01-13 07:06:19,198 - 未找到预测 CSV 文件，等待 30 秒后重试...
2025-01-13 07:06:49,202 - 未找到预测 CSV 文件，等待 30 秒后重试...
2025-01-13 07:07:19,206 - 未找到预测 CSV 文件，等待 30 秒后重试...
2025-01-13 07:07:49,218 - 未找到预测 CSV 文件，等待 30 秒后重试...
2025-01-13 07:08:19,222 - 未找到预测 CSV 文件，等待 30 秒后重试...
2025-01-13 07:08:49,230 - 未找到预测 CSV 文件，等待 30 秒后重试...
2025-01-13 07:09:19,239 - 未找到预测 CSV 文件，等待 30 秒后重试...
2025-01-13 07:09:49,249 - 未找到预测 CSV 文件，等待 30 秒后重试...
2025-01-13 07:10:19,255 - 未找到预测 CSV 文件，等待 30 秒后重试...
2025-01-13 07:10:49,257 - 未找到预测 CSV 文件，等待 30 秒后重试...
2025-01-13 07:11:19,265 - 未找到预测 CSV 文件，等待 30 秒后重试...
2025-01-13 07:11:49,267 - 未找到预测 CSV 文件，等待 30 秒后重试...
2025-01-13 07:12:19,272 - 未找到预测 CSV 文件，等待 30 秒后重试...
2025-01-13 07:12:49,283 - 未找到预测 CSV 文件，等待 30 秒后重试...
2025-01-13 07:13:19,297 - 未找到预测 CSV 文件，等待 30 秒后重试...
2025-01-13 07:13:49,304 - 未找到预测 CSV 文件，等待 30 秒后重试...
2025-01-13 07:14:19,306 - 未找到预测 CSV 文件，等待 30 秒后重试...
2025-01-13 07:14:49,308 - 未找到预测 CSV 文件，等待 30 秒后重试...
2025-01-13 07:15:19,310 - 未找到预测 CSV 文件，等待 30 秒后重试...
2025-01-13 07:15:49,325 - 未找到预测 CSV 文件，等待 30 秒后重试...
2025-01-13 07:16:19,331 - 未找到预测 CSV 文件，等待 30 秒后重试...
2025-01-13 07:16:49,346 - 未找到预测 CSV 文件，等待 30 秒后重试...
2025-01-13 07:17:19,356 - 未找到预测 CSV 文件，等待 30 秒后重试...
2025-01-13 07:17:49,369 - 未找到预测 CSV 文件，等待 30 秒后重试...
2025-01-13 07:18:19,383 - 未找到预测 CSV 文件，等待 30 秒后重试...
2025-01-13 07:18:49,393 - 未找到预测 CSV 文件，等待 30 秒后重试...
2025-01-13 07:19:19,396 - 未找到预测 CSV 文件，等待 30 秒后重试...
2025-01-13 07:19:49,409 - 未找到预测 CSV 文件，等待 30 秒后重试...
2025-01-13 07:20:19,415 - 未找到预测 CSV 文件，等待 30 秒后重试...
2025-01-13 07:20:49,425 - 未找到预测 CSV 文件，等待 30 秒后重试...
2025-01-13 07:21:19,433 - 未找到预测 CSV 文件，等待 30 秒后重试...
2025-01-13 07:21:49,439 - 未找到预测 CSV 文件，等待 30 秒后重试...
2025-01-13 07:22:19,452 - 未找到预测 CSV 文件，等待 30 秒后重试...
2025-01-13 07:22:49,454 - 未找到预测 CSV 文件，等待 30 秒后重试...
2025-01-13 07:23:19,455 - 未找到预测 CSV 文件，等待 30 秒后重试...
2025-01-13 07:23:49,461 - 未找到预测 CSV 文件，等待 30 秒后重试...
2025-01-13 07:24:19,474 - 未找到预测 CSV 文件，等待 30 秒后重试...
2025-01-13 07:24:49,485 - 未找到预测 CSV 文件，等待 30 秒后重试...
2025-01-13 07:25:19,489 - 未找到预测 CSV 文件，等待 30 秒后重试...
2025-01-13 07:25:49,496 - 未找到预测 CSV 文件，等待 30 秒后重试...
2025-01-13 07:26:19,504 - 未找到预测 CSV 文件，等待 30 秒后重试...
2025-01-13 07:26:49,505 - 未找到预测 CSV 文件，等待 30 秒后重试...
2025-01-13 07:27:19,513 - 未找到预测 CSV 文件，等待 30 秒后重试...
2025-01-13 07:27:49,528 - 未找到预测 CSV 文件，等待 30 秒后重试...
2025-01-13 07:28:19,543 - 未找到预测 CSV 文件，等待 30 秒后重试...
2025-01-13 07:28:49,560 - 未找到预测 CSV 文件，等待 30 秒后重试...
2025-01-13 07:29:19,565 - 未找到预测 CSV 文件，等待 30 秒后重试...
2025-01-13 07:29:49,580 - 未找到预测 CSV 文件，等待 30 秒后重试...
2025-01-13 07:30:19,587 - 未找到预测 CSV 文件，等待 30 秒后重试...
2025-01-13 07:30:49,602 - 未找到预测 CSV 文件，等待 30 秒后重试...
2025-01-13 07:31:19,619 - 未找到预测 CSV 文件，等待 30 秒后重试...
2025-01-13 07:31:49,623 - 未找到预测 CSV 文件，等待 30 秒后重试...
2025-01-13 07:32:19,626 - 未找到预测 CSV 文件，等待 30 秒后重试...
2025-01-13 07:32:49,637 - 未找到预测 CSV 文件，等待 30 秒后重试...
2025-01-13 07:33:19,650 - 未找到预测 CSV 文件，等待 30 秒后重试...
2025-01-13 07:33:49,666 - 未找到预测 CSV 文件，等待 30 秒后重试...
2025-01-13 07:34:19,673 - 未找到预测 CSV 文件，等待 30 秒后重试...
2025-01-13 07:34:49,676 - 未找到预测 CSV 文件，等待 30 秒后重试...
2025-01-13 07:35:19,685 - 未找到预测 CSV 文件，等待 30 秒后重试...
2025-01-13 07:35:49,691 - 未找到预测 CSV 文件，等待 30 秒后重试...
2025-01-13 07:36:19,704 - 未找到预测 CSV 文件，等待 30 秒后重试...
2025-01-13 07:36:49,713 - 未找到预测 CSV 文件，等待 30 秒后重试...
2025-01-13 07:37:19,723 - 未找到预测 CSV 文件，等待 30 秒后重试...
2025-01-13 07:37:49,737 - 未找到预测 CSV 文件，等待 30 秒后重试...
2025-01-13 07:38:19,748 - 未找到预测 CSV 文件，等待 30 秒后重试...
2025-01-13 07:38:49,751 - 未找到预测 CSV 文件，等待 30 秒后重试...
2025-01-13 07:39:19,763 - 未找到预测 CSV 文件，等待 30 秒后重试...
2025-01-13 07:39:49,768 - 未找到预测 CSV 文件，等待 30 秒后重试...
2025-01-13 07:40:19,782 - 未找到预测 CSV 文件，等待 30 秒后重试...
2025-01-13 07:40:49,788 - 未找到预测 CSV 文件，等待 30 秒后重试...
2025-01-13 07:41:19,801 - 未找到预测 CSV 文件，等待 30 秒后重试...
2025-01-13 07:41:49,816 - 未找到预测 CSV 文件，等待 30 秒后重试...
2025-01-13 07:42:19,823 - 未找到预测 CSV 文件，等待 30 秒后重试...
2025-01-13 07:42:49,837 - 未找到预测 CSV 文件，等待 30 秒后重试...
2025-01-13 07:43:19,844 - 未找到预测 CSV 文件，等待 30 秒后重试...
2025-01-13 07:43:49,847 - 未找到预测 CSV 文件，等待 30 秒后重试...
2025-01-13 07:44:19,863 - 未找到预测 CSV 文件，等待 30 秒后重试...
2025-01-13 07:44:49,871 - 未找到预测 CSV 文件，等待 30 秒后重试...
2025-01-13 07:45:19,879 - 未找到预测 CSV 文件，等待 30 秒后重试...
2025-01-13 07:45:49,886 - 未找到预测 CSV 文件，等待 30 秒后重试...
2025-01-13 07:46:19,900 - 未找到预测 CSV 文件，等待 30 秒后重试...
2025-01-13 07:46:49,903 - 未找到预测 CSV 文件，等待 30 秒后重试...
2025-01-13 07:47:19,916 - 未找到预测 CSV 文件，等待 30 秒后重试...
2025-01-13 07:47:49,932 - 未找到预测 CSV 文件，等待 30 秒后重试...
2025-01-13 07:48:19,937 - 未找到预测 CSV 文件，等待 30 秒后重试...
2025-01-13 07:48:49,949 - 未找到预测 CSV 文件，等待 30 秒后重试...
2025-01-13 07:49:19,954 - 未找到预测 CSV 文件，等待 30 秒后重试...
2025-01-13 07:49:49,969 - 未找到预测 CSV 文件，等待 30 秒后重试...
2025-01-13 07:50:19,972 - 未找到预测 CSV 文件，等待 30 秒后重试...
2025-01-13 07:50:49,975 - 未找到预测 CSV 文件，等待 30 秒后重试...
2025-01-13 07:51:19,984 - 未找到预测 CSV 文件，等待 30 秒后重试...
2025-01-13 07:51:50,001 - 未找到预测 CSV 文件，等待 30 秒后重试...
2025-01-13 07:52:20,014 - 未找到预测 CSV 文件，等待 30 秒后重试...
2025-01-13 07:52:50,017 - 未找到预测 CSV 文件，等待 30 秒后重试...
2025-01-13 07:53:20,031 - 未找到预测 CSV 文件，等待 30 秒后重试...
2025-01-13 07:53:50,037 - 未找到预测 CSV 文件，等待 30 秒后重试...
2025-01-13 07:54:20,047 - 未找到预测 CSV 文件，等待 30 秒后重试...
2025-01-13 07:54:50,058 - 未找到预测 CSV 文件，等待 30 秒后重试...
2025-01-13 07:55:20,070 - 未找到预测 CSV 文件，等待 30 秒后重试...
2025-01-13 07:55:50,075 - 未找到预测 CSV 文件，等待 30 秒后重试...
2025-01-13 07:56:20,076 - 未找到预测 CSV 文件，等待 30 秒后重试...
2025-01-13 07:56:50,090 - 未找到预测 CSV 文件，等待 30 秒后重试...
2025-01-13 07:57:20,099 - 未找到预测 CSV 文件，等待 30 秒后重试...
2025-01-13 07:57:50,101 - 未找到预测 CSV 文件，等待 30 秒后重试...
2025-01-13 07:58:20,116 - 未找到预测 CSV 文件，等待 30 秒后重试...
2025-01-13 07:58:50,118 - 未找到预测 CSV 文件，等待 30 秒后重试...
2025-01-13 07:59:20,132 - 未找到预测 CSV 文件，等待 30 秒后重试...
2025-01-13 07:59:50,142 - 未找到预测 CSV 文件，等待 30 秒后重试...
2025-01-13 08:00:20,151 - 未找到预测 CSV 文件，等待 30 秒后重试...
2025-01-13 08:00:50,156 - 未找到预测 CSV 文件，等待 30 秒后重试...
2025-01-13 08:01:20,162 - 未找到预测 CSV 文件，等待 30 秒后重试...
2025-01-13 08:01:50,163 - 未找到预测 CSV 文件，等待 30 秒后重试...
2025-01-13 08:02:20,178 - 未找到预测 CSV 文件，等待 30 秒后重试...
2025-01-13 08:02:50,186 - 未找到预测 CSV 文件，等待 30 秒后重试...
2025-01-13 08:03:20,202 - 未找到预测 CSV 文件，等待 30 秒后重试...
2025-01-13 08:03:50,209 - 未找到预测 CSV 文件，等待 30 秒后重试...
2025-01-13 08:04:20,222 - 未找到预测 CSV 文件，等待 30 秒后重试...
2025-01-13 08:04:50,233 - 未找到预测 CSV 文件，等待 30 秒后重试...
2025-01-13 08:05:20,238 - 未找到预测 CSV 文件，等待 30 秒后重试...
2025-01-13 08:05:50,252 - 未找到预测 CSV 文件，等待 30 秒后重试...
2025-01-13 08:06:20,265 - 未找到预测 CSV 文件，等待 30 秒后重试...
2025-01-13 08:06:50,275 - 未找到预测 CSV 文件，等待 30 秒后重试...
2025-01-13 08:07:20,291 - 未找到预测 CSV 文件，等待 30 秒后重试...
2025-01-13 08:07:50,297 - 未找到预测 CSV 文件，等待 30 秒后重试...
2025-01-13 08:08:20,304 - 未找到预测 CSV 文件，等待 30 秒后重试...
2025-01-13 08:08:50,306 - 未找到预测 CSV 文件，等待 30 秒后重试...
2025-01-13 08:09:20,315 - 未找到预测 CSV 文件，等待 30 秒后重试...
2025-01-13 08:09:50,318 - 未找到预测 CSV 文件，等待 30 秒后重试...
2025-01-13 08:10:20,328 - 未找到预测 CSV 文件，等待 30 秒后重试...
2025-01-13 08:10:50,342 - 未找到预测 CSV 文件，等待 30 秒后重试...
2025-01-13 08:11:20,352 - 未找到预测 CSV 文件，等待 30 秒后重试...
2025-01-13 08:11:50,365 - 未找到预测 CSV 文件，等待 30 秒后重试...
2025-01-13 08:12:20,374 - 未找到预测 CSV 文件，等待 30 秒后重试...
2025-01-13 08:12:50,382 - 未找到预测 CSV 文件，等待 30 秒后重试...
2025-01-13 08:13:20,397 - 未找到预测 CSV 文件，等待 30 秒后重试...
2025-01-13 08:13:50,407 - 未找到预测 CSV 文件，等待 30 秒后重试...
2025-01-13 08:14:20,412 - 未找到预测 CSV 文件，等待 30 秒后重试...
2025-01-13 08:14:50,426 - 未找到预测 CSV 文件，等待 30 秒后重试...
2025-01-13 08:15:20,431 - 未找到预测 CSV 文件，等待 30 秒后重试...
2025-01-13 08:15:50,443 - 未找到预测 CSV 文件，等待 30 秒后重试...
2025-01-13 08:16:20,448 - 未找到预测 CSV 文件，等待 30 秒后重试...
2025-01-13 08:16:50,462 - 未找到预测 CSV 文件，等待 30 秒后重试...
2025-01-13 08:17:20,466 - 未找到预测 CSV 文件，等待 30 秒后重试...
2025-01-13 08:17:50,471 - 未找到预测 CSV 文件，等待 30 秒后重试...
2025-01-13 08:18:20,480 - 未找到预测 CSV 文件，等待 30 秒后重试...
2025-01-13 08:18:50,494 - 未找到预测 CSV 文件，等待 30 秒后重试...
2025-01-13 08:19:20,509 - 未找到预测 CSV 文件，等待 30 秒后重试...
2025-01-13 08:19:50,517 - 未找到预测 CSV 文件，等待 30 秒后重试...
2025-01-13 08:20:20,530 - 未找到预测 CSV 文件，等待 30 秒后重试...
2025-01-13 08:20:50,540 - 未找到预测 CSV 文件，等待 30 秒后重试...
2025-01-13 08:21:20,543 - 未找到预测 CSV 文件，等待 30 秒后重试...
2025-01-13 08:21:50,559 - 未找到预测 CSV 文件，等待 30 秒后重试...
2025-01-13 08:22:20,575 - 未找到预测 CSV 文件，等待 30 秒后重试...
2025-01-13 08:22:50,588 - 未找到预测 CSV 文件，等待 30 秒后重试...
2025-01-13 08:23:20,590 - 未找到预测 CSV 文件，等待 30 秒后重试...
2025-01-13 08:23:50,600 - 未找到预测 CSV 文件，等待 30 秒后重试...
2025-01-13 08:24:20,605 - 未找到预测 CSV 文件，等待 30 秒后重试...
2025-01-13 08:24:50,611 - 未找到预测 CSV 文件，等待 30 秒后重试...
2025-01-13 08:25:20,624 - 未找到预测 CSV 文件，等待 30 秒后重试...
2025-01-13 08:25:50,640 - 未找到预测 CSV 文件，等待 30 秒后重试...
2025-01-13 08:26:20,642 - 未找到预测 CSV 文件，等待 30 秒后重试...
2025-01-13 08:26:50,645 - 未找到预测 CSV 文件，等待 30 秒后重试...
2025-01-13 08:27:20,649 - 未找到预测 CSV 文件，等待 30 秒后重试...
2025-01-13 08:27:50,651 - 未找到预测 CSV 文件，等待 30 秒后重试...
2025-01-13 08:28:20,666 - 未找到预测 CSV 文件，等待 30 秒后重试...
2025-01-13 08:28:50,668 - 未找到预测 CSV 文件，等待 30 秒后重试...
2025-01-13 08:29:20,679 - 未找到预测 CSV 文件，等待 30 秒后重试...
2025-01-13 08:29:50,688 - 未找到预测 CSV 文件，等待 30 秒后重试...
2025-01-13 08:30:20,689 - 未找到预测 CSV 文件，等待 30 秒后重试...
2025-01-13 08:30:50,693 - 未找到预测 CSV 文件，等待 30 秒后重试...
2025-01-13 08:31:20,695 - 发现新的预测文件：D:\my-vue-project\wind-power-forecast\backend\auto_scripts\precsv\shortcsv\20250113.csv，执行预测...
2025-01-13 08:31:20,818 - 今天的训练和预测任务已完成。
