2025-01-15 01:00:11,867 - 今天的日期是: 20250115
2025-01-15 01:00:11,868 - 开始监视 D:\my-vue-project\wind-power-forecast\backend\auto_scripts\dataset\dataset_short 文件夹以进行训练...
2025-01-15 01:00:11,868 - 发现新的训练文件：D:\my-vue-project\wind-power-forecast\backend\auto_scripts\dataset\dataset_short\20250115.csv，执行训练...
2025-01-15 01:00:11,868 - 开始监视 D:\my-vue-project\wind-power-forecast\backend\auto_scripts\precsv\shortcsv 文件夹以进行预测...
2025-01-15 01:00:11,868 - 输出结果将保存到: D:\my-vue-project\wind-power-forecast\backend\auto_scripts\train_predictions\short_predictions
2025-01-15 01:00:11,868 - 未有可用模型，等待模型训练完成...
2025-01-15 01:00:13,030 - 数据加载与预处理完成
2025-01-15 01:00:13,345 - 数据标准化完成
2025-01-15 01:00:14,052 - 创建时间窗口完成
2025-01-15 01:00:14,052 - 获取模型参数完成
2025-01-15 01:00:41,876 - 未有可用模型，等待模型训练完成...
2025-01-15 01:01:11,892 - 未有可用模型，等待模型训练完成...
2025-01-15 01:01:41,895 - 未有可用模型，等待模型训练完成...
2025-01-15 01:02:11,898 - 未有可用模型，等待模型训练完成...
2025-01-15 01:02:41,908 - 未有可用模型，等待模型训练完成...
2025-01-15 01:03:11,911 - 未有可用模型，等待模型训练完成...
2025-01-15 01:03:41,919 - 未有可用模型，等待模型训练完成...
2025-01-15 01:04:11,921 - 未有可用模型，等待模型训练完成...
2025-01-15 01:04:41,923 - 未有可用模型，等待模型训练完成...
2025-01-15 01:05:00,413 - 训练与评估完成
2025-01-15 01:05:00,446 - 保存预测结果完成
2025-01-15 01:05:00,771 - 可视化结果完成
2025-01-15 01:05:00,971 - 模型已成功保存到 D:\my-vue-project\wind-power-forecast\backend\auto_scripts\models\shortmodel\20250115，模型可用。
2025-01-15 01:05:11,932 - 未找到预测 CSV 文件，等待 30 秒后重试...
2025-01-15 01:05:41,941 - 未找到预测 CSV 文件，等待 30 秒后重试...
2025-01-15 01:06:11,957 - 未找到预测 CSV 文件，等待 30 秒后重试...
2025-01-15 01:06:41,963 - 未找到预测 CSV 文件，等待 30 秒后重试...
2025-01-15 01:07:11,976 - 未找到预测 CSV 文件，等待 30 秒后重试...
2025-01-15 01:07:41,983 - 未找到预测 CSV 文件，等待 30 秒后重试...
2025-01-15 01:08:11,987 - 未找到预测 CSV 文件，等待 30 秒后重试...
2025-01-15 01:08:41,996 - 未找到预测 CSV 文件，等待 30 秒后重试...
2025-01-15 01:09:12,000 - 未找到预测 CSV 文件，等待 30 秒后重试...
2025-01-15 01:09:42,004 - 未找到预测 CSV 文件，等待 30 秒后重试...
2025-01-15 01:10:12,018 - 未找到预测 CSV 文件，等待 30 秒后重试...
2025-01-15 01:10:42,029 - 未找到预测 CSV 文件，等待 30 秒后重试...
2025-01-15 01:11:12,037 - 未找到预测 CSV 文件，等待 30 秒后重试...
2025-01-15 01:11:42,037 - 未找到预测 CSV 文件，等待 30 秒后重试...
2025-01-15 01:12:12,043 - 未找到预测 CSV 文件，等待 30 秒后重试...
2025-01-15 01:12:42,050 - 未找到预测 CSV 文件，等待 30 秒后重试...
2025-01-15 01:13:12,054 - 未找到预测 CSV 文件，等待 30 秒后重试...
2025-01-15 01:13:42,063 - 未找到预测 CSV 文件，等待 30 秒后重试...
2025-01-15 01:14:12,072 - 未找到预测 CSV 文件，等待 30 秒后重试...
2025-01-15 01:14:42,080 - 未找到预测 CSV 文件，等待 30 秒后重试...
2025-01-15 01:15:12,094 - 未找到预测 CSV 文件，等待 30 秒后重试...
2025-01-15 01:15:42,111 - 未找到预测 CSV 文件，等待 30 秒后重试...
2025-01-15 01:16:12,125 - 未找到预测 CSV 文件，等待 30 秒后重试...
2025-01-15 01:16:42,137 - 未找到预测 CSV 文件，等待 30 秒后重试...
2025-01-15 01:17:12,150 - 未找到预测 CSV 文件，等待 30 秒后重试...
2025-01-15 01:17:42,155 - 未找到预测 CSV 文件，等待 30 秒后重试...
2025-01-15 01:18:12,165 - 未找到预测 CSV 文件，等待 30 秒后重试...
2025-01-15 01:18:42,176 - 未找到预测 CSV 文件，等待 30 秒后重试...
2025-01-15 01:19:12,182 - 未找到预测 CSV 文件，等待 30 秒后重试...
2025-01-15 01:19:42,187 - 未找到预测 CSV 文件，等待 30 秒后重试...
2025-01-15 01:20:12,190 - 未找到预测 CSV 文件，等待 30 秒后重试...
2025-01-15 01:20:42,200 - 未找到预测 CSV 文件，等待 30 秒后重试...
2025-01-15 01:21:12,210 - 未找到预测 CSV 文件，等待 30 秒后重试...
2025-01-15 01:21:42,216 - 未找到预测 CSV 文件，等待 30 秒后重试...
2025-01-15 01:22:12,232 - 未找到预测 CSV 文件，等待 30 秒后重试...
2025-01-15 01:22:42,239 - 未找到预测 CSV 文件，等待 30 秒后重试...
2025-01-15 01:23:12,255 - 未找到预测 CSV 文件，等待 30 秒后重试...
2025-01-15 01:23:42,262 - 未找到预测 CSV 文件，等待 30 秒后重试...
2025-01-15 01:24:12,263 - 未找到预测 CSV 文件，等待 30 秒后重试...
2025-01-15 01:24:42,267 - 未找到预测 CSV 文件，等待 30 秒后重试...
2025-01-15 01:25:12,270 - 未找到预测 CSV 文件，等待 30 秒后重试...
2025-01-15 01:25:42,276 - 未找到预测 CSV 文件，等待 30 秒后重试...
2025-01-15 01:26:12,291 - 未找到预测 CSV 文件，等待 30 秒后重试...
2025-01-15 01:26:42,296 - 未找到预测 CSV 文件，等待 30 秒后重试...
2025-01-15 01:27:12,312 - 未找到预测 CSV 文件，等待 30 秒后重试...
2025-01-15 01:27:42,319 - 未找到预测 CSV 文件，等待 30 秒后重试...
2025-01-15 01:28:12,324 - 未找到预测 CSV 文件，等待 30 秒后重试...
2025-01-15 01:28:42,334 - 未找到预测 CSV 文件，等待 30 秒后重试...
2025-01-15 01:29:12,347 - 未找到预测 CSV 文件，等待 30 秒后重试...
2025-01-15 01:29:42,359 - 未找到预测 CSV 文件，等待 30 秒后重试...
2025-01-15 01:30:12,368 - 未找到预测 CSV 文件，等待 30 秒后重试...
2025-01-15 01:30:42,371 - 未找到预测 CSV 文件，等待 30 秒后重试...
2025-01-15 01:31:12,384 - 未找到预测 CSV 文件，等待 30 秒后重试...
2025-01-15 01:31:42,398 - 未找到预测 CSV 文件，等待 30 秒后重试...
2025-01-15 01:32:12,400 - 未找到预测 CSV 文件，等待 30 秒后重试...
2025-01-15 01:32:42,410 - 未找到预测 CSV 文件，等待 30 秒后重试...
2025-01-15 01:33:12,423 - 未找到预测 CSV 文件，等待 30 秒后重试...
2025-01-15 01:33:42,431 - 未找到预测 CSV 文件，等待 30 秒后重试...
2025-01-15 01:34:12,437 - 未找到预测 CSV 文件，等待 30 秒后重试...
2025-01-15 01:34:42,439 - 未找到预测 CSV 文件，等待 30 秒后重试...
2025-01-15 01:35:12,454 - 未找到预测 CSV 文件，等待 30 秒后重试...
2025-01-15 01:35:42,467 - 未找到预测 CSV 文件，等待 30 秒后重试...
2025-01-15 01:36:12,477 - 未找到预测 CSV 文件，等待 30 秒后重试...
2025-01-15 01:36:42,478 - 未找到预测 CSV 文件，等待 30 秒后重试...
2025-01-15 01:37:12,493 - 未找到预测 CSV 文件，等待 30 秒后重试...
2025-01-15 01:37:42,504 - 未找到预测 CSV 文件，等待 30 秒后重试...
2025-01-15 01:38:12,517 - 未找到预测 CSV 文件，等待 30 秒后重试...
2025-01-15 01:38:42,522 - 未找到预测 CSV 文件，等待 30 秒后重试...
2025-01-15 01:39:12,537 - 未找到预测 CSV 文件，等待 30 秒后重试...
2025-01-15 01:39:42,551 - 未找到预测 CSV 文件，等待 30 秒后重试...
2025-01-15 01:40:12,560 - 未找到预测 CSV 文件，等待 30 秒后重试...
2025-01-15 01:40:42,572 - 未找到预测 CSV 文件，等待 30 秒后重试...
2025-01-15 01:41:12,588 - 未找到预测 CSV 文件，等待 30 秒后重试...
2025-01-15 01:41:42,597 - 未找到预测 CSV 文件，等待 30 秒后重试...
2025-01-15 01:42:12,604 - 未找到预测 CSV 文件，等待 30 秒后重试...
2025-01-15 01:42:42,608 - 未找到预测 CSV 文件，等待 30 秒后重试...
2025-01-15 01:43:12,610 - 未找到预测 CSV 文件，等待 30 秒后重试...
2025-01-15 01:43:42,620 - 未找到预测 CSV 文件，等待 30 秒后重试...
2025-01-15 01:44:12,625 - 未找到预测 CSV 文件，等待 30 秒后重试...
2025-01-15 01:44:42,629 - 未找到预测 CSV 文件，等待 30 秒后重试...
2025-01-15 01:45:12,632 - 未找到预测 CSV 文件，等待 30 秒后重试...
2025-01-15 01:45:42,638 - 未找到预测 CSV 文件，等待 30 秒后重试...
2025-01-15 01:46:12,638 - 未找到预测 CSV 文件，等待 30 秒后重试...
2025-01-15 01:46:42,642 - 未找到预测 CSV 文件，等待 30 秒后重试...
2025-01-15 01:47:12,644 - 未找到预测 CSV 文件，等待 30 秒后重试...
2025-01-15 01:47:42,660 - 未找到预测 CSV 文件，等待 30 秒后重试...
2025-01-15 01:48:12,675 - 未找到预测 CSV 文件，等待 30 秒后重试...
2025-01-15 01:48:42,677 - 未找到预测 CSV 文件，等待 30 秒后重试...
2025-01-15 01:49:12,682 - 未找到预测 CSV 文件，等待 30 秒后重试...
2025-01-15 01:49:42,691 - 未找到预测 CSV 文件，等待 30 秒后重试...
2025-01-15 01:50:12,699 - 未找到预测 CSV 文件，等待 30 秒后重试...
2025-01-15 01:50:42,704 - 未找到预测 CSV 文件，等待 30 秒后重试...
2025-01-15 01:51:12,706 - 未找到预测 CSV 文件，等待 30 秒后重试...
2025-01-15 01:51:42,721 - 未找到预测 CSV 文件，等待 30 秒后重试...
2025-01-15 01:52:12,736 - 未找到预测 CSV 文件，等待 30 秒后重试...
2025-01-15 01:52:42,750 - 未找到预测 CSV 文件，等待 30 秒后重试...
2025-01-15 01:53:12,766 - 未找到预测 CSV 文件，等待 30 秒后重试...
2025-01-15 01:53:42,771 - 未找到预测 CSV 文件，等待 30 秒后重试...
2025-01-15 01:54:12,773 - 未找到预测 CSV 文件，等待 30 秒后重试...
2025-01-15 01:54:42,788 - 未找到预测 CSV 文件，等待 30 秒后重试...
2025-01-15 01:55:12,789 - 未找到预测 CSV 文件，等待 30 秒后重试...
2025-01-15 01:55:42,799 - 未找到预测 CSV 文件，等待 30 秒后重试...
2025-01-15 01:56:12,810 - 未找到预测 CSV 文件，等待 30 秒后重试...
2025-01-15 01:56:42,815 - 未找到预测 CSV 文件，等待 30 秒后重试...
2025-01-15 01:57:12,830 - 未找到预测 CSV 文件，等待 30 秒后重试...
2025-01-15 01:57:42,839 - 未找到预测 CSV 文件，等待 30 秒后重试...
2025-01-15 01:58:12,843 - 未找到预测 CSV 文件，等待 30 秒后重试...
2025-01-15 01:58:42,852 - 未找到预测 CSV 文件，等待 30 秒后重试...
2025-01-15 01:59:12,862 - 未找到预测 CSV 文件，等待 30 秒后重试...
2025-01-15 01:59:42,878 - 未找到预测 CSV 文件，等待 30 秒后重试...
2025-01-15 02:00:12,886 - 未找到预测 CSV 文件，等待 30 秒后重试...
2025-01-15 02:00:42,897 - 未找到预测 CSV 文件，等待 30 秒后重试...
2025-01-15 02:01:12,906 - 未找到预测 CSV 文件，等待 30 秒后重试...
2025-01-15 02:01:42,911 - 未找到预测 CSV 文件，等待 30 秒后重试...
2025-01-15 02:02:12,923 - 未找到预测 CSV 文件，等待 30 秒后重试...
2025-01-15 02:02:42,935 - 未找到预测 CSV 文件，等待 30 秒后重试...
2025-01-15 02:03:12,945 - 未找到预测 CSV 文件，等待 30 秒后重试...
2025-01-15 02:03:42,951 - 未找到预测 CSV 文件，等待 30 秒后重试...
2025-01-15 02:04:12,962 - 未找到预测 CSV 文件，等待 30 秒后重试...
2025-01-15 02:04:42,976 - 未找到预测 CSV 文件，等待 30 秒后重试...
2025-01-15 02:05:12,982 - 未找到预测 CSV 文件，等待 30 秒后重试...
2025-01-15 02:05:42,993 - 未找到预测 CSV 文件，等待 30 秒后重试...
2025-01-15 02:06:12,998 - 未找到预测 CSV 文件，等待 30 秒后重试...
2025-01-15 02:06:43,014 - 未找到预测 CSV 文件，等待 30 秒后重试...
2025-01-15 02:07:13,019 - 未找到预测 CSV 文件，等待 30 秒后重试...
2025-01-15 02:07:43,036 - 未找到预测 CSV 文件，等待 30 秒后重试...
2025-01-15 02:08:13,046 - 未找到预测 CSV 文件，等待 30 秒后重试...
2025-01-15 02:08:43,056 - 未找到预测 CSV 文件，等待 30 秒后重试...
2025-01-15 02:09:13,065 - 未找到预测 CSV 文件，等待 30 秒后重试...
2025-01-15 02:09:43,077 - 未找到预测 CSV 文件，等待 30 秒后重试...
2025-01-15 02:10:13,089 - 未找到预测 CSV 文件，等待 30 秒后重试...
2025-01-15 02:10:43,097 - 未找到预测 CSV 文件，等待 30 秒后重试...
2025-01-15 02:11:13,102 - 未找到预测 CSV 文件，等待 30 秒后重试...
2025-01-15 02:11:43,112 - 未找到预测 CSV 文件，等待 30 秒后重试...
2025-01-15 02:12:13,116 - 未找到预测 CSV 文件，等待 30 秒后重试...
2025-01-15 02:12:43,128 - 未找到预测 CSV 文件，等待 30 秒后重试...
2025-01-15 02:13:13,143 - 未找到预测 CSV 文件，等待 30 秒后重试...
2025-01-15 02:13:43,150 - 未找到预测 CSV 文件，等待 30 秒后重试...
2025-01-15 02:14:13,152 - 未找到预测 CSV 文件，等待 30 秒后重试...
2025-01-15 02:14:43,155 - 未找到预测 CSV 文件，等待 30 秒后重试...
2025-01-15 02:15:13,169 - 未找到预测 CSV 文件，等待 30 秒后重试...
2025-01-15 02:15:43,184 - 未找到预测 CSV 文件，等待 30 秒后重试...
2025-01-15 02:16:13,191 - 未找到预测 CSV 文件，等待 30 秒后重试...
2025-01-15 02:16:43,204 - 未找到预测 CSV 文件，等待 30 秒后重试...
2025-01-15 02:17:13,214 - 未找到预测 CSV 文件，等待 30 秒后重试...
2025-01-15 02:17:43,218 - 未找到预测 CSV 文件，等待 30 秒后重试...
2025-01-15 02:18:13,223 - 未找到预测 CSV 文件，等待 30 秒后重试...
2025-01-15 02:18:43,240 - 未找到预测 CSV 文件，等待 30 秒后重试...
2025-01-15 02:19:13,248 - 未找到预测 CSV 文件，等待 30 秒后重试...
2025-01-15 02:19:43,262 - 未找到预测 CSV 文件，等待 30 秒后重试...
2025-01-15 02:20:13,269 - 未找到预测 CSV 文件，等待 30 秒后重试...
2025-01-15 02:20:43,273 - 未找到预测 CSV 文件，等待 30 秒后重试...
2025-01-15 02:21:13,278 - 未找到预测 CSV 文件，等待 30 秒后重试...
2025-01-15 02:21:43,285 - 未找到预测 CSV 文件，等待 30 秒后重试...
2025-01-15 02:22:13,288 - 未找到预测 CSV 文件，等待 30 秒后重试...
2025-01-15 02:22:43,292 - 未找到预测 CSV 文件，等待 30 秒后重试...
2025-01-15 02:23:13,301 - 未找到预测 CSV 文件，等待 30 秒后重试...
2025-01-15 02:23:43,305 - 未找到预测 CSV 文件，等待 30 秒后重试...
2025-01-15 02:24:13,309 - 未找到预测 CSV 文件，等待 30 秒后重试...
2025-01-15 02:24:43,316 - 未找到预测 CSV 文件，等待 30 秒后重试...
2025-01-15 02:25:13,325 - 未找到预测 CSV 文件，等待 30 秒后重试...
2025-01-15 02:25:43,339 - 未找到预测 CSV 文件，等待 30 秒后重试...
2025-01-15 02:26:13,348 - 未找到预测 CSV 文件，等待 30 秒后重试...
2025-01-15 02:26:43,351 - 未找到预测 CSV 文件，等待 30 秒后重试...
2025-01-15 02:27:13,364 - 未找到预测 CSV 文件，等待 30 秒后重试...
2025-01-15 02:27:43,368 - 未找到预测 CSV 文件，等待 30 秒后重试...
2025-01-15 02:28:13,382 - 未找到预测 CSV 文件，等待 30 秒后重试...
2025-01-15 02:28:43,391 - 未找到预测 CSV 文件，等待 30 秒后重试...
2025-01-15 02:29:13,399 - 未找到预测 CSV 文件，等待 30 秒后重试...
2025-01-15 02:29:43,415 - 未找到预测 CSV 文件，等待 30 秒后重试...
2025-01-15 02:30:13,428 - 未找到预测 CSV 文件，等待 30 秒后重试...
2025-01-15 02:30:43,442 - 未找到预测 CSV 文件，等待 30 秒后重试...
2025-01-15 02:31:13,458 - 未找到预测 CSV 文件，等待 30 秒后重试...
2025-01-15 02:31:43,461 - 未找到预测 CSV 文件，等待 30 秒后重试...
2025-01-15 02:32:13,469 - 未找到预测 CSV 文件，等待 30 秒后重试...
2025-01-15 02:32:43,473 - 未找到预测 CSV 文件，等待 30 秒后重试...
2025-01-15 02:33:13,480 - 未找到预测 CSV 文件，等待 30 秒后重试...
2025-01-15 02:33:43,496 - 未找到预测 CSV 文件，等待 30 秒后重试...
2025-01-15 02:34:13,497 - 未找到预测 CSV 文件，等待 30 秒后重试...
2025-01-15 02:34:43,506 - 未找到预测 CSV 文件，等待 30 秒后重试...
2025-01-15 02:35:13,508 - 未找到预测 CSV 文件，等待 30 秒后重试...
2025-01-15 02:35:43,526 - 未找到预测 CSV 文件，等待 30 秒后重试...
2025-01-15 02:36:13,535 - 未找到预测 CSV 文件，等待 30 秒后重试...
2025-01-15 02:36:43,539 - 未找到预测 CSV 文件，等待 30 秒后重试...
2025-01-15 02:37:13,545 - 未找到预测 CSV 文件，等待 30 秒后重试...
2025-01-15 02:37:43,553 - 未找到预测 CSV 文件，等待 30 秒后重试...
2025-01-15 02:38:13,564 - 未找到预测 CSV 文件，等待 30 秒后重试...
2025-01-15 02:38:43,568 - 未找到预测 CSV 文件，等待 30 秒后重试...
2025-01-15 02:39:13,572 - 未找到预测 CSV 文件，等待 30 秒后重试...
2025-01-15 02:39:43,587 - 未找到预测 CSV 文件，等待 30 秒后重试...
2025-01-15 02:40:13,601 - 未找到预测 CSV 文件，等待 30 秒后重试...
2025-01-15 02:40:43,609 - 未找到预测 CSV 文件，等待 30 秒后重试...
2025-01-15 02:41:13,622 - 未找到预测 CSV 文件，等待 30 秒后重试...
2025-01-15 02:41:43,636 - 未找到预测 CSV 文件，等待 30 秒后重试...
2025-01-15 02:42:13,641 - 未找到预测 CSV 文件，等待 30 秒后重试...
2025-01-15 02:42:43,658 - 未找到预测 CSV 文件，等待 30 秒后重试...
2025-01-15 02:43:13,666 - 未找到预测 CSV 文件，等待 30 秒后重试...
2025-01-15 02:43:43,672 - 未找到预测 CSV 文件，等待 30 秒后重试...
2025-01-15 02:44:13,680 - 未找到预测 CSV 文件，等待 30 秒后重试...
2025-01-15 02:44:43,683 - 未找到预测 CSV 文件，等待 30 秒后重试...
2025-01-15 02:45:13,691 - 未找到预测 CSV 文件，等待 30 秒后重试...
2025-01-15 02:45:43,707 - 未找到预测 CSV 文件，等待 30 秒后重试...
2025-01-15 02:46:13,722 - 未找到预测 CSV 文件，等待 30 秒后重试...
2025-01-15 02:46:43,738 - 未找到预测 CSV 文件，等待 30 秒后重试...
2025-01-15 02:47:13,741 - 未找到预测 CSV 文件，等待 30 秒后重试...
2025-01-15 02:47:43,744 - 未找到预测 CSV 文件，等待 30 秒后重试...
2025-01-15 02:48:13,750 - 未找到预测 CSV 文件，等待 30 秒后重试...
2025-01-15 02:48:43,761 - 未找到预测 CSV 文件，等待 30 秒后重试...
2025-01-15 02:49:13,775 - 未找到预测 CSV 文件，等待 30 秒后重试...
2025-01-15 02:49:43,790 - 未找到预测 CSV 文件，等待 30 秒后重试...
2025-01-15 02:50:13,797 - 未找到预测 CSV 文件，等待 30 秒后重试...
2025-01-15 02:50:43,813 - 未找到预测 CSV 文件，等待 30 秒后重试...
2025-01-15 02:51:13,820 - 未找到预测 CSV 文件，等待 30 秒后重试...
2025-01-15 02:51:43,837 - 未找到预测 CSV 文件，等待 30 秒后重试...
2025-01-15 02:52:13,843 - 未找到预测 CSV 文件，等待 30 秒后重试...
2025-01-15 02:52:43,855 - 未找到预测 CSV 文件，等待 30 秒后重试...
2025-01-15 02:53:13,855 - 未找到预测 CSV 文件，等待 30 秒后重试...
2025-01-15 02:53:43,870 - 未找到预测 CSV 文件，等待 30 秒后重试...
2025-01-15 02:54:13,871 - 未找到预测 CSV 文件，等待 30 秒后重试...
2025-01-15 02:54:43,875 - 未找到预测 CSV 文件，等待 30 秒后重试...
2025-01-15 02:55:13,877 - 未找到预测 CSV 文件，等待 30 秒后重试...
2025-01-15 02:55:43,893 - 未找到预测 CSV 文件，等待 30 秒后重试...
2025-01-15 02:56:13,904 - 未找到预测 CSV 文件，等待 30 秒后重试...
2025-01-15 02:56:43,912 - 未找到预测 CSV 文件，等待 30 秒后重试...
2025-01-15 02:57:13,920 - 未找到预测 CSV 文件，等待 30 秒后重试...
2025-01-15 02:57:43,929 - 未找到预测 CSV 文件，等待 30 秒后重试...
2025-01-15 02:58:13,941 - 未找到预测 CSV 文件，等待 30 秒后重试...
2025-01-15 02:58:43,944 - 未找到预测 CSV 文件，等待 30 秒后重试...
2025-01-15 02:59:13,955 - 未找到预测 CSV 文件，等待 30 秒后重试...
2025-01-15 02:59:43,971 - 未找到预测 CSV 文件，等待 30 秒后重试...
2025-01-15 03:00:13,985 - 未找到预测 CSV 文件，等待 30 秒后重试...
2025-01-15 03:00:43,987 - 未找到预测 CSV 文件，等待 30 秒后重试...
2025-01-15 03:01:13,990 - 未找到预测 CSV 文件，等待 30 秒后重试...
2025-01-15 03:01:43,992 - 未找到预测 CSV 文件，等待 30 秒后重试...
2025-01-15 03:02:14,004 - 未找到预测 CSV 文件，等待 30 秒后重试...
2025-01-15 03:02:44,017 - 未找到预测 CSV 文件，等待 30 秒后重试...
2025-01-15 03:03:14,021 - 未找到预测 CSV 文件，等待 30 秒后重试...
2025-01-15 03:03:44,025 - 未找到预测 CSV 文件，等待 30 秒后重试...
2025-01-15 03:04:14,037 - 未找到预测 CSV 文件，等待 30 秒后重试...
2025-01-15 03:04:44,040 - 未找到预测 CSV 文件，等待 30 秒后重试...
2025-01-15 03:05:14,041 - 未找到预测 CSV 文件，等待 30 秒后重试...
2025-01-15 03:05:44,050 - 未找到预测 CSV 文件，等待 30 秒后重试...
2025-01-15 03:06:14,064 - 未找到预测 CSV 文件，等待 30 秒后重试...
2025-01-15 03:06:44,077 - 未找到预测 CSV 文件，等待 30 秒后重试...
2025-01-15 03:07:14,079 - 未找到预测 CSV 文件，等待 30 秒后重试...
2025-01-15 03:07:44,083 - 未找到预测 CSV 文件，等待 30 秒后重试...
2025-01-15 03:08:14,093 - 未找到预测 CSV 文件，等待 30 秒后重试...
2025-01-15 03:08:44,104 - 未找到预测 CSV 文件，等待 30 秒后重试...
2025-01-15 03:09:14,108 - 未找到预测 CSV 文件，等待 30 秒后重试...
2025-01-15 03:09:44,109 - 未找到预测 CSV 文件，等待 30 秒后重试...
2025-01-15 03:10:14,120 - 未找到预测 CSV 文件，等待 30 秒后重试...
2025-01-15 03:10:44,129 - 未找到预测 CSV 文件，等待 30 秒后重试...
2025-01-15 03:11:14,145 - 未找到预测 CSV 文件，等待 30 秒后重试...
2025-01-15 03:11:44,154 - 未找到预测 CSV 文件，等待 30 秒后重试...
2025-01-15 03:12:14,158 - 未找到预测 CSV 文件，等待 30 秒后重试...
2025-01-15 03:12:44,166 - 未找到预测 CSV 文件，等待 30 秒后重试...
2025-01-15 03:13:14,174 - 未找到预测 CSV 文件，等待 30 秒后重试...
2025-01-15 03:13:44,181 - 未找到预测 CSV 文件，等待 30 秒后重试...
2025-01-15 03:14:14,189 - 未找到预测 CSV 文件，等待 30 秒后重试...
2025-01-15 03:14:44,195 - 未找到预测 CSV 文件，等待 30 秒后重试...
2025-01-15 03:15:14,199 - 未找到预测 CSV 文件，等待 30 秒后重试...
2025-01-15 03:15:44,209 - 未找到预测 CSV 文件，等待 30 秒后重试...
2025-01-15 03:16:14,220 - 未找到预测 CSV 文件，等待 30 秒后重试...
2025-01-15 03:16:44,222 - 未找到预测 CSV 文件，等待 30 秒后重试...
2025-01-15 03:17:14,237 - 未找到预测 CSV 文件，等待 30 秒后重试...
2025-01-15 03:17:44,247 - 未找到预测 CSV 文件，等待 30 秒后重试...
2025-01-15 03:18:14,257 - 未找到预测 CSV 文件，等待 30 秒后重试...
2025-01-15 03:18:44,268 - 未找到预测 CSV 文件，等待 30 秒后重试...
2025-01-15 03:19:14,270 - 未找到预测 CSV 文件，等待 30 秒后重试...
2025-01-15 03:19:44,284 - 未找到预测 CSV 文件，等待 30 秒后重试...
2025-01-15 03:20:14,296 - 未找到预测 CSV 文件，等待 30 秒后重试...
2025-01-15 03:20:44,313 - 未找到预测 CSV 文件，等待 30 秒后重试...
2025-01-15 03:21:14,324 - 未找到预测 CSV 文件，等待 30 秒后重试...
2025-01-15 03:21:44,326 - 未找到预测 CSV 文件，等待 30 秒后重试...
2025-01-15 03:22:14,339 - 未找到预测 CSV 文件，等待 30 秒后重试...
2025-01-15 03:22:44,354 - 未找到预测 CSV 文件，等待 30 秒后重试...
2025-01-15 03:23:14,368 - 未找到预测 CSV 文件，等待 30 秒后重试...
2025-01-15 03:23:44,377 - 未找到预测 CSV 文件，等待 30 秒后重试...
2025-01-15 03:24:14,383 - 未找到预测 CSV 文件，等待 30 秒后重试...
2025-01-15 03:24:44,396 - 未找到预测 CSV 文件，等待 30 秒后重试...
2025-01-15 03:25:14,412 - 未找到预测 CSV 文件，等待 30 秒后重试...
2025-01-15 03:25:44,413 - 未找到预测 CSV 文件，等待 30 秒后重试...
2025-01-15 03:26:14,424 - 未找到预测 CSV 文件，等待 30 秒后重试...
2025-01-15 03:26:44,435 - 未找到预测 CSV 文件，等待 30 秒后重试...
2025-01-15 03:27:14,440 - 未找到预测 CSV 文件，等待 30 秒后重试...
2025-01-15 03:27:44,451 - 未找到预测 CSV 文件，等待 30 秒后重试...
2025-01-15 03:28:14,463 - 未找到预测 CSV 文件，等待 30 秒后重试...
2025-01-15 03:28:44,480 - 未找到预测 CSV 文件，等待 30 秒后重试...
2025-01-15 03:29:14,483 - 未找到预测 CSV 文件，等待 30 秒后重试...
2025-01-15 03:29:44,485 - 未找到预测 CSV 文件，等待 30 秒后重试...
2025-01-15 03:30:14,497 - 未找到预测 CSV 文件，等待 30 秒后重试...
2025-01-15 03:30:44,500 - 未找到预测 CSV 文件，等待 30 秒后重试...
2025-01-15 03:31:14,508 - 未找到预测 CSV 文件，等待 30 秒后重试...
2025-01-15 03:31:44,518 - 未找到预测 CSV 文件，等待 30 秒后重试...
2025-01-15 03:32:14,532 - 未找到预测 CSV 文件，等待 30 秒后重试...
2025-01-15 03:32:44,545 - 未找到预测 CSV 文件，等待 30 秒后重试...
2025-01-15 03:33:14,555 - 未找到预测 CSV 文件，等待 30 秒后重试...
2025-01-15 03:33:44,563 - 未找到预测 CSV 文件，等待 30 秒后重试...
2025-01-15 03:34:14,570 - 未找到预测 CSV 文件，等待 30 秒后重试...
2025-01-15 03:34:44,571 - 未找到预测 CSV 文件，等待 30 秒后重试...
2025-01-15 03:35:14,586 - 未找到预测 CSV 文件，等待 30 秒后重试...
2025-01-15 03:35:44,594 - 未找到预测 CSV 文件，等待 30 秒后重试...
2025-01-15 03:36:14,610 - 未找到预测 CSV 文件，等待 30 秒后重试...
2025-01-15 03:36:44,627 - 未找到预测 CSV 文件，等待 30 秒后重试...
2025-01-15 03:37:14,635 - 未找到预测 CSV 文件，等待 30 秒后重试...
2025-01-15 03:37:44,643 - 未找到预测 CSV 文件，等待 30 秒后重试...
2025-01-15 03:38:14,647 - 未找到预测 CSV 文件，等待 30 秒后重试...
2025-01-15 03:38:44,654 - 未找到预测 CSV 文件，等待 30 秒后重试...
2025-01-15 03:39:14,662 - 未找到预测 CSV 文件，等待 30 秒后重试...
2025-01-15 03:39:44,676 - 未找到预测 CSV 文件，等待 30 秒后重试...
2025-01-15 03:40:14,681 - 未找到预测 CSV 文件，等待 30 秒后重试...
2025-01-15 03:40:44,687 - 未找到预测 CSV 文件，等待 30 秒后重试...
2025-01-15 03:41:14,695 - 未找到预测 CSV 文件，等待 30 秒后重试...
2025-01-15 03:41:44,698 - 未找到预测 CSV 文件，等待 30 秒后重试...
2025-01-15 03:42:14,706 - 未找到预测 CSV 文件，等待 30 秒后重试...
2025-01-15 03:42:44,708 - 未找到预测 CSV 文件，等待 30 秒后重试...
2025-01-15 03:43:14,721 - 未找到预测 CSV 文件，等待 30 秒后重试...
2025-01-15 03:43:44,731 - 未找到预测 CSV 文件，等待 30 秒后重试...
2025-01-15 03:44:14,737 - 未找到预测 CSV 文件，等待 30 秒后重试...
2025-01-15 03:44:44,754 - 未找到预测 CSV 文件，等待 30 秒后重试...
2025-01-15 03:45:14,764 - 未找到预测 CSV 文件，等待 30 秒后重试...
2025-01-15 03:45:44,773 - 未找到预测 CSV 文件，等待 30 秒后重试...
2025-01-15 03:46:14,779 - 未找到预测 CSV 文件，等待 30 秒后重试...
2025-01-15 03:46:44,787 - 未找到预测 CSV 文件，等待 30 秒后重试...
2025-01-15 03:47:14,792 - 未找到预测 CSV 文件，等待 30 秒后重试...
2025-01-15 03:47:44,803 - 未找到预测 CSV 文件，等待 30 秒后重试...
2025-01-15 03:48:14,811 - 未找到预测 CSV 文件，等待 30 秒后重试...
2025-01-15 03:48:44,818 - 未找到预测 CSV 文件，等待 30 秒后重试...
2025-01-15 03:49:14,824 - 未找到预测 CSV 文件，等待 30 秒后重试...
2025-01-15 03:49:44,834 - 未找到预测 CSV 文件，等待 30 秒后重试...
2025-01-15 03:50:14,848 - 未找到预测 CSV 文件，等待 30 秒后重试...
2025-01-15 03:50:44,858 - 未找到预测 CSV 文件，等待 30 秒后重试...
2025-01-15 03:51:14,863 - 未找到预测 CSV 文件，等待 30 秒后重试...
2025-01-15 03:51:44,873 - 未找到预测 CSV 文件，等待 30 秒后重试...
2025-01-15 03:52:14,875 - 未找到预测 CSV 文件，等待 30 秒后重试...
2025-01-15 03:52:44,884 - 未找到预测 CSV 文件，等待 30 秒后重试...
2025-01-15 03:53:14,891 - 未找到预测 CSV 文件，等待 30 秒后重试...
2025-01-15 03:53:44,893 - 未找到预测 CSV 文件，等待 30 秒后重试...
2025-01-15 03:54:14,900 - 未找到预测 CSV 文件，等待 30 秒后重试...
2025-01-15 03:54:44,910 - 未找到预测 CSV 文件，等待 30 秒后重试...
2025-01-15 03:55:14,915 - 未找到预测 CSV 文件，等待 30 秒后重试...
2025-01-15 03:55:44,931 - 未找到预测 CSV 文件，等待 30 秒后重试...
2025-01-15 03:56:14,942 - 未找到预测 CSV 文件，等待 30 秒后重试...
2025-01-15 03:56:44,952 - 未找到预测 CSV 文件，等待 30 秒后重试...
2025-01-15 03:57:14,959 - 未找到预测 CSV 文件，等待 30 秒后重试...
2025-01-15 03:57:44,971 - 未找到预测 CSV 文件，等待 30 秒后重试...
2025-01-15 03:58:14,976 - 未找到预测 CSV 文件，等待 30 秒后重试...
2025-01-15 03:58:44,986 - 未找到预测 CSV 文件，等待 30 秒后重试...
2025-01-15 03:59:14,988 - 未找到预测 CSV 文件，等待 30 秒后重试...
2025-01-15 03:59:45,002 - 未找到预测 CSV 文件，等待 30 秒后重试...
2025-01-15 04:00:15,008 - 未找到预测 CSV 文件，等待 30 秒后重试...
2025-01-15 04:00:45,012 - 未找到预测 CSV 文件，等待 30 秒后重试...
2025-01-15 04:01:15,020 - 未找到预测 CSV 文件，等待 30 秒后重试...
2025-01-15 04:01:45,034 - 未找到预测 CSV 文件，等待 30 秒后重试...
2025-01-15 04:02:15,035 - 未找到预测 CSV 文件，等待 30 秒后重试...
2025-01-15 04:02:45,041 - 未找到预测 CSV 文件，等待 30 秒后重试...
2025-01-15 04:03:15,056 - 未找到预测 CSV 文件，等待 30 秒后重试...
2025-01-15 04:03:45,071 - 未找到预测 CSV 文件，等待 30 秒后重试...
2025-01-15 04:04:15,085 - 未找到预测 CSV 文件，等待 30 秒后重试...
2025-01-15 04:04:45,092 - 未找到预测 CSV 文件，等待 30 秒后重试...
2025-01-15 04:05:15,105 - 未找到预测 CSV 文件，等待 30 秒后重试...
2025-01-15 04:05:45,115 - 未找到预测 CSV 文件，等待 30 秒后重试...
2025-01-15 04:06:15,130 - 未找到预测 CSV 文件，等待 30 秒后重试...
2025-01-15 04:06:45,132 - 未找到预测 CSV 文件，等待 30 秒后重试...
2025-01-15 04:07:15,139 - 未找到预测 CSV 文件，等待 30 秒后重试...
2025-01-15 04:07:45,151 - 未找到预测 CSV 文件，等待 30 秒后重试...
2025-01-15 04:08:15,154 - 未找到预测 CSV 文件，等待 30 秒后重试...
2025-01-15 04:08:45,165 - 未找到预测 CSV 文件，等待 30 秒后重试...
2025-01-15 04:09:15,169 - 未找到预测 CSV 文件，等待 30 秒后重试...
2025-01-15 04:09:45,172 - 未找到预测 CSV 文件，等待 30 秒后重试...
2025-01-15 04:10:15,188 - 未找到预测 CSV 文件，等待 30 秒后重试...
2025-01-15 04:10:45,194 - 未找到预测 CSV 文件，等待 30 秒后重试...
2025-01-15 04:11:15,205 - 未找到预测 CSV 文件，等待 30 秒后重试...
2025-01-15 04:11:45,215 - 未找到预测 CSV 文件，等待 30 秒后重试...
2025-01-15 04:12:15,217 - 未找到预测 CSV 文件，等待 30 秒后重试...
2025-01-15 04:12:45,228 - 未找到预测 CSV 文件，等待 30 秒后重试...
2025-01-15 04:13:15,233 - 未找到预测 CSV 文件，等待 30 秒后重试...
2025-01-15 04:13:45,243 - 未找到预测 CSV 文件，等待 30 秒后重试...
2025-01-15 04:14:15,246 - 未找到预测 CSV 文件，等待 30 秒后重试...
2025-01-15 04:14:45,253 - 未找到预测 CSV 文件，等待 30 秒后重试...
2025-01-15 04:15:15,264 - 未找到预测 CSV 文件，等待 30 秒后重试...
2025-01-15 04:15:45,278 - 未找到预测 CSV 文件，等待 30 秒后重试...
2025-01-15 04:16:15,289 - 未找到预测 CSV 文件，等待 30 秒后重试...
2025-01-15 04:16:45,290 - 未找到预测 CSV 文件，等待 30 秒后重试...
2025-01-15 04:17:15,295 - 未找到预测 CSV 文件，等待 30 秒后重试...
2025-01-15 04:17:45,300 - 未找到预测 CSV 文件，等待 30 秒后重试...
2025-01-15 04:18:15,306 - 未找到预测 CSV 文件，等待 30 秒后重试...
2025-01-15 04:18:45,318 - 未找到预测 CSV 文件，等待 30 秒后重试...
2025-01-15 04:19:15,331 - 未找到预测 CSV 文件，等待 30 秒后重试...
2025-01-15 04:19:45,336 - 未找到预测 CSV 文件，等待 30 秒后重试...
2025-01-15 04:20:15,345 - 未找到预测 CSV 文件，等待 30 秒后重试...
2025-01-15 04:20:45,349 - 未找到预测 CSV 文件，等待 30 秒后重试...
2025-01-15 04:21:15,352 - 未找到预测 CSV 文件，等待 30 秒后重试...
2025-01-15 04:21:45,369 - 未找到预测 CSV 文件，等待 30 秒后重试...
2025-01-15 04:22:15,380 - 未找到预测 CSV 文件，等待 30 秒后重试...
2025-01-15 04:22:45,382 - 未找到预测 CSV 文件，等待 30 秒后重试...
2025-01-15 04:23:15,392 - 未找到预测 CSV 文件，等待 30 秒后重试...
2025-01-15 04:23:45,394 - 未找到预测 CSV 文件，等待 30 秒后重试...
2025-01-15 04:24:15,399 - 未找到预测 CSV 文件，等待 30 秒后重试...
2025-01-15 04:24:45,417 - 未找到预测 CSV 文件，等待 30 秒后重试...
2025-01-15 04:25:15,424 - 未找到预测 CSV 文件，等待 30 秒后重试...
2025-01-15 04:25:45,432 - 未找到预测 CSV 文件，等待 30 秒后重试...
2025-01-15 04:26:15,447 - 未找到预测 CSV 文件，等待 30 秒后重试...
2025-01-15 04:26:45,455 - 未找到预测 CSV 文件，等待 30 秒后重试...
2025-01-15 04:27:15,472 - 未找到预测 CSV 文件，等待 30 秒后重试...
2025-01-15 04:27:45,475 - 未找到预测 CSV 文件，等待 30 秒后重试...
2025-01-15 04:28:15,482 - 未找到预测 CSV 文件，等待 30 秒后重试...
2025-01-15 04:28:45,495 - 未找到预测 CSV 文件，等待 30 秒后重试...
2025-01-15 04:29:15,507 - 未找到预测 CSV 文件，等待 30 秒后重试...
2025-01-15 04:29:45,512 - 未找到预测 CSV 文件，等待 30 秒后重试...
2025-01-15 04:30:15,522 - 未找到预测 CSV 文件，等待 30 秒后重试...
2025-01-15 04:30:45,525 - 未找到预测 CSV 文件，等待 30 秒后重试...
2025-01-15 04:31:15,540 - 未找到预测 CSV 文件，等待 30 秒后重试...
2025-01-15 04:31:45,554 - 未找到预测 CSV 文件，等待 30 秒后重试...
2025-01-15 04:32:15,566 - 未找到预测 CSV 文件，等待 30 秒后重试...
2025-01-15 04:32:45,572 - 未找到预测 CSV 文件，等待 30 秒后重试...
2025-01-15 04:33:15,578 - 未找到预测 CSV 文件，等待 30 秒后重试...
2025-01-15 04:33:45,594 - 未找到预测 CSV 文件，等待 30 秒后重试...
2025-01-15 04:34:15,603 - 未找到预测 CSV 文件，等待 30 秒后重试...
2025-01-15 04:34:45,605 - 未找到预测 CSV 文件，等待 30 秒后重试...
2025-01-15 04:35:15,609 - 未找到预测 CSV 文件，等待 30 秒后重试...
2025-01-15 04:35:45,622 - 未找到预测 CSV 文件，等待 30 秒后重试...
2025-01-15 04:36:15,634 - 未找到预测 CSV 文件，等待 30 秒后重试...
2025-01-15 04:36:45,641 - 未找到预测 CSV 文件，等待 30 秒后重试...
2025-01-15 04:37:15,651 - 未找到预测 CSV 文件，等待 30 秒后重试...
2025-01-15 04:37:45,666 - 未找到预测 CSV 文件，等待 30 秒后重试...
2025-01-15 04:38:15,674 - 未找到预测 CSV 文件，等待 30 秒后重试...
2025-01-15 04:38:45,680 - 未找到预测 CSV 文件，等待 30 秒后重试...
2025-01-15 04:39:15,684 - 未找到预测 CSV 文件，等待 30 秒后重试...
2025-01-15 04:39:45,696 - 未找到预测 CSV 文件，等待 30 秒后重试...
2025-01-15 04:40:15,697 - 未找到预测 CSV 文件，等待 30 秒后重试...
2025-01-15 04:40:45,709 - 未找到预测 CSV 文件，等待 30 秒后重试...
2025-01-15 04:41:15,710 - 未找到预测 CSV 文件，等待 30 秒后重试...
2025-01-15 04:41:45,725 - 未找到预测 CSV 文件，等待 30 秒后重试...
2025-01-15 04:42:15,727 - 未找到预测 CSV 文件，等待 30 秒后重试...
2025-01-15 04:42:45,739 - 未找到预测 CSV 文件，等待 30 秒后重试...
2025-01-15 04:43:15,753 - 未找到预测 CSV 文件，等待 30 秒后重试...
2025-01-15 04:43:45,754 - 未找到预测 CSV 文件，等待 30 秒后重试...
2025-01-15 04:44:15,765 - 未找到预测 CSV 文件，等待 30 秒后重试...
2025-01-15 04:44:45,781 - 未找到预测 CSV 文件，等待 30 秒后重试...
2025-01-15 04:45:15,790 - 未找到预测 CSV 文件，等待 30 秒后重试...
2025-01-15 04:45:45,798 - 未找到预测 CSV 文件，等待 30 秒后重试...
2025-01-15 04:46:15,812 - 未找到预测 CSV 文件，等待 30 秒后重试...
2025-01-15 04:46:45,817 - 未找到预测 CSV 文件，等待 30 秒后重试...
2025-01-15 04:47:15,818 - 未找到预测 CSV 文件，等待 30 秒后重试...
2025-01-15 04:47:45,821 - 未找到预测 CSV 文件，等待 30 秒后重试...
2025-01-15 04:48:15,832 - 未找到预测 CSV 文件，等待 30 秒后重试...
2025-01-15 04:48:45,838 - 未找到预测 CSV 文件，等待 30 秒后重试...
2025-01-15 04:49:15,850 - 未找到预测 CSV 文件，等待 30 秒后重试...
2025-01-15 04:49:45,860 - 未找到预测 CSV 文件，等待 30 秒后重试...
2025-01-15 04:50:15,876 - 未找到预测 CSV 文件，等待 30 秒后重试...
2025-01-15 04:50:45,889 - 未找到预测 CSV 文件，等待 30 秒后重试...
2025-01-15 04:51:15,891 - 未找到预测 CSV 文件，等待 30 秒后重试...
2025-01-15 04:51:45,904 - 未找到预测 CSV 文件，等待 30 秒后重试...
2025-01-15 04:52:15,920 - 未找到预测 CSV 文件，等待 30 秒后重试...
2025-01-15 04:52:45,921 - 未找到预测 CSV 文件，等待 30 秒后重试...
2025-01-15 04:53:15,936 - 未找到预测 CSV 文件，等待 30 秒后重试...
2025-01-15 04:53:45,947 - 未找到预测 CSV 文件，等待 30 秒后重试...
2025-01-15 04:54:15,952 - 未找到预测 CSV 文件，等待 30 秒后重试...
2025-01-15 04:54:45,956 - 未找到预测 CSV 文件，等待 30 秒后重试...
2025-01-15 04:55:15,960 - 未找到预测 CSV 文件，等待 30 秒后重试...
2025-01-15 04:55:45,963 - 未找到预测 CSV 文件，等待 30 秒后重试...
2025-01-15 04:56:15,976 - 未找到预测 CSV 文件，等待 30 秒后重试...
2025-01-15 04:56:45,991 - 未找到预测 CSV 文件，等待 30 秒后重试...
2025-01-15 04:57:15,994 - 未找到预测 CSV 文件，等待 30 秒后重试...
2025-01-15 04:57:46,006 - 未找到预测 CSV 文件，等待 30 秒后重试...
2025-01-15 04:58:16,008 - 未找到预测 CSV 文件，等待 30 秒后重试...
2025-01-15 04:58:46,009 - 未找到预测 CSV 文件，等待 30 秒后重试...
2025-01-15 04:59:16,011 - 未找到预测 CSV 文件，等待 30 秒后重试...
2025-01-15 04:59:46,027 - 未找到预测 CSV 文件，等待 30 秒后重试...
2025-01-15 05:00:16,043 - 未找到预测 CSV 文件，等待 30 秒后重试...
2025-01-15 05:00:46,046 - 未找到预测 CSV 文件，等待 30 秒后重试...
2025-01-15 05:01:16,059 - 未找到预测 CSV 文件，等待 30 秒后重试...
2025-01-15 05:01:46,065 - 未找到预测 CSV 文件，等待 30 秒后重试...
2025-01-15 05:02:16,074 - 未找到预测 CSV 文件，等待 30 秒后重试...
2025-01-15 05:02:46,086 - 未找到预测 CSV 文件，等待 30 秒后重试...
2025-01-15 05:03:16,102 - 未找到预测 CSV 文件，等待 30 秒后重试...
2025-01-15 05:03:46,112 - 未找到预测 CSV 文件，等待 30 秒后重试...
2025-01-15 05:04:16,116 - 未找到预测 CSV 文件，等待 30 秒后重试...
2025-01-15 05:04:46,124 - 未找到预测 CSV 文件，等待 30 秒后重试...
2025-01-15 05:05:16,137 - 未找到预测 CSV 文件，等待 30 秒后重试...
2025-01-15 05:05:46,149 - 未找到预测 CSV 文件，等待 30 秒后重试...
2025-01-15 05:06:16,161 - 未找到预测 CSV 文件，等待 30 秒后重试...
2025-01-15 05:06:46,170 - 未找到预测 CSV 文件，等待 30 秒后重试...
2025-01-15 05:07:16,179 - 未找到预测 CSV 文件，等待 30 秒后重试...
2025-01-15 05:07:46,193 - 未找到预测 CSV 文件，等待 30 秒后重试...
2025-01-15 05:08:16,203 - 未找到预测 CSV 文件，等待 30 秒后重试...
2025-01-15 05:08:46,206 - 未找到预测 CSV 文件，等待 30 秒后重试...
2025-01-15 05:09:16,208 - 未找到预测 CSV 文件，等待 30 秒后重试...
2025-01-15 05:09:46,214 - 未找到预测 CSV 文件，等待 30 秒后重试...
2025-01-15 05:10:16,217 - 未找到预测 CSV 文件，等待 30 秒后重试...
2025-01-15 05:10:46,230 - 未找到预测 CSV 文件，等待 30 秒后重试...
2025-01-15 05:11:16,239 - 未找到预测 CSV 文件，等待 30 秒后重试...
2025-01-15 05:11:46,249 - 未找到预测 CSV 文件，等待 30 秒后重试...
2025-01-15 05:12:16,259 - 未找到预测 CSV 文件，等待 30 秒后重试...
2025-01-15 05:12:46,270 - 未找到预测 CSV 文件，等待 30 秒后重试...
2025-01-15 05:13:16,274 - 未找到预测 CSV 文件，等待 30 秒后重试...
2025-01-15 05:13:46,279 - 未找到预测 CSV 文件，等待 30 秒后重试...
2025-01-15 05:14:16,284 - 未找到预测 CSV 文件，等待 30 秒后重试...
2025-01-15 05:14:46,296 - 未找到预测 CSV 文件，等待 30 秒后重试...
2025-01-15 05:15:16,300 - 未找到预测 CSV 文件，等待 30 秒后重试...
2025-01-15 05:15:46,306 - 未找到预测 CSV 文件，等待 30 秒后重试...
2025-01-15 05:16:16,313 - 未找到预测 CSV 文件，等待 30 秒后重试...
2025-01-15 05:16:46,319 - 未找到预测 CSV 文件，等待 30 秒后重试...
2025-01-15 05:17:16,329 - 未找到预测 CSV 文件，等待 30 秒后重试...
2025-01-15 05:17:46,329 - 未找到预测 CSV 文件，等待 30 秒后重试...
2025-01-15 05:18:16,342 - 未找到预测 CSV 文件，等待 30 秒后重试...
2025-01-15 05:18:46,351 - 未找到预测 CSV 文件，等待 30 秒后重试...
2025-01-15 05:19:16,353 - 未找到预测 CSV 文件，等待 30 秒后重试...
2025-01-15 05:19:46,358 - 未找到预测 CSV 文件，等待 30 秒后重试...
2025-01-15 05:20:16,363 - 未找到预测 CSV 文件，等待 30 秒后重试...
2025-01-15 05:20:46,378 - 未找到预测 CSV 文件，等待 30 秒后重试...
2025-01-15 05:21:16,393 - 未找到预测 CSV 文件，等待 30 秒后重试...
2025-01-15 05:21:46,404 - 未找到预测 CSV 文件，等待 30 秒后重试...
2025-01-15 05:22:16,410 - 未找到预测 CSV 文件，等待 30 秒后重试...
2025-01-15 05:22:46,412 - 未找到预测 CSV 文件，等待 30 秒后重试...
2025-01-15 05:23:16,421 - 未找到预测 CSV 文件，等待 30 秒后重试...
2025-01-15 05:23:46,422 - 未找到预测 CSV 文件，等待 30 秒后重试...
2025-01-15 05:24:16,433 - 未找到预测 CSV 文件，等待 30 秒后重试...
2025-01-15 05:24:46,448 - 未找到预测 CSV 文件，等待 30 秒后重试...
2025-01-15 05:25:16,451 - 未找到预测 CSV 文件，等待 30 秒后重试...
2025-01-15 05:25:46,459 - 未找到预测 CSV 文件，等待 30 秒后重试...
2025-01-15 05:26:16,467 - 未找到预测 CSV 文件，等待 30 秒后重试...
2025-01-15 05:26:46,475 - 未找到预测 CSV 文件，等待 30 秒后重试...
2025-01-15 05:27:16,475 - 未找到预测 CSV 文件，等待 30 秒后重试...
2025-01-15 05:27:46,477 - 未找到预测 CSV 文件，等待 30 秒后重试...
2025-01-15 05:28:16,480 - 未找到预测 CSV 文件，等待 30 秒后重试...
2025-01-15 05:28:46,495 - 未找到预测 CSV 文件，等待 30 秒后重试...
2025-01-15 05:29:16,499 - 未找到预测 CSV 文件，等待 30 秒后重试...
2025-01-15 05:29:46,514 - 未找到预测 CSV 文件，等待 30 秒后重试...
2025-01-15 05:30:16,517 - 未找到预测 CSV 文件，等待 30 秒后重试...
2025-01-15 05:30:46,530 - 未找到预测 CSV 文件，等待 30 秒后重试...
2025-01-15 05:31:16,533 - 未找到预测 CSV 文件，等待 30 秒后重试...
2025-01-15 05:31:46,547 - 未找到预测 CSV 文件，等待 30 秒后重试...
2025-01-15 05:32:16,558 - 未找到预测 CSV 文件，等待 30 秒后重试...
2025-01-15 05:32:46,567 - 未找到预测 CSV 文件，等待 30 秒后重试...
2025-01-15 05:33:16,570 - 未找到预测 CSV 文件，等待 30 秒后重试...
2025-01-15 05:33:46,581 - 未找到预测 CSV 文件，等待 30 秒后重试...
2025-01-15 05:34:16,585 - 未找到预测 CSV 文件，等待 30 秒后重试...
2025-01-15 05:34:46,591 - 未找到预测 CSV 文件，等待 30 秒后重试...
2025-01-15 05:35:16,597 - 未找到预测 CSV 文件，等待 30 秒后重试...
2025-01-15 05:35:46,604 - 未找到预测 CSV 文件，等待 30 秒后重试...
2025-01-15 05:36:16,606 - 未找到预测 CSV 文件，等待 30 秒后重试...
2025-01-15 05:36:46,617 - 未找到预测 CSV 文件，等待 30 秒后重试...
2025-01-15 05:37:16,620 - 未找到预测 CSV 文件，等待 30 秒后重试...
2025-01-15 05:37:46,626 - 未找到预测 CSV 文件，等待 30 秒后重试...
2025-01-15 05:38:16,635 - 未找到预测 CSV 文件，等待 30 秒后重试...
2025-01-15 05:38:46,637 - 未找到预测 CSV 文件，等待 30 秒后重试...
2025-01-15 05:39:16,650 - 未找到预测 CSV 文件，等待 30 秒后重试...
2025-01-15 05:39:46,652 - 未找到预测 CSV 文件，等待 30 秒后重试...
2025-01-15 05:40:16,664 - 未找到预测 CSV 文件，等待 30 秒后重试...
2025-01-15 05:40:46,675 - 未找到预测 CSV 文件，等待 30 秒后重试...
2025-01-15 05:41:16,676 - 未找到预测 CSV 文件，等待 30 秒后重试...
2025-01-15 05:41:46,677 - 未找到预测 CSV 文件，等待 30 秒后重试...
2025-01-15 05:42:16,688 - 未找到预测 CSV 文件，等待 30 秒后重试...
2025-01-15 05:42:46,694 - 未找到预测 CSV 文件，等待 30 秒后重试...
2025-01-15 05:43:16,695 - 未找到预测 CSV 文件，等待 30 秒后重试...
2025-01-15 05:43:46,709 - 未找到预测 CSV 文件，等待 30 秒后重试...
2025-01-15 05:44:16,723 - 未找到预测 CSV 文件，等待 30 秒后重试...
2025-01-15 05:44:46,733 - 未找到预测 CSV 文件，等待 30 秒后重试...
2025-01-15 05:45:16,740 - 未找到预测 CSV 文件，等待 30 秒后重试...
2025-01-15 05:45:46,743 - 未找到预测 CSV 文件，等待 30 秒后重试...
2025-01-15 05:46:16,746 - 未找到预测 CSV 文件，等待 30 秒后重试...
2025-01-15 05:46:46,753 - 未找到预测 CSV 文件，等待 30 秒后重试...
2025-01-15 05:47:16,762 - 未找到预测 CSV 文件，等待 30 秒后重试...
2025-01-15 05:47:46,767 - 未找到预测 CSV 文件，等待 30 秒后重试...
2025-01-15 05:48:16,782 - 未找到预测 CSV 文件，等待 30 秒后重试...
2025-01-15 05:48:46,798 - 未找到预测 CSV 文件，等待 30 秒后重试...
2025-01-15 05:49:16,808 - 未找到预测 CSV 文件，等待 30 秒后重试...
2025-01-15 05:49:46,824 - 未找到预测 CSV 文件，等待 30 秒后重试...
2025-01-15 05:50:16,836 - 未找到预测 CSV 文件，等待 30 秒后重试...
2025-01-15 05:50:46,849 - 未找到预测 CSV 文件，等待 30 秒后重试...
2025-01-15 05:51:16,862 - 未找到预测 CSV 文件，等待 30 秒后重试...
2025-01-15 05:51:46,874 - 未找到预测 CSV 文件，等待 30 秒后重试...
2025-01-15 05:52:16,881 - 未找到预测 CSV 文件，等待 30 秒后重试...
2025-01-15 05:52:46,896 - 未找到预测 CSV 文件，等待 30 秒后重试...
2025-01-15 05:53:16,899 - 未找到预测 CSV 文件，等待 30 秒后重试...
2025-01-15 05:53:46,906 - 未找到预测 CSV 文件，等待 30 秒后重试...
2025-01-15 05:54:16,916 - 未找到预测 CSV 文件，等待 30 秒后重试...
2025-01-15 05:54:46,924 - 未找到预测 CSV 文件，等待 30 秒后重试...
2025-01-15 05:55:16,932 - 未找到预测 CSV 文件，等待 30 秒后重试...
2025-01-15 05:55:46,934 - 未找到预测 CSV 文件，等待 30 秒后重试...
2025-01-15 05:56:16,938 - 未找到预测 CSV 文件，等待 30 秒后重试...
2025-01-15 05:56:46,943 - 未找到预测 CSV 文件，等待 30 秒后重试...
2025-01-15 05:57:16,947 - 未找到预测 CSV 文件，等待 30 秒后重试...
2025-01-15 05:57:46,959 - 未找到预测 CSV 文件，等待 30 秒后重试...
2025-01-15 05:58:16,971 - 未找到预测 CSV 文件，等待 30 秒后重试...
2025-01-15 05:58:46,975 - 未找到预测 CSV 文件，等待 30 秒后重试...
2025-01-15 05:59:16,989 - 未找到预测 CSV 文件，等待 30 秒后重试...
2025-01-15 05:59:46,993 - 未找到预测 CSV 文件，等待 30 秒后重试...
2025-01-15 06:00:16,995 - 未找到预测 CSV 文件，等待 30 秒后重试...
2025-01-15 06:00:47,010 - 未找到预测 CSV 文件，等待 30 秒后重试...
2025-01-15 06:01:17,020 - 未找到预测 CSV 文件，等待 30 秒后重试...
2025-01-15 06:01:47,026 - 未找到预测 CSV 文件，等待 30 秒后重试...
2025-01-15 06:02:17,042 - 未找到预测 CSV 文件，等待 30 秒后重试...
2025-01-15 06:02:47,053 - 未找到预测 CSV 文件，等待 30 秒后重试...
2025-01-15 06:03:17,063 - 未找到预测 CSV 文件，等待 30 秒后重试...
2025-01-15 06:03:47,068 - 未找到预测 CSV 文件，等待 30 秒后重试...
2025-01-15 06:04:17,071 - 未找到预测 CSV 文件，等待 30 秒后重试...
2025-01-15 06:04:47,085 - 未找到预测 CSV 文件，等待 30 秒后重试...
2025-01-15 06:05:17,100 - 未找到预测 CSV 文件，等待 30 秒后重试...
2025-01-15 06:05:47,112 - 未找到预测 CSV 文件，等待 30 秒后重试...
2025-01-15 06:06:17,116 - 未找到预测 CSV 文件，等待 30 秒后重试...
2025-01-15 06:06:47,127 - 未找到预测 CSV 文件，等待 30 秒后重试...
2025-01-15 06:07:17,135 - 未找到预测 CSV 文件，等待 30 秒后重试...
2025-01-15 06:07:47,146 - 未找到预测 CSV 文件，等待 30 秒后重试...
2025-01-15 06:08:17,162 - 未找到预测 CSV 文件，等待 30 秒后重试...
2025-01-15 06:08:47,177 - 未找到预测 CSV 文件，等待 30 秒后重试...
2025-01-15 06:09:17,191 - 未找到预测 CSV 文件，等待 30 秒后重试...
2025-01-15 06:09:47,200 - 未找到预测 CSV 文件，等待 30 秒后重试...
2025-01-15 06:10:17,208 - 未找到预测 CSV 文件，等待 30 秒后重试...
2025-01-15 06:10:47,214 - 未找到预测 CSV 文件，等待 30 秒后重试...
2025-01-15 06:11:17,226 - 未找到预测 CSV 文件，等待 30 秒后重试...
2025-01-15 06:11:47,229 - 未找到预测 CSV 文件，等待 30 秒后重试...
2025-01-15 06:12:17,237 - 未找到预测 CSV 文件，等待 30 秒后重试...
2025-01-15 06:12:47,250 - 未找到预测 CSV 文件，等待 30 秒后重试...
2025-01-15 06:13:17,257 - 未找到预测 CSV 文件，等待 30 秒后重试...
2025-01-15 06:13:47,264 - 未找到预测 CSV 文件，等待 30 秒后重试...
2025-01-15 06:14:17,271 - 未找到预测 CSV 文件，等待 30 秒后重试...
2025-01-15 06:14:47,283 - 未找到预测 CSV 文件，等待 30 秒后重试...
2025-01-15 06:15:17,299 - 未找到预测 CSV 文件，等待 30 秒后重试...
2025-01-15 06:15:47,301 - 未找到预测 CSV 文件，等待 30 秒后重试...
2025-01-15 06:16:17,303 - 未找到预测 CSV 文件，等待 30 秒后重试...
2025-01-15 06:16:47,320 - 未找到预测 CSV 文件，等待 30 秒后重试...
2025-01-15 06:17:17,333 - 未找到预测 CSV 文件，等待 30 秒后重试...
2025-01-15 06:17:47,335 - 未找到预测 CSV 文件，等待 30 秒后重试...
2025-01-15 06:18:17,345 - 未找到预测 CSV 文件，等待 30 秒后重试...
2025-01-15 06:18:47,352 - 未找到预测 CSV 文件，等待 30 秒后重试...
2025-01-15 06:19:17,356 - 未找到预测 CSV 文件，等待 30 秒后重试...
2025-01-15 06:19:47,357 - 未找到预测 CSV 文件，等待 30 秒后重试...
2025-01-15 06:20:17,365 - 未找到预测 CSV 文件，等待 30 秒后重试...
2025-01-15 06:20:47,374 - 未找到预测 CSV 文件，等待 30 秒后重试...
2025-01-15 06:21:17,378 - 未找到预测 CSV 文件，等待 30 秒后重试...
2025-01-15 06:21:47,384 - 未找到预测 CSV 文件，等待 30 秒后重试...
2025-01-15 06:22:17,389 - 未找到预测 CSV 文件，等待 30 秒后重试...
2025-01-15 06:22:47,401 - 未找到预测 CSV 文件，等待 30 秒后重试...
2025-01-15 06:23:17,406 - 未找到预测 CSV 文件，等待 30 秒后重试...
2025-01-15 06:23:47,421 - 未找到预测 CSV 文件，等待 30 秒后重试...
2025-01-15 06:24:17,438 - 未找到预测 CSV 文件，等待 30 秒后重试...
2025-01-15 06:24:47,439 - 未找到预测 CSV 文件，等待 30 秒后重试...
2025-01-15 06:25:17,440 - 未找到预测 CSV 文件，等待 30 秒后重试...
2025-01-15 06:25:47,445 - 未找到预测 CSV 文件，等待 30 秒后重试...
2025-01-15 06:26:17,462 - 未找到预测 CSV 文件，等待 30 秒后重试...
2025-01-15 06:26:47,468 - 未找到预测 CSV 文件，等待 30 秒后重试...
2025-01-15 06:27:17,479 - 未找到预测 CSV 文件，等待 30 秒后重试...
2025-01-15 06:27:47,485 - 未找到预测 CSV 文件，等待 30 秒后重试...
2025-01-15 06:28:17,489 - 未找到预测 CSV 文件，等待 30 秒后重试...
2025-01-15 06:28:47,499 - 未找到预测 CSV 文件，等待 30 秒后重试...
2025-01-15 06:29:17,503 - 未找到预测 CSV 文件，等待 30 秒后重试...
2025-01-15 06:29:47,517 - 未找到预测 CSV 文件，等待 30 秒后重试...
2025-01-15 06:30:17,531 - 未找到预测 CSV 文件，等待 30 秒后重试...
2025-01-15 06:30:47,548 - 未找到预测 CSV 文件，等待 30 秒后重试...
2025-01-15 06:31:17,557 - 未找到预测 CSV 文件，等待 30 秒后重试...
2025-01-15 06:31:47,564 - 未找到预测 CSV 文件，等待 30 秒后重试...
2025-01-15 06:32:17,574 - 未找到预测 CSV 文件，等待 30 秒后重试...
2025-01-15 06:32:47,578 - 未找到预测 CSV 文件，等待 30 秒后重试...
2025-01-15 06:33:17,581 - 未找到预测 CSV 文件，等待 30 秒后重试...
2025-01-15 06:33:47,593 - 未找到预测 CSV 文件，等待 30 秒后重试...
2025-01-15 06:34:17,605 - 未找到预测 CSV 文件，等待 30 秒后重试...
2025-01-15 06:34:47,621 - 未找到预测 CSV 文件，等待 30 秒后重试...
2025-01-15 06:35:17,637 - 未找到预测 CSV 文件，等待 30 秒后重试...
2025-01-15 06:35:47,652 - 未找到预测 CSV 文件，等待 30 秒后重试...
2025-01-15 06:36:17,655 - 未找到预测 CSV 文件，等待 30 秒后重试...
2025-01-15 06:36:47,661 - 未找到预测 CSV 文件，等待 30 秒后重试...
2025-01-15 06:37:17,669 - 未找到预测 CSV 文件，等待 30 秒后重试...
2025-01-15 06:37:47,674 - 未找到预测 CSV 文件，等待 30 秒后重试...
2025-01-15 06:38:17,676 - 未找到预测 CSV 文件，等待 30 秒后重试...
2025-01-15 06:38:47,683 - 未找到预测 CSV 文件，等待 30 秒后重试...
2025-01-15 06:39:17,697 - 未找到预测 CSV 文件，等待 30 秒后重试...
2025-01-15 06:39:47,709 - 未找到预测 CSV 文件，等待 30 秒后重试...
2025-01-15 06:40:17,722 - 未找到预测 CSV 文件，等待 30 秒后重试...
2025-01-15 06:40:47,733 - 未找到预测 CSV 文件，等待 30 秒后重试...
2025-01-15 06:41:17,740 - 未找到预测 CSV 文件，等待 30 秒后重试...
2025-01-15 06:41:47,751 - 未找到预测 CSV 文件，等待 30 秒后重试...
2025-01-15 06:42:17,757 - 未找到预测 CSV 文件，等待 30 秒后重试...
2025-01-15 06:42:47,772 - 未找到预测 CSV 文件，等待 30 秒后重试...
2025-01-15 06:43:17,787 - 未找到预测 CSV 文件，等待 30 秒后重试...
2025-01-15 06:43:47,800 - 未找到预测 CSV 文件，等待 30 秒后重试...
2025-01-15 06:44:17,807 - 未找到预测 CSV 文件，等待 30 秒后重试...
2025-01-15 06:44:47,808 - 未找到预测 CSV 文件，等待 30 秒后重试...
2025-01-15 06:45:17,814 - 未找到预测 CSV 文件，等待 30 秒后重试...
2025-01-15 06:45:47,821 - 未找到预测 CSV 文件，等待 30 秒后重试...
2025-01-15 06:46:17,833 - 未找到预测 CSV 文件，等待 30 秒后重试...
2025-01-15 06:46:47,847 - 未找到预测 CSV 文件，等待 30 秒后重试...
2025-01-15 06:47:17,850 - 未找到预测 CSV 文件，等待 30 秒后重试...
2025-01-15 06:47:47,866 - 未找到预测 CSV 文件，等待 30 秒后重试...
2025-01-15 06:48:17,877 - 未找到预测 CSV 文件，等待 30 秒后重试...
2025-01-15 06:48:47,883 - 未找到预测 CSV 文件，等待 30 秒后重试...
2025-01-15 06:49:17,886 - 未找到预测 CSV 文件，等待 30 秒后重试...
2025-01-15 06:49:47,903 - 未找到预测 CSV 文件，等待 30 秒后重试...
2025-01-15 06:50:17,919 - 未找到预测 CSV 文件，等待 30 秒后重试...
2025-01-15 06:50:47,927 - 未找到预测 CSV 文件，等待 30 秒后重试...
2025-01-15 06:51:17,935 - 未找到预测 CSV 文件，等待 30 秒后重试...
2025-01-15 06:51:47,942 - 未找到预测 CSV 文件，等待 30 秒后重试...
2025-01-15 06:52:17,950 - 未找到预测 CSV 文件，等待 30 秒后重试...
2025-01-15 06:52:47,957 - 未找到预测 CSV 文件，等待 30 秒后重试...
2025-01-15 06:53:17,967 - 未找到预测 CSV 文件，等待 30 秒后重试...
2025-01-15 06:53:47,979 - 未找到预测 CSV 文件，等待 30 秒后重试...
2025-01-15 06:54:17,983 - 未找到预测 CSV 文件，等待 30 秒后重试...
2025-01-15 06:54:47,988 - 未找到预测 CSV 文件，等待 30 秒后重试...
2025-01-15 06:55:18,001 - 未找到预测 CSV 文件，等待 30 秒后重试...
2025-01-15 06:55:48,006 - 未找到预测 CSV 文件，等待 30 秒后重试...
2025-01-15 06:56:18,015 - 未找到预测 CSV 文件，等待 30 秒后重试...
2025-01-15 06:56:48,024 - 未找到预测 CSV 文件，等待 30 秒后重试...
2025-01-15 06:57:18,029 - 未找到预测 CSV 文件，等待 30 秒后重试...
2025-01-15 06:57:48,036 - 未找到预测 CSV 文件，等待 30 秒后重试...
2025-01-15 06:58:18,047 - 未找到预测 CSV 文件，等待 30 秒后重试...
2025-01-15 06:58:48,055 - 未找到预测 CSV 文件，等待 30 秒后重试...
2025-01-15 06:59:18,064 - 未找到预测 CSV 文件，等待 30 秒后重试...
2025-01-15 06:59:48,076 - 未找到预测 CSV 文件，等待 30 秒后重试...
2025-01-15 07:00:18,080 - 未找到预测 CSV 文件，等待 30 秒后重试...
2025-01-15 07:00:48,092 - 未找到预测 CSV 文件，等待 30 秒后重试...
2025-01-15 07:01:18,094 - 未找到预测 CSV 文件，等待 30 秒后重试...
2025-01-15 07:01:48,111 - 未找到预测 CSV 文件，等待 30 秒后重试...
2025-01-15 07:02:18,119 - 未找到预测 CSV 文件，等待 30 秒后重试...
2025-01-15 07:02:48,136 - 未找到预测 CSV 文件，等待 30 秒后重试...
2025-01-15 07:03:18,143 - 未找到预测 CSV 文件，等待 30 秒后重试...
2025-01-15 07:03:48,154 - 未找到预测 CSV 文件，等待 30 秒后重试...
2025-01-15 07:04:18,158 - 未找到预测 CSV 文件，等待 30 秒后重试...
2025-01-15 07:04:48,167 - 未找到预测 CSV 文件，等待 30 秒后重试...
2025-01-15 07:05:18,176 - 未找到预测 CSV 文件，等待 30 秒后重试...
2025-01-15 07:05:48,191 - 未找到预测 CSV 文件，等待 30 秒后重试...
2025-01-15 07:06:18,202 - 未找到预测 CSV 文件，等待 30 秒后重试...
2025-01-15 07:06:48,210 - 未找到预测 CSV 文件，等待 30 秒后重试...
2025-01-15 07:07:18,225 - 未找到预测 CSV 文件，等待 30 秒后重试...
2025-01-15 07:07:48,238 - 未找到预测 CSV 文件，等待 30 秒后重试...
2025-01-15 07:08:18,245 - 未找到预测 CSV 文件，等待 30 秒后重试...
2025-01-15 07:08:48,256 - 未找到预测 CSV 文件，等待 30 秒后重试...
2025-01-15 07:09:18,263 - 未找到预测 CSV 文件，等待 30 秒后重试...
2025-01-15 07:09:48,275 - 未找到预测 CSV 文件，等待 30 秒后重试...
2025-01-15 07:10:18,279 - 未找到预测 CSV 文件，等待 30 秒后重试...
2025-01-15 07:10:48,283 - 未找到预测 CSV 文件，等待 30 秒后重试...
2025-01-15 07:11:18,294 - 未找到预测 CSV 文件，等待 30 秒后重试...
2025-01-15 07:11:48,296 - 未找到预测 CSV 文件，等待 30 秒后重试...
2025-01-15 07:12:18,298 - 未找到预测 CSV 文件，等待 30 秒后重试...
2025-01-15 07:12:48,304 - 未找到预测 CSV 文件，等待 30 秒后重试...
2025-01-15 07:13:18,311 - 未找到预测 CSV 文件，等待 30 秒后重试...
2025-01-15 07:13:48,319 - 未找到预测 CSV 文件，等待 30 秒后重试...
2025-01-15 07:14:18,330 - 未找到预测 CSV 文件，等待 30 秒后重试...
2025-01-15 07:14:48,333 - 未找到预测 CSV 文件，等待 30 秒后重试...
2025-01-15 07:15:18,341 - 未找到预测 CSV 文件，等待 30 秒后重试...
2025-01-15 07:15:48,355 - 未找到预测 CSV 文件，等待 30 秒后重试...
2025-01-15 07:16:18,360 - 未找到预测 CSV 文件，等待 30 秒后重试...
2025-01-15 07:16:48,369 - 未找到预测 CSV 文件，等待 30 秒后重试...
2025-01-15 07:17:18,382 - 未找到预测 CSV 文件，等待 30 秒后重试...
2025-01-15 07:17:48,396 - 未找到预测 CSV 文件，等待 30 秒后重试...
2025-01-15 07:18:18,404 - 未找到预测 CSV 文件，等待 30 秒后重试...
2025-01-15 07:18:48,420 - 未找到预测 CSV 文件，等待 30 秒后重试...
2025-01-15 07:19:18,433 - 未找到预测 CSV 文件，等待 30 秒后重试...
2025-01-15 07:19:48,438 - 未找到预测 CSV 文件，等待 30 秒后重试...
2025-01-15 07:20:18,447 - 未找到预测 CSV 文件，等待 30 秒后重试...
2025-01-15 07:20:48,457 - 未找到预测 CSV 文件，等待 30 秒后重试...
2025-01-15 07:21:18,465 - 未找到预测 CSV 文件，等待 30 秒后重试...
2025-01-15 07:21:48,471 - 未找到预测 CSV 文件，等待 30 秒后重试...
2025-01-15 07:22:18,482 - 未找到预测 CSV 文件，等待 30 秒后重试...
2025-01-15 07:22:48,486 - 未找到预测 CSV 文件，等待 30 秒后重试...
2025-01-15 07:23:18,491 - 未找到预测 CSV 文件，等待 30 秒后重试...
2025-01-15 07:23:48,500 - 未找到预测 CSV 文件，等待 30 秒后重试...
2025-01-15 07:24:18,517 - 未找到预测 CSV 文件，等待 30 秒后重试...
2025-01-15 07:24:48,521 - 未找到预测 CSV 文件，等待 30 秒后重试...
2025-01-15 07:25:18,534 - 未找到预测 CSV 文件，等待 30 秒后重试...
2025-01-15 07:25:48,548 - 未找到预测 CSV 文件，等待 30 秒后重试...
2025-01-15 07:26:18,549 - 未找到预测 CSV 文件，等待 30 秒后重试...
2025-01-15 07:26:48,551 - 未找到预测 CSV 文件，等待 30 秒后重试...
2025-01-15 07:27:18,560 - 未找到预测 CSV 文件，等待 30 秒后重试...
2025-01-15 07:27:48,562 - 未找到预测 CSV 文件，等待 30 秒后重试...
2025-01-15 07:28:18,566 - 未找到预测 CSV 文件，等待 30 秒后重试...
2025-01-15 07:28:48,574 - 未找到预测 CSV 文件，等待 30 秒后重试...
2025-01-15 07:29:18,579 - 未找到预测 CSV 文件，等待 30 秒后重试...
2025-01-15 07:29:48,592 - 未找到预测 CSV 文件，等待 30 秒后重试...
2025-01-15 07:30:18,595 - 未找到预测 CSV 文件，等待 30 秒后重试...
2025-01-15 07:30:48,603 - 未找到预测 CSV 文件，等待 30 秒后重试...
2025-01-15 07:31:18,613 - 未找到预测 CSV 文件，等待 30 秒后重试...
2025-01-15 07:31:48,616 - 未找到预测 CSV 文件，等待 30 秒后重试...
2025-01-15 07:32:18,623 - 未找到预测 CSV 文件，等待 30 秒后重试...
2025-01-15 07:32:48,635 - 未找到预测 CSV 文件，等待 30 秒后重试...
2025-01-15 07:33:18,639 - 未找到预测 CSV 文件，等待 30 秒后重试...
2025-01-15 07:33:48,645 - 未找到预测 CSV 文件，等待 30 秒后重试...
2025-01-15 07:34:18,651 - 未找到预测 CSV 文件，等待 30 秒后重试...
2025-01-15 07:34:48,656 - 未找到预测 CSV 文件，等待 30 秒后重试...
2025-01-15 07:35:18,661 - 未找到预测 CSV 文件，等待 30 秒后重试...
2025-01-15 07:35:48,669 - 未找到预测 CSV 文件，等待 30 秒后重试...
2025-01-15 07:36:18,685 - 未找到预测 CSV 文件，等待 30 秒后重试...
2025-01-15 07:36:48,687 - 未找到预测 CSV 文件，等待 30 秒后重试...
2025-01-15 07:37:18,696 - 未找到预测 CSV 文件，等待 30 秒后重试...
2025-01-15 07:37:48,710 - 未找到预测 CSV 文件，等待 30 秒后重试...
2025-01-15 07:38:18,716 - 未找到预测 CSV 文件，等待 30 秒后重试...
2025-01-15 07:38:48,727 - 未找到预测 CSV 文件，等待 30 秒后重试...
2025-01-15 07:39:18,740 - 未找到预测 CSV 文件，等待 30 秒后重试...
2025-01-15 07:39:48,750 - 未找到预测 CSV 文件，等待 30 秒后重试...
2025-01-15 07:40:18,763 - 未找到预测 CSV 文件，等待 30 秒后重试...
2025-01-15 07:40:48,771 - 未找到预测 CSV 文件，等待 30 秒后重试...
2025-01-15 07:41:18,772 - 未找到预测 CSV 文件，等待 30 秒后重试...
2025-01-15 07:41:48,777 - 未找到预测 CSV 文件，等待 30 秒后重试...
2025-01-15 07:42:18,787 - 未找到预测 CSV 文件，等待 30 秒后重试...
2025-01-15 07:42:48,800 - 未找到预测 CSV 文件，等待 30 秒后重试...
2025-01-15 07:43:18,803 - 未找到预测 CSV 文件，等待 30 秒后重试...
2025-01-15 07:43:48,810 - 未找到预测 CSV 文件，等待 30 秒后重试...
2025-01-15 07:44:18,812 - 未找到预测 CSV 文件，等待 30 秒后重试...
2025-01-15 07:44:48,827 - 未找到预测 CSV 文件，等待 30 秒后重试...
2025-01-15 07:45:18,834 - 未找到预测 CSV 文件，等待 30 秒后重试...
2025-01-15 07:45:48,839 - 未找到预测 CSV 文件，等待 30 秒后重试...
2025-01-15 07:46:18,847 - 未找到预测 CSV 文件，等待 30 秒后重试...
2025-01-15 07:46:48,852 - 未找到预测 CSV 文件，等待 30 秒后重试...
2025-01-15 07:47:18,858 - 未找到预测 CSV 文件，等待 30 秒后重试...
2025-01-15 07:47:48,864 - 未找到预测 CSV 文件，等待 30 秒后重试...
2025-01-15 07:48:18,874 - 未找到预测 CSV 文件，等待 30 秒后重试...
2025-01-15 07:48:48,879 - 未找到预测 CSV 文件，等待 30 秒后重试...
2025-01-15 07:49:18,896 - 未找到预测 CSV 文件，等待 30 秒后重试...
2025-01-15 07:49:48,905 - 未找到预测 CSV 文件，等待 30 秒后重试...
2025-01-15 07:50:18,913 - 未找到预测 CSV 文件，等待 30 秒后重试...
2025-01-15 07:50:48,922 - 未找到预测 CSV 文件，等待 30 秒后重试...
2025-01-15 07:51:18,934 - 未找到预测 CSV 文件，等待 30 秒后重试...
2025-01-15 07:51:48,937 - 未找到预测 CSV 文件，等待 30 秒后重试...
2025-01-15 07:52:18,938 - 未找到预测 CSV 文件，等待 30 秒后重试...
2025-01-15 07:52:48,940 - 未找到预测 CSV 文件，等待 30 秒后重试...
2025-01-15 07:53:18,941 - 未找到预测 CSV 文件，等待 30 秒后重试...
2025-01-15 07:53:48,955 - 未找到预测 CSV 文件，等待 30 秒后重试...
2025-01-15 07:54:18,968 - 未找到预测 CSV 文件，等待 30 秒后重试...
2025-01-15 07:54:48,986 - 未找到预测 CSV 文件，等待 30 秒后重试...
2025-01-15 07:55:18,995 - 未找到预测 CSV 文件，等待 30 秒后重试...
2025-01-15 07:55:49,006 - 未找到预测 CSV 文件，等待 30 秒后重试...
2025-01-15 07:56:19,015 - 未找到预测 CSV 文件，等待 30 秒后重试...
2025-01-15 07:56:49,021 - 未找到预测 CSV 文件，等待 30 秒后重试...
2025-01-15 07:57:19,022 - 未找到预测 CSV 文件，等待 30 秒后重试...
2025-01-15 07:57:49,027 - 未找到预测 CSV 文件，等待 30 秒后重试...
2025-01-15 07:58:19,039 - 未找到预测 CSV 文件，等待 30 秒后重试...
2025-01-15 07:58:49,042 - 未找到预测 CSV 文件，等待 30 秒后重试...
2025-01-15 07:59:19,055 - 未找到预测 CSV 文件，等待 30 秒后重试...
2025-01-15 07:59:49,058 - 未找到预测 CSV 文件，等待 30 秒后重试...
2025-01-15 08:00:19,066 - 未找到预测 CSV 文件，等待 30 秒后重试...
2025-01-15 08:00:49,083 - 未找到预测 CSV 文件，等待 30 秒后重试...
2025-01-15 08:01:19,100 - 未找到预测 CSV 文件，等待 30 秒后重试...
2025-01-15 08:01:49,111 - 未找到预测 CSV 文件，等待 30 秒后重试...
2025-01-15 08:02:19,121 - 未找到预测 CSV 文件，等待 30 秒后重试...
2025-01-15 08:02:49,134 - 未找到预测 CSV 文件，等待 30 秒后重试...
2025-01-15 08:03:19,149 - 未找到预测 CSV 文件，等待 30 秒后重试...
2025-01-15 08:03:49,162 - 未找到预测 CSV 文件，等待 30 秒后重试...
2025-01-15 08:04:19,165 - 未找到预测 CSV 文件，等待 30 秒后重试...
2025-01-15 08:04:49,171 - 未找到预测 CSV 文件，等待 30 秒后重试...
2025-01-15 08:05:19,178 - 未找到预测 CSV 文件，等待 30 秒后重试...
2025-01-15 08:05:49,184 - 未找到预测 CSV 文件，等待 30 秒后重试...
2025-01-15 08:06:19,199 - 未找到预测 CSV 文件，等待 30 秒后重试...
2025-01-15 08:06:49,210 - 未找到预测 CSV 文件，等待 30 秒后重试...
2025-01-15 08:07:19,219 - 未找到预测 CSV 文件，等待 30 秒后重试...
2025-01-15 08:07:49,225 - 未找到预测 CSV 文件，等待 30 秒后重试...
2025-01-15 08:08:19,239 - 未找到预测 CSV 文件，等待 30 秒后重试...
2025-01-15 08:08:49,247 - 未找到预测 CSV 文件，等待 30 秒后重试...
2025-01-15 08:09:19,256 - 未找到预测 CSV 文件，等待 30 秒后重试...
2025-01-15 08:09:49,258 - 未找到预测 CSV 文件，等待 30 秒后重试...
2025-01-15 08:10:19,266 - 未找到预测 CSV 文件，等待 30 秒后重试...
2025-01-15 08:10:49,275 - 未找到预测 CSV 文件，等待 30 秒后重试...
2025-01-15 08:11:19,279 - 未找到预测 CSV 文件，等待 30 秒后重试...
2025-01-15 08:11:49,283 - 未找到预测 CSV 文件，等待 30 秒后重试...
2025-01-15 08:12:19,288 - 未找到预测 CSV 文件，等待 30 秒后重试...
2025-01-15 08:12:49,291 - 未找到预测 CSV 文件，等待 30 秒后重试...
2025-01-15 08:13:19,307 - 未找到预测 CSV 文件，等待 30 秒后重试...
2025-01-15 08:13:49,318 - 未找到预测 CSV 文件，等待 30 秒后重试...
2025-01-15 08:14:19,323 - 未找到预测 CSV 文件，等待 30 秒后重试...
2025-01-15 08:14:49,333 - 未找到预测 CSV 文件，等待 30 秒后重试...
2025-01-15 08:15:19,339 - 未找到预测 CSV 文件，等待 30 秒后重试...
2025-01-15 08:15:49,347 - 未找到预测 CSV 文件，等待 30 秒后重试...
2025-01-15 08:16:19,359 - 未找到预测 CSV 文件，等待 30 秒后重试...
2025-01-15 08:16:49,360 - 未找到预测 CSV 文件，等待 30 秒后重试...
2025-01-15 08:17:19,369 - 未找到预测 CSV 文件，等待 30 秒后重试...
2025-01-15 08:17:49,371 - 未找到预测 CSV 文件，等待 30 秒后重试...
2025-01-15 08:18:19,382 - 未找到预测 CSV 文件，等待 30 秒后重试...
2025-01-15 08:18:49,390 - 未找到预测 CSV 文件，等待 30 秒后重试...
2025-01-15 08:19:19,402 - 未找到预测 CSV 文件，等待 30 秒后重试...
2025-01-15 08:19:49,406 - 未找到预测 CSV 文件，等待 30 秒后重试...
2025-01-15 08:20:19,418 - 未找到预测 CSV 文件，等待 30 秒后重试...
2025-01-15 08:20:49,432 - 未找到预测 CSV 文件，等待 30 秒后重试...
2025-01-15 08:21:19,442 - 未找到预测 CSV 文件，等待 30 秒后重试...
2025-01-15 08:21:49,445 - 未找到预测 CSV 文件，等待 30 秒后重试...
2025-01-15 08:22:19,449 - 未找到预测 CSV 文件，等待 30 秒后重试...
2025-01-15 08:22:49,457 - 未找到预测 CSV 文件，等待 30 秒后重试...
2025-01-15 08:23:19,466 - 未找到预测 CSV 文件，等待 30 秒后重试...
2025-01-15 08:23:49,479 - 未找到预测 CSV 文件，等待 30 秒后重试...
2025-01-15 08:24:19,485 - 未找到预测 CSV 文件，等待 30 秒后重试...
2025-01-15 08:24:49,500 - 未找到预测 CSV 文件，等待 30 秒后重试...
2025-01-15 08:25:19,511 - 未找到预测 CSV 文件，等待 30 秒后重试...
2025-01-15 08:25:49,520 - 未找到预测 CSV 文件，等待 30 秒后重试...
2025-01-15 08:26:19,537 - 未找到预测 CSV 文件，等待 30 秒后重试...
2025-01-15 08:26:49,551 - 未找到预测 CSV 文件，等待 30 秒后重试...
2025-01-15 08:27:19,561 - 未找到预测 CSV 文件，等待 30 秒后重试...
2025-01-15 08:27:49,566 - 未找到预测 CSV 文件，等待 30 秒后重试...
2025-01-15 08:28:19,579 - 未找到预测 CSV 文件，等待 30 秒后重试...
2025-01-15 08:28:49,587 - 未找到预测 CSV 文件，等待 30 秒后重试...
2025-01-15 08:29:19,594 - 未找到预测 CSV 文件，等待 30 秒后重试...
2025-01-15 08:29:49,605 - 未找到预测 CSV 文件，等待 30 秒后重试...
2025-01-15 08:30:19,610 - 发现新的预测文件：D:\my-vue-project\wind-power-forecast\backend\auto_scripts\precsv\shortcsv\20250115.csv，执行预测...
2025-01-15 08:30:19,705 - 今天的训练和预测任务已完成。
