2025-01-14 01:00:26,433 - 今天的日期是: 20250114
2025-01-14 01:00:26,434 - 开始监视 D:\my-vue-project\wind-power-forecast\backend\auto_scripts\dataset\dataset_short 文件夹以进行训练...
2025-01-14 01:00:26,434 - 开始监视 D:\my-vue-project\wind-power-forecast\backend\auto_scripts\precsv\shortcsv 文件夹以进行预测...
2025-01-14 01:00:26,434 - 未有可用模型，等待模型训练完成...
2025-01-14 01:00:26,435 - 发现新的训练文件：D:\my-vue-project\wind-power-forecast\backend\auto_scripts\dataset\dataset_short\20250114.csv，执行训练...
2025-01-14 01:00:26,435 - 输出结果将保存到: D:\my-vue-project\wind-power-forecast\backend\auto_scripts\train_predictions\short_predictions
2025-01-14 01:00:27,761 - 数据加载与预处理完成
2025-01-14 01:00:28,174 - 数据标准化完成
2025-01-14 01:00:29,106 - 创建时间窗口完成
2025-01-14 01:00:29,106 - 获取模型参数完成
2025-01-14 01:00:56,440 - 未有可用模型，等待模型训练完成...
2025-01-14 01:01:26,454 - 未有可用模型，等待模型训练完成...
2025-01-14 01:01:56,466 - 未有可用模型，等待模型训练完成...
2025-01-14 01:02:26,481 - 未有可用模型，等待模型训练完成...
2025-01-14 01:02:56,496 - 未有可用模型，等待模型训练完成...
2025-01-14 01:03:26,509 - 未有可用模型，等待模型训练完成...
2025-01-14 01:03:56,514 - 未有可用模型，等待模型训练完成...
2025-01-14 01:04:26,530 - 未有可用模型，等待模型训练完成...
2025-01-14 01:04:56,548 - 未有可用模型，等待模型训练完成...
2025-01-14 01:05:26,560 - 未有可用模型，等待模型训练完成...
2025-01-14 01:05:32,370 - 训练与评估完成
2025-01-14 01:05:32,395 - 保存预测结果完成
2025-01-14 01:05:32,609 - 可视化结果完成
2025-01-14 01:05:32,926 - 模型已成功保存到 D:\my-vue-project\wind-power-forecast\backend\auto_scripts\models\shortmodel\20250114，模型可用。
2025-01-14 01:05:56,566 - 未找到预测 CSV 文件，等待 30 秒后重试...
2025-01-14 01:06:26,575 - 未找到预测 CSV 文件，等待 30 秒后重试...
2025-01-14 01:06:56,591 - 未找到预测 CSV 文件，等待 30 秒后重试...
2025-01-14 01:07:26,606 - 未找到预测 CSV 文件，等待 30 秒后重试...
2025-01-14 01:07:56,619 - 未找到预测 CSV 文件，等待 30 秒后重试...
2025-01-14 01:08:26,630 - 未找到预测 CSV 文件，等待 30 秒后重试...
2025-01-14 01:08:56,633 - 未找到预测 CSV 文件，等待 30 秒后重试...
2025-01-14 01:09:26,635 - 未找到预测 CSV 文件，等待 30 秒后重试...
2025-01-14 01:09:56,641 - 未找到预测 CSV 文件，等待 30 秒后重试...
2025-01-14 01:10:26,655 - 未找到预测 CSV 文件，等待 30 秒后重试...
2025-01-14 01:10:56,656 - 未找到预测 CSV 文件，等待 30 秒后重试...
2025-01-14 01:11:26,661 - 未找到预测 CSV 文件，等待 30 秒后重试...
2025-01-14 01:11:56,665 - 未找到预测 CSV 文件，等待 30 秒后重试...
2025-01-14 01:12:26,673 - 未找到预测 CSV 文件，等待 30 秒后重试...
2025-01-14 01:12:56,677 - 未找到预测 CSV 文件，等待 30 秒后重试...
2025-01-14 01:13:26,686 - 未找到预测 CSV 文件，等待 30 秒后重试...
2025-01-14 01:13:56,689 - 未找到预测 CSV 文件，等待 30 秒后重试...
2025-01-14 01:14:26,693 - 未找到预测 CSV 文件，等待 30 秒后重试...
2025-01-14 01:14:56,696 - 未找到预测 CSV 文件，等待 30 秒后重试...
2025-01-14 01:15:26,704 - 未找到预测 CSV 文件，等待 30 秒后重试...
2025-01-14 01:15:56,706 - 未找到预测 CSV 文件，等待 30 秒后重试...
2025-01-14 01:16:26,717 - 未找到预测 CSV 文件，等待 30 秒后重试...
2025-01-14 01:16:56,721 - 未找到预测 CSV 文件，等待 30 秒后重试...
2025-01-14 01:17:26,736 - 未找到预测 CSV 文件，等待 30 秒后重试...
2025-01-14 01:17:56,746 - 未找到预测 CSV 文件，等待 30 秒后重试...
2025-01-14 01:18:26,759 - 未找到预测 CSV 文件，等待 30 秒后重试...
2025-01-14 01:18:56,769 - 未找到预测 CSV 文件，等待 30 秒后重试...
2025-01-14 01:19:26,782 - 未找到预测 CSV 文件，等待 30 秒后重试...
2025-01-14 01:19:56,785 - 未找到预测 CSV 文件，等待 30 秒后重试...
2025-01-14 01:20:26,798 - 未找到预测 CSV 文件，等待 30 秒后重试...
2025-01-14 01:20:56,809 - 未找到预测 CSV 文件，等待 30 秒后重试...
2025-01-14 01:21:26,820 - 未找到预测 CSV 文件，等待 30 秒后重试...
2025-01-14 01:21:56,828 - 未找到预测 CSV 文件，等待 30 秒后重试...
2025-01-14 01:22:26,829 - 未找到预测 CSV 文件，等待 30 秒后重试...
2025-01-14 01:22:56,843 - 未找到预测 CSV 文件，等待 30 秒后重试...
2025-01-14 01:23:26,851 - 未找到预测 CSV 文件，等待 30 秒后重试...
2025-01-14 01:23:56,869 - 未找到预测 CSV 文件，等待 30 秒后重试...
2025-01-14 01:24:26,883 - 未找到预测 CSV 文件，等待 30 秒后重试...
2025-01-14 01:24:56,894 - 未找到预测 CSV 文件，等待 30 秒后重试...
2025-01-14 01:25:26,902 - 未找到预测 CSV 文件，等待 30 秒后重试...
2025-01-14 01:25:56,914 - 未找到预测 CSV 文件，等待 30 秒后重试...
2025-01-14 01:26:26,918 - 未找到预测 CSV 文件，等待 30 秒后重试...
2025-01-14 01:26:56,928 - 未找到预测 CSV 文件，等待 30 秒后重试...
2025-01-14 01:27:26,931 - 未找到预测 CSV 文件，等待 30 秒后重试...
2025-01-14 01:27:56,941 - 未找到预测 CSV 文件，等待 30 秒后重试...
2025-01-14 01:28:26,951 - 未找到预测 CSV 文件，等待 30 秒后重试...
2025-01-14 01:28:56,960 - 未找到预测 CSV 文件，等待 30 秒后重试...
2025-01-14 01:29:26,973 - 未找到预测 CSV 文件，等待 30 秒后重试...
2025-01-14 01:29:56,985 - 未找到预测 CSV 文件，等待 30 秒后重试...
2025-01-14 01:30:26,989 - 未找到预测 CSV 文件，等待 30 秒后重试...
2025-01-14 01:30:56,991 - 未找到预测 CSV 文件，等待 30 秒后重试...
2025-01-14 01:31:27,002 - 未找到预测 CSV 文件，等待 30 秒后重试...
2025-01-14 01:31:57,008 - 未找到预测 CSV 文件，等待 30 秒后重试...
2025-01-14 01:32:27,011 - 未找到预测 CSV 文件，等待 30 秒后重试...
2025-01-14 01:32:57,012 - 未找到预测 CSV 文件，等待 30 秒后重试...
2025-01-14 01:33:27,024 - 未找到预测 CSV 文件，等待 30 秒后重试...
2025-01-14 01:33:57,029 - 未找到预测 CSV 文件，等待 30 秒后重试...
2025-01-14 01:34:27,035 - 未找到预测 CSV 文件，等待 30 秒后重试...
2025-01-14 01:34:57,051 - 未找到预测 CSV 文件，等待 30 秒后重试...
2025-01-14 01:35:27,060 - 未找到预测 CSV 文件，等待 30 秒后重试...
2025-01-14 01:35:57,071 - 未找到预测 CSV 文件，等待 30 秒后重试...
2025-01-14 01:36:27,086 - 未找到预测 CSV 文件，等待 30 秒后重试...
2025-01-14 01:36:57,094 - 未找到预测 CSV 文件，等待 30 秒后重试...
2025-01-14 01:37:27,099 - 未找到预测 CSV 文件，等待 30 秒后重试...
2025-01-14 01:37:57,109 - 未找到预测 CSV 文件，等待 30 秒后重试...
2025-01-14 01:38:27,125 - 未找到预测 CSV 文件，等待 30 秒后重试...
2025-01-14 01:38:57,137 - 未找到预测 CSV 文件，等待 30 秒后重试...
2025-01-14 01:39:27,152 - 未找到预测 CSV 文件，等待 30 秒后重试...
2025-01-14 01:39:57,163 - 未找到预测 CSV 文件，等待 30 秒后重试...
2025-01-14 01:40:27,174 - 未找到预测 CSV 文件，等待 30 秒后重试...
2025-01-14 01:40:57,189 - 未找到预测 CSV 文件，等待 30 秒后重试...
2025-01-14 01:41:27,193 - 未找到预测 CSV 文件，等待 30 秒后重试...
2025-01-14 01:41:57,208 - 未找到预测 CSV 文件，等待 30 秒后重试...
2025-01-14 01:42:27,225 - 未找到预测 CSV 文件，等待 30 秒后重试...
2025-01-14 01:42:57,238 - 未找到预测 CSV 文件，等待 30 秒后重试...
2025-01-14 01:43:27,245 - 未找到预测 CSV 文件，等待 30 秒后重试...
2025-01-14 01:43:57,260 - 未找到预测 CSV 文件，等待 30 秒后重试...
2025-01-14 01:44:27,265 - 未找到预测 CSV 文件，等待 30 秒后重试...
2025-01-14 01:44:57,267 - 未找到预测 CSV 文件，等待 30 秒后重试...
2025-01-14 01:45:27,273 - 未找到预测 CSV 文件，等待 30 秒后重试...
2025-01-14 01:45:57,281 - 未找到预测 CSV 文件，等待 30 秒后重试...
2025-01-14 01:46:27,295 - 未找到预测 CSV 文件，等待 30 秒后重试...
2025-01-14 01:46:57,304 - 未找到预测 CSV 文件，等待 30 秒后重试...
2025-01-14 01:47:27,317 - 未找到预测 CSV 文件，等待 30 秒后重试...
2025-01-14 01:47:57,333 - 未找到预测 CSV 文件，等待 30 秒后重试...
2025-01-14 01:48:27,349 - 未找到预测 CSV 文件，等待 30 秒后重试...
2025-01-14 01:48:57,361 - 未找到预测 CSV 文件，等待 30 秒后重试...
2025-01-14 01:49:27,373 - 未找到预测 CSV 文件，等待 30 秒后重试...
2025-01-14 01:49:57,378 - 未找到预测 CSV 文件，等待 30 秒后重试...
2025-01-14 01:50:27,380 - 未找到预测 CSV 文件，等待 30 秒后重试...
2025-01-14 01:50:57,388 - 未找到预测 CSV 文件，等待 30 秒后重试...
2025-01-14 01:51:27,399 - 未找到预测 CSV 文件，等待 30 秒后重试...
2025-01-14 01:51:57,403 - 未找到预测 CSV 文件，等待 30 秒后重试...
2025-01-14 01:52:27,408 - 未找到预测 CSV 文件，等待 30 秒后重试...
2025-01-14 01:52:57,418 - 未找到预测 CSV 文件，等待 30 秒后重试...
2025-01-14 01:53:27,433 - 未找到预测 CSV 文件，等待 30 秒后重试...
2025-01-14 01:53:57,435 - 未找到预测 CSV 文件，等待 30 秒后重试...
2025-01-14 01:54:27,449 - 未找到预测 CSV 文件，等待 30 秒后重试...
2025-01-14 01:54:57,462 - 未找到预测 CSV 文件，等待 30 秒后重试...
2025-01-14 01:55:27,477 - 未找到预测 CSV 文件，等待 30 秒后重试...
2025-01-14 01:55:57,480 - 未找到预测 CSV 文件，等待 30 秒后重试...
2025-01-14 01:56:27,493 - 未找到预测 CSV 文件，等待 30 秒后重试...
2025-01-14 01:56:57,504 - 未找到预测 CSV 文件，等待 30 秒后重试...
2025-01-14 01:57:27,512 - 未找到预测 CSV 文件，等待 30 秒后重试...
2025-01-14 01:57:57,527 - 未找到预测 CSV 文件，等待 30 秒后重试...
2025-01-14 01:58:27,534 - 未找到预测 CSV 文件，等待 30 秒后重试...
2025-01-14 01:58:57,539 - 未找到预测 CSV 文件，等待 30 秒后重试...
2025-01-14 01:59:27,549 - 未找到预测 CSV 文件，等待 30 秒后重试...
2025-01-14 01:59:57,551 - 未找到预测 CSV 文件，等待 30 秒后重试...
2025-01-14 02:00:27,553 - 未找到预测 CSV 文件，等待 30 秒后重试...
2025-01-14 02:00:57,566 - 未找到预测 CSV 文件，等待 30 秒后重试...
2025-01-14 02:01:27,570 - 未找到预测 CSV 文件，等待 30 秒后重试...
2025-01-14 02:01:57,571 - 未找到预测 CSV 文件，等待 30 秒后重试...
2025-01-14 02:02:27,576 - 未找到预测 CSV 文件，等待 30 秒后重试...
2025-01-14 02:02:57,581 - 未找到预测 CSV 文件，等待 30 秒后重试...
2025-01-14 02:03:27,586 - 未找到预测 CSV 文件，等待 30 秒后重试...
2025-01-14 02:03:57,600 - 未找到预测 CSV 文件，等待 30 秒后重试...
2025-01-14 02:04:27,616 - 未找到预测 CSV 文件，等待 30 秒后重试...
2025-01-14 02:04:57,633 - 未找到预测 CSV 文件，等待 30 秒后重试...
2025-01-14 02:05:27,647 - 未找到预测 CSV 文件，等待 30 秒后重试...
2025-01-14 02:05:57,662 - 未找到预测 CSV 文件，等待 30 秒后重试...
2025-01-14 02:06:27,665 - 未找到预测 CSV 文件，等待 30 秒后重试...
2025-01-14 02:06:57,679 - 未找到预测 CSV 文件，等待 30 秒后重试...
2025-01-14 02:07:27,693 - 未找到预测 CSV 文件，等待 30 秒后重试...
2025-01-14 02:07:57,709 - 未找到预测 CSV 文件，等待 30 秒后重试...
2025-01-14 02:08:27,721 - 未找到预测 CSV 文件，等待 30 秒后重试...
2025-01-14 02:08:57,726 - 未找到预测 CSV 文件，等待 30 秒后重试...
2025-01-14 02:09:27,736 - 未找到预测 CSV 文件，等待 30 秒后重试...
2025-01-14 02:09:57,738 - 未找到预测 CSV 文件，等待 30 秒后重试...
2025-01-14 02:10:27,743 - 未找到预测 CSV 文件，等待 30 秒后重试...
2025-01-14 02:10:57,753 - 未找到预测 CSV 文件，等待 30 秒后重试...
2025-01-14 02:11:27,765 - 未找到预测 CSV 文件，等待 30 秒后重试...
2025-01-14 02:11:57,781 - 未找到预测 CSV 文件，等待 30 秒后重试...
2025-01-14 02:12:27,783 - 未找到预测 CSV 文件，等待 30 秒后重试...
2025-01-14 02:12:57,790 - 未找到预测 CSV 文件，等待 30 秒后重试...
2025-01-14 02:13:27,796 - 未找到预测 CSV 文件，等待 30 秒后重试...
2025-01-14 02:13:57,799 - 未找到预测 CSV 文件，等待 30 秒后重试...
2025-01-14 02:14:27,813 - 未找到预测 CSV 文件，等待 30 秒后重试...
2025-01-14 02:14:57,825 - 未找到预测 CSV 文件，等待 30 秒后重试...
2025-01-14 02:15:27,837 - 未找到预测 CSV 文件，等待 30 秒后重试...
2025-01-14 02:15:57,848 - 未找到预测 CSV 文件，等待 30 秒后重试...
2025-01-14 02:16:27,856 - 未找到预测 CSV 文件，等待 30 秒后重试...
2025-01-14 02:16:57,871 - 未找到预测 CSV 文件，等待 30 秒后重试...
2025-01-14 02:17:27,885 - 未找到预测 CSV 文件，等待 30 秒后重试...
2025-01-14 02:17:57,886 - 未找到预测 CSV 文件，等待 30 秒后重试...
2025-01-14 02:18:27,900 - 未找到预测 CSV 文件，等待 30 秒后重试...
2025-01-14 02:18:57,916 - 未找到预测 CSV 文件，等待 30 秒后重试...
2025-01-14 02:19:27,922 - 未找到预测 CSV 文件，等待 30 秒后重试...
2025-01-14 02:19:57,925 - 未找到预测 CSV 文件，等待 30 秒后重试...
2025-01-14 02:20:27,942 - 未找到预测 CSV 文件，等待 30 秒后重试...
2025-01-14 02:20:57,943 - 未找到预测 CSV 文件，等待 30 秒后重试...
2025-01-14 02:21:27,958 - 未找到预测 CSV 文件，等待 30 秒后重试...
2025-01-14 02:21:57,963 - 未找到预测 CSV 文件，等待 30 秒后重试...
2025-01-14 02:22:27,977 - 未找到预测 CSV 文件，等待 30 秒后重试...
2025-01-14 02:22:57,987 - 未找到预测 CSV 文件，等待 30 秒后重试...
2025-01-14 02:23:28,003 - 未找到预测 CSV 文件，等待 30 秒后重试...
2025-01-14 02:23:58,015 - 未找到预测 CSV 文件，等待 30 秒后重试...
2025-01-14 02:24:28,030 - 未找到预测 CSV 文件，等待 30 秒后重试...
2025-01-14 02:24:58,045 - 未找到预测 CSV 文件，等待 30 秒后重试...
2025-01-14 02:25:28,051 - 未找到预测 CSV 文件，等待 30 秒后重试...
2025-01-14 02:25:58,059 - 未找到预测 CSV 文件，等待 30 秒后重试...
2025-01-14 02:26:28,061 - 未找到预测 CSV 文件，等待 30 秒后重试...
2025-01-14 02:26:58,071 - 未找到预测 CSV 文件，等待 30 秒后重试...
2025-01-14 02:27:28,080 - 未找到预测 CSV 文件，等待 30 秒后重试...
2025-01-14 02:27:58,088 - 未找到预测 CSV 文件，等待 30 秒后重试...
2025-01-14 02:28:28,091 - 未找到预测 CSV 文件，等待 30 秒后重试...
2025-01-14 02:28:58,107 - 未找到预测 CSV 文件，等待 30 秒后重试...
2025-01-14 02:29:28,119 - 未找到预测 CSV 文件，等待 30 秒后重试...
2025-01-14 02:29:58,123 - 未找到预测 CSV 文件，等待 30 秒后重试...
2025-01-14 02:30:28,128 - 未找到预测 CSV 文件，等待 30 秒后重试...
2025-01-14 02:30:58,141 - 未找到预测 CSV 文件，等待 30 秒后重试...
2025-01-14 02:31:28,154 - 未找到预测 CSV 文件，等待 30 秒后重试...
2025-01-14 02:31:58,160 - 未找到预测 CSV 文件，等待 30 秒后重试...
2025-01-14 02:32:28,170 - 未找到预测 CSV 文件，等待 30 秒后重试...
2025-01-14 02:32:58,173 - 未找到预测 CSV 文件，等待 30 秒后重试...
2025-01-14 02:33:28,180 - 未找到预测 CSV 文件，等待 30 秒后重试...
2025-01-14 02:33:58,196 - 未找到预测 CSV 文件，等待 30 秒后重试...
2025-01-14 02:34:28,201 - 未找到预测 CSV 文件，等待 30 秒后重试...
2025-01-14 02:34:58,204 - 未找到预测 CSV 文件，等待 30 秒后重试...
2025-01-14 02:35:28,207 - 未找到预测 CSV 文件，等待 30 秒后重试...
2025-01-14 02:35:58,217 - 未找到预测 CSV 文件，等待 30 秒后重试...
2025-01-14 02:36:28,221 - 未找到预测 CSV 文件，等待 30 秒后重试...
2025-01-14 02:36:58,233 - 未找到预测 CSV 文件，等待 30 秒后重试...
2025-01-14 02:37:28,238 - 未找到预测 CSV 文件，等待 30 秒后重试...
2025-01-14 02:37:58,247 - 未找到预测 CSV 文件，等待 30 秒后重试...
2025-01-14 02:38:28,260 - 未找到预测 CSV 文件，等待 30 秒后重试...
2025-01-14 02:38:58,275 - 未找到预测 CSV 文件，等待 30 秒后重试...
2025-01-14 02:39:28,286 - 未找到预测 CSV 文件，等待 30 秒后重试...
2025-01-14 02:39:58,288 - 未找到预测 CSV 文件，等待 30 秒后重试...
2025-01-14 02:40:28,298 - 未找到预测 CSV 文件，等待 30 秒后重试...
2025-01-14 02:40:58,305 - 未找到预测 CSV 文件，等待 30 秒后重试...
2025-01-14 02:41:28,320 - 未找到预测 CSV 文件，等待 30 秒后重试...
2025-01-14 02:41:58,334 - 未找到预测 CSV 文件，等待 30 秒后重试...
2025-01-14 02:42:28,341 - 未找到预测 CSV 文件，等待 30 秒后重试...
2025-01-14 02:42:58,343 - 未找到预测 CSV 文件，等待 30 秒后重试...
2025-01-14 02:43:28,345 - 未找到预测 CSV 文件，等待 30 秒后重试...
2025-01-14 02:43:58,359 - 未找到预测 CSV 文件，等待 30 秒后重试...
2025-01-14 02:44:28,371 - 未找到预测 CSV 文件，等待 30 秒后重试...
2025-01-14 02:44:58,379 - 未找到预测 CSV 文件，等待 30 秒后重试...
2025-01-14 02:45:28,386 - 未找到预测 CSV 文件，等待 30 秒后重试...
2025-01-14 02:45:58,395 - 未找到预测 CSV 文件，等待 30 秒后重试...
2025-01-14 02:46:28,407 - 未找到预测 CSV 文件，等待 30 秒后重试...
2025-01-14 02:46:58,421 - 未找到预测 CSV 文件，等待 30 秒后重试...
2025-01-14 02:47:28,424 - 未找到预测 CSV 文件，等待 30 秒后重试...
2025-01-14 02:47:58,439 - 未找到预测 CSV 文件，等待 30 秒后重试...
2025-01-14 02:48:28,450 - 未找到预测 CSV 文件，等待 30 秒后重试...
2025-01-14 02:48:58,458 - 未找到预测 CSV 文件，等待 30 秒后重试...
2025-01-14 02:49:28,466 - 未找到预测 CSV 文件，等待 30 秒后重试...
2025-01-14 02:49:58,479 - 未找到预测 CSV 文件，等待 30 秒后重试...
2025-01-14 02:50:28,491 - 未找到预测 CSV 文件，等待 30 秒后重试...
2025-01-14 02:50:58,494 - 未找到预测 CSV 文件，等待 30 秒后重试...
2025-01-14 02:51:28,499 - 未找到预测 CSV 文件，等待 30 秒后重试...
2025-01-14 02:51:58,511 - 未找到预测 CSV 文件，等待 30 秒后重试...
2025-01-14 02:52:28,523 - 未找到预测 CSV 文件，等待 30 秒后重试...
2025-01-14 02:52:58,539 - 未找到预测 CSV 文件，等待 30 秒后重试...
2025-01-14 02:53:28,551 - 未找到预测 CSV 文件，等待 30 秒后重试...
2025-01-14 02:53:58,558 - 未找到预测 CSV 文件，等待 30 秒后重试...
2025-01-14 02:54:28,570 - 未找到预测 CSV 文件，等待 30 秒后重试...
2025-01-14 02:54:58,579 - 未找到预测 CSV 文件，等待 30 秒后重试...
2025-01-14 02:55:28,586 - 未找到预测 CSV 文件，等待 30 秒后重试...
2025-01-14 02:55:58,590 - 未找到预测 CSV 文件，等待 30 秒后重试...
2025-01-14 02:56:28,598 - 未找到预测 CSV 文件，等待 30 秒后重试...
2025-01-14 02:56:58,605 - 未找到预测 CSV 文件，等待 30 秒后重试...
2025-01-14 02:57:28,622 - 未找到预测 CSV 文件，等待 30 秒后重试...
2025-01-14 02:57:58,635 - 未找到预测 CSV 文件，等待 30 秒后重试...
2025-01-14 02:58:28,646 - 未找到预测 CSV 文件，等待 30 秒后重试...
2025-01-14 02:58:58,649 - 未找到预测 CSV 文件，等待 30 秒后重试...
2025-01-14 02:59:28,654 - 未找到预测 CSV 文件，等待 30 秒后重试...
2025-01-14 02:59:58,665 - 未找到预测 CSV 文件，等待 30 秒后重试...
2025-01-14 03:00:28,669 - 未找到预测 CSV 文件，等待 30 秒后重试...
2025-01-14 03:00:58,681 - 未找到预测 CSV 文件，等待 30 秒后重试...
2025-01-14 03:01:28,688 - 未找到预测 CSV 文件，等待 30 秒后重试...
2025-01-14 03:01:58,690 - 未找到预测 CSV 文件，等待 30 秒后重试...
2025-01-14 03:02:28,696 - 未找到预测 CSV 文件，等待 30 秒后重试...
2025-01-14 03:02:58,705 - 未找到预测 CSV 文件，等待 30 秒后重试...
2025-01-14 03:03:28,712 - 未找到预测 CSV 文件，等待 30 秒后重试...
2025-01-14 03:03:58,727 - 未找到预测 CSV 文件，等待 30 秒后重试...
2025-01-14 03:04:28,731 - 未找到预测 CSV 文件，等待 30 秒后重试...
2025-01-14 03:04:58,747 - 未找到预测 CSV 文件，等待 30 秒后重试...
2025-01-14 03:05:28,756 - 未找到预测 CSV 文件，等待 30 秒后重试...
2025-01-14 03:05:58,768 - 未找到预测 CSV 文件，等待 30 秒后重试...
2025-01-14 03:06:28,782 - 未找到预测 CSV 文件，等待 30 秒后重试...
2025-01-14 03:06:58,799 - 未找到预测 CSV 文件，等待 30 秒后重试...
2025-01-14 03:07:28,813 - 未找到预测 CSV 文件，等待 30 秒后重试...
2025-01-14 03:07:58,819 - 未找到预测 CSV 文件，等待 30 秒后重试...
2025-01-14 03:08:28,832 - 未找到预测 CSV 文件，等待 30 秒后重试...
2025-01-14 03:08:58,835 - 未找到预测 CSV 文件，等待 30 秒后重试...
2025-01-14 03:09:28,843 - 未找到预测 CSV 文件，等待 30 秒后重试...
2025-01-14 03:09:58,855 - 未找到预测 CSV 文件，等待 30 秒后重试...
2025-01-14 03:10:28,864 - 未找到预测 CSV 文件，等待 30 秒后重试...
2025-01-14 03:10:58,872 - 未找到预测 CSV 文件，等待 30 秒后重试...
2025-01-14 03:11:28,886 - 未找到预测 CSV 文件，等待 30 秒后重试...
2025-01-14 03:11:58,887 - 未找到预测 CSV 文件，等待 30 秒后重试...
2025-01-14 03:12:28,902 - 未找到预测 CSV 文件，等待 30 秒后重试...
2025-01-14 03:12:58,917 - 未找到预测 CSV 文件，等待 30 秒后重试...
2025-01-14 03:13:28,933 - 未找到预测 CSV 文件，等待 30 秒后重试...
2025-01-14 03:13:58,942 - 未找到预测 CSV 文件，等待 30 秒后重试...
2025-01-14 03:14:28,948 - 未找到预测 CSV 文件，等待 30 秒后重试...
2025-01-14 03:14:58,952 - 未找到预测 CSV 文件，等待 30 秒后重试...
2025-01-14 03:15:28,962 - 未找到预测 CSV 文件，等待 30 秒后重试...
2025-01-14 03:15:58,970 - 未找到预测 CSV 文件，等待 30 秒后重试...
2025-01-14 03:16:28,983 - 未找到预测 CSV 文件，等待 30 秒后重试...
2025-01-14 03:16:58,989 - 未找到预测 CSV 文件，等待 30 秒后重试...
2025-01-14 03:17:28,990 - 未找到预测 CSV 文件，等待 30 秒后重试...
2025-01-14 03:17:59,001 - 未找到预测 CSV 文件，等待 30 秒后重试...
2025-01-14 03:18:29,004 - 未找到预测 CSV 文件，等待 30 秒后重试...
2025-01-14 03:18:59,020 - 未找到预测 CSV 文件，等待 30 秒后重试...
2025-01-14 03:19:29,023 - 未找到预测 CSV 文件，等待 30 秒后重试...
2025-01-14 03:19:59,026 - 未找到预测 CSV 文件，等待 30 秒后重试...
2025-01-14 03:20:29,034 - 未找到预测 CSV 文件，等待 30 秒后重试...
2025-01-14 03:20:59,046 - 未找到预测 CSV 文件，等待 30 秒后重试...
2025-01-14 03:21:29,054 - 未找到预测 CSV 文件，等待 30 秒后重试...
2025-01-14 03:21:59,065 - 未找到预测 CSV 文件，等待 30 秒后重试...
2025-01-14 03:22:29,078 - 未找到预测 CSV 文件，等待 30 秒后重试...
2025-01-14 03:22:59,080 - 未找到预测 CSV 文件，等待 30 秒后重试...
2025-01-14 03:23:29,086 - 未找到预测 CSV 文件，等待 30 秒后重试...
2025-01-14 03:23:59,086 - 未找到预测 CSV 文件，等待 30 秒后重试...
2025-01-14 03:24:29,090 - 未找到预测 CSV 文件，等待 30 秒后重试...
2025-01-14 03:24:59,106 - 未找到预测 CSV 文件，等待 30 秒后重试...
2025-01-14 03:25:29,120 - 未找到预测 CSV 文件，等待 30 秒后重试...
2025-01-14 03:25:59,126 - 未找到预测 CSV 文件，等待 30 秒后重试...
2025-01-14 03:26:29,133 - 未找到预测 CSV 文件，等待 30 秒后重试...
2025-01-14 03:26:59,137 - 未找到预测 CSV 文件，等待 30 秒后重试...
2025-01-14 03:27:29,147 - 未找到预测 CSV 文件，等待 30 秒后重试...
2025-01-14 03:27:59,162 - 未找到预测 CSV 文件，等待 30 秒后重试...
2025-01-14 03:28:29,166 - 未找到预测 CSV 文件，等待 30 秒后重试...
2025-01-14 03:28:59,168 - 未找到预测 CSV 文件，等待 30 秒后重试...
2025-01-14 03:29:29,172 - 未找到预测 CSV 文件，等待 30 秒后重试...
2025-01-14 03:29:59,183 - 未找到预测 CSV 文件，等待 30 秒后重试...
2025-01-14 03:30:29,197 - 未找到预测 CSV 文件，等待 30 秒后重试...
2025-01-14 03:30:59,212 - 未找到预测 CSV 文件，等待 30 秒后重试...
2025-01-14 03:31:29,214 - 未找到预测 CSV 文件，等待 30 秒后重试...
2025-01-14 03:31:59,230 - 未找到预测 CSV 文件，等待 30 秒后重试...
2025-01-14 03:32:29,236 - 未找到预测 CSV 文件，等待 30 秒后重试...
2025-01-14 03:32:59,244 - 未找到预测 CSV 文件，等待 30 秒后重试...
2025-01-14 03:33:29,253 - 未找到预测 CSV 文件，等待 30 秒后重试...
2025-01-14 03:33:59,265 - 未找到预测 CSV 文件，等待 30 秒后重试...
2025-01-14 03:34:29,274 - 未找到预测 CSV 文件，等待 30 秒后重试...
2025-01-14 03:34:59,290 - 未找到预测 CSV 文件，等待 30 秒后重试...
2025-01-14 03:35:29,296 - 未找到预测 CSV 文件，等待 30 秒后重试...
2025-01-14 03:35:59,311 - 未找到预测 CSV 文件，等待 30 秒后重试...
2025-01-14 03:36:29,322 - 未找到预测 CSV 文件，等待 30 秒后重试...
2025-01-14 03:36:59,333 - 未找到预测 CSV 文件，等待 30 秒后重试...
2025-01-14 03:37:29,336 - 未找到预测 CSV 文件，等待 30 秒后重试...
2025-01-14 03:37:59,343 - 未找到预测 CSV 文件，等待 30 秒后重试...
2025-01-14 03:38:29,357 - 未找到预测 CSV 文件，等待 30 秒后重试...
2025-01-14 03:38:59,364 - 未找到预测 CSV 文件，等待 30 秒后重试...
2025-01-14 03:39:29,372 - 未找到预测 CSV 文件，等待 30 秒后重试...
2025-01-14 03:39:59,383 - 未找到预测 CSV 文件，等待 30 秒后重试...
2025-01-14 03:40:29,395 - 未找到预测 CSV 文件，等待 30 秒后重试...
2025-01-14 03:40:59,399 - 未找到预测 CSV 文件，等待 30 秒后重试...
2025-01-14 03:41:29,407 - 未找到预测 CSV 文件，等待 30 秒后重试...
2025-01-14 03:41:59,420 - 未找到预测 CSV 文件，等待 30 秒后重试...
2025-01-14 03:42:29,436 - 未找到预测 CSV 文件，等待 30 秒后重试...
2025-01-14 03:42:59,437 - 未找到预测 CSV 文件，等待 30 秒后重试...
2025-01-14 03:43:29,449 - 未找到预测 CSV 文件，等待 30 秒后重试...
2025-01-14 03:43:59,460 - 未找到预测 CSV 文件，等待 30 秒后重试...
2025-01-14 03:44:29,468 - 未找到预测 CSV 文件，等待 30 秒后重试...
2025-01-14 03:44:59,478 - 未找到预测 CSV 文件，等待 30 秒后重试...
2025-01-14 03:45:29,480 - 未找到预测 CSV 文件，等待 30 秒后重试...
2025-01-14 03:45:59,493 - 未找到预测 CSV 文件，等待 30 秒后重试...
2025-01-14 03:46:29,504 - 未找到预测 CSV 文件，等待 30 秒后重试...
2025-01-14 03:46:59,505 - 未找到预测 CSV 文件，等待 30 秒后重试...
2025-01-14 03:47:29,511 - 未找到预测 CSV 文件，等待 30 秒后重试...
2025-01-14 03:47:59,523 - 未找到预测 CSV 文件，等待 30 秒后重试...
2025-01-14 03:48:29,540 - 未找到预测 CSV 文件，等待 30 秒后重试...
2025-01-14 03:48:59,548 - 未找到预测 CSV 文件，等待 30 秒后重试...
2025-01-14 03:49:29,553 - 未找到预测 CSV 文件，等待 30 秒后重试...
2025-01-14 03:49:59,562 - 未找到预测 CSV 文件，等待 30 秒后重试...
2025-01-14 03:50:29,567 - 未找到预测 CSV 文件，等待 30 秒后重试...
2025-01-14 03:50:59,580 - 未找到预测 CSV 文件，等待 30 秒后重试...
2025-01-14 03:51:29,586 - 未找到预测 CSV 文件，等待 30 秒后重试...
2025-01-14 03:51:59,598 - 未找到预测 CSV 文件，等待 30 秒后重试...
2025-01-14 03:52:29,613 - 未找到预测 CSV 文件，等待 30 秒后重试...
2025-01-14 03:52:59,629 - 未找到预测 CSV 文件，等待 30 秒后重试...
2025-01-14 03:53:29,643 - 未找到预测 CSV 文件，等待 30 秒后重试...
2025-01-14 03:53:59,659 - 未找到预测 CSV 文件，等待 30 秒后重试...
2025-01-14 03:54:29,672 - 未找到预测 CSV 文件，等待 30 秒后重试...
2025-01-14 03:54:59,677 - 未找到预测 CSV 文件，等待 30 秒后重试...
2025-01-14 03:55:29,681 - 未找到预测 CSV 文件，等待 30 秒后重试...
2025-01-14 03:55:59,686 - 未找到预测 CSV 文件，等待 30 秒后重试...
2025-01-14 03:56:29,697 - 未找到预测 CSV 文件，等待 30 秒后重试...
2025-01-14 03:56:59,714 - 未找到预测 CSV 文件，等待 30 秒后重试...
2025-01-14 03:57:29,726 - 未找到预测 CSV 文件，等待 30 秒后重试...
2025-01-14 03:57:59,730 - 未找到预测 CSV 文件，等待 30 秒后重试...
2025-01-14 03:58:29,745 - 未找到预测 CSV 文件，等待 30 秒后重试...
2025-01-14 03:58:59,755 - 未找到预测 CSV 文件，等待 30 秒后重试...
2025-01-14 03:59:29,762 - 未找到预测 CSV 文件，等待 30 秒后重试...
2025-01-14 03:59:59,764 - 未找到预测 CSV 文件，等待 30 秒后重试...
2025-01-14 04:00:29,770 - 未找到预测 CSV 文件，等待 30 秒后重试...
2025-01-14 04:00:59,772 - 未找到预测 CSV 文件，等待 30 秒后重试...
2025-01-14 04:01:29,776 - 未找到预测 CSV 文件，等待 30 秒后重试...
2025-01-14 04:01:59,787 - 未找到预测 CSV 文件，等待 30 秒后重试...
2025-01-14 04:02:29,792 - 未找到预测 CSV 文件，等待 30 秒后重试...
2025-01-14 04:02:59,798 - 未找到预测 CSV 文件，等待 30 秒后重试...
2025-01-14 04:03:29,805 - 未找到预测 CSV 文件，等待 30 秒后重试...
2025-01-14 04:03:59,811 - 未找到预测 CSV 文件，等待 30 秒后重试...
2025-01-14 04:04:29,815 - 未找到预测 CSV 文件，等待 30 秒后重试...
2025-01-14 04:04:59,823 - 未找到预测 CSV 文件，等待 30 秒后重试...
2025-01-14 04:05:29,827 - 未找到预测 CSV 文件，等待 30 秒后重试...
2025-01-14 04:05:59,839 - 未找到预测 CSV 文件，等待 30 秒后重试...
2025-01-14 04:06:29,850 - 未找到预测 CSV 文件，等待 30 秒后重试...
2025-01-14 04:06:59,868 - 未找到预测 CSV 文件，等待 30 秒后重试...
2025-01-14 04:07:29,872 - 未找到预测 CSV 文件，等待 30 秒后重试...
2025-01-14 04:07:59,881 - 未找到预测 CSV 文件，等待 30 秒后重试...
2025-01-14 04:08:29,894 - 未找到预测 CSV 文件，等待 30 秒后重试...
2025-01-14 04:08:59,905 - 未找到预测 CSV 文件，等待 30 秒后重试...
2025-01-14 04:09:29,909 - 未找到预测 CSV 文件，等待 30 秒后重试...
2025-01-14 04:09:59,915 - 未找到预测 CSV 文件，等待 30 秒后重试...
2025-01-14 04:10:29,926 - 未找到预测 CSV 文件，等待 30 秒后重试...
2025-01-14 04:10:59,937 - 未找到预测 CSV 文件，等待 30 秒后重试...
2025-01-14 04:11:29,947 - 未找到预测 CSV 文件，等待 30 秒后重试...
2025-01-14 04:11:59,964 - 未找到预测 CSV 文件，等待 30 秒后重试...
2025-01-14 04:12:29,972 - 未找到预测 CSV 文件，等待 30 秒后重试...
2025-01-14 04:12:59,981 - 未找到预测 CSV 文件，等待 30 秒后重试...
2025-01-14 04:13:29,992 - 未找到预测 CSV 文件，等待 30 秒后重试...
2025-01-14 04:14:00,008 - 未找到预测 CSV 文件，等待 30 秒后重试...
2025-01-14 04:14:30,019 - 未找到预测 CSV 文件，等待 30 秒后重试...
2025-01-14 04:15:00,026 - 未找到预测 CSV 文件，等待 30 秒后重试...
2025-01-14 04:15:30,038 - 未找到预测 CSV 文件，等待 30 秒后重试...
2025-01-14 04:16:00,044 - 未找到预测 CSV 文件，等待 30 秒后重试...
2025-01-14 04:16:30,050 - 未找到预测 CSV 文件，等待 30 秒后重试...
2025-01-14 04:17:00,058 - 未找到预测 CSV 文件，等待 30 秒后重试...
2025-01-14 04:17:30,065 - 未找到预测 CSV 文件，等待 30 秒后重试...
2025-01-14 04:18:00,074 - 未找到预测 CSV 文件，等待 30 秒后重试...
2025-01-14 04:18:30,082 - 未找到预测 CSV 文件，等待 30 秒后重试...
2025-01-14 04:19:00,098 - 未找到预测 CSV 文件，等待 30 秒后重试...
2025-01-14 04:19:30,113 - 未找到预测 CSV 文件，等待 30 秒后重试...
2025-01-14 04:20:00,119 - 未找到预测 CSV 文件，等待 30 秒后重试...
2025-01-14 04:20:30,134 - 未找到预测 CSV 文件，等待 30 秒后重试...
2025-01-14 04:21:00,150 - 未找到预测 CSV 文件，等待 30 秒后重试...
2025-01-14 04:21:30,164 - 未找到预测 CSV 文件，等待 30 秒后重试...
2025-01-14 04:22:00,168 - 未找到预测 CSV 文件，等待 30 秒后重试...
2025-01-14 04:22:30,170 - 未找到预测 CSV 文件，等待 30 秒后重试...
2025-01-14 04:23:00,185 - 未找到预测 CSV 文件，等待 30 秒后重试...
2025-01-14 04:23:30,199 - 未找到预测 CSV 文件，等待 30 秒后重试...
2025-01-14 04:24:00,213 - 未找到预测 CSV 文件，等待 30 秒后重试...
2025-01-14 04:24:30,216 - 未找到预测 CSV 文件，等待 30 秒后重试...
2025-01-14 04:25:00,229 - 未找到预测 CSV 文件，等待 30 秒后重试...
2025-01-14 04:25:30,239 - 未找到预测 CSV 文件，等待 30 秒后重试...
2025-01-14 04:26:00,249 - 未找到预测 CSV 文件，等待 30 秒后重试...
2025-01-14 04:26:30,261 - 未找到预测 CSV 文件，等待 30 秒后重试...
2025-01-14 04:27:00,263 - 未找到预测 CSV 文件，等待 30 秒后重试...
2025-01-14 04:27:30,271 - 未找到预测 CSV 文件，等待 30 秒后重试...
2025-01-14 04:28:00,284 - 未找到预测 CSV 文件，等待 30 秒后重试...
2025-01-14 04:28:30,292 - 未找到预测 CSV 文件，等待 30 秒后重试...
2025-01-14 04:29:00,301 - 未找到预测 CSV 文件，等待 30 秒后重试...
2025-01-14 04:29:30,307 - 未找到预测 CSV 文件，等待 30 秒后重试...
2025-01-14 04:30:00,324 - 未找到预测 CSV 文件，等待 30 秒后重试...
2025-01-14 04:30:30,330 - 未找到预测 CSV 文件，等待 30 秒后重试...
2025-01-14 04:31:00,344 - 未找到预测 CSV 文件，等待 30 秒后重试...
2025-01-14 04:31:30,347 - 未找到预测 CSV 文件，等待 30 秒后重试...
2025-01-14 04:32:00,362 - 未找到预测 CSV 文件，等待 30 秒后重试...
2025-01-14 04:32:30,366 - 未找到预测 CSV 文件，等待 30 秒后重试...
2025-01-14 04:33:00,381 - 未找到预测 CSV 文件，等待 30 秒后重试...
2025-01-14 04:33:30,391 - 未找到预测 CSV 文件，等待 30 秒后重试...
2025-01-14 04:34:00,403 - 未找到预测 CSV 文件，等待 30 秒后重试...
2025-01-14 04:34:30,417 - 未找到预测 CSV 文件，等待 30 秒后重试...
2025-01-14 04:35:00,423 - 未找到预测 CSV 文件，等待 30 秒后重试...
2025-01-14 04:35:30,437 - 未找到预测 CSV 文件，等待 30 秒后重试...
2025-01-14 04:36:00,453 - 未找到预测 CSV 文件，等待 30 秒后重试...
2025-01-14 04:36:30,466 - 未找到预测 CSV 文件，等待 30 秒后重试...
2025-01-14 04:37:00,482 - 未找到预测 CSV 文件，等待 30 秒后重试...
2025-01-14 04:37:30,484 - 未找到预测 CSV 文件，等待 30 秒后重试...
2025-01-14 04:38:00,489 - 未找到预测 CSV 文件，等待 30 秒后重试...
2025-01-14 04:38:30,496 - 未找到预测 CSV 文件，等待 30 秒后重试...
2025-01-14 04:39:00,509 - 未找到预测 CSV 文件，等待 30 秒后重试...
2025-01-14 04:39:30,526 - 未找到预测 CSV 文件，等待 30 秒后重试...
2025-01-14 04:40:00,536 - 未找到预测 CSV 文件，等待 30 秒后重试...
2025-01-14 04:40:30,543 - 未找到预测 CSV 文件，等待 30 秒后重试...
2025-01-14 04:41:00,554 - 未找到预测 CSV 文件，等待 30 秒后重试...
2025-01-14 04:41:30,560 - 未找到预测 CSV 文件，等待 30 秒后重试...
2025-01-14 04:42:00,566 - 未找到预测 CSV 文件，等待 30 秒后重试...
2025-01-14 04:42:30,580 - 未找到预测 CSV 文件，等待 30 秒后重试...
2025-01-14 04:43:00,590 - 未找到预测 CSV 文件，等待 30 秒后重试...
2025-01-14 04:43:30,594 - 未找到预测 CSV 文件，等待 30 秒后重试...
2025-01-14 04:44:00,608 - 未找到预测 CSV 文件，等待 30 秒后重试...
2025-01-14 04:44:30,613 - 未找到预测 CSV 文件，等待 30 秒后重试...
2025-01-14 04:45:00,625 - 未找到预测 CSV 文件，等待 30 秒后重试...
2025-01-14 04:45:30,637 - 未找到预测 CSV 文件，等待 30 秒后重试...
2025-01-14 04:46:00,641 - 未找到预测 CSV 文件，等待 30 秒后重试...
2025-01-14 04:46:30,649 - 未找到预测 CSV 文件，等待 30 秒后重试...
2025-01-14 04:47:00,665 - 未找到预测 CSV 文件，等待 30 秒后重试...
2025-01-14 04:47:30,672 - 未找到预测 CSV 文件，等待 30 秒后重试...
2025-01-14 04:48:00,680 - 未找到预测 CSV 文件，等待 30 秒后重试...
2025-01-14 04:48:30,684 - 未找到预测 CSV 文件，等待 30 秒后重试...
2025-01-14 04:49:00,690 - 未找到预测 CSV 文件，等待 30 秒后重试...
2025-01-14 04:49:30,691 - 未找到预测 CSV 文件，等待 30 秒后重试...
2025-01-14 04:50:00,696 - 未找到预测 CSV 文件，等待 30 秒后重试...
2025-01-14 04:50:30,707 - 未找到预测 CSV 文件，等待 30 秒后重试...
2025-01-14 04:51:00,710 - 未找到预测 CSV 文件，等待 30 秒后重试...
2025-01-14 04:51:30,716 - 未找到预测 CSV 文件，等待 30 秒后重试...
2025-01-14 04:52:00,719 - 未找到预测 CSV 文件，等待 30 秒后重试...
2025-01-14 04:52:30,722 - 未找到预测 CSV 文件，等待 30 秒后重试...
2025-01-14 04:53:00,724 - 未找到预测 CSV 文件，等待 30 秒后重试...
2025-01-14 04:53:30,736 - 未找到预测 CSV 文件，等待 30 秒后重试...
2025-01-14 04:54:00,750 - 未找到预测 CSV 文件，等待 30 秒后重试...
2025-01-14 04:54:30,766 - 未找到预测 CSV 文件，等待 30 秒后重试...
2025-01-14 04:55:00,781 - 未找到预测 CSV 文件，等待 30 秒后重试...
2025-01-14 04:55:30,783 - 未找到预测 CSV 文件，等待 30 秒后重试...
2025-01-14 04:56:00,796 - 未找到预测 CSV 文件，等待 30 秒后重试...
2025-01-14 04:56:30,801 - 未找到预测 CSV 文件，等待 30 秒后重试...
2025-01-14 04:57:00,813 - 未找到预测 CSV 文件，等待 30 秒后重试...
2025-01-14 04:57:30,822 - 未找到预测 CSV 文件，等待 30 秒后重试...
2025-01-14 04:58:00,828 - 未找到预测 CSV 文件，等待 30 秒后重试...
2025-01-14 04:58:30,834 - 未找到预测 CSV 文件，等待 30 秒后重试...
2025-01-14 04:59:00,849 - 未找到预测 CSV 文件，等待 30 秒后重试...
2025-01-14 04:59:30,866 - 未找到预测 CSV 文件，等待 30 秒后重试...
2025-01-14 05:00:00,880 - 未找到预测 CSV 文件，等待 30 秒后重试...
2025-01-14 05:00:30,889 - 未找到预测 CSV 文件，等待 30 秒后重试...
2025-01-14 05:01:00,896 - 未找到预测 CSV 文件，等待 30 秒后重试...
2025-01-14 05:01:30,913 - 未找到预测 CSV 文件，等待 30 秒后重试...
2025-01-14 05:02:00,923 - 未找到预测 CSV 文件，等待 30 秒后重试...
2025-01-14 05:02:30,927 - 未找到预测 CSV 文件，等待 30 秒后重试...
2025-01-14 05:03:00,937 - 未找到预测 CSV 文件，等待 30 秒后重试...
2025-01-14 05:03:30,952 - 未找到预测 CSV 文件，等待 30 秒后重试...
2025-01-14 05:04:00,954 - 未找到预测 CSV 文件，等待 30 秒后重试...
2025-01-14 05:04:30,955 - 未找到预测 CSV 文件，等待 30 秒后重试...
2025-01-14 05:05:00,959 - 未找到预测 CSV 文件，等待 30 秒后重试...
2025-01-14 05:05:30,961 - 未找到预测 CSV 文件，等待 30 秒后重试...
2025-01-14 05:06:00,977 - 未找到预测 CSV 文件，等待 30 秒后重试...
2025-01-14 05:06:30,982 - 未找到预测 CSV 文件，等待 30 秒后重试...
2025-01-14 05:07:00,996 - 未找到预测 CSV 文件，等待 30 秒后重试...
2025-01-14 05:07:31,012 - 未找到预测 CSV 文件，等待 30 秒后重试...
2025-01-14 05:08:01,022 - 未找到预测 CSV 文件，等待 30 秒后重试...
2025-01-14 05:08:31,037 - 未找到预测 CSV 文件，等待 30 秒后重试...
2025-01-14 05:09:01,050 - 未找到预测 CSV 文件，等待 30 秒后重试...
2025-01-14 05:09:31,064 - 未找到预测 CSV 文件，等待 30 秒后重试...
2025-01-14 05:10:01,068 - 未找到预测 CSV 文件，等待 30 秒后重试...
2025-01-14 05:10:31,073 - 未找到预测 CSV 文件，等待 30 秒后重试...
2025-01-14 05:11:01,083 - 未找到预测 CSV 文件，等待 30 秒后重试...
2025-01-14 05:11:31,091 - 未找到预测 CSV 文件，等待 30 秒后重试...
2025-01-14 05:12:01,104 - 未找到预测 CSV 文件，等待 30 秒后重试...
2025-01-14 05:12:31,112 - 未找到预测 CSV 文件，等待 30 秒后重试...
2025-01-14 05:13:01,125 - 未找到预测 CSV 文件，等待 30 秒后重试...
2025-01-14 05:13:31,136 - 未找到预测 CSV 文件，等待 30 秒后重试...
2025-01-14 05:14:01,149 - 未找到预测 CSV 文件，等待 30 秒后重试...
2025-01-14 05:14:31,158 - 未找到预测 CSV 文件，等待 30 秒后重试...
2025-01-14 05:15:01,165 - 未找到预测 CSV 文件，等待 30 秒后重试...
2025-01-14 05:15:31,178 - 未找到预测 CSV 文件，等待 30 秒后重试...
2025-01-14 05:16:01,186 - 未找到预测 CSV 文件，等待 30 秒后重试...
2025-01-14 05:16:31,202 - 未找到预测 CSV 文件，等待 30 秒后重试...
2025-01-14 05:17:01,214 - 未找到预测 CSV 文件，等待 30 秒后重试...
2025-01-14 05:17:31,231 - 未找到预测 CSV 文件，等待 30 秒后重试...
2025-01-14 05:18:01,247 - 未找到预测 CSV 文件，等待 30 秒后重试...
2025-01-14 05:18:31,261 - 未找到预测 CSV 文件，等待 30 秒后重试...
2025-01-14 05:19:01,264 - 未找到预测 CSV 文件，等待 30 秒后重试...
2025-01-14 05:19:31,271 - 未找到预测 CSV 文件，等待 30 秒后重试...
2025-01-14 05:20:01,282 - 未找到预测 CSV 文件，等待 30 秒后重试...
2025-01-14 05:20:31,283 - 未找到预测 CSV 文件，等待 30 秒后重试...
2025-01-14 05:21:01,296 - 未找到预测 CSV 文件，等待 30 秒后重试...
2025-01-14 05:21:31,312 - 未找到预测 CSV 文件，等待 30 秒后重试...
2025-01-14 05:22:01,322 - 未找到预测 CSV 文件，等待 30 秒后重试...
2025-01-14 05:22:31,333 - 未找到预测 CSV 文件，等待 30 秒后重试...
2025-01-14 05:23:01,344 - 未找到预测 CSV 文件，等待 30 秒后重试...
2025-01-14 05:23:31,346 - 未找到预测 CSV 文件，等待 30 秒后重试...
2025-01-14 05:24:01,360 - 未找到预测 CSV 文件，等待 30 秒后重试...
2025-01-14 05:24:31,373 - 未找到预测 CSV 文件，等待 30 秒后重试...
2025-01-14 05:25:01,383 - 未找到预测 CSV 文件，等待 30 秒后重试...
2025-01-14 05:25:31,389 - 未找到预测 CSV 文件，等待 30 秒后重试...
2025-01-14 05:26:01,399 - 未找到预测 CSV 文件，等待 30 秒后重试...
2025-01-14 05:26:31,404 - 未找到预测 CSV 文件，等待 30 秒后重试...
2025-01-14 05:27:01,419 - 未找到预测 CSV 文件，等待 30 秒后重试...
2025-01-14 05:27:31,431 - 未找到预测 CSV 文件，等待 30 秒后重试...
2025-01-14 05:28:01,441 - 未找到预测 CSV 文件，等待 30 秒后重试...
2025-01-14 05:28:31,446 - 未找到预测 CSV 文件，等待 30 秒后重试...
2025-01-14 05:29:01,450 - 未找到预测 CSV 文件，等待 30 秒后重试...
2025-01-14 05:29:31,461 - 未找到预测 CSV 文件，等待 30 秒后重试...
2025-01-14 05:30:01,477 - 未找到预测 CSV 文件，等待 30 秒后重试...
2025-01-14 05:30:31,483 - 未找到预测 CSV 文件，等待 30 秒后重试...
2025-01-14 05:31:01,499 - 未找到预测 CSV 文件，等待 30 秒后重试...
2025-01-14 05:31:31,502 - 未找到预测 CSV 文件，等待 30 秒后重试...
2025-01-14 05:32:01,508 - 未找到预测 CSV 文件，等待 30 秒后重试...
2025-01-14 05:32:31,522 - 未找到预测 CSV 文件，等待 30 秒后重试...
2025-01-14 05:33:01,533 - 未找到预测 CSV 文件，等待 30 秒后重试...
2025-01-14 05:33:31,544 - 未找到预测 CSV 文件，等待 30 秒后重试...
2025-01-14 05:34:01,557 - 未找到预测 CSV 文件，等待 30 秒后重试...
2025-01-14 05:34:31,563 - 未找到预测 CSV 文件，等待 30 秒后重试...
2025-01-14 05:35:01,579 - 未找到预测 CSV 文件，等待 30 秒后重试...
2025-01-14 05:35:31,588 - 未找到预测 CSV 文件，等待 30 秒后重试...
2025-01-14 05:36:01,599 - 未找到预测 CSV 文件，等待 30 秒后重试...
2025-01-14 05:36:31,612 - 未找到预测 CSV 文件，等待 30 秒后重试...
2025-01-14 05:37:01,620 - 未找到预测 CSV 文件，等待 30 秒后重试...
2025-01-14 05:37:31,634 - 未找到预测 CSV 文件，等待 30 秒后重试...
2025-01-14 05:38:01,650 - 未找到预测 CSV 文件，等待 30 秒后重试...
2025-01-14 05:38:31,660 - 未找到预测 CSV 文件，等待 30 秒后重试...
2025-01-14 05:39:01,670 - 未找到预测 CSV 文件，等待 30 秒后重试...
2025-01-14 05:39:31,675 - 未找到预测 CSV 文件，等待 30 秒后重试...
2025-01-14 05:40:01,678 - 未找到预测 CSV 文件，等待 30 秒后重试...
2025-01-14 05:40:31,680 - 未找到预测 CSV 文件，等待 30 秒后重试...
2025-01-14 05:41:01,683 - 未找到预测 CSV 文件，等待 30 秒后重试...
2025-01-14 05:41:31,687 - 未找到预测 CSV 文件，等待 30 秒后重试...
2025-01-14 05:42:01,697 - 未找到预测 CSV 文件，等待 30 秒后重试...
2025-01-14 05:42:31,704 - 未找到预测 CSV 文件，等待 30 秒后重试...
2025-01-14 05:43:01,715 - 未找到预测 CSV 文件，等待 30 秒后重试...
2025-01-14 05:43:31,731 - 未找到预测 CSV 文件，等待 30 秒后重试...
2025-01-14 05:44:01,734 - 未找到预测 CSV 文件，等待 30 秒后重试...
2025-01-14 05:44:31,739 - 未找到预测 CSV 文件，等待 30 秒后重试...
2025-01-14 05:45:01,753 - 未找到预测 CSV 文件，等待 30 秒后重试...
2025-01-14 05:45:31,767 - 未找到预测 CSV 文件，等待 30 秒后重试...
2025-01-14 05:46:01,777 - 未找到预测 CSV 文件，等待 30 秒后重试...
2025-01-14 05:46:31,791 - 未找到预测 CSV 文件，等待 30 秒后重试...
2025-01-14 05:47:01,800 - 未找到预测 CSV 文件，等待 30 秒后重试...
2025-01-14 05:47:31,809 - 未找到预测 CSV 文件，等待 30 秒后重试...
2025-01-14 05:48:01,810 - 未找到预测 CSV 文件，等待 30 秒后重试...
2025-01-14 05:48:31,818 - 未找到预测 CSV 文件，等待 30 秒后重试...
2025-01-14 05:49:01,826 - 未找到预测 CSV 文件，等待 30 秒后重试...
2025-01-14 05:49:31,842 - 未找到预测 CSV 文件，等待 30 秒后重试...
2025-01-14 05:50:01,853 - 未找到预测 CSV 文件，等待 30 秒后重试...
2025-01-14 05:50:31,855 - 未找到预测 CSV 文件，等待 30 秒后重试...
2025-01-14 05:51:01,867 - 未找到预测 CSV 文件，等待 30 秒后重试...
2025-01-14 05:51:31,877 - 未找到预测 CSV 文件，等待 30 秒后重试...
2025-01-14 05:52:01,891 - 未找到预测 CSV 文件，等待 30 秒后重试...
2025-01-14 05:52:31,898 - 未找到预测 CSV 文件，等待 30 秒后重试...
2025-01-14 05:53:01,912 - 未找到预测 CSV 文件，等待 30 秒后重试...
2025-01-14 05:53:31,915 - 未找到预测 CSV 文件，等待 30 秒后重试...
2025-01-14 05:54:01,926 - 未找到预测 CSV 文件，等待 30 秒后重试...
2025-01-14 05:54:31,932 - 未找到预测 CSV 文件，等待 30 秒后重试...
2025-01-14 05:55:01,944 - 未找到预测 CSV 文件，等待 30 秒后重试...
2025-01-14 05:55:31,959 - 未找到预测 CSV 文件，等待 30 秒后重试...
2025-01-14 05:56:01,975 - 未找到预测 CSV 文件，等待 30 秒后重试...
2025-01-14 05:56:31,981 - 未找到预测 CSV 文件，等待 30 秒后重试...
2025-01-14 05:57:01,985 - 未找到预测 CSV 文件，等待 30 秒后重试...
2025-01-14 05:57:31,999 - 未找到预测 CSV 文件，等待 30 秒后重试...
2025-01-14 05:58:02,004 - 未找到预测 CSV 文件，等待 30 秒后重试...
2025-01-14 05:58:32,018 - 未找到预测 CSV 文件，等待 30 秒后重试...
2025-01-14 05:59:02,022 - 未找到预测 CSV 文件，等待 30 秒后重试...
2025-01-14 05:59:32,036 - 未找到预测 CSV 文件，等待 30 秒后重试...
2025-01-14 06:00:02,038 - 未找到预测 CSV 文件，等待 30 秒后重试...
2025-01-14 06:00:32,052 - 未找到预测 CSV 文件，等待 30 秒后重试...
2025-01-14 06:01:02,056 - 未找到预测 CSV 文件，等待 30 秒后重试...
2025-01-14 06:01:32,068 - 未找到预测 CSV 文件，等待 30 秒后重试...
2025-01-14 06:02:02,072 - 未找到预测 CSV 文件，等待 30 秒后重试...
2025-01-14 06:02:32,084 - 未找到预测 CSV 文件，等待 30 秒后重试...
2025-01-14 06:03:02,088 - 未找到预测 CSV 文件，等待 30 秒后重试...
2025-01-14 06:03:32,103 - 未找到预测 CSV 文件，等待 30 秒后重试...
2025-01-14 06:04:02,117 - 未找到预测 CSV 文件，等待 30 秒后重试...
2025-01-14 06:04:32,133 - 未找到预测 CSV 文件，等待 30 秒后重试...
2025-01-14 06:05:02,137 - 未找到预测 CSV 文件，等待 30 秒后重试...
2025-01-14 06:05:32,139 - 未找到预测 CSV 文件，等待 30 秒后重试...
2025-01-14 06:06:02,152 - 未找到预测 CSV 文件，等待 30 秒后重试...
2025-01-14 06:06:32,163 - 未找到预测 CSV 文件，等待 30 秒后重试...
2025-01-14 06:07:02,173 - 未找到预测 CSV 文件，等待 30 秒后重试...
2025-01-14 06:07:32,182 - 未找到预测 CSV 文件，等待 30 秒后重试...
2025-01-14 06:08:02,198 - 未找到预测 CSV 文件，等待 30 秒后重试...
2025-01-14 06:08:32,208 - 未找到预测 CSV 文件，等待 30 秒后重试...
2025-01-14 06:09:02,221 - 未找到预测 CSV 文件，等待 30 秒后重试...
2025-01-14 06:09:32,237 - 未找到预测 CSV 文件，等待 30 秒后重试...
2025-01-14 06:10:02,250 - 未找到预测 CSV 文件，等待 30 秒后重试...
2025-01-14 06:10:32,264 - 未找到预测 CSV 文件，等待 30 秒后重试...
2025-01-14 06:11:02,267 - 未找到预测 CSV 文件，等待 30 秒后重试...
2025-01-14 06:11:32,282 - 未找到预测 CSV 文件，等待 30 秒后重试...
2025-01-14 06:12:02,295 - 未找到预测 CSV 文件，等待 30 秒后重试...
2025-01-14 06:12:32,307 - 未找到预测 CSV 文件，等待 30 秒后重试...
2025-01-14 06:13:02,318 - 未找到预测 CSV 文件，等待 30 秒后重试...
2025-01-14 06:13:32,320 - 未找到预测 CSV 文件，等待 30 秒后重试...
2025-01-14 06:14:02,328 - 未找到预测 CSV 文件，等待 30 秒后重试...
2025-01-14 06:14:32,338 - 未找到预测 CSV 文件，等待 30 秒后重试...
2025-01-14 06:15:02,341 - 未找到预测 CSV 文件，等待 30 秒后重试...
2025-01-14 06:15:32,352 - 未找到预测 CSV 文件，等待 30 秒后重试...
2025-01-14 06:16:02,363 - 未找到预测 CSV 文件，等待 30 秒后重试...
2025-01-14 06:16:32,378 - 未找到预测 CSV 文件，等待 30 秒后重试...
2025-01-14 06:17:02,393 - 未找到预测 CSV 文件，等待 30 秒后重试...
2025-01-14 06:17:32,408 - 未找到预测 CSV 文件，等待 30 秒后重试...
2025-01-14 06:18:03,805 - 未找到预测 CSV 文件，等待 30 秒后重试...
2025-01-14 06:18:33,807 - 未找到预测 CSV 文件，等待 30 秒后重试...
2025-01-14 06:19:03,808 - 未找到预测 CSV 文件，等待 30 秒后重试...
2025-01-14 06:19:33,813 - 未找到预测 CSV 文件，等待 30 秒后重试...
2025-01-14 06:20:03,824 - 未找到预测 CSV 文件，等待 30 秒后重试...
2025-01-14 06:20:33,838 - 未找到预测 CSV 文件，等待 30 秒后重试...
2025-01-14 06:21:03,850 - 未找到预测 CSV 文件，等待 30 秒后重试...
2025-01-14 06:21:33,861 - 未找到预测 CSV 文件，等待 30 秒后重试...
2025-01-14 06:22:03,871 - 未找到预测 CSV 文件，等待 30 秒后重试...
2025-01-14 06:22:33,882 - 未找到预测 CSV 文件，等待 30 秒后重试...
2025-01-14 06:23:03,894 - 未找到预测 CSV 文件，等待 30 秒后重试...
2025-01-14 06:23:33,900 - 未找到预测 CSV 文件，等待 30 秒后重试...
2025-01-14 06:24:03,905 - 未找到预测 CSV 文件，等待 30 秒后重试...
2025-01-14 06:24:33,908 - 未找到预测 CSV 文件，等待 30 秒后重试...
2025-01-14 06:25:03,916 - 未找到预测 CSV 文件，等待 30 秒后重试...
2025-01-14 06:25:33,923 - 未找到预测 CSV 文件，等待 30 秒后重试...
2025-01-14 06:26:03,937 - 未找到预测 CSV 文件，等待 30 秒后重试...
2025-01-14 06:26:33,947 - 未找到预测 CSV 文件，等待 30 秒后重试...
2025-01-14 06:27:03,962 - 未找到预测 CSV 文件，等待 30 秒后重试...
2025-01-14 06:27:33,977 - 未找到预测 CSV 文件，等待 30 秒后重试...
2025-01-14 06:28:03,991 - 未找到预测 CSV 文件，等待 30 秒后重试...
2025-01-14 06:28:33,994 - 未找到预测 CSV 文件，等待 30 秒后重试...
2025-01-14 06:29:04,010 - 未找到预测 CSV 文件，等待 30 秒后重试...
2025-01-14 06:29:34,022 - 未找到预测 CSV 文件，等待 30 秒后重试...
2025-01-14 06:30:04,031 - 未找到预测 CSV 文件，等待 30 秒后重试...
2025-01-14 06:30:34,036 - 未找到预测 CSV 文件，等待 30 秒后重试...
2025-01-14 06:31:04,049 - 未找到预测 CSV 文件，等待 30 秒后重试...
2025-01-14 06:31:34,055 - 未找到预测 CSV 文件，等待 30 秒后重试...
2025-01-14 06:32:04,056 - 未找到预测 CSV 文件，等待 30 秒后重试...
2025-01-14 06:32:34,068 - 未找到预测 CSV 文件，等待 30 秒后重试...
2025-01-14 06:33:04,081 - 未找到预测 CSV 文件，等待 30 秒后重试...
2025-01-14 06:33:34,096 - 未找到预测 CSV 文件，等待 30 秒后重试...
2025-01-14 06:34:04,113 - 未找到预测 CSV 文件，等待 30 秒后重试...
2025-01-14 06:34:34,118 - 未找到预测 CSV 文件，等待 30 秒后重试...
2025-01-14 06:35:04,126 - 未找到预测 CSV 文件，等待 30 秒后重试...
2025-01-14 06:35:34,136 - 未找到预测 CSV 文件，等待 30 秒后重试...
2025-01-14 06:36:04,141 - 未找到预测 CSV 文件，等待 30 秒后重试...
2025-01-14 06:36:34,146 - 未找到预测 CSV 文件，等待 30 秒后重试...
2025-01-14 06:37:04,151 - 未找到预测 CSV 文件，等待 30 秒后重试...
2025-01-14 06:37:34,163 - 未找到预测 CSV 文件，等待 30 秒后重试...
2025-01-14 06:38:04,167 - 未找到预测 CSV 文件，等待 30 秒后重试...
2025-01-14 06:38:34,168 - 未找到预测 CSV 文件，等待 30 秒后重试...
2025-01-14 06:39:04,175 - 未找到预测 CSV 文件，等待 30 秒后重试...
2025-01-14 06:39:34,180 - 未找到预测 CSV 文件，等待 30 秒后重试...
2025-01-14 06:40:04,186 - 未找到预测 CSV 文件，等待 30 秒后重试...
2025-01-14 06:40:34,198 - 未找到预测 CSV 文件，等待 30 秒后重试...
2025-01-14 06:41:04,211 - 未找到预测 CSV 文件，等待 30 秒后重试...
2025-01-14 06:41:34,221 - 未找到预测 CSV 文件，等待 30 秒后重试...
2025-01-14 06:42:04,230 - 未找到预测 CSV 文件，等待 30 秒后重试...
2025-01-14 06:42:34,239 - 未找到预测 CSV 文件，等待 30 秒后重试...
2025-01-14 06:43:04,241 - 未找到预测 CSV 文件，等待 30 秒后重试...
2025-01-14 06:43:34,253 - 未找到预测 CSV 文件，等待 30 秒后重试...
2025-01-14 06:44:04,260 - 未找到预测 CSV 文件，等待 30 秒后重试...
2025-01-14 06:44:34,267 - 未找到预测 CSV 文件，等待 30 秒后重试...
2025-01-14 06:45:04,272 - 未找到预测 CSV 文件，等待 30 秒后重试...
2025-01-14 06:45:34,282 - 未找到预测 CSV 文件，等待 30 秒后重试...
2025-01-14 06:46:04,292 - 未找到预测 CSV 文件，等待 30 秒后重试...
2025-01-14 06:46:34,302 - 未找到预测 CSV 文件，等待 30 秒后重试...
2025-01-14 06:47:04,316 - 未找到预测 CSV 文件，等待 30 秒后重试...
2025-01-14 06:47:34,330 - 未找到预测 CSV 文件，等待 30 秒后重试...
2025-01-14 06:48:04,343 - 未找到预测 CSV 文件，等待 30 秒后重试...
2025-01-14 06:48:34,350 - 未找到预测 CSV 文件，等待 30 秒后重试...
2025-01-14 06:49:04,358 - 未找到预测 CSV 文件，等待 30 秒后重试...
2025-01-14 06:49:34,360 - 未找到预测 CSV 文件，等待 30 秒后重试...
2025-01-14 06:50:04,371 - 未找到预测 CSV 文件，等待 30 秒后重试...
2025-01-14 06:50:34,387 - 未找到预测 CSV 文件，等待 30 秒后重试...
2025-01-14 06:51:04,397 - 未找到预测 CSV 文件，等待 30 秒后重试...
2025-01-14 06:51:34,409 - 未找到预测 CSV 文件，等待 30 秒后重试...
2025-01-14 06:52:04,413 - 未找到预测 CSV 文件，等待 30 秒后重试...
2025-01-14 06:52:34,424 - 未找到预测 CSV 文件，等待 30 秒后重试...
2025-01-14 06:53:04,438 - 未找到预测 CSV 文件，等待 30 秒后重试...
2025-01-14 06:53:34,450 - 未找到预测 CSV 文件，等待 30 秒后重试...
2025-01-14 06:54:04,461 - 未找到预测 CSV 文件，等待 30 秒后重试...
2025-01-14 06:54:34,476 - 未找到预测 CSV 文件，等待 30 秒后重试...
2025-01-14 06:55:04,485 - 未找到预测 CSV 文件，等待 30 秒后重试...
2025-01-14 06:55:34,496 - 未找到预测 CSV 文件，等待 30 秒后重试...
2025-01-14 06:56:04,503 - 未找到预测 CSV 文件，等待 30 秒后重试...
2025-01-14 06:56:34,510 - 未找到预测 CSV 文件，等待 30 秒后重试...
2025-01-14 06:57:04,514 - 未找到预测 CSV 文件，等待 30 秒后重试...
2025-01-14 06:57:34,521 - 未找到预测 CSV 文件，等待 30 秒后重试...
2025-01-14 06:58:04,522 - 未找到预测 CSV 文件，等待 30 秒后重试...
2025-01-14 06:58:34,531 - 未找到预测 CSV 文件，等待 30 秒后重试...
2025-01-14 06:59:04,544 - 未找到预测 CSV 文件，等待 30 秒后重试...
2025-01-14 06:59:34,558 - 未找到预测 CSV 文件，等待 30 秒后重试...
2025-01-14 07:00:04,571 - 未找到预测 CSV 文件，等待 30 秒后重试...
2025-01-14 07:00:34,576 - 未找到预测 CSV 文件，等待 30 秒后重试...
2025-01-14 07:01:04,590 - 未找到预测 CSV 文件，等待 30 秒后重试...
2025-01-14 07:01:34,598 - 未找到预测 CSV 文件，等待 30 秒后重试...
2025-01-14 07:02:04,608 - 未找到预测 CSV 文件，等待 30 秒后重试...
2025-01-14 07:02:34,611 - 未找到预测 CSV 文件，等待 30 秒后重试...
2025-01-14 07:03:04,622 - 未找到预测 CSV 文件，等待 30 秒后重试...
2025-01-14 07:03:34,626 - 未找到预测 CSV 文件，等待 30 秒后重试...
2025-01-14 07:04:04,629 - 未找到预测 CSV 文件，等待 30 秒后重试...
2025-01-14 07:04:34,644 - 未找到预测 CSV 文件，等待 30 秒后重试...
2025-01-14 07:05:04,657 - 未找到预测 CSV 文件，等待 30 秒后重试...
2025-01-14 07:05:34,660 - 未找到预测 CSV 文件，等待 30 秒后重试...
2025-01-14 07:06:04,670 - 未找到预测 CSV 文件，等待 30 秒后重试...
2025-01-14 07:06:34,675 - 未找到预测 CSV 文件，等待 30 秒后重试...
2025-01-14 07:07:04,690 - 未找到预测 CSV 文件，等待 30 秒后重试...
2025-01-14 07:07:34,704 - 未找到预测 CSV 文件，等待 30 秒后重试...
2025-01-14 07:08:04,711 - 未找到预测 CSV 文件，等待 30 秒后重试...
2025-01-14 07:08:34,720 - 未找到预测 CSV 文件，等待 30 秒后重试...
2025-01-14 07:09:04,728 - 未找到预测 CSV 文件，等待 30 秒后重试...
2025-01-14 07:09:34,736 - 未找到预测 CSV 文件，等待 30 秒后重试...
2025-01-14 07:10:04,743 - 未找到预测 CSV 文件，等待 30 秒后重试...
2025-01-14 07:10:34,754 - 未找到预测 CSV 文件，等待 30 秒后重试...
2025-01-14 07:11:04,760 - 未找到预测 CSV 文件，等待 30 秒后重试...
2025-01-14 07:11:34,761 - 未找到预测 CSV 文件，等待 30 秒后重试...
2025-01-14 07:12:04,773 - 未找到预测 CSV 文件，等待 30 秒后重试...
2025-01-14 07:12:34,779 - 未找到预测 CSV 文件，等待 30 秒后重试...
2025-01-14 07:13:04,786 - 未找到预测 CSV 文件，等待 30 秒后重试...
2025-01-14 07:13:34,794 - 未找到预测 CSV 文件，等待 30 秒后重试...
2025-01-14 07:14:04,804 - 未找到预测 CSV 文件，等待 30 秒后重试...
2025-01-14 07:14:34,811 - 未找到预测 CSV 文件，等待 30 秒后重试...
2025-01-14 07:15:04,820 - 未找到预测 CSV 文件，等待 30 秒后重试...
2025-01-14 07:15:34,832 - 未找到预测 CSV 文件，等待 30 秒后重试...
2025-01-14 07:16:04,840 - 未找到预测 CSV 文件，等待 30 秒后重试...
2025-01-14 07:16:34,853 - 未找到预测 CSV 文件，等待 30 秒后重试...
2025-01-14 07:17:04,867 - 未找到预测 CSV 文件，等待 30 秒后重试...
2025-01-14 07:17:34,881 - 未找到预测 CSV 文件，等待 30 秒后重试...
2025-01-14 07:18:04,891 - 未找到预测 CSV 文件，等待 30 秒后重试...
2025-01-14 07:18:34,900 - 未找到预测 CSV 文件，等待 30 秒后重试...
2025-01-14 07:19:04,906 - 未找到预测 CSV 文件，等待 30 秒后重试...
2025-01-14 07:19:34,919 - 未找到预测 CSV 文件，等待 30 秒后重试...
2025-01-14 07:20:04,932 - 未找到预测 CSV 文件，等待 30 秒后重试...
2025-01-14 07:20:34,945 - 未找到预测 CSV 文件，等待 30 秒后重试...
2025-01-14 07:21:04,957 - 未找到预测 CSV 文件，等待 30 秒后重试...
2025-01-14 07:21:34,970 - 未找到预测 CSV 文件，等待 30 秒后重试...
2025-01-14 07:22:04,981 - 未找到预测 CSV 文件，等待 30 秒后重试...
2025-01-14 07:22:34,995 - 未找到预测 CSV 文件，等待 30 秒后重试...
2025-01-14 07:23:05,011 - 未找到预测 CSV 文件，等待 30 秒后重试...
2025-01-14 07:23:35,018 - 未找到预测 CSV 文件，等待 30 秒后重试...
2025-01-14 07:24:05,026 - 未找到预测 CSV 文件，等待 30 秒后重试...
2025-01-14 07:24:35,033 - 未找到预测 CSV 文件，等待 30 秒后重试...
2025-01-14 07:25:05,037 - 未找到预测 CSV 文件，等待 30 秒后重试...
2025-01-14 07:25:35,046 - 未找到预测 CSV 文件，等待 30 秒后重试...
2025-01-14 07:26:05,050 - 未找到预测 CSV 文件，等待 30 秒后重试...
2025-01-14 07:26:35,059 - 未找到预测 CSV 文件，等待 30 秒后重试...
2025-01-14 07:27:05,069 - 未找到预测 CSV 文件，等待 30 秒后重试...
2025-01-14 07:27:35,078 - 未找到预测 CSV 文件，等待 30 秒后重试...
2025-01-14 07:28:05,082 - 未找到预测 CSV 文件，等待 30 秒后重试...
2025-01-14 07:28:35,090 - 未找到预测 CSV 文件，等待 30 秒后重试...
2025-01-14 07:29:05,096 - 未找到预测 CSV 文件，等待 30 秒后重试...
2025-01-14 07:29:35,106 - 未找到预测 CSV 文件，等待 30 秒后重试...
2025-01-14 07:30:05,109 - 未找到预测 CSV 文件，等待 30 秒后重试...
2025-01-14 07:30:35,124 - 未找到预测 CSV 文件，等待 30 秒后重试...
2025-01-14 07:31:05,137 - 未找到预测 CSV 文件，等待 30 秒后重试...
2025-01-14 07:31:35,142 - 未找到预测 CSV 文件，等待 30 秒后重试...
2025-01-14 07:32:05,154 - 未找到预测 CSV 文件，等待 30 秒后重试...
2025-01-14 07:32:35,166 - 未找到预测 CSV 文件，等待 30 秒后重试...
2025-01-14 07:33:05,179 - 未找到预测 CSV 文件，等待 30 秒后重试...
2025-01-14 07:33:35,190 - 未找到预测 CSV 文件，等待 30 秒后重试...
2025-01-14 07:34:05,199 - 未找到预测 CSV 文件，等待 30 秒后重试...
2025-01-14 07:34:35,214 - 未找到预测 CSV 文件，等待 30 秒后重试...
2025-01-14 07:35:05,220 - 未找到预测 CSV 文件，等待 30 秒后重试...
2025-01-14 07:35:35,224 - 未找到预测 CSV 文件，等待 30 秒后重试...
2025-01-14 07:36:05,233 - 未找到预测 CSV 文件，等待 30 秒后重试...
2025-01-14 07:36:35,247 - 未找到预测 CSV 文件，等待 30 秒后重试...
2025-01-14 07:37:05,250 - 未找到预测 CSV 文件，等待 30 秒后重试...
2025-01-14 07:37:35,256 - 未找到预测 CSV 文件，等待 30 秒后重试...
2025-01-14 07:38:05,260 - 未找到预测 CSV 文件，等待 30 秒后重试...
2025-01-14 07:38:35,273 - 未找到预测 CSV 文件，等待 30 秒后重试...
2025-01-14 07:39:05,285 - 未找到预测 CSV 文件，等待 30 秒后重试...
2025-01-14 07:39:35,296 - 未找到预测 CSV 文件，等待 30 秒后重试...
2025-01-14 07:40:05,311 - 未找到预测 CSV 文件，等待 30 秒后重试...
2025-01-14 07:40:35,325 - 未找到预测 CSV 文件，等待 30 秒后重试...
2025-01-14 07:41:05,341 - 未找到预测 CSV 文件，等待 30 秒后重试...
2025-01-14 07:41:35,344 - 未找到预测 CSV 文件，等待 30 秒后重试...
2025-01-14 07:42:05,359 - 未找到预测 CSV 文件，等待 30 秒后重试...
2025-01-14 07:42:35,373 - 未找到预测 CSV 文件，等待 30 秒后重试...
2025-01-14 07:43:05,390 - 未找到预测 CSV 文件，等待 30 秒后重试...
2025-01-14 07:43:35,399 - 未找到预测 CSV 文件，等待 30 秒后重试...
2025-01-14 07:44:05,405 - 未找到预测 CSV 文件，等待 30 秒后重试...
2025-01-14 07:44:35,419 - 未找到预测 CSV 文件，等待 30 秒后重试...
2025-01-14 07:45:05,422 - 未找到预测 CSV 文件，等待 30 秒后重试...
2025-01-14 07:45:35,433 - 未找到预测 CSV 文件，等待 30 秒后重试...
2025-01-14 07:46:05,445 - 未找到预测 CSV 文件，等待 30 秒后重试...
2025-01-14 07:46:35,461 - 未找到预测 CSV 文件，等待 30 秒后重试...
2025-01-14 07:47:05,464 - 未找到预测 CSV 文件，等待 30 秒后重试...
2025-01-14 07:47:35,472 - 未找到预测 CSV 文件，等待 30 秒后重试...
2025-01-14 07:48:05,485 - 未找到预测 CSV 文件，等待 30 秒后重试...
2025-01-14 07:48:35,487 - 未找到预测 CSV 文件，等待 30 秒后重试...
2025-01-14 07:49:05,490 - 未找到预测 CSV 文件，等待 30 秒后重试...
2025-01-14 07:49:35,498 - 未找到预测 CSV 文件，等待 30 秒后重试...
2025-01-14 07:50:05,505 - 未找到预测 CSV 文件，等待 30 秒后重试...
2025-01-14 07:50:35,512 - 未找到预测 CSV 文件，等待 30 秒后重试...
2025-01-14 07:51:05,527 - 未找到预测 CSV 文件，等待 30 秒后重试...
2025-01-14 07:51:35,543 - 未找到预测 CSV 文件，等待 30 秒后重试...
2025-01-14 07:52:05,557 - 未找到预测 CSV 文件，等待 30 秒后重试...
2025-01-14 07:52:35,564 - 未找到预测 CSV 文件，等待 30 秒后重试...
2025-01-14 07:53:05,567 - 未找到预测 CSV 文件，等待 30 秒后重试...
2025-01-14 07:53:35,575 - 未找到预测 CSV 文件，等待 30 秒后重试...
2025-01-14 07:54:05,592 - 未找到预测 CSV 文件，等待 30 秒后重试...
2025-01-14 07:54:35,594 - 未找到预测 CSV 文件，等待 30 秒后重试...
2025-01-14 07:55:05,596 - 未找到预测 CSV 文件，等待 30 秒后重试...
2025-01-14 07:55:35,605 - 未找到预测 CSV 文件，等待 30 秒后重试...
2025-01-14 07:56:05,610 - 未找到预测 CSV 文件，等待 30 秒后重试...
2025-01-14 07:56:35,617 - 未找到预测 CSV 文件，等待 30 秒后重试...
2025-01-14 07:57:05,630 - 未找到预测 CSV 文件，等待 30 秒后重试...
2025-01-14 07:57:35,637 - 未找到预测 CSV 文件，等待 30 秒后重试...
2025-01-14 07:58:05,642 - 未找到预测 CSV 文件，等待 30 秒后重试...
2025-01-14 07:58:35,657 - 未找到预测 CSV 文件，等待 30 秒后重试...
2025-01-14 07:59:05,672 - 未找到预测 CSV 文件，等待 30 秒后重试...
2025-01-14 07:59:35,683 - 未找到预测 CSV 文件，等待 30 秒后重试...
2025-01-14 08:00:05,695 - 未找到预测 CSV 文件，等待 30 秒后重试...
2025-01-14 08:00:35,709 - 未找到预测 CSV 文件，等待 30 秒后重试...
2025-01-14 08:01:05,716 - 未找到预测 CSV 文件，等待 30 秒后重试...
2025-01-14 08:01:35,731 - 未找到预测 CSV 文件，等待 30 秒后重试...
2025-01-14 08:02:05,743 - 未找到预测 CSV 文件，等待 30 秒后重试...
2025-01-14 08:02:35,754 - 未找到预测 CSV 文件，等待 30 秒后重试...
2025-01-14 08:03:05,755 - 未找到预测 CSV 文件，等待 30 秒后重试...
2025-01-14 08:03:35,768 - 未找到预测 CSV 文件，等待 30 秒后重试...
2025-01-14 08:04:05,780 - 未找到预测 CSV 文件，等待 30 秒后重试...
2025-01-14 08:04:35,787 - 未找到预测 CSV 文件，等待 30 秒后重试...
2025-01-14 08:05:05,803 - 未找到预测 CSV 文件，等待 30 秒后重试...
2025-01-14 08:05:35,812 - 未找到预测 CSV 文件，等待 30 秒后重试...
2025-01-14 08:06:05,825 - 未找到预测 CSV 文件，等待 30 秒后重试...
2025-01-14 08:06:35,831 - 未找到预测 CSV 文件，等待 30 秒后重试...
2025-01-14 08:07:05,846 - 未找到预测 CSV 文件，等待 30 秒后重试...
2025-01-14 08:07:35,852 - 未找到预测 CSV 文件，等待 30 秒后重试...
2025-01-14 08:08:05,865 - 未找到预测 CSV 文件，等待 30 秒后重试...
2025-01-14 08:08:35,878 - 未找到预测 CSV 文件，等待 30 秒后重试...
2025-01-14 08:09:05,891 - 未找到预测 CSV 文件，等待 30 秒后重试...
2025-01-14 08:09:35,900 - 未找到预测 CSV 文件，等待 30 秒后重试...
2025-01-14 08:10:05,908 - 未找到预测 CSV 文件，等待 30 秒后重试...
2025-01-14 08:10:35,919 - 未找到预测 CSV 文件，等待 30 秒后重试...
2025-01-14 08:11:05,934 - 未找到预测 CSV 文件，等待 30 秒后重试...
2025-01-14 08:11:35,941 - 未找到预测 CSV 文件，等待 30 秒后重试...
2025-01-14 08:12:05,957 - 未找到预测 CSV 文件，等待 30 秒后重试...
2025-01-14 08:12:35,962 - 未找到预测 CSV 文件，等待 30 秒后重试...
2025-01-14 08:13:05,966 - 未找到预测 CSV 文件，等待 30 秒后重试...
2025-01-14 08:13:35,968 - 未找到预测 CSV 文件，等待 30 秒后重试...
2025-01-14 08:14:05,984 - 未找到预测 CSV 文件，等待 30 秒后重试...
2025-01-14 08:14:35,995 - 未找到预测 CSV 文件，等待 30 秒后重试...
2025-01-14 08:15:06,009 - 未找到预测 CSV 文件，等待 30 秒后重试...
2025-01-14 08:15:36,014 - 未找到预测 CSV 文件，等待 30 秒后重试...
2025-01-14 08:16:06,031 - 未找到预测 CSV 文件，等待 30 秒后重试...
2025-01-14 08:16:36,037 - 未找到预测 CSV 文件，等待 30 秒后重试...
2025-01-14 08:17:06,042 - 未找到预测 CSV 文件，等待 30 秒后重试...
2025-01-14 08:17:36,059 - 未找到预测 CSV 文件，等待 30 秒后重试...
2025-01-14 08:18:06,066 - 未找到预测 CSV 文件，等待 30 秒后重试...
2025-01-14 08:18:36,074 - 未找到预测 CSV 文件，等待 30 秒后重试...
2025-01-14 08:19:06,090 - 未找到预测 CSV 文件，等待 30 秒后重试...
2025-01-14 08:19:36,103 - 未找到预测 CSV 文件，等待 30 秒后重试...
2025-01-14 08:20:06,109 - 未找到预测 CSV 文件，等待 30 秒后重试...
2025-01-14 08:20:36,119 - 未找到预测 CSV 文件，等待 30 秒后重试...
2025-01-14 08:21:06,130 - 未找到预测 CSV 文件，等待 30 秒后重试...
2025-01-14 08:21:36,141 - 未找到预测 CSV 文件，等待 30 秒后重试...
2025-01-14 08:22:06,148 - 未找到预测 CSV 文件，等待 30 秒后重试...
2025-01-14 08:22:36,152 - 未找到预测 CSV 文件，等待 30 秒后重试...
2025-01-14 08:23:06,161 - 未找到预测 CSV 文件，等待 30 秒后重试...
2025-01-14 08:23:36,170 - 未找到预测 CSV 文件，等待 30 秒后重试...
2025-01-14 08:24:06,181 - 未找到预测 CSV 文件，等待 30 秒后重试...
2025-01-14 08:24:36,188 - 未找到预测 CSV 文件，等待 30 秒后重试...
2025-01-14 08:25:06,195 - 未找到预测 CSV 文件，等待 30 秒后重试...
2025-01-14 08:25:36,199 - 未找到预测 CSV 文件，等待 30 秒后重试...
2025-01-14 08:26:06,208 - 未找到预测 CSV 文件，等待 30 秒后重试...
2025-01-14 08:26:36,220 - 未找到预测 CSV 文件，等待 30 秒后重试...
2025-01-14 08:27:06,222 - 未找到预测 CSV 文件，等待 30 秒后重试...
2025-01-14 08:27:36,231 - 未找到预测 CSV 文件，等待 30 秒后重试...
2025-01-14 08:28:06,240 - 未找到预测 CSV 文件，等待 30 秒后重试...
2025-01-14 08:28:36,248 - 未找到预测 CSV 文件，等待 30 秒后重试...
2025-01-14 08:29:06,257 - 未找到预测 CSV 文件，等待 30 秒后重试...
2025-01-14 08:29:36,270 - 未找到预测 CSV 文件，等待 30 秒后重试...
2025-01-14 08:30:06,276 - 发现新的预测文件：D:\my-vue-project\wind-power-forecast\backend\auto_scripts\precsv\shortcsv\20250114.csv，执行预测...
2025-01-14 08:30:06,367 - 今天的训练和预测任务已完成。
