2025-01-19 01:00:22,110 - 今天的日期是: 20250119
2025-01-19 01:00:22,111 - 开始监视 D:\my-vue-project\wind-power-forecast\backend\auto_scripts\dataset\dataset_short 文件夹以进行训练...
2025-01-19 01:00:22,111 - 开始监视 D:\my-vue-project\wind-power-forecast\backend\auto_scripts\precsv\shortcsv 文件夹以进行预测...
2025-01-19 01:00:22,111 - 发现新的训练文件：D:\my-vue-project\wind-power-forecast\backend\auto_scripts\dataset\dataset_short\20250119.csv，执行训练...
2025-01-19 01:00:22,112 - 输出结果将保存到: D:\my-vue-project\wind-power-forecast\backend\auto_scripts\train_predictions\short_predictions
2025-01-19 01:00:22,112 - 未有可用模型，等待模型训练完成...
2025-01-19 01:00:23,316 - 数据加载与预处理完成
2025-01-19 01:00:23,668 - 数据标准化完成
2025-01-19 01:00:24,480 - 创建时间窗口完成
2025-01-19 01:00:24,480 - 获取模型参数完成
2025-01-19 01:00:52,138 - 未有可用模型，等待模型训练完成...
2025-01-19 01:01:22,153 - 未有可用模型，等待模型训练完成...
2025-01-19 01:01:52,160 - 未有可用模型，等待模型训练完成...
2025-01-19 01:02:22,163 - 未有可用模型，等待模型训练完成...
2025-01-19 01:02:52,191 - 未有可用模型，等待模型训练完成...
2025-01-19 01:03:22,208 - 未有可用模型，等待模型训练完成...
2025-01-19 01:03:52,219 - 未有可用模型，等待模型训练完成...
2025-01-19 01:04:22,220 - 未有可用模型，等待模型训练完成...
2025-01-19 01:04:52,234 - 未有可用模型，等待模型训练完成...
2025-01-19 01:05:22,242 - 未有可用模型，等待模型训练完成...
2025-01-19 01:05:49,138 - 训练与评估完成
2025-01-19 01:05:49,169 - 保存预测结果完成
2025-01-19 01:05:49,472 - 可视化结果完成
2025-01-19 01:05:49,675 - 模型已成功保存到 D:\my-vue-project\wind-power-forecast\backend\auto_scripts\models\shortmodel\20250119，模型可用。
2025-01-19 01:05:52,247 - 未找到预测 CSV 文件，等待 30 秒后重试...
2025-01-19 01:06:22,264 - 未找到预测 CSV 文件，等待 30 秒后重试...
2025-01-19 01:06:52,275 - 未找到预测 CSV 文件，等待 30 秒后重试...
2025-01-19 01:07:22,276 - 未找到预测 CSV 文件，等待 30 秒后重试...
2025-01-19 01:07:52,289 - 未找到预测 CSV 文件，等待 30 秒后重试...
2025-01-19 01:08:22,298 - 未找到预测 CSV 文件，等待 30 秒后重试...
2025-01-19 01:08:52,305 - 未找到预测 CSV 文件，等待 30 秒后重试...
2025-01-19 01:09:22,321 - 未找到预测 CSV 文件，等待 30 秒后重试...
2025-01-19 01:09:52,339 - 未找到预测 CSV 文件，等待 30 秒后重试...
2025-01-19 01:10:22,352 - 未找到预测 CSV 文件，等待 30 秒后重试...
2025-01-19 01:10:52,362 - 未找到预测 CSV 文件，等待 30 秒后重试...
2025-01-19 01:11:22,373 - 未找到预测 CSV 文件，等待 30 秒后重试...
2025-01-19 01:11:52,388 - 未找到预测 CSV 文件，等待 30 秒后重试...
2025-01-19 01:12:22,396 - 未找到预测 CSV 文件，等待 30 秒后重试...
2025-01-19 01:12:52,402 - 未找到预测 CSV 文件，等待 30 秒后重试...
2025-01-19 01:13:22,413 - 未找到预测 CSV 文件，等待 30 秒后重试...
2025-01-19 01:13:52,424 - 未找到预测 CSV 文件，等待 30 秒后重试...
2025-01-19 01:14:22,437 - 未找到预测 CSV 文件，等待 30 秒后重试...
2025-01-19 01:14:52,450 - 未找到预测 CSV 文件，等待 30 秒后重试...
2025-01-19 01:15:22,463 - 未找到预测 CSV 文件，等待 30 秒后重试...
2025-01-19 01:15:52,467 - 未找到预测 CSV 文件，等待 30 秒后重试...
2025-01-19 01:16:22,478 - 未找到预测 CSV 文件，等待 30 秒后重试...
2025-01-19 01:16:52,494 - 未找到预测 CSV 文件，等待 30 秒后重试...
2025-01-19 01:17:22,509 - 未找到预测 CSV 文件，等待 30 秒后重试...
2025-01-19 01:17:52,522 - 未找到预测 CSV 文件，等待 30 秒后重试...
2025-01-19 01:18:22,538 - 未找到预测 CSV 文件，等待 30 秒后重试...
2025-01-19 01:18:52,542 - 未找到预测 CSV 文件，等待 30 秒后重试...
2025-01-19 01:19:22,547 - 未找到预测 CSV 文件，等待 30 秒后重试...
2025-01-19 01:19:52,560 - 未找到预测 CSV 文件，等待 30 秒后重试...
2025-01-19 01:20:22,571 - 未找到预测 CSV 文件，等待 30 秒后重试...
2025-01-19 01:20:52,575 - 未找到预测 CSV 文件，等待 30 秒后重试...
2025-01-19 01:21:22,590 - 未找到预测 CSV 文件，等待 30 秒后重试...
2025-01-19 01:21:52,598 - 未找到预测 CSV 文件，等待 30 秒后重试...
2025-01-19 01:22:22,604 - 未找到预测 CSV 文件，等待 30 秒后重试...
2025-01-19 01:22:52,616 - 未找到预测 CSV 文件，等待 30 秒后重试...
2025-01-19 01:23:22,620 - 未找到预测 CSV 文件，等待 30 秒后重试...
2025-01-19 01:23:52,637 - 未找到预测 CSV 文件，等待 30 秒后重试...
2025-01-19 01:24:22,649 - 未找到预测 CSV 文件，等待 30 秒后重试...
2025-01-19 01:24:52,651 - 未找到预测 CSV 文件，等待 30 秒后重试...
2025-01-19 01:25:22,665 - 未找到预测 CSV 文件，等待 30 秒后重试...
2025-01-19 01:25:52,680 - 未找到预测 CSV 文件，等待 30 秒后重试...
2025-01-19 01:26:22,694 - 未找到预测 CSV 文件，等待 30 秒后重试...
2025-01-19 01:26:52,695 - 未找到预测 CSV 文件，等待 30 秒后重试...
2025-01-19 01:27:22,699 - 未找到预测 CSV 文件，等待 30 秒后重试...
2025-01-19 01:27:52,708 - 未找到预测 CSV 文件，等待 30 秒后重试...
2025-01-19 01:28:22,714 - 未找到预测 CSV 文件，等待 30 秒后重试...
2025-01-19 01:28:52,724 - 未找到预测 CSV 文件，等待 30 秒后重试...
2025-01-19 01:29:22,726 - 未找到预测 CSV 文件，等待 30 秒后重试...
2025-01-19 01:29:52,738 - 未找到预测 CSV 文件，等待 30 秒后重试...
2025-01-19 01:30:22,746 - 未找到预测 CSV 文件，等待 30 秒后重试...
2025-01-19 01:30:52,762 - 未找到预测 CSV 文件，等待 30 秒后重试...
2025-01-19 01:31:22,768 - 未找到预测 CSV 文件，等待 30 秒后重试...
2025-01-19 01:31:52,772 - 未找到预测 CSV 文件，等待 30 秒后重试...
2025-01-19 01:32:22,776 - 未找到预测 CSV 文件，等待 30 秒后重试...
2025-01-19 01:32:52,781 - 未找到预测 CSV 文件，等待 30 秒后重试...
2025-01-19 01:33:22,787 - 未找到预测 CSV 文件，等待 30 秒后重试...
2025-01-19 01:33:52,792 - 未找到预测 CSV 文件，等待 30 秒后重试...
2025-01-19 01:34:22,803 - 未找到预测 CSV 文件，等待 30 秒后重试...
2025-01-19 01:34:52,820 - 未找到预测 CSV 文件，等待 30 秒后重试...
2025-01-19 01:35:22,838 - 未找到预测 CSV 文件，等待 30 秒后重试...
2025-01-19 01:35:52,856 - 未找到预测 CSV 文件，等待 30 秒后重试...
2025-01-19 01:36:22,867 - 未找到预测 CSV 文件，等待 30 秒后重试...
2025-01-19 01:36:52,876 - 未找到预测 CSV 文件，等待 30 秒后重试...
2025-01-19 01:37:22,886 - 未找到预测 CSV 文件，等待 30 秒后重试...
2025-01-19 01:37:52,894 - 未找到预测 CSV 文件，等待 30 秒后重试...
2025-01-19 01:38:22,909 - 未找到预测 CSV 文件，等待 30 秒后重试...
2025-01-19 01:38:52,918 - 未找到预测 CSV 文件，等待 30 秒后重试...
2025-01-19 01:39:22,924 - 未找到预测 CSV 文件，等待 30 秒后重试...
2025-01-19 01:39:52,928 - 未找到预测 CSV 文件，等待 30 秒后重试...
2025-01-19 01:40:22,939 - 未找到预测 CSV 文件，等待 30 秒后重试...
2025-01-19 01:40:52,946 - 未找到预测 CSV 文件，等待 30 秒后重试...
2025-01-19 01:41:22,961 - 未找到预测 CSV 文件，等待 30 秒后重试...
2025-01-19 01:41:52,976 - 未找到预测 CSV 文件，等待 30 秒后重试...
2025-01-19 01:42:22,985 - 未找到预测 CSV 文件，等待 30 秒后重试...
2025-01-19 01:42:52,990 - 未找到预测 CSV 文件，等待 30 秒后重试...
2025-01-19 01:43:23,001 - 未找到预测 CSV 文件，等待 30 秒后重试...
2025-01-19 01:43:53,011 - 未找到预测 CSV 文件，等待 30 秒后重试...
2025-01-19 01:44:23,026 - 未找到预测 CSV 文件，等待 30 秒后重试...
2025-01-19 01:44:53,041 - 未找到预测 CSV 文件，等待 30 秒后重试...
2025-01-19 01:45:23,052 - 未找到预测 CSV 文件，等待 30 秒后重试...
2025-01-19 01:45:53,055 - 未找到预测 CSV 文件，等待 30 秒后重试...
2025-01-19 01:46:23,067 - 未找到预测 CSV 文件，等待 30 秒后重试...
2025-01-19 01:46:53,075 - 未找到预测 CSV 文件，等待 30 秒后重试...
2025-01-19 01:47:23,087 - 未找到预测 CSV 文件，等待 30 秒后重试...
2025-01-19 01:47:53,090 - 未找到预测 CSV 文件，等待 30 秒后重试...
2025-01-19 01:48:23,103 - 未找到预测 CSV 文件，等待 30 秒后重试...
2025-01-19 01:48:53,111 - 未找到预测 CSV 文件，等待 30 秒后重试...
2025-01-19 01:49:23,125 - 未找到预测 CSV 文件，等待 30 秒后重试...
2025-01-19 01:49:53,135 - 未找到预测 CSV 文件，等待 30 秒后重试...
2025-01-19 01:50:23,140 - 未找到预测 CSV 文件，等待 30 秒后重试...
2025-01-19 01:50:53,142 - 未找到预测 CSV 文件，等待 30 秒后重试...
2025-01-19 01:51:23,149 - 未找到预测 CSV 文件，等待 30 秒后重试...
2025-01-19 01:51:53,152 - 未找到预测 CSV 文件，等待 30 秒后重试...
2025-01-19 01:52:23,168 - 未找到预测 CSV 文件，等待 30 秒后重试...
2025-01-19 01:52:53,181 - 未找到预测 CSV 文件，等待 30 秒后重试...
2025-01-19 01:53:23,198 - 未找到预测 CSV 文件，等待 30 秒后重试...
2025-01-19 01:53:53,207 - 未找到预测 CSV 文件，等待 30 秒后重试...
2025-01-19 01:54:23,223 - 未找到预测 CSV 文件，等待 30 秒后重试...
2025-01-19 01:54:53,230 - 未找到预测 CSV 文件，等待 30 秒后重试...
2025-01-19 01:55:23,235 - 未找到预测 CSV 文件，等待 30 秒后重试...
2025-01-19 01:55:53,251 - 未找到预测 CSV 文件，等待 30 秒后重试...
2025-01-19 01:56:23,264 - 未找到预测 CSV 文件，等待 30 秒后重试...
2025-01-19 01:56:53,275 - 未找到预测 CSV 文件，等待 30 秒后重试...
2025-01-19 01:57:23,281 - 未找到预测 CSV 文件，等待 30 秒后重试...
2025-01-19 01:57:53,286 - 未找到预测 CSV 文件，等待 30 秒后重试...
2025-01-19 01:58:23,288 - 未找到预测 CSV 文件，等待 30 秒后重试...
2025-01-19 01:58:53,296 - 未找到预测 CSV 文件，等待 30 秒后重试...
2025-01-19 01:59:23,302 - 未找到预测 CSV 文件，等待 30 秒后重试...
2025-01-19 01:59:53,313 - 未找到预测 CSV 文件，等待 30 秒后重试...
2025-01-19 02:00:23,322 - 未找到预测 CSV 文件，等待 30 秒后重试...
2025-01-19 02:00:53,332 - 未找到预测 CSV 文件，等待 30 秒后重试...
2025-01-19 02:01:23,341 - 未找到预测 CSV 文件，等待 30 秒后重试...
2025-01-19 02:01:53,357 - 未找到预测 CSV 文件，等待 30 秒后重试...
2025-01-19 02:02:23,363 - 未找到预测 CSV 文件，等待 30 秒后重试...
2025-01-19 02:02:53,367 - 未找到预测 CSV 文件，等待 30 秒后重试...
2025-01-19 02:03:23,374 - 未找到预测 CSV 文件，等待 30 秒后重试...
2025-01-19 02:03:53,383 - 未找到预测 CSV 文件，等待 30 秒后重试...
2025-01-19 02:04:23,386 - 未找到预测 CSV 文件，等待 30 秒后重试...
2025-01-19 02:04:53,388 - 未找到预测 CSV 文件，等待 30 秒后重试...
2025-01-19 02:05:23,398 - 未找到预测 CSV 文件，等待 30 秒后重试...
2025-01-19 02:05:53,412 - 未找到预测 CSV 文件，等待 30 秒后重试...
2025-01-19 02:06:23,420 - 未找到预测 CSV 文件，等待 30 秒后重试...
2025-01-19 02:06:53,432 - 未找到预测 CSV 文件，等待 30 秒后重试...
2025-01-19 02:07:23,444 - 未找到预测 CSV 文件，等待 30 秒后重试...
2025-01-19 02:07:53,451 - 未找到预测 CSV 文件，等待 30 秒后重试...
2025-01-19 02:08:23,463 - 未找到预测 CSV 文件，等待 30 秒后重试...
2025-01-19 02:08:53,478 - 未找到预测 CSV 文件，等待 30 秒后重试...
2025-01-19 02:09:23,495 - 未找到预测 CSV 文件，等待 30 秒后重试...
2025-01-19 02:09:53,507 - 未找到预测 CSV 文件，等待 30 秒后重试...
2025-01-19 02:10:23,522 - 未找到预测 CSV 文件，等待 30 秒后重试...
2025-01-19 02:10:53,532 - 未找到预测 CSV 文件，等待 30 秒后重试...
2025-01-19 02:11:23,546 - 未找到预测 CSV 文件，等待 30 秒后重试...
2025-01-19 02:11:53,553 - 未找到预测 CSV 文件，等待 30 秒后重试...
2025-01-19 02:12:23,570 - 未找到预测 CSV 文件，等待 30 秒后重试...
2025-01-19 02:12:53,579 - 未找到预测 CSV 文件，等待 30 秒后重试...
2025-01-19 02:13:23,584 - 未找到预测 CSV 文件，等待 30 秒后重试...
2025-01-19 02:13:53,586 - 未找到预测 CSV 文件，等待 30 秒后重试...
2025-01-19 02:14:23,593 - 未找到预测 CSV 文件，等待 30 秒后重试...
2025-01-19 02:14:53,597 - 未找到预测 CSV 文件，等待 30 秒后重试...
2025-01-19 02:15:23,607 - 未找到预测 CSV 文件，等待 30 秒后重试...
2025-01-19 02:15:53,618 - 未找到预测 CSV 文件，等待 30 秒后重试...
2025-01-19 02:16:23,622 - 未找到预测 CSV 文件，等待 30 秒后重试...
2025-01-19 02:16:53,637 - 未找到预测 CSV 文件，等待 30 秒后重试...
2025-01-19 02:17:23,641 - 未找到预测 CSV 文件，等待 30 秒后重试...
2025-01-19 02:17:53,649 - 未找到预测 CSV 文件，等待 30 秒后重试...
2025-01-19 02:18:23,655 - 未找到预测 CSV 文件，等待 30 秒后重试...
2025-01-19 02:18:53,666 - 未找到预测 CSV 文件，等待 30 秒后重试...
2025-01-19 02:19:23,673 - 未找到预测 CSV 文件，等待 30 秒后重试...
2025-01-19 02:19:53,681 - 未找到预测 CSV 文件，等待 30 秒后重试...
2025-01-19 02:20:23,689 - 未找到预测 CSV 文件，等待 30 秒后重试...
2025-01-19 02:20:53,701 - 未找到预测 CSV 文件，等待 30 秒后重试...
2025-01-19 02:21:23,717 - 未找到预测 CSV 文件，等待 30 秒后重试...
2025-01-19 02:21:53,726 - 未找到预测 CSV 文件，等待 30 秒后重试...
2025-01-19 02:22:23,741 - 未找到预测 CSV 文件，等待 30 秒后重试...
2025-01-19 02:22:53,752 - 未找到预测 CSV 文件，等待 30 秒后重试...
2025-01-19 02:23:23,768 - 未找到预测 CSV 文件，等待 30 秒后重试...
2025-01-19 02:23:53,770 - 未找到预测 CSV 文件，等待 30 秒后重试...
2025-01-19 02:24:23,779 - 未找到预测 CSV 文件，等待 30 秒后重试...
2025-01-19 02:24:53,787 - 未找到预测 CSV 文件，等待 30 秒后重试...
2025-01-19 02:25:23,805 - 未找到预测 CSV 文件，等待 30 秒后重试...
2025-01-19 02:25:53,821 - 未找到预测 CSV 文件，等待 30 秒后重试...
2025-01-19 02:26:23,832 - 未找到预测 CSV 文件，等待 30 秒后重试...
2025-01-19 02:26:53,842 - 未找到预测 CSV 文件，等待 30 秒后重试...
2025-01-19 02:27:23,859 - 未找到预测 CSV 文件，等待 30 秒后重试...
2025-01-19 02:27:53,863 - 未找到预测 CSV 文件，等待 30 秒后重试...
2025-01-19 02:28:23,875 - 未找到预测 CSV 文件，等待 30 秒后重试...
2025-01-19 02:28:53,888 - 未找到预测 CSV 文件，等待 30 秒后重试...
2025-01-19 02:29:23,896 - 未找到预测 CSV 文件，等待 30 秒后重试...
2025-01-19 02:29:53,910 - 未找到预测 CSV 文件，等待 30 秒后重试...
2025-01-19 02:30:23,915 - 未找到预测 CSV 文件，等待 30 秒后重试...
2025-01-19 02:30:53,919 - 未找到预测 CSV 文件，等待 30 秒后重试...
2025-01-19 02:31:23,933 - 未找到预测 CSV 文件，等待 30 秒后重试...
2025-01-19 02:31:53,938 - 未找到预测 CSV 文件，等待 30 秒后重试...
2025-01-19 02:32:23,951 - 未找到预测 CSV 文件，等待 30 秒后重试...
2025-01-19 02:32:53,953 - 未找到预测 CSV 文件，等待 30 秒后重试...
2025-01-19 02:33:23,969 - 未找到预测 CSV 文件，等待 30 秒后重试...
2025-01-19 02:33:53,976 - 未找到预测 CSV 文件，等待 30 秒后重试...
2025-01-19 02:34:23,990 - 未找到预测 CSV 文件，等待 30 秒后重试...
2025-01-19 02:34:54,006 - 未找到预测 CSV 文件，等待 30 秒后重试...
2025-01-19 02:35:24,016 - 未找到预测 CSV 文件，等待 30 秒后重试...
2025-01-19 02:35:54,025 - 未找到预测 CSV 文件，等待 30 秒后重试...
2025-01-19 02:36:24,041 - 未找到预测 CSV 文件，等待 30 秒后重试...
2025-01-19 02:36:54,045 - 未找到预测 CSV 文件，等待 30 秒后重试...
2025-01-19 02:37:24,051 - 未找到预测 CSV 文件，等待 30 秒后重试...
2025-01-19 02:37:54,053 - 未找到预测 CSV 文件，等待 30 秒后重试...
2025-01-19 02:38:24,067 - 未找到预测 CSV 文件，等待 30 秒后重试...
2025-01-19 02:38:54,075 - 未找到预测 CSV 文件，等待 30 秒后重试...
2025-01-19 02:39:24,087 - 未找到预测 CSV 文件，等待 30 秒后重试...
2025-01-19 02:39:54,095 - 未找到预测 CSV 文件，等待 30 秒后重试...
2025-01-19 02:40:24,100 - 未找到预测 CSV 文件，等待 30 秒后重试...
2025-01-19 02:40:54,106 - 未找到预测 CSV 文件，等待 30 秒后重试...
2025-01-19 02:41:24,118 - 未找到预测 CSV 文件，等待 30 秒后重试...
2025-01-19 02:41:54,128 - 未找到预测 CSV 文件，等待 30 秒后重试...
2025-01-19 02:42:24,132 - 未找到预测 CSV 文件，等待 30 秒后重试...
2025-01-19 02:42:54,134 - 未找到预测 CSV 文件，等待 30 秒后重试...
2025-01-19 02:43:24,143 - 未找到预测 CSV 文件，等待 30 秒后重试...
2025-01-19 02:43:54,150 - 未找到预测 CSV 文件，等待 30 秒后重试...
2025-01-19 02:44:24,153 - 未找到预测 CSV 文件，等待 30 秒后重试...
2025-01-19 02:44:54,159 - 未找到预测 CSV 文件，等待 30 秒后重试...
2025-01-19 02:45:24,163 - 未找到预测 CSV 文件，等待 30 秒后重试...
2025-01-19 02:45:54,169 - 未找到预测 CSV 文件，等待 30 秒后重试...
2025-01-19 02:46:24,171 - 未找到预测 CSV 文件，等待 30 秒后重试...
2025-01-19 02:46:54,183 - 未找到预测 CSV 文件，等待 30 秒后重试...
2025-01-19 02:47:24,196 - 未找到预测 CSV 文件，等待 30 秒后重试...
2025-01-19 02:47:54,210 - 未找到预测 CSV 文件，等待 30 秒后重试...
2025-01-19 02:48:24,215 - 未找到预测 CSV 文件，等待 30 秒后重试...
2025-01-19 02:48:54,229 - 未找到预测 CSV 文件，等待 30 秒后重试...
2025-01-19 02:49:24,240 - 未找到预测 CSV 文件，等待 30 秒后重试...
2025-01-19 02:49:54,248 - 未找到预测 CSV 文件，等待 30 秒后重试...
2025-01-19 02:50:24,255 - 未找到预测 CSV 文件，等待 30 秒后重试...
2025-01-19 02:50:54,266 - 未找到预测 CSV 文件，等待 30 秒后重试...
2025-01-19 02:51:24,279 - 未找到预测 CSV 文件，等待 30 秒后重试...
2025-01-19 02:51:54,292 - 未找到预测 CSV 文件，等待 30 秒后重试...
2025-01-19 02:52:24,307 - 未找到预测 CSV 文件，等待 30 秒后重试...
2025-01-19 02:52:54,311 - 未找到预测 CSV 文件，等待 30 秒后重试...
2025-01-19 02:53:24,314 - 未找到预测 CSV 文件，等待 30 秒后重试...
2025-01-19 02:53:54,329 - 未找到预测 CSV 文件，等待 30 秒后重试...
2025-01-19 02:54:24,334 - 未找到预测 CSV 文件，等待 30 秒后重试...
2025-01-19 02:54:54,337 - 未找到预测 CSV 文件，等待 30 秒后重试...
2025-01-19 02:55:24,346 - 未找到预测 CSV 文件，等待 30 秒后重试...
2025-01-19 02:55:54,360 - 未找到预测 CSV 文件，等待 30 秒后重试...
2025-01-19 02:56:24,374 - 未找到预测 CSV 文件，等待 30 秒后重试...
2025-01-19 02:56:54,380 - 未找到预测 CSV 文件，等待 30 秒后重试...
2025-01-19 02:57:24,398 - 未找到预测 CSV 文件，等待 30 秒后重试...
2025-01-19 02:57:54,406 - 未找到预测 CSV 文件，等待 30 秒后重试...
2025-01-19 02:58:24,414 - 未找到预测 CSV 文件，等待 30 秒后重试...
2025-01-19 02:58:54,418 - 未找到预测 CSV 文件，等待 30 秒后重试...
2025-01-19 02:59:24,434 - 未找到预测 CSV 文件，等待 30 秒后重试...
2025-01-19 02:59:54,449 - 未找到预测 CSV 文件，等待 30 秒后重试...
2025-01-19 03:00:24,459 - 未找到预测 CSV 文件，等待 30 秒后重试...
2025-01-19 03:00:54,465 - 未找到预测 CSV 文件，等待 30 秒后重试...
2025-01-19 03:01:24,479 - 未找到预测 CSV 文件，等待 30 秒后重试...
2025-01-19 03:01:54,491 - 未找到预测 CSV 文件，等待 30 秒后重试...
2025-01-19 03:02:24,506 - 未找到预测 CSV 文件，等待 30 秒后重试...
2025-01-19 03:02:54,515 - 未找到预测 CSV 文件，等待 30 秒后重试...
2025-01-19 03:03:24,520 - 未找到预测 CSV 文件，等待 30 秒后重试...
2025-01-19 03:03:54,530 - 未找到预测 CSV 文件，等待 30 秒后重试...
2025-01-19 03:04:24,538 - 未找到预测 CSV 文件，等待 30 秒后重试...
2025-01-19 03:04:54,541 - 未找到预测 CSV 文件，等待 30 秒后重试...
2025-01-19 03:05:24,557 - 未找到预测 CSV 文件，等待 30 秒后重试...
2025-01-19 03:05:54,565 - 未找到预测 CSV 文件，等待 30 秒后重试...
2025-01-19 03:06:24,569 - 未找到预测 CSV 文件，等待 30 秒后重试...
2025-01-19 03:06:54,585 - 未找到预测 CSV 文件，等待 30 秒后重试...
2025-01-19 03:07:24,592 - 未找到预测 CSV 文件，等待 30 秒后重试...
2025-01-19 03:07:54,600 - 未找到预测 CSV 文件，等待 30 秒后重试...
2025-01-19 03:08:24,609 - 未找到预测 CSV 文件，等待 30 秒后重试...
2025-01-19 03:08:54,625 - 未找到预测 CSV 文件，等待 30 秒后重试...
2025-01-19 03:09:24,628 - 未找到预测 CSV 文件，等待 30 秒后重试...
2025-01-19 03:09:54,645 - 未找到预测 CSV 文件，等待 30 秒后重试...
2025-01-19 03:10:24,661 - 未找到预测 CSV 文件，等待 30 秒后重试...
2025-01-19 03:10:54,674 - 未找到预测 CSV 文件，等待 30 秒后重试...
2025-01-19 03:11:24,680 - 未找到预测 CSV 文件，等待 30 秒后重试...
2025-01-19 03:11:54,686 - 未找到预测 CSV 文件，等待 30 秒后重试...
2025-01-19 03:12:24,699 - 未找到预测 CSV 文件，等待 30 秒后重试...
2025-01-19 03:12:54,705 - 未找到预测 CSV 文件，等待 30 秒后重试...
2025-01-19 03:13:24,711 - 未找到预测 CSV 文件，等待 30 秒后重试...
2025-01-19 03:13:54,718 - 未找到预测 CSV 文件，等待 30 秒后重试...
2025-01-19 03:14:24,727 - 未找到预测 CSV 文件，等待 30 秒后重试...
2025-01-19 03:14:54,729 - 未找到预测 CSV 文件，等待 30 秒后重试...
2025-01-19 03:15:24,745 - 未找到预测 CSV 文件，等待 30 秒后重试...
2025-01-19 03:15:54,761 - 未找到预测 CSV 文件，等待 30 秒后重试...
2025-01-19 03:16:24,763 - 未找到预测 CSV 文件，等待 30 秒后重试...
2025-01-19 03:16:54,778 - 未找到预测 CSV 文件，等待 30 秒后重试...
2025-01-19 03:17:24,780 - 未找到预测 CSV 文件，等待 30 秒后重试...
2025-01-19 03:17:54,784 - 未找到预测 CSV 文件，等待 30 秒后重试...
2025-01-19 03:18:24,793 - 未找到预测 CSV 文件，等待 30 秒后重试...
2025-01-19 03:18:54,808 - 未找到预测 CSV 文件，等待 30 秒后重试...
2025-01-19 03:19:24,816 - 未找到预测 CSV 文件，等待 30 秒后重试...
2025-01-19 03:19:54,820 - 未找到预测 CSV 文件，等待 30 秒后重试...
2025-01-19 03:20:24,827 - 未找到预测 CSV 文件，等待 30 秒后重试...
2025-01-19 03:20:54,829 - 未找到预测 CSV 文件，等待 30 秒后重试...
2025-01-19 03:21:24,834 - 未找到预测 CSV 文件，等待 30 秒后重试...
2025-01-19 03:21:54,847 - 未找到预测 CSV 文件，等待 30 秒后重试...
2025-01-19 03:22:24,859 - 未找到预测 CSV 文件，等待 30 秒后重试...
2025-01-19 03:22:54,864 - 未找到预测 CSV 文件，等待 30 秒后重试...
2025-01-19 03:23:24,872 - 未找到预测 CSV 文件，等待 30 秒后重试...
2025-01-19 03:23:54,887 - 未找到预测 CSV 文件，等待 30 秒后重试...
2025-01-19 03:24:24,897 - 未找到预测 CSV 文件，等待 30 秒后重试...
2025-01-19 03:24:54,900 - 未找到预测 CSV 文件，等待 30 秒后重试...
2025-01-19 03:25:24,905 - 未找到预测 CSV 文件，等待 30 秒后重试...
2025-01-19 03:25:54,909 - 未找到预测 CSV 文件，等待 30 秒后重试...
2025-01-19 03:26:24,926 - 未找到预测 CSV 文件，等待 30 秒后重试...
2025-01-19 03:26:54,942 - 未找到预测 CSV 文件，等待 30 秒后重试...
2025-01-19 03:27:24,956 - 未找到预测 CSV 文件，等待 30 秒后重试...
2025-01-19 03:27:54,965 - 未找到预测 CSV 文件，等待 30 秒后重试...
2025-01-19 03:28:24,977 - 未找到预测 CSV 文件，等待 30 秒后重试...
2025-01-19 03:28:54,985 - 未找到预测 CSV 文件，等待 30 秒后重试...
2025-01-19 03:29:24,996 - 未找到预测 CSV 文件，等待 30 秒后重试...
2025-01-19 03:29:55,008 - 未找到预测 CSV 文件，等待 30 秒后重试...
2025-01-19 03:30:25,014 - 未找到预测 CSV 文件，等待 30 秒后重试...
2025-01-19 03:30:55,031 - 未找到预测 CSV 文件，等待 30 秒后重试...
2025-01-19 03:31:25,045 - 未找到预测 CSV 文件，等待 30 秒后重试...
2025-01-19 03:31:55,059 - 未找到预测 CSV 文件，等待 30 秒后重试...
2025-01-19 03:32:25,073 - 未找到预测 CSV 文件，等待 30 秒后重试...
2025-01-19 03:32:55,088 - 未找到预测 CSV 文件，等待 30 秒后重试...
2025-01-19 03:33:25,105 - 未找到预测 CSV 文件，等待 30 秒后重试...
2025-01-19 03:33:55,110 - 未找到预测 CSV 文件，等待 30 秒后重试...
2025-01-19 03:34:25,126 - 未找到预测 CSV 文件，等待 30 秒后重试...
2025-01-19 03:34:55,130 - 未找到预测 CSV 文件，等待 30 秒后重试...
2025-01-19 03:35:25,137 - 未找到预测 CSV 文件，等待 30 秒后重试...
2025-01-19 03:35:55,151 - 未找到预测 CSV 文件，等待 30 秒后重试...
2025-01-19 03:36:25,162 - 未找到预测 CSV 文件，等待 30 秒后重试...
2025-01-19 03:36:55,175 - 未找到预测 CSV 文件，等待 30 秒后重试...
2025-01-19 03:37:25,187 - 未找到预测 CSV 文件，等待 30 秒后重试...
2025-01-19 03:37:55,191 - 未找到预测 CSV 文件，等待 30 秒后重试...
2025-01-19 03:38:25,206 - 未找到预测 CSV 文件，等待 30 秒后重试...
2025-01-19 03:38:55,218 - 未找到预测 CSV 文件，等待 30 秒后重试...
2025-01-19 03:39:25,233 - 未找到预测 CSV 文件，等待 30 秒后重试...
2025-01-19 03:39:55,244 - 未找到预测 CSV 文件，等待 30 秒后重试...
2025-01-19 03:40:25,246 - 未找到预测 CSV 文件，等待 30 秒后重试...
2025-01-19 03:40:55,256 - 未找到预测 CSV 文件，等待 30 秒后重试...
2025-01-19 03:41:25,263 - 未找到预测 CSV 文件，等待 30 秒后重试...
2025-01-19 03:41:55,271 - 未找到预测 CSV 文件，等待 30 秒后重试...
2025-01-19 03:42:25,282 - 未找到预测 CSV 文件，等待 30 秒后重试...
2025-01-19 03:42:55,286 - 未找到预测 CSV 文件，等待 30 秒后重试...
2025-01-19 03:43:25,293 - 未找到预测 CSV 文件，等待 30 秒后重试...
2025-01-19 03:43:55,302 - 未找到预测 CSV 文件，等待 30 秒后重试...
2025-01-19 03:44:25,306 - 未找到预测 CSV 文件，等待 30 秒后重试...
2025-01-19 03:44:55,323 - 未找到预测 CSV 文件，等待 30 秒后重试...
2025-01-19 03:45:25,336 - 未找到预测 CSV 文件，等待 30 秒后重试...
2025-01-19 03:45:55,338 - 未找到预测 CSV 文件，等待 30 秒后重试...
2025-01-19 03:46:25,340 - 未找到预测 CSV 文件，等待 30 秒后重试...
2025-01-19 03:46:55,350 - 未找到预测 CSV 文件，等待 30 秒后重试...
2025-01-19 03:47:25,357 - 未找到预测 CSV 文件，等待 30 秒后重试...
2025-01-19 03:47:55,369 - 未找到预测 CSV 文件，等待 30 秒后重试...
2025-01-19 03:48:25,384 - 未找到预测 CSV 文件，等待 30 秒后重试...
2025-01-19 03:48:55,386 - 未找到预测 CSV 文件，等待 30 秒后重试...
2025-01-19 03:49:25,396 - 未找到预测 CSV 文件，等待 30 秒后重试...
2025-01-19 03:49:55,407 - 未找到预测 CSV 文件，等待 30 秒后重试...
2025-01-19 03:50:25,416 - 未找到预测 CSV 文件，等待 30 秒后重试...
2025-01-19 03:50:55,432 - 未找到预测 CSV 文件，等待 30 秒后重试...
2025-01-19 03:51:25,437 - 未找到预测 CSV 文件，等待 30 秒后重试...
2025-01-19 03:51:55,441 - 未找到预测 CSV 文件，等待 30 秒后重试...
2025-01-19 03:52:25,442 - 未找到预测 CSV 文件，等待 30 秒后重试...
2025-01-19 03:52:55,455 - 未找到预测 CSV 文件，等待 30 秒后重试...
2025-01-19 03:53:25,464 - 未找到预测 CSV 文件，等待 30 秒后重试...
2025-01-19 03:53:55,472 - 未找到预测 CSV 文件，等待 30 秒后重试...
2025-01-19 03:54:25,476 - 未找到预测 CSV 文件，等待 30 秒后重试...
2025-01-19 03:54:55,483 - 未找到预测 CSV 文件，等待 30 秒后重试...
2025-01-19 03:55:25,489 - 未找到预测 CSV 文件，等待 30 秒后重试...
2025-01-19 03:55:55,499 - 未找到预测 CSV 文件，等待 30 秒后重试...
2025-01-19 03:56:25,504 - 未找到预测 CSV 文件，等待 30 秒后重试...
2025-01-19 03:56:55,518 - 未找到预测 CSV 文件，等待 30 秒后重试...
2025-01-19 03:57:25,527 - 未找到预测 CSV 文件，等待 30 秒后重试...
2025-01-19 03:57:55,537 - 未找到预测 CSV 文件，等待 30 秒后重试...
2025-01-19 03:58:25,542 - 未找到预测 CSV 文件，等待 30 秒后重试...
2025-01-19 03:58:55,545 - 未找到预测 CSV 文件，等待 30 秒后重试...
2025-01-19 03:59:25,547 - 未找到预测 CSV 文件，等待 30 秒后重试...
2025-01-19 03:59:55,552 - 未找到预测 CSV 文件，等待 30 秒后重试...
2025-01-19 04:00:25,568 - 未找到预测 CSV 文件，等待 30 秒后重试...
2025-01-19 04:00:55,582 - 未找到预测 CSV 文件，等待 30 秒后重试...
2025-01-19 04:01:25,597 - 未找到预测 CSV 文件，等待 30 秒后重试...
2025-01-19 04:01:55,612 - 未找到预测 CSV 文件，等待 30 秒后重试...
2025-01-19 04:02:25,624 - 未找到预测 CSV 文件，等待 30 秒后重试...
2025-01-19 04:02:55,626 - 未找到预测 CSV 文件，等待 30 秒后重试...
2025-01-19 04:03:25,634 - 未找到预测 CSV 文件，等待 30 秒后重试...
2025-01-19 04:03:55,638 - 未找到预测 CSV 文件，等待 30 秒后重试...
2025-01-19 04:04:25,650 - 未找到预测 CSV 文件，等待 30 秒后重试...
2025-01-19 04:04:55,663 - 未找到预测 CSV 文件，等待 30 秒后重试...
2025-01-19 04:05:25,672 - 未找到预测 CSV 文件，等待 30 秒后重试...
2025-01-19 04:05:55,677 - 未找到预测 CSV 文件，等待 30 秒后重试...
2025-01-19 04:06:25,692 - 未找到预测 CSV 文件，等待 30 秒后重试...
2025-01-19 04:06:55,708 - 未找到预测 CSV 文件，等待 30 秒后重试...
2025-01-19 04:07:25,723 - 未找到预测 CSV 文件，等待 30 秒后重试...
2025-01-19 04:07:55,726 - 未找到预测 CSV 文件，等待 30 秒后重试...
2025-01-19 04:08:25,730 - 未找到预测 CSV 文件，等待 30 秒后重试...
2025-01-19 04:08:55,736 - 未找到预测 CSV 文件，等待 30 秒后重试...
2025-01-19 04:09:25,739 - 未找到预测 CSV 文件，等待 30 秒后重试...
2025-01-19 04:09:55,755 - 未找到预测 CSV 文件，等待 30 秒后重试...
2025-01-19 04:10:25,771 - 未找到预测 CSV 文件，等待 30 秒后重试...
2025-01-19 04:10:55,776 - 未找到预测 CSV 文件，等待 30 秒后重试...
2025-01-19 04:11:25,783 - 未找到预测 CSV 文件，等待 30 秒后重试...
2025-01-19 04:11:55,798 - 未找到预测 CSV 文件，等待 30 秒后重试...
2025-01-19 04:12:25,807 - 未找到预测 CSV 文件，等待 30 秒后重试...
2025-01-19 04:12:55,809 - 未找到预测 CSV 文件，等待 30 秒后重试...
2025-01-19 04:13:25,821 - 未找到预测 CSV 文件，等待 30 秒后重试...
2025-01-19 04:13:55,833 - 未找到预测 CSV 文件，等待 30 秒后重试...
2025-01-19 04:14:25,849 - 未找到预测 CSV 文件，等待 30 秒后重试...
2025-01-19 04:14:55,861 - 未找到预测 CSV 文件，等待 30 秒后重试...
2025-01-19 04:15:25,874 - 未找到预测 CSV 文件，等待 30 秒后重试...
2025-01-19 04:15:55,884 - 未找到预测 CSV 文件，等待 30 秒后重试...
2025-01-19 04:16:25,891 - 未找到预测 CSV 文件，等待 30 秒后重试...
2025-01-19 04:16:55,902 - 未找到预测 CSV 文件，等待 30 秒后重试...
2025-01-19 04:17:25,913 - 未找到预测 CSV 文件，等待 30 秒后重试...
2025-01-19 04:17:55,930 - 未找到预测 CSV 文件，等待 30 秒后重试...
2025-01-19 04:18:25,937 - 未找到预测 CSV 文件，等待 30 秒后重试...
2025-01-19 04:18:55,943 - 未找到预测 CSV 文件，等待 30 秒后重试...
2025-01-19 04:19:25,951 - 未找到预测 CSV 文件，等待 30 秒后重试...
2025-01-19 04:19:55,967 - 未找到预测 CSV 文件，等待 30 秒后重试...
2025-01-19 04:20:25,976 - 未找到预测 CSV 文件，等待 30 秒后重试...
2025-01-19 04:20:55,992 - 未找到预测 CSV 文件，等待 30 秒后重试...
2025-01-19 04:21:26,001 - 未找到预测 CSV 文件，等待 30 秒后重试...
2025-01-19 04:21:56,012 - 未找到预测 CSV 文件，等待 30 秒后重试...
2025-01-19 04:22:26,015 - 未找到预测 CSV 文件，等待 30 秒后重试...
2025-01-19 04:22:56,020 - 未找到预测 CSV 文件，等待 30 秒后重试...
2025-01-19 04:23:26,026 - 未找到预测 CSV 文件，等待 30 秒后重试...
2025-01-19 04:23:56,041 - 未找到预测 CSV 文件，等待 30 秒后重试...
2025-01-19 04:24:26,047 - 未找到预测 CSV 文件，等待 30 秒后重试...
2025-01-19 04:24:56,062 - 未找到预测 CSV 文件，等待 30 秒后重试...
2025-01-19 04:25:26,075 - 未找到预测 CSV 文件，等待 30 秒后重试...
2025-01-19 04:25:56,089 - 未找到预测 CSV 文件，等待 30 秒后重试...
2025-01-19 04:26:26,099 - 未找到预测 CSV 文件，等待 30 秒后重试...
2025-01-19 04:26:56,115 - 未找到预测 CSV 文件，等待 30 秒后重试...
2025-01-19 04:27:26,124 - 未找到预测 CSV 文件，等待 30 秒后重试...
2025-01-19 04:27:56,139 - 未找到预测 CSV 文件，等待 30 秒后重试...
2025-01-19 04:28:26,141 - 未找到预测 CSV 文件，等待 30 秒后重试...
2025-01-19 04:28:56,150 - 未找到预测 CSV 文件，等待 30 秒后重试...
2025-01-19 04:29:26,167 - 未找到预测 CSV 文件，等待 30 秒后重试...
2025-01-19 04:29:56,170 - 未找到预测 CSV 文件，等待 30 秒后重试...
2025-01-19 04:30:26,172 - 未找到预测 CSV 文件，等待 30 秒后重试...
2025-01-19 04:30:56,184 - 未找到预测 CSV 文件，等待 30 秒后重试...
2025-01-19 04:31:26,195 - 未找到预测 CSV 文件，等待 30 秒后重试...
2025-01-19 04:31:56,206 - 未找到预测 CSV 文件，等待 30 秒后重试...
2025-01-19 04:32:26,222 - 未找到预测 CSV 文件，等待 30 秒后重试...
2025-01-19 04:32:56,230 - 未找到预测 CSV 文件，等待 30 秒后重试...
2025-01-19 04:33:26,235 - 未找到预测 CSV 文件，等待 30 秒后重试...
2025-01-19 04:33:56,250 - 未找到预测 CSV 文件，等待 30 秒后重试...
2025-01-19 04:34:26,256 - 未找到预测 CSV 文件，等待 30 秒后重试...
2025-01-19 04:34:56,267 - 未找到预测 CSV 文件，等待 30 秒后重试...
2025-01-19 04:35:26,271 - 未找到预测 CSV 文件，等待 30 秒后重试...
2025-01-19 04:35:56,281 - 未找到预测 CSV 文件，等待 30 秒后重试...
2025-01-19 04:36:26,282 - 未找到预测 CSV 文件，等待 30 秒后重试...
2025-01-19 04:36:56,298 - 未找到预测 CSV 文件，等待 30 秒后重试...
2025-01-19 04:37:27,734 - 未找到预测 CSV 文件，等待 30 秒后重试...
2025-01-19 04:37:57,739 - 未找到预测 CSV 文件，等待 30 秒后重试...
2025-01-19 04:38:27,742 - 未找到预测 CSV 文件，等待 30 秒后重试...
2025-01-19 04:38:57,758 - 未找到预测 CSV 文件，等待 30 秒后重试...
2025-01-19 04:39:27,772 - 未找到预测 CSV 文件，等待 30 秒后重试...
2025-01-19 04:39:57,776 - 未找到预测 CSV 文件，等待 30 秒后重试...
2025-01-19 04:40:27,781 - 未找到预测 CSV 文件，等待 30 秒后重试...
2025-01-19 04:40:57,784 - 未找到预测 CSV 文件，等待 30 秒后重试...
2025-01-19 04:41:27,787 - 未找到预测 CSV 文件，等待 30 秒后重试...
2025-01-19 04:41:57,792 - 未找到预测 CSV 文件，等待 30 秒后重试...
2025-01-19 04:42:27,805 - 未找到预测 CSV 文件，等待 30 秒后重试...
2025-01-19 04:42:57,807 - 未找到预测 CSV 文件，等待 30 秒后重试...
2025-01-19 04:43:27,825 - 未找到预测 CSV 文件，等待 30 秒后重试...
2025-01-19 04:43:57,829 - 未找到预测 CSV 文件，等待 30 秒后重试...
2025-01-19 04:44:27,844 - 未找到预测 CSV 文件，等待 30 秒后重试...
2025-01-19 04:44:57,847 - 未找到预测 CSV 文件，等待 30 秒后重试...
2025-01-19 04:45:27,851 - 未找到预测 CSV 文件，等待 30 秒后重试...
2025-01-19 04:45:57,853 - 未找到预测 CSV 文件，等待 30 秒后重试...
2025-01-19 04:46:27,867 - 未找到预测 CSV 文件，等待 30 秒后重试...
2025-01-19 04:46:57,882 - 未找到预测 CSV 文件，等待 30 秒后重试...
2025-01-19 04:47:27,896 - 未找到预测 CSV 文件，等待 30 秒后重试...
2025-01-19 04:47:57,908 - 未找到预测 CSV 文件，等待 30 秒后重试...
2025-01-19 04:48:27,915 - 未找到预测 CSV 文件，等待 30 秒后重试...
2025-01-19 04:48:57,926 - 未找到预测 CSV 文件，等待 30 秒后重试...
2025-01-19 04:49:27,942 - 未找到预测 CSV 文件，等待 30 秒后重试...
2025-01-19 04:49:57,945 - 未找到预测 CSV 文件，等待 30 秒后重试...
2025-01-19 04:50:27,954 - 未找到预测 CSV 文件，等待 30 秒后重试...
2025-01-19 04:50:57,961 - 未找到预测 CSV 文件，等待 30 秒后重试...
2025-01-19 04:51:27,975 - 未找到预测 CSV 文件，等待 30 秒后重试...
2025-01-19 04:51:57,988 - 未找到预测 CSV 文件，等待 30 秒后重试...
2025-01-19 04:52:27,997 - 未找到预测 CSV 文件，等待 30 秒后重试...
2025-01-19 04:52:58,002 - 未找到预测 CSV 文件，等待 30 秒后重试...
2025-01-19 04:53:28,007 - 未找到预测 CSV 文件，等待 30 秒后重试...
2025-01-19 04:53:58,021 - 未找到预测 CSV 文件，等待 30 秒后重试...
2025-01-19 04:54:28,033 - 未找到预测 CSV 文件，等待 30 秒后重试...
2025-01-19 04:54:58,047 - 未找到预测 CSV 文件，等待 30 秒后重试...
2025-01-19 04:55:28,065 - 未找到预测 CSV 文件，等待 30 秒后重试...
2025-01-19 04:55:58,067 - 未找到预测 CSV 文件，等待 30 秒后重试...
2025-01-19 04:56:28,069 - 未找到预测 CSV 文件，等待 30 秒后重试...
2025-01-19 04:56:58,082 - 未找到预测 CSV 文件，等待 30 秒后重试...
2025-01-19 04:57:28,086 - 未找到预测 CSV 文件，等待 30 秒后重试...
2025-01-19 04:57:58,101 - 未找到预测 CSV 文件，等待 30 秒后重试...
2025-01-19 04:58:28,116 - 未找到预测 CSV 文件，等待 30 秒后重试...
2025-01-19 04:58:58,130 - 未找到预测 CSV 文件，等待 30 秒后重试...
2025-01-19 04:59:28,143 - 未找到预测 CSV 文件，等待 30 秒后重试...
2025-01-19 04:59:58,150 - 未找到预测 CSV 文件，等待 30 秒后重试...
2025-01-19 05:00:28,163 - 未找到预测 CSV 文件，等待 30 秒后重试...
2025-01-19 05:00:58,178 - 未找到预测 CSV 文件，等待 30 秒后重试...
2025-01-19 05:01:28,195 - 未找到预测 CSV 文件，等待 30 秒后重试...
2025-01-19 05:01:58,207 - 未找到预测 CSV 文件，等待 30 秒后重试...
2025-01-19 05:02:28,220 - 未找到预测 CSV 文件，等待 30 秒后重试...
2025-01-19 05:02:58,230 - 未找到预测 CSV 文件，等待 30 秒后重试...
2025-01-19 05:03:28,240 - 未找到预测 CSV 文件，等待 30 秒后重试...
2025-01-19 05:03:58,257 - 未找到预测 CSV 文件，等待 30 秒后重试...
2025-01-19 05:04:28,264 - 未找到预测 CSV 文件，等待 30 秒后重试...
2025-01-19 05:04:58,277 - 未找到预测 CSV 文件，等待 30 秒后重试...
2025-01-19 05:05:28,292 - 未找到预测 CSV 文件，等待 30 秒后重试...
2025-01-19 05:05:58,304 - 未找到预测 CSV 文件，等待 30 秒后重试...
2025-01-19 05:06:28,322 - 未找到预测 CSV 文件，等待 30 秒后重试...
2025-01-19 05:06:58,338 - 未找到预测 CSV 文件，等待 30 秒后重试...
2025-01-19 05:07:28,342 - 未找到预测 CSV 文件，等待 30 秒后重试...
2025-01-19 05:07:58,351 - 未找到预测 CSV 文件，等待 30 秒后重试...
2025-01-19 05:08:28,363 - 未找到预测 CSV 文件，等待 30 秒后重试...
2025-01-19 05:08:58,369 - 未找到预测 CSV 文件，等待 30 秒后重试...
2025-01-19 05:09:28,378 - 未找到预测 CSV 文件，等待 30 秒后重试...
2025-01-19 05:09:58,388 - 未找到预测 CSV 文件，等待 30 秒后重试...
2025-01-19 05:10:28,389 - 未找到预测 CSV 文件，等待 30 秒后重试...
2025-01-19 05:10:58,397 - 未找到预测 CSV 文件，等待 30 秒后重试...
2025-01-19 05:11:28,411 - 未找到预测 CSV 文件，等待 30 秒后重试...
2025-01-19 05:11:58,414 - 未找到预测 CSV 文件，等待 30 秒后重试...
2025-01-19 05:12:28,422 - 未找到预测 CSV 文件，等待 30 秒后重试...
2025-01-19 05:12:58,425 - 未找到预测 CSV 文件，等待 30 秒后重试...
2025-01-19 05:13:28,436 - 未找到预测 CSV 文件，等待 30 秒后重试...
2025-01-19 05:13:58,446 - 未找到预测 CSV 文件，等待 30 秒后重试...
2025-01-19 05:14:28,457 - 未找到预测 CSV 文件，等待 30 秒后重试...
2025-01-19 05:14:58,470 - 未找到预测 CSV 文件，等待 30 秒后重试...
2025-01-19 05:15:28,482 - 未找到预测 CSV 文件，等待 30 秒后重试...
2025-01-19 05:15:58,495 - 未找到预测 CSV 文件，等待 30 秒后重试...
2025-01-19 05:16:28,509 - 未找到预测 CSV 文件，等待 30 秒后重试...
2025-01-19 05:16:58,519 - 未找到预测 CSV 文件，等待 30 秒后重试...
2025-01-19 05:17:28,533 - 未找到预测 CSV 文件，等待 30 秒后重试...
2025-01-19 05:17:58,548 - 未找到预测 CSV 文件，等待 30 秒后重试...
2025-01-19 05:18:28,556 - 未找到预测 CSV 文件，等待 30 秒后重试...
2025-01-19 05:18:58,568 - 未找到预测 CSV 文件，等待 30 秒后重试...
2025-01-19 05:19:28,584 - 未找到预测 CSV 文件，等待 30 秒后重试...
2025-01-19 05:19:58,597 - 未找到预测 CSV 文件，等待 30 秒后重试...
2025-01-19 05:20:28,603 - 未找到预测 CSV 文件，等待 30 秒后重试...
2025-01-19 05:20:58,616 - 未找到预测 CSV 文件，等待 30 秒后重试...
2025-01-19 05:21:28,619 - 未找到预测 CSV 文件，等待 30 秒后重试...
2025-01-19 05:21:58,626 - 未找到预测 CSV 文件，等待 30 秒后重试...
2025-01-19 05:22:28,642 - 未找到预测 CSV 文件，等待 30 秒后重试...
2025-01-19 05:22:58,648 - 未找到预测 CSV 文件，等待 30 秒后重试...
2025-01-19 05:23:28,655 - 未找到预测 CSV 文件，等待 30 秒后重试...
2025-01-19 05:23:58,657 - 未找到预测 CSV 文件，等待 30 秒后重试...
2025-01-19 05:24:28,661 - 未找到预测 CSV 文件，等待 30 秒后重试...
2025-01-19 05:24:58,677 - 未找到预测 CSV 文件，等待 30 秒后重试...
2025-01-19 05:25:28,686 - 未找到预测 CSV 文件，等待 30 秒后重试...
2025-01-19 05:25:58,700 - 未找到预测 CSV 文件，等待 30 秒后重试...
2025-01-19 05:26:28,707 - 未找到预测 CSV 文件，等待 30 秒后重试...
2025-01-19 05:26:58,709 - 未找到预测 CSV 文件，等待 30 秒后重试...
2025-01-19 05:27:28,719 - 未找到预测 CSV 文件，等待 30 秒后重试...
2025-01-19 05:27:58,729 - 未找到预测 CSV 文件，等待 30 秒后重试...
2025-01-19 05:28:28,738 - 未找到预测 CSV 文件，等待 30 秒后重试...
2025-01-19 05:28:58,748 - 未找到预测 CSV 文件，等待 30 秒后重试...
2025-01-19 05:29:28,757 - 未找到预测 CSV 文件，等待 30 秒后重试...
2025-01-19 05:29:58,758 - 未找到预测 CSV 文件，等待 30 秒后重试...
2025-01-19 05:30:28,765 - 未找到预测 CSV 文件，等待 30 秒后重试...
2025-01-19 05:30:58,778 - 未找到预测 CSV 文件，等待 30 秒后重试...
2025-01-19 05:31:28,791 - 未找到预测 CSV 文件，等待 30 秒后重试...
2025-01-19 05:31:58,808 - 未找到预测 CSV 文件，等待 30 秒后重试...
2025-01-19 05:32:28,823 - 未找到预测 CSV 文件，等待 30 秒后重试...
2025-01-19 05:32:58,836 - 未找到预测 CSV 文件，等待 30 秒后重试...
2025-01-19 05:33:28,839 - 未找到预测 CSV 文件，等待 30 秒后重试...
2025-01-19 05:33:58,850 - 未找到预测 CSV 文件，等待 30 秒后重试...
2025-01-19 05:34:28,855 - 未找到预测 CSV 文件，等待 30 秒后重试...
2025-01-19 05:34:58,865 - 未找到预测 CSV 文件，等待 30 秒后重试...
2025-01-19 05:35:28,869 - 未找到预测 CSV 文件，等待 30 秒后重试...
2025-01-19 05:35:58,883 - 未找到预测 CSV 文件，等待 30 秒后重试...
2025-01-19 05:36:28,890 - 未找到预测 CSV 文件，等待 30 秒后重试...
2025-01-19 05:36:58,902 - 未找到预测 CSV 文件，等待 30 秒后重试...
2025-01-19 05:37:28,903 - 未找到预测 CSV 文件，等待 30 秒后重试...
2025-01-19 05:37:58,908 - 未找到预测 CSV 文件，等待 30 秒后重试...
2025-01-19 05:38:28,919 - 未找到预测 CSV 文件，等待 30 秒后重试...
2025-01-19 05:38:58,927 - 未找到预测 CSV 文件，等待 30 秒后重试...
2025-01-19 05:39:28,934 - 未找到预测 CSV 文件，等待 30 秒后重试...
2025-01-19 05:39:58,945 - 未找到预测 CSV 文件，等待 30 秒后重试...
2025-01-19 05:40:28,949 - 未找到预测 CSV 文件，等待 30 秒后重试...
2025-01-19 05:40:58,952 - 未找到预测 CSV 文件，等待 30 秒后重试...
2025-01-19 05:41:28,968 - 未找到预测 CSV 文件，等待 30 秒后重试...
2025-01-19 05:41:58,982 - 未找到预测 CSV 文件，等待 30 秒后重试...
2025-01-19 05:42:28,999 - 未找到预测 CSV 文件，等待 30 秒后重试...
2025-01-19 05:42:59,005 - 未找到预测 CSV 文件，等待 30 秒后重试...
2025-01-19 05:43:29,017 - 未找到预测 CSV 文件，等待 30 秒后重试...
2025-01-19 05:43:59,032 - 未找到预测 CSV 文件，等待 30 秒后重试...
2025-01-19 05:44:29,035 - 未找到预测 CSV 文件，等待 30 秒后重试...
2025-01-19 05:44:59,042 - 未找到预测 CSV 文件，等待 30 秒后重试...
2025-01-19 05:45:29,044 - 未找到预测 CSV 文件，等待 30 秒后重试...
2025-01-19 05:45:59,060 - 未找到预测 CSV 文件，等待 30 秒后重试...
2025-01-19 05:46:29,068 - 未找到预测 CSV 文件，等待 30 秒后重试...
2025-01-19 05:46:59,080 - 未找到预测 CSV 文件，等待 30 秒后重试...
2025-01-19 05:47:29,089 - 未找到预测 CSV 文件，等待 30 秒后重试...
2025-01-19 05:47:59,100 - 未找到预测 CSV 文件，等待 30 秒后重试...
2025-01-19 05:48:29,114 - 未找到预测 CSV 文件，等待 30 秒后重试...
2025-01-19 05:48:59,129 - 未找到预测 CSV 文件，等待 30 秒后重试...
2025-01-19 05:49:29,135 - 未找到预测 CSV 文件，等待 30 秒后重试...
2025-01-19 05:49:59,143 - 未找到预测 CSV 文件，等待 30 秒后重试...
2025-01-19 05:50:29,147 - 未找到预测 CSV 文件，等待 30 秒后重试...
2025-01-19 05:50:59,156 - 未找到预测 CSV 文件，等待 30 秒后重试...
2025-01-19 05:51:29,160 - 未找到预测 CSV 文件，等待 30 秒后重试...
2025-01-19 05:51:59,175 - 未找到预测 CSV 文件，等待 30 秒后重试...
2025-01-19 05:52:29,182 - 未找到预测 CSV 文件，等待 30 秒后重试...
2025-01-19 05:52:59,200 - 未找到预测 CSV 文件，等待 30 秒后重试...
2025-01-19 05:53:29,214 - 未找到预测 CSV 文件，等待 30 秒后重试...
2025-01-19 05:53:59,227 - 未找到预测 CSV 文件，等待 30 秒后重试...
2025-01-19 05:54:29,239 - 未找到预测 CSV 文件，等待 30 秒后重试...
2025-01-19 05:54:59,240 - 未找到预测 CSV 文件，等待 30 秒后重试...
2025-01-19 05:55:29,251 - 未找到预测 CSV 文件，等待 30 秒后重试...
2025-01-19 05:55:59,268 - 未找到预测 CSV 文件，等待 30 秒后重试...
2025-01-19 05:56:29,272 - 未找到预测 CSV 文件，等待 30 秒后重试...
2025-01-19 05:56:59,279 - 未找到预测 CSV 文件，等待 30 秒后重试...
2025-01-19 05:57:29,290 - 未找到预测 CSV 文件，等待 30 秒后重试...
2025-01-19 05:57:59,301 - 未找到预测 CSV 文件，等待 30 秒后重试...
2025-01-19 05:58:29,317 - 未找到预测 CSV 文件，等待 30 秒后重试...
2025-01-19 05:58:59,331 - 未找到预测 CSV 文件，等待 30 秒后重试...
2025-01-19 05:59:29,343 - 未找到预测 CSV 文件，等待 30 秒后重试...
2025-01-19 05:59:59,351 - 未找到预测 CSV 文件，等待 30 秒后重试...
2025-01-19 06:00:29,361 - 未找到预测 CSV 文件，等待 30 秒后重试...
2025-01-19 06:00:59,366 - 未找到预测 CSV 文件，等待 30 秒后重试...
2025-01-19 06:01:29,372 - 未找到预测 CSV 文件，等待 30 秒后重试...
2025-01-19 06:01:59,377 - 未找到预测 CSV 文件，等待 30 秒后重试...
2025-01-19 06:02:29,389 - 未找到预测 CSV 文件，等待 30 秒后重试...
2025-01-19 06:02:59,392 - 未找到预测 CSV 文件，等待 30 秒后重试...
2025-01-19 06:03:29,406 - 未找到预测 CSV 文件，等待 30 秒后重试...
2025-01-19 06:03:59,418 - 未找到预测 CSV 文件，等待 30 秒后重试...
2025-01-19 06:04:29,425 - 未找到预测 CSV 文件，等待 30 秒后重试...
2025-01-19 06:04:59,433 - 未找到预测 CSV 文件，等待 30 秒后重试...
2025-01-19 06:05:29,446 - 未找到预测 CSV 文件，等待 30 秒后重试...
2025-01-19 06:05:59,457 - 未找到预测 CSV 文件，等待 30 秒后重试...
2025-01-19 06:06:29,463 - 未找到预测 CSV 文件，等待 30 秒后重试...
2025-01-19 06:06:59,474 - 未找到预测 CSV 文件，等待 30 秒后重试...
2025-01-19 06:07:29,485 - 未找到预测 CSV 文件，等待 30 秒后重试...
2025-01-19 06:07:59,499 - 未找到预测 CSV 文件，等待 30 秒后重试...
2025-01-19 06:08:29,516 - 未找到预测 CSV 文件，等待 30 秒后重试...
2025-01-19 06:08:59,518 - 未找到预测 CSV 文件，等待 30 秒后重试...
2025-01-19 06:09:29,524 - 未找到预测 CSV 文件，等待 30 秒后重试...
2025-01-19 06:09:59,530 - 未找到预测 CSV 文件，等待 30 秒后重试...
2025-01-19 06:10:29,543 - 未找到预测 CSV 文件，等待 30 秒后重试...
2025-01-19 06:10:59,560 - 未找到预测 CSV 文件，等待 30 秒后重试...
2025-01-19 06:11:29,565 - 未找到预测 CSV 文件，等待 30 秒后重试...
2025-01-19 06:11:59,568 - 未找到预测 CSV 文件，等待 30 秒后重试...
2025-01-19 06:12:29,575 - 未找到预测 CSV 文件，等待 30 秒后重试...
2025-01-19 06:12:59,579 - 未找到预测 CSV 文件，等待 30 秒后重试...
2025-01-19 06:13:29,582 - 未找到预测 CSV 文件，等待 30 秒后重试...
2025-01-19 06:13:59,585 - 未找到预测 CSV 文件，等待 30 秒后重试...
2025-01-19 06:14:29,592 - 未找到预测 CSV 文件，等待 30 秒后重试...
2025-01-19 06:14:59,607 - 未找到预测 CSV 文件，等待 30 秒后重试...
2025-01-19 06:15:29,615 - 未找到预测 CSV 文件，等待 30 秒后重试...
2025-01-19 06:15:59,619 - 未找到预测 CSV 文件，等待 30 秒后重试...
2025-01-19 06:16:29,634 - 未找到预测 CSV 文件，等待 30 秒后重试...
2025-01-19 06:16:59,651 - 未找到预测 CSV 文件，等待 30 秒后重试...
2025-01-19 06:17:29,655 - 未找到预测 CSV 文件，等待 30 秒后重试...
2025-01-19 06:17:59,670 - 未找到预测 CSV 文件，等待 30 秒后重试...
2025-01-19 06:18:29,684 - 未找到预测 CSV 文件，等待 30 秒后重试...
2025-01-19 06:18:59,694 - 未找到预测 CSV 文件，等待 30 秒后重试...
2025-01-19 06:19:29,699 - 未找到预测 CSV 文件，等待 30 秒后重试...
2025-01-19 06:19:59,714 - 未找到预测 CSV 文件，等待 30 秒后重试...
2025-01-19 06:20:29,728 - 未找到预测 CSV 文件，等待 30 秒后重试...
2025-01-19 06:20:59,739 - 未找到预测 CSV 文件，等待 30 秒后重试...
2025-01-19 06:21:29,755 - 未找到预测 CSV 文件，等待 30 秒后重试...
2025-01-19 06:21:59,763 - 未找到预测 CSV 文件，等待 30 秒后重试...
2025-01-19 06:22:29,775 - 未找到预测 CSV 文件，等待 30 秒后重试...
2025-01-19 06:22:59,787 - 未找到预测 CSV 文件，等待 30 秒后重试...
2025-01-19 06:23:29,795 - 未找到预测 CSV 文件，等待 30 秒后重试...
2025-01-19 06:23:59,808 - 未找到预测 CSV 文件，等待 30 秒后重试...
2025-01-19 06:24:29,819 - 未找到预测 CSV 文件，等待 30 秒后重试...
2025-01-19 06:24:59,824 - 未找到预测 CSV 文件，等待 30 秒后重试...
2025-01-19 06:25:29,830 - 未找到预测 CSV 文件，等待 30 秒后重试...
2025-01-19 06:25:59,844 - 未找到预测 CSV 文件，等待 30 秒后重试...
2025-01-19 06:26:29,856 - 未找到预测 CSV 文件，等待 30 秒后重试...
2025-01-19 06:26:59,869 - 未找到预测 CSV 文件，等待 30 秒后重试...
2025-01-19 06:27:29,877 - 未找到预测 CSV 文件，等待 30 秒后重试...
2025-01-19 06:27:59,884 - 未找到预测 CSV 文件，等待 30 秒后重试...
2025-01-19 06:28:29,893 - 未找到预测 CSV 文件，等待 30 秒后重试...
2025-01-19 06:28:59,906 - 未找到预测 CSV 文件，等待 30 秒后重试...
2025-01-19 06:29:29,919 - 未找到预测 CSV 文件，等待 30 秒后重试...
2025-01-19 06:29:59,926 - 未找到预测 CSV 文件，等待 30 秒后重试...
2025-01-19 06:30:29,933 - 未找到预测 CSV 文件，等待 30 秒后重试...
2025-01-19 06:30:59,937 - 未找到预测 CSV 文件，等待 30 秒后重试...
2025-01-19 06:31:29,948 - 未找到预测 CSV 文件，等待 30 秒后重试...
2025-01-19 06:31:59,954 - 未找到预测 CSV 文件，等待 30 秒后重试...
2025-01-19 06:32:29,960 - 未找到预测 CSV 文件，等待 30 秒后重试...
2025-01-19 06:32:59,964 - 未找到预测 CSV 文件，等待 30 秒后重试...
2025-01-19 06:33:29,973 - 未找到预测 CSV 文件，等待 30 秒后重试...
2025-01-19 06:33:59,986 - 未找到预测 CSV 文件，等待 30 秒后重试...
2025-01-19 06:34:29,993 - 未找到预测 CSV 文件，等待 30 秒后重试...
2025-01-19 06:35:00,002 - 未找到预测 CSV 文件，等待 30 秒后重试...
2025-01-19 06:35:30,016 - 未找到预测 CSV 文件，等待 30 秒后重试...
2025-01-19 06:36:00,030 - 未找到预测 CSV 文件，等待 30 秒后重试...
2025-01-19 06:36:30,046 - 未找到预测 CSV 文件，等待 30 秒后重试...
2025-01-19 06:37:00,054 - 未找到预测 CSV 文件，等待 30 秒后重试...
2025-01-19 06:37:30,060 - 未找到预测 CSV 文件，等待 30 秒后重试...
2025-01-19 06:38:00,075 - 未找到预测 CSV 文件，等待 30 秒后重试...
2025-01-19 06:38:30,091 - 未找到预测 CSV 文件，等待 30 秒后重试...
2025-01-19 06:39:00,102 - 未找到预测 CSV 文件，等待 30 秒后重试...
2025-01-19 06:39:30,114 - 未找到预测 CSV 文件，等待 30 秒后重试...
2025-01-19 06:40:00,117 - 未找到预测 CSV 文件，等待 30 秒后重试...
2025-01-19 06:40:30,128 - 未找到预测 CSV 文件，等待 30 秒后重试...
2025-01-19 06:41:00,140 - 未找到预测 CSV 文件，等待 30 秒后重试...
2025-01-19 06:41:30,155 - 未找到预测 CSV 文件，等待 30 秒后重试...
2025-01-19 06:42:00,170 - 未找到预测 CSV 文件，等待 30 秒后重试...
2025-01-19 06:42:30,172 - 未找到预测 CSV 文件，等待 30 秒后重试...
2025-01-19 06:43:00,177 - 未找到预测 CSV 文件，等待 30 秒后重试...
2025-01-19 06:43:30,180 - 未找到预测 CSV 文件，等待 30 秒后重试...
2025-01-19 06:44:00,192 - 未找到预测 CSV 文件，等待 30 秒后重试...
2025-01-19 06:44:30,207 - 未找到预测 CSV 文件，等待 30 秒后重试...
2025-01-19 06:45:00,220 - 未找到预测 CSV 文件，等待 30 秒后重试...
2025-01-19 06:45:30,227 - 未找到预测 CSV 文件，等待 30 秒后重试...
2025-01-19 06:46:00,234 - 未找到预测 CSV 文件，等待 30 秒后重试...
2025-01-19 06:46:30,238 - 未找到预测 CSV 文件，等待 30 秒后重试...
2025-01-19 06:47:00,246 - 未找到预测 CSV 文件，等待 30 秒后重试...
2025-01-19 06:47:30,263 - 未找到预测 CSV 文件，等待 30 秒后重试...
2025-01-19 06:48:00,265 - 未找到预测 CSV 文件，等待 30 秒后重试...
2025-01-19 06:48:30,278 - 未找到预测 CSV 文件，等待 30 秒后重试...
2025-01-19 06:49:00,287 - 未找到预测 CSV 文件，等待 30 秒后重试...
2025-01-19 06:49:30,295 - 未找到预测 CSV 文件，等待 30 秒后重试...
2025-01-19 06:50:00,304 - 未找到预测 CSV 文件，等待 30 秒后重试...
2025-01-19 06:50:30,314 - 未找到预测 CSV 文件，等待 30 秒后重试...
2025-01-19 06:51:00,329 - 未找到预测 CSV 文件，等待 30 秒后重试...
2025-01-19 06:51:30,331 - 未找到预测 CSV 文件，等待 30 秒后重试...
2025-01-19 06:52:00,344 - 未找到预测 CSV 文件，等待 30 秒后重试...
2025-01-19 06:52:30,352 - 未找到预测 CSV 文件，等待 30 秒后重试...
2025-01-19 06:53:00,355 - 未找到预测 CSV 文件，等待 30 秒后重试...
2025-01-19 06:53:30,363 - 未找到预测 CSV 文件，等待 30 秒后重试...
2025-01-19 06:54:00,368 - 未找到预测 CSV 文件，等待 30 秒后重试...
2025-01-19 06:54:30,371 - 未找到预测 CSV 文件，等待 30 秒后重试...
2025-01-19 06:55:00,386 - 未找到预测 CSV 文件，等待 30 秒后重试...
2025-01-19 06:55:30,396 - 未找到预测 CSV 文件，等待 30 秒后重试...
2025-01-19 06:56:00,410 - 未找到预测 CSV 文件，等待 30 秒后重试...
2025-01-19 06:56:30,422 - 未找到预测 CSV 文件，等待 30 秒后重试...
2025-01-19 06:57:00,434 - 未找到预测 CSV 文件，等待 30 秒后重试...
2025-01-19 06:57:30,439 - 未找到预测 CSV 文件，等待 30 秒后重试...
2025-01-19 06:58:00,455 - 未找到预测 CSV 文件，等待 30 秒后重试...
2025-01-19 06:58:30,462 - 未找到预测 CSV 文件，等待 30 秒后重试...
2025-01-19 06:59:00,476 - 未找到预测 CSV 文件，等待 30 秒后重试...
2025-01-19 06:59:30,477 - 未找到预测 CSV 文件，等待 30 秒后重试...
2025-01-19 07:00:00,488 - 未找到预测 CSV 文件，等待 30 秒后重试...
2025-01-19 07:00:30,497 - 未找到预测 CSV 文件，等待 30 秒后重试...
2025-01-19 07:01:00,513 - 未找到预测 CSV 文件，等待 30 秒后重试...
2025-01-19 07:01:30,527 - 未找到预测 CSV 文件，等待 30 秒后重试...
2025-01-19 07:02:00,535 - 未找到预测 CSV 文件，等待 30 秒后重试...
2025-01-19 07:02:30,538 - 未找到预测 CSV 文件，等待 30 秒后重试...
2025-01-19 07:03:00,555 - 未找到预测 CSV 文件，等待 30 秒后重试...
2025-01-19 07:03:30,561 - 未找到预测 CSV 文件，等待 30 秒后重试...
2025-01-19 07:04:00,578 - 未找到预测 CSV 文件，等待 30 秒后重试...
2025-01-19 07:04:30,593 - 未找到预测 CSV 文件，等待 30 秒后重试...
2025-01-19 07:05:00,596 - 未找到预测 CSV 文件，等待 30 秒后重试...
2025-01-19 07:05:30,606 - 未找到预测 CSV 文件，等待 30 秒后重试...
2025-01-19 07:06:00,609 - 未找到预测 CSV 文件，等待 30 秒后重试...
2025-01-19 07:06:30,614 - 未找到预测 CSV 文件，等待 30 秒后重试...
2025-01-19 07:07:00,619 - 未找到预测 CSV 文件，等待 30 秒后重试...
2025-01-19 07:07:30,636 - 未找到预测 CSV 文件，等待 30 秒后重试...
2025-01-19 07:08:00,646 - 未找到预测 CSV 文件，等待 30 秒后重试...
2025-01-19 07:08:30,658 - 未找到预测 CSV 文件，等待 30 秒后重试...
2025-01-19 07:09:00,661 - 未找到预测 CSV 文件，等待 30 秒后重试...
2025-01-19 07:09:30,671 - 未找到预测 CSV 文件，等待 30 秒后重试...
2025-01-19 07:10:00,675 - 未找到预测 CSV 文件，等待 30 秒后重试...
2025-01-19 07:10:30,683 - 未找到预测 CSV 文件，等待 30 秒后重试...
2025-01-19 07:11:00,692 - 未找到预测 CSV 文件，等待 30 秒后重试...
2025-01-19 07:11:30,705 - 未找到预测 CSV 文件，等待 30 秒后重试...
2025-01-19 07:12:00,719 - 未找到预测 CSV 文件，等待 30 秒后重试...
2025-01-19 07:12:30,731 - 未找到预测 CSV 文件，等待 30 秒后重试...
2025-01-19 07:13:00,738 - 未找到预测 CSV 文件，等待 30 秒后重试...
2025-01-19 07:13:30,746 - 未找到预测 CSV 文件，等待 30 秒后重试...
2025-01-19 07:14:00,751 - 未找到预测 CSV 文件，等待 30 秒后重试...
2025-01-19 07:14:30,762 - 未找到预测 CSV 文件，等待 30 秒后重试...
2025-01-19 07:15:00,772 - 未找到预测 CSV 文件，等待 30 秒后重试...
2025-01-19 07:15:30,782 - 未找到预测 CSV 文件，等待 30 秒后重试...
2025-01-19 07:16:00,799 - 未找到预测 CSV 文件，等待 30 秒后重试...
2025-01-19 07:16:30,805 - 未找到预测 CSV 文件，等待 30 秒后重试...
2025-01-19 07:17:00,821 - 未找到预测 CSV 文件，等待 30 秒后重试...
2025-01-19 07:17:30,836 - 未找到预测 CSV 文件，等待 30 秒后重试...
2025-01-19 07:18:00,839 - 未找到预测 CSV 文件，等待 30 秒后重试...
2025-01-19 07:18:30,846 - 未找到预测 CSV 文件，等待 30 秒后重试...
2025-01-19 07:19:00,857 - 未找到预测 CSV 文件，等待 30 秒后重试...
2025-01-19 07:19:30,867 - 未找到预测 CSV 文件，等待 30 秒后重试...
2025-01-19 07:20:00,871 - 未找到预测 CSV 文件，等待 30 秒后重试...
2025-01-19 07:20:30,875 - 未找到预测 CSV 文件，等待 30 秒后重试...
2025-01-19 07:21:00,880 - 未找到预测 CSV 文件，等待 30 秒后重试...
2025-01-19 07:21:30,896 - 未找到预测 CSV 文件，等待 30 秒后重试...
2025-01-19 07:22:00,904 - 未找到预测 CSV 文件，等待 30 秒后重试...
2025-01-19 07:22:30,910 - 未找到预测 CSV 文件，等待 30 秒后重试...
2025-01-19 07:23:00,918 - 未找到预测 CSV 文件，等待 30 秒后重试...
2025-01-19 07:23:30,922 - 未找到预测 CSV 文件，等待 30 秒后重试...
2025-01-19 07:24:00,932 - 未找到预测 CSV 文件，等待 30 秒后重试...
2025-01-19 07:24:30,939 - 未找到预测 CSV 文件，等待 30 秒后重试...
2025-01-19 07:25:00,944 - 未找到预测 CSV 文件，等待 30 秒后重试...
2025-01-19 07:25:30,957 - 未找到预测 CSV 文件，等待 30 秒后重试...
2025-01-19 07:26:00,958 - 未找到预测 CSV 文件，等待 30 秒后重试...
2025-01-19 07:26:30,973 - 未找到预测 CSV 文件，等待 30 秒后重试...
2025-01-19 07:27:00,989 - 未找到预测 CSV 文件，等待 30 秒后重试...
2025-01-19 07:27:31,003 - 未找到预测 CSV 文件，等待 30 秒后重试...
2025-01-19 07:28:01,008 - 未找到预测 CSV 文件，等待 30 秒后重试...
2025-01-19 07:28:31,015 - 未找到预测 CSV 文件，等待 30 秒后重试...
2025-01-19 07:29:01,026 - 未找到预测 CSV 文件，等待 30 秒后重试...
2025-01-19 07:29:31,040 - 未找到预测 CSV 文件，等待 30 秒后重试...
2025-01-19 07:30:01,045 - 未找到预测 CSV 文件，等待 30 秒后重试...
2025-01-19 07:30:31,048 - 未找到预测 CSV 文件，等待 30 秒后重试...
2025-01-19 07:31:01,057 - 未找到预测 CSV 文件，等待 30 秒后重试...
2025-01-19 07:31:31,069 - 未找到预测 CSV 文件，等待 30 秒后重试...
2025-01-19 07:32:01,078 - 未找到预测 CSV 文件，等待 30 秒后重试...
2025-01-19 07:32:31,082 - 未找到预测 CSV 文件，等待 30 秒后重试...
2025-01-19 07:33:01,085 - 未找到预测 CSV 文件，等待 30 秒后重试...
2025-01-19 07:33:31,095 - 未找到预测 CSV 文件，等待 30 秒后重试...
2025-01-19 07:34:01,108 - 未找到预测 CSV 文件，等待 30 秒后重试...
2025-01-19 07:34:31,126 - 未找到预测 CSV 文件，等待 30 秒后重试...
2025-01-19 07:35:01,139 - 未找到预测 CSV 文件，等待 30 秒后重试...
2025-01-19 07:35:31,155 - 未找到预测 CSV 文件，等待 30 秒后重试...
2025-01-19 07:36:01,172 - 未找到预测 CSV 文件，等待 30 秒后重试...
2025-01-19 07:36:31,181 - 未找到预测 CSV 文件，等待 30 秒后重试...
2025-01-19 07:37:01,198 - 未找到预测 CSV 文件，等待 30 秒后重试...
2025-01-19 07:37:31,200 - 未找到预测 CSV 文件，等待 30 秒后重试...
2025-01-19 07:38:01,207 - 未找到预测 CSV 文件，等待 30 秒后重试...
2025-01-19 07:38:31,224 - 未找到预测 CSV 文件，等待 30 秒后重试...
2025-01-19 07:39:01,235 - 未找到预测 CSV 文件，等待 30 秒后重试...
2025-01-19 07:39:31,240 - 未找到预测 CSV 文件，等待 30 秒后重试...
2025-01-19 07:40:01,244 - 未找到预测 CSV 文件，等待 30 秒后重试...
2025-01-19 07:40:31,252 - 未找到预测 CSV 文件，等待 30 秒后重试...
2025-01-19 07:41:01,262 - 未找到预测 CSV 文件，等待 30 秒后重试...
2025-01-19 07:41:31,281 - 未找到预测 CSV 文件，等待 30 秒后重试...
2025-01-19 07:42:01,284 - 未找到预测 CSV 文件，等待 30 秒后重试...
2025-01-19 07:42:31,290 - 未找到预测 CSV 文件，等待 30 秒后重试...
2025-01-19 07:43:01,305 - 未找到预测 CSV 文件，等待 30 秒后重试...
2025-01-19 07:43:31,312 - 未找到预测 CSV 文件，等待 30 秒后重试...
2025-01-19 07:44:01,315 - 未找到预测 CSV 文件，等待 30 秒后重试...
2025-01-19 07:44:31,328 - 未找到预测 CSV 文件，等待 30 秒后重试...
2025-01-19 07:45:01,337 - 未找到预测 CSV 文件，等待 30 秒后重试...
2025-01-19 07:45:31,349 - 未找到预测 CSV 文件，等待 30 秒后重试...
2025-01-19 07:46:01,360 - 未找到预测 CSV 文件，等待 30 秒后重试...
2025-01-19 07:46:31,366 - 未找到预测 CSV 文件，等待 30 秒后重试...
2025-01-19 07:47:01,375 - 未找到预测 CSV 文件，等待 30 秒后重试...
2025-01-19 07:47:31,384 - 未找到预测 CSV 文件，等待 30 秒后重试...
2025-01-19 07:48:01,400 - 未找到预测 CSV 文件，等待 30 秒后重试...
2025-01-19 07:48:31,407 - 未找到预测 CSV 文件，等待 30 秒后重试...
2025-01-19 07:49:01,423 - 未找到预测 CSV 文件，等待 30 秒后重试...
2025-01-19 07:49:31,431 - 未找到预测 CSV 文件，等待 30 秒后重试...
2025-01-19 07:50:01,437 - 未找到预测 CSV 文件，等待 30 秒后重试...
2025-01-19 07:50:31,454 - 未找到预测 CSV 文件，等待 30 秒后重试...
2025-01-19 07:51:01,466 - 未找到预测 CSV 文件，等待 30 秒后重试...
2025-01-19 07:51:31,477 - 未找到预测 CSV 文件，等待 30 秒后重试...
2025-01-19 07:52:01,490 - 未找到预测 CSV 文件，等待 30 秒后重试...
2025-01-19 07:52:31,503 - 未找到预测 CSV 文件，等待 30 秒后重试...
2025-01-19 07:53:01,517 - 未找到预测 CSV 文件，等待 30 秒后重试...
2025-01-19 07:53:31,526 - 未找到预测 CSV 文件，等待 30 秒后重试...
2025-01-19 07:54:01,531 - 未找到预测 CSV 文件，等待 30 秒后重试...
2025-01-19 07:54:31,545 - 未找到预测 CSV 文件，等待 30 秒后重试...
2025-01-19 07:55:01,549 - 未找到预测 CSV 文件，等待 30 秒后重试...
2025-01-19 07:55:31,550 - 未找到预测 CSV 文件，等待 30 秒后重试...
2025-01-19 07:56:01,564 - 未找到预测 CSV 文件，等待 30 秒后重试...
2025-01-19 07:56:31,580 - 未找到预测 CSV 文件，等待 30 秒后重试...
2025-01-19 07:57:01,596 - 未找到预测 CSV 文件，等待 30 秒后重试...
2025-01-19 07:57:31,613 - 未找到预测 CSV 文件，等待 30 秒后重试...
2025-01-19 07:58:01,619 - 未找到预测 CSV 文件，等待 30 秒后重试...
2025-01-19 07:58:31,626 - 未找到预测 CSV 文件，等待 30 秒后重试...
2025-01-19 07:59:01,634 - 未找到预测 CSV 文件，等待 30 秒后重试...
2025-01-19 07:59:31,640 - 未找到预测 CSV 文件，等待 30 秒后重试...
2025-01-19 08:00:01,647 - 未找到预测 CSV 文件，等待 30 秒后重试...
2025-01-19 08:00:31,651 - 未找到预测 CSV 文件，等待 30 秒后重试...
2025-01-19 08:01:01,666 - 未找到预测 CSV 文件，等待 30 秒后重试...
2025-01-19 08:01:31,669 - 未找到预测 CSV 文件，等待 30 秒后重试...
2025-01-19 08:02:01,675 - 未找到预测 CSV 文件，等待 30 秒后重试...
2025-01-19 08:02:31,691 - 未找到预测 CSV 文件，等待 30 秒后重试...
2025-01-19 08:03:01,695 - 未找到预测 CSV 文件，等待 30 秒后重试...
2025-01-19 08:03:31,709 - 未找到预测 CSV 文件，等待 30 秒后重试...
2025-01-19 08:04:01,720 - 未找到预测 CSV 文件，等待 30 秒后重试...
2025-01-19 08:04:31,735 - 未找到预测 CSV 文件，等待 30 秒后重试...
2025-01-19 08:05:01,738 - 未找到预测 CSV 文件，等待 30 秒后重试...
2025-01-19 08:05:31,749 - 未找到预测 CSV 文件，等待 30 秒后重试...
2025-01-19 08:06:01,763 - 未找到预测 CSV 文件，等待 30 秒后重试...
2025-01-19 08:06:31,776 - 未找到预测 CSV 文件，等待 30 秒后重试...
2025-01-19 08:07:01,783 - 未找到预测 CSV 文件，等待 30 秒后重试...
2025-01-19 08:07:31,796 - 未找到预测 CSV 文件，等待 30 秒后重试...
2025-01-19 08:08:01,807 - 未找到预测 CSV 文件，等待 30 秒后重试...
2025-01-19 08:08:31,808 - 未找到预测 CSV 文件，等待 30 秒后重试...
2025-01-19 08:09:01,819 - 未找到预测 CSV 文件，等待 30 秒后重试...
2025-01-19 08:09:31,822 - 未找到预测 CSV 文件，等待 30 秒后重试...
2025-01-19 08:10:01,831 - 未找到预测 CSV 文件，等待 30 秒后重试...
2025-01-19 08:10:31,841 - 未找到预测 CSV 文件，等待 30 秒后重试...
2025-01-19 08:11:01,858 - 未找到预测 CSV 文件，等待 30 秒后重试...
2025-01-19 08:11:31,865 - 未找到预测 CSV 文件，等待 30 秒后重试...
2025-01-19 08:12:01,877 - 未找到预测 CSV 文件，等待 30 秒后重试...
2025-01-19 08:12:31,890 - 未找到预测 CSV 文件，等待 30 秒后重试...
2025-01-19 08:13:01,904 - 未找到预测 CSV 文件，等待 30 秒后重试...
2025-01-19 08:13:31,918 - 未找到预测 CSV 文件，等待 30 秒后重试...
2025-01-19 08:14:01,924 - 未找到预测 CSV 文件，等待 30 秒后重试...
2025-01-19 08:14:31,928 - 未找到预测 CSV 文件，等待 30 秒后重试...
2025-01-19 08:15:01,940 - 未找到预测 CSV 文件，等待 30 秒后重试...
2025-01-19 08:15:31,956 - 未找到预测 CSV 文件，等待 30 秒后重试...
2025-01-19 08:16:01,964 - 未找到预测 CSV 文件，等待 30 秒后重试...
2025-01-19 08:16:31,971 - 未找到预测 CSV 文件，等待 30 秒后重试...
2025-01-19 08:17:01,982 - 未找到预测 CSV 文件，等待 30 秒后重试...
2025-01-19 08:17:31,996 - 未找到预测 CSV 文件，等待 30 秒后重试...
2025-01-19 08:18:01,999 - 未找到预测 CSV 文件，等待 30 秒后重试...
2025-01-19 08:18:32,002 - 未找到预测 CSV 文件，等待 30 秒后重试...
2025-01-19 08:19:02,005 - 未找到预测 CSV 文件，等待 30 秒后重试...
2025-01-19 08:19:32,011 - 未找到预测 CSV 文件，等待 30 秒后重试...
2025-01-19 08:20:02,012 - 未找到预测 CSV 文件，等待 30 秒后重试...
2025-01-19 08:20:32,024 - 未找到预测 CSV 文件，等待 30 秒后重试...
2025-01-19 08:21:02,037 - 未找到预测 CSV 文件，等待 30 秒后重试...
2025-01-19 08:21:32,053 - 未找到预测 CSV 文件，等待 30 秒后重试...
2025-01-19 08:22:02,070 - 未找到预测 CSV 文件，等待 30 秒后重试...
2025-01-19 08:22:32,072 - 未找到预测 CSV 文件，等待 30 秒后重试...
2025-01-19 08:23:02,086 - 未找到预测 CSV 文件，等待 30 秒后重试...
2025-01-19 08:23:32,089 - 未找到预测 CSV 文件，等待 30 秒后重试...
2025-01-19 08:24:02,094 - 未找到预测 CSV 文件，等待 30 秒后重试...
2025-01-19 08:24:32,108 - 未找到预测 CSV 文件，等待 30 秒后重试...
2025-01-19 08:25:02,118 - 未找到预测 CSV 文件，等待 30 秒后重试...
2025-01-19 08:25:32,131 - 未找到预测 CSV 文件，等待 30 秒后重试...
2025-01-19 08:26:02,137 - 未找到预测 CSV 文件，等待 30 秒后重试...
2025-01-19 08:26:32,145 - 未找到预测 CSV 文件，等待 30 秒后重试...
2025-01-19 08:27:02,162 - 未找到预测 CSV 文件，等待 30 秒后重试...
2025-01-19 08:27:32,175 - 未找到预测 CSV 文件，等待 30 秒后重试...
2025-01-19 08:28:02,188 - 未找到预测 CSV 文件，等待 30 秒后重试...
2025-01-19 08:28:32,191 - 未找到预测 CSV 文件，等待 30 秒后重试...
2025-01-19 08:29:02,203 - 未找到预测 CSV 文件，等待 30 秒后重试...
2025-01-19 08:29:32,207 - 未找到预测 CSV 文件，等待 30 秒后重试...
2025-01-19 08:30:02,210 - 未找到预测 CSV 文件，等待 30 秒后重试...
2025-01-19 08:30:32,222 - 未找到预测 CSV 文件，等待 30 秒后重试...
2025-01-19 08:31:02,227 - 发现新的预测文件：D:\my-vue-project\wind-power-forecast\backend\auto_scripts\precsv\shortcsv\20250119.csv，执行预测...
2025-01-19 08:31:02,328 - 今天的训练和预测任务已完成。
