2025-03-23 10:37:21,613 - 
================================================================================
2025-03-23 10:37:21,613 - >>> 自动训练预测系统启动 <<<
2025-03-23 10:37:21,613 - ================================================================================

2025-03-23 10:37:21,613 - 自动训练预测系统启动
2025-03-23 10:37:21,613 - 今天的日期是: 20250323
2025-03-23 10:37:21,613 - 创建监视线程...
2025-03-23 10:37:21,613 - 启动训练线程...
2025-03-23 10:37:21,614 - 启动预测线程...
2025-03-23 10:37:21,614 - 
================================================================================
2025-03-23 10:37:21,614 - >>> 启动训练监视线程 <<<
2025-03-23 10:37:21,614 - 等待线程完成...
2025-03-23 10:37:21,614 - ================================================================================

2025-03-23 10:37:21,614 - 
================================================================================
2025-03-23 10:37:21,615 - 启动训练监视线程
2025-03-23 10:37:21,615 - >>> 启动预测监视线程 <<<
2025-03-23 10:37:21,615 - ================================================================================

2025-03-23 10:37:21,615 - 启动预测监视线程
2025-03-23 10:37:21,615 - 训练文件路径: D:\my-vue-project\wind-power-forecast\backend\auto_scripts\dataset\dataset_short\20250323.csv
2025-03-23 10:37:21,616 - 模型存储目录: D:\my-vue-project\wind-power-forecast\backend\auto_scripts\models\shortmodel\20250323
2025-03-23 10:37:21,616 - 训练完成标志文件: D:\my-vue-project\wind-power-forecast\backend\auto_scripts\scripts\short\logs\auto_pre_train\20250323_train_done.flag
2025-03-23 10:37:21,616 - 预测数据文件路径: D:\my-vue-project\wind-power-forecast\backend\auto_scripts\precsv\shortcsv\20250323.csv
2025-03-23 10:37:21,616 - 开始监视 D:\my-vue-project\wind-power-forecast\backend\auto_scripts\dataset\dataset_short 文件夹以进行训练...
2025-03-23 10:37:21,616 - 模型目录: D:\my-vue-project\wind-power-forecast\backend\auto_scripts\models\shortmodel\20250323
2025-03-23 10:37:21,616 - 预测完成标志文件: D:\my-vue-project\wind-power-forecast\backend\auto_scripts\scripts\short\logs\auto_pre_train\20250323_predict_done.flag
2025-03-23 10:37:21,616 - 开始监视 D:\my-vue-project\wind-power-forecast\backend\auto_scripts\precsv\shortcsv 文件夹以进行预测...
2025-03-23 10:37:21,616 - ❌ 未找到训练 CSV 文件: D:\my-vue-project\wind-power-forecast\backend\auto_scripts\dataset\dataset_short\20250323.csv，等待 30 秒后重试...
2025-03-23 10:37:21,616 - 检查模型目录: D:\my-vue-project\wind-power-forecast\backend\auto_scripts\models\shortmodel\20250323
2025-03-23 10:37:21,616 - 未找到best_models目录，检查传统模型文件
2025-03-23 10:37:21,616 - 未找到任何可用模型文件
2025-03-23 10:37:21,617 - ⏳ 未有可用模型，等待模型训练完成...
2025-03-23 20:13:47,746 - 
================================================================================
2025-03-23 20:13:47,746 - >>> 自动训练预测系统启动 <<<
2025-03-23 20:13:47,746 - ================================================================================

2025-03-23 20:13:47,746 - 自动训练预测系统启动
2025-03-23 20:13:47,746 - 今天的日期是: 20250323
2025-03-23 20:13:47,746 - 创建监视线程...
2025-03-23 20:13:47,747 - 启动训练线程...
2025-03-23 20:13:47,747 - 启动预测线程...
2025-03-23 20:13:47,747 - 
================================================================================
2025-03-23 20:13:47,747 - >>> 启动训练监视线程 <<<
2025-03-23 20:13:47,748 - ================================================================================

2025-03-23 20:13:47,748 - 启动训练监视线程
2025-03-23 20:13:47,748 - 
================================================================================
2025-03-23 20:13:47,748 - 等待线程完成...
2025-03-23 20:13:47,748 - >>> 启动预测监视线程 <<<
2025-03-23 20:13:47,748 - ================================================================================

2025-03-23 20:13:47,748 - 启动预测监视线程
2025-03-23 20:13:47,748 - 训练文件路径: D:\my-vue-project\wind-power-forecast\backend\auto_scripts\dataset\dataset_short\20250323.csv
2025-03-23 20:13:47,748 - 模型存储目录: D:\my-vue-project\wind-power-forecast\backend\auto_scripts\models\shortmodel\20250323
2025-03-23 20:13:47,748 - 训练完成标志文件: D:\my-vue-project\wind-power-forecast\backend\auto_scripts\scripts\short\logs\auto_pre_train\20250323_train_done.flag
2025-03-23 20:13:47,748 - 开始监视 D:\my-vue-project\wind-power-forecast\backend\auto_scripts\dataset\dataset_short 文件夹以进行训练...
2025-03-23 20:13:47,748 - 预测数据文件路径: D:\my-vue-project\wind-power-forecast\backend\auto_scripts\precsv\shortcsv\20250323.csv
2025-03-23 20:13:47,749 - 模型目录: D:\my-vue-project\wind-power-forecast\backend\auto_scripts\models\shortmodel\20250323
2025-03-23 20:13:47,749 - 预测完成标志文件: D:\my-vue-project\wind-power-forecast\backend\auto_scripts\scripts\short\logs\auto_pre_train\20250323_predict_done.flag
2025-03-23 20:13:47,749 - ❌ 未找到训练 CSV 文件: D:\my-vue-project\wind-power-forecast\backend\auto_scripts\dataset\dataset_short\20250323.csv，等待 30 秒后重试...
2025-03-23 20:13:47,749 - 开始监视 D:\my-vue-project\wind-power-forecast\backend\auto_scripts\precsv\shortcsv 文件夹以进行预测...
2025-03-23 20:13:47,749 - 检查模型目录: D:\my-vue-project\wind-power-forecast\backend\auto_scripts\models\shortmodel\20250323
2025-03-23 20:13:47,749 - 未找到best_models目录，检查传统模型文件
2025-03-23 20:13:47,749 - 未找到任何可用模型文件
2025-03-23 20:13:47,749 - ⏳ 未有可用模型，等待模型训练完成...
2025-03-23 22:30:46,693 - 
================================================================================
2025-03-23 22:30:46,693 - >>> 自动训练预测系统启动 <<<
2025-03-23 22:30:46,693 - ================================================================================

2025-03-23 22:30:46,693 - 自动训练预测系统启动
2025-03-23 22:30:46,694 - 今天的日期是: 20250323
2025-03-23 22:30:46,694 - 创建监视线程...
2025-03-23 22:30:46,694 - 启动训练线程...
2025-03-23 22:30:46,694 - 启动预测线程...
2025-03-23 22:30:46,694 - 
================================================================================
2025-03-23 22:30:46,694 - >>> 启动训练监视线程 <<<
2025-03-23 22:30:46,695 - ================================================================================

2025-03-23 22:30:46,695 - 启动训练监视线程
2025-03-23 22:30:46,695 - 等待线程完成...
2025-03-23 22:30:46,695 - 
================================================================================
2025-03-23 22:30:46,695 - >>> 启动预测监视线程 <<<
2025-03-23 22:30:46,695 - ================================================================================

2025-03-23 22:30:46,695 - 启动预测监视线程
2025-03-23 22:30:46,695 - 训练文件路径: D:\my-vue-project\wind-power-forecast\backend\auto_scripts\dataset\dataset_short\20250323.csv
2025-03-23 22:30:46,695 - 模型存储目录: D:\my-vue-project\wind-power-forecast\backend\auto_scripts\models\shortmodel\20250323
2025-03-23 22:30:46,695 - 训练完成标志文件: D:\my-vue-project\wind-power-forecast\backend\auto_scripts\scripts\short\logs\auto_pre_train\20250323_train_done.flag
2025-03-23 22:30:46,695 - 开始监视 D:\my-vue-project\wind-power-forecast\backend\auto_scripts\dataset\dataset_short 文件夹以进行训练...
2025-03-23 22:30:46,695 - 预测数据文件路径: D:\my-vue-project\wind-power-forecast\backend\auto_scripts\precsv\shortcsv\20250323.csv
2025-03-23 22:30:46,696 - ✅ 发现新的训练文件：D:\my-vue-project\wind-power-forecast\backend\auto_scripts\dataset\dataset_short\20250323.csv，执行训练...
2025-03-23 22:30:46,696 - 模型目录: D:\my-vue-project\wind-power-forecast\backend\auto_scripts\models\shortmodel\20250323
2025-03-23 22:30:46,696 - 
================================================================================
2025-03-23 22:30:46,696 - 预测完成标志文件: D:\my-vue-project\wind-power-forecast\backend\auto_scripts\scripts\short\logs\auto_pre_train\20250323_predict_done.flag
2025-03-23 22:30:46,696 - >>> 开始模型训练 <<<
2025-03-23 22:30:46,696 - 开始监视 D:\my-vue-project\wind-power-forecast\backend\auto_scripts\precsv\shortcsv 文件夹以进行预测...
2025-03-23 22:30:46,697 - ================================================================================

2025-03-23 22:30:46,697 - 配置信息:
2025-03-23 22:30:46,697 - 检查模型目录: D:\my-vue-project\wind-power-forecast\backend\auto_scripts\models\shortmodel\20250323
2025-03-23 22:30:46,697 -   - 窗口大小: 16
2025-03-23 22:30:46,697 -   - 滞后特征数: 4
2025-03-23 22:30:46,697 - 未找到best_models目录，检查传统模型文件
2025-03-23 22:30:46,697 -   - 训练集比例: 0.9
2025-03-23 22:30:46,697 -   - 输出目录: D:\my-vue-project\wind-power-forecast\backend\auto_scripts\train_predictions\short_predictions
2025-03-23 22:30:46,697 -   - 模型存储路径: D:\my-vue-project\wind-power-forecast\backend\auto_scripts\models\shortmodel\20250323
2025-03-23 22:30:46,697 - 输出结果将保存到: D:\my-vue-project\wind-power-forecast\backend\auto_scripts\train_predictions\short_predictions
2025-03-23 22:30:46,697 - 未找到任何可用模型文件
2025-03-23 22:30:46,697 - 
================================================================================
2025-03-23 22:30:46,698 - ⏳ 未有可用模型，等待模型训练完成...
2025-03-23 22:30:46,698 - >>> 数据加载与预处理 <<<
2025-03-23 22:30:46,698 - ================================================================================

2025-03-23 22:30:46,698 - 加载数据文件: D:\my-vue-project\wind-power-forecast\backend\auto_scripts\dataset\dataset_short\20250323.csv
2025-03-23 22:30:46,698 - 开始加载和预处理数据...
2025-03-23 22:30:46,810 - 数据加载完成，共 2973 条记录
2025-03-23 22:30:46,832 - 数据前5行预览: 
        Timestamp    129.128_1    129.128_2  ...  ws200_15  wp_true    ws_all
0  2024/3/18 0:00  15974.26563  16293.82813  ...  9.731182   227.36  8.047185
1  2024/3/18 0:15  15974.26563  16293.82813  ...  9.603328   247.36  8.295189
2  2024/3/18 0:30  15974.26563  16293.82813  ...  9.476844   255.30  8.392767
3  2024/3/18 0:45  15974.26563  16293.82813  ...  9.351785   267.26  8.539846
4  2024/3/18 1:00  15974.26563  16293.82813  ...  9.228210   279.18  8.687130

[5 rows x 303 columns]
2025-03-23 22:30:46,836 - 数据集时间范围: 2024-03-18 至 2024-04-17, 共 1 个月
2025-03-23 22:30:46,836 - 根据数据集实际时间范围(1个月)，优化months_list: [1, 3, 6, 9, 12, None] -> [1, None]
2025-03-23 22:30:46,836 - 将使用以下时间段训练模型: [1, None]
2025-03-23 22:30:46,836 - 
================================================================================
2025-03-23 22:30:46,836 - >>> 开始多数据集训练 <<<
2025-03-23 22:30:46,836 - ================================================================================

2025-03-23 22:30:46,836 - 将使用多种时间跨度的数据训练模型...
2025-03-23 22:30:46,836 - 
--------------------------------------------------
【使用多个数据集训练模型】
--------------------------------------------------
2025-03-23 22:30:46,836 - 最佳模型将保存到: D:\my-vue-project\wind-power-forecast\backend\auto_scripts\models\shortmodel\20250323\best_models
2025-03-23 22:30:46,836 - 获取统一参数成功，包含 3 种模型类型
2025-03-23 22:30:46,837 - 
--------------------------------------------------
【训练数据集: 1个月】
--------------------------------------------------
2025-03-23 22:30:46,837 - 使用1个月的数据进行训练...
2025-03-23 22:30:46,837 - 过滤数据为最近1个月...
2025-03-23 22:30:46,838 - 过滤后的数据量: 2973
2025-03-23 22:30:46,838 - 对1个月数据进行预处理...
2025-03-23 22:30:46,842 - 预处理后的特征维度: (2973, 304), 目标变量维度: (2973,)
2025-03-23 22:30:46,843 - 数据集划分完成，训练集: (2675, 304), 验证集: (298, 304)
2025-03-23 22:30:46,843 - 提取了 298 个验证集时间戳，用于时间加权评估
2025-03-23 22:30:46,843 - 执行特征工程，滞后特征数: 4...
2025-03-23 22:30:46,894 - 特征工程后的特征维度 - 训练集: (2672, 859), 验证集: (295, 859)
2025-03-23 22:30:46,894 - 数据标准化...
2025-03-23 22:30:46,928 - 数据标准化完成
2025-03-23 22:30:46,928 - 创建时间窗口，窗口大小: 16...
2025-03-23 22:30:46,983 - 时间窗口创建完成 - 训练集: (2657, 16, 859), 验证集: (280, 16, 859)
2025-03-23 22:30:46,983 - 调整时间戳长度以匹配窗口化后的验证集 - 原始长度: 298, 目标长度: 280
2025-03-23 22:30:46,983 - 时间戳已截断至匹配窗口化后的验证集长度: 280
2025-03-23 22:30:46,983 - 为1个月数据创建模型目录: D:\my-vue-project\wind-power-forecast\backend\auto_scripts\models\shortmodel\20250323\1months
2025-03-23 22:30:46,983 - 开始训练1个月数据的模型...
2025-03-23 22:30:46,983 - 
--------------------------------------------------
【开始模型训练与评估】
--------------------------------------------------
2025-03-23 22:30:46,984 - 模型和 scaler 将被保存到目录: D:\my-vue-project\wind-power-forecast\backend\auto_scripts\models\shortmodel\20250323\1months
2025-03-23 22:30:46,984 - 
--------------------------------------------------
【训练 GBDT 模型】
--------------------------------------------------
2025-03-23 22:30:46,984 - 模型参数: {'boosting_type': 'gbdt', 'objective': 'regression', 'metric': 'rmse', 'num_leaves': 31, 'learning_rate': 0.05, 'feature_fraction': 0.9, 'name': 'GBDT'}
2025-03-23 22:30:46,984 - 开始训练 GBDT 模型...
2025-03-23 22:31:13,838 - GBDT 模型训练完成
2025-03-23 22:31:13,838 - 使用 GBDT 模型预测验证集...
2025-03-23 22:31:13,846 - 使用时间加权方式计算模型评分...
2025-03-23 22:31:13,849 - GBDT 评估结果 - RMSE: 67.1426, K: 0.4608, 加权评分: 0.6513
2025-03-23 22:31:13,849 - ✅ GBDT 成为当前最佳模型 (基于加权评分)
2025-03-23 22:31:13,860 - GBDT 模型已保存到 D:\my-vue-project\wind-power-forecast\backend\auto_scripts\models\shortmodel\20250323\1months\GBDT.joblib
2025-03-23 22:31:13,861 - 
--------------------------------------------------
【训练 DART 模型】
--------------------------------------------------
2025-03-23 22:31:13,861 - 模型参数: {'boosting_type': 'dart', 'objective': 'regression', 'metric': 'rmse', 'num_leaves': 31, 'learning_rate': 0.05, 'feature_fraction': 0.9, 'drop_rate': 0.1, 'name': 'DART'}
2025-03-23 22:31:13,861 - 开始训练 DART 模型...
2025-03-23 22:31:16,711 - 检查模型目录: D:\my-vue-project\wind-power-forecast\backend\auto_scripts\models\shortmodel\20250323
2025-03-23 22:31:16,712 - 发现best_models目录: D:\my-vue-project\wind-power-forecast\backend\auto_scripts\models\shortmodel\20250323\best_models
2025-03-23 22:31:16,712 - 未找到GBDT模型文件
2025-03-23 22:31:16,712 - 未找到DART模型文件
2025-03-23 22:31:16,712 - 未找到GOSS模型文件
2025-03-23 22:31:16,713 - 未找到任何可用模型文件
2025-03-23 22:31:16,713 - ⏳ 未有可用模型，等待模型训练完成...
2025-03-23 22:31:46,725 - 检查模型目录: D:\my-vue-project\wind-power-forecast\backend\auto_scripts\models\shortmodel\20250323
2025-03-23 22:31:46,725 - 发现best_models目录: D:\my-vue-project\wind-power-forecast\backend\auto_scripts\models\shortmodel\20250323\best_models
2025-03-23 22:31:46,725 - 未找到GBDT模型文件
2025-03-23 22:31:46,726 - 未找到DART模型文件
2025-03-23 22:31:46,726 - 未找到GOSS模型文件
2025-03-23 22:31:46,726 - 未找到任何可用模型文件
2025-03-23 22:31:46,726 - ⏳ 未有可用模型，等待模型训练完成...
2025-03-23 22:31:58,986 - DART 模型训练完成
2025-03-23 22:31:58,986 - 使用 DART 模型预测验证集...
2025-03-23 22:31:58,995 - 使用时间加权方式计算模型评分...
2025-03-23 22:31:58,997 - DART 评估结果 - RMSE: 62.3280, K: 0.6255, 加权评分: 0.7416
2025-03-23 22:31:58,998 - ✅ DART 成为当前最佳模型 (基于加权评分)
2025-03-23 22:31:59,009 - DART 模型已保存到 D:\my-vue-project\wind-power-forecast\backend\auto_scripts\models\shortmodel\20250323\1months\DART.joblib
2025-03-23 22:31:59,009 - 
--------------------------------------------------
【训练 GOSS 模型】
--------------------------------------------------
2025-03-23 22:31:59,009 - 模型参数: {'boosting_type': 'goss', 'objective': 'regression', 'metric': 'rmse', 'num_leaves': 31, 'learning_rate': 0.05, 'feature_fraction': 0.9, 'top_rate': 0.2, 'other_rate': 0.1, 'name': 'GOSS'}
2025-03-23 22:31:59,009 - 开始训练 GOSS 模型...
2025-03-23 22:32:16,736 - 检查模型目录: D:\my-vue-project\wind-power-forecast\backend\auto_scripts\models\shortmodel\20250323
2025-03-23 22:32:16,736 - 发现best_models目录: D:\my-vue-project\wind-power-forecast\backend\auto_scripts\models\shortmodel\20250323\best_models
2025-03-23 22:32:16,736 - 未找到GBDT模型文件
2025-03-23 22:32:16,736 - 未找到DART模型文件
2025-03-23 22:32:16,736 - 未找到GOSS模型文件
2025-03-23 22:32:16,737 - 未找到任何可用模型文件
2025-03-23 22:32:16,737 - ⏳ 未有可用模型，等待模型训练完成...
2025-03-23 22:32:35,761 - GOSS 模型训练完成
2025-03-23 22:32:35,762 - 使用 GOSS 模型预测验证集...
2025-03-23 22:32:35,773 - 使用时间加权方式计算模型评分...
2025-03-23 22:32:35,775 - GOSS 评估结果 - RMSE: 68.3105, K: 0.4494, 加权评分: 0.6442
2025-03-23 22:32:35,797 - GOSS 模型已保存到 D:\my-vue-project\wind-power-forecast\backend\auto_scripts\models\shortmodel\20250323\1months\GOSS.joblib
2025-03-23 22:32:35,799 - Scaler 已保存到 D:\my-vue-project\wind-power-forecast\backend\auto_scripts\models\shortmodel\20250323\1months\scaler.joblib
2025-03-23 22:32:35,808 - 最佳模型 'DART' 已额外保存到 D:\my-vue-project\wind-power-forecast\backend\auto_scripts\models\shortmodel\20250323\1months\model.joblib
2025-03-23 22:32:35,808 - 1个月数据的模型训练完成
2025-03-23 22:32:35,808 - 
--------------------------------------------------
【更新每种算法的最佳模型】
--------------------------------------------------
2025-03-23 22:32:35,808 - ✅ 发现更好的GBDT模型 (来自1个月数据)
2025-03-23 22:32:35,808 -    新评分: 0.6513, 旧评分: -inf
2025-03-23 22:32:35,809 - ✅ 发现更好的DART模型 (来自1个月数据)
2025-03-23 22:32:35,809 -    新评分: 0.7416, 旧评分: -inf
2025-03-23 22:32:35,809 - ✅ 发现更好的GOSS模型 (来自1个月数据)
2025-03-23 22:32:35,809 -    新评分: 0.6442, 旧评分: -inf
2025-03-23 22:32:35,809 - 
--------------------------------------------------
【训练数据集: 全部数据】
--------------------------------------------------
2025-03-23 22:32:35,809 - 使用全部数据的数据进行训练...
2025-03-23 22:32:35,809 - 使用全部数据...
2025-03-23 22:32:35,810 - 过滤后的数据量: 2973
2025-03-23 22:32:35,810 - 对全部数据数据进行预处理...
2025-03-23 22:32:35,818 - 预处理后的特征维度: (2973, 304), 目标变量维度: (2973,)
2025-03-23 22:32:35,820 - 数据集划分完成，训练集: (2675, 304), 验证集: (298, 304)
2025-03-23 22:32:35,820 - 提取了 298 个验证集时间戳，用于时间加权评估
2025-03-23 22:32:35,820 - 执行特征工程，滞后特征数: 4...
2025-03-23 22:32:35,982 - 特征工程后的特征维度 - 训练集: (2672, 859), 验证集: (295, 859)
2025-03-23 22:32:35,982 - 数据标准化...
2025-03-23 22:32:36,059 - 数据标准化完成
2025-03-23 22:32:36,059 - 创建时间窗口，窗口大小: 16...
2025-03-23 22:32:36,198 - 时间窗口创建完成 - 训练集: (2657, 16, 859), 验证集: (280, 16, 859)
2025-03-23 22:32:36,198 - 调整时间戳长度以匹配窗口化后的验证集 - 原始长度: 298, 目标长度: 280
2025-03-23 22:32:36,198 - 时间戳已截断至匹配窗口化后的验证集长度: 280
2025-03-23 22:32:36,199 - 为全部数据数据创建模型目录: D:\my-vue-project\wind-power-forecast\backend\auto_scripts\models\shortmodel\20250323\all_data
2025-03-23 22:32:36,199 - 开始训练全部数据数据的模型...
2025-03-23 22:32:36,199 - 
--------------------------------------------------
【开始模型训练与评估】
--------------------------------------------------
2025-03-23 22:32:36,199 - 模型和 scaler 将被保存到目录: D:\my-vue-project\wind-power-forecast\backend\auto_scripts\models\shortmodel\20250323\all_data
2025-03-23 22:32:36,199 - 
--------------------------------------------------
【训练 GBDT 模型】
--------------------------------------------------
2025-03-23 22:32:36,200 - 模型参数: {'boosting_type': 'gbdt', 'objective': 'regression', 'metric': 'rmse', 'num_leaves': 31, 'learning_rate': 0.05, 'feature_fraction': 0.9, 'name': 'GBDT'}
2025-03-23 22:32:36,200 - 开始训练 GBDT 模型...
2025-03-23 22:32:46,745 - 检查模型目录: D:\my-vue-project\wind-power-forecast\backend\auto_scripts\models\shortmodel\20250323
2025-03-23 22:32:46,746 - 发现best_models目录: D:\my-vue-project\wind-power-forecast\backend\auto_scripts\models\shortmodel\20250323\best_models
2025-03-23 22:32:46,746 - 未找到GBDT模型文件
2025-03-23 22:32:46,746 - 未找到DART模型文件
2025-03-23 22:32:46,747 - 未找到GOSS模型文件
2025-03-23 22:32:46,747 - 未找到任何可用模型文件
2025-03-23 22:32:46,747 - ⏳ 未有可用模型，等待模型训练完成...
2025-03-23 22:33:16,757 - 检查模型目录: D:\my-vue-project\wind-power-forecast\backend\auto_scripts\models\shortmodel\20250323
2025-03-23 22:33:16,757 - 发现best_models目录: D:\my-vue-project\wind-power-forecast\backend\auto_scripts\models\shortmodel\20250323\best_models
2025-03-23 22:33:16,757 - 未找到GBDT模型文件
2025-03-23 22:33:16,757 - 未找到DART模型文件
2025-03-23 22:33:16,757 - 未找到GOSS模型文件
2025-03-23 22:33:16,758 - 未找到任何可用模型文件
2025-03-23 22:33:16,758 - ⏳ 未有可用模型，等待模型训练完成...
2025-03-23 22:33:20,308 - GBDT 模型训练完成
2025-03-23 22:33:20,309 - 使用 GBDT 模型预测验证集...
2025-03-23 22:33:20,317 - 使用时间加权方式计算模型评分...
2025-03-23 22:33:20,319 - GBDT 评估结果 - RMSE: 67.1426, K: 0.4608, 加权评分: 0.6513
2025-03-23 22:33:20,320 - ✅ GBDT 成为当前最佳模型 (基于加权评分)
2025-03-23 22:33:20,332 - GBDT 模型已保存到 D:\my-vue-project\wind-power-forecast\backend\auto_scripts\models\shortmodel\20250323\all_data\GBDT.joblib
2025-03-23 22:33:20,332 - 
--------------------------------------------------
【训练 DART 模型】
--------------------------------------------------
2025-03-23 22:33:20,332 - 模型参数: {'boosting_type': 'dart', 'objective': 'regression', 'metric': 'rmse', 'num_leaves': 31, 'learning_rate': 0.05, 'feature_fraction': 0.9, 'drop_rate': 0.1, 'name': 'DART'}
2025-03-23 22:33:20,332 - 开始训练 DART 模型...
2025-03-23 22:33:46,772 - 检查模型目录: D:\my-vue-project\wind-power-forecast\backend\auto_scripts\models\shortmodel\20250323
2025-03-23 22:33:46,772 - 发现best_models目录: D:\my-vue-project\wind-power-forecast\backend\auto_scripts\models\shortmodel\20250323\best_models
2025-03-23 22:33:46,773 - 未找到GBDT模型文件
2025-03-23 22:33:46,773 - 未找到DART模型文件
2025-03-23 22:33:46,773 - 未找到GOSS模型文件
2025-03-23 22:33:46,773 - 未找到任何可用模型文件
2025-03-23 22:33:46,773 - ⏳ 未有可用模型，等待模型训练完成...
