2025-01-17 01:00:07,432 - 今天的日期是: 20250117
2025-01-17 01:00:07,433 - 开始监视 D:\my-vue-project\wind-power-forecast\backend\auto_scripts\dataset\dataset_short 文件夹以进行训练...
2025-01-17 01:00:07,433 - 发现新的训练文件：D:\my-vue-project\wind-power-forecast\backend\auto_scripts\dataset\dataset_short\20250117.csv，执行训练...
2025-01-17 01:00:07,433 - 输出结果将保存到: D:\my-vue-project\wind-power-forecast\backend\auto_scripts\train_predictions\short_predictions
2025-01-17 01:00:07,433 - 开始监视 D:\my-vue-project\wind-power-forecast\backend\auto_scripts\precsv\shortcsv 文件夹以进行预测...
2025-01-17 01:00:07,434 - 未有可用模型，等待模型训练完成...
2025-01-17 01:00:08,669 - 数据加载与预处理完成
2025-01-17 01:00:09,022 - 数据标准化完成
2025-01-17 01:00:09,830 - 创建时间窗口完成
2025-01-17 01:00:09,830 - 获取模型参数完成
2025-01-17 01:00:37,442 - 未有可用模型，等待模型训练完成...
2025-01-17 01:01:07,456 - 未有可用模型，等待模型训练完成...
2025-01-17 01:01:37,458 - 未有可用模型，等待模型训练完成...
2025-01-17 01:02:07,467 - 未有可用模型，等待模型训练完成...
2025-01-17 01:02:37,474 - 未有可用模型，等待模型训练完成...
2025-01-17 01:03:07,488 - 未有可用模型，等待模型训练完成...
2025-01-17 01:03:37,499 - 未有可用模型，等待模型训练完成...
2025-01-17 01:04:07,511 - 未有可用模型，等待模型训练完成...
2025-01-17 01:04:37,515 - 未有可用模型，等待模型训练完成...
2025-01-17 01:05:07,525 - 未有可用模型，等待模型训练完成...
2025-01-17 01:05:35,141 - 训练与评估完成
2025-01-17 01:05:35,158 - 保存预测结果完成
2025-01-17 01:05:35,366 - 可视化结果完成
2025-01-17 01:05:35,528 - 模型已成功保存到 D:\my-vue-project\wind-power-forecast\backend\auto_scripts\models\shortmodel\20250117，模型可用。
2025-01-17 01:05:37,528 - 未找到预测 CSV 文件，等待 30 秒后重试...
2025-01-17 01:06:07,531 - 未找到预测 CSV 文件，等待 30 秒后重试...
2025-01-17 01:06:37,542 - 未找到预测 CSV 文件，等待 30 秒后重试...
2025-01-17 01:07:07,550 - 未找到预测 CSV 文件，等待 30 秒后重试...
2025-01-17 01:07:37,553 - 未找到预测 CSV 文件，等待 30 秒后重试...
2025-01-17 01:08:07,562 - 未找到预测 CSV 文件，等待 30 秒后重试...
2025-01-17 01:08:37,568 - 未找到预测 CSV 文件，等待 30 秒后重试...
2025-01-17 01:09:07,583 - 未找到预测 CSV 文件，等待 30 秒后重试...
2025-01-17 01:09:37,594 - 未找到预测 CSV 文件，等待 30 秒后重试...
2025-01-17 01:10:07,601 - 未找到预测 CSV 文件，等待 30 秒后重试...
2025-01-17 01:10:37,613 - 未找到预测 CSV 文件，等待 30 秒后重试...
2025-01-17 01:11:07,616 - 未找到预测 CSV 文件，等待 30 秒后重试...
2025-01-17 01:11:37,625 - 未找到预测 CSV 文件，等待 30 秒后重试...
2025-01-17 01:12:07,633 - 未找到预测 CSV 文件，等待 30 秒后重试...
2025-01-17 01:12:37,639 - 未找到预测 CSV 文件，等待 30 秒后重试...
2025-01-17 01:13:07,653 - 未找到预测 CSV 文件，等待 30 秒后重试...
2025-01-17 01:13:37,660 - 未找到预测 CSV 文件，等待 30 秒后重试...
2025-01-17 01:14:07,673 - 未找到预测 CSV 文件，等待 30 秒后重试...
2025-01-17 01:14:37,675 - 未找到预测 CSV 文件，等待 30 秒后重试...
2025-01-17 01:15:07,678 - 未找到预测 CSV 文件，等待 30 秒后重试...
2025-01-17 01:15:37,690 - 未找到预测 CSV 文件，等待 30 秒后重试...
2025-01-17 01:16:07,696 - 未找到预测 CSV 文件，等待 30 秒后重试...
2025-01-17 01:16:37,714 - 未找到预测 CSV 文件，等待 30 秒后重试...
2025-01-17 01:17:07,716 - 未找到预测 CSV 文件，等待 30 秒后重试...
2025-01-17 01:17:37,720 - 未找到预测 CSV 文件，等待 30 秒后重试...
2025-01-17 01:18:07,727 - 未找到预测 CSV 文件，等待 30 秒后重试...
2025-01-17 01:18:37,736 - 未找到预测 CSV 文件，等待 30 秒后重试...
2025-01-17 01:19:07,746 - 未找到预测 CSV 文件，等待 30 秒后重试...
2025-01-17 01:19:37,760 - 未找到预测 CSV 文件，等待 30 秒后重试...
2025-01-17 01:20:07,768 - 未找到预测 CSV 文件，等待 30 秒后重试...
2025-01-17 01:20:37,781 - 未找到预测 CSV 文件，等待 30 秒后重试...
2025-01-17 01:21:07,794 - 未找到预测 CSV 文件，等待 30 秒后重试...
2025-01-17 01:21:37,806 - 未找到预测 CSV 文件，等待 30 秒后重试...
2025-01-17 01:22:07,818 - 未找到预测 CSV 文件，等待 30 秒后重试...
2025-01-17 01:22:37,826 - 未找到预测 CSV 文件，等待 30 秒后重试...
2025-01-17 01:23:07,833 - 未找到预测 CSV 文件，等待 30 秒后重试...
2025-01-17 01:23:37,838 - 未找到预测 CSV 文件，等待 30 秒后重试...
2025-01-17 01:24:07,853 - 未找到预测 CSV 文件，等待 30 秒后重试...
2025-01-17 01:24:37,862 - 未找到预测 CSV 文件，等待 30 秒后重试...
2025-01-17 01:25:07,871 - 未找到预测 CSV 文件，等待 30 秒后重试...
2025-01-17 01:25:37,881 - 未找到预测 CSV 文件，等待 30 秒后重试...
2025-01-17 01:26:07,888 - 未找到预测 CSV 文件，等待 30 秒后重试...
2025-01-17 01:26:37,892 - 未找到预测 CSV 文件，等待 30 秒后重试...
2025-01-17 01:27:07,906 - 未找到预测 CSV 文件，等待 30 秒后重试...
2025-01-17 01:27:37,919 - 未找到预测 CSV 文件，等待 30 秒后重试...
2025-01-17 01:28:07,926 - 未找到预测 CSV 文件，等待 30 秒后重试...
2025-01-17 01:28:37,938 - 未找到预测 CSV 文件，等待 30 秒后重试...
2025-01-17 01:29:07,953 - 未找到预测 CSV 文件，等待 30 秒后重试...
2025-01-17 01:29:37,962 - 未找到预测 CSV 文件，等待 30 秒后重试...
2025-01-17 01:30:07,972 - 未找到预测 CSV 文件，等待 30 秒后重试...
2025-01-17 01:30:37,984 - 未找到预测 CSV 文件，等待 30 秒后重试...
2025-01-17 01:31:07,994 - 未找到预测 CSV 文件，等待 30 秒后重试...
2025-01-17 01:31:38,004 - 未找到预测 CSV 文件，等待 30 秒后重试...
2025-01-17 01:32:08,019 - 未找到预测 CSV 文件，等待 30 秒后重试...
2025-01-17 01:32:38,034 - 未找到预测 CSV 文件，等待 30 秒后重试...
2025-01-17 01:33:08,040 - 未找到预测 CSV 文件，等待 30 秒后重试...
2025-01-17 01:33:38,045 - 未找到预测 CSV 文件，等待 30 秒后重试...
2025-01-17 01:34:08,051 - 未找到预测 CSV 文件，等待 30 秒后重试...
2025-01-17 01:34:38,055 - 未找到预测 CSV 文件，等待 30 秒后重试...
2025-01-17 01:35:08,057 - 未找到预测 CSV 文件，等待 30 秒后重试...
2025-01-17 01:35:38,070 - 未找到预测 CSV 文件，等待 30 秒后重试...
2025-01-17 01:36:08,078 - 未找到预测 CSV 文件，等待 30 秒后重试...
2025-01-17 01:36:38,084 - 未找到预测 CSV 文件，等待 30 秒后重试...
2025-01-17 01:37:08,092 - 未找到预测 CSV 文件，等待 30 秒后重试...
2025-01-17 01:37:38,102 - 未找到预测 CSV 文件，等待 30 秒后重试...
2025-01-17 01:38:08,111 - 未找到预测 CSV 文件，等待 30 秒后重试...
2025-01-17 01:38:38,127 - 未找到预测 CSV 文件，等待 30 秒后重试...
2025-01-17 01:39:08,144 - 未找到预测 CSV 文件，等待 30 秒后重试...
2025-01-17 01:39:38,148 - 未找到预测 CSV 文件，等待 30 秒后重试...
2025-01-17 01:40:08,157 - 未找到预测 CSV 文件，等待 30 秒后重试...
2025-01-17 01:40:38,162 - 未找到预测 CSV 文件，等待 30 秒后重试...
2025-01-17 01:41:08,166 - 未找到预测 CSV 文件，等待 30 秒后重试...
2025-01-17 01:41:38,170 - 未找到预测 CSV 文件，等待 30 秒后重试...
2025-01-17 01:42:08,184 - 未找到预测 CSV 文件，等待 30 秒后重试...
2025-01-17 01:42:38,199 - 未找到预测 CSV 文件，等待 30 秒后重试...
2025-01-17 01:43:08,207 - 未找到预测 CSV 文件，等待 30 秒后重试...
2025-01-17 01:43:38,214 - 未找到预测 CSV 文件，等待 30 秒后重试...
2025-01-17 01:44:08,222 - 未找到预测 CSV 文件，等待 30 秒后重试...
2025-01-17 01:44:38,237 - 未找到预测 CSV 文件，等待 30 秒后重试...
2025-01-17 01:45:08,250 - 未找到预测 CSV 文件，等待 30 秒后重试...
2025-01-17 01:45:38,258 - 未找到预测 CSV 文件，等待 30 秒后重试...
2025-01-17 01:46:08,260 - 未找到预测 CSV 文件，等待 30 秒后重试...
2025-01-17 01:46:38,267 - 未找到预测 CSV 文件，等待 30 秒后重试...
2025-01-17 01:47:08,271 - 未找到预测 CSV 文件，等待 30 秒后重试...
2025-01-17 01:47:38,286 - 未找到预测 CSV 文件，等待 30 秒后重试...
2025-01-17 01:48:08,301 - 未找到预测 CSV 文件，等待 30 秒后重试...
2025-01-17 01:48:38,313 - 未找到预测 CSV 文件，等待 30 秒后重试...
2025-01-17 01:49:08,326 - 未找到预测 CSV 文件，等待 30 秒后重试...
2025-01-17 01:49:38,342 - 未找到预测 CSV 文件，等待 30 秒后重试...
2025-01-17 01:50:08,355 - 未找到预测 CSV 文件，等待 30 秒后重试...
2025-01-17 01:50:38,368 - 未找到预测 CSV 文件，等待 30 秒后重试...
2025-01-17 01:51:08,370 - 未找到预测 CSV 文件，等待 30 秒后重试...
2025-01-17 01:51:38,373 - 未找到预测 CSV 文件，等待 30 秒后重试...
2025-01-17 01:52:08,382 - 未找到预测 CSV 文件，等待 30 秒后重试...
2025-01-17 01:52:38,394 - 未找到预测 CSV 文件，等待 30 秒后重试...
2025-01-17 01:53:08,406 - 未找到预测 CSV 文件，等待 30 秒后重试...
2025-01-17 01:53:38,411 - 未找到预测 CSV 文件，等待 30 秒后重试...
2025-01-17 01:54:08,425 - 未找到预测 CSV 文件，等待 30 秒后重试...
2025-01-17 01:54:38,440 - 未找到预测 CSV 文件，等待 30 秒后重试...
2025-01-17 01:55:08,444 - 未找到预测 CSV 文件，等待 30 秒后重试...
2025-01-17 01:55:38,459 - 未找到预测 CSV 文件，等待 30 秒后重试...
2025-01-17 01:56:08,464 - 未找到预测 CSV 文件，等待 30 秒后重试...
2025-01-17 01:56:38,476 - 未找到预测 CSV 文件，等待 30 秒后重试...
2025-01-17 01:57:08,482 - 未找到预测 CSV 文件，等待 30 秒后重试...
2025-01-17 01:57:38,495 - 未找到预测 CSV 文件，等待 30 秒后重试...
2025-01-17 01:58:08,500 - 未找到预测 CSV 文件，等待 30 秒后重试...
2025-01-17 01:58:38,503 - 未找到预测 CSV 文件，等待 30 秒后重试...
2025-01-17 01:59:08,510 - 未找到预测 CSV 文件，等待 30 秒后重试...
2025-01-17 01:59:38,516 - 未找到预测 CSV 文件，等待 30 秒后重试...
2025-01-17 02:00:08,524 - 未找到预测 CSV 文件，等待 30 秒后重试...
2025-01-17 02:00:38,534 - 未找到预测 CSV 文件，等待 30 秒后重试...
2025-01-17 02:01:08,550 - 未找到预测 CSV 文件，等待 30 秒后重试...
2025-01-17 02:01:38,566 - 未找到预测 CSV 文件，等待 30 秒后重试...
2025-01-17 02:02:08,579 - 未找到预测 CSV 文件，等待 30 秒后重试...
2025-01-17 02:02:38,589 - 未找到预测 CSV 文件，等待 30 秒后重试...
2025-01-17 02:03:08,602 - 未找到预测 CSV 文件，等待 30 秒后重试...
2025-01-17 02:03:38,611 - 未找到预测 CSV 文件，等待 30 秒后重试...
2025-01-17 02:04:08,613 - 未找到预测 CSV 文件，等待 30 秒后重试...
2025-01-17 02:04:38,614 - 未找到预测 CSV 文件，等待 30 秒后重试...
2025-01-17 02:05:08,632 - 未找到预测 CSV 文件，等待 30 秒后重试...
2025-01-17 02:05:38,641 - 未找到预测 CSV 文件，等待 30 秒后重试...
2025-01-17 02:06:08,651 - 未找到预测 CSV 文件，等待 30 秒后重试...
2025-01-17 02:06:38,660 - 未找到预测 CSV 文件，等待 30 秒后重试...
2025-01-17 02:07:08,662 - 未找到预测 CSV 文件，等待 30 秒后重试...
2025-01-17 02:07:38,672 - 未找到预测 CSV 文件，等待 30 秒后重试...
2025-01-17 02:08:08,675 - 未找到预测 CSV 文件，等待 30 秒后重试...
2025-01-17 02:08:38,683 - 未找到预测 CSV 文件，等待 30 秒后重试...
2025-01-17 02:09:08,686 - 未找到预测 CSV 文件，等待 30 秒后重试...
2025-01-17 02:09:38,693 - 未找到预测 CSV 文件，等待 30 秒后重试...
2025-01-17 02:10:08,703 - 未找到预测 CSV 文件，等待 30 秒后重试...
2025-01-17 02:10:38,705 - 未找到预测 CSV 文件，等待 30 秒后重试...
2025-01-17 02:11:08,721 - 未找到预测 CSV 文件，等待 30 秒后重试...
2025-01-17 02:11:38,727 - 未找到预测 CSV 文件，等待 30 秒后重试...
2025-01-17 02:12:08,739 - 未找到预测 CSV 文件，等待 30 秒后重试...
2025-01-17 02:12:38,742 - 未找到预测 CSV 文件，等待 30 秒后重试...
2025-01-17 02:13:08,754 - 未找到预测 CSV 文件，等待 30 秒后重试...
2025-01-17 02:13:38,757 - 未找到预测 CSV 文件，等待 30 秒后重试...
2025-01-17 02:14:08,761 - 未找到预测 CSV 文件，等待 30 秒后重试...
2025-01-17 02:14:38,773 - 未找到预测 CSV 文件，等待 30 秒后重试...
2025-01-17 02:15:08,775 - 未找到预测 CSV 文件，等待 30 秒后重试...
2025-01-17 02:15:38,785 - 未找到预测 CSV 文件，等待 30 秒后重试...
2025-01-17 02:16:08,798 - 未找到预测 CSV 文件，等待 30 秒后重试...
2025-01-17 02:16:38,799 - 未找到预测 CSV 文件，等待 30 秒后重试...
2025-01-17 02:17:08,801 - 未找到预测 CSV 文件，等待 30 秒后重试...
2025-01-17 02:17:38,814 - 未找到预测 CSV 文件，等待 30 秒后重试...
2025-01-17 02:18:08,818 - 未找到预测 CSV 文件，等待 30 秒后重试...
2025-01-17 02:18:38,835 - 未找到预测 CSV 文件，等待 30 秒后重试...
2025-01-17 02:19:08,842 - 未找到预测 CSV 文件，等待 30 秒后重试...
2025-01-17 02:19:38,845 - 未找到预测 CSV 文件，等待 30 秒后重试...
2025-01-17 02:20:08,848 - 未找到预测 CSV 文件，等待 30 秒后重试...
2025-01-17 02:20:38,861 - 未找到预测 CSV 文件，等待 30 秒后重试...
2025-01-17 02:21:08,870 - 未找到预测 CSV 文件，等待 30 秒后重试...
2025-01-17 02:21:38,875 - 未找到预测 CSV 文件，等待 30 秒后重试...
2025-01-17 02:22:08,878 - 未找到预测 CSV 文件，等待 30 秒后重试...
2025-01-17 02:22:38,890 - 未找到预测 CSV 文件，等待 30 秒后重试...
2025-01-17 02:23:08,894 - 未找到预测 CSV 文件，等待 30 秒后重试...
2025-01-17 02:23:38,896 - 未找到预测 CSV 文件，等待 30 秒后重试...
2025-01-17 02:24:08,900 - 未找到预测 CSV 文件，等待 30 秒后重试...
2025-01-17 02:24:38,913 - 未找到预测 CSV 文件，等待 30 秒后重试...
2025-01-17 02:25:08,922 - 未找到预测 CSV 文件，等待 30 秒后重试...
2025-01-17 02:25:38,936 - 未找到预测 CSV 文件，等待 30 秒后重试...
2025-01-17 02:26:08,939 - 未找到预测 CSV 文件，等待 30 秒后重试...
2025-01-17 02:26:38,948 - 未找到预测 CSV 文件，等待 30 秒后重试...
2025-01-17 02:27:08,964 - 未找到预测 CSV 文件，等待 30 秒后重试...
2025-01-17 02:27:38,978 - 未找到预测 CSV 文件，等待 30 秒后重试...
2025-01-17 02:28:08,981 - 未找到预测 CSV 文件，等待 30 秒后重试...
2025-01-17 02:28:38,984 - 未找到预测 CSV 文件，等待 30 秒后重试...
2025-01-17 02:29:08,995 - 未找到预测 CSV 文件，等待 30 秒后重试...
2025-01-17 02:29:38,998 - 未找到预测 CSV 文件，等待 30 秒后重试...
2025-01-17 02:30:09,001 - 未找到预测 CSV 文件，等待 30 秒后重试...
2025-01-17 02:30:39,018 - 未找到预测 CSV 文件，等待 30 秒后重试...
2025-01-17 02:31:09,025 - 未找到预测 CSV 文件，等待 30 秒后重试...
2025-01-17 02:31:39,040 - 未找到预测 CSV 文件，等待 30 秒后重试...
2025-01-17 02:32:09,052 - 未找到预测 CSV 文件，等待 30 秒后重试...
2025-01-17 02:32:39,063 - 未找到预测 CSV 文件，等待 30 秒后重试...
2025-01-17 02:33:09,077 - 未找到预测 CSV 文件，等待 30 秒后重试...
2025-01-17 02:33:39,090 - 未找到预测 CSV 文件，等待 30 秒后重试...
2025-01-17 02:34:09,096 - 未找到预测 CSV 文件，等待 30 秒后重试...
2025-01-17 02:34:39,100 - 未找到预测 CSV 文件，等待 30 秒后重试...
2025-01-17 02:35:09,109 - 未找到预测 CSV 文件，等待 30 秒后重试...
2025-01-17 02:35:39,111 - 未找到预测 CSV 文件，等待 30 秒后重试...
2025-01-17 02:36:09,123 - 未找到预测 CSV 文件，等待 30 秒后重试...
2025-01-17 02:36:39,139 - 未找到预测 CSV 文件，等待 30 秒后重试...
2025-01-17 02:37:09,149 - 未找到预测 CSV 文件，等待 30 秒后重试...
2025-01-17 02:37:39,160 - 未找到预测 CSV 文件，等待 30 秒后重试...
2025-01-17 02:38:09,161 - 未找到预测 CSV 文件，等待 30 秒后重试...
2025-01-17 02:38:39,165 - 未找到预测 CSV 文件，等待 30 秒后重试...
2025-01-17 02:39:09,168 - 未找到预测 CSV 文件，等待 30 秒后重试...
2025-01-17 02:39:39,177 - 未找到预测 CSV 文件，等待 30 秒后重试...
2025-01-17 02:40:09,180 - 未找到预测 CSV 文件，等待 30 秒后重试...
2025-01-17 02:40:39,186 - 未找到预测 CSV 文件，等待 30 秒后重试...
2025-01-17 02:41:09,187 - 未找到预测 CSV 文件，等待 30 秒后重试...
2025-01-17 02:41:39,193 - 未找到预测 CSV 文件，等待 30 秒后重试...
2025-01-17 02:42:09,197 - 未找到预测 CSV 文件，等待 30 秒后重试...
2025-01-17 02:42:39,209 - 未找到预测 CSV 文件，等待 30 秒后重试...
2025-01-17 02:43:09,211 - 未找到预测 CSV 文件，等待 30 秒后重试...
2025-01-17 02:43:39,225 - 未找到预测 CSV 文件，等待 30 秒后重试...
2025-01-17 02:44:09,241 - 未找到预测 CSV 文件，等待 30 秒后重试...
2025-01-17 02:44:39,250 - 未找到预测 CSV 文件，等待 30 秒后重试...
2025-01-17 02:45:09,260 - 未找到预测 CSV 文件，等待 30 秒后重试...
2025-01-17 02:45:39,266 - 未找到预测 CSV 文件，等待 30 秒后重试...
2025-01-17 02:46:09,281 - 未找到预测 CSV 文件，等待 30 秒后重试...
2025-01-17 02:46:39,296 - 未找到预测 CSV 文件，等待 30 秒后重试...
2025-01-17 02:47:09,306 - 未找到预测 CSV 文件，等待 30 秒后重试...
2025-01-17 02:47:39,311 - 未找到预测 CSV 文件，等待 30 秒后重试...
2025-01-17 02:48:09,324 - 未找到预测 CSV 文件，等待 30 秒后重试...
2025-01-17 02:48:39,335 - 未找到预测 CSV 文件，等待 30 秒后重试...
2025-01-17 02:49:09,346 - 未找到预测 CSV 文件，等待 30 秒后重试...
2025-01-17 02:49:39,356 - 未找到预测 CSV 文件，等待 30 秒后重试...
2025-01-17 02:50:09,371 - 未找到预测 CSV 文件，等待 30 秒后重试...
2025-01-17 02:50:39,377 - 未找到预测 CSV 文件，等待 30 秒后重试...
2025-01-17 02:51:09,388 - 未找到预测 CSV 文件，等待 30 秒后重试...
2025-01-17 02:51:39,390 - 未找到预测 CSV 文件，等待 30 秒后重试...
2025-01-17 02:52:09,402 - 未找到预测 CSV 文件，等待 30 秒后重试...
2025-01-17 02:52:39,407 - 未找到预测 CSV 文件，等待 30 秒后重试...
2025-01-17 02:53:09,418 - 未找到预测 CSV 文件，等待 30 秒后重试...
2025-01-17 02:53:39,433 - 未找到预测 CSV 文件，等待 30 秒后重试...
2025-01-17 02:54:09,444 - 未找到预测 CSV 文件，等待 30 秒后重试...
2025-01-17 02:54:39,460 - 未找到预测 CSV 文件，等待 30 秒后重试...
2025-01-17 02:55:09,467 - 未找到预测 CSV 文件，等待 30 秒后重试...
2025-01-17 02:55:39,480 - 未找到预测 CSV 文件，等待 30 秒后重试...
2025-01-17 02:56:09,494 - 未找到预测 CSV 文件，等待 30 秒后重试...
2025-01-17 02:56:39,495 - 未找到预测 CSV 文件，等待 30 秒后重试...
2025-01-17 02:57:09,504 - 未找到预测 CSV 文件，等待 30 秒后重试...
2025-01-17 02:57:39,518 - 未找到预测 CSV 文件，等待 30 秒后重试...
2025-01-17 02:58:09,522 - 未找到预测 CSV 文件，等待 30 秒后重试...
2025-01-17 02:58:39,536 - 未找到预测 CSV 文件，等待 30 秒后重试...
2025-01-17 02:59:09,537 - 未找到预测 CSV 文件，等待 30 秒后重试...
2025-01-17 02:59:39,539 - 未找到预测 CSV 文件，等待 30 秒后重试...
2025-01-17 03:00:09,544 - 未找到预测 CSV 文件，等待 30 秒后重试...
2025-01-17 03:00:39,553 - 未找到预测 CSV 文件，等待 30 秒后重试...
2025-01-17 03:01:09,561 - 未找到预测 CSV 文件，等待 30 秒后重试...
2025-01-17 03:01:39,567 - 未找到预测 CSV 文件，等待 30 秒后重试...
2025-01-17 03:02:09,574 - 未找到预测 CSV 文件，等待 30 秒后重试...
2025-01-17 03:02:39,578 - 未找到预测 CSV 文件，等待 30 秒后重试...
2025-01-17 03:03:09,587 - 未找到预测 CSV 文件，等待 30 秒后重试...
2025-01-17 03:03:39,592 - 未找到预测 CSV 文件，等待 30 秒后重试...
2025-01-17 03:04:09,602 - 未找到预测 CSV 文件，等待 30 秒后重试...
2025-01-17 03:04:39,605 - 未找到预测 CSV 文件，等待 30 秒后重试...
2025-01-17 03:05:09,609 - 未找到预测 CSV 文件，等待 30 秒后重试...
2025-01-17 03:05:39,625 - 未找到预测 CSV 文件，等待 30 秒后重试...
2025-01-17 03:06:09,638 - 未找到预测 CSV 文件，等待 30 秒后重试...
2025-01-17 03:06:39,640 - 未找到预测 CSV 文件，等待 30 秒后重试...
2025-01-17 03:07:09,649 - 未找到预测 CSV 文件，等待 30 秒后重试...
2025-01-17 03:07:39,661 - 未找到预测 CSV 文件，等待 30 秒后重试...
2025-01-17 03:08:09,668 - 未找到预测 CSV 文件，等待 30 秒后重试...
2025-01-17 03:08:39,684 - 未找到预测 CSV 文件，等待 30 秒后重试...
2025-01-17 03:09:09,697 - 未找到预测 CSV 文件，等待 30 秒后重试...
2025-01-17 03:09:39,714 - 未找到预测 CSV 文件，等待 30 秒后重试...
2025-01-17 03:10:09,725 - 未找到预测 CSV 文件，等待 30 秒后重试...
2025-01-17 03:10:39,730 - 未找到预测 CSV 文件，等待 30 秒后重试...
2025-01-17 03:11:09,741 - 未找到预测 CSV 文件，等待 30 秒后重试...
2025-01-17 03:11:39,757 - 未找到预测 CSV 文件，等待 30 秒后重试...
2025-01-17 03:12:09,765 - 未找到预测 CSV 文件，等待 30 秒后重试...
2025-01-17 03:12:39,782 - 未找到预测 CSV 文件，等待 30 秒后重试...
2025-01-17 03:13:09,795 - 未找到预测 CSV 文件，等待 30 秒后重试...
2025-01-17 03:13:39,806 - 未找到预测 CSV 文件，等待 30 秒后重试...
2025-01-17 03:14:09,820 - 未找到预测 CSV 文件，等待 30 秒后重试...
2025-01-17 03:14:39,825 - 未找到预测 CSV 文件，等待 30 秒后重试...
2025-01-17 03:15:09,842 - 未找到预测 CSV 文件，等待 30 秒后重试...
2025-01-17 03:15:39,854 - 未找到预测 CSV 文件，等待 30 秒后重试...
2025-01-17 03:16:09,866 - 未找到预测 CSV 文件，等待 30 秒后重试...
2025-01-17 03:16:39,873 - 未找到预测 CSV 文件，等待 30 秒后重试...
2025-01-17 03:17:09,884 - 未找到预测 CSV 文件，等待 30 秒后重试...
2025-01-17 03:17:39,892 - 未找到预测 CSV 文件，等待 30 秒后重试...
2025-01-17 03:18:09,908 - 未找到预测 CSV 文件，等待 30 秒后重试...
2025-01-17 03:18:39,912 - 未找到预测 CSV 文件，等待 30 秒后重试...
2025-01-17 03:19:09,928 - 未找到预测 CSV 文件，等待 30 秒后重试...
2025-01-17 03:19:39,938 - 未找到预测 CSV 文件，等待 30 秒后重试...
2025-01-17 03:20:09,939 - 未找到预测 CSV 文件，等待 30 秒后重试...
2025-01-17 03:20:39,945 - 未找到预测 CSV 文件，等待 30 秒后重试...
2025-01-17 03:21:09,958 - 未找到预测 CSV 文件，等待 30 秒后重试...
2025-01-17 03:21:39,975 - 未找到预测 CSV 文件，等待 30 秒后重试...
2025-01-17 03:22:09,982 - 未找到预测 CSV 文件，等待 30 秒后重试...
2025-01-17 03:22:39,987 - 未找到预测 CSV 文件，等待 30 秒后重试...
2025-01-17 03:23:09,993 - 未找到预测 CSV 文件，等待 30 秒后重试...
2025-01-17 03:23:40,008 - 未找到预测 CSV 文件，等待 30 秒后重试...
2025-01-17 03:24:10,014 - 未找到预测 CSV 文件，等待 30 秒后重试...
2025-01-17 03:24:40,025 - 未找到预测 CSV 文件，等待 30 秒后重试...
2025-01-17 03:25:10,035 - 未找到预测 CSV 文件，等待 30 秒后重试...
2025-01-17 03:25:40,043 - 未找到预测 CSV 文件，等待 30 秒后重试...
2025-01-17 03:26:10,059 - 未找到预测 CSV 文件，等待 30 秒后重试...
2025-01-17 03:26:40,070 - 未找到预测 CSV 文件，等待 30 秒后重试...
2025-01-17 03:27:10,083 - 未找到预测 CSV 文件，等待 30 秒后重试...
2025-01-17 03:27:40,099 - 未找到预测 CSV 文件，等待 30 秒后重试...
2025-01-17 03:28:10,113 - 未找到预测 CSV 文件，等待 30 秒后重试...
2025-01-17 03:28:40,119 - 未找到预测 CSV 文件，等待 30 秒后重试...
2025-01-17 03:29:10,123 - 未找到预测 CSV 文件，等待 30 秒后重试...
2025-01-17 03:29:40,126 - 未找到预测 CSV 文件，等待 30 秒后重试...
2025-01-17 03:30:10,130 - 未找到预测 CSV 文件，等待 30 秒后重试...
2025-01-17 03:30:40,140 - 未找到预测 CSV 文件，等待 30 秒后重试...
2025-01-17 03:31:10,146 - 未找到预测 CSV 文件，等待 30 秒后重试...
2025-01-17 03:31:40,153 - 未找到预测 CSV 文件，等待 30 秒后重试...
2025-01-17 03:32:10,163 - 未找到预测 CSV 文件，等待 30 秒后重试...
2025-01-17 03:32:40,171 - 未找到预测 CSV 文件，等待 30 秒后重试...
2025-01-17 03:33:10,173 - 未找到预测 CSV 文件，等待 30 秒后重试...
2025-01-17 03:33:40,176 - 未找到预测 CSV 文件，等待 30 秒后重试...
2025-01-17 03:34:10,186 - 未找到预测 CSV 文件，等待 30 秒后重试...
2025-01-17 03:34:40,189 - 未找到预测 CSV 文件，等待 30 秒后重试...
2025-01-17 03:35:10,204 - 未找到预测 CSV 文件，等待 30 秒后重试...
2025-01-17 03:35:40,218 - 未找到预测 CSV 文件，等待 30 秒后重试...
2025-01-17 03:36:10,231 - 未找到预测 CSV 文件，等待 30 秒后重试...
2025-01-17 03:36:40,243 - 未找到预测 CSV 文件，等待 30 秒后重试...
2025-01-17 03:37:10,254 - 未找到预测 CSV 文件，等待 30 秒后重试...
2025-01-17 03:37:40,259 - 未找到预测 CSV 文件，等待 30 秒后重试...
2025-01-17 03:38:10,267 - 未找到预测 CSV 文件，等待 30 秒后重试...
2025-01-17 03:38:40,269 - 未找到预测 CSV 文件，等待 30 秒后重试...
2025-01-17 03:39:10,272 - 未找到预测 CSV 文件，等待 30 秒后重试...
2025-01-17 03:39:40,272 - 未找到预测 CSV 文件，等待 30 秒后重试...
2025-01-17 03:40:10,276 - 未找到预测 CSV 文件，等待 30 秒后重试...
2025-01-17 03:40:40,286 - 未找到预测 CSV 文件，等待 30 秒后重试...
2025-01-17 03:41:10,288 - 未找到预测 CSV 文件，等待 30 秒后重试...
2025-01-17 03:41:40,292 - 未找到预测 CSV 文件，等待 30 秒后重试...
2025-01-17 03:42:10,296 - 未找到预测 CSV 文件，等待 30 秒后重试...
2025-01-17 03:42:40,309 - 未找到预测 CSV 文件，等待 30 秒后重试...
2025-01-17 03:43:10,325 - 未找到预测 CSV 文件，等待 30 秒后重试...
2025-01-17 03:43:40,330 - 未找到预测 CSV 文件，等待 30 秒后重试...
2025-01-17 03:44:10,334 - 未找到预测 CSV 文件，等待 30 秒后重试...
2025-01-17 03:44:40,347 - 未找到预测 CSV 文件，等待 30 秒后重试...
2025-01-17 03:45:10,360 - 未找到预测 CSV 文件，等待 30 秒后重试...
2025-01-17 03:45:40,363 - 未找到预测 CSV 文件，等待 30 秒后重试...
2025-01-17 03:46:10,373 - 未找到预测 CSV 文件，等待 30 秒后重试...
2025-01-17 03:46:40,388 - 未找到预测 CSV 文件，等待 30 秒后重试...
2025-01-17 03:47:10,395 - 未找到预测 CSV 文件，等待 30 秒后重试...
2025-01-17 03:47:40,411 - 未找到预测 CSV 文件，等待 30 秒后重试...
2025-01-17 03:48:10,418 - 未找到预测 CSV 文件，等待 30 秒后重试...
2025-01-17 03:48:40,428 - 未找到预测 CSV 文件，等待 30 秒后重试...
2025-01-17 03:49:10,444 - 未找到预测 CSV 文件，等待 30 秒后重试...
2025-01-17 03:49:40,448 - 未找到预测 CSV 文件，等待 30 秒后重试...
2025-01-17 03:50:10,463 - 未找到预测 CSV 文件，等待 30 秒后重试...
2025-01-17 03:50:40,470 - 未找到预测 CSV 文件，等待 30 秒后重试...
2025-01-17 03:51:10,486 - 未找到预测 CSV 文件，等待 30 秒后重试...
2025-01-17 03:51:40,499 - 未找到预测 CSV 文件，等待 30 秒后重试...
2025-01-17 03:52:10,502 - 未找到预测 CSV 文件，等待 30 秒后重试...
2025-01-17 03:52:40,509 - 未找到预测 CSV 文件，等待 30 秒后重试...
2025-01-17 03:53:10,515 - 未找到预测 CSV 文件，等待 30 秒后重试...
2025-01-17 03:53:40,517 - 未找到预测 CSV 文件，等待 30 秒后重试...
2025-01-17 03:54:10,532 - 未找到预测 CSV 文件，等待 30 秒后重试...
2025-01-17 03:54:40,537 - 未找到预测 CSV 文件，等待 30 秒后重试...
2025-01-17 03:55:10,549 - 未找到预测 CSV 文件，等待 30 秒后重试...
2025-01-17 03:55:40,553 - 未找到预测 CSV 文件，等待 30 秒后重试...
2025-01-17 03:56:10,565 - 未找到预测 CSV 文件，等待 30 秒后重试...
2025-01-17 03:56:40,575 - 未找到预测 CSV 文件，等待 30 秒后重试...
2025-01-17 03:57:10,591 - 未找到预测 CSV 文件，等待 30 秒后重试...
2025-01-17 03:57:40,598 - 未找到预测 CSV 文件，等待 30 秒后重试...
2025-01-17 03:58:10,604 - 未找到预测 CSV 文件，等待 30 秒后重试...
2025-01-17 03:58:40,619 - 未找到预测 CSV 文件，等待 30 秒后重试...
2025-01-17 03:59:10,635 - 未找到预测 CSV 文件，等待 30 秒后重试...
2025-01-17 03:59:40,645 - 未找到预测 CSV 文件，等待 30 秒后重试...
2025-01-17 04:00:10,660 - 未找到预测 CSV 文件，等待 30 秒后重试...
2025-01-17 04:00:40,669 - 未找到预测 CSV 文件，等待 30 秒后重试...
2025-01-17 04:01:10,673 - 未找到预测 CSV 文件，等待 30 秒后重试...
2025-01-17 04:01:40,687 - 未找到预测 CSV 文件，等待 30 秒后重试...
2025-01-17 04:02:10,700 - 未找到预测 CSV 文件，等待 30 秒后重试...
2025-01-17 04:02:40,709 - 未找到预测 CSV 文件，等待 30 秒后重试...
2025-01-17 04:03:10,721 - 未找到预测 CSV 文件，等待 30 秒后重试...
2025-01-17 04:03:40,730 - 未找到预测 CSV 文件，等待 30 秒后重试...
2025-01-17 04:04:10,742 - 未找到预测 CSV 文件，等待 30 秒后重试...
2025-01-17 04:04:40,752 - 未找到预测 CSV 文件，等待 30 秒后重试...
2025-01-17 04:05:10,766 - 未找到预测 CSV 文件，等待 30 秒后重试...
2025-01-17 04:05:40,779 - 未找到预测 CSV 文件，等待 30 秒后重试...
2025-01-17 04:06:10,793 - 未找到预测 CSV 文件，等待 30 秒后重试...
2025-01-17 04:06:40,800 - 未找到预测 CSV 文件，等待 30 秒后重试...
2025-01-17 04:07:10,804 - 未找到预测 CSV 文件，等待 30 秒后重试...
2025-01-17 04:07:40,818 - 未找到预测 CSV 文件，等待 30 秒后重试...
2025-01-17 04:08:10,820 - 未找到预测 CSV 文件，等待 30 秒后重试...
2025-01-17 04:08:40,824 - 未找到预测 CSV 文件，等待 30 秒后重试...
2025-01-17 04:09:10,838 - 未找到预测 CSV 文件，等待 30 秒后重试...
2025-01-17 04:09:40,849 - 未找到预测 CSV 文件，等待 30 秒后重试...
2025-01-17 04:10:10,862 - 未找到预测 CSV 文件，等待 30 秒后重试...
2025-01-17 04:10:40,872 - 未找到预测 CSV 文件，等待 30 秒后重试...
2025-01-17 04:11:10,882 - 未找到预测 CSV 文件，等待 30 秒后重试...
2025-01-17 04:11:40,891 - 未找到预测 CSV 文件，等待 30 秒后重试...
2025-01-17 04:12:10,900 - 未找到预测 CSV 文件，等待 30 秒后重试...
2025-01-17 04:12:40,914 - 未找到预测 CSV 文件，等待 30 秒后重试...
2025-01-17 04:13:10,922 - 未找到预测 CSV 文件，等待 30 秒后重试...
2025-01-17 04:13:40,930 - 未找到预测 CSV 文件，等待 30 秒后重试...
2025-01-17 04:14:10,939 - 未找到预测 CSV 文件，等待 30 秒后重试...
2025-01-17 04:14:40,940 - 未找到预测 CSV 文件，等待 30 秒后重试...
2025-01-17 04:15:10,950 - 未找到预测 CSV 文件，等待 30 秒后重试...
2025-01-17 04:15:40,964 - 未找到预测 CSV 文件，等待 30 秒后重试...
2025-01-17 04:16:10,980 - 未找到预测 CSV 文件，等待 30 秒后重试...
2025-01-17 04:16:40,990 - 未找到预测 CSV 文件，等待 30 秒后重试...
2025-01-17 04:17:10,992 - 未找到预测 CSV 文件，等待 30 秒后重试...
2025-01-17 04:17:40,998 - 未找到预测 CSV 文件，等待 30 秒后重试...
2025-01-17 04:18:11,012 - 未找到预测 CSV 文件，等待 30 秒后重试...
2025-01-17 04:18:41,022 - 未找到预测 CSV 文件，等待 30 秒后重试...
2025-01-17 04:19:11,027 - 未找到预测 CSV 文件，等待 30 秒后重试...
2025-01-17 04:19:41,041 - 未找到预测 CSV 文件，等待 30 秒后重试...
2025-01-17 04:20:11,047 - 未找到预测 CSV 文件，等待 30 秒后重试...
2025-01-17 04:20:41,063 - 未找到预测 CSV 文件，等待 30 秒后重试...
2025-01-17 04:21:11,073 - 未找到预测 CSV 文件，等待 30 秒后重试...
2025-01-17 04:21:41,088 - 未找到预测 CSV 文件，等待 30 秒后重试...
2025-01-17 04:22:11,095 - 未找到预测 CSV 文件，等待 30 秒后重试...
2025-01-17 04:22:41,107 - 未找到预测 CSV 文件，等待 30 秒后重试...
2025-01-17 04:23:11,110 - 未找到预测 CSV 文件，等待 30 秒后重试...
2025-01-17 04:23:41,113 - 未找到预测 CSV 文件，等待 30 秒后重试...
2025-01-17 04:24:11,128 - 未找到预测 CSV 文件，等待 30 秒后重试...
2025-01-17 04:24:41,142 - 未找到预测 CSV 文件，等待 30 秒后重试...
2025-01-17 04:25:11,148 - 未找到预测 CSV 文件，等待 30 秒后重试...
2025-01-17 04:25:41,153 - 未找到预测 CSV 文件，等待 30 秒后重试...
2025-01-17 04:26:11,165 - 未找到预测 CSV 文件，等待 30 秒后重试...
2025-01-17 04:26:41,172 - 未找到预测 CSV 文件，等待 30 秒后重试...
2025-01-17 04:27:11,178 - 未找到预测 CSV 文件，等待 30 秒后重试...
2025-01-17 04:27:41,190 - 未找到预测 CSV 文件，等待 30 秒后重试...
2025-01-17 04:28:11,206 - 未找到预测 CSV 文件，等待 30 秒后重试...
2025-01-17 04:28:41,220 - 未找到预测 CSV 文件，等待 30 秒后重试...
2025-01-17 04:29:11,223 - 未找到预测 CSV 文件，等待 30 秒后重试...
2025-01-17 04:29:41,236 - 未找到预测 CSV 文件，等待 30 秒后重试...
2025-01-17 04:30:11,245 - 未找到预测 CSV 文件，等待 30 秒后重试...
2025-01-17 04:30:41,255 - 未找到预测 CSV 文件，等待 30 秒后重试...
2025-01-17 04:31:11,270 - 未找到预测 CSV 文件，等待 30 秒后重试...
2025-01-17 04:31:41,281 - 未找到预测 CSV 文件，等待 30 秒后重试...
2025-01-17 04:32:11,290 - 未找到预测 CSV 文件，等待 30 秒后重试...
2025-01-17 04:32:41,293 - 未找到预测 CSV 文件，等待 30 秒后重试...
2025-01-17 04:33:11,299 - 未找到预测 CSV 文件，等待 30 秒后重试...
2025-01-17 04:33:41,303 - 未找到预测 CSV 文件，等待 30 秒后重试...
2025-01-17 04:34:11,319 - 未找到预测 CSV 文件，等待 30 秒后重试...
2025-01-17 04:34:41,331 - 未找到预测 CSV 文件，等待 30 秒后重试...
2025-01-17 04:35:11,338 - 未找到预测 CSV 文件，等待 30 秒后重试...
2025-01-17 04:35:41,351 - 未找到预测 CSV 文件，等待 30 秒后重试...
2025-01-17 04:36:11,363 - 未找到预测 CSV 文件，等待 30 秒后重试...
2025-01-17 04:36:41,368 - 未找到预测 CSV 文件，等待 30 秒后重试...
2025-01-17 04:37:11,378 - 未找到预测 CSV 文件，等待 30 秒后重试...
2025-01-17 04:37:41,391 - 未找到预测 CSV 文件，等待 30 秒后重试...
2025-01-17 04:38:11,394 - 未找到预测 CSV 文件，等待 30 秒后重试...
2025-01-17 04:38:41,403 - 未找到预测 CSV 文件，等待 30 秒后重试...
2025-01-17 04:39:11,417 - 未找到预测 CSV 文件，等待 30 秒后重试...
2025-01-17 04:39:41,419 - 未找到预测 CSV 文件，等待 30 秒后重试...
2025-01-17 04:40:11,432 - 未找到预测 CSV 文件，等待 30 秒后重试...
2025-01-17 04:40:41,448 - 未找到预测 CSV 文件，等待 30 秒后重试...
2025-01-17 04:41:11,458 - 未找到预测 CSV 文件，等待 30 秒后重试...
2025-01-17 04:41:41,458 - 未找到预测 CSV 文件，等待 30 秒后重试...
2025-01-17 04:42:11,466 - 未找到预测 CSV 文件，等待 30 秒后重试...
2025-01-17 04:42:41,473 - 未找到预测 CSV 文件，等待 30 秒后重试...
2025-01-17 04:43:11,479 - 未找到预测 CSV 文件，等待 30 秒后重试...
2025-01-17 04:43:41,483 - 未找到预测 CSV 文件，等待 30 秒后重试...
2025-01-17 04:44:11,490 - 未找到预测 CSV 文件，等待 30 秒后重试...
2025-01-17 04:44:41,498 - 未找到预测 CSV 文件，等待 30 秒后重试...
2025-01-17 04:45:11,515 - 未找到预测 CSV 文件，等待 30 秒后重试...
2025-01-17 04:45:41,532 - 未找到预测 CSV 文件，等待 30 秒后重试...
2025-01-17 04:46:11,535 - 未找到预测 CSV 文件，等待 30 秒后重试...
2025-01-17 04:46:41,549 - 未找到预测 CSV 文件，等待 30 秒后重试...
2025-01-17 04:47:11,558 - 未找到预测 CSV 文件，等待 30 秒后重试...
2025-01-17 04:47:41,564 - 未找到预测 CSV 文件，等待 30 秒后重试...
2025-01-17 04:48:11,571 - 未找到预测 CSV 文件，等待 30 秒后重试...
2025-01-17 04:48:41,586 - 未找到预测 CSV 文件，等待 30 秒后重试...
2025-01-17 04:49:11,598 - 未找到预测 CSV 文件，等待 30 秒后重试...
2025-01-17 04:49:41,612 - 未找到预测 CSV 文件，等待 30 秒后重试...
2025-01-17 04:50:11,629 - 未找到预测 CSV 文件，等待 30 秒后重试...
2025-01-17 04:50:41,638 - 未找到预测 CSV 文件，等待 30 秒后重试...
2025-01-17 04:51:11,645 - 未找到预测 CSV 文件，等待 30 秒后重试...
2025-01-17 04:51:41,656 - 未找到预测 CSV 文件，等待 30 秒后重试...
2025-01-17 04:52:11,667 - 未找到预测 CSV 文件，等待 30 秒后重试...
2025-01-17 04:52:41,675 - 未找到预测 CSV 文件，等待 30 秒后重试...
2025-01-17 04:53:11,689 - 未找到预测 CSV 文件，等待 30 秒后重试...
2025-01-17 04:53:41,705 - 未找到预测 CSV 文件，等待 30 秒后重试...
2025-01-17 04:54:11,716 - 未找到预测 CSV 文件，等待 30 秒后重试...
2025-01-17 04:54:41,723 - 未找到预测 CSV 文件，等待 30 秒后重试...
2025-01-17 04:55:11,736 - 未找到预测 CSV 文件，等待 30 秒后重试...
2025-01-17 04:55:41,750 - 未找到预测 CSV 文件，等待 30 秒后重试...
2025-01-17 04:56:11,765 - 未找到预测 CSV 文件，等待 30 秒后重试...
2025-01-17 04:56:41,779 - 未找到预测 CSV 文件，等待 30 秒后重试...
2025-01-17 04:57:11,792 - 未找到预测 CSV 文件，等待 30 秒后重试...
2025-01-17 04:57:41,794 - 未找到预测 CSV 文件，等待 30 秒后重试...
2025-01-17 04:58:11,807 - 未找到预测 CSV 文件，等待 30 秒后重试...
2025-01-17 04:58:41,814 - 未找到预测 CSV 文件，等待 30 秒后重试...
2025-01-17 04:59:11,820 - 未找到预测 CSV 文件，等待 30 秒后重试...
2025-01-17 04:59:41,827 - 未找到预测 CSV 文件，等待 30 秒后重试...
2025-01-17 05:00:11,842 - 未找到预测 CSV 文件，等待 30 秒后重试...
2025-01-17 05:00:41,851 - 未找到预测 CSV 文件，等待 30 秒后重试...
2025-01-17 05:01:11,853 - 未找到预测 CSV 文件，等待 30 秒后重试...
2025-01-17 05:01:41,861 - 未找到预测 CSV 文件，等待 30 秒后重试...
2025-01-17 05:02:11,867 - 未找到预测 CSV 文件，等待 30 秒后重试...
2025-01-17 05:02:41,884 - 未找到预测 CSV 文件，等待 30 秒后重试...
2025-01-17 05:03:11,900 - 未找到预测 CSV 文件，等待 30 秒后重试...
2025-01-17 05:03:41,906 - 未找到预测 CSV 文件，等待 30 秒后重试...
2025-01-17 05:04:11,909 - 未找到预测 CSV 文件，等待 30 秒后重试...
2025-01-17 05:04:41,917 - 未找到预测 CSV 文件，等待 30 秒后重试...
2025-01-17 05:05:11,931 - 未找到预测 CSV 文件，等待 30 秒后重试...
2025-01-17 05:05:41,933 - 未找到预测 CSV 文件，等待 30 秒后重试...
2025-01-17 05:06:11,935 - 未找到预测 CSV 文件，等待 30 秒后重试...
2025-01-17 05:06:41,937 - 未找到预测 CSV 文件，等待 30 秒后重试...
2025-01-17 05:07:11,947 - 未找到预测 CSV 文件，等待 30 秒后重试...
2025-01-17 05:07:41,952 - 未找到预测 CSV 文件，等待 30 秒后重试...
2025-01-17 05:08:11,961 - 未找到预测 CSV 文件，等待 30 秒后重试...
2025-01-17 05:08:41,972 - 未找到预测 CSV 文件，等待 30 秒后重试...
2025-01-17 05:09:11,985 - 未找到预测 CSV 文件，等待 30 秒后重试...
2025-01-17 05:09:41,992 - 未找到预测 CSV 文件，等待 30 秒后重试...
2025-01-17 05:10:12,009 - 未找到预测 CSV 文件，等待 30 秒后重试...
2025-01-17 05:10:42,017 - 未找到预测 CSV 文件，等待 30 秒后重试...
2025-01-17 05:11:12,019 - 未找到预测 CSV 文件，等待 30 秒后重试...
2025-01-17 05:11:42,024 - 未找到预测 CSV 文件，等待 30 秒后重试...
2025-01-17 05:12:12,032 - 未找到预测 CSV 文件，等待 30 秒后重试...
2025-01-17 05:12:42,041 - 未找到预测 CSV 文件，等待 30 秒后重试...
2025-01-17 05:13:12,047 - 未找到预测 CSV 文件，等待 30 秒后重试...
2025-01-17 05:13:42,061 - 未找到预测 CSV 文件，等待 30 秒后重试...
2025-01-17 05:14:12,076 - 未找到预测 CSV 文件，等待 30 秒后重试...
2025-01-17 05:14:42,085 - 未找到预测 CSV 文件，等待 30 秒后重试...
2025-01-17 05:15:12,100 - 未找到预测 CSV 文件，等待 30 秒后重试...
2025-01-17 05:15:42,117 - 未找到预测 CSV 文件，等待 30 秒后重试...
2025-01-17 05:16:12,123 - 未找到预测 CSV 文件，等待 30 秒后重试...
2025-01-17 05:16:42,130 - 未找到预测 CSV 文件，等待 30 秒后重试...
2025-01-17 05:17:12,132 - 未找到预测 CSV 文件，等待 30 秒后重试...
2025-01-17 05:17:42,145 - 未找到预测 CSV 文件，等待 30 秒后重试...
2025-01-17 05:18:12,158 - 未找到预测 CSV 文件，等待 30 秒后重试...
2025-01-17 05:18:42,172 - 未找到预测 CSV 文件，等待 30 秒后重试...
2025-01-17 05:19:12,188 - 未找到预测 CSV 文件，等待 30 秒后重试...
2025-01-17 05:19:42,193 - 未找到预测 CSV 文件，等待 30 秒后重试...
2025-01-17 05:20:12,205 - 未找到预测 CSV 文件，等待 30 秒后重试...
2025-01-17 05:20:42,210 - 未找到预测 CSV 文件，等待 30 秒后重试...
2025-01-17 05:21:12,225 - 未找到预测 CSV 文件，等待 30 秒后重试...
2025-01-17 05:21:42,237 - 未找到预测 CSV 文件，等待 30 秒后重试...
2025-01-17 05:22:12,243 - 未找到预测 CSV 文件，等待 30 秒后重试...
2025-01-17 05:22:42,257 - 未找到预测 CSV 文件，等待 30 秒后重试...
2025-01-17 05:23:12,267 - 未找到预测 CSV 文件，等待 30 秒后重试...
2025-01-17 05:23:42,276 - 未找到预测 CSV 文件，等待 30 秒后重试...
2025-01-17 05:24:12,289 - 未找到预测 CSV 文件，等待 30 秒后重试...
2025-01-17 05:24:42,293 - 未找到预测 CSV 文件，等待 30 秒后重试...
2025-01-17 05:25:12,301 - 未找到预测 CSV 文件，等待 30 秒后重试...
2025-01-17 05:25:42,309 - 未找到预测 CSV 文件，等待 30 秒后重试...
2025-01-17 05:26:12,323 - 未找到预测 CSV 文件，等待 30 秒后重试...
2025-01-17 05:26:42,328 - 未找到预测 CSV 文件，等待 30 秒后重试...
2025-01-17 05:27:12,338 - 未找到预测 CSV 文件，等待 30 秒后重试...
2025-01-17 05:27:42,344 - 未找到预测 CSV 文件，等待 30 秒后重试...
2025-01-17 05:28:12,348 - 未找到预测 CSV 文件，等待 30 秒后重试...
2025-01-17 05:28:42,356 - 未找到预测 CSV 文件，等待 30 秒后重试...
2025-01-17 05:29:12,366 - 未找到预测 CSV 文件，等待 30 秒后重试...
2025-01-17 05:29:42,374 - 未找到预测 CSV 文件，等待 30 秒后重试...
2025-01-17 05:30:12,384 - 未找到预测 CSV 文件，等待 30 秒后重试...
2025-01-17 05:30:42,398 - 未找到预测 CSV 文件，等待 30 秒后重试...
2025-01-17 05:31:12,401 - 未找到预测 CSV 文件，等待 30 秒后重试...
2025-01-17 05:31:42,415 - 未找到预测 CSV 文件，等待 30 秒后重试...
2025-01-17 05:32:12,429 - 未找到预测 CSV 文件，等待 30 秒后重试...
2025-01-17 05:32:42,433 - 未找到预测 CSV 文件，等待 30 秒后重试...
2025-01-17 05:33:12,445 - 未找到预测 CSV 文件，等待 30 秒后重试...
2025-01-17 05:33:42,458 - 未找到预测 CSV 文件，等待 30 秒后重试...
2025-01-17 05:34:12,465 - 未找到预测 CSV 文件，等待 30 秒后重试...
2025-01-17 05:34:42,477 - 未找到预测 CSV 文件，等待 30 秒后重试...
2025-01-17 05:35:12,492 - 未找到预测 CSV 文件，等待 30 秒后重试...
2025-01-17 05:35:42,500 - 未找到预测 CSV 文件，等待 30 秒后重试...
2025-01-17 05:36:12,508 - 未找到预测 CSV 文件，等待 30 秒后重试...
2025-01-17 05:36:42,513 - 未找到预测 CSV 文件，等待 30 秒后重试...
2025-01-17 05:37:12,517 - 未找到预测 CSV 文件，等待 30 秒后重试...
2025-01-17 05:37:42,531 - 未找到预测 CSV 文件，等待 30 秒后重试...
2025-01-17 05:38:12,545 - 未找到预测 CSV 文件，等待 30 秒后重试...
2025-01-17 05:38:42,558 - 未找到预测 CSV 文件，等待 30 秒后重试...
2025-01-17 05:39:12,565 - 未找到预测 CSV 文件，等待 30 秒后重试...
2025-01-17 05:39:42,574 - 未找到预测 CSV 文件，等待 30 秒后重试...
2025-01-17 05:40:12,586 - 未找到预测 CSV 文件，等待 30 秒后重试...
2025-01-17 05:40:42,592 - 未找到预测 CSV 文件，等待 30 秒后重试...
2025-01-17 05:41:12,595 - 未找到预测 CSV 文件，等待 30 秒后重试...
2025-01-17 05:41:42,610 - 未找到预测 CSV 文件，等待 30 秒后重试...
2025-01-17 05:42:12,617 - 未找到预测 CSV 文件，等待 30 秒后重试...
2025-01-17 05:42:42,619 - 未找到预测 CSV 文件，等待 30 秒后重试...
2025-01-17 05:43:12,633 - 未找到预测 CSV 文件，等待 30 秒后重试...
2025-01-17 05:43:42,640 - 未找到预测 CSV 文件，等待 30 秒后重试...
2025-01-17 05:44:12,645 - 未找到预测 CSV 文件，等待 30 秒后重试...
2025-01-17 05:44:42,662 - 未找到预测 CSV 文件，等待 30 秒后重试...
2025-01-17 05:45:12,676 - 未找到预测 CSV 文件，等待 30 秒后重试...
2025-01-17 05:45:42,679 - 未找到预测 CSV 文件，等待 30 秒后重试...
2025-01-17 05:46:12,695 - 未找到预测 CSV 文件，等待 30 秒后重试...
2025-01-17 05:46:42,710 - 未找到预测 CSV 文件，等待 30 秒后重试...
2025-01-17 05:47:12,713 - 未找到预测 CSV 文件，等待 30 秒后重试...
2025-01-17 05:47:42,719 - 未找到预测 CSV 文件，等待 30 秒后重试...
2025-01-17 05:48:12,734 - 未找到预测 CSV 文件，等待 30 秒后重试...
2025-01-17 05:48:42,745 - 未找到预测 CSV 文件，等待 30 秒后重试...
2025-01-17 05:49:12,758 - 未找到预测 CSV 文件，等待 30 秒后重试...
2025-01-17 05:49:42,759 - 未找到预测 CSV 文件，等待 30 秒后重试...
2025-01-17 05:50:12,771 - 未找到预测 CSV 文件，等待 30 秒后重试...
2025-01-17 05:50:42,776 - 未找到预测 CSV 文件，等待 30 秒后重试...
2025-01-17 05:51:12,777 - 未找到预测 CSV 文件，等待 30 秒后重试...
2025-01-17 05:51:42,790 - 未找到预测 CSV 文件，等待 30 秒后重试...
2025-01-17 05:52:12,804 - 未找到预测 CSV 文件，等待 30 秒后重试...
2025-01-17 05:52:42,816 - 未找到预测 CSV 文件，等待 30 秒后重试...
2025-01-17 05:53:12,830 - 未找到预测 CSV 文件，等待 30 秒后重试...
2025-01-17 05:53:42,838 - 未找到预测 CSV 文件，等待 30 秒后重试...
2025-01-17 05:54:12,845 - 未找到预测 CSV 文件，等待 30 秒后重试...
2025-01-17 05:54:42,855 - 未找到预测 CSV 文件，等待 30 秒后重试...
2025-01-17 05:55:12,864 - 未找到预测 CSV 文件，等待 30 秒后重试...
2025-01-17 05:55:42,876 - 未找到预测 CSV 文件，等待 30 秒后重试...
2025-01-17 05:56:12,884 - 未找到预测 CSV 文件，等待 30 秒后重试...
2025-01-17 05:56:42,892 - 未找到预测 CSV 文件，等待 30 秒后重试...
2025-01-17 05:57:12,899 - 未找到预测 CSV 文件，等待 30 秒后重试...
2025-01-17 05:57:42,909 - 未找到预测 CSV 文件，等待 30 秒后重试...
2025-01-17 05:58:12,925 - 未找到预测 CSV 文件，等待 30 秒后重试...
2025-01-17 05:58:42,938 - 未找到预测 CSV 文件，等待 30 秒后重试...
2025-01-17 05:59:12,945 - 未找到预测 CSV 文件，等待 30 秒后重试...
2025-01-17 05:59:42,955 - 未找到预测 CSV 文件，等待 30 秒后重试...
2025-01-17 06:00:12,963 - 未找到预测 CSV 文件，等待 30 秒后重试...
2025-01-17 06:00:42,968 - 未找到预测 CSV 文件，等待 30 秒后重试...
2025-01-17 06:01:12,971 - 未找到预测 CSV 文件，等待 30 秒后重试...
2025-01-17 06:01:42,972 - 未找到预测 CSV 文件，等待 30 秒后重试...
2025-01-17 06:02:12,987 - 未找到预测 CSV 文件，等待 30 秒后重试...
2025-01-17 06:02:43,002 - 未找到预测 CSV 文件，等待 30 秒后重试...
2025-01-17 06:03:13,014 - 未找到预测 CSV 文件，等待 30 秒后重试...
2025-01-17 06:03:43,026 - 未找到预测 CSV 文件，等待 30 秒后重试...
2025-01-17 06:04:13,030 - 未找到预测 CSV 文件，等待 30 秒后重试...
2025-01-17 06:04:43,040 - 未找到预测 CSV 文件，等待 30 秒后重试...
2025-01-17 06:05:13,049 - 未找到预测 CSV 文件，等待 30 秒后重试...
2025-01-17 06:05:43,055 - 未找到预测 CSV 文件，等待 30 秒后重试...
2025-01-17 06:06:13,059 - 未找到预测 CSV 文件，等待 30 秒后重试...
2025-01-17 06:06:43,067 - 未找到预测 CSV 文件，等待 30 秒后重试...
2025-01-17 06:07:13,078 - 未找到预测 CSV 文件，等待 30 秒后重试...
2025-01-17 06:07:43,088 - 未找到预测 CSV 文件，等待 30 秒后重试...
2025-01-17 06:08:13,103 - 未找到预测 CSV 文件，等待 30 秒后重试...
2025-01-17 06:08:43,105 - 未找到预测 CSV 文件，等待 30 秒后重试...
2025-01-17 06:09:13,108 - 未找到预测 CSV 文件，等待 30 秒后重试...
2025-01-17 06:09:43,121 - 未找到预测 CSV 文件，等待 30 秒后重试...
2025-01-17 06:10:13,128 - 未找到预测 CSV 文件，等待 30 秒后重试...
2025-01-17 06:10:43,143 - 未找到预测 CSV 文件，等待 30 秒后重试...
2025-01-17 06:11:13,148 - 未找到预测 CSV 文件，等待 30 秒后重试...
2025-01-17 06:11:43,153 - 未找到预测 CSV 文件，等待 30 秒后重试...
2025-01-17 06:12:13,164 - 未找到预测 CSV 文件，等待 30 秒后重试...
2025-01-17 06:12:43,173 - 未找到预测 CSV 文件，等待 30 秒后重试...
2025-01-17 06:13:13,176 - 未找到预测 CSV 文件，等待 30 秒后重试...
2025-01-17 06:13:43,190 - 未找到预测 CSV 文件，等待 30 秒后重试...
2025-01-17 06:14:13,199 - 未找到预测 CSV 文件，等待 30 秒后重试...
2025-01-17 06:14:43,215 - 未找到预测 CSV 文件，等待 30 秒后重试...
2025-01-17 06:15:13,225 - 未找到预测 CSV 文件，等待 30 秒后重试...
2025-01-17 06:15:43,234 - 未找到预测 CSV 文件，等待 30 秒后重试...
2025-01-17 06:16:13,239 - 未找到预测 CSV 文件，等待 30 秒后重试...
2025-01-17 06:16:43,253 - 未找到预测 CSV 文件，等待 30 秒后重试...
2025-01-17 06:17:13,266 - 未找到预测 CSV 文件，等待 30 秒后重试...
2025-01-17 06:17:43,282 - 未找到预测 CSV 文件，等待 30 秒后重试...
2025-01-17 06:18:13,283 - 未找到预测 CSV 文件，等待 30 秒后重试...
2025-01-17 06:18:43,296 - 未找到预测 CSV 文件，等待 30 秒后重试...
2025-01-17 06:19:13,312 - 未找到预测 CSV 文件，等待 30 秒后重试...
2025-01-17 06:19:43,316 - 未找到预测 CSV 文件，等待 30 秒后重试...
2025-01-17 06:20:13,324 - 未找到预测 CSV 文件，等待 30 秒后重试...
2025-01-17 06:20:43,337 - 未找到预测 CSV 文件，等待 30 秒后重试...
2025-01-17 06:21:13,354 - 未找到预测 CSV 文件，等待 30 秒后重试...
2025-01-17 06:21:43,356 - 未找到预测 CSV 文件，等待 30 秒后重试...
2025-01-17 06:22:13,364 - 未找到预测 CSV 文件，等待 30 秒后重试...
2025-01-17 06:22:43,366 - 未找到预测 CSV 文件，等待 30 秒后重试...
2025-01-17 06:23:13,368 - 未找到预测 CSV 文件，等待 30 秒后重试...
2025-01-17 06:23:43,382 - 未找到预测 CSV 文件，等待 30 秒后重试...
2025-01-17 06:24:13,395 - 未找到预测 CSV 文件，等待 30 秒后重试...
2025-01-17 06:24:43,400 - 未找到预测 CSV 文件，等待 30 秒后重试...
2025-01-17 06:25:13,413 - 未找到预测 CSV 文件，等待 30 秒后重试...
2025-01-17 06:25:43,420 - 未找到预测 CSV 文件，等待 30 秒后重试...
2025-01-17 06:26:13,433 - 未找到预测 CSV 文件，等待 30 秒后重试...
2025-01-17 06:26:43,450 - 未找到预测 CSV 文件，等待 30 秒后重试...
2025-01-17 06:27:13,465 - 未找到预测 CSV 文件，等待 30 秒后重试...
2025-01-17 06:27:43,481 - 未找到预测 CSV 文件，等待 30 秒后重试...
2025-01-17 06:28:13,492 - 未找到预测 CSV 文件，等待 30 秒后重试...
2025-01-17 06:28:43,504 - 未找到预测 CSV 文件，等待 30 秒后重试...
2025-01-17 06:29:13,517 - 未找到预测 CSV 文件，等待 30 秒后重试...
2025-01-17 06:29:43,524 - 未找到预测 CSV 文件，等待 30 秒后重试...
2025-01-17 06:30:13,539 - 未找到预测 CSV 文件，等待 30 秒后重试...
2025-01-17 06:30:43,542 - 未找到预测 CSV 文件，等待 30 秒后重试...
2025-01-17 06:31:13,549 - 未找到预测 CSV 文件，等待 30 秒后重试...
2025-01-17 06:31:43,564 - 未找到预测 CSV 文件，等待 30 秒后重试...
2025-01-17 06:32:13,567 - 未找到预测 CSV 文件，等待 30 秒后重试...
2025-01-17 06:32:43,571 - 未找到预测 CSV 文件，等待 30 秒后重试...
2025-01-17 06:33:13,580 - 未找到预测 CSV 文件，等待 30 秒后重试...
2025-01-17 06:33:43,590 - 未找到预测 CSV 文件，等待 30 秒后重试...
2025-01-17 06:34:13,593 - 未找到预测 CSV 文件，等待 30 秒后重试...
2025-01-17 06:34:43,601 - 未找到预测 CSV 文件，等待 30 秒后重试...
2025-01-17 06:35:13,609 - 未找到预测 CSV 文件，等待 30 秒后重试...
2025-01-17 06:35:43,623 - 未找到预测 CSV 文件，等待 30 秒后重试...
2025-01-17 06:36:13,633 - 未找到预测 CSV 文件，等待 30 秒后重试...
2025-01-17 06:36:43,646 - 未找到预测 CSV 文件，等待 30 秒后重试...
2025-01-17 06:37:13,648 - 未找到预测 CSV 文件，等待 30 秒后重试...
2025-01-17 06:37:43,664 - 未找到预测 CSV 文件，等待 30 秒后重试...
2025-01-17 06:38:13,675 - 未找到预测 CSV 文件，等待 30 秒后重试...
2025-01-17 06:38:43,690 - 未找到预测 CSV 文件，等待 30 秒后重试...
2025-01-17 06:39:13,698 - 未找到预测 CSV 文件，等待 30 秒后重试...
2025-01-17 06:39:43,707 - 未找到预测 CSV 文件，等待 30 秒后重试...
2025-01-17 06:40:13,718 - 未找到预测 CSV 文件，等待 30 秒后重试...
2025-01-17 06:40:43,734 - 未找到预测 CSV 文件，等待 30 秒后重试...
2025-01-17 06:41:13,748 - 未找到预测 CSV 文件，等待 30 秒后重试...
2025-01-17 06:41:43,752 - 未找到预测 CSV 文件，等待 30 秒后重试...
2025-01-17 06:42:13,766 - 未找到预测 CSV 文件，等待 30 秒后重试...
2025-01-17 06:42:43,782 - 未找到预测 CSV 文件，等待 30 秒后重试...
2025-01-17 06:43:13,789 - 未找到预测 CSV 文件，等待 30 秒后重试...
2025-01-17 06:43:43,796 - 未找到预测 CSV 文件，等待 30 秒后重试...
2025-01-17 06:44:13,798 - 未找到预测 CSV 文件，等待 30 秒后重试...
2025-01-17 06:44:43,810 - 未找到预测 CSV 文件，等待 30 秒后重试...
2025-01-17 06:45:13,818 - 未找到预测 CSV 文件，等待 30 秒后重试...
2025-01-17 06:45:43,826 - 未找到预测 CSV 文件，等待 30 秒后重试...
2025-01-17 06:46:13,834 - 未找到预测 CSV 文件，等待 30 秒后重试...
2025-01-17 06:46:43,843 - 未找到预测 CSV 文件，等待 30 秒后重试...
2025-01-17 06:47:13,846 - 未找到预测 CSV 文件，等待 30 秒后重试...
2025-01-17 06:47:43,850 - 未找到预测 CSV 文件，等待 30 秒后重试...
2025-01-17 06:48:13,856 - 未找到预测 CSV 文件，等待 30 秒后重试...
2025-01-17 06:48:43,873 - 未找到预测 CSV 文件，等待 30 秒后重试...
2025-01-17 06:49:13,882 - 未找到预测 CSV 文件，等待 30 秒后重试...
2025-01-17 06:49:43,898 - 未找到预测 CSV 文件，等待 30 秒后重试...
2025-01-17 06:50:13,899 - 未找到预测 CSV 文件，等待 30 秒后重试...
2025-01-17 06:50:43,909 - 未找到预测 CSV 文件，等待 30 秒后重试...
2025-01-17 06:51:13,925 - 未找到预测 CSV 文件，等待 30 秒后重试...
2025-01-17 06:51:43,932 - 未找到预测 CSV 文件，等待 30 秒后重试...
2025-01-17 06:52:13,934 - 未找到预测 CSV 文件，等待 30 秒后重试...
2025-01-17 06:52:43,944 - 未找到预测 CSV 文件，等待 30 秒后重试...
2025-01-17 06:53:13,951 - 未找到预测 CSV 文件，等待 30 秒后重试...
2025-01-17 06:53:43,956 - 未找到预测 CSV 文件，等待 30 秒后重试...
2025-01-17 06:54:13,971 - 未找到预测 CSV 文件，等待 30 秒后重试...
2025-01-17 06:54:43,977 - 未找到预测 CSV 文件，等待 30 秒后重试...
2025-01-17 06:55:13,981 - 未找到预测 CSV 文件，等待 30 秒后重试...
2025-01-17 06:55:43,991 - 未找到预测 CSV 文件，等待 30 秒后重试...
2025-01-17 06:56:13,996 - 未找到预测 CSV 文件，等待 30 秒后重试...
2025-01-17 06:56:44,012 - 未找到预测 CSV 文件，等待 30 秒后重试...
2025-01-17 06:57:14,020 - 未找到预测 CSV 文件，等待 30 秒后重试...
2025-01-17 06:57:44,032 - 未找到预测 CSV 文件，等待 30 秒后重试...
2025-01-17 06:58:14,036 - 未找到预测 CSV 文件，等待 30 秒后重试...
2025-01-17 06:58:44,042 - 未找到预测 CSV 文件，等待 30 秒后重试...
2025-01-17 06:59:14,051 - 未找到预测 CSV 文件，等待 30 秒后重试...
2025-01-17 06:59:44,067 - 未找到预测 CSV 文件，等待 30 秒后重试...
2025-01-17 07:00:14,070 - 未找到预测 CSV 文件，等待 30 秒后重试...
2025-01-17 07:00:44,074 - 未找到预测 CSV 文件，等待 30 秒后重试...
2025-01-17 07:01:14,078 - 未找到预测 CSV 文件，等待 30 秒后重试...
2025-01-17 07:01:44,087 - 未找到预测 CSV 文件，等待 30 秒后重试...
2025-01-17 07:02:14,095 - 未找到预测 CSV 文件，等待 30 秒后重试...
2025-01-17 07:02:44,108 - 未找到预测 CSV 文件，等待 30 秒后重试...
2025-01-17 07:03:14,110 - 未找到预测 CSV 文件，等待 30 秒后重试...
2025-01-17 07:03:44,124 - 未找到预测 CSV 文件，等待 30 秒后重试...
2025-01-17 07:04:14,130 - 未找到预测 CSV 文件，等待 30 秒后重试...
2025-01-17 07:04:44,140 - 未找到预测 CSV 文件，等待 30 秒后重试...
2025-01-17 07:05:14,149 - 未找到预测 CSV 文件，等待 30 秒后重试...
2025-01-17 07:05:44,155 - 未找到预测 CSV 文件，等待 30 秒后重试...
2025-01-17 07:06:14,169 - 未找到预测 CSV 文件，等待 30 秒后重试...
2025-01-17 07:06:44,184 - 未找到预测 CSV 文件，等待 30 秒后重试...
2025-01-17 07:07:15,606 - 未找到预测 CSV 文件，等待 30 秒后重试...
2025-01-17 07:07:45,612 - 未找到预测 CSV 文件，等待 30 秒后重试...
2025-01-17 07:08:15,619 - 未找到预测 CSV 文件，等待 30 秒后重试...
2025-01-17 07:08:45,626 - 未找到预测 CSV 文件，等待 30 秒后重试...
2025-01-17 07:09:15,638 - 未找到预测 CSV 文件，等待 30 秒后重试...
2025-01-17 07:09:45,653 - 未找到预测 CSV 文件，等待 30 秒后重试...
2025-01-17 07:10:15,669 - 未找到预测 CSV 文件，等待 30 秒后重试...
2025-01-17 07:10:45,681 - 未找到预测 CSV 文件，等待 30 秒后重试...
2025-01-17 07:11:15,690 - 未找到预测 CSV 文件，等待 30 秒后重试...
2025-01-17 07:11:45,695 - 未找到预测 CSV 文件，等待 30 秒后重试...
2025-01-17 07:12:15,701 - 未找到预测 CSV 文件，等待 30 秒后重试...
2025-01-17 07:12:45,703 - 未找到预测 CSV 文件，等待 30 秒后重试...
2025-01-17 07:13:15,716 - 未找到预测 CSV 文件，等待 30 秒后重试...
2025-01-17 07:13:45,730 - 未找到预测 CSV 文件，等待 30 秒后重试...
2025-01-17 07:14:15,743 - 未找到预测 CSV 文件，等待 30 秒后重试...
2025-01-17 07:14:45,748 - 未找到预测 CSV 文件，等待 30 秒后重试...
2025-01-17 07:15:15,751 - 未找到预测 CSV 文件，等待 30 秒后重试...
2025-01-17 07:15:45,752 - 未找到预测 CSV 文件，等待 30 秒后重试...
2025-01-17 07:16:15,759 - 未找到预测 CSV 文件，等待 30 秒后重试...
2025-01-17 07:16:45,774 - 未找到预测 CSV 文件，等待 30 秒后重试...
2025-01-17 07:17:15,789 - 未找到预测 CSV 文件，等待 30 秒后重试...
2025-01-17 07:17:45,802 - 未找到预测 CSV 文件，等待 30 秒后重试...
2025-01-17 07:18:15,815 - 未找到预测 CSV 文件，等待 30 秒后重试...
2025-01-17 07:18:45,824 - 未找到预测 CSV 文件，等待 30 秒后重试...
2025-01-17 07:19:15,833 - 未找到预测 CSV 文件，等待 30 秒后重试...
2025-01-17 07:19:45,837 - 未找到预测 CSV 文件，等待 30 秒后重试...
2025-01-17 07:20:15,844 - 未找到预测 CSV 文件，等待 30 秒后重试...
2025-01-17 07:20:45,848 - 未找到预测 CSV 文件，等待 30 秒后重试...
2025-01-17 07:21:15,862 - 未找到预测 CSV 文件，等待 30 秒后重试...
2025-01-17 07:21:45,866 - 未找到预测 CSV 文件，等待 30 秒后重试...
2025-01-17 07:22:15,871 - 未找到预测 CSV 文件，等待 30 秒后重试...
2025-01-17 07:22:45,885 - 未找到预测 CSV 文件，等待 30 秒后重试...
2025-01-17 07:23:15,895 - 未找到预测 CSV 文件，等待 30 秒后重试...
2025-01-17 07:23:45,903 - 未找到预测 CSV 文件，等待 30 秒后重试...
2025-01-17 07:24:15,905 - 未找到预测 CSV 文件，等待 30 秒后重试...
2025-01-17 07:24:45,913 - 未找到预测 CSV 文件，等待 30 秒后重试...
2025-01-17 07:25:15,929 - 未找到预测 CSV 文件，等待 30 秒后重试...
2025-01-17 07:25:45,934 - 未找到预测 CSV 文件，等待 30 秒后重试...
2025-01-17 07:26:15,946 - 未找到预测 CSV 文件，等待 30 秒后重试...
2025-01-17 07:26:45,949 - 未找到预测 CSV 文件，等待 30 秒后重试...
2025-01-17 07:27:15,964 - 未找到预测 CSV 文件，等待 30 秒后重试...
2025-01-17 07:27:45,974 - 未找到预测 CSV 文件，等待 30 秒后重试...
2025-01-17 07:28:15,979 - 未找到预测 CSV 文件，等待 30 秒后重试...
2025-01-17 07:28:45,990 - 未找到预测 CSV 文件，等待 30 秒后重试...
2025-01-17 07:29:16,004 - 未找到预测 CSV 文件，等待 30 秒后重试...
2025-01-17 07:29:46,012 - 未找到预测 CSV 文件，等待 30 秒后重试...
2025-01-17 07:30:16,025 - 未找到预测 CSV 文件，等待 30 秒后重试...
2025-01-17 07:30:46,031 - 未找到预测 CSV 文件，等待 30 秒后重试...
2025-01-17 07:31:16,045 - 未找到预测 CSV 文件，等待 30 秒后重试...
2025-01-17 07:31:46,049 - 未找到预测 CSV 文件，等待 30 秒后重试...
2025-01-17 07:32:16,057 - 未找到预测 CSV 文件，等待 30 秒后重试...
2025-01-17 07:32:46,069 - 未找到预测 CSV 文件，等待 30 秒后重试...
2025-01-17 07:33:16,075 - 未找到预测 CSV 文件，等待 30 秒后重试...
2025-01-17 07:33:46,085 - 未找到预测 CSV 文件，等待 30 秒后重试...
2025-01-17 07:34:16,097 - 未找到预测 CSV 文件，等待 30 秒后重试...
2025-01-17 07:34:46,107 - 未找到预测 CSV 文件，等待 30 秒后重试...
2025-01-17 07:35:16,108 - 未找到预测 CSV 文件，等待 30 秒后重试...
2025-01-17 07:35:46,124 - 未找到预测 CSV 文件，等待 30 秒后重试...
2025-01-17 07:36:16,139 - 未找到预测 CSV 文件，等待 30 秒后重试...
2025-01-17 07:36:46,149 - 未找到预测 CSV 文件，等待 30 秒后重试...
2025-01-17 07:37:16,151 - 未找到预测 CSV 文件，等待 30 秒后重试...
2025-01-17 07:37:46,153 - 未找到预测 CSV 文件，等待 30 秒后重试...
2025-01-17 07:38:16,161 - 未找到预测 CSV 文件，等待 30 秒后重试...
2025-01-17 07:38:46,178 - 未找到预测 CSV 文件，等待 30 秒后重试...
2025-01-17 07:39:16,179 - 未找到预测 CSV 文件，等待 30 秒后重试...
2025-01-17 07:39:46,195 - 未找到预测 CSV 文件，等待 30 秒后重试...
2025-01-17 07:40:16,207 - 未找到预测 CSV 文件，等待 30 秒后重试...
2025-01-17 07:40:46,218 - 未找到预测 CSV 文件，等待 30 秒后重试...
2025-01-17 07:41:16,219 - 未找到预测 CSV 文件，等待 30 秒后重试...
2025-01-17 07:41:46,233 - 未找到预测 CSV 文件，等待 30 秒后重试...
2025-01-17 07:42:16,242 - 未找到预测 CSV 文件，等待 30 秒后重试...
2025-01-17 07:42:46,255 - 未找到预测 CSV 文件，等待 30 秒后重试...
2025-01-17 07:43:16,257 - 未找到预测 CSV 文件，等待 30 秒后重试...
2025-01-17 07:43:46,266 - 未找到预测 CSV 文件，等待 30 秒后重试...
2025-01-17 07:44:16,276 - 未找到预测 CSV 文件，等待 30 秒后重试...
2025-01-17 07:44:46,285 - 未找到预测 CSV 文件，等待 30 秒后重试...
2025-01-17 07:45:16,298 - 未找到预测 CSV 文件，等待 30 秒后重试...
2025-01-17 07:45:46,305 - 未找到预测 CSV 文件，等待 30 秒后重试...
2025-01-17 07:46:16,309 - 未找到预测 CSV 文件，等待 30 秒后重试...
2025-01-17 07:46:46,322 - 未找到预测 CSV 文件，等待 30 秒后重试...
2025-01-17 07:47:16,332 - 未找到预测 CSV 文件，等待 30 秒后重试...
2025-01-17 07:47:46,346 - 未找到预测 CSV 文件，等待 30 秒后重试...
2025-01-17 07:48:16,348 - 未找到预测 CSV 文件，等待 30 秒后重试...
2025-01-17 07:48:46,365 - 未找到预测 CSV 文件，等待 30 秒后重试...
2025-01-17 07:49:16,375 - 未找到预测 CSV 文件，等待 30 秒后重试...
2025-01-17 07:49:46,385 - 未找到预测 CSV 文件，等待 30 秒后重试...
2025-01-17 07:50:16,402 - 未找到预测 CSV 文件，等待 30 秒后重试...
2025-01-17 07:50:46,418 - 未找到预测 CSV 文件，等待 30 秒后重试...
2025-01-17 07:51:16,425 - 未找到预测 CSV 文件，等待 30 秒后重试...
2025-01-17 07:51:46,439 - 未找到预测 CSV 文件，等待 30 秒后重试...
2025-01-17 07:52:16,451 - 未找到预测 CSV 文件，等待 30 秒后重试...
2025-01-17 07:52:46,454 - 未找到预测 CSV 文件，等待 30 秒后重试...
2025-01-17 07:53:16,465 - 未找到预测 CSV 文件，等待 30 秒后重试...
2025-01-17 07:53:46,480 - 未找到预测 CSV 文件，等待 30 秒后重试...
2025-01-17 07:54:16,497 - 未找到预测 CSV 文件，等待 30 秒后重试...
2025-01-17 07:54:46,506 - 未找到预测 CSV 文件，等待 30 秒后重试...
2025-01-17 07:55:16,520 - 未找到预测 CSV 文件，等待 30 秒后重试...
2025-01-17 07:55:46,524 - 未找到预测 CSV 文件，等待 30 秒后重试...
2025-01-17 07:56:16,528 - 未找到预测 CSV 文件，等待 30 秒后重试...
2025-01-17 07:56:46,541 - 未找到预测 CSV 文件，等待 30 秒后重试...
2025-01-17 07:57:16,543 - 未找到预测 CSV 文件，等待 30 秒后重试...
2025-01-17 07:57:46,557 - 未找到预测 CSV 文件，等待 30 秒后重试...
2025-01-17 07:58:16,571 - 未找到预测 CSV 文件，等待 30 秒后重试...
2025-01-17 07:58:46,576 - 未找到预测 CSV 文件，等待 30 秒后重试...
2025-01-17 07:59:16,592 - 未找到预测 CSV 文件，等待 30 秒后重试...
2025-01-17 07:59:46,597 - 未找到预测 CSV 文件，等待 30 秒后重试...
2025-01-17 08:00:16,599 - 未找到预测 CSV 文件，等待 30 秒后重试...
2025-01-17 08:00:46,615 - 未找到预测 CSV 文件，等待 30 秒后重试...
2025-01-17 08:01:16,615 - 未找到预测 CSV 文件，等待 30 秒后重试...
2025-01-17 08:01:46,626 - 未找到预测 CSV 文件，等待 30 秒后重试...
2025-01-17 08:02:16,629 - 未找到预测 CSV 文件，等待 30 秒后重试...
2025-01-17 08:02:46,634 - 未找到预测 CSV 文件，等待 30 秒后重试...
2025-01-17 08:03:16,637 - 未找到预测 CSV 文件，等待 30 秒后重试...
2025-01-17 08:03:46,647 - 未找到预测 CSV 文件，等待 30 秒后重试...
2025-01-17 08:04:16,660 - 未找到预测 CSV 文件，等待 30 秒后重试...
2025-01-17 08:04:46,664 - 未找到预测 CSV 文件，等待 30 秒后重试...
2025-01-17 08:05:16,667 - 未找到预测 CSV 文件，等待 30 秒后重试...
2025-01-17 08:05:46,671 - 未找到预测 CSV 文件，等待 30 秒后重试...
2025-01-17 08:06:16,688 - 未找到预测 CSV 文件，等待 30 秒后重试...
2025-01-17 08:06:46,705 - 未找到预测 CSV 文件，等待 30 秒后重试...
2025-01-17 08:07:16,705 - 未找到预测 CSV 文件，等待 30 秒后重试...
2025-01-17 08:07:46,721 - 未找到预测 CSV 文件，等待 30 秒后重试...
2025-01-17 08:08:16,729 - 未找到预测 CSV 文件，等待 30 秒后重试...
2025-01-17 08:08:46,734 - 未找到预测 CSV 文件，等待 30 秒后重试...
2025-01-17 08:09:16,746 - 未找到预测 CSV 文件，等待 30 秒后重试...
2025-01-17 08:09:46,753 - 未找到预测 CSV 文件，等待 30 秒后重试...
2025-01-17 08:10:16,768 - 未找到预测 CSV 文件，等待 30 秒后重试...
2025-01-17 08:10:46,783 - 未找到预测 CSV 文件，等待 30 秒后重试...
2025-01-17 08:11:16,799 - 未找到预测 CSV 文件，等待 30 秒后重试...
2025-01-17 08:11:46,807 - 未找到预测 CSV 文件，等待 30 秒后重试...
2025-01-17 08:12:16,821 - 未找到预测 CSV 文件，等待 30 秒后重试...
2025-01-17 08:12:46,837 - 未找到预测 CSV 文件，等待 30 秒后重试...
2025-01-17 08:13:16,854 - 未找到预测 CSV 文件，等待 30 秒后重试...
2025-01-17 08:13:46,868 - 未找到预测 CSV 文件，等待 30 秒后重试...
2025-01-17 08:14:16,881 - 未找到预测 CSV 文件，等待 30 秒后重试...
2025-01-17 08:14:46,890 - 未找到预测 CSV 文件，等待 30 秒后重试...
2025-01-17 08:15:16,893 - 未找到预测 CSV 文件，等待 30 秒后重试...
2025-01-17 08:15:46,897 - 未找到预测 CSV 文件，等待 30 秒后重试...
2025-01-17 08:16:16,913 - 未找到预测 CSV 文件，等待 30 秒后重试...
2025-01-17 08:16:46,921 - 未找到预测 CSV 文件，等待 30 秒后重试...
2025-01-17 08:17:16,934 - 未找到预测 CSV 文件，等待 30 秒后重试...
2025-01-17 08:17:46,942 - 未找到预测 CSV 文件，等待 30 秒后重试...
2025-01-17 08:18:16,948 - 未找到预测 CSV 文件，等待 30 秒后重试...
2025-01-17 08:18:46,959 - 未找到预测 CSV 文件，等待 30 秒后重试...
2025-01-17 08:19:16,964 - 未找到预测 CSV 文件，等待 30 秒后重试...
2025-01-17 08:19:46,979 - 未找到预测 CSV 文件，等待 30 秒后重试...
2025-01-17 08:20:16,981 - 未找到预测 CSV 文件，等待 30 秒后重试...
2025-01-17 08:20:46,993 - 未找到预测 CSV 文件，等待 30 秒后重试...
2025-01-17 08:21:16,997 - 未找到预测 CSV 文件，等待 30 秒后重试...
2025-01-17 08:21:47,004 - 未找到预测 CSV 文件，等待 30 秒后重试...
2025-01-17 08:22:17,018 - 未找到预测 CSV 文件，等待 30 秒后重试...
2025-01-17 08:22:47,024 - 未找到预测 CSV 文件，等待 30 秒后重试...
2025-01-17 08:23:17,032 - 未找到预测 CSV 文件，等待 30 秒后重试...
2025-01-17 08:23:47,038 - 未找到预测 CSV 文件，等待 30 秒后重试...
2025-01-17 08:24:17,055 - 未找到预测 CSV 文件，等待 30 秒后重试...
2025-01-17 08:24:47,069 - 未找到预测 CSV 文件，等待 30 秒后重试...
2025-01-17 08:25:17,076 - 未找到预测 CSV 文件，等待 30 秒后重试...
2025-01-17 08:25:47,080 - 未找到预测 CSV 文件，等待 30 秒后重试...
2025-01-17 08:26:17,090 - 未找到预测 CSV 文件，等待 30 秒后重试...
2025-01-17 08:26:47,093 - 未找到预测 CSV 文件，等待 30 秒后重试...
2025-01-17 08:27:17,108 - 未找到预测 CSV 文件，等待 30 秒后重试...
2025-01-17 08:27:47,112 - 未找到预测 CSV 文件，等待 30 秒后重试...
2025-01-17 08:28:17,126 - 未找到预测 CSV 文件，等待 30 秒后重试...
2025-01-17 08:28:47,141 - 未找到预测 CSV 文件，等待 30 秒后重试...
2025-01-17 08:29:17,149 - 未找到预测 CSV 文件，等待 30 秒后重试...
2025-01-17 08:29:47,158 - 未找到预测 CSV 文件，等待 30 秒后重试...
2025-01-17 08:30:17,165 - 未找到预测 CSV 文件，等待 30 秒后重试...
2025-01-17 08:30:47,170 - 发现新的预测文件：D:\my-vue-project\wind-power-forecast\backend\auto_scripts\precsv\shortcsv\20250117.csv，执行预测...
2025-01-17 08:30:47,253 - 今天的训练和预测任务已完成。
