2025-01-12 01:00:12,537 - 今天的日期是: 20250112
2025-01-12 01:00:12,538 - 开始监视 D:\my-vue-project\wind-power-forecast\backend\auto_scripts\dataset\dataset_short 文件夹以进行训练...
2025-01-12 01:00:12,538 - 开始监视 D:\my-vue-project\wind-power-forecast\backend\auto_scripts\precsv\shortcsv 文件夹以进行预测...
2025-01-12 01:00:12,538 - 未有可用模型，等待模型训练完成...
2025-01-12 01:00:12,538 - 发现新的训练文件：D:\my-vue-project\wind-power-forecast\backend\auto_scripts\dataset\dataset_short\20250112.csv，执行训练...
2025-01-12 01:00:12,538 - 输出结果将保存到: D:\my-vue-project\wind-power-forecast\backend\auto_scripts\train_predictions\short_predictions
2025-01-12 01:00:14,041 - 数据加载与预处理完成
2025-01-12 01:00:14,482 - 数据标准化完成
2025-01-12 01:00:15,562 - 创建时间窗口完成
2025-01-12 01:00:15,562 - 获取模型参数完成
2025-01-12 01:00:42,557 - 未有可用模型，等待模型训练完成...
2025-01-12 01:01:12,580 - 未有可用模型，等待模型训练完成...
2025-01-12 01:01:42,595 - 未有可用模型，等待模型训练完成...
2025-01-12 01:02:12,613 - 未有可用模型，等待模型训练完成...
2025-01-12 01:02:42,616 - 未有可用模型，等待模型训练完成...
2025-01-12 01:03:12,631 - 未有可用模型，等待模型训练完成...
2025-01-12 01:03:42,640 - 未有可用模型，等待模型训练完成...
2025-01-12 01:04:12,654 - 未有可用模型，等待模型训练完成...
2025-01-12 01:04:42,666 - 未有可用模型，等待模型训练完成...
2025-01-12 01:05:12,671 - 未有可用模型，等待模型训练完成...
2025-01-12 01:05:42,680 - 未有可用模型，等待模型训练完成...
2025-01-12 01:06:12,681 - 未有可用模型，等待模型训练完成...
2025-01-12 01:06:42,689 - 未有可用模型，等待模型训练完成...
2025-01-12 01:07:12,711 - 未有可用模型，等待模型训练完成...
2025-01-12 01:07:42,727 - 未有可用模型，等待模型训练完成...
2025-01-12 01:07:44,470 - 训练与评估完成
2025-01-12 01:07:44,544 - 保存预测结果完成
2025-01-12 01:07:44,956 - 可视化结果完成
2025-01-12 01:07:45,360 - 模型已成功保存到 D:\my-vue-project\wind-power-forecast\backend\auto_scripts\models\shortmodel\20250112，模型可用。
2025-01-12 01:08:12,736 - 未找到预测 CSV 文件，等待 30 秒后重试...
2025-01-12 01:08:42,751 - 未找到预测 CSV 文件，等待 30 秒后重试...
2025-01-12 01:09:12,762 - 未找到预测 CSV 文件，等待 30 秒后重试...
2025-01-12 01:09:42,766 - 未找到预测 CSV 文件，等待 30 秒后重试...
2025-01-12 01:10:12,782 - 未找到预测 CSV 文件，等待 30 秒后重试...
2025-01-12 01:10:42,796 - 未找到预测 CSV 文件，等待 30 秒后重试...
2025-01-12 01:11:12,801 - 未找到预测 CSV 文件，等待 30 秒后重试...
2025-01-12 01:11:42,813 - 未找到预测 CSV 文件，等待 30 秒后重试...
2025-01-12 01:12:12,817 - 未找到预测 CSV 文件，等待 30 秒后重试...
2025-01-12 01:12:42,823 - 未找到预测 CSV 文件，等待 30 秒后重试...
2025-01-12 01:13:12,838 - 未找到预测 CSV 文件，等待 30 秒后重试...
2025-01-12 01:13:42,848 - 未找到预测 CSV 文件，等待 30 秒后重试...
2025-01-12 01:14:12,863 - 未找到预测 CSV 文件，等待 30 秒后重试...
2025-01-12 01:14:42,874 - 未找到预测 CSV 文件，等待 30 秒后重试...
2025-01-12 01:15:12,876 - 未找到预测 CSV 文件，等待 30 秒后重试...
2025-01-12 01:15:42,887 - 未找到预测 CSV 文件，等待 30 秒后重试...
2025-01-12 01:16:12,892 - 未找到预测 CSV 文件，等待 30 秒后重试...
2025-01-12 01:16:42,895 - 未找到预测 CSV 文件，等待 30 秒后重试...
2025-01-12 01:17:12,910 - 未找到预测 CSV 文件，等待 30 秒后重试...
2025-01-12 01:17:42,912 - 未找到预测 CSV 文件，等待 30 秒后重试...
2025-01-12 01:18:12,927 - 未找到预测 CSV 文件，等待 30 秒后重试...
2025-01-12 01:18:42,946 - 未找到预测 CSV 文件，等待 30 秒后重试...
2025-01-12 01:19:12,949 - 未找到预测 CSV 文件，等待 30 秒后重试...
2025-01-12 01:19:42,957 - 未找到预测 CSV 文件，等待 30 秒后重试...
2025-01-12 01:20:12,974 - 未找到预测 CSV 文件，等待 30 秒后重试...
2025-01-12 01:20:42,983 - 未找到预测 CSV 文件，等待 30 秒后重试...
2025-01-12 01:21:12,996 - 未找到预测 CSV 文件，等待 30 秒后重试...
2025-01-12 01:21:43,000 - 未找到预测 CSV 文件，等待 30 秒后重试...
2025-01-12 01:22:13,002 - 未找到预测 CSV 文件，等待 30 秒后重试...
2025-01-12 01:22:43,008 - 未找到预测 CSV 文件，等待 30 秒后重试...
2025-01-12 01:23:13,013 - 未找到预测 CSV 文件，等待 30 秒后重试...
2025-01-12 01:23:43,023 - 未找到预测 CSV 文件，等待 30 秒后重试...
2025-01-12 01:24:13,035 - 未找到预测 CSV 文件，等待 30 秒后重试...
2025-01-12 01:24:43,040 - 未找到预测 CSV 文件，等待 30 秒后重试...
2025-01-12 01:25:13,056 - 未找到预测 CSV 文件，等待 30 秒后重试...
2025-01-12 01:25:43,066 - 未找到预测 CSV 文件，等待 30 秒后重试...
2025-01-12 01:26:13,070 - 未找到预测 CSV 文件，等待 30 秒后重试...
2025-01-12 01:26:43,084 - 未找到预测 CSV 文件，等待 30 秒后重试...
2025-01-12 01:27:13,095 - 未找到预测 CSV 文件，等待 30 秒后重试...
2025-01-12 01:27:43,100 - 未找到预测 CSV 文件，等待 30 秒后重试...
2025-01-12 01:28:13,102 - 未找到预测 CSV 文件，等待 30 秒后重试...
2025-01-12 01:28:43,111 - 未找到预测 CSV 文件，等待 30 秒后重试...
2025-01-12 01:29:13,116 - 未找到预测 CSV 文件，等待 30 秒后重试...
2025-01-12 01:29:43,121 - 未找到预测 CSV 文件，等待 30 秒后重试...
2025-01-12 01:30:13,126 - 未找到预测 CSV 文件，等待 30 秒后重试...
2025-01-12 01:30:43,139 - 未找到预测 CSV 文件，等待 30 秒后重试...
2025-01-12 01:31:13,154 - 未找到预测 CSV 文件，等待 30 秒后重试...
2025-01-12 01:31:43,161 - 未找到预测 CSV 文件，等待 30 秒后重试...
2025-01-12 01:32:13,166 - 未找到预测 CSV 文件，等待 30 秒后重试...
2025-01-12 01:32:43,177 - 未找到预测 CSV 文件，等待 30 秒后重试...
2025-01-12 01:33:13,188 - 未找到预测 CSV 文件，等待 30 秒后重试...
2025-01-12 01:33:43,204 - 未找到预测 CSV 文件，等待 30 秒后重试...
2025-01-12 01:34:13,210 - 未找到预测 CSV 文件，等待 30 秒后重试...
2025-01-12 01:34:43,225 - 未找到预测 CSV 文件，等待 30 秒后重试...
2025-01-12 01:35:13,238 - 未找到预测 CSV 文件，等待 30 秒后重试...
2025-01-12 01:35:43,248 - 未找到预测 CSV 文件，等待 30 秒后重试...
2025-01-12 01:36:13,257 - 未找到预测 CSV 文件，等待 30 秒后重试...
2025-01-12 01:36:43,270 - 未找到预测 CSV 文件，等待 30 秒后重试...
2025-01-12 01:37:13,284 - 未找到预测 CSV 文件，等待 30 秒后重试...
2025-01-12 01:37:43,297 - 未找到预测 CSV 文件，等待 30 秒后重试...
2025-01-12 01:38:13,307 - 未找到预测 CSV 文件，等待 30 秒后重试...
2025-01-12 01:38:43,319 - 未找到预测 CSV 文件，等待 30 秒后重试...
2025-01-12 01:39:13,328 - 未找到预测 CSV 文件，等待 30 秒后重试...
2025-01-12 01:39:43,343 - 未找到预测 CSV 文件，等待 30 秒后重试...
2025-01-12 01:40:13,346 - 未找到预测 CSV 文件，等待 30 秒后重试...
2025-01-12 01:40:43,360 - 未找到预测 CSV 文件，等待 30 秒后重试...
2025-01-12 01:41:13,372 - 未找到预测 CSV 文件，等待 30 秒后重试...
2025-01-12 01:41:43,387 - 未找到预测 CSV 文件，等待 30 秒后重试...
2025-01-12 01:42:13,402 - 未找到预测 CSV 文件，等待 30 秒后重试...
2025-01-12 01:42:43,415 - 未找到预测 CSV 文件，等待 30 秒后重试...
2025-01-12 01:43:13,424 - 未找到预测 CSV 文件，等待 30 秒后重试...
2025-01-12 01:43:43,460 - 未找到预测 CSV 文件，等待 30 秒后重试...
2025-01-12 01:44:13,474 - 未找到预测 CSV 文件，等待 30 秒后重试...
2025-01-12 01:44:43,484 - 未找到预测 CSV 文件，等待 30 秒后重试...
2025-01-12 01:45:13,487 - 未找到预测 CSV 文件，等待 30 秒后重试...
2025-01-12 01:45:43,501 - 未找到预测 CSV 文件，等待 30 秒后重试...
2025-01-12 01:46:13,504 - 未找到预测 CSV 文件，等待 30 秒后重试...
2025-01-12 01:46:43,515 - 未找到预测 CSV 文件，等待 30 秒后重试...
2025-01-12 01:47:13,525 - 未找到预测 CSV 文件，等待 30 秒后重试...
2025-01-12 01:47:43,536 - 未找到预测 CSV 文件，等待 30 秒后重试...
2025-01-12 01:48:13,545 - 未找到预测 CSV 文件，等待 30 秒后重试...
2025-01-12 01:48:43,547 - 未找到预测 CSV 文件，等待 30 秒后重试...
2025-01-12 01:49:13,556 - 未找到预测 CSV 文件，等待 30 秒后重试...
2025-01-12 01:49:43,557 - 未找到预测 CSV 文件，等待 30 秒后重试...
2025-01-12 01:50:13,573 - 未找到预测 CSV 文件，等待 30 秒后重试...
2025-01-12 01:50:43,587 - 未找到预测 CSV 文件，等待 30 秒后重试...
2025-01-12 01:51:13,595 - 未找到预测 CSV 文件，等待 30 秒后重试...
2025-01-12 01:51:43,605 - 未找到预测 CSV 文件，等待 30 秒后重试...
2025-01-12 01:52:13,617 - 未找到预测 CSV 文件，等待 30 秒后重试...
2025-01-12 01:52:43,625 - 未找到预测 CSV 文件，等待 30 秒后重试...
2025-01-12 01:53:13,639 - 未找到预测 CSV 文件，等待 30 秒后重试...
2025-01-12 01:53:43,640 - 未找到预测 CSV 文件，等待 30 秒后重试...
2025-01-12 01:54:13,648 - 未找到预测 CSV 文件，等待 30 秒后重试...
2025-01-12 01:54:43,665 - 未找到预测 CSV 文件，等待 30 秒后重试...
2025-01-12 01:55:13,676 - 未找到预测 CSV 文件，等待 30 秒后重试...
2025-01-12 01:55:43,683 - 未找到预测 CSV 文件，等待 30 秒后重试...
2025-01-12 01:56:13,695 - 未找到预测 CSV 文件，等待 30 秒后重试...
2025-01-12 01:56:43,711 - 未找到预测 CSV 文件，等待 30 秒后重试...
2025-01-12 01:57:13,722 - 未找到预测 CSV 文件，等待 30 秒后重试...
2025-01-12 01:57:43,722 - 未找到预测 CSV 文件，等待 30 秒后重试...
2025-01-12 01:58:13,737 - 未找到预测 CSV 文件，等待 30 秒后重试...
2025-01-12 01:58:43,737 - 未找到预测 CSV 文件，等待 30 秒后重试...
2025-01-12 01:59:13,749 - 未找到预测 CSV 文件，等待 30 秒后重试...
2025-01-12 01:59:43,763 - 未找到预测 CSV 文件，等待 30 秒后重试...
2025-01-12 02:00:13,767 - 未找到预测 CSV 文件，等待 30 秒后重试...
2025-01-12 02:00:43,784 - 未找到预测 CSV 文件，等待 30 秒后重试...
2025-01-12 02:01:13,799 - 未找到预测 CSV 文件，等待 30 秒后重试...
2025-01-12 02:01:43,815 - 未找到预测 CSV 文件，等待 30 秒后重试...
2025-01-12 02:02:13,826 - 未找到预测 CSV 文件，等待 30 秒后重试...
2025-01-12 02:02:43,835 - 未找到预测 CSV 文件，等待 30 秒后重试...
2025-01-12 02:03:13,849 - 未找到预测 CSV 文件，等待 30 秒后重试...
2025-01-12 02:03:43,851 - 未找到预测 CSV 文件，等待 30 秒后重试...
2025-01-12 02:04:13,856 - 未找到预测 CSV 文件，等待 30 秒后重试...
2025-01-12 02:04:43,864 - 未找到预测 CSV 文件，等待 30 秒后重试...
2025-01-12 02:05:13,874 - 未找到预测 CSV 文件，等待 30 秒后重试...
2025-01-12 02:05:43,884 - 未找到预测 CSV 文件，等待 30 秒后重试...
2025-01-12 02:06:13,892 - 未找到预测 CSV 文件，等待 30 秒后重试...
2025-01-12 02:06:43,897 - 未找到预测 CSV 文件，等待 30 秒后重试...
2025-01-12 02:07:13,911 - 未找到预测 CSV 文件，等待 30 秒后重试...
2025-01-12 02:07:43,919 - 未找到预测 CSV 文件，等待 30 秒后重试...
2025-01-12 02:08:13,932 - 未找到预测 CSV 文件，等待 30 秒后重试...
2025-01-12 02:08:43,939 - 未找到预测 CSV 文件，等待 30 秒后重试...
2025-01-12 02:09:13,947 - 未找到预测 CSV 文件，等待 30 秒后重试...
2025-01-12 02:09:43,960 - 未找到预测 CSV 文件，等待 30 秒后重试...
2025-01-12 02:10:13,965 - 未找到预测 CSV 文件，等待 30 秒后重试...
2025-01-12 02:10:43,969 - 未找到预测 CSV 文件，等待 30 秒后重试...
2025-01-12 02:11:13,980 - 未找到预测 CSV 文件，等待 30 秒后重试...
2025-01-12 02:11:43,981 - 未找到预测 CSV 文件，等待 30 秒后重试...
2025-01-12 02:12:13,992 - 未找到预测 CSV 文件，等待 30 秒后重试...
2025-01-12 02:12:44,000 - 未找到预测 CSV 文件，等待 30 秒后重试...
2025-01-12 02:13:14,017 - 未找到预测 CSV 文件，等待 30 秒后重试...
2025-01-12 02:13:44,028 - 未找到预测 CSV 文件，等待 30 秒后重试...
2025-01-12 02:14:14,030 - 未找到预测 CSV 文件，等待 30 秒后重试...
2025-01-12 02:14:44,035 - 未找到预测 CSV 文件，等待 30 秒后重试...
2025-01-12 02:15:14,037 - 未找到预测 CSV 文件，等待 30 秒后重试...
2025-01-12 02:15:44,044 - 未找到预测 CSV 文件，等待 30 秒后重试...
2025-01-12 02:16:14,047 - 未找到预测 CSV 文件，等待 30 秒后重试...
2025-01-12 02:16:44,051 - 未找到预测 CSV 文件，等待 30 秒后重试...
2025-01-12 02:17:14,055 - 未找到预测 CSV 文件，等待 30 秒后重试...
2025-01-12 02:17:44,061 - 未找到预测 CSV 文件，等待 30 秒后重试...
2025-01-12 02:18:14,070 - 未找到预测 CSV 文件，等待 30 秒后重试...
2025-01-12 02:18:44,084 - 未找到预测 CSV 文件，等待 30 秒后重试...
2025-01-12 02:19:14,088 - 未找到预测 CSV 文件，等待 30 秒后重试...
2025-01-12 02:19:44,094 - 未找到预测 CSV 文件，等待 30 秒后重试...
2025-01-12 02:20:14,104 - 未找到预测 CSV 文件，等待 30 秒后重试...
2025-01-12 02:20:44,110 - 未找到预测 CSV 文件，等待 30 秒后重试...
2025-01-12 02:21:14,112 - 未找到预测 CSV 文件，等待 30 秒后重试...
2025-01-12 02:21:44,114 - 未找到预测 CSV 文件，等待 30 秒后重试...
2025-01-12 02:22:14,116 - 未找到预测 CSV 文件，等待 30 秒后重试...
2025-01-12 02:22:44,124 - 未找到预测 CSV 文件，等待 30 秒后重试...
2025-01-12 02:23:14,132 - 未找到预测 CSV 文件，等待 30 秒后重试...
2025-01-12 02:23:44,141 - 未找到预测 CSV 文件，等待 30 秒后重试...
2025-01-12 02:24:14,143 - 未找到预测 CSV 文件，等待 30 秒后重试...
2025-01-12 02:24:44,153 - 未找到预测 CSV 文件，等待 30 秒后重试...
2025-01-12 02:25:14,165 - 未找到预测 CSV 文件，等待 30 秒后重试...
2025-01-12 02:25:44,171 - 未找到预测 CSV 文件，等待 30 秒后重试...
2025-01-12 02:26:14,175 - 未找到预测 CSV 文件，等待 30 秒后重试...
2025-01-12 02:26:44,177 - 未找到预测 CSV 文件，等待 30 秒后重试...
2025-01-12 02:27:14,191 - 未找到预测 CSV 文件，等待 30 秒后重试...
2025-01-12 02:27:44,201 - 未找到预测 CSV 文件，等待 30 秒后重试...
2025-01-12 02:28:14,201 - 未找到预测 CSV 文件，等待 30 秒后重试...
2025-01-12 02:28:44,205 - 未找到预测 CSV 文件，等待 30 秒后重试...
2025-01-12 02:29:14,212 - 未找到预测 CSV 文件，等待 30 秒后重试...
2025-01-12 02:29:44,228 - 未找到预测 CSV 文件，等待 30 秒后重试...
2025-01-12 02:30:14,240 - 未找到预测 CSV 文件，等待 30 秒后重试...
2025-01-12 02:30:44,249 - 未找到预测 CSV 文件，等待 30 秒后重试...
2025-01-12 02:31:14,258 - 未找到预测 CSV 文件，等待 30 秒后重试...
2025-01-12 02:31:44,260 - 未找到预测 CSV 文件，等待 30 秒后重试...
2025-01-12 02:32:14,266 - 未找到预测 CSV 文件，等待 30 秒后重试...
2025-01-12 02:32:44,276 - 未找到预测 CSV 文件，等待 30 秒后重试...
2025-01-12 02:33:14,282 - 未找到预测 CSV 文件，等待 30 秒后重试...
2025-01-12 02:33:44,297 - 未找到预测 CSV 文件，等待 30 秒后重试...
2025-01-12 02:34:14,304 - 未找到预测 CSV 文件，等待 30 秒后重试...
2025-01-12 02:34:44,306 - 未找到预测 CSV 文件，等待 30 秒后重试...
2025-01-12 02:35:14,308 - 未找到预测 CSV 文件，等待 30 秒后重试...
2025-01-12 02:35:44,324 - 未找到预测 CSV 文件，等待 30 秒后重试...
2025-01-12 02:36:14,330 - 未找到预测 CSV 文件，等待 30 秒后重试...
2025-01-12 02:36:44,346 - 未找到预测 CSV 文件，等待 30 秒后重试...
2025-01-12 02:37:14,349 - 未找到预测 CSV 文件，等待 30 秒后重试...
2025-01-12 02:37:44,362 - 未找到预测 CSV 文件，等待 30 秒后重试...
2025-01-12 02:38:14,377 - 未找到预测 CSV 文件，等待 30 秒后重试...
2025-01-12 02:38:44,384 - 未找到预测 CSV 文件，等待 30 秒后重试...
2025-01-12 02:39:14,396 - 未找到预测 CSV 文件，等待 30 秒后重试...
2025-01-12 02:39:44,409 - 未找到预测 CSV 文件，等待 30 秒后重试...
2025-01-12 02:40:14,415 - 未找到预测 CSV 文件，等待 30 秒后重试...
2025-01-12 02:40:44,430 - 未找到预测 CSV 文件，等待 30 秒后重试...
2025-01-12 02:41:14,435 - 未找到预测 CSV 文件，等待 30 秒后重试...
2025-01-12 02:41:44,449 - 未找到预测 CSV 文件，等待 30 秒后重试...
2025-01-12 02:42:14,462 - 未找到预测 CSV 文件，等待 30 秒后重试...
2025-01-12 02:42:44,479 - 未找到预测 CSV 文件，等待 30 秒后重试...
2025-01-12 02:43:14,484 - 未找到预测 CSV 文件，等待 30 秒后重试...
2025-01-12 02:43:44,490 - 未找到预测 CSV 文件，等待 30 秒后重试...
2025-01-12 02:44:14,507 - 未找到预测 CSV 文件，等待 30 秒后重试...
2025-01-12 02:44:44,524 - 未找到预测 CSV 文件，等待 30 秒后重试...
2025-01-12 02:45:14,527 - 未找到预测 CSV 文件，等待 30 秒后重试...
2025-01-12 02:45:44,530 - 未找到预测 CSV 文件，等待 30 秒后重试...
2025-01-12 02:46:14,545 - 未找到预测 CSV 文件，等待 30 秒后重试...
2025-01-12 02:46:44,549 - 未找到预测 CSV 文件，等待 30 秒后重试...
2025-01-12 02:47:14,557 - 未找到预测 CSV 文件，等待 30 秒后重试...
2025-01-12 02:47:44,561 - 未找到预测 CSV 文件，等待 30 秒后重试...
2025-01-12 02:48:14,577 - 未找到预测 CSV 文件，等待 30 秒后重试...
2025-01-12 02:48:44,593 - 未找到预测 CSV 文件，等待 30 秒后重试...
2025-01-12 02:49:14,598 - 未找到预测 CSV 文件，等待 30 秒后重试...
2025-01-12 02:49:44,613 - 未找到预测 CSV 文件，等待 30 秒后重试...
2025-01-12 02:50:14,617 - 未找到预测 CSV 文件，等待 30 秒后重试...
2025-01-12 02:50:44,633 - 未找到预测 CSV 文件，等待 30 秒后重试...
2025-01-12 02:51:14,647 - 未找到预测 CSV 文件，等待 30 秒后重试...
2025-01-12 02:51:44,657 - 未找到预测 CSV 文件，等待 30 秒后重试...
2025-01-12 02:52:14,665 - 未找到预测 CSV 文件，等待 30 秒后重试...
2025-01-12 02:52:44,675 - 未找到预测 CSV 文件，等待 30 秒后重试...
2025-01-12 02:53:14,681 - 未找到预测 CSV 文件，等待 30 秒后重试...
2025-01-12 02:53:44,695 - 未找到预测 CSV 文件，等待 30 秒后重试...
2025-01-12 02:54:14,707 - 未找到预测 CSV 文件，等待 30 秒后重试...
2025-01-12 02:54:44,718 - 未找到预测 CSV 文件，等待 30 秒后重试...
2025-01-12 02:55:14,731 - 未找到预测 CSV 文件，等待 30 秒后重试...
2025-01-12 02:55:44,747 - 未找到预测 CSV 文件，等待 30 秒后重试...
2025-01-12 02:56:14,753 - 未找到预测 CSV 文件，等待 30 秒后重试...
2025-01-12 02:56:44,757 - 未找到预测 CSV 文件，等待 30 秒后重试...
2025-01-12 02:57:14,773 - 未找到预测 CSV 文件，等待 30 秒后重试...
2025-01-12 02:57:44,782 - 未找到预测 CSV 文件，等待 30 秒后重试...
2025-01-12 02:58:14,790 - 未找到预测 CSV 文件，等待 30 秒后重试...
2025-01-12 02:58:44,802 - 未找到预测 CSV 文件，等待 30 秒后重试...
2025-01-12 02:59:14,817 - 未找到预测 CSV 文件，等待 30 秒后重试...
2025-01-12 02:59:44,820 - 未找到预测 CSV 文件，等待 30 秒后重试...
2025-01-12 03:00:14,833 - 未找到预测 CSV 文件，等待 30 秒后重试...
2025-01-12 03:00:44,843 - 未找到预测 CSV 文件，等待 30 秒后重试...
2025-01-12 03:01:14,859 - 未找到预测 CSV 文件，等待 30 秒后重试...
2025-01-12 03:01:44,874 - 未找到预测 CSV 文件，等待 30 秒后重试...
2025-01-12 03:02:14,886 - 未找到预测 CSV 文件，等待 30 秒后重试...
2025-01-12 03:02:44,894 - 未找到预测 CSV 文件，等待 30 秒后重试...
2025-01-12 03:03:14,896 - 未找到预测 CSV 文件，等待 30 秒后重试...
2025-01-12 03:03:44,911 - 未找到预测 CSV 文件，等待 30 秒后重试...
2025-01-12 03:04:14,912 - 未找到预测 CSV 文件，等待 30 秒后重试...
2025-01-12 03:04:44,925 - 未找到预测 CSV 文件，等待 30 秒后重试...
2025-01-12 03:05:14,930 - 未找到预测 CSV 文件，等待 30 秒后重试...
2025-01-12 03:05:44,940 - 未找到预测 CSV 文件，等待 30 秒后重试...
2025-01-12 03:06:14,952 - 未找到预测 CSV 文件，等待 30 秒后重试...
2025-01-12 03:06:44,954 - 未找到预测 CSV 文件，等待 30 秒后重试...
2025-01-12 03:07:14,970 - 未找到预测 CSV 文件，等待 30 秒后重试...
2025-01-12 03:07:44,987 - 未找到预测 CSV 文件，等待 30 秒后重试...
2025-01-12 03:08:14,994 - 未找到预测 CSV 文件，等待 30 秒后重试...
2025-01-12 03:08:44,999 - 未找到预测 CSV 文件，等待 30 秒后重试...
2025-01-12 03:09:15,004 - 未找到预测 CSV 文件，等待 30 秒后重试...
2025-01-12 03:09:45,012 - 未找到预测 CSV 文件，等待 30 秒后重试...
2025-01-12 03:10:15,024 - 未找到预测 CSV 文件，等待 30 秒后重试...
2025-01-12 03:10:45,038 - 未找到预测 CSV 文件，等待 30 秒后重试...
2025-01-12 03:11:15,051 - 未找到预测 CSV 文件，等待 30 秒后重试...
2025-01-12 03:11:45,068 - 未找到预测 CSV 文件，等待 30 秒后重试...
2025-01-12 03:12:15,080 - 未找到预测 CSV 文件，等待 30 秒后重试...
2025-01-12 03:12:45,088 - 未找到预测 CSV 文件，等待 30 秒后重试...
2025-01-12 03:13:15,098 - 未找到预测 CSV 文件，等待 30 秒后重试...
2025-01-12 03:13:45,111 - 未找到预测 CSV 文件，等待 30 秒后重试...
2025-01-12 03:14:15,124 - 未找到预测 CSV 文件，等待 30 秒后重试...
2025-01-12 03:14:45,130 - 未找到预测 CSV 文件，等待 30 秒后重试...
2025-01-12 03:15:15,132 - 未找到预测 CSV 文件，等待 30 秒后重试...
2025-01-12 03:15:45,145 - 未找到预测 CSV 文件，等待 30 秒后重试...
2025-01-12 03:16:15,154 - 未找到预测 CSV 文件，等待 30 秒后重试...
2025-01-12 03:16:45,155 - 未找到预测 CSV 文件，等待 30 秒后重试...
2025-01-12 03:17:15,165 - 未找到预测 CSV 文件，等待 30 秒后重试...
2025-01-12 03:17:45,175 - 未找到预测 CSV 文件，等待 30 秒后重试...
2025-01-12 03:18:15,182 - 未找到预测 CSV 文件，等待 30 秒后重试...
2025-01-12 03:18:45,194 - 未找到预测 CSV 文件，等待 30 秒后重试...
2025-01-12 03:19:15,209 - 未找到预测 CSV 文件，等待 30 秒后重试...
2025-01-12 03:19:45,223 - 未找到预测 CSV 文件，等待 30 秒后重试...
2025-01-12 03:20:15,231 - 未找到预测 CSV 文件，等待 30 秒后重试...
2025-01-12 03:20:45,242 - 未找到预测 CSV 文件，等待 30 秒后重试...
2025-01-12 03:21:15,254 - 未找到预测 CSV 文件，等待 30 秒后重试...
2025-01-12 03:21:45,262 - 未找到预测 CSV 文件，等待 30 秒后重试...
2025-01-12 03:22:15,271 - 未找到预测 CSV 文件，等待 30 秒后重试...
2025-01-12 03:22:45,288 - 未找到预测 CSV 文件，等待 30 秒后重试...
2025-01-12 03:23:15,299 - 未找到预测 CSV 文件，等待 30 秒后重试...
2025-01-12 03:23:45,306 - 未找到预测 CSV 文件，等待 30 秒后重试...
2025-01-12 03:24:15,317 - 未找到预测 CSV 文件，等待 30 秒后重试...
2025-01-12 03:24:45,328 - 未找到预测 CSV 文件，等待 30 秒后重试...
2025-01-12 03:25:15,336 - 未找到预测 CSV 文件，等待 30 秒后重试...
2025-01-12 03:25:45,350 - 未找到预测 CSV 文件，等待 30 秒后重试...
2025-01-12 03:26:15,364 - 未找到预测 CSV 文件，等待 30 秒后重试...
2025-01-12 03:26:45,372 - 未找到预测 CSV 文件，等待 30 秒后重试...
2025-01-12 03:27:15,386 - 未找到预测 CSV 文件，等待 30 秒后重试...
2025-01-12 03:27:45,396 - 未找到预测 CSV 文件，等待 30 秒后重试...
2025-01-12 03:28:15,398 - 未找到预测 CSV 文件，等待 30 秒后重试...
2025-01-12 03:28:45,403 - 未找到预测 CSV 文件，等待 30 秒后重试...
2025-01-12 03:29:15,413 - 未找到预测 CSV 文件，等待 30 秒后重试...
2025-01-12 03:29:45,423 - 未找到预测 CSV 文件，等待 30 秒后重试...
2025-01-12 03:30:15,436 - 未找到预测 CSV 文件，等待 30 秒后重试...
2025-01-12 03:30:45,446 - 未找到预测 CSV 文件，等待 30 秒后重试...
2025-01-12 03:31:15,453 - 未找到预测 CSV 文件，等待 30 秒后重试...
2025-01-12 03:31:45,461 - 未找到预测 CSV 文件，等待 30 秒后重试...
2025-01-12 03:32:15,475 - 未找到预测 CSV 文件，等待 30 秒后重试...
2025-01-12 03:32:45,489 - 未找到预测 CSV 文件，等待 30 秒后重试...
2025-01-12 03:33:15,493 - 未找到预测 CSV 文件，等待 30 秒后重试...
2025-01-12 03:33:45,508 - 未找到预测 CSV 文件，等待 30 秒后重试...
2025-01-12 03:34:15,509 - 未找到预测 CSV 文件，等待 30 秒后重试...
2025-01-12 03:34:45,524 - 未找到预测 CSV 文件，等待 30 秒后重试...
2025-01-12 03:35:15,530 - 未找到预测 CSV 文件，等待 30 秒后重试...
2025-01-12 03:35:45,547 - 未找到预测 CSV 文件，等待 30 秒后重试...
2025-01-12 03:36:15,551 - 未找到预测 CSV 文件，等待 30 秒后重试...
2025-01-12 03:36:45,562 - 未找到预测 CSV 文件，等待 30 秒后重试...
2025-01-12 03:37:15,570 - 未找到预测 CSV 文件，等待 30 秒后重试...
2025-01-12 03:37:45,586 - 未找到预测 CSV 文件，等待 30 秒后重试...
2025-01-12 03:38:15,592 - 未找到预测 CSV 文件，等待 30 秒后重试...
2025-01-12 03:38:45,605 - 未找到预测 CSV 文件，等待 30 秒后重试...
2025-01-12 03:39:15,607 - 未找到预测 CSV 文件，等待 30 秒后重试...
2025-01-12 03:39:45,615 - 未找到预测 CSV 文件，等待 30 秒后重试...
2025-01-12 03:40:15,625 - 未找到预测 CSV 文件，等待 30 秒后重试...
2025-01-12 03:40:45,630 - 未找到预测 CSV 文件，等待 30 秒后重试...
2025-01-12 03:41:15,638 - 未找到预测 CSV 文件，等待 30 秒后重试...
2025-01-12 03:41:45,649 - 未找到预测 CSV 文件，等待 30 秒后重试...
2025-01-12 03:42:15,665 - 未找到预测 CSV 文件，等待 30 秒后重试...
2025-01-12 03:42:45,670 - 未找到预测 CSV 文件，等待 30 秒后重试...
2025-01-12 03:43:15,684 - 未找到预测 CSV 文件，等待 30 秒后重试...
2025-01-12 03:43:45,695 - 未找到预测 CSV 文件，等待 30 秒后重试...
2025-01-12 03:44:15,704 - 未找到预测 CSV 文件，等待 30 秒后重试...
2025-01-12 03:44:45,707 - 未找到预测 CSV 文件，等待 30 秒后重试...
2025-01-12 03:45:15,709 - 未找到预测 CSV 文件，等待 30 秒后重试...
2025-01-12 03:45:45,722 - 未找到预测 CSV 文件，等待 30 秒后重试...
2025-01-12 03:46:15,738 - 未找到预测 CSV 文件，等待 30 秒后重试...
2025-01-12 03:46:45,742 - 未找到预测 CSV 文件，等待 30 秒后重试...
2025-01-12 03:47:15,746 - 未找到预测 CSV 文件，等待 30 秒后重试...
2025-01-12 03:47:45,758 - 未找到预测 CSV 文件，等待 30 秒后重试...
2025-01-12 03:48:15,773 - 未找到预测 CSV 文件，等待 30 秒后重试...
2025-01-12 03:48:45,782 - 未找到预测 CSV 文件，等待 30 秒后重试...
2025-01-12 03:49:15,797 - 未找到预测 CSV 文件，等待 30 秒后重试...
2025-01-12 03:49:45,803 - 未找到预测 CSV 文件，等待 30 秒后重试...
2025-01-12 03:50:15,811 - 未找到预测 CSV 文件，等待 30 秒后重试...
2025-01-12 03:50:45,818 - 未找到预测 CSV 文件，等待 30 秒后重试...
2025-01-12 03:51:15,821 - 未找到预测 CSV 文件，等待 30 秒后重试...
2025-01-12 03:51:45,834 - 未找到预测 CSV 文件，等待 30 秒后重试...
2025-01-12 03:52:15,845 - 未找到预测 CSV 文件，等待 30 秒后重试...
2025-01-12 03:52:45,858 - 未找到预测 CSV 文件，等待 30 秒后重试...
2025-01-12 03:53:15,866 - 未找到预测 CSV 文件，等待 30 秒后重试...
2025-01-12 03:53:45,871 - 未找到预测 CSV 文件，等待 30 秒后重试...
2025-01-12 03:54:15,874 - 未找到预测 CSV 文件，等待 30 秒后重试...
2025-01-12 03:54:45,883 - 未找到预测 CSV 文件，等待 30 秒后重试...
2025-01-12 03:55:15,886 - 未找到预测 CSV 文件，等待 30 秒后重试...
2025-01-12 03:55:45,892 - 未找到预测 CSV 文件，等待 30 秒后重试...
2025-01-12 03:56:15,896 - 未找到预测 CSV 文件，等待 30 秒后重试...
2025-01-12 03:56:45,908 - 未找到预测 CSV 文件，等待 30 秒后重试...
2025-01-12 03:57:15,920 - 未找到预测 CSV 文件，等待 30 秒后重试...
2025-01-12 03:57:45,929 - 未找到预测 CSV 文件，等待 30 秒后重试...
2025-01-12 03:58:15,945 - 未找到预测 CSV 文件，等待 30 秒后重试...
2025-01-12 03:58:45,953 - 未找到预测 CSV 文件，等待 30 秒后重试...
2025-01-12 03:59:15,966 - 未找到预测 CSV 文件，等待 30 秒后重试...
2025-01-12 03:59:45,979 - 未找到预测 CSV 文件，等待 30 秒后重试...
2025-01-12 04:00:15,995 - 未找到预测 CSV 文件，等待 30 秒后重试...
2025-01-12 04:00:46,002 - 未找到预测 CSV 文件，等待 30 秒后重试...
2025-01-12 04:01:16,005 - 未找到预测 CSV 文件，等待 30 秒后重试...
2025-01-12 04:01:46,019 - 未找到预测 CSV 文件，等待 30 秒后重试...
2025-01-12 04:02:16,026 - 未找到预测 CSV 文件，等待 30 秒后重试...
2025-01-12 04:02:46,042 - 未找到预测 CSV 文件，等待 30 秒后重试...
2025-01-12 04:03:16,056 - 未找到预测 CSV 文件，等待 30 秒后重试...
2025-01-12 04:03:46,061 - 未找到预测 CSV 文件，等待 30 秒后重试...
2025-01-12 04:04:16,073 - 未找到预测 CSV 文件，等待 30 秒后重试...
2025-01-12 04:04:46,080 - 未找到预测 CSV 文件，等待 30 秒后重试...
2025-01-12 04:05:16,094 - 未找到预测 CSV 文件，等待 30 秒后重试...
2025-01-12 04:05:46,107 - 未找到预测 CSV 文件，等待 30 秒后重试...
2025-01-12 04:06:16,119 - 未找到预测 CSV 文件，等待 30 秒后重试...
2025-01-12 04:06:46,123 - 未找到预测 CSV 文件，等待 30 秒后重试...
2025-01-12 04:07:16,129 - 未找到预测 CSV 文件，等待 30 秒后重试...
2025-01-12 04:07:46,136 - 未找到预测 CSV 文件，等待 30 秒后重试...
2025-01-12 04:08:16,151 - 未找到预测 CSV 文件，等待 30 秒后重试...
2025-01-12 04:08:46,159 - 未找到预测 CSV 文件，等待 30 秒后重试...
2025-01-12 04:09:16,169 - 未找到预测 CSV 文件，等待 30 秒后重试...
2025-01-12 04:09:46,180 - 未找到预测 CSV 文件，等待 30 秒后重试...
2025-01-12 04:10:16,182 - 未找到预测 CSV 文件，等待 30 秒后重试...
2025-01-12 04:10:46,190 - 未找到预测 CSV 文件，等待 30 秒后重试...
2025-01-12 04:11:16,199 - 未找到预测 CSV 文件，等待 30 秒后重试...
2025-01-12 04:11:46,212 - 未找到预测 CSV 文件，等待 30 秒后重试...
2025-01-12 04:12:16,224 - 未找到预测 CSV 文件，等待 30 秒后重试...
2025-01-12 04:12:46,227 - 未找到预测 CSV 文件，等待 30 秒后重试...
2025-01-12 04:13:16,241 - 未找到预测 CSV 文件，等待 30 秒后重试...
2025-01-12 04:13:46,248 - 未找到预测 CSV 文件，等待 30 秒后重试...
2025-01-12 04:14:16,258 - 未找到预测 CSV 文件，等待 30 秒后重试...
2025-01-12 04:14:46,267 - 未找到预测 CSV 文件，等待 30 秒后重试...
2025-01-12 04:15:16,272 - 未找到预测 CSV 文件，等待 30 秒后重试...
2025-01-12 04:15:46,282 - 未找到预测 CSV 文件，等待 30 秒后重试...
2025-01-12 04:16:16,294 - 未找到预测 CSV 文件，等待 30 秒后重试...
2025-01-12 04:16:46,300 - 未找到预测 CSV 文件，等待 30 秒后重试...
2025-01-12 04:17:16,313 - 未找到预测 CSV 文件，等待 30 秒后重试...
2025-01-12 04:17:46,315 - 未找到预测 CSV 文件，等待 30 秒后重试...
2025-01-12 04:18:16,323 - 未找到预测 CSV 文件，等待 30 秒后重试...
2025-01-12 04:18:46,330 - 未找到预测 CSV 文件，等待 30 秒后重试...
2025-01-12 04:19:16,343 - 未找到预测 CSV 文件，等待 30 秒后重试...
2025-01-12 04:19:46,355 - 未找到预测 CSV 文件，等待 30 秒后重试...
2025-01-12 04:20:16,364 - 未找到预测 CSV 文件，等待 30 秒后重试...
2025-01-12 04:20:46,371 - 未找到预测 CSV 文件，等待 30 秒后重试...
2025-01-12 04:21:16,379 - 未找到预测 CSV 文件，等待 30 秒后重试...
2025-01-12 04:21:46,395 - 未找到预测 CSV 文件，等待 30 秒后重试...
2025-01-12 04:22:16,411 - 未找到预测 CSV 文件，等待 30 秒后重试...
2025-01-12 04:22:46,424 - 未找到预测 CSV 文件，等待 30 秒后重试...
2025-01-12 04:23:16,436 - 未找到预测 CSV 文件，等待 30 秒后重试...
2025-01-12 04:23:46,449 - 未找到预测 CSV 文件，等待 30 秒后重试...
2025-01-12 04:24:16,461 - 未找到预测 CSV 文件，等待 30 秒后重试...
2025-01-12 04:24:46,476 - 未找到预测 CSV 文件，等待 30 秒后重试...
2025-01-12 04:25:16,485 - 未找到预测 CSV 文件，等待 30 秒后重试...
2025-01-12 04:25:46,495 - 未找到预测 CSV 文件，等待 30 秒后重试...
2025-01-12 04:26:16,503 - 未找到预测 CSV 文件，等待 30 秒后重试...
2025-01-12 04:26:46,519 - 未找到预测 CSV 文件，等待 30 秒后重试...
2025-01-12 04:27:16,533 - 未找到预测 CSV 文件，等待 30 秒后重试...
2025-01-12 04:27:46,543 - 未找到预测 CSV 文件，等待 30 秒后重试...
2025-01-12 04:28:16,555 - 未找到预测 CSV 文件，等待 30 秒后重试...
2025-01-12 04:28:46,557 - 未找到预测 CSV 文件，等待 30 秒后重试...
2025-01-12 04:29:16,568 - 未找到预测 CSV 文件，等待 30 秒后重试...
2025-01-12 04:29:46,577 - 未找到预测 CSV 文件，等待 30 秒后重试...
2025-01-12 04:30:16,584 - 未找到预测 CSV 文件，等待 30 秒后重试...
2025-01-12 04:30:46,598 - 未找到预测 CSV 文件，等待 30 秒后重试...
2025-01-12 04:31:16,601 - 未找到预测 CSV 文件，等待 30 秒后重试...
2025-01-12 04:31:46,615 - 未找到预测 CSV 文件，等待 30 秒后重试...
2025-01-12 04:32:16,625 - 未找到预测 CSV 文件，等待 30 秒后重试...
2025-01-12 04:32:46,637 - 未找到预测 CSV 文件，等待 30 秒后重试...
2025-01-12 04:33:16,653 - 未找到预测 CSV 文件，等待 30 秒后重试...
2025-01-12 04:33:46,657 - 未找到预测 CSV 文件，等待 30 秒后重试...
2025-01-12 04:34:16,674 - 未找到预测 CSV 文件，等待 30 秒后重试...
2025-01-12 04:34:46,686 - 未找到预测 CSV 文件，等待 30 秒后重试...
2025-01-12 04:35:16,701 - 未找到预测 CSV 文件，等待 30 秒后重试...
2025-01-12 04:35:46,713 - 未找到预测 CSV 文件，等待 30 秒后重试...
2025-01-12 04:36:16,726 - 未找到预测 CSV 文件，等待 30 秒后重试...
2025-01-12 04:36:46,740 - 未找到预测 CSV 文件，等待 30 秒后重试...
2025-01-12 04:37:16,750 - 未找到预测 CSV 文件，等待 30 秒后重试...
2025-01-12 04:37:46,753 - 未找到预测 CSV 文件，等待 30 秒后重试...
2025-01-12 04:38:16,760 - 未找到预测 CSV 文件，等待 30 秒后重试...
2025-01-12 04:38:46,769 - 未找到预测 CSV 文件，等待 30 秒后重试...
2025-01-12 04:39:16,781 - 未找到预测 CSV 文件，等待 30 秒后重试...
2025-01-12 04:39:46,787 - 未找到预测 CSV 文件，等待 30 秒后重试...
2025-01-12 04:40:16,796 - 未找到预测 CSV 文件，等待 30 秒后重试...
2025-01-12 04:40:46,806 - 未找到预测 CSV 文件，等待 30 秒后重试...
2025-01-12 04:41:16,813 - 未找到预测 CSV 文件，等待 30 秒后重试...
2025-01-12 04:41:46,817 - 未找到预测 CSV 文件，等待 30 秒后重试...
2025-01-12 04:42:16,832 - 未找到预测 CSV 文件，等待 30 秒后重试...
2025-01-12 04:42:46,843 - 未找到预测 CSV 文件，等待 30 秒后重试...
2025-01-12 04:43:16,859 - 未找到预测 CSV 文件，等待 30 秒后重试...
2025-01-12 04:43:46,866 - 未找到预测 CSV 文件，等待 30 秒后重试...
2025-01-12 04:44:16,870 - 未找到预测 CSV 文件，等待 30 秒后重试...
2025-01-12 04:44:46,874 - 未找到预测 CSV 文件，等待 30 秒后重试...
2025-01-12 04:45:16,887 - 未找到预测 CSV 文件，等待 30 秒后重试...
2025-01-12 04:45:46,894 - 未找到预测 CSV 文件，等待 30 秒后重试...
2025-01-12 04:46:16,902 - 未找到预测 CSV 文件，等待 30 秒后重试...
2025-01-12 04:46:46,918 - 未找到预测 CSV 文件，等待 30 秒后重试...
2025-01-12 04:47:16,928 - 未找到预测 CSV 文件，等待 30 秒后重试...
2025-01-12 04:47:46,935 - 未找到预测 CSV 文件，等待 30 秒后重试...
2025-01-12 04:48:16,944 - 未找到预测 CSV 文件，等待 30 秒后重试...
2025-01-12 04:48:46,957 - 未找到预测 CSV 文件，等待 30 秒后重试...
2025-01-12 04:49:16,966 - 未找到预测 CSV 文件，等待 30 秒后重试...
2025-01-12 04:49:46,971 - 未找到预测 CSV 文件，等待 30 秒后重试...
2025-01-12 04:50:16,981 - 未找到预测 CSV 文件，等待 30 秒后重试...
2025-01-12 04:50:46,987 - 未找到预测 CSV 文件，等待 30 秒后重试...
2025-01-12 04:51:16,998 - 未找到预测 CSV 文件，等待 30 秒后重试...
2025-01-12 04:51:47,007 - 未找到预测 CSV 文件，等待 30 秒后重试...
2025-01-12 04:52:17,023 - 未找到预测 CSV 文件，等待 30 秒后重试...
2025-01-12 04:52:47,029 - 未找到预测 CSV 文件，等待 30 秒后重试...
2025-01-12 04:53:17,044 - 未找到预测 CSV 文件，等待 30 秒后重试...
2025-01-12 04:53:47,050 - 未找到预测 CSV 文件，等待 30 秒后重试...
2025-01-12 04:54:17,052 - 未找到预测 CSV 文件，等待 30 秒后重试...
2025-01-12 04:54:47,055 - 未找到预测 CSV 文件，等待 30 秒后重试...
2025-01-12 04:55:17,067 - 未找到预测 CSV 文件，等待 30 秒后重试...
2025-01-12 04:55:47,081 - 未找到预测 CSV 文件，等待 30 秒后重试...
2025-01-12 04:56:17,089 - 未找到预测 CSV 文件，等待 30 秒后重试...
2025-01-12 04:56:47,090 - 未找到预测 CSV 文件，等待 30 秒后重试...
2025-01-12 04:57:17,107 - 未找到预测 CSV 文件，等待 30 秒后重试...
2025-01-12 04:57:47,117 - 未找到预测 CSV 文件，等待 30 秒后重试...
2025-01-12 04:58:17,128 - 未找到预测 CSV 文件，等待 30 秒后重试...
2025-01-12 04:58:47,131 - 未找到预测 CSV 文件，等待 30 秒后重试...
2025-01-12 04:59:17,135 - 未找到预测 CSV 文件，等待 30 秒后重试...
2025-01-12 04:59:47,139 - 未找到预测 CSV 文件，等待 30 秒后重试...
2025-01-12 05:00:17,154 - 未找到预测 CSV 文件，等待 30 秒后重试...
2025-01-12 05:00:47,166 - 未找到预测 CSV 文件，等待 30 秒后重试...
2025-01-12 05:01:17,170 - 未找到预测 CSV 文件，等待 30 秒后重试...
2025-01-12 05:01:47,175 - 未找到预测 CSV 文件，等待 30 秒后重试...
2025-01-12 05:02:17,186 - 未找到预测 CSV 文件，等待 30 秒后重试...
2025-01-12 05:02:47,198 - 未找到预测 CSV 文件，等待 30 秒后重试...
2025-01-12 05:03:17,214 - 未找到预测 CSV 文件，等待 30 秒后重试...
2025-01-12 05:03:47,217 - 未找到预测 CSV 文件，等待 30 秒后重试...
2025-01-12 05:04:17,223 - 未找到预测 CSV 文件，等待 30 秒后重试...
2025-01-12 05:04:47,228 - 未找到预测 CSV 文件，等待 30 秒后重试...
2025-01-12 05:05:17,236 - 未找到预测 CSV 文件，等待 30 秒后重试...
2025-01-12 05:05:47,240 - 未找到预测 CSV 文件，等待 30 秒后重试...
2025-01-12 05:06:17,245 - 未找到预测 CSV 文件，等待 30 秒后重试...
2025-01-12 05:06:47,258 - 未找到预测 CSV 文件，等待 30 秒后重试...
2025-01-12 05:07:17,274 - 未找到预测 CSV 文件，等待 30 秒后重试...
2025-01-12 05:07:47,290 - 未找到预测 CSV 文件，等待 30 秒后重试...
2025-01-12 05:08:17,306 - 未找到预测 CSV 文件，等待 30 秒后重试...
2025-01-12 05:08:47,313 - 未找到预测 CSV 文件，等待 30 秒后重试...
2025-01-12 05:09:17,324 - 未找到预测 CSV 文件，等待 30 秒后重试...
2025-01-12 05:09:47,327 - 未找到预测 CSV 文件，等待 30 秒后重试...
2025-01-12 05:10:17,333 - 未找到预测 CSV 文件，等待 30 秒后重试...
2025-01-12 05:10:47,344 - 未找到预测 CSV 文件，等待 30 秒后重试...
2025-01-12 05:11:17,357 - 未找到预测 CSV 文件，等待 30 秒后重试...
2025-01-12 05:11:47,371 - 未找到预测 CSV 文件，等待 30 秒后重试...
2025-01-12 05:12:17,380 - 未找到预测 CSV 文件，等待 30 秒后重试...
2025-01-12 05:12:47,395 - 未找到预测 CSV 文件，等待 30 秒后重试...
2025-01-12 05:13:17,412 - 未找到预测 CSV 文件，等待 30 秒后重试...
2025-01-12 05:13:47,425 - 未找到预测 CSV 文件，等待 30 秒后重试...
2025-01-12 05:14:17,431 - 未找到预测 CSV 文件，等待 30 秒后重试...
2025-01-12 05:14:47,441 - 未找到预测 CSV 文件，等待 30 秒后重试...
2025-01-12 05:15:17,458 - 未找到预测 CSV 文件，等待 30 秒后重试...
2025-01-12 05:15:47,460 - 未找到预测 CSV 文件，等待 30 秒后重试...
2025-01-12 05:16:17,475 - 未找到预测 CSV 文件，等待 30 秒后重试...
2025-01-12 05:16:47,486 - 未找到预测 CSV 文件，等待 30 秒后重试...
2025-01-12 05:17:17,495 - 未找到预测 CSV 文件，等待 30 秒后重试...
2025-01-12 05:17:47,501 - 未找到预测 CSV 文件，等待 30 秒后重试...
2025-01-12 05:18:17,511 - 未找到预测 CSV 文件，等待 30 秒后重试...
2025-01-12 05:18:47,525 - 未找到预测 CSV 文件，等待 30 秒后重试...
2025-01-12 05:19:17,535 - 未找到预测 CSV 文件，等待 30 秒后重试...
2025-01-12 05:19:47,544 - 未找到预测 CSV 文件，等待 30 秒后重试...
2025-01-12 05:20:17,557 - 未找到预测 CSV 文件，等待 30 秒后重试...
2025-01-12 05:20:47,574 - 未找到预测 CSV 文件，等待 30 秒后重试...
2025-01-12 05:21:17,576 - 未找到预测 CSV 文件，等待 30 秒后重试...
2025-01-12 05:21:47,592 - 未找到预测 CSV 文件，等待 30 秒后重试...
2025-01-12 05:22:17,603 - 未找到预测 CSV 文件，等待 30 秒后重试...
2025-01-12 05:22:47,614 - 未找到预测 CSV 文件，等待 30 秒后重试...
2025-01-12 05:23:17,622 - 未找到预测 CSV 文件，等待 30 秒后重试...
2025-01-12 05:23:47,636 - 未找到预测 CSV 文件，等待 30 秒后重试...
2025-01-12 05:24:17,647 - 未找到预测 CSV 文件，等待 30 秒后重试...
2025-01-12 05:24:47,659 - 未找到预测 CSV 文件，等待 30 秒后重试...
2025-01-12 05:25:17,673 - 未找到预测 CSV 文件，等待 30 秒后重试...
2025-01-12 05:25:47,678 - 未找到预测 CSV 文件，等待 30 秒后重试...
2025-01-12 05:26:17,684 - 未找到预测 CSV 文件，等待 30 秒后重试...
2025-01-12 05:26:47,696 - 未找到预测 CSV 文件，等待 30 秒后重试...
2025-01-12 05:27:17,699 - 未找到预测 CSV 文件，等待 30 秒后重试...
2025-01-12 05:27:47,706 - 未找到预测 CSV 文件，等待 30 秒后重试...
2025-01-12 05:28:17,707 - 未找到预测 CSV 文件，等待 30 秒后重试...
2025-01-12 05:28:47,719 - 未找到预测 CSV 文件，等待 30 秒后重试...
2025-01-12 05:29:17,726 - 未找到预测 CSV 文件，等待 30 秒后重试...
2025-01-12 05:29:47,738 - 未找到预测 CSV 文件，等待 30 秒后重试...
2025-01-12 05:30:17,741 - 未找到预测 CSV 文件，等待 30 秒后重试...
2025-01-12 05:30:47,751 - 未找到预测 CSV 文件，等待 30 秒后重试...
2025-01-12 05:31:17,760 - 未找到预测 CSV 文件，等待 30 秒后重试...
2025-01-12 05:31:47,777 - 未找到预测 CSV 文件，等待 30 秒后重试...
2025-01-12 05:32:17,790 - 未找到预测 CSV 文件，等待 30 秒后重试...
2025-01-12 05:32:47,804 - 未找到预测 CSV 文件，等待 30 秒后重试...
2025-01-12 05:33:17,814 - 未找到预测 CSV 文件，等待 30 秒后重试...
2025-01-12 05:33:47,831 - 未找到预测 CSV 文件，等待 30 秒后重试...
2025-01-12 05:34:17,833 - 未找到预测 CSV 文件，等待 30 秒后重试...
2025-01-12 05:34:47,839 - 未找到预测 CSV 文件，等待 30 秒后重试...
2025-01-12 05:35:17,853 - 未找到预测 CSV 文件，等待 30 秒后重试...
2025-01-12 05:35:47,868 - 未找到预测 CSV 文件，等待 30 秒后重试...
2025-01-12 05:36:17,873 - 未找到预测 CSV 文件，等待 30 秒后重试...
2025-01-12 05:36:47,888 - 未找到预测 CSV 文件，等待 30 秒后重试...
2025-01-12 05:37:17,902 - 未找到预测 CSV 文件，等待 30 秒后重试...
2025-01-12 05:37:47,917 - 未找到预测 CSV 文件，等待 30 秒后重试...
2025-01-12 05:38:17,927 - 未找到预测 CSV 文件，等待 30 秒后重试...
2025-01-12 05:38:47,942 - 未找到预测 CSV 文件，等待 30 秒后重试...
2025-01-12 05:39:17,951 - 未找到预测 CSV 文件，等待 30 秒后重试...
2025-01-12 05:39:47,955 - 未找到预测 CSV 文件，等待 30 秒后重试...
2025-01-12 05:40:17,968 - 未找到预测 CSV 文件，等待 30 秒后重试...
2025-01-12 05:40:47,979 - 未找到预测 CSV 文件，等待 30 秒后重试...
2025-01-12 05:41:17,988 - 未找到预测 CSV 文件，等待 30 秒后重试...
2025-01-12 05:41:47,995 - 未找到预测 CSV 文件，等待 30 秒后重试...
2025-01-12 05:42:18,009 - 未找到预测 CSV 文件，等待 30 秒后重试...
2025-01-12 05:42:48,020 - 未找到预测 CSV 文件，等待 30 秒后重试...
2025-01-12 05:43:18,036 - 未找到预测 CSV 文件，等待 30 秒后重试...
2025-01-12 05:43:48,044 - 未找到预测 CSV 文件，等待 30 秒后重试...
2025-01-12 05:44:18,059 - 未找到预测 CSV 文件，等待 30 秒后重试...
2025-01-12 05:44:48,061 - 未找到预测 CSV 文件，等待 30 秒后重试...
2025-01-12 05:45:18,076 - 未找到预测 CSV 文件，等待 30 秒后重试...
2025-01-12 05:45:48,085 - 未找到预测 CSV 文件，等待 30 秒后重试...
2025-01-12 05:46:18,100 - 未找到预测 CSV 文件，等待 30 秒后重试...
2025-01-12 05:46:48,116 - 未找到预测 CSV 文件，等待 30 秒后重试...
2025-01-12 05:47:18,127 - 未找到预测 CSV 文件，等待 30 秒后重试...
2025-01-12 05:47:48,128 - 未找到预测 CSV 文件，等待 30 秒后重试...
2025-01-12 05:48:18,131 - 未找到预测 CSV 文件，等待 30 秒后重试...
2025-01-12 05:48:48,143 - 未找到预测 CSV 文件，等待 30 秒后重试...
2025-01-12 05:49:18,148 - 未找到预测 CSV 文件，等待 30 秒后重试...
2025-01-12 05:49:48,154 - 未找到预测 CSV 文件，等待 30 秒后重试...
2025-01-12 05:50:18,159 - 未找到预测 CSV 文件，等待 30 秒后重试...
2025-01-12 05:50:48,175 - 未找到预测 CSV 文件，等待 30 秒后重试...
2025-01-12 05:51:18,179 - 未找到预测 CSV 文件，等待 30 秒后重试...
2025-01-12 05:51:48,193 - 未找到预测 CSV 文件，等待 30 秒后重试...
2025-01-12 05:52:18,197 - 未找到预测 CSV 文件，等待 30 秒后重试...
2025-01-12 05:52:48,201 - 未找到预测 CSV 文件，等待 30 秒后重试...
2025-01-12 05:53:18,212 - 未找到预测 CSV 文件，等待 30 秒后重试...
2025-01-12 05:53:48,220 - 未找到预测 CSV 文件，等待 30 秒后重试...
2025-01-12 05:54:18,233 - 未找到预测 CSV 文件，等待 30 秒后重试...
2025-01-12 05:54:48,247 - 未找到预测 CSV 文件，等待 30 秒后重试...
2025-01-12 05:55:18,261 - 未找到预测 CSV 文件，等待 30 秒后重试...
2025-01-12 05:55:48,267 - 未找到预测 CSV 文件，等待 30 秒后重试...
2025-01-12 05:56:18,278 - 未找到预测 CSV 文件，等待 30 秒后重试...
2025-01-12 05:56:48,283 - 未找到预测 CSV 文件，等待 30 秒后重试...
2025-01-12 05:57:18,297 - 未找到预测 CSV 文件，等待 30 秒后重试...
2025-01-12 05:57:48,312 - 未找到预测 CSV 文件，等待 30 秒后重试...
2025-01-12 05:58:18,319 - 未找到预测 CSV 文件，等待 30 秒后重试...
2025-01-12 05:58:48,328 - 未找到预测 CSV 文件，等待 30 秒后重试...
2025-01-12 05:59:18,336 - 未找到预测 CSV 文件，等待 30 秒后重试...
2025-01-12 05:59:48,346 - 未找到预测 CSV 文件，等待 30 秒后重试...
2025-01-12 06:00:18,357 - 未找到预测 CSV 文件，等待 30 秒后重试...
2025-01-12 06:00:48,372 - 未找到预测 CSV 文件，等待 30 秒后重试...
2025-01-12 06:01:18,380 - 未找到预测 CSV 文件，等待 30 秒后重试...
2025-01-12 06:01:48,381 - 未找到预测 CSV 文件，等待 30 秒后重试...
2025-01-12 06:02:18,397 - 未找到预测 CSV 文件，等待 30 秒后重试...
2025-01-12 06:02:48,414 - 未找到预测 CSV 文件，等待 30 秒后重试...
2025-01-12 06:03:18,423 - 未找到预测 CSV 文件，等待 30 秒后重试...
2025-01-12 06:03:48,432 - 未找到预测 CSV 文件，等待 30 秒后重试...
2025-01-12 06:04:18,444 - 未找到预测 CSV 文件，等待 30 秒后重试...
2025-01-12 06:04:48,456 - 未找到预测 CSV 文件，等待 30 秒后重试...
2025-01-12 06:05:18,461 - 未找到预测 CSV 文件，等待 30 秒后重试...
2025-01-12 06:05:48,475 - 未找到预测 CSV 文件，等待 30 秒后重试...
2025-01-12 06:06:18,480 - 未找到预测 CSV 文件，等待 30 秒后重试...
2025-01-12 06:06:48,493 - 未找到预测 CSV 文件，等待 30 秒后重试...
2025-01-12 06:07:18,508 - 未找到预测 CSV 文件，等待 30 秒后重试...
2025-01-12 06:07:48,523 - 未找到预测 CSV 文件，等待 30 秒后重试...
2025-01-12 06:08:18,536 - 未找到预测 CSV 文件，等待 30 秒后重试...
2025-01-12 06:08:48,552 - 未找到预测 CSV 文件，等待 30 秒后重试...
2025-01-12 06:09:18,562 - 未找到预测 CSV 文件，等待 30 秒后重试...
2025-01-12 06:09:48,576 - 未找到预测 CSV 文件，等待 30 秒后重试...
2025-01-12 06:10:18,585 - 未找到预测 CSV 文件，等待 30 秒后重试...
2025-01-12 06:10:48,602 - 未找到预测 CSV 文件，等待 30 秒后重试...
2025-01-12 06:11:18,612 - 未找到预测 CSV 文件，等待 30 秒后重试...
2025-01-12 06:11:48,625 - 未找到预测 CSV 文件，等待 30 秒后重试...
2025-01-12 06:12:18,631 - 未找到预测 CSV 文件，等待 30 秒后重试...
2025-01-12 06:12:48,635 - 未找到预测 CSV 文件，等待 30 秒后重试...
2025-01-12 06:13:18,646 - 未找到预测 CSV 文件，等待 30 秒后重试...
2025-01-12 06:13:48,655 - 未找到预测 CSV 文件，等待 30 秒后重试...
2025-01-12 06:14:18,669 - 未找到预测 CSV 文件，等待 30 秒后重试...
2025-01-12 06:14:48,673 - 未找到预测 CSV 文件，等待 30 秒后重试...
2025-01-12 06:15:18,680 - 未找到预测 CSV 文件，等待 30 秒后重试...
2025-01-12 06:15:48,690 - 未找到预测 CSV 文件，等待 30 秒后重试...
2025-01-12 06:16:18,704 - 未找到预测 CSV 文件，等待 30 秒后重试...
2025-01-12 06:16:48,714 - 未找到预测 CSV 文件，等待 30 秒后重试...
2025-01-12 06:17:18,725 - 未找到预测 CSV 文件，等待 30 秒后重试...
2025-01-12 06:17:48,736 - 未找到预测 CSV 文件，等待 30 秒后重试...
2025-01-12 06:18:18,748 - 未找到预测 CSV 文件，等待 30 秒后重试...
2025-01-12 06:18:48,761 - 未找到预测 CSV 文件，等待 30 秒后重试...
2025-01-12 06:19:18,772 - 未找到预测 CSV 文件，等待 30 秒后重试...
2025-01-12 06:19:48,778 - 未找到预测 CSV 文件，等待 30 秒后重试...
2025-01-12 06:20:18,787 - 未找到预测 CSV 文件，等待 30 秒后重试...
2025-01-12 06:20:48,789 - 未找到预测 CSV 文件，等待 30 秒后重试...
2025-01-12 06:21:18,797 - 未找到预测 CSV 文件，等待 30 秒后重试...
2025-01-12 06:21:48,811 - 未找到预测 CSV 文件，等待 30 秒后重试...
2025-01-12 06:22:18,815 - 未找到预测 CSV 文件，等待 30 秒后重试...
2025-01-12 06:22:48,826 - 未找到预测 CSV 文件，等待 30 秒后重试...
2025-01-12 06:23:18,835 - 未找到预测 CSV 文件，等待 30 秒后重试...
2025-01-12 06:23:48,842 - 未找到预测 CSV 文件，等待 30 秒后重试...
2025-01-12 06:24:18,846 - 未找到预测 CSV 文件，等待 30 秒后重试...
2025-01-12 06:24:48,857 - 未找到预测 CSV 文件，等待 30 秒后重试...
2025-01-12 06:25:18,867 - 未找到预测 CSV 文件，等待 30 秒后重试...
2025-01-12 06:25:48,870 - 未找到预测 CSV 文件，等待 30 秒后重试...
2025-01-12 06:26:18,882 - 未找到预测 CSV 文件，等待 30 秒后重试...
2025-01-12 06:26:48,898 - 未找到预测 CSV 文件，等待 30 秒后重试...
2025-01-12 06:27:18,911 - 未找到预测 CSV 文件，等待 30 秒后重试...
2025-01-12 06:27:48,924 - 未找到预测 CSV 文件，等待 30 秒后重试...
2025-01-12 06:28:18,929 - 未找到预测 CSV 文件，等待 30 秒后重试...
2025-01-12 06:28:48,944 - 未找到预测 CSV 文件，等待 30 秒后重试...
2025-01-12 06:29:18,946 - 未找到预测 CSV 文件，等待 30 秒后重试...
2025-01-12 06:29:48,952 - 未找到预测 CSV 文件，等待 30 秒后重试...
2025-01-12 06:30:18,960 - 未找到预测 CSV 文件，等待 30 秒后重试...
2025-01-12 06:30:48,972 - 未找到预测 CSV 文件，等待 30 秒后重试...
2025-01-12 06:31:18,976 - 未找到预测 CSV 文件，等待 30 秒后重试...
2025-01-12 06:31:48,989 - 未找到预测 CSV 文件，等待 30 秒后重试...
2025-01-12 06:32:18,991 - 未找到预测 CSV 文件，等待 30 秒后重试...
2025-01-12 06:32:48,996 - 未找到预测 CSV 文件，等待 30 秒后重试...
2025-01-12 06:33:19,009 - 未找到预测 CSV 文件，等待 30 秒后重试...
2025-01-12 06:33:49,017 - 未找到预测 CSV 文件，等待 30 秒后重试...
2025-01-12 06:34:19,035 - 未找到预测 CSV 文件，等待 30 秒后重试...
2025-01-12 06:34:49,045 - 未找到预测 CSV 文件，等待 30 秒后重试...
2025-01-12 06:35:19,056 - 未找到预测 CSV 文件，等待 30 秒后重试...
2025-01-12 06:35:49,071 - 未找到预测 CSV 文件，等待 30 秒后重试...
2025-01-12 06:36:19,077 - 未找到预测 CSV 文件，等待 30 秒后重试...
2025-01-12 06:36:49,091 - 未找到预测 CSV 文件，等待 30 秒后重试...
2025-01-12 06:37:19,097 - 未找到预测 CSV 文件，等待 30 秒后重试...
2025-01-12 06:37:49,110 - 未找到预测 CSV 文件，等待 30 秒后重试...
2025-01-12 06:38:19,126 - 未找到预测 CSV 文件，等待 30 秒后重试...
2025-01-12 06:38:49,139 - 未找到预测 CSV 文件，等待 30 秒后重试...
2025-01-12 06:39:19,149 - 未找到预测 CSV 文件，等待 30 秒后重试...
2025-01-12 06:39:49,159 - 未找到预测 CSV 文件，等待 30 秒后重试...
2025-01-12 06:40:19,173 - 未找到预测 CSV 文件，等待 30 秒后重试...
2025-01-12 06:40:49,188 - 未找到预测 CSV 文件，等待 30 秒后重试...
2025-01-12 06:41:19,191 - 未找到预测 CSV 文件，等待 30 秒后重试...
2025-01-12 06:41:49,208 - 未找到预测 CSV 文件，等待 30 秒后重试...
2025-01-12 06:42:19,215 - 未找到预测 CSV 文件，等待 30 秒后重试...
2025-01-12 06:42:49,227 - 未找到预测 CSV 文件，等待 30 秒后重试...
2025-01-12 06:43:19,239 - 未找到预测 CSV 文件，等待 30 秒后重试...
2025-01-12 06:43:49,254 - 未找到预测 CSV 文件，等待 30 秒后重试...
2025-01-12 06:44:19,267 - 未找到预测 CSV 文件，等待 30 秒后重试...
2025-01-12 06:44:49,277 - 未找到预测 CSV 文件，等待 30 秒后重试...
2025-01-12 06:45:19,286 - 未找到预测 CSV 文件，等待 30 秒后重试...
2025-01-12 06:45:49,298 - 未找到预测 CSV 文件，等待 30 秒后重试...
2025-01-12 06:46:19,311 - 未找到预测 CSV 文件，等待 30 秒后重试...
2025-01-12 06:46:49,317 - 未找到预测 CSV 文件，等待 30 秒后重试...
2025-01-12 06:47:19,333 - 未找到预测 CSV 文件，等待 30 秒后重试...
2025-01-12 06:47:49,334 - 未找到预测 CSV 文件，等待 30 秒后重试...
2025-01-12 06:48:19,347 - 未找到预测 CSV 文件，等待 30 秒后重试...
2025-01-12 06:48:49,352 - 未找到预测 CSV 文件，等待 30 秒后重试...
2025-01-12 06:49:19,358 - 未找到预测 CSV 文件，等待 30 秒后重试...
2025-01-12 06:49:49,366 - 未找到预测 CSV 文件，等待 30 秒后重试...
2025-01-12 06:50:19,382 - 未找到预测 CSV 文件，等待 30 秒后重试...
2025-01-12 06:50:49,391 - 未找到预测 CSV 文件，等待 30 秒后重试...
2025-01-12 06:51:19,396 - 未找到预测 CSV 文件，等待 30 秒后重试...
2025-01-12 06:51:49,398 - 未找到预测 CSV 文件，等待 30 秒后重试...
2025-01-12 06:52:19,407 - 未找到预测 CSV 文件，等待 30 秒后重试...
2025-01-12 06:52:49,411 - 未找到预测 CSV 文件，等待 30 秒后重试...
2025-01-12 06:53:19,425 - 未找到预测 CSV 文件，等待 30 秒后重试...
2025-01-12 06:53:49,435 - 未找到预测 CSV 文件，等待 30 秒后重试...
2025-01-12 06:54:19,446 - 未找到预测 CSV 文件，等待 30 秒后重试...
2025-01-12 06:54:49,462 - 未找到预测 CSV 文件，等待 30 秒后重试...
2025-01-12 06:55:19,469 - 未找到预测 CSV 文件，等待 30 秒后重试...
2025-01-12 06:55:49,484 - 未找到预测 CSV 文件，等待 30 秒后重试...
2025-01-12 06:56:19,486 - 未找到预测 CSV 文件，等待 30 秒后重试...
2025-01-12 06:56:49,488 - 未找到预测 CSV 文件，等待 30 秒后重试...
2025-01-12 06:57:19,493 - 未找到预测 CSV 文件，等待 30 秒后重试...
2025-01-12 06:57:49,499 - 未找到预测 CSV 文件，等待 30 秒后重试...
2025-01-12 06:58:19,514 - 未找到预测 CSV 文件，等待 30 秒后重试...
2025-01-12 06:58:49,528 - 未找到预测 CSV 文件，等待 30 秒后重试...
2025-01-12 06:59:19,537 - 未找到预测 CSV 文件，等待 30 秒后重试...
2025-01-12 06:59:49,538 - 未找到预测 CSV 文件，等待 30 秒后重试...
2025-01-12 07:00:19,545 - 未找到预测 CSV 文件，等待 30 秒后重试...
2025-01-12 07:00:49,557 - 未找到预测 CSV 文件，等待 30 秒后重试...
2025-01-12 07:01:19,559 - 未找到预测 CSV 文件，等待 30 秒后重试...
2025-01-12 07:01:49,567 - 未找到预测 CSV 文件，等待 30 秒后重试...
2025-01-12 07:02:19,576 - 未找到预测 CSV 文件，等待 30 秒后重试...
2025-01-12 07:02:49,578 - 未找到预测 CSV 文件，等待 30 秒后重试...
2025-01-12 07:03:19,586 - 未找到预测 CSV 文件，等待 30 秒后重试...
2025-01-12 07:03:49,594 - 未找到预测 CSV 文件，等待 30 秒后重试...
2025-01-12 07:04:19,605 - 未找到预测 CSV 文件，等待 30 秒后重试...
2025-01-12 07:04:49,620 - 未找到预测 CSV 文件，等待 30 秒后重试...
2025-01-12 07:05:19,625 - 未找到预测 CSV 文件，等待 30 秒后重试...
2025-01-12 07:05:49,634 - 未找到预测 CSV 文件，等待 30 秒后重试...
2025-01-12 07:06:19,637 - 未找到预测 CSV 文件，等待 30 秒后重试...
2025-01-12 07:06:49,641 - 未找到预测 CSV 文件，等待 30 秒后重试...
2025-01-12 07:07:19,653 - 未找到预测 CSV 文件，等待 30 秒后重试...
2025-01-12 07:07:49,668 - 未找到预测 CSV 文件，等待 30 秒后重试...
2025-01-12 07:08:19,682 - 未找到预测 CSV 文件，等待 30 秒后重试...
2025-01-12 07:08:49,693 - 未找到预测 CSV 文件，等待 30 秒后重试...
2025-01-12 07:09:19,698 - 未找到预测 CSV 文件，等待 30 秒后重试...
2025-01-12 07:09:49,713 - 未找到预测 CSV 文件，等待 30 秒后重试...
2025-01-12 07:10:19,727 - 未找到预测 CSV 文件，等待 30 秒后重试...
2025-01-12 07:10:49,733 - 未找到预测 CSV 文件，等待 30 秒后重试...
2025-01-12 07:11:19,734 - 未找到预测 CSV 文件，等待 30 秒后重试...
2025-01-12 07:11:49,746 - 未找到预测 CSV 文件，等待 30 秒后重试...
2025-01-12 07:12:19,759 - 未找到预测 CSV 文件，等待 30 秒后重试...
2025-01-12 07:12:49,768 - 未找到预测 CSV 文件，等待 30 秒后重试...
2025-01-12 07:13:19,782 - 未找到预测 CSV 文件，等待 30 秒后重试...
2025-01-12 07:13:49,789 - 未找到预测 CSV 文件，等待 30 秒后重试...
2025-01-12 07:14:19,800 - 未找到预测 CSV 文件，等待 30 秒后重试...
2025-01-12 07:14:49,803 - 未找到预测 CSV 文件，等待 30 秒后重试...
2025-01-12 07:15:19,819 - 未找到预测 CSV 文件，等待 30 秒后重试...
2025-01-12 07:15:49,836 - 未找到预测 CSV 文件，等待 30 秒后重试...
2025-01-12 07:16:19,842 - 未找到预测 CSV 文件，等待 30 秒后重试...
2025-01-12 07:16:49,852 - 未找到预测 CSV 文件，等待 30 秒后重试...
2025-01-12 07:17:19,861 - 未找到预测 CSV 文件，等待 30 秒后重试...
2025-01-12 07:17:49,864 - 未找到预测 CSV 文件，等待 30 秒后重试...
2025-01-12 07:18:19,881 - 未找到预测 CSV 文件，等待 30 秒后重试...
2025-01-12 07:18:49,886 - 未找到预测 CSV 文件，等待 30 秒后重试...
2025-01-12 07:19:19,900 - 未找到预测 CSV 文件，等待 30 秒后重试...
2025-01-12 07:19:49,909 - 未找到预测 CSV 文件，等待 30 秒后重试...
2025-01-12 07:20:19,925 - 未找到预测 CSV 文件，等待 30 秒后重试...
2025-01-12 07:20:49,936 - 未找到预测 CSV 文件，等待 30 秒后重试...
2025-01-12 07:21:19,949 - 未找到预测 CSV 文件，等待 30 秒后重试...
2025-01-12 07:21:49,965 - 未找到预测 CSV 文件，等待 30 秒后重试...
2025-01-12 07:22:19,982 - 未找到预测 CSV 文件，等待 30 秒后重试...
2025-01-12 07:22:49,988 - 未找到预测 CSV 文件，等待 30 秒后重试...
2025-01-12 07:23:19,990 - 未找到预测 CSV 文件，等待 30 秒后重试...
2025-01-12 07:23:50,005 - 未找到预测 CSV 文件，等待 30 秒后重试...
2025-01-12 07:24:20,021 - 未找到预测 CSV 文件，等待 30 秒后重试...
2025-01-12 07:24:50,038 - 未找到预测 CSV 文件，等待 30 秒后重试...
2025-01-12 07:25:20,050 - 未找到预测 CSV 文件，等待 30 秒后重试...
2025-01-12 07:25:50,055 - 未找到预测 CSV 文件，等待 30 秒后重试...
2025-01-12 07:26:20,065 - 未找到预测 CSV 文件，等待 30 秒后重试...
2025-01-12 07:26:50,079 - 未找到预测 CSV 文件，等待 30 秒后重试...
2025-01-12 07:27:20,092 - 未找到预测 CSV 文件，等待 30 秒后重试...
2025-01-12 07:27:50,097 - 未找到预测 CSV 文件，等待 30 秒后重试...
2025-01-12 07:28:20,109 - 未找到预测 CSV 文件，等待 30 秒后重试...
2025-01-12 07:28:50,125 - 未找到预测 CSV 文件，等待 30 秒后重试...
2025-01-12 07:29:20,138 - 未找到预测 CSV 文件，等待 30 秒后重试...
2025-01-12 07:29:50,141 - 未找到预测 CSV 文件，等待 30 秒后重试...
2025-01-12 07:30:20,153 - 未找到预测 CSV 文件，等待 30 秒后重试...
2025-01-12 07:30:50,158 - 未找到预测 CSV 文件，等待 30 秒后重试...
2025-01-12 07:31:20,172 - 未找到预测 CSV 文件，等待 30 秒后重试...
2025-01-12 07:31:50,174 - 未找到预测 CSV 文件，等待 30 秒后重试...
2025-01-12 07:32:20,176 - 未找到预测 CSV 文件，等待 30 秒后重试...
2025-01-12 07:32:50,182 - 未找到预测 CSV 文件，等待 30 秒后重试...
2025-01-12 07:33:20,195 - 未找到预测 CSV 文件，等待 30 秒后重试...
2025-01-12 07:33:50,200 - 未找到预测 CSV 文件，等待 30 秒后重试...
2025-01-12 07:34:20,215 - 未找到预测 CSV 文件，等待 30 秒后重试...
2025-01-12 07:34:50,230 - 未找到预测 CSV 文件，等待 30 秒后重试...
2025-01-12 07:35:20,246 - 未找到预测 CSV 文件，等待 30 秒后重试...
2025-01-12 07:35:50,251 - 未找到预测 CSV 文件，等待 30 秒后重试...
2025-01-12 07:36:20,258 - 未找到预测 CSV 文件，等待 30 秒后重试...
2025-01-12 07:36:50,262 - 未找到预测 CSV 文件，等待 30 秒后重试...
2025-01-12 07:37:20,280 - 未找到预测 CSV 文件，等待 30 秒后重试...
2025-01-12 07:37:50,287 - 未找到预测 CSV 文件，等待 30 秒后重试...
2025-01-12 07:38:20,291 - 未找到预测 CSV 文件，等待 30 秒后重试...
2025-01-12 07:38:50,300 - 未找到预测 CSV 文件，等待 30 秒后重试...
2025-01-12 07:39:20,309 - 未找到预测 CSV 文件，等待 30 秒后重试...
2025-01-12 07:39:50,312 - 未找到预测 CSV 文件，等待 30 秒后重试...
2025-01-12 07:40:20,325 - 未找到预测 CSV 文件，等待 30 秒后重试...
2025-01-12 07:40:50,340 - 未找到预测 CSV 文件，等待 30 秒后重试...
2025-01-12 07:41:20,346 - 未找到预测 CSV 文件，等待 30 秒后重试...
2025-01-12 07:41:50,351 - 未找到预测 CSV 文件，等待 30 秒后重试...
2025-01-12 07:42:20,355 - 未找到预测 CSV 文件，等待 30 秒后重试...
2025-01-12 07:42:50,359 - 未找到预测 CSV 文件，等待 30 秒后重试...
2025-01-12 07:43:20,369 - 未找到预测 CSV 文件，等待 30 秒后重试...
2025-01-12 07:43:50,384 - 未找到预测 CSV 文件，等待 30 秒后重试...
2025-01-12 07:44:20,395 - 未找到预测 CSV 文件，等待 30 秒后重试...
2025-01-12 07:44:50,408 - 未找到预测 CSV 文件，等待 30 秒后重试...
2025-01-12 07:45:20,417 - 未找到预测 CSV 文件，等待 30 秒后重试...
2025-01-12 07:45:50,421 - 未找到预测 CSV 文件，等待 30 秒后重试...
2025-01-12 07:46:20,423 - 未找到预测 CSV 文件，等待 30 秒后重试...
2025-01-12 07:46:50,425 - 未找到预测 CSV 文件，等待 30 秒后重试...
2025-01-12 07:47:20,440 - 未找到预测 CSV 文件，等待 30 秒后重试...
2025-01-12 07:47:50,447 - 未找到预测 CSV 文件，等待 30 秒后重试...
2025-01-12 07:48:20,464 - 未找到预测 CSV 文件，等待 30 秒后重试...
2025-01-12 07:48:50,479 - 未找到预测 CSV 文件，等待 30 秒后重试...
2025-01-12 07:49:20,487 - 未找到预测 CSV 文件，等待 30 秒后重试...
2025-01-12 07:49:50,500 - 未找到预测 CSV 文件，等待 30 秒后重试...
2025-01-12 07:50:20,510 - 未找到预测 CSV 文件，等待 30 秒后重试...
2025-01-12 07:50:50,523 - 未找到预测 CSV 文件，等待 30 秒后重试...
2025-01-12 07:51:20,539 - 未找到预测 CSV 文件，等待 30 秒后重试...
2025-01-12 07:51:50,551 - 未找到预测 CSV 文件，等待 30 秒后重试...
2025-01-12 07:52:20,564 - 未找到预测 CSV 文件，等待 30 秒后重试...
2025-01-12 07:52:50,567 - 未找到预测 CSV 文件，等待 30 秒后重试...
2025-01-12 07:53:20,572 - 未找到预测 CSV 文件，等待 30 秒后重试...
2025-01-12 07:53:50,582 - 未找到预测 CSV 文件，等待 30 秒后重试...
2025-01-12 07:54:20,590 - 未找到预测 CSV 文件，等待 30 秒后重试...
2025-01-12 07:54:50,607 - 未找到预测 CSV 文件，等待 30 秒后重试...
2025-01-12 07:55:20,609 - 未找到预测 CSV 文件，等待 30 秒后重试...
2025-01-12 07:55:50,625 - 未找到预测 CSV 文件，等待 30 秒后重试...
2025-01-12 07:56:20,633 - 未找到预测 CSV 文件，等待 30 秒后重试...
2025-01-12 07:56:50,649 - 未找到预测 CSV 文件，等待 30 秒后重试...
2025-01-12 07:57:20,654 - 未找到预测 CSV 文件，等待 30 秒后重试...
2025-01-12 07:57:50,658 - 未找到预测 CSV 文件，等待 30 秒后重试...
2025-01-12 07:58:20,670 - 未找到预测 CSV 文件，等待 30 秒后重试...
2025-01-12 07:58:50,681 - 未找到预测 CSV 文件，等待 30 秒后重试...
2025-01-12 07:59:20,682 - 未找到预测 CSV 文件，等待 30 秒后重试...
2025-01-12 07:59:50,692 - 未找到预测 CSV 文件，等待 30 秒后重试...
2025-01-12 08:00:20,709 - 未找到预测 CSV 文件，等待 30 秒后重试...
2025-01-12 08:00:50,724 - 未找到预测 CSV 文件，等待 30 秒后重试...
2025-01-12 08:01:20,741 - 未找到预测 CSV 文件，等待 30 秒后重试...
2025-01-12 08:01:50,753 - 未找到预测 CSV 文件，等待 30 秒后重试...
2025-01-12 08:02:20,757 - 未找到预测 CSV 文件，等待 30 秒后重试...
2025-01-12 08:02:50,763 - 未找到预测 CSV 文件，等待 30 秒后重试...
2025-01-12 08:03:20,771 - 未找到预测 CSV 文件，等待 30 秒后重试...
2025-01-12 08:03:50,782 - 未找到预测 CSV 文件，等待 30 秒后重试...
2025-01-12 08:04:20,797 - 未找到预测 CSV 文件，等待 30 秒后重试...
2025-01-12 08:04:50,800 - 未找到预测 CSV 文件，等待 30 秒后重试...
2025-01-12 08:05:20,815 - 未找到预测 CSV 文件，等待 30 秒后重试...
2025-01-12 08:05:50,828 - 未找到预测 CSV 文件，等待 30 秒后重试...
2025-01-12 08:06:20,834 - 未找到预测 CSV 文件，等待 30 秒后重试...
2025-01-12 08:06:50,848 - 未找到预测 CSV 文件，等待 30 秒后重试...
2025-01-12 08:07:20,855 - 未找到预测 CSV 文件，等待 30 秒后重试...
2025-01-12 08:07:50,861 - 未找到预测 CSV 文件，等待 30 秒后重试...
2025-01-12 08:08:20,870 - 未找到预测 CSV 文件，等待 30 秒后重试...
2025-01-12 08:08:50,884 - 未找到预测 CSV 文件，等待 30 秒后重试...
2025-01-12 08:09:20,890 - 未找到预测 CSV 文件，等待 30 秒后重试...
2025-01-12 08:09:50,900 - 未找到预测 CSV 文件，等待 30 秒后重试...
2025-01-12 08:10:20,909 - 未找到预测 CSV 文件，等待 30 秒后重试...
2025-01-12 08:10:50,920 - 未找到预测 CSV 文件，等待 30 秒后重试...
2025-01-12 08:11:20,935 - 未找到预测 CSV 文件，等待 30 秒后重试...
2025-01-12 08:11:50,939 - 未找到预测 CSV 文件，等待 30 秒后重试...
2025-01-12 08:12:20,945 - 未找到预测 CSV 文件，等待 30 秒后重试...
2025-01-12 08:12:50,948 - 未找到预测 CSV 文件，等待 30 秒后重试...
2025-01-12 08:13:20,951 - 未找到预测 CSV 文件，等待 30 秒后重试...
2025-01-12 08:13:50,963 - 未找到预测 CSV 文件，等待 30 秒后重试...
2025-01-12 08:14:20,981 - 未找到预测 CSV 文件，等待 30 秒后重试...
2025-01-12 08:14:50,992 - 未找到预测 CSV 文件，等待 30 秒后重试...
2025-01-12 08:15:21,010 - 未找到预测 CSV 文件，等待 30 秒后重试...
2025-01-12 08:15:51,015 - 未找到预测 CSV 文件，等待 30 秒后重试...
2025-01-12 08:16:21,022 - 未找到预测 CSV 文件，等待 30 秒后重试...
2025-01-12 08:16:51,026 - 未找到预测 CSV 文件，等待 30 秒后重试...
2025-01-12 08:17:21,039 - 未找到预测 CSV 文件，等待 30 秒后重试...
2025-01-12 08:17:51,053 - 未找到预测 CSV 文件，等待 30 秒后重试...
2025-01-12 08:18:21,069 - 未找到预测 CSV 文件，等待 30 秒后重试...
2025-01-12 08:18:51,076 - 未找到预测 CSV 文件，等待 30 秒后重试...
2025-01-12 08:19:21,090 - 未找到预测 CSV 文件，等待 30 秒后重试...
2025-01-12 08:19:51,095 - 未找到预测 CSV 文件，等待 30 秒后重试...
2025-01-12 08:20:21,104 - 未找到预测 CSV 文件，等待 30 秒后重试...
2025-01-12 08:20:51,117 - 未找到预测 CSV 文件，等待 30 秒后重试...
2025-01-12 08:21:21,129 - 未找到预测 CSV 文件，等待 30 秒后重试...
2025-01-12 08:21:51,140 - 未找到预测 CSV 文件，等待 30 秒后重试...
2025-01-12 08:22:21,143 - 未找到预测 CSV 文件，等待 30 秒后重试...
2025-01-12 08:22:51,160 - 未找到预测 CSV 文件，等待 30 秒后重试...
2025-01-12 08:23:21,162 - 未找到预测 CSV 文件，等待 30 秒后重试...
2025-01-12 08:23:51,165 - 未找到预测 CSV 文件，等待 30 秒后重试...
2025-01-12 08:24:21,176 - 未找到预测 CSV 文件，等待 30 秒后重试...
2025-01-12 08:24:51,186 - 未找到预测 CSV 文件，等待 30 秒后重试...
2025-01-12 08:25:21,202 - 未找到预测 CSV 文件，等待 30 秒后重试...
2025-01-12 08:25:51,204 - 未找到预测 CSV 文件，等待 30 秒后重试...
2025-01-12 08:26:21,219 - 未找到预测 CSV 文件，等待 30 秒后重试...
2025-01-12 08:26:51,227 - 未找到预测 CSV 文件，等待 30 秒后重试...
2025-01-12 08:27:21,244 - 未找到预测 CSV 文件，等待 30 秒后重试...
2025-01-12 08:27:51,251 - 未找到预测 CSV 文件，等待 30 秒后重试...
2025-01-12 08:28:21,266 - 未找到预测 CSV 文件，等待 30 秒后重试...
2025-01-12 08:28:51,272 - 未找到预测 CSV 文件，等待 30 秒后重试...
2025-01-12 08:29:21,288 - 未找到预测 CSV 文件，等待 30 秒后重试...
2025-01-12 08:29:51,297 - 未找到预测 CSV 文件，等待 30 秒后重试...
2025-01-12 08:30:21,302 - 未找到预测 CSV 文件，等待 30 秒后重试...
2025-01-12 08:30:51,317 - 发现新的预测文件：D:\my-vue-project\wind-power-forecast\backend\auto_scripts\precsv\shortcsv\20250112.csv，执行预测...
2025-01-12 08:30:51,416 - 今天的训练和预测任务已完成。
2025-01-12 19:45:44,884 - 今天的日期是: 20250112
2025-01-12 19:45:44,885 - 开始监视 D:\my-vue-project\wind-power-forecast\backend\auto_scripts\dataset\dataset_short 文件夹以进行训练...
2025-01-12 19:45:44,885 - 开始监视 D:\my-vue-project\wind-power-forecast\backend\auto_scripts\precsv\shortcsv 文件夹以进行预测...
2025-01-12 19:45:44,885 - 发现新的训练文件：D:\my-vue-project\wind-power-forecast\backend\auto_scripts\dataset\dataset_short\20250112.csv，执行训练...
2025-01-12 19:45:44,885 - 输出结果将保存到: D:\my-vue-project\wind-power-forecast\backend\auto_scripts\train_predictions\short_predictions
2025-01-12 19:45:44,885 - 今天的预测已经执行过，跳过...
2025-01-12 19:45:46,101 - 数据加载与预处理完成
2025-01-12 19:45:46,447 - 数据标准化完成
2025-01-12 19:45:47,166 - 创建时间窗口完成
2025-01-12 19:45:47,308 - 今天的训练和预测任务已完成。
2025-01-12 19:46:43,537 - 今天的日期是: 20250112
2025-01-12 19:46:43,540 - 开始监视 D:\my-vue-project\wind-power-forecast\backend\auto_scripts\dataset\dataset_short 文件夹以进行训练...
2025-01-12 19:46:43,540 - 开始监视 D:\my-vue-project\wind-power-forecast\backend\auto_scripts\precsv\shortcsv 文件夹以进行预测...
2025-01-12 19:46:43,540 - 发现新的训练文件：D:\my-vue-project\wind-power-forecast\backend\auto_scripts\dataset\dataset_short\20250112.csv，执行训练...
2025-01-12 19:46:43,540 - 今天的预测已经执行过，跳过...
2025-01-12 19:46:43,540 - 输出结果将保存到: D:\my-vue-project\wind-power-forecast\backend\auto_scripts\train_predictions\short_predictions
2025-01-12 19:46:44,757 - 数据加载与预处理完成
2025-01-12 19:46:45,081 - 数据标准化完成
2025-01-12 19:46:45,797 - 创建时间窗口完成
2025-01-12 19:46:59,041 - 今天的训练和预测任务已完成。
2025-01-12 19:49:19,938 - 今天的日期是: 20250112
2025-01-12 19:49:19,940 - 开始监视 D:\my-vue-project\wind-power-forecast\backend\auto_scripts\dataset\dataset_short 文件夹以进行训练...
2025-01-12 19:49:19,940 - 开始监视 D:\my-vue-project\wind-power-forecast\backend\auto_scripts\precsv\shortcsv 文件夹以进行预测...
2025-01-12 19:49:19,940 - 发现新的训练文件：D:\my-vue-project\wind-power-forecast\backend\auto_scripts\dataset\dataset_short\20250112.csv，执行训练...
2025-01-12 19:49:19,940 - 输出结果将保存到: D:\my-vue-project\wind-power-forecast\backend\auto_scripts\train_predictions\short_predictions
2025-01-12 19:49:19,940 - 今天的预测已经执行过，跳过...
2025-01-12 19:49:21,138 - 数据加载与预处理完成
2025-01-12 19:49:21,471 - 数据标准化完成
2025-01-12 19:49:22,220 - 创建时间窗口完成
2025-01-12 20:01:32,500 - 今天的日期是: 20250112
2025-01-12 20:01:32,503 - 开始监视 D:\my-vue-project\wind-power-forecast\backend\auto_scripts\dataset\dataset_short 文件夹以进行训练...
2025-01-12 20:01:32,503 - 开始监视 D:\my-vue-project\wind-power-forecast\backend\auto_scripts\precsv\shortcsv 文件夹以进行预测...
2025-01-12 20:01:32,503 - 发现新的训练文件：D:\my-vue-project\wind-power-forecast\backend\auto_scripts\dataset\dataset_short\20250112.csv，执行训练...
2025-01-12 20:01:32,503 - 今天的预测已经执行过，跳过...
2025-01-12 20:01:32,503 - 输出结果将保存到: D:\my-vue-project\wind-power-forecast\backend\auto_scripts\train_predictions\short_predictions
2025-01-12 20:01:33,709 - 数据加载与预处理完成
2025-01-12 20:01:34,031 - 数据标准化完成
2025-01-12 20:01:34,760 - 创建时间窗口完成
2025-01-12 20:01:48,452 - 今天的训练和预测任务已完成。
2025-01-12 20:02:50,956 - 今天的日期是: 20250112
2025-01-12 20:02:50,957 - 开始监视 D:\my-vue-project\wind-power-forecast\backend\auto_scripts\dataset\dataset_short 文件夹以进行训练...
2025-01-12 20:02:50,958 - 开始监视 D:\my-vue-project\wind-power-forecast\backend\auto_scripts\precsv\shortcsv 文件夹以进行预测...
2025-01-12 20:02:50,958 - 发现新的训练文件：D:\my-vue-project\wind-power-forecast\backend\auto_scripts\dataset\dataset_short\20250112.csv，执行训练...
2025-01-12 20:02:50,958 - 今天的预测已经执行过，跳过...
2025-01-12 20:02:50,958 - 输出结果将保存到: D:\my-vue-project\wind-power-forecast\backend\auto_scripts\train_predictions\short_predictions
2025-01-12 20:02:52,181 - 数据加载与预处理完成
2025-01-12 20:02:52,527 - 数据标准化完成
2025-01-12 20:02:53,248 - 创建时间窗口完成
2025-01-12 20:05:58,285 - 今天的日期是: 20250112
2025-01-12 20:05:58,286 - 开始监视 D:\my-vue-project\wind-power-forecast\backend\auto_scripts\dataset\dataset_short 文件夹以进行训练...
2025-01-12 20:05:58,286 - 开始监视 D:\my-vue-project\wind-power-forecast\backend\auto_scripts\precsv\shortcsv 文件夹以进行预测...
2025-01-12 20:05:58,286 - 发现新的训练文件：D:\my-vue-project\wind-power-forecast\backend\auto_scripts\dataset\dataset_short\20250112.csv，执行训练...
2025-01-12 20:05:58,286 - 输出结果将保存到: D:\my-vue-project\wind-power-forecast\backend\auto_scripts\train_predictions\short_predictions
2025-01-12 20:05:58,287 - 今天的预测已经执行过，跳过...
2025-01-12 20:05:59,811 - 数据加载与预处理完成
2025-01-12 20:06:00,234 - 数据标准化完成
2025-01-12 20:06:01,091 - 创建时间窗口完成
2025-01-12 20:06:01,091 - 获取模型参数完成
2025-01-12 20:09:38,815 - 训练与评估完成
2025-01-12 20:09:38,835 - 保存预测结果完成
2025-01-12 20:09:39,083 - 可视化结果完成
2025-01-12 20:09:39,184 - 模型已成功保存到 D:\my-vue-project\wind-power-forecast\backend\auto_scripts\models\shortmodel\20250112，模型可用。
2025-01-12 20:09:39,185 - 今天的训练和预测任务已完成。
