2025-01-16 01:00:25,329 - 今天的日期是: 20250116
2025-01-16 01:00:25,330 - 开始监视 D:\my-vue-project\wind-power-forecast\backend\auto_scripts\dataset\dataset_short 文件夹以进行训练...
2025-01-16 01:00:25,330 - 发现新的训练文件：D:\my-vue-project\wind-power-forecast\backend\auto_scripts\dataset\dataset_short\20250116.csv，执行训练...
2025-01-16 01:00:25,330 - 开始监视 D:\my-vue-project\wind-power-forecast\backend\auto_scripts\precsv\shortcsv 文件夹以进行预测...
2025-01-16 01:00:25,330 - 输出结果将保存到: D:\my-vue-project\wind-power-forecast\backend\auto_scripts\train_predictions\short_predictions
2025-01-16 01:00:25,330 - 未有可用模型，等待模型训练完成...
2025-01-16 01:00:26,553 - 数据加载与预处理完成
2025-01-16 01:00:26,925 - 数据标准化完成
2025-01-16 01:00:27,665 - 创建时间窗口完成
2025-01-16 01:00:27,665 - 获取模型参数完成
2025-01-16 01:00:55,335 - 未有可用模型，等待模型训练完成...
2025-01-16 01:01:25,343 - 未有可用模型，等待模型训练完成...
2025-01-16 01:01:55,352 - 未有可用模型，等待模型训练完成...
2025-01-16 01:02:25,357 - 未有可用模型，等待模型训练完成...
2025-01-16 01:02:55,365 - 未有可用模型，等待模型训练完成...
2025-01-16 01:03:25,381 - 未有可用模型，等待模型训练完成...
2025-01-16 01:03:55,395 - 未有可用模型，等待模型训练完成...
2025-01-16 01:04:25,401 - 未有可用模型，等待模型训练完成...
2025-01-16 01:04:55,411 - 未有可用模型，等待模型训练完成...
2025-01-16 01:05:25,421 - 未有可用模型，等待模型训练完成...
2025-01-16 01:05:42,082 - 训练与评估完成
2025-01-16 01:05:42,101 - 保存预测结果完成
2025-01-16 01:05:42,313 - 可视化结果完成
2025-01-16 01:05:42,414 - 模型已成功保存到 D:\my-vue-project\wind-power-forecast\backend\auto_scripts\models\shortmodel\20250116，模型可用。
2025-01-16 01:05:55,426 - 未找到预测 CSV 文件，等待 30 秒后重试...
2025-01-16 01:06:25,434 - 未找到预测 CSV 文件，等待 30 秒后重试...
2025-01-16 01:06:55,441 - 未找到预测 CSV 文件，等待 30 秒后重试...
2025-01-16 01:07:25,457 - 未找到预测 CSV 文件，等待 30 秒后重试...
2025-01-16 01:07:55,461 - 未找到预测 CSV 文件，等待 30 秒后重试...
2025-01-16 01:08:25,476 - 未找到预测 CSV 文件，等待 30 秒后重试...
2025-01-16 01:08:55,480 - 未找到预测 CSV 文件，等待 30 秒后重试...
2025-01-16 01:09:25,486 - 未找到预测 CSV 文件，等待 30 秒后重试...
2025-01-16 01:09:55,488 - 未找到预测 CSV 文件，等待 30 秒后重试...
2025-01-16 01:10:25,496 - 未找到预测 CSV 文件，等待 30 秒后重试...
2025-01-16 01:10:55,511 - 未找到预测 CSV 文件，等待 30 秒后重试...
2025-01-16 01:11:25,524 - 未找到预测 CSV 文件，等待 30 秒后重试...
2025-01-16 01:11:55,528 - 未找到预测 CSV 文件，等待 30 秒后重试...
2025-01-16 01:12:25,535 - 未找到预测 CSV 文件，等待 30 秒后重试...
2025-01-16 01:12:55,538 - 未找到预测 CSV 文件，等待 30 秒后重试...
2025-01-16 01:13:25,554 - 未找到预测 CSV 文件，等待 30 秒后重试...
2025-01-16 01:13:55,558 - 未找到预测 CSV 文件，等待 30 秒后重试...
2025-01-16 01:14:25,566 - 未找到预测 CSV 文件，等待 30 秒后重试...
2025-01-16 01:14:55,568 - 未找到预测 CSV 文件，等待 30 秒后重试...
2025-01-16 01:15:25,576 - 未找到预测 CSV 文件，等待 30 秒后重试...
2025-01-16 01:15:55,578 - 未找到预测 CSV 文件，等待 30 秒后重试...
2025-01-16 01:16:25,579 - 未找到预测 CSV 文件，等待 30 秒后重试...
2025-01-16 01:16:55,593 - 未找到预测 CSV 文件，等待 30 秒后重试...
2025-01-16 01:17:25,602 - 未找到预测 CSV 文件，等待 30 秒后重试...
2025-01-16 01:17:55,619 - 未找到预测 CSV 文件，等待 30 秒后重试...
2025-01-16 01:18:25,632 - 未找到预测 CSV 文件，等待 30 秒后重试...
2025-01-16 01:18:55,637 - 未找到预测 CSV 文件，等待 30 秒后重试...
2025-01-16 01:19:25,654 - 未找到预测 CSV 文件，等待 30 秒后重试...
2025-01-16 01:19:55,662 - 未找到预测 CSV 文件，等待 30 秒后重试...
2025-01-16 01:20:25,666 - 未找到预测 CSV 文件，等待 30 秒后重试...
2025-01-16 01:20:55,670 - 未找到预测 CSV 文件，等待 30 秒后重试...
2025-01-16 01:21:25,685 - 未找到预测 CSV 文件，等待 30 秒后重试...
2025-01-16 01:21:55,689 - 未找到预测 CSV 文件，等待 30 秒后重试...
2025-01-16 01:22:25,699 - 未找到预测 CSV 文件，等待 30 秒后重试...
2025-01-16 01:22:55,714 - 未找到预测 CSV 文件，等待 30 秒后重试...
2025-01-16 01:23:25,728 - 未找到预测 CSV 文件，等待 30 秒后重试...
2025-01-16 01:23:55,733 - 未找到预测 CSV 文件，等待 30 秒后重试...
2025-01-16 01:24:25,741 - 未找到预测 CSV 文件，等待 30 秒后重试...
2025-01-16 01:24:55,755 - 未找到预测 CSV 文件，等待 30 秒后重试...
2025-01-16 01:25:25,771 - 未找到预测 CSV 文件，等待 30 秒后重试...
2025-01-16 01:25:55,783 - 未找到预测 CSV 文件，等待 30 秒后重试...
2025-01-16 01:26:25,785 - 未找到预测 CSV 文件，等待 30 秒后重试...
2025-01-16 01:26:55,792 - 未找到预测 CSV 文件，等待 30 秒后重试...
2025-01-16 01:27:25,797 - 未找到预测 CSV 文件，等待 30 秒后重试...
2025-01-16 01:27:55,811 - 未找到预测 CSV 文件，等待 30 秒后重试...
2025-01-16 01:28:25,822 - 未找到预测 CSV 文件，等待 30 秒后重试...
2025-01-16 01:28:55,838 - 未找到预测 CSV 文件，等待 30 秒后重试...
2025-01-16 01:29:25,850 - 未找到预测 CSV 文件，等待 30 秒后重试...
2025-01-16 01:29:55,851 - 未找到预测 CSV 文件，等待 30 秒后重试...
2025-01-16 01:30:25,862 - 未找到预测 CSV 文件，等待 30 秒后重试...
2025-01-16 01:30:55,871 - 未找到预测 CSV 文件，等待 30 秒后重试...
2025-01-16 01:31:25,872 - 未找到预测 CSV 文件，等待 30 秒后重试...
2025-01-16 01:31:55,877 - 未找到预测 CSV 文件，等待 30 秒后重试...
2025-01-16 01:32:25,880 - 未找到预测 CSV 文件，等待 30 秒后重试...
2025-01-16 01:32:55,891 - 未找到预测 CSV 文件，等待 30 秒后重试...
2025-01-16 01:33:25,896 - 未找到预测 CSV 文件，等待 30 秒后重试...
2025-01-16 01:33:55,905 - 未找到预测 CSV 文件，等待 30 秒后重试...
2025-01-16 01:34:25,916 - 未找到预测 CSV 文件，等待 30 秒后重试...
2025-01-16 01:34:55,933 - 未找到预测 CSV 文件，等待 30 秒后重试...
2025-01-16 01:35:25,949 - 未找到预测 CSV 文件，等待 30 秒后重试...
2025-01-16 01:35:55,964 - 未找到预测 CSV 文件，等待 30 秒后重试...
2025-01-16 01:36:25,973 - 未找到预测 CSV 文件，等待 30 秒后重试...
2025-01-16 01:36:55,981 - 未找到预测 CSV 文件，等待 30 秒后重试...
2025-01-16 01:37:25,991 - 未找到预测 CSV 文件，等待 30 秒后重试...
2025-01-16 01:37:56,005 - 未找到预测 CSV 文件，等待 30 秒后重试...
2025-01-16 01:38:26,013 - 未找到预测 CSV 文件，等待 30 秒后重试...
2025-01-16 01:38:56,029 - 未找到预测 CSV 文件，等待 30 秒后重试...
2025-01-16 01:39:26,039 - 未找到预测 CSV 文件，等待 30 秒后重试...
2025-01-16 01:39:56,056 - 未找到预测 CSV 文件，等待 30 秒后重试...
2025-01-16 01:40:26,065 - 未找到预测 CSV 文件，等待 30 秒后重试...
2025-01-16 01:40:56,070 - 未找到预测 CSV 文件，等待 30 秒后重试...
2025-01-16 01:41:26,084 - 未找到预测 CSV 文件，等待 30 秒后重试...
2025-01-16 01:41:56,091 - 未找到预测 CSV 文件，等待 30 秒后重试...
2025-01-16 01:42:26,101 - 未找到预测 CSV 文件，等待 30 秒后重试...
2025-01-16 01:42:56,117 - 未找到预测 CSV 文件，等待 30 秒后重试...
2025-01-16 01:43:26,119 - 未找到预测 CSV 文件，等待 30 秒后重试...
2025-01-16 01:43:56,130 - 未找到预测 CSV 文件，等待 30 秒后重试...
2025-01-16 01:44:26,146 - 未找到预测 CSV 文件，等待 30 秒后重试...
2025-01-16 01:44:56,160 - 未找到预测 CSV 文件，等待 30 秒后重试...
2025-01-16 01:45:26,162 - 未找到预测 CSV 文件，等待 30 秒后重试...
2025-01-16 01:45:56,175 - 未找到预测 CSV 文件，等待 30 秒后重试...
2025-01-16 01:46:26,191 - 未找到预测 CSV 文件，等待 30 秒后重试...
2025-01-16 01:46:56,202 - 未找到预测 CSV 文件，等待 30 秒后重试...
2025-01-16 01:47:26,214 - 未找到预测 CSV 文件，等待 30 秒后重试...
2025-01-16 01:47:56,229 - 未找到预测 CSV 文件，等待 30 秒后重试...
2025-01-16 01:48:26,242 - 未找到预测 CSV 文件，等待 30 秒后重试...
2025-01-16 01:48:56,248 - 未找到预测 CSV 文件，等待 30 秒后重试...
2025-01-16 01:49:26,254 - 未找到预测 CSV 文件，等待 30 秒后重试...
2025-01-16 01:49:56,260 - 未找到预测 CSV 文件，等待 30 秒后重试...
2025-01-16 01:50:26,272 - 未找到预测 CSV 文件，等待 30 秒后重试...
2025-01-16 01:50:56,283 - 未找到预测 CSV 文件，等待 30 秒后重试...
2025-01-16 01:51:26,287 - 未找到预测 CSV 文件，等待 30 秒后重试...
2025-01-16 01:51:56,301 - 未找到预测 CSV 文件，等待 30 秒后重试...
2025-01-16 01:52:26,307 - 未找到预测 CSV 文件，等待 30 秒后重试...
2025-01-16 01:52:56,324 - 未找到预测 CSV 文件，等待 30 秒后重试...
2025-01-16 01:53:26,328 - 未找到预测 CSV 文件，等待 30 秒后重试...
2025-01-16 01:53:56,330 - 未找到预测 CSV 文件，等待 30 秒后重试...
2025-01-16 01:54:26,341 - 未找到预测 CSV 文件，等待 30 秒后重试...
2025-01-16 01:54:56,355 - 未找到预测 CSV 文件，等待 30 秒后重试...
2025-01-16 01:55:26,371 - 未找到预测 CSV 文件，等待 30 秒后重试...
2025-01-16 01:55:56,373 - 未找到预测 CSV 文件，等待 30 秒后重试...
2025-01-16 01:56:26,383 - 未找到预测 CSV 文件，等待 30 秒后重试...
2025-01-16 01:56:56,392 - 未找到预测 CSV 文件，等待 30 秒后重试...
2025-01-16 01:57:26,394 - 未找到预测 CSV 文件，等待 30 秒后重试...
2025-01-16 01:57:56,400 - 未找到预测 CSV 文件，等待 30 秒后重试...
2025-01-16 01:58:26,410 - 未找到预测 CSV 文件，等待 30 秒后重试...
2025-01-16 01:58:56,421 - 未找到预测 CSV 文件，等待 30 秒后重试...
2025-01-16 01:59:26,431 - 未找到预测 CSV 文件，等待 30 秒后重试...
2025-01-16 01:59:56,444 - 未找到预测 CSV 文件，等待 30 秒后重试...
2025-01-16 02:00:26,451 - 未找到预测 CSV 文件，等待 30 秒后重试...
2025-01-16 02:00:56,458 - 未找到预测 CSV 文件，等待 30 秒后重试...
2025-01-16 02:01:26,462 - 未找到预测 CSV 文件，等待 30 秒后重试...
2025-01-16 02:01:56,466 - 未找到预测 CSV 文件，等待 30 秒后重试...
2025-01-16 02:02:26,482 - 未找到预测 CSV 文件，等待 30 秒后重试...
2025-01-16 02:02:56,495 - 未找到预测 CSV 文件，等待 30 秒后重试...
2025-01-16 02:03:26,498 - 未找到预测 CSV 文件，等待 30 秒后重试...
2025-01-16 02:03:56,500 - 未找到预测 CSV 文件，等待 30 秒后重试...
2025-01-16 02:04:26,504 - 未找到预测 CSV 文件，等待 30 秒后重试...
2025-01-16 02:04:56,515 - 未找到预测 CSV 文件，等待 30 秒后重试...
2025-01-16 02:05:26,530 - 未找到预测 CSV 文件，等待 30 秒后重试...
2025-01-16 02:05:56,543 - 未找到预测 CSV 文件，等待 30 秒后重试...
2025-01-16 02:06:26,550 - 未找到预测 CSV 文件，等待 30 秒后重试...
2025-01-16 02:06:56,563 - 未找到预测 CSV 文件，等待 30 秒后重试...
2025-01-16 02:07:26,568 - 未找到预测 CSV 文件，等待 30 秒后重试...
2025-01-16 02:07:56,580 - 未找到预测 CSV 文件，等待 30 秒后重试...
2025-01-16 02:08:26,595 - 未找到预测 CSV 文件，等待 30 秒后重试...
2025-01-16 02:08:56,604 - 未找到预测 CSV 文件，等待 30 秒后重试...
2025-01-16 02:09:26,608 - 未找到预测 CSV 文件，等待 30 秒后重试...
2025-01-16 02:09:56,618 - 未找到预测 CSV 文件，等待 30 秒后重试...
2025-01-16 02:10:26,629 - 未找到预测 CSV 文件，等待 30 秒后重试...
2025-01-16 02:10:56,634 - 未找到预测 CSV 文件，等待 30 秒后重试...
2025-01-16 02:11:26,643 - 未找到预测 CSV 文件，等待 30 秒后重试...
2025-01-16 02:11:56,648 - 未找到预测 CSV 文件，等待 30 秒后重试...
2025-01-16 02:12:26,655 - 未找到预测 CSV 文件，等待 30 秒后重试...
2025-01-16 02:12:56,658 - 未找到预测 CSV 文件，等待 30 秒后重试...
2025-01-16 02:13:26,667 - 未找到预测 CSV 文件，等待 30 秒后重试...
2025-01-16 02:13:56,670 - 未找到预测 CSV 文件，等待 30 秒后重试...
2025-01-16 02:14:26,681 - 未找到预测 CSV 文件，等待 30 秒后重试...
2025-01-16 02:14:56,695 - 未找到预测 CSV 文件，等待 30 秒后重试...
2025-01-16 02:15:26,707 - 未找到预测 CSV 文件，等待 30 秒后重试...
2025-01-16 02:15:56,710 - 未找到预测 CSV 文件，等待 30 秒后重试...
2025-01-16 02:16:26,716 - 未找到预测 CSV 文件，等待 30 秒后重试...
2025-01-16 02:16:56,718 - 未找到预测 CSV 文件，等待 30 秒后重试...
2025-01-16 02:17:26,727 - 未找到预测 CSV 文件，等待 30 秒后重试...
2025-01-16 02:17:56,742 - 未找到预测 CSV 文件，等待 30 秒后重试...
2025-01-16 02:18:26,755 - 未找到预测 CSV 文件，等待 30 秒后重试...
2025-01-16 02:18:56,759 - 未找到预测 CSV 文件，等待 30 秒后重试...
2025-01-16 02:19:26,772 - 未找到预测 CSV 文件，等待 30 秒后重试...
2025-01-16 02:19:56,787 - 未找到预测 CSV 文件，等待 30 秒后重试...
2025-01-16 02:20:26,797 - 未找到预测 CSV 文件，等待 30 秒后重试...
2025-01-16 02:20:56,806 - 未找到预测 CSV 文件，等待 30 秒后重试...
2025-01-16 02:21:26,816 - 未找到预测 CSV 文件，等待 30 秒后重试...
2025-01-16 02:21:56,818 - 未找到预测 CSV 文件，等待 30 秒后重试...
2025-01-16 02:22:26,830 - 未找到预测 CSV 文件，等待 30 秒后重试...
2025-01-16 02:22:56,838 - 未找到预测 CSV 文件，等待 30 秒后重试...
2025-01-16 02:23:26,843 - 未找到预测 CSV 文件，等待 30 秒后重试...
2025-01-16 02:23:56,855 - 未找到预测 CSV 文件，等待 30 秒后重试...
2025-01-16 02:24:26,860 - 未找到预测 CSV 文件，等待 30 秒后重试...
2025-01-16 02:24:56,874 - 未找到预测 CSV 文件，等待 30 秒后重试...
2025-01-16 02:25:26,883 - 未找到预测 CSV 文件，等待 30 秒后重试...
2025-01-16 02:25:56,886 - 未找到预测 CSV 文件，等待 30 秒后重试...
2025-01-16 02:26:26,901 - 未找到预测 CSV 文件，等待 30 秒后重试...
2025-01-16 02:26:56,914 - 未找到预测 CSV 文件，等待 30 秒后重试...
2025-01-16 02:27:26,928 - 未找到预测 CSV 文件，等待 30 秒后重试...
2025-01-16 02:27:56,930 - 未找到预测 CSV 文件，等待 30 秒后重试...
2025-01-16 02:28:26,933 - 未找到预测 CSV 文件，等待 30 秒后重试...
2025-01-16 02:28:56,941 - 未找到预测 CSV 文件，等待 30 秒后重试...
2025-01-16 02:29:26,952 - 未找到预测 CSV 文件，等待 30 秒后重试...
2025-01-16 02:29:56,956 - 未找到预测 CSV 文件，等待 30 秒后重试...
2025-01-16 02:30:26,957 - 未找到预测 CSV 文件，等待 30 秒后重试...
2025-01-16 02:30:56,967 - 未找到预测 CSV 文件，等待 30 秒后重试...
2025-01-16 02:31:26,973 - 未找到预测 CSV 文件，等待 30 秒后重试...
2025-01-16 02:31:56,983 - 未找到预测 CSV 文件，等待 30 秒后重试...
2025-01-16 02:32:26,996 - 未找到预测 CSV 文件，等待 30 秒后重试...
2025-01-16 02:32:57,002 - 未找到预测 CSV 文件，等待 30 秒后重试...
2025-01-16 02:33:27,014 - 未找到预测 CSV 文件，等待 30 秒后重试...
2025-01-16 02:33:57,021 - 未找到预测 CSV 文件，等待 30 秒后重试...
2025-01-16 02:34:27,031 - 未找到预测 CSV 文件，等待 30 秒后重试...
2025-01-16 02:34:57,035 - 未找到预测 CSV 文件，等待 30 秒后重试...
2025-01-16 02:35:27,040 - 未找到预测 CSV 文件，等待 30 秒后重试...
2025-01-16 02:35:57,052 - 未找到预测 CSV 文件，等待 30 秒后重试...
2025-01-16 02:36:27,068 - 未找到预测 CSV 文件，等待 30 秒后重试...
2025-01-16 02:36:57,076 - 未找到预测 CSV 文件，等待 30 秒后重试...
2025-01-16 02:37:27,088 - 未找到预测 CSV 文件，等待 30 秒后重试...
2025-01-16 02:37:57,094 - 未找到预测 CSV 文件，等待 30 秒后重试...
2025-01-16 02:38:27,100 - 未找到预测 CSV 文件，等待 30 秒后重试...
2025-01-16 02:38:57,114 - 未找到预测 CSV 文件，等待 30 秒后重试...
2025-01-16 02:39:27,118 - 未找到预测 CSV 文件，等待 30 秒后重试...
2025-01-16 02:39:57,123 - 未找到预测 CSV 文件，等待 30 秒后重试...
2025-01-16 02:40:27,134 - 未找到预测 CSV 文件，等待 30 秒后重试...
2025-01-16 02:40:57,151 - 未找到预测 CSV 文件，等待 30 秒后重试...
2025-01-16 02:41:27,157 - 未找到预测 CSV 文件，等待 30 秒后重试...
2025-01-16 02:41:57,167 - 未找到预测 CSV 文件，等待 30 秒后重试...
2025-01-16 02:42:27,176 - 未找到预测 CSV 文件，等待 30 秒后重试...
2025-01-16 02:42:57,179 - 未找到预测 CSV 文件，等待 30 秒后重试...
2025-01-16 02:43:27,185 - 未找到预测 CSV 文件，等待 30 秒后重试...
2025-01-16 02:43:57,197 - 未找到预测 CSV 文件，等待 30 秒后重试...
2025-01-16 02:44:27,204 - 未找到预测 CSV 文件，等待 30 秒后重试...
2025-01-16 02:44:57,214 - 未找到预测 CSV 文件，等待 30 秒后重试...
2025-01-16 02:45:27,221 - 未找到预测 CSV 文件，等待 30 秒后重试...
2025-01-16 02:45:57,224 - 未找到预测 CSV 文件，等待 30 秒后重试...
2025-01-16 02:46:27,228 - 未找到预测 CSV 文件，等待 30 秒后重试...
2025-01-16 02:46:57,236 - 未找到预测 CSV 文件，等待 30 秒后重试...
2025-01-16 02:47:27,246 - 未找到预测 CSV 文件，等待 30 秒后重试...
2025-01-16 02:47:57,251 - 未找到预测 CSV 文件，等待 30 秒后重试...
2025-01-16 02:48:27,255 - 未找到预测 CSV 文件，等待 30 秒后重试...
2025-01-16 02:48:57,261 - 未找到预测 CSV 文件，等待 30 秒后重试...
2025-01-16 02:49:27,276 - 未找到预测 CSV 文件，等待 30 秒后重试...
2025-01-16 02:49:57,281 - 未找到预测 CSV 文件，等待 30 秒后重试...
2025-01-16 02:50:27,293 - 未找到预测 CSV 文件，等待 30 秒后重试...
2025-01-16 02:50:57,294 - 未找到预测 CSV 文件，等待 30 秒后重试...
2025-01-16 02:51:27,306 - 未找到预测 CSV 文件，等待 30 秒后重试...
2025-01-16 02:51:57,321 - 未找到预测 CSV 文件，等待 30 秒后重试...
2025-01-16 02:52:27,323 - 未找到预测 CSV 文件，等待 30 秒后重试...
2025-01-16 02:52:57,325 - 未找到预测 CSV 文件，等待 30 秒后重试...
2025-01-16 02:53:27,331 - 未找到预测 CSV 文件，等待 30 秒后重试...
2025-01-16 02:53:57,339 - 未找到预测 CSV 文件，等待 30 秒后重试...
2025-01-16 02:54:27,347 - 未找到预测 CSV 文件，等待 30 秒后重试...
2025-01-16 02:54:57,361 - 未找到预测 CSV 文件，等待 30 秒后重试...
2025-01-16 02:55:27,362 - 未找到预测 CSV 文件，等待 30 秒后重试...
2025-01-16 02:55:57,368 - 未找到预测 CSV 文件，等待 30 秒后重试...
2025-01-16 02:56:27,380 - 未找到预测 CSV 文件，等待 30 秒后重试...
2025-01-16 02:56:57,386 - 未找到预测 CSV 文件，等待 30 秒后重试...
2025-01-16 02:57:27,388 - 未找到预测 CSV 文件，等待 30 秒后重试...
2025-01-16 02:57:57,404 - 未找到预测 CSV 文件，等待 30 秒后重试...
2025-01-16 02:58:27,406 - 未找到预测 CSV 文件，等待 30 秒后重试...
2025-01-16 02:58:57,409 - 未找到预测 CSV 文件，等待 30 秒后重试...
2025-01-16 02:59:27,417 - 未找到预测 CSV 文件，等待 30 秒后重试...
2025-01-16 02:59:57,419 - 未找到预测 CSV 文件，等待 30 秒后重试...
2025-01-16 03:00:27,430 - 未找到预测 CSV 文件，等待 30 秒后重试...
2025-01-16 03:00:57,438 - 未找到预测 CSV 文件，等待 30 秒后重试...
2025-01-16 03:01:27,446 - 未找到预测 CSV 文件，等待 30 秒后重试...
2025-01-16 03:01:57,456 - 未找到预测 CSV 文件，等待 30 秒后重试...
2025-01-16 03:02:27,463 - 未找到预测 CSV 文件，等待 30 秒后重试...
2025-01-16 03:02:57,469 - 未找到预测 CSV 文件，等待 30 秒后重试...
2025-01-16 03:03:27,473 - 未找到预测 CSV 文件，等待 30 秒后重试...
2025-01-16 03:03:57,480 - 未找到预测 CSV 文件，等待 30 秒后重试...
2025-01-16 03:04:27,488 - 未找到预测 CSV 文件，等待 30 秒后重试...
2025-01-16 03:04:57,500 - 未找到预测 CSV 文件，等待 30 秒后重试...
2025-01-16 03:05:27,512 - 未找到预测 CSV 文件，等待 30 秒后重试...
2025-01-16 03:05:57,522 - 未找到预测 CSV 文件，等待 30 秒后重试...
2025-01-16 03:06:27,526 - 未找到预测 CSV 文件，等待 30 秒后重试...
2025-01-16 03:06:57,538 - 未找到预测 CSV 文件，等待 30 秒后重试...
2025-01-16 03:07:27,549 - 未找到预测 CSV 文件，等待 30 秒后重试...
2025-01-16 03:07:57,566 - 未找到预测 CSV 文件，等待 30 秒后重试...
2025-01-16 03:08:27,576 - 未找到预测 CSV 文件，等待 30 秒后重试...
2025-01-16 03:08:57,578 - 未找到预测 CSV 文件，等待 30 秒后重试...
2025-01-16 03:09:27,579 - 未找到预测 CSV 文件，等待 30 秒后重试...
2025-01-16 03:09:57,592 - 未找到预测 CSV 文件，等待 30 秒后重试...
2025-01-16 03:10:27,608 - 未找到预测 CSV 文件，等待 30 秒后重试...
2025-01-16 03:10:57,620 - 未找到预测 CSV 文件，等待 30 秒后重试...
2025-01-16 03:11:27,621 - 未找到预测 CSV 文件，等待 30 秒后重试...
2025-01-16 03:11:57,636 - 未找到预测 CSV 文件，等待 30 秒后重试...
2025-01-16 03:12:27,646 - 未找到预测 CSV 文件，等待 30 秒后重试...
2025-01-16 03:12:57,658 - 未找到预测 CSV 文件，等待 30 秒后重试...
2025-01-16 03:13:27,661 - 未找到预测 CSV 文件，等待 30 秒后重试...
2025-01-16 03:13:57,669 - 未找到预测 CSV 文件，等待 30 秒后重试...
2025-01-16 03:14:27,674 - 未找到预测 CSV 文件，等待 30 秒后重试...
2025-01-16 03:14:57,685 - 未找到预测 CSV 文件，等待 30 秒后重试...
2025-01-16 03:15:27,695 - 未找到预测 CSV 文件，等待 30 秒后重试...
2025-01-16 03:15:57,698 - 未找到预测 CSV 文件，等待 30 秒后重试...
2025-01-16 03:16:27,714 - 未找到预测 CSV 文件，等待 30 秒后重试...
2025-01-16 03:16:57,724 - 未找到预测 CSV 文件，等待 30 秒后重试...
2025-01-16 03:17:27,732 - 未找到预测 CSV 文件，等待 30 秒后重试...
2025-01-16 03:17:57,742 - 未找到预测 CSV 文件，等待 30 秒后重试...
2025-01-16 03:18:27,749 - 未找到预测 CSV 文件，等待 30 秒后重试...
2025-01-16 03:18:57,763 - 未找到预测 CSV 文件，等待 30 秒后重试...
2025-01-16 03:19:27,778 - 未找到预测 CSV 文件，等待 30 秒后重试...
2025-01-16 03:19:57,787 - 未找到预测 CSV 文件，等待 30 秒后重试...
2025-01-16 03:20:27,790 - 未找到预测 CSV 文件，等待 30 秒后重试...
2025-01-16 03:20:57,796 - 未找到预测 CSV 文件，等待 30 秒后重试...
2025-01-16 03:21:27,799 - 未找到预测 CSV 文件，等待 30 秒后重试...
2025-01-16 03:21:57,812 - 未找到预测 CSV 文件，等待 30 秒后重试...
2025-01-16 03:22:27,824 - 未找到预测 CSV 文件，等待 30 秒后重试...
2025-01-16 03:22:57,841 - 未找到预测 CSV 文件，等待 30 秒后重试...
2025-01-16 03:23:27,855 - 未找到预测 CSV 文件，等待 30 秒后重试...
2025-01-16 03:23:57,866 - 未找到预测 CSV 文件，等待 30 秒后重试...
2025-01-16 03:24:27,868 - 未找到预测 CSV 文件，等待 30 秒后重试...
2025-01-16 03:24:57,875 - 未找到预测 CSV 文件，等待 30 秒后重试...
2025-01-16 03:25:27,881 - 未找到预测 CSV 文件，等待 30 秒后重试...
2025-01-16 03:25:57,886 - 未找到预测 CSV 文件，等待 30 秒后重试...
2025-01-16 03:26:27,897 - 未找到预测 CSV 文件，等待 30 秒后重试...
2025-01-16 03:26:57,899 - 未找到预测 CSV 文件，等待 30 秒后重试...
2025-01-16 03:27:27,905 - 未找到预测 CSV 文件，等待 30 秒后重试...
2025-01-16 03:27:57,910 - 未找到预测 CSV 文件，等待 30 秒后重试...
2025-01-16 03:28:27,919 - 未找到预测 CSV 文件，等待 30 秒后重试...
2025-01-16 03:28:57,925 - 未找到预测 CSV 文件，等待 30 秒后重试...
2025-01-16 03:29:27,938 - 未找到预测 CSV 文件，等待 30 秒后重试...
2025-01-16 03:29:57,942 - 未找到预测 CSV 文件，等待 30 秒后重试...
2025-01-16 03:30:27,957 - 未找到预测 CSV 文件，等待 30 秒后重试...
2025-01-16 03:30:57,965 - 未找到预测 CSV 文件，等待 30 秒后重试...
2025-01-16 03:31:27,972 - 未找到预测 CSV 文件，等待 30 秒后重试...
2025-01-16 03:31:57,973 - 未找到预测 CSV 文件，等待 30 秒后重试...
2025-01-16 03:32:27,980 - 未找到预测 CSV 文件，等待 30 秒后重试...
2025-01-16 03:32:57,995 - 未找到预测 CSV 文件，等待 30 秒后重试...
2025-01-16 03:33:28,009 - 未找到预测 CSV 文件，等待 30 秒后重试...
2025-01-16 03:33:58,015 - 未找到预测 CSV 文件，等待 30 秒后重试...
2025-01-16 03:34:28,029 - 未找到预测 CSV 文件，等待 30 秒后重试...
2025-01-16 03:34:58,037 - 未找到预测 CSV 文件，等待 30 秒后重试...
2025-01-16 03:35:28,049 - 未找到预测 CSV 文件，等待 30 秒后重试...
2025-01-16 03:35:58,065 - 未找到预测 CSV 文件，等待 30 秒后重试...
2025-01-16 03:36:28,068 - 未找到预测 CSV 文件，等待 30 秒后重试...
2025-01-16 03:36:58,081 - 未找到预测 CSV 文件，等待 30 秒后重试...
2025-01-16 03:37:28,091 - 未找到预测 CSV 文件，等待 30 秒后重试...
2025-01-16 03:37:58,102 - 未找到预测 CSV 文件，等待 30 秒后重试...
2025-01-16 03:38:28,117 - 未找到预测 CSV 文件，等待 30 秒后重试...
2025-01-16 03:38:58,124 - 未找到预测 CSV 文件，等待 30 秒后重试...
2025-01-16 03:39:28,128 - 未找到预测 CSV 文件，等待 30 秒后重试...
2025-01-16 03:39:58,141 - 未找到预测 CSV 文件，等待 30 秒后重试...
2025-01-16 03:40:28,146 - 未找到预测 CSV 文件，等待 30 秒后重试...
2025-01-16 03:40:58,161 - 未找到预测 CSV 文件，等待 30 秒后重试...
2025-01-16 03:41:28,172 - 未找到预测 CSV 文件，等待 30 秒后重试...
2025-01-16 03:41:58,176 - 未找到预测 CSV 文件，等待 30 秒后重试...
2025-01-16 03:42:28,184 - 未找到预测 CSV 文件，等待 30 秒后重试...
2025-01-16 03:42:58,191 - 未找到预测 CSV 文件，等待 30 秒后重试...
2025-01-16 03:43:28,207 - 未找到预测 CSV 文件，等待 30 秒后重试...
2025-01-16 03:43:58,223 - 未找到预测 CSV 文件，等待 30 秒后重试...
2025-01-16 03:44:28,224 - 未找到预测 CSV 文件，等待 30 秒后重试...
2025-01-16 03:44:58,238 - 未找到预测 CSV 文件，等待 30 秒后重试...
2025-01-16 03:45:28,250 - 未找到预测 CSV 文件，等待 30 秒后重试...
2025-01-16 03:45:58,264 - 未找到预测 CSV 文件，等待 30 秒后重试...
2025-01-16 03:46:28,276 - 未找到预测 CSV 文件，等待 30 秒后重试...
2025-01-16 03:46:58,290 - 未找到预测 CSV 文件，等待 30 秒后重试...
2025-01-16 03:47:28,292 - 未找到预测 CSV 文件，等待 30 秒后重试...
2025-01-16 03:47:58,309 - 未找到预测 CSV 文件，等待 30 秒后重试...
2025-01-16 03:48:29,705 - 未找到预测 CSV 文件，等待 30 秒后重试...
2025-01-16 03:48:59,719 - 未找到预测 CSV 文件，等待 30 秒后重试...
2025-01-16 03:49:29,723 - 未找到预测 CSV 文件，等待 30 秒后重试...
2025-01-16 03:49:59,734 - 未找到预测 CSV 文件，等待 30 秒后重试...
2025-01-16 03:50:29,745 - 未找到预测 CSV 文件，等待 30 秒后重试...
2025-01-16 03:50:59,760 - 未找到预测 CSV 文件，等待 30 秒后重试...
2025-01-16 03:51:29,773 - 未找到预测 CSV 文件，等待 30 秒后重试...
2025-01-16 03:51:59,777 - 未找到预测 CSV 文件，等待 30 秒后重试...
2025-01-16 03:52:29,785 - 未找到预测 CSV 文件，等待 30 秒后重试...
2025-01-16 03:52:59,800 - 未找到预测 CSV 文件，等待 30 秒后重试...
2025-01-16 03:53:29,810 - 未找到预测 CSV 文件，等待 30 秒后重试...
2025-01-16 03:53:59,826 - 未找到预测 CSV 文件，等待 30 秒后重试...
2025-01-16 03:54:29,833 - 未找到预测 CSV 文件，等待 30 秒后重试...
2025-01-16 03:54:59,849 - 未找到预测 CSV 文件，等待 30 秒后重试...
2025-01-16 03:55:29,856 - 未找到预测 CSV 文件，等待 30 秒后重试...
2025-01-16 03:55:59,871 - 未找到预测 CSV 文件，等待 30 秒后重试...
2025-01-16 03:56:29,875 - 未找到预测 CSV 文件，等待 30 秒后重试...
2025-01-16 03:56:59,891 - 未找到预测 CSV 文件，等待 30 秒后重试...
2025-01-16 03:57:29,898 - 未找到预测 CSV 文件，等待 30 秒后重试...
2025-01-16 03:57:59,911 - 未找到预测 CSV 文件，等待 30 秒后重试...
2025-01-16 03:58:29,923 - 未找到预测 CSV 文件，等待 30 秒后重试...
2025-01-16 03:58:59,939 - 未找到预测 CSV 文件，等待 30 秒后重试...
2025-01-16 03:59:29,953 - 未找到预测 CSV 文件，等待 30 秒后重试...
2025-01-16 03:59:59,958 - 未找到预测 CSV 文件，等待 30 秒后重试...
2025-01-16 04:00:29,973 - 未找到预测 CSV 文件，等待 30 秒后重试...
2025-01-16 04:00:59,980 - 未找到预测 CSV 文件，等待 30 秒后重试...
2025-01-16 04:01:29,994 - 未找到预测 CSV 文件，等待 30 秒后重试...
2025-01-16 04:02:00,011 - 未找到预测 CSV 文件，等待 30 秒后重试...
2025-01-16 04:02:30,016 - 未找到预测 CSV 文件，等待 30 秒后重试...
2025-01-16 04:03:00,025 - 未找到预测 CSV 文件，等待 30 秒后重试...
2025-01-16 04:03:30,032 - 未找到预测 CSV 文件，等待 30 秒后重试...
2025-01-16 04:04:00,042 - 未找到预测 CSV 文件，等待 30 秒后重试...
2025-01-16 04:04:30,045 - 未找到预测 CSV 文件，等待 30 秒后重试...
2025-01-16 04:05:00,054 - 未找到预测 CSV 文件，等待 30 秒后重试...
2025-01-16 04:05:30,063 - 未找到预测 CSV 文件，等待 30 秒后重试...
2025-01-16 04:06:00,075 - 未找到预测 CSV 文件，等待 30 秒后重试...
2025-01-16 04:06:30,091 - 未找到预测 CSV 文件，等待 30 秒后重试...
2025-01-16 04:07:00,097 - 未找到预测 CSV 文件，等待 30 秒后重试...
2025-01-16 04:07:30,108 - 未找到预测 CSV 文件，等待 30 秒后重试...
2025-01-16 04:08:00,122 - 未找到预测 CSV 文件，等待 30 秒后重试...
2025-01-16 04:08:30,139 - 未找到预测 CSV 文件，等待 30 秒后重试...
2025-01-16 04:09:00,152 - 未找到预测 CSV 文件，等待 30 秒后重试...
2025-01-16 04:09:30,165 - 未找到预测 CSV 文件，等待 30 秒后重试...
2025-01-16 04:10:00,178 - 未找到预测 CSV 文件，等待 30 秒后重试...
2025-01-16 04:10:30,185 - 未找到预测 CSV 文件，等待 30 秒后重试...
2025-01-16 04:11:00,194 - 未找到预测 CSV 文件，等待 30 秒后重试...
2025-01-16 04:11:30,196 - 未找到预测 CSV 文件，等待 30 秒后重试...
2025-01-16 04:12:00,210 - 未找到预测 CSV 文件，等待 30 秒后重试...
2025-01-16 04:12:30,220 - 未找到预测 CSV 文件，等待 30 秒后重试...
2025-01-16 04:13:00,227 - 未找到预测 CSV 文件，等待 30 秒后重试...
2025-01-16 04:13:30,237 - 未找到预测 CSV 文件，等待 30 秒后重试...
2025-01-16 04:14:00,243 - 未找到预测 CSV 文件，等待 30 秒后重试...
2025-01-16 04:14:30,257 - 未找到预测 CSV 文件，等待 30 秒后重试...
2025-01-16 04:15:00,261 - 未找到预测 CSV 文件，等待 30 秒后重试...
2025-01-16 04:15:30,268 - 未找到预测 CSV 文件，等待 30 秒后重试...
2025-01-16 04:16:00,273 - 未找到预测 CSV 文件，等待 30 秒后重试...
2025-01-16 04:16:30,277 - 未找到预测 CSV 文件，等待 30 秒后重试...
2025-01-16 04:17:00,279 - 未找到预测 CSV 文件，等待 30 秒后重试...
2025-01-16 04:17:30,293 - 未找到预测 CSV 文件，等待 30 秒后重试...
2025-01-16 04:18:00,300 - 未找到预测 CSV 文件，等待 30 秒后重试...
2025-01-16 04:18:30,310 - 未找到预测 CSV 文件，等待 30 秒后重试...
2025-01-16 04:19:00,320 - 未找到预测 CSV 文件，等待 30 秒后重试...
2025-01-16 04:19:30,329 - 未找到预测 CSV 文件，等待 30 秒后重试...
2025-01-16 04:20:00,343 - 未找到预测 CSV 文件，等待 30 秒后重试...
2025-01-16 04:20:30,353 - 未找到预测 CSV 文件，等待 30 秒后重试...
2025-01-16 04:21:00,354 - 未找到预测 CSV 文件，等待 30 秒后重试...
2025-01-16 04:21:30,366 - 未找到预测 CSV 文件，等待 30 秒后重试...
2025-01-16 04:22:00,379 - 未找到预测 CSV 文件，等待 30 秒后重试...
2025-01-16 04:22:30,385 - 未找到预测 CSV 文件，等待 30 秒后重试...
2025-01-16 04:23:00,401 - 未找到预测 CSV 文件，等待 30 秒后重试...
2025-01-16 04:23:30,414 - 未找到预测 CSV 文件，等待 30 秒后重试...
2025-01-16 04:24:00,418 - 未找到预测 CSV 文件，等待 30 秒后重试...
2025-01-16 04:24:30,432 - 未找到预测 CSV 文件，等待 30 秒后重试...
2025-01-16 04:25:00,441 - 未找到预测 CSV 文件，等待 30 秒后重试...
2025-01-16 04:25:30,455 - 未找到预测 CSV 文件，等待 30 秒后重试...
2025-01-16 04:26:00,468 - 未找到预测 CSV 文件，等待 30 秒后重试...
2025-01-16 04:26:30,475 - 未找到预测 CSV 文件，等待 30 秒后重试...
2025-01-16 04:27:00,485 - 未找到预测 CSV 文件，等待 30 秒后重试...
2025-01-16 04:27:30,497 - 未找到预测 CSV 文件，等待 30 秒后重试...
2025-01-16 04:28:00,511 - 未找到预测 CSV 文件，等待 30 秒后重试...
2025-01-16 04:28:30,522 - 未找到预测 CSV 文件，等待 30 秒后重试...
2025-01-16 04:29:00,528 - 未找到预测 CSV 文件，等待 30 秒后重试...
2025-01-16 04:29:30,531 - 未找到预测 CSV 文件，等待 30 秒后重试...
2025-01-16 04:30:00,546 - 未找到预测 CSV 文件，等待 30 秒后重试...
2025-01-16 04:30:30,553 - 未找到预测 CSV 文件，等待 30 秒后重试...
2025-01-16 04:31:00,562 - 未找到预测 CSV 文件，等待 30 秒后重试...
2025-01-16 04:31:30,567 - 未找到预测 CSV 文件，等待 30 秒后重试...
2025-01-16 04:32:00,581 - 未找到预测 CSV 文件，等待 30 秒后重试...
2025-01-16 04:32:30,598 - 未找到预测 CSV 文件，等待 30 秒后重试...
2025-01-16 04:33:00,608 - 未找到预测 CSV 文件，等待 30 秒后重试...
2025-01-16 04:33:30,622 - 未找到预测 CSV 文件，等待 30 秒后重试...
2025-01-16 04:34:00,633 - 未找到预测 CSV 文件，等待 30 秒后重试...
2025-01-16 04:34:30,646 - 未找到预测 CSV 文件，等待 30 秒后重试...
2025-01-16 04:35:00,658 - 未找到预测 CSV 文件，等待 30 秒后重试...
2025-01-16 04:35:30,664 - 未找到预测 CSV 文件，等待 30 秒后重试...
2025-01-16 04:36:00,669 - 未找到预测 CSV 文件，等待 30 秒后重试...
2025-01-16 04:36:30,676 - 未找到预测 CSV 文件，等待 30 秒后重试...
2025-01-16 04:37:00,679 - 未找到预测 CSV 文件，等待 30 秒后重试...
2025-01-16 04:37:30,690 - 未找到预测 CSV 文件，等待 30 秒后重试...
2025-01-16 04:38:00,702 - 未找到预测 CSV 文件，等待 30 秒后重试...
2025-01-16 04:38:30,713 - 未找到预测 CSV 文件，等待 30 秒后重试...
2025-01-16 04:39:00,725 - 未找到预测 CSV 文件，等待 30 秒后重试...
2025-01-16 04:39:30,735 - 未找到预测 CSV 文件，等待 30 秒后重试...
2025-01-16 04:40:00,744 - 未找到预测 CSV 文件，等待 30 秒后重试...
2025-01-16 04:40:30,754 - 未找到预测 CSV 文件，等待 30 秒后重试...
2025-01-16 04:41:00,766 - 未找到预测 CSV 文件，等待 30 秒后重试...
2025-01-16 04:41:30,774 - 未找到预测 CSV 文件，等待 30 秒后重试...
2025-01-16 04:42:00,779 - 未找到预测 CSV 文件，等待 30 秒后重试...
2025-01-16 04:42:30,787 - 未找到预测 CSV 文件，等待 30 秒后重试...
2025-01-16 04:43:00,798 - 未找到预测 CSV 文件，等待 30 秒后重试...
2025-01-16 04:43:30,813 - 未找到预测 CSV 文件，等待 30 秒后重试...
2025-01-16 04:44:00,818 - 未找到预测 CSV 文件，等待 30 秒后重试...
2025-01-16 04:44:30,822 - 未找到预测 CSV 文件，等待 30 秒后重试...
2025-01-16 04:45:00,836 - 未找到预测 CSV 文件，等待 30 秒后重试...
2025-01-16 04:45:30,840 - 未找到预测 CSV 文件，等待 30 秒后重试...
2025-01-16 04:46:00,848 - 未找到预测 CSV 文件，等待 30 秒后重试...
2025-01-16 04:46:30,855 - 未找到预测 CSV 文件，等待 30 秒后重试...
2025-01-16 04:47:00,857 - 未找到预测 CSV 文件，等待 30 秒后重试...
2025-01-16 04:47:30,860 - 未找到预测 CSV 文件，等待 30 秒后重试...
2025-01-16 04:48:00,877 - 未找到预测 CSV 文件，等待 30 秒后重试...
2025-01-16 04:48:30,883 - 未找到预测 CSV 文件，等待 30 秒后重试...
2025-01-16 04:49:00,895 - 未找到预测 CSV 文件，等待 30 秒后重试...
2025-01-16 04:49:30,908 - 未找到预测 CSV 文件，等待 30 秒后重试...
2025-01-16 04:50:00,912 - 未找到预测 CSV 文件，等待 30 秒后重试...
2025-01-16 04:50:30,925 - 未找到预测 CSV 文件，等待 30 秒后重试...
2025-01-16 04:51:00,941 - 未找到预测 CSV 文件，等待 30 秒后重试...
2025-01-16 04:51:30,955 - 未找到预测 CSV 文件，等待 30 秒后重试...
2025-01-16 04:52:00,957 - 未找到预测 CSV 文件，等待 30 秒后重试...
2025-01-16 04:52:30,959 - 未找到预测 CSV 文件，等待 30 秒后重试...
2025-01-16 04:53:00,973 - 未找到预测 CSV 文件，等待 30 秒后重试...
2025-01-16 04:53:30,979 - 未找到预测 CSV 文件，等待 30 秒后重试...
2025-01-16 04:54:00,993 - 未找到预测 CSV 文件，等待 30 秒后重试...
2025-01-16 04:54:30,994 - 未找到预测 CSV 文件，等待 30 秒后重试...
2025-01-16 04:55:01,001 - 未找到预测 CSV 文件，等待 30 秒后重试...
2025-01-16 04:55:31,006 - 未找到预测 CSV 文件，等待 30 秒后重试...
2025-01-16 04:56:01,015 - 未找到预测 CSV 文件，等待 30 秒后重试...
2025-01-16 04:56:31,031 - 未找到预测 CSV 文件，等待 30 秒后重试...
2025-01-16 04:57:01,045 - 未找到预测 CSV 文件，等待 30 秒后重试...
2025-01-16 04:57:31,047 - 未找到预测 CSV 文件，等待 30 秒后重试...
2025-01-16 04:58:01,055 - 未找到预测 CSV 文件，等待 30 秒后重试...
2025-01-16 04:58:31,057 - 未找到预测 CSV 文件，等待 30 秒后重试...
2025-01-16 04:59:01,063 - 未找到预测 CSV 文件，等待 30 秒后重试...
2025-01-16 04:59:31,076 - 未找到预测 CSV 文件，等待 30 秒后重试...
2025-01-16 05:00:01,090 - 未找到预测 CSV 文件，等待 30 秒后重试...
2025-01-16 05:00:31,101 - 未找到预测 CSV 文件，等待 30 秒后重试...
2025-01-16 05:01:01,110 - 未找到预测 CSV 文件，等待 30 秒后重试...
2025-01-16 05:01:31,118 - 未找到预测 CSV 文件，等待 30 秒后重试...
2025-01-16 05:02:01,122 - 未找到预测 CSV 文件，等待 30 秒后重试...
2025-01-16 05:02:31,132 - 未找到预测 CSV 文件，等待 30 秒后重试...
2025-01-16 05:03:01,139 - 未找到预测 CSV 文件，等待 30 秒后重试...
2025-01-16 05:03:31,141 - 未找到预测 CSV 文件，等待 30 秒后重试...
2025-01-16 05:04:01,147 - 未找到预测 CSV 文件，等待 30 秒后重试...
2025-01-16 05:04:31,155 - 未找到预测 CSV 文件，等待 30 秒后重试...
2025-01-16 05:05:01,157 - 未找到预测 CSV 文件，等待 30 秒后重试...
2025-01-16 05:05:31,172 - 未找到预测 CSV 文件，等待 30 秒后重试...
2025-01-16 05:06:01,185 - 未找到预测 CSV 文件，等待 30 秒后重试...
2025-01-16 05:06:31,199 - 未找到预测 CSV 文件，等待 30 秒后重试...
2025-01-16 05:07:01,203 - 未找到预测 CSV 文件，等待 30 秒后重试...
2025-01-16 05:07:31,216 - 未找到预测 CSV 文件，等待 30 秒后重试...
2025-01-16 05:08:01,227 - 未找到预测 CSV 文件，等待 30 秒后重试...
2025-01-16 05:08:31,237 - 未找到预测 CSV 文件，等待 30 秒后重试...
2025-01-16 05:09:01,248 - 未找到预测 CSV 文件，等待 30 秒后重试...
2025-01-16 05:09:31,254 - 未找到预测 CSV 文件，等待 30 秒后重试...
2025-01-16 05:10:01,257 - 未找到预测 CSV 文件，等待 30 秒后重试...
2025-01-16 05:10:31,261 - 未找到预测 CSV 文件，等待 30 秒后重试...
2025-01-16 05:11:01,270 - 未找到预测 CSV 文件，等待 30 秒后重试...
2025-01-16 05:11:31,282 - 未找到预测 CSV 文件，等待 30 秒后重试...
2025-01-16 05:12:01,289 - 未找到预测 CSV 文件，等待 30 秒后重试...
2025-01-16 05:12:31,296 - 未找到预测 CSV 文件，等待 30 秒后重试...
2025-01-16 05:13:01,310 - 未找到预测 CSV 文件，等待 30 秒后重试...
2025-01-16 05:13:31,326 - 未找到预测 CSV 文件，等待 30 秒后重试...
2025-01-16 05:14:01,339 - 未找到预测 CSV 文件，等待 30 秒后重试...
2025-01-16 05:14:31,344 - 未找到预测 CSV 文件，等待 30 秒后重试...
2025-01-16 05:15:01,360 - 未找到预测 CSV 文件，等待 30 秒后重试...
2025-01-16 05:15:31,364 - 未找到预测 CSV 文件，等待 30 秒后重试...
2025-01-16 05:16:01,378 - 未找到预测 CSV 文件，等待 30 秒后重试...
2025-01-16 05:16:31,389 - 未找到预测 CSV 文件，等待 30 秒后重试...
2025-01-16 05:17:01,404 - 未找到预测 CSV 文件，等待 30 秒后重试...
2025-01-16 05:17:31,413 - 未找到预测 CSV 文件，等待 30 秒后重试...
2025-01-16 05:18:01,418 - 未找到预测 CSV 文件，等待 30 秒后重试...
2025-01-16 05:18:31,421 - 未找到预测 CSV 文件，等待 30 秒后重试...
2025-01-16 05:19:01,425 - 未找到预测 CSV 文件，等待 30 秒后重试...
2025-01-16 05:19:31,434 - 未找到预测 CSV 文件，等待 30 秒后重试...
2025-01-16 05:20:01,439 - 未找到预测 CSV 文件，等待 30 秒后重试...
2025-01-16 05:20:31,447 - 未找到预测 CSV 文件，等待 30 秒后重试...
2025-01-16 05:21:01,462 - 未找到预测 CSV 文件，等待 30 秒后重试...
2025-01-16 05:21:31,471 - 未找到预测 CSV 文件，等待 30 秒后重试...
2025-01-16 05:22:01,480 - 未找到预测 CSV 文件，等待 30 秒后重试...
2025-01-16 05:22:31,496 - 未找到预测 CSV 文件，等待 30 秒后重试...
2025-01-16 05:23:01,506 - 未找到预测 CSV 文件，等待 30 秒后重试...
2025-01-16 05:23:31,511 - 未找到预测 CSV 文件，等待 30 秒后重试...
2025-01-16 05:24:01,523 - 未找到预测 CSV 文件，等待 30 秒后重试...
2025-01-16 05:24:31,531 - 未找到预测 CSV 文件，等待 30 秒后重试...
2025-01-16 05:25:01,537 - 未找到预测 CSV 文件，等待 30 秒后重试...
2025-01-16 05:25:31,543 - 未找到预测 CSV 文件，等待 30 秒后重试...
2025-01-16 05:26:01,550 - 未找到预测 CSV 文件，等待 30 秒后重试...
2025-01-16 05:26:31,566 - 未找到预测 CSV 文件，等待 30 秒后重试...
2025-01-16 05:27:01,581 - 未找到预测 CSV 文件，等待 30 秒后重试...
2025-01-16 05:27:31,592 - 未找到预测 CSV 文件，等待 30 秒后重试...
2025-01-16 05:28:01,596 - 未找到预测 CSV 文件，等待 30 秒后重试...
2025-01-16 05:28:31,612 - 未找到预测 CSV 文件，等待 30 秒后重试...
2025-01-16 05:29:01,616 - 未找到预测 CSV 文件，等待 30 秒后重试...
2025-01-16 05:29:31,629 - 未找到预测 CSV 文件，等待 30 秒后重试...
2025-01-16 05:30:01,634 - 未找到预测 CSV 文件，等待 30 秒后重试...
2025-01-16 05:30:31,648 - 未找到预测 CSV 文件，等待 30 秒后重试...
2025-01-16 05:31:01,656 - 未找到预测 CSV 文件，等待 30 秒后重试...
2025-01-16 05:31:31,665 - 未找到预测 CSV 文件，等待 30 秒后重试...
2025-01-16 05:32:01,679 - 未找到预测 CSV 文件，等待 30 秒后重试...
2025-01-16 05:32:31,695 - 未找到预测 CSV 文件，等待 30 秒后重试...
2025-01-16 05:33:01,706 - 未找到预测 CSV 文件，等待 30 秒后重试...
2025-01-16 05:33:31,722 - 未找到预测 CSV 文件，等待 30 秒后重试...
2025-01-16 05:34:01,733 - 未找到预测 CSV 文件，等待 30 秒后重试...
2025-01-16 05:34:31,739 - 未找到预测 CSV 文件，等待 30 秒后重试...
2025-01-16 05:35:01,740 - 未找到预测 CSV 文件，等待 30 秒后重试...
2025-01-16 05:35:31,747 - 未找到预测 CSV 文件，等待 30 秒后重试...
2025-01-16 05:36:01,756 - 未找到预测 CSV 文件，等待 30 秒后重试...
2025-01-16 05:36:31,771 - 未找到预测 CSV 文件，等待 30 秒后重试...
2025-01-16 05:37:01,775 - 未找到预测 CSV 文件，等待 30 秒后重试...
2025-01-16 05:37:31,783 - 未找到预测 CSV 文件，等待 30 秒后重试...
2025-01-16 05:38:01,795 - 未找到预测 CSV 文件，等待 30 秒后重试...
2025-01-16 05:38:31,809 - 未找到预测 CSV 文件，等待 30 秒后重试...
2025-01-16 05:39:01,811 - 未找到预测 CSV 文件，等待 30 秒后重试...
2025-01-16 05:39:31,815 - 未找到预测 CSV 文件，等待 30 秒后重试...
2025-01-16 05:40:01,829 - 未找到预测 CSV 文件，等待 30 秒后重试...
2025-01-16 05:40:31,846 - 未找到预测 CSV 文件，等待 30 秒后重试...
2025-01-16 05:41:01,857 - 未找到预测 CSV 文件，等待 30 秒后重试...
2025-01-16 05:41:31,866 - 未找到预测 CSV 文件，等待 30 秒后重试...
2025-01-16 05:42:01,869 - 未找到预测 CSV 文件，等待 30 秒后重试...
2025-01-16 05:42:31,872 - 未找到预测 CSV 文件，等待 30 秒后重试...
2025-01-16 05:43:01,880 - 未找到预测 CSV 文件，等待 30 秒后重试...
2025-01-16 05:43:31,888 - 未找到预测 CSV 文件，等待 30 秒后重试...
2025-01-16 05:44:01,905 - 未找到预测 CSV 文件，等待 30 秒后重试...
2025-01-16 05:44:31,921 - 未找到预测 CSV 文件，等待 30 秒后重试...
2025-01-16 05:45:01,936 - 未找到预测 CSV 文件，等待 30 秒后重试...
2025-01-16 05:45:31,939 - 未找到预测 CSV 文件，等待 30 秒后重试...
2025-01-16 05:46:01,940 - 未找到预测 CSV 文件，等待 30 秒后重试...
2025-01-16 05:46:31,948 - 未找到预测 CSV 文件，等待 30 秒后重试...
2025-01-16 05:47:01,951 - 未找到预测 CSV 文件，等待 30 秒后重试...
2025-01-16 05:47:31,964 - 未找到预测 CSV 文件，等待 30 秒后重试...
2025-01-16 05:48:01,974 - 未找到预测 CSV 文件，等待 30 秒后重试...
2025-01-16 05:48:31,982 - 未找到预测 CSV 文件，等待 30 秒后重试...
2025-01-16 05:49:01,985 - 未找到预测 CSV 文件，等待 30 秒后重试...
2025-01-16 05:49:31,998 - 未找到预测 CSV 文件，等待 30 秒后重试...
2025-01-16 05:50:02,007 - 未找到预测 CSV 文件，等待 30 秒后重试...
2025-01-16 05:50:32,022 - 未找到预测 CSV 文件，等待 30 秒后重试...
2025-01-16 05:51:02,025 - 未找到预测 CSV 文件，等待 30 秒后重试...
2025-01-16 05:51:32,027 - 未找到预测 CSV 文件，等待 30 秒后重试...
2025-01-16 05:52:02,032 - 未找到预测 CSV 文件，等待 30 秒后重试...
2025-01-16 05:52:32,035 - 未找到预测 CSV 文件，等待 30 秒后重试...
2025-01-16 05:53:02,049 - 未找到预测 CSV 文件，等待 30 秒后重试...
2025-01-16 05:53:32,054 - 未找到预测 CSV 文件，等待 30 秒后重试...
2025-01-16 05:54:02,056 - 未找到预测 CSV 文件，等待 30 秒后重试...
2025-01-16 05:54:32,057 - 未找到预测 CSV 文件，等待 30 秒后重试...
2025-01-16 05:55:02,071 - 未找到预测 CSV 文件，等待 30 秒后重试...
2025-01-16 05:55:32,075 - 未找到预测 CSV 文件，等待 30 秒后重试...
2025-01-16 05:56:02,080 - 未找到预测 CSV 文件，等待 30 秒后重试...
2025-01-16 05:56:32,081 - 未找到预测 CSV 文件，等待 30 秒后重试...
2025-01-16 05:57:02,091 - 未找到预测 CSV 文件，等待 30 秒后重试...
2025-01-16 05:57:32,095 - 未找到预测 CSV 文件，等待 30 秒后重试...
2025-01-16 05:58:02,104 - 未找到预测 CSV 文件，等待 30 秒后重试...
2025-01-16 05:58:32,108 - 未找到预测 CSV 文件，等待 30 秒后重试...
2025-01-16 05:59:02,109 - 未找到预测 CSV 文件，等待 30 秒后重试...
2025-01-16 05:59:32,118 - 未找到预测 CSV 文件，等待 30 秒后重试...
2025-01-16 06:00:02,121 - 未找到预测 CSV 文件，等待 30 秒后重试...
2025-01-16 06:00:32,130 - 未找到预测 CSV 文件，等待 30 秒后重试...
2025-01-16 06:01:02,136 - 未找到预测 CSV 文件，等待 30 秒后重试...
2025-01-16 06:01:32,151 - 未找到预测 CSV 文件，等待 30 秒后重试...
2025-01-16 06:02:02,155 - 未找到预测 CSV 文件，等待 30 秒后重试...
2025-01-16 06:02:32,168 - 未找到预测 CSV 文件，等待 30 秒后重试...
2025-01-16 06:03:02,182 - 未找到预测 CSV 文件，等待 30 秒后重试...
2025-01-16 06:03:32,188 - 未找到预测 CSV 文件，等待 30 秒后重试...
2025-01-16 06:04:02,196 - 未找到预测 CSV 文件，等待 30 秒后重试...
2025-01-16 06:04:32,203 - 未找到预测 CSV 文件，等待 30 秒后重试...
2025-01-16 06:05:02,216 - 未找到预测 CSV 文件，等待 30 秒后重试...
2025-01-16 06:05:32,217 - 未找到预测 CSV 文件，等待 30 秒后重试...
2025-01-16 06:06:02,227 - 未找到预测 CSV 文件，等待 30 秒后重试...
2025-01-16 06:06:32,237 - 未找到预测 CSV 文件，等待 30 秒后重试...
2025-01-16 06:07:02,244 - 未找到预测 CSV 文件，等待 30 秒后重试...
2025-01-16 06:07:32,247 - 未找到预测 CSV 文件，等待 30 秒后重试...
2025-01-16 06:08:02,262 - 未找到预测 CSV 文件，等待 30 秒后重试...
2025-01-16 06:08:32,265 - 未找到预测 CSV 文件，等待 30 秒后重试...
2025-01-16 06:09:02,270 - 未找到预测 CSV 文件，等待 30 秒后重试...
2025-01-16 06:09:32,279 - 未找到预测 CSV 文件，等待 30 秒后重试...
2025-01-16 06:10:02,292 - 未找到预测 CSV 文件，等待 30 秒后重试...
2025-01-16 06:10:32,298 - 未找到预测 CSV 文件，等待 30 秒后重试...
2025-01-16 06:11:02,310 - 未找到预测 CSV 文件，等待 30 秒后重试...
2025-01-16 06:11:32,319 - 未找到预测 CSV 文件，等待 30 秒后重试...
2025-01-16 06:12:02,334 - 未找到预测 CSV 文件，等待 30 秒后重试...
2025-01-16 06:12:32,350 - 未找到预测 CSV 文件，等待 30 秒后重试...
2025-01-16 06:13:02,353 - 未找到预测 CSV 文件，等待 30 秒后重试...
2025-01-16 06:13:32,366 - 未找到预测 CSV 文件，等待 30 秒后重试...
2025-01-16 06:14:02,373 - 未找到预测 CSV 文件，等待 30 秒后重试...
2025-01-16 06:14:32,378 - 未找到预测 CSV 文件，等待 30 秒后重试...
2025-01-16 06:15:02,393 - 未找到预测 CSV 文件，等待 30 秒后重试...
2025-01-16 06:15:32,408 - 未找到预测 CSV 文件，等待 30 秒后重试...
2025-01-16 06:16:02,414 - 未找到预测 CSV 文件，等待 30 秒后重试...
2025-01-16 06:16:32,422 - 未找到预测 CSV 文件，等待 30 秒后重试...
2025-01-16 06:17:02,433 - 未找到预测 CSV 文件，等待 30 秒后重试...
2025-01-16 06:17:32,449 - 未找到预测 CSV 文件，等待 30 秒后重试...
2025-01-16 06:18:02,456 - 未找到预测 CSV 文件，等待 30 秒后重试...
2025-01-16 06:18:32,460 - 未找到预测 CSV 文件，等待 30 秒后重试...
2025-01-16 06:19:02,467 - 未找到预测 CSV 文件，等待 30 秒后重试...
2025-01-16 06:19:32,483 - 未找到预测 CSV 文件，等待 30 秒后重试...
2025-01-16 06:20:02,498 - 未找到预测 CSV 文件，等待 30 秒后重试...
2025-01-16 06:20:32,507 - 未找到预测 CSV 文件，等待 30 秒后重试...
2025-01-16 06:21:02,513 - 未找到预测 CSV 文件，等待 30 秒后重试...
2025-01-16 06:21:32,525 - 未找到预测 CSV 文件，等待 30 秒后重试...
2025-01-16 06:22:02,533 - 未找到预测 CSV 文件，等待 30 秒后重试...
2025-01-16 06:22:32,536 - 未找到预测 CSV 文件，等待 30 秒后重试...
2025-01-16 06:23:02,538 - 未找到预测 CSV 文件，等待 30 秒后重试...
2025-01-16 06:23:32,546 - 未找到预测 CSV 文件，等待 30 秒后重试...
2025-01-16 06:24:02,553 - 未找到预测 CSV 文件，等待 30 秒后重试...
2025-01-16 06:24:32,555 - 未找到预测 CSV 文件，等待 30 秒后重试...
2025-01-16 06:25:02,569 - 未找到预测 CSV 文件，等待 30 秒后重试...
2025-01-16 06:25:32,573 - 未找到预测 CSV 文件，等待 30 秒后重试...
2025-01-16 06:26:02,588 - 未找到预测 CSV 文件，等待 30 秒后重试...
2025-01-16 06:26:32,594 - 未找到预测 CSV 文件，等待 30 秒后重试...
2025-01-16 06:27:02,603 - 未找到预测 CSV 文件，等待 30 秒后重试...
2025-01-16 06:27:32,608 - 未找到预测 CSV 文件，等待 30 秒后重试...
2025-01-16 06:28:02,613 - 未找到预测 CSV 文件，等待 30 秒后重试...
2025-01-16 06:28:32,621 - 未找到预测 CSV 文件，等待 30 秒后重试...
2025-01-16 06:29:02,634 - 未找到预测 CSV 文件，等待 30 秒后重试...
2025-01-16 06:29:32,642 - 未找到预测 CSV 文件，等待 30 秒后重试...
2025-01-16 06:30:02,659 - 未找到预测 CSV 文件，等待 30 秒后重试...
2025-01-16 06:30:32,667 - 未找到预测 CSV 文件，等待 30 秒后重试...
2025-01-16 06:31:02,678 - 未找到预测 CSV 文件，等待 30 秒后重试...
2025-01-16 06:31:32,694 - 未找到预测 CSV 文件，等待 30 秒后重试...
2025-01-16 06:32:02,711 - 未找到预测 CSV 文件，等待 30 秒后重试...
2025-01-16 06:32:32,713 - 未找到预测 CSV 文件，等待 30 秒后重试...
2025-01-16 06:33:02,721 - 未找到预测 CSV 文件，等待 30 秒后重试...
2025-01-16 06:33:32,728 - 未找到预测 CSV 文件，等待 30 秒后重试...
2025-01-16 06:34:02,742 - 未找到预测 CSV 文件，等待 30 秒后重试...
2025-01-16 06:34:32,755 - 未找到预测 CSV 文件，等待 30 秒后重试...
2025-01-16 06:35:02,771 - 未找到预测 CSV 文件，等待 30 秒后重试...
2025-01-16 06:35:32,780 - 未找到预测 CSV 文件，等待 30 秒后重试...
2025-01-16 06:36:02,790 - 未找到预测 CSV 文件，等待 30 秒后重试...
2025-01-16 06:36:32,804 - 未找到预测 CSV 文件，等待 30 秒后重试...
2025-01-16 06:37:02,807 - 未找到预测 CSV 文件，等待 30 秒后重试...
2025-01-16 06:37:32,822 - 未找到预测 CSV 文件，等待 30 秒后重试...
2025-01-16 06:38:02,834 - 未找到预测 CSV 文件，等待 30 秒后重试...
2025-01-16 06:38:32,838 - 未找到预测 CSV 文件，等待 30 秒后重试...
2025-01-16 06:39:02,840 - 未找到预测 CSV 文件，等待 30 秒后重试...
2025-01-16 06:39:32,849 - 未找到预测 CSV 文件，等待 30 秒后重试...
2025-01-16 06:40:02,857 - 未找到预测 CSV 文件，等待 30 秒后重试...
2025-01-16 06:40:32,867 - 未找到预测 CSV 文件，等待 30 秒后重试...
2025-01-16 06:41:02,880 - 未找到预测 CSV 文件，等待 30 秒后重试...
2025-01-16 06:41:32,897 - 未找到预测 CSV 文件，等待 30 秒后重试...
2025-01-16 06:42:02,903 - 未找到预测 CSV 文件，等待 30 秒后重试...
2025-01-16 06:42:32,919 - 未找到预测 CSV 文件，等待 30 秒后重试...
2025-01-16 06:43:02,930 - 未找到预测 CSV 文件，等待 30 秒后重试...
2025-01-16 06:43:32,940 - 未找到预测 CSV 文件，等待 30 秒后重试...
2025-01-16 06:44:02,954 - 未找到预测 CSV 文件，等待 30 秒后重试...
2025-01-16 06:44:32,965 - 未找到预测 CSV 文件，等待 30 秒后重试...
2025-01-16 06:45:02,978 - 未找到预测 CSV 文件，等待 30 秒后重试...
2025-01-16 06:45:32,987 - 未找到预测 CSV 文件，等待 30 秒后重试...
2025-01-16 06:46:02,993 - 未找到预测 CSV 文件，等待 30 秒后重试...
2025-01-16 06:46:32,995 - 未找到预测 CSV 文件，等待 30 秒后重试...
2025-01-16 06:47:03,003 - 未找到预测 CSV 文件，等待 30 秒后重试...
2025-01-16 06:47:33,019 - 未找到预测 CSV 文件，等待 30 秒后重试...
2025-01-16 06:48:03,023 - 未找到预测 CSV 文件，等待 30 秒后重试...
2025-01-16 06:48:33,033 - 未找到预测 CSV 文件，等待 30 秒后重试...
2025-01-16 06:49:03,048 - 未找到预测 CSV 文件，等待 30 秒后重试...
2025-01-16 06:49:33,061 - 未找到预测 CSV 文件，等待 30 秒后重试...
2025-01-16 06:50:03,067 - 未找到预测 CSV 文件，等待 30 秒后重试...
2025-01-16 06:50:33,079 - 未找到预测 CSV 文件，等待 30 秒后重试...
2025-01-16 06:51:03,095 - 未找到预测 CSV 文件，等待 30 秒后重试...
2025-01-16 06:51:33,104 - 未找到预测 CSV 文件，等待 30 秒后重试...
2025-01-16 06:52:03,115 - 未找到预测 CSV 文件，等待 30 秒后重试...
2025-01-16 06:52:33,119 - 未找到预测 CSV 文件，等待 30 秒后重试...
2025-01-16 06:53:03,126 - 未找到预测 CSV 文件，等待 30 秒后重试...
2025-01-16 06:53:33,133 - 未找到预测 CSV 文件，等待 30 秒后重试...
2025-01-16 06:54:03,149 - 未找到预测 CSV 文件，等待 30 秒后重试...
2025-01-16 06:54:33,150 - 未找到预测 CSV 文件，等待 30 秒后重试...
2025-01-16 06:55:03,162 - 未找到预测 CSV 文件，等待 30 秒后重试...
2025-01-16 06:55:33,176 - 未找到预测 CSV 文件，等待 30 秒后重试...
2025-01-16 06:56:03,189 - 未找到预测 CSV 文件，等待 30 秒后重试...
2025-01-16 06:56:33,202 - 未找到预测 CSV 文件，等待 30 秒后重试...
2025-01-16 06:57:03,218 - 未找到预测 CSV 文件，等待 30 秒后重试...
2025-01-16 06:57:33,224 - 未找到预测 CSV 文件，等待 30 秒后重试...
2025-01-16 06:58:03,227 - 未找到预测 CSV 文件，等待 30 秒后重试...
2025-01-16 06:58:33,232 - 未找到预测 CSV 文件，等待 30 秒后重试...
2025-01-16 06:59:03,234 - 未找到预测 CSV 文件，等待 30 秒后重试...
2025-01-16 06:59:33,251 - 未找到预测 CSV 文件，等待 30 秒后重试...
2025-01-16 07:00:03,257 - 未找到预测 CSV 文件，等待 30 秒后重试...
2025-01-16 07:00:33,266 - 未找到预测 CSV 文件，等待 30 秒后重试...
2025-01-16 07:01:03,279 - 未找到预测 CSV 文件，等待 30 秒后重试...
2025-01-16 07:01:33,295 - 未找到预测 CSV 文件，等待 30 秒后重试...
2025-01-16 07:02:03,301 - 未找到预测 CSV 文件，等待 30 秒后重试...
2025-01-16 07:02:33,303 - 未找到预测 CSV 文件，等待 30 秒后重试...
2025-01-16 07:03:03,317 - 未找到预测 CSV 文件，等待 30 秒后重试...
2025-01-16 07:03:33,319 - 未找到预测 CSV 文件，等待 30 秒后重试...
2025-01-16 07:04:03,334 - 未找到预测 CSV 文件，等待 30 秒后重试...
2025-01-16 07:04:33,335 - 未找到预测 CSV 文件，等待 30 秒后重试...
2025-01-16 07:05:03,339 - 未找到预测 CSV 文件，等待 30 秒后重试...
2025-01-16 07:05:33,350 - 未找到预测 CSV 文件，等待 30 秒后重试...
2025-01-16 07:06:03,355 - 未找到预测 CSV 文件，等待 30 秒后重试...
2025-01-16 07:06:33,364 - 未找到预测 CSV 文件，等待 30 秒后重试...
2025-01-16 07:07:03,375 - 未找到预测 CSV 文件，等待 30 秒后重试...
2025-01-16 07:07:33,385 - 未找到预测 CSV 文件，等待 30 秒后重试...
2025-01-16 07:08:03,390 - 未找到预测 CSV 文件，等待 30 秒后重试...
2025-01-16 07:08:33,392 - 未找到预测 CSV 文件，等待 30 秒后重试...
2025-01-16 07:09:03,401 - 未找到预测 CSV 文件，等待 30 秒后重试...
2025-01-16 07:09:33,415 - 未找到预测 CSV 文件，等待 30 秒后重试...
2025-01-16 07:10:03,419 - 未找到预测 CSV 文件，等待 30 秒后重试...
2025-01-16 07:10:33,429 - 未找到预测 CSV 文件，等待 30 秒后重试...
2025-01-16 07:11:03,433 - 未找到预测 CSV 文件，等待 30 秒后重试...
2025-01-16 07:11:33,442 - 未找到预测 CSV 文件，等待 30 秒后重试...
2025-01-16 07:12:03,456 - 未找到预测 CSV 文件，等待 30 秒后重试...
2025-01-16 07:12:33,467 - 未找到预测 CSV 文件，等待 30 秒后重试...
2025-01-16 07:13:03,480 - 未找到预测 CSV 文件，等待 30 秒后重试...
2025-01-16 07:13:33,497 - 未找到预测 CSV 文件，等待 30 秒后重试...
2025-01-16 07:14:03,510 - 未找到预测 CSV 文件，等待 30 秒后重试...
2025-01-16 07:14:33,519 - 未找到预测 CSV 文件，等待 30 秒后重试...
2025-01-16 07:15:03,526 - 未找到预测 CSV 文件，等待 30 秒后重试...
2025-01-16 07:15:33,538 - 未找到预测 CSV 文件，等待 30 秒后重试...
2025-01-16 07:16:03,547 - 未找到预测 CSV 文件，等待 30 秒后重试...
2025-01-16 07:16:33,559 - 未找到预测 CSV 文件，等待 30 秒后重试...
2025-01-16 07:17:03,572 - 未找到预测 CSV 文件，等待 30 秒后重试...
2025-01-16 07:17:33,579 - 未找到预测 CSV 文件，等待 30 秒后重试...
2025-01-16 07:18:03,588 - 未找到预测 CSV 文件，等待 30 秒后重试...
2025-01-16 07:18:33,591 - 未找到预测 CSV 文件，等待 30 秒后重试...
2025-01-16 07:19:03,602 - 未找到预测 CSV 文件，等待 30 秒后重试...
2025-01-16 07:19:33,605 - 未找到预测 CSV 文件，等待 30 秒后重试...
2025-01-16 07:20:03,620 - 未找到预测 CSV 文件，等待 30 秒后重试...
2025-01-16 07:20:33,623 - 未找到预测 CSV 文件，等待 30 秒后重试...
2025-01-16 07:21:03,624 - 未找到预测 CSV 文件，等待 30 秒后重试...
2025-01-16 07:21:33,628 - 未找到预测 CSV 文件，等待 30 秒后重试...
2025-01-16 07:22:03,630 - 未找到预测 CSV 文件，等待 30 秒后重试...
2025-01-16 07:22:33,638 - 未找到预测 CSV 文件，等待 30 秒后重试...
2025-01-16 07:23:03,647 - 未找到预测 CSV 文件，等待 30 秒后重试...
2025-01-16 07:23:33,653 - 未找到预测 CSV 文件，等待 30 秒后重试...
2025-01-16 07:24:03,667 - 未找到预测 CSV 文件，等待 30 秒后重试...
2025-01-16 07:24:33,676 - 未找到预测 CSV 文件，等待 30 秒后重试...
2025-01-16 07:25:03,686 - 未找到预测 CSV 文件，等待 30 秒后重试...
2025-01-16 07:25:33,698 - 未找到预测 CSV 文件，等待 30 秒后重试...
2025-01-16 07:26:03,701 - 未找到预测 CSV 文件，等待 30 秒后重试...
2025-01-16 07:26:33,715 - 未找到预测 CSV 文件，等待 30 秒后重试...
2025-01-16 07:27:03,726 - 未找到预测 CSV 文件，等待 30 秒后重试...
2025-01-16 07:27:33,740 - 未找到预测 CSV 文件，等待 30 秒后重试...
2025-01-16 07:28:03,741 - 未找到预测 CSV 文件，等待 30 秒后重试...
2025-01-16 07:28:33,754 - 未找到预测 CSV 文件，等待 30 秒后重试...
2025-01-16 07:29:03,769 - 未找到预测 CSV 文件，等待 30 秒后重试...
2025-01-16 07:29:33,772 - 未找到预测 CSV 文件，等待 30 秒后重试...
2025-01-16 07:30:03,778 - 未找到预测 CSV 文件，等待 30 秒后重试...
2025-01-16 07:30:33,783 - 未找到预测 CSV 文件，等待 30 秒后重试...
2025-01-16 07:31:03,786 - 未找到预测 CSV 文件，等待 30 秒后重试...
2025-01-16 07:31:33,792 - 未找到预测 CSV 文件，等待 30 秒后重试...
2025-01-16 07:32:03,808 - 未找到预测 CSV 文件，等待 30 秒后重试...
2025-01-16 07:32:33,822 - 未找到预测 CSV 文件，等待 30 秒后重试...
2025-01-16 07:33:03,831 - 未找到预测 CSV 文件，等待 30 秒后重试...
2025-01-16 07:33:33,832 - 未找到预测 CSV 文件，等待 30 秒后重试...
2025-01-16 07:34:03,842 - 未找到预测 CSV 文件，等待 30 秒后重试...
2025-01-16 07:34:33,852 - 未找到预测 CSV 文件，等待 30 秒后重试...
2025-01-16 07:35:03,853 - 未找到预测 CSV 文件，等待 30 秒后重试...
2025-01-16 07:35:33,864 - 未找到预测 CSV 文件，等待 30 秒后重试...
2025-01-16 07:36:03,866 - 未找到预测 CSV 文件，等待 30 秒后重试...
2025-01-16 07:36:33,871 - 未找到预测 CSV 文件，等待 30 秒后重试...
2025-01-16 07:37:03,872 - 未找到预测 CSV 文件，等待 30 秒后重试...
2025-01-16 07:37:33,882 - 未找到预测 CSV 文件，等待 30 秒后重试...
2025-01-16 07:38:03,893 - 未找到预测 CSV 文件，等待 30 秒后重试...
2025-01-16 07:38:33,897 - 未找到预测 CSV 文件，等待 30 秒后重试...
2025-01-16 07:39:03,901 - 未找到预测 CSV 文件，等待 30 秒后重试...
2025-01-16 07:39:33,909 - 未找到预测 CSV 文件，等待 30 秒后重试...
2025-01-16 07:40:03,923 - 未找到预测 CSV 文件，等待 30 秒后重试...
2025-01-16 07:40:33,926 - 未找到预测 CSV 文件，等待 30 秒后重试...
2025-01-16 07:41:03,931 - 未找到预测 CSV 文件，等待 30 秒后重试...
2025-01-16 07:41:33,938 - 未找到预测 CSV 文件，等待 30 秒后重试...
2025-01-16 07:42:03,948 - 未找到预测 CSV 文件，等待 30 秒后重试...
2025-01-16 07:42:33,957 - 未找到预测 CSV 文件，等待 30 秒后重试...
2025-01-16 07:43:03,965 - 未找到预测 CSV 文件，等待 30 秒后重试...
2025-01-16 07:43:33,971 - 未找到预测 CSV 文件，等待 30 秒后重试...
2025-01-16 07:44:03,980 - 未找到预测 CSV 文件，等待 30 秒后重试...
2025-01-16 07:44:33,989 - 未找到预测 CSV 文件，等待 30 秒后重试...
2025-01-16 07:45:03,995 - 未找到预测 CSV 文件，等待 30 秒后重试...
2025-01-16 07:45:33,997 - 未找到预测 CSV 文件，等待 30 秒后重试...
2025-01-16 07:46:04,001 - 未找到预测 CSV 文件，等待 30 秒后重试...
2025-01-16 07:46:34,010 - 未找到预测 CSV 文件，等待 30 秒后重试...
2025-01-16 07:47:04,028 - 未找到预测 CSV 文件，等待 30 秒后重试...
2025-01-16 07:47:34,041 - 未找到预测 CSV 文件，等待 30 秒后重试...
2025-01-16 07:48:04,046 - 未找到预测 CSV 文件，等待 30 秒后重试...
2025-01-16 07:48:34,054 - 未找到预测 CSV 文件，等待 30 秒后重试...
2025-01-16 07:49:04,068 - 未找到预测 CSV 文件，等待 30 秒后重试...
2025-01-16 07:49:34,079 - 未找到预测 CSV 文件，等待 30 秒后重试...
2025-01-16 07:50:04,094 - 未找到预测 CSV 文件，等待 30 秒后重试...
2025-01-16 07:50:34,099 - 未找到预测 CSV 文件，等待 30 秒后重试...
2025-01-16 07:51:04,115 - 未找到预测 CSV 文件，等待 30 秒后重试...
2025-01-16 07:51:34,125 - 未找到预测 CSV 文件，等待 30 秒后重试...
2025-01-16 07:52:04,132 - 未找到预测 CSV 文件，等待 30 秒后重试...
2025-01-16 07:52:34,148 - 未找到预测 CSV 文件，等待 30 秒后重试...
2025-01-16 07:53:04,157 - 未找到预测 CSV 文件，等待 30 秒后重试...
2025-01-16 07:53:34,169 - 未找到预测 CSV 文件，等待 30 秒后重试...
2025-01-16 07:54:04,178 - 未找到预测 CSV 文件，等待 30 秒后重试...
2025-01-16 07:54:34,192 - 未找到预测 CSV 文件，等待 30 秒后重试...
2025-01-16 07:55:04,208 - 未找到预测 CSV 文件，等待 30 秒后重试...
2025-01-16 07:55:34,218 - 未找到预测 CSV 文件，等待 30 秒后重试...
2025-01-16 07:56:04,227 - 未找到预测 CSV 文件，等待 30 秒后重试...
2025-01-16 07:56:34,243 - 未找到预测 CSV 文件，等待 30 秒后重试...
2025-01-16 07:57:04,244 - 未找到预测 CSV 文件，等待 30 秒后重试...
2025-01-16 07:57:34,257 - 未找到预测 CSV 文件，等待 30 秒后重试...
2025-01-16 07:58:04,259 - 未找到预测 CSV 文件，等待 30 秒后重试...
2025-01-16 07:58:34,266 - 未找到预测 CSV 文件，等待 30 秒后重试...
2025-01-16 07:59:04,281 - 未找到预测 CSV 文件，等待 30 秒后重试...
2025-01-16 07:59:34,292 - 未找到预测 CSV 文件，等待 30 秒后重试...
2025-01-16 08:00:04,299 - 未找到预测 CSV 文件，等待 30 秒后重试...
2025-01-16 08:00:34,315 - 未找到预测 CSV 文件，等待 30 秒后重试...
2025-01-16 08:01:04,321 - 未找到预测 CSV 文件，等待 30 秒后重试...
2025-01-16 08:01:34,333 - 未找到预测 CSV 文件，等待 30 秒后重试...
2025-01-16 08:02:04,334 - 未找到预测 CSV 文件，等待 30 秒后重试...
2025-01-16 08:02:34,346 - 未找到预测 CSV 文件，等待 30 秒后重试...
2025-01-16 08:03:04,348 - 未找到预测 CSV 文件，等待 30 秒后重试...
2025-01-16 08:03:34,358 - 未找到预测 CSV 文件，等待 30 秒后重试...
2025-01-16 08:04:04,372 - 未找到预测 CSV 文件，等待 30 秒后重试...
2025-01-16 08:04:34,383 - 未找到预测 CSV 文件，等待 30 秒后重试...
2025-01-16 08:05:04,390 - 未找到预测 CSV 文件，等待 30 秒后重试...
2025-01-16 08:05:34,394 - 未找到预测 CSV 文件，等待 30 秒后重试...
2025-01-16 08:06:04,405 - 未找到预测 CSV 文件，等待 30 秒后重试...
2025-01-16 08:06:34,416 - 未找到预测 CSV 文件，等待 30 秒后重试...
2025-01-16 08:07:04,429 - 未找到预测 CSV 文件，等待 30 秒后重试...
2025-01-16 08:07:34,431 - 未找到预测 CSV 文件，等待 30 秒后重试...
2025-01-16 08:08:04,433 - 未找到预测 CSV 文件，等待 30 秒后重试...
2025-01-16 08:08:34,445 - 未找到预测 CSV 文件，等待 30 秒后重试...
2025-01-16 08:09:04,461 - 未找到预测 CSV 文件，等待 30 秒后重试...
2025-01-16 08:09:34,467 - 未找到预测 CSV 文件，等待 30 秒后重试...
2025-01-16 08:10:04,470 - 未找到预测 CSV 文件，等待 30 秒后重试...
2025-01-16 08:10:34,473 - 未找到预测 CSV 文件，等待 30 秒后重试...
2025-01-16 08:11:04,482 - 未找到预测 CSV 文件，等待 30 秒后重试...
2025-01-16 08:11:34,489 - 未找到预测 CSV 文件，等待 30 秒后重试...
2025-01-16 08:12:04,499 - 未找到预测 CSV 文件，等待 30 秒后重试...
2025-01-16 08:12:34,514 - 未找到预测 CSV 文件，等待 30 秒后重试...
2025-01-16 08:13:04,526 - 未找到预测 CSV 文件，等待 30 秒后重试...
2025-01-16 08:13:34,542 - 未找到预测 CSV 文件，等待 30 秒后重试...
2025-01-16 08:14:04,547 - 未找到预测 CSV 文件，等待 30 秒后重试...
2025-01-16 08:14:34,558 - 未找到预测 CSV 文件，等待 30 秒后重试...
2025-01-16 08:15:04,569 - 未找到预测 CSV 文件，等待 30 秒后重试...
2025-01-16 08:15:34,584 - 未找到预测 CSV 文件，等待 30 秒后重试...
2025-01-16 08:16:04,587 - 未找到预测 CSV 文件，等待 30 秒后重试...
2025-01-16 08:16:34,599 - 未找到预测 CSV 文件，等待 30 秒后重试...
2025-01-16 08:17:04,607 - 未找到预测 CSV 文件，等待 30 秒后重试...
2025-01-16 08:17:34,614 - 未找到预测 CSV 文件，等待 30 秒后重试...
2025-01-16 08:18:04,630 - 未找到预测 CSV 文件，等待 30 秒后重试...
2025-01-16 08:18:34,633 - 未找到预测 CSV 文件，等待 30 秒后重试...
2025-01-16 08:19:04,640 - 未找到预测 CSV 文件，等待 30 秒后重试...
2025-01-16 08:19:34,643 - 未找到预测 CSV 文件，等待 30 秒后重试...
2025-01-16 08:20:04,648 - 未找到预测 CSV 文件，等待 30 秒后重试...
2025-01-16 08:20:34,666 - 未找到预测 CSV 文件，等待 30 秒后重试...
2025-01-16 08:21:04,674 - 未找到预测 CSV 文件，等待 30 秒后重试...
2025-01-16 08:21:34,691 - 未找到预测 CSV 文件，等待 30 秒后重试...
2025-01-16 08:22:04,698 - 未找到预测 CSV 文件，等待 30 秒后重试...
2025-01-16 08:22:34,700 - 未找到预测 CSV 文件，等待 30 秒后重试...
2025-01-16 08:23:04,706 - 未找到预测 CSV 文件，等待 30 秒后重试...
2025-01-16 08:23:34,711 - 未找到预测 CSV 文件，等待 30 秒后重试...
2025-01-16 08:24:04,717 - 未找到预测 CSV 文件，等待 30 秒后重试...
2025-01-16 08:24:34,732 - 未找到预测 CSV 文件，等待 30 秒后重试...
2025-01-16 08:25:04,748 - 未找到预测 CSV 文件，等待 30 秒后重试...
2025-01-16 08:25:34,753 - 未找到预测 CSV 文件，等待 30 秒后重试...
2025-01-16 08:26:04,760 - 未找到预测 CSV 文件，等待 30 秒后重试...
2025-01-16 08:26:34,763 - 未找到预测 CSV 文件，等待 30 秒后重试...
2025-01-16 08:27:04,770 - 未找到预测 CSV 文件，等待 30 秒后重试...
2025-01-16 08:27:34,781 - 未找到预测 CSV 文件，等待 30 秒后重试...
2025-01-16 08:28:04,793 - 未找到预测 CSV 文件，等待 30 秒后重试...
2025-01-16 08:28:34,808 - 未找到预测 CSV 文件，等待 30 秒后重试...
2025-01-16 08:29:04,817 - 未找到预测 CSV 文件，等待 30 秒后重试...
2025-01-16 08:29:34,831 - 未找到预测 CSV 文件，等待 30 秒后重试...
2025-01-16 08:30:04,843 - 未找到预测 CSV 文件，等待 30 秒后重试...
2025-01-16 08:30:34,850 - 发现新的预测文件：D:\my-vue-project\wind-power-forecast\backend\auto_scripts\precsv\shortcsv\20250116.csv，执行预测...
2025-01-16 08:30:34,960 - 今天的训练和预测任务已完成。
2025-01-16 13:34:36,496 - 今天的日期是: 20250116
2025-01-16 13:34:36,497 - 开始监视 D:\my-vue-project\wind-power-forecast\backend\auto_scripts\dataset\dataset_short 文件夹以进行训练...
2025-01-16 13:34:36,497 - 开始监视 D:\my-vue-project\wind-power-forecast\backend\auto_scripts\precsv\shortcsv 文件夹以进行预测...
2025-01-16 13:34:36,497 - 今天的训练已经执行过，跳过...
2025-01-16 13:34:36,497 - 今天的预测已经执行过，跳过...
2025-01-16 13:34:36,497 - 今天的训练和预测任务已完成。
2025-01-16 20:29:07,051 - 今天的日期是: 20250116
2025-01-16 20:29:07,054 - 开始监视 D:\my-vue-project\wind-power-forecast\backend\auto_scripts\dataset\dataset_short 文件夹以进行训练...
2025-01-16 20:29:07,054 - 今天的训练已经执行过，跳过...
2025-01-16 20:29:07,055 - 开始监视 D:\my-vue-project\wind-power-forecast\backend\auto_scripts\precsv\shortcsv 文件夹以进行预测...
2025-01-16 20:29:07,055 - 今天的预测已经执行过，跳过...
2025-01-16 20:29:07,055 - 今天的训练和预测任务已完成。
2025-01-16 21:28:14,052 - 今天的日期是: 20250116
2025-01-16 21:28:14,054 - 开始监视 D:\my-vue-project\wind-power-forecast\backend\auto_scripts\dataset\dataset_short 文件夹以进行训练...
2025-01-16 21:28:14,055 - 今天的训练已经执行过，跳过...
2025-01-16 21:28:14,055 - 开始监视 D:\my-vue-project\wind-power-forecast\backend\auto_scripts\precsv\shortcsv 文件夹以进行预测...
2025-01-16 21:28:14,055 - 今天的预测已经执行过，跳过...
2025-01-16 21:28:14,055 - 今天的训练和预测任务已完成。
2025-01-16 21:29:33,964 - 今天的日期是: 20250116
2025-01-16 21:29:33,965 - 开始监视 D:\my-vue-project\wind-power-forecast\backend\auto_scripts\dataset\dataset_short 文件夹以进行训练...
2025-01-16 21:29:33,965 - 今天的训练已经执行过，跳过...
2025-01-16 21:29:33,965 - 开始监视 D:\my-vue-project\wind-power-forecast\backend\auto_scripts\precsv\shortcsv 文件夹以进行预测...
2025-01-16 21:29:33,966 - 今天的预测已经执行过，跳过...
2025-01-16 21:29:33,966 - 今天的训练和预测任务已完成。
