2025-01-10 14:06:01,422 - 今天的日期是: 20250110
2025-01-10 14:06:01,423 - 开始监视 D:\my-vue-project\wind-power-forecast\backend\auto_scripts\dataset\dataset_short 文件夹以进行训练...
2025-01-10 14:06:01,423 - 开始监视 D:\my-vue-project\wind-power-forecast\backend\auto_scripts\precsv\shortcsv 文件夹以进行预测...
2025-01-10 14:06:01,423 - 未找到训练 CSV 文件，等待 30 秒后重试...
2025-01-10 14:06:01,423 - 未有可用模型，等待模型训练完成...
2025-01-10 14:06:31,432 - 未找到训练 CSV 文件，等待 30 秒后重试...
2025-01-10 14:06:31,432 - 未有可用模型，等待模型训练完成...
2025-01-10 14:07:01,432 - 未找到训练 CSV 文件，等待 30 秒后重试...
2025-01-10 14:07:01,432 - 未有可用模型，等待模型训练完成...
2025-01-10 14:07:31,449 - 未有可用模型，等待模型训练完成...
2025-01-10 14:07:31,449 - 未找到训练 CSV 文件，等待 30 秒后重试...
2025-01-10 14:08:01,463 - 未找到训练 CSV 文件，等待 30 秒后重试...
2025-01-10 14:08:01,464 - 未有可用模型，等待模型训练完成...
2025-01-10 14:08:31,477 - 未有可用模型，等待模型训练完成...
2025-01-10 14:08:31,477 - 未找到训练 CSV 文件，等待 30 秒后重试...
2025-01-10 14:09:01,480 - 未有可用模型，等待模型训练完成...
2025-01-10 14:09:01,480 - 未找到训练 CSV 文件，等待 30 秒后重试...
2025-01-10 14:09:31,492 - 未有可用模型，等待模型训练完成...
2025-01-10 14:09:31,492 - 未找到训练 CSV 文件，等待 30 秒后重试...
2025-01-10 14:10:01,499 - 未有可用模型，等待模型训练完成...
2025-01-10 14:10:01,499 - 未找到训练 CSV 文件，等待 30 秒后重试...
2025-01-10 14:10:31,506 - 未找到训练 CSV 文件，等待 30 秒后重试...
2025-01-10 14:10:31,506 - 未有可用模型，等待模型训练完成...
2025-01-10 14:11:01,507 - 未找到训练 CSV 文件，等待 30 秒后重试...
2025-01-10 14:11:01,507 - 未有可用模型，等待模型训练完成...
2025-01-10 14:11:31,510 - 未找到训练 CSV 文件，等待 30 秒后重试...
2025-01-10 14:11:31,510 - 未有可用模型，等待模型训练完成...
2025-01-10 14:12:01,523 - 未有可用模型，等待模型训练完成...
2025-01-10 14:12:01,523 - 未找到训练 CSV 文件，等待 30 秒后重试...
2025-01-10 14:12:31,528 - 未有可用模型，等待模型训练完成...
2025-01-10 14:12:31,528 - 未找到训练 CSV 文件，等待 30 秒后重试...
2025-01-10 14:13:01,536 - 未有可用模型，等待模型训练完成...
2025-01-10 14:13:01,536 - 未找到训练 CSV 文件，等待 30 秒后重试...
2025-01-10 14:13:48,635 - 今天的日期是: 20250110
2025-01-10 14:13:48,636 - 开始监视 D:\my-vue-project\wind-power-forecast\backend\auto_scripts\dataset\dataset_short 文件夹以进行训练...
2025-01-10 14:13:48,636 - 开始监视 D:\my-vue-project\wind-power-forecast\backend\auto_scripts\precsv\shortcsv 文件夹以进行预测...
2025-01-10 14:13:48,636 - 未找到训练 CSV 文件，等待 30 秒后重试...
2025-01-10 14:13:48,637 - 未有可用模型，等待模型训练完成...
2025-01-10 14:14:18,650 - 未有可用模型，等待模型训练完成...
2025-01-10 14:14:18,650 - 未找到训练 CSV 文件，等待 30 秒后重试...
2025-01-10 14:14:48,663 - 未有可用模型，等待模型训练完成...
2025-01-10 14:14:48,663 - 未找到训练 CSV 文件，等待 30 秒后重试...
2025-01-10 14:15:18,668 - 未找到训练 CSV 文件，等待 30 秒后重试...
2025-01-10 14:15:18,668 - 未有可用模型，等待模型训练完成...
2025-01-10 14:15:48,677 - 未有可用模型，等待模型训练完成...
2025-01-10 14:15:48,677 - 未找到训练 CSV 文件，等待 30 秒后重试...
2025-01-10 14:16:18,687 - 未找到训练 CSV 文件，等待 30 秒后重试...
2025-01-10 14:16:18,687 - 未有可用模型，等待模型训练完成...
2025-01-10 14:16:48,698 - 未有可用模型，等待模型训练完成...
2025-01-10 14:16:48,698 - 未找到训练 CSV 文件，等待 30 秒后重试...
2025-01-10 14:17:18,699 - 未有可用模型，等待模型训练完成...
2025-01-10 14:17:18,699 - 未找到训练 CSV 文件，等待 30 秒后重试...
2025-01-10 14:17:48,712 - 未有可用模型，等待模型训练完成...
2025-01-10 14:17:48,712 - 未找到训练 CSV 文件，等待 30 秒后重试...
2025-01-10 14:34:40,520 - 今天的日期是: 20250110
2025-01-10 14:34:40,522 - 开始监视 D:\my-vue-project\wind-power-forecast\backend\auto_scripts\dataset\dataset_short 文件夹以进行训练...
2025-01-10 14:34:40,522 - 开始监视 D:\my-vue-project\wind-power-forecast\backend\auto_scripts\precsv\shortcsv 文件夹以进行预测...
2025-01-10 14:34:40,522 - 发现新的训练文件：D:\my-vue-project\wind-power-forecast\backend\auto_scripts\dataset\dataset_short\20250110.csv，执行训练...
2025-01-10 14:34:40,522 - 输出结果将保存到: D:\my-vue-project\wind-power-forecast\backend\auto_scripts\train_predictions\short_predictions
2025-01-10 14:34:40,522 - 未有可用模型，等待模型训练完成...
2025-01-10 14:34:41,993 - 数据加载与预处理完成
2025-01-10 14:34:42,483 - 数据标准化完成
2025-01-10 14:34:43,862 - 创建时间窗口完成
2025-01-10 14:34:43,862 - 获取模型参数完成
2025-01-10 14:35:10,531 - 未有可用模型，等待模型训练完成...
2025-01-10 14:35:40,580 - 未有可用模型，等待模型训练完成...
2025-01-10 14:36:40,460 - 今天的日期是: 20250110
2025-01-10 14:36:40,461 - 开始监视 D:\my-vue-project\wind-power-forecast\backend\auto_scripts\dataset\dataset_short 文件夹以进行训练...
2025-01-10 14:36:40,461 - 未找到训练 CSV 文件，等待 30 秒后重试...
2025-01-10 14:36:40,461 - 开始监视 D:\my-vue-project\wind-power-forecast\backend\auto_scripts\precsv\shortcsv 文件夹以进行预测...
2025-01-10 14:36:40,461 - 未有可用模型，等待模型训练完成...
2025-01-10 14:37:10,465 - 未有可用模型，等待模型训练完成...
2025-01-10 14:37:10,465 - 未找到训练 CSV 文件，等待 30 秒后重试...
2025-01-10 14:37:40,467 - 未有可用模型，等待模型训练完成...
2025-01-10 14:37:40,468 - 未找到训练 CSV 文件，等待 30 秒后重试...
2025-01-10 14:38:10,476 - 未有可用模型，等待模型训练完成...
2025-01-10 14:38:10,476 - 发现新的训练文件：D:\my-vue-project\wind-power-forecast\backend\auto_scripts\dataset\dataset_short\20250110.csv，执行训练...
2025-01-10 14:38:10,476 - 输出结果将保存到: D:\my-vue-project\wind-power-forecast\backend\auto_scripts\train_predictions\short_predictions
2025-01-10 14:38:11,803 - 数据加载与预处理完成
2025-01-10 14:38:12,322 - 数据标准化完成
2025-01-10 14:38:13,290 - 创建时间窗口完成
2025-01-10 14:38:13,290 - 获取模型参数完成
2025-01-10 14:38:40,674 - 未有可用模型，等待模型训练完成...
2025-01-10 14:39:10,748 - 未有可用模型，等待模型训练完成...
2025-01-10 14:39:40,784 - 未有可用模型，等待模型训练完成...
2025-01-10 14:40:10,799 - 未有可用模型，等待模型训练完成...
2025-01-10 14:40:40,812 - 未有可用模型，等待模型训练完成...
2025-01-10 14:41:10,819 - 未有可用模型，等待模型训练完成...
2025-01-10 14:41:40,842 - 未有可用模型，等待模型训练完成...
2025-01-10 14:42:10,873 - 未有可用模型，等待模型训练完成...
2025-01-10 14:42:40,921 - 未有可用模型，等待模型训练完成...
2025-01-10 14:43:10,935 - 未有可用模型，等待模型训练完成...
2025-01-10 14:43:40,940 - 未有可用模型，等待模型训练完成...
2025-01-10 14:44:10,945 - 未有可用模型，等待模型训练完成...
2025-01-10 14:44:40,954 - 未有可用模型，等待模型训练完成...
2025-01-10 14:45:10,976 - 未有可用模型，等待模型训练完成...
2025-01-10 14:45:41,002 - 未有可用模型，等待模型训练完成...
2025-01-10 14:46:11,025 - 未有可用模型，等待模型训练完成...
2025-01-10 14:46:41,033 - 未有可用模型，等待模型训练完成...
2025-01-10 14:47:11,098 - 未有可用模型，等待模型训练完成...
2025-01-10 14:47:34,159 - 训练与评估完成
2025-01-10 14:47:34,258 - 保存预测结果完成
2025-01-10 14:47:34,574 - 可视化结果完成
2025-01-10 14:47:34,866 - 模型已成功保存到 D:\my-vue-project\wind-power-forecast\backend\auto_scripts\models\shortmodel\20250110，模型可用。
2025-01-10 14:47:41,107 - 发现新的预测文件：D:\my-vue-project\wind-power-forecast\backend\auto_scripts\precsv\shortcsv\20250110.csv，执行预测...
2025-01-10 14:47:41,217 - 今天的训练和预测任务已完成。
2025-01-10 14:50:49,518 - 今天的日期是: 20250110
2025-01-10 14:50:49,519 - 开始监视 D:\my-vue-project\wind-power-forecast\backend\auto_scripts\dataset\dataset_short 文件夹以进行训练...
2025-01-10 14:50:49,520 - 开始监视 D:\my-vue-project\wind-power-forecast\backend\auto_scripts\precsv\shortcsv 文件夹以进行预测...
2025-01-10 14:50:49,520 - 今天的训练已经执行过，跳过...
2025-01-10 14:50:49,520 - 今天的预测已经执行过，跳过...
2025-01-10 14:50:49,520 - 今天的训练和预测任务已完成。
2025-01-10 15:56:47,946 - 今天的日期是: 20250110
2025-01-10 15:56:47,947 - 开始监视 D:\my-vue-project\wind-power-forecast\backend\auto_scripts\dataset\dataset_short 文件夹以进行训练...
2025-01-10 15:56:47,947 - 未找到训练 CSV 文件，等待 30 秒后重试...
2025-01-10 15:56:47,947 - 开始监视 D:\my-vue-project\wind-power-forecast\backend\auto_scripts\precsv\shortcsv 文件夹以进行预测...
2025-01-10 15:56:47,947 - 未有可用模型，等待模型训练完成...
2025-01-10 15:57:17,962 - 未有可用模型，等待模型训练完成...
2025-01-10 15:57:17,962 - 未找到训练 CSV 文件，等待 30 秒后重试...
2025-01-10 15:57:47,970 - 未找到训练 CSV 文件，等待 30 秒后重试...
2025-01-10 15:57:47,970 - 未有可用模型，等待模型训练完成...
2025-01-10 15:58:17,982 - 未有可用模型，等待模型训练完成...
2025-01-10 15:58:17,983 - 未找到训练 CSV 文件，等待 30 秒后重试...
2025-01-10 15:58:47,990 - 未有可用模型，等待模型训练完成...
2025-01-10 15:58:47,990 - 未找到训练 CSV 文件，等待 30 秒后重试...
2025-01-10 15:59:18,004 - 未找到训练 CSV 文件，等待 30 秒后重试...
2025-01-10 15:59:18,004 - 未有可用模型，等待模型训练完成...
2025-01-10 15:59:48,009 - 未有可用模型，等待模型训练完成...
2025-01-10 15:59:48,009 - 未找到训练 CSV 文件，等待 30 秒后重试...
2025-01-10 16:00:18,018 - 未有可用模型，等待模型训练完成...
2025-01-10 16:00:18,018 - 未找到训练 CSV 文件，等待 30 秒后重试...
2025-01-10 16:09:00,075 - 今天的日期是: 20250110
2025-01-10 16:09:00,076 - 开始监视 D:\my-vue-project\wind-power-forecast\backend\auto_scripts\dataset\dataset_short 文件夹以进行训练...
2025-01-10 16:09:00,077 - 开始监视 D:\my-vue-project\wind-power-forecast\backend\auto_scripts\precsv\shortcsv 文件夹以进行预测...
2025-01-10 16:09:00,077 - 发现新的训练文件：D:\my-vue-project\wind-power-forecast\backend\auto_scripts\dataset\dataset_short\20250110.csv，执行训练...
2025-01-10 16:09:00,077 - 未有可用模型，等待模型训练完成...
2025-01-10 16:09:00,077 - 输出结果将保存到: D:\my-vue-project\wind-power-forecast\backend\auto_scripts\train_predictions\short_predictions
2025-01-10 16:09:01,375 - 数据加载与预处理完成
2025-01-10 16:09:01,779 - 数据标准化完成
2025-01-10 16:09:02,558 - 创建时间窗口完成
2025-01-10 16:09:02,558 - 获取模型参数完成
2025-01-10 16:09:30,113 - 未有可用模型，等待模型训练完成...
2025-01-10 16:10:00,127 - 未有可用模型，等待模型训练完成...
2025-01-10 16:10:30,131 - 未有可用模型，等待模型训练完成...
2025-01-10 16:11:00,137 - 未有可用模型，等待模型训练完成...
2025-01-10 16:11:30,168 - 未有可用模型，等待模型训练完成...
2025-01-10 16:12:00,182 - 未有可用模型，等待模型训练完成...
2025-01-10 16:12:30,191 - 未有可用模型，等待模型训练完成...
2025-01-10 16:13:00,197 - 未有可用模型，等待模型训练完成...
2025-01-10 16:13:30,199 - 未有可用模型，等待模型训练完成...
2025-01-10 16:15:04,299 - 今天的日期是: 20250110
2025-01-10 16:15:04,300 - 开始监视 D:\my-vue-project\wind-power-forecast\backend\auto_scripts\dataset\dataset_short 文件夹以进行训练...
2025-01-10 16:15:04,301 - 未找到训练 CSV 文件，等待 30 秒后重试...
2025-01-10 16:15:04,301 - 开始监视 D:\my-vue-project\wind-power-forecast\backend\auto_scripts\precsv\shortcsv 文件夹以进行预测...
2025-01-10 16:15:04,301 - 未有可用模型，等待模型训练完成...
2025-01-10 16:15:34,308 - 未有可用模型，等待模型训练完成...
2025-01-10 16:15:34,308 - 未找到训练 CSV 文件，等待 30 秒后重试...
2025-01-10 16:16:04,324 - 未有可用模型，等待模型训练完成...
2025-01-10 16:16:04,324 - 未找到训练 CSV 文件，等待 30 秒后重试...
2025-01-10 16:16:34,339 - 未有可用模型，等待模型训练完成...
2025-01-10 16:16:34,339 - 未找到训练 CSV 文件，等待 30 秒后重试...
2025-01-10 16:17:04,348 - 未有可用模型，等待模型训练完成...
2025-01-10 16:17:04,348 - 未找到训练 CSV 文件，等待 30 秒后重试...
2025-01-10 16:19:52,119 - 今天的日期是: 20250110
2025-01-10 16:19:52,119 - 开始监视 D:\my-vue-project\wind-power-forecast\backend\auto_scripts\dataset\dataset_short 文件夹以进行训练...
2025-01-10 16:19:52,119 - 开始监视 D:\my-vue-project\wind-power-forecast\backend\auto_scripts\precsv\shortcsv 文件夹以进行预测...
2025-01-10 16:19:52,120 - 未找到训练 CSV 文件，等待 30 秒后重试...
2025-01-10 16:19:52,120 - 未有可用模型，等待模型训练完成...
2025-01-10 16:20:22,121 - 未找到训练 CSV 文件，等待 30 秒后重试...
2025-01-10 16:20:22,121 - 未有可用模型，等待模型训练完成...
2025-01-10 16:20:52,130 - 未找到训练 CSV 文件，等待 30 秒后重试...
2025-01-10 16:20:52,130 - 未有可用模型，等待模型训练完成...
2025-01-10 16:21:22,134 - 未找到训练 CSV 文件，等待 30 秒后重试...
2025-01-10 16:21:22,134 - 未有可用模型，等待模型训练完成...
2025-01-10 16:21:52,146 - 未找到训练 CSV 文件，等待 30 秒后重试...
2025-01-10 16:21:52,146 - 未有可用模型，等待模型训练完成...
2025-01-10 16:22:22,156 - 未找到训练 CSV 文件，等待 30 秒后重试...
2025-01-10 16:22:22,156 - 未有可用模型，等待模型训练完成...
2025-01-10 16:22:52,159 - 未找到训练 CSV 文件，等待 30 秒后重试...
2025-01-10 16:22:52,159 - 未有可用模型，等待模型训练完成...
2025-01-10 16:23:50,713 - 今天的日期是: 20250110
2025-01-10 16:23:50,715 - 开始监视 D:\my-vue-project\wind-power-forecast\backend\auto_scripts\dataset\dataset_short 文件夹以进行训练...
2025-01-10 16:23:50,715 - 开始监视 D:\my-vue-project\wind-power-forecast\backend\auto_scripts\precsv\shortcsv 文件夹以进行预测...
2025-01-10 16:23:50,716 - 未找到训练 CSV 文件，等待 30 秒后重试...
2025-01-10 16:23:50,716 - 未有可用模型，等待模型训练完成...
2025-01-10 16:24:20,726 - 未有可用模型，等待模型训练完成...
2025-01-10 16:24:20,726 - 未找到训练 CSV 文件，等待 30 秒后重试...
2025-01-10 16:24:50,730 - 未有可用模型，等待模型训练完成...
2025-01-10 16:24:50,730 - 未找到训练 CSV 文件，等待 30 秒后重试...
2025-01-10 16:25:20,743 - 未找到训练 CSV 文件，等待 30 秒后重试...
2025-01-10 16:25:20,743 - 未有可用模型，等待模型训练完成...
2025-01-10 16:25:50,749 - 未有可用模型，等待模型训练完成...
2025-01-10 16:25:50,749 - 未找到训练 CSV 文件，等待 30 秒后重试...
2025-01-10 16:26:20,753 - 未有可用模型，等待模型训练完成...
2025-01-10 16:26:20,753 - 未找到训练 CSV 文件，等待 30 秒后重试...
2025-01-10 16:26:50,754 - 未有可用模型，等待模型训练完成...
2025-01-10 16:26:50,755 - 未找到训练 CSV 文件，等待 30 秒后重试...
2025-01-10 16:27:20,768 - 未有可用模型，等待模型训练完成...
2025-01-10 16:27:20,769 - 未找到训练 CSV 文件，等待 30 秒后重试...
2025-01-10 16:27:50,777 - 未有可用模型，等待模型训练完成...
2025-01-10 16:27:50,777 - 未找到训练 CSV 文件，等待 30 秒后重试...
2025-01-10 16:28:20,780 - 未有可用模型，等待模型训练完成...
2025-01-10 16:28:20,780 - 未找到训练 CSV 文件，等待 30 秒后重试...
2025-01-10 16:28:50,789 - 未有可用模型，等待模型训练完成...
2025-01-10 16:28:50,789 - 未找到训练 CSV 文件，等待 30 秒后重试...
2025-01-10 16:29:20,795 - 未有可用模型，等待模型训练完成...
2025-01-10 16:29:20,795 - 未找到训练 CSV 文件，等待 30 秒后重试...
2025-01-10 16:29:50,799 - 未有可用模型，等待模型训练完成...
2025-01-10 16:29:50,799 - 未找到训练 CSV 文件，等待 30 秒后重试...
2025-01-10 16:30:20,804 - 未有可用模型，等待模型训练完成...
2025-01-10 16:30:20,804 - 未找到训练 CSV 文件，等待 30 秒后重试...
2025-01-10 16:30:50,807 - 未找到训练 CSV 文件，等待 30 秒后重试...
2025-01-10 16:30:50,807 - 未有可用模型，等待模型训练完成...
2025-01-10 16:31:20,818 - 未有可用模型，等待模型训练完成...
2025-01-10 16:31:20,819 - 未找到训练 CSV 文件，等待 30 秒后重试...
2025-01-10 16:31:50,826 - 未有可用模型，等待模型训练完成...
2025-01-10 16:31:50,826 - 发现新的训练文件：D:\my-vue-project\wind-power-forecast\backend\auto_scripts\dataset\dataset_short\20250110.csv，执行训练...
2025-01-10 16:31:50,826 - 输出结果将保存到: D:\my-vue-project\wind-power-forecast\backend\auto_scripts\train_predictions\short_predictions
2025-01-10 16:31:52,027 - 数据加载与预处理完成
2025-01-10 16:31:52,348 - 数据标准化完成
2025-01-10 16:31:53,076 - 创建时间窗口完成
2025-01-10 16:31:53,076 - 获取模型参数完成
2025-01-10 16:32:20,828 - 未有可用模型，等待模型训练完成...
2025-01-10 16:32:50,836 - 未有可用模型，等待模型训练完成...
2025-01-10 16:33:20,849 - 未有可用模型，等待模型训练完成...
2025-01-10 16:33:50,858 - 未有可用模型，等待模型训练完成...
2025-01-10 16:34:20,862 - 未有可用模型，等待模型训练完成...
2025-01-10 16:34:50,864 - 未有可用模型，等待模型训练完成...
2025-01-10 16:35:17,883 - 训练与评估完成
2025-01-10 16:35:17,904 - 保存预测结果完成
2025-01-10 16:35:18,122 - 可视化结果完成
2025-01-10 16:35:18,225 - 模型已成功保存到 D:\my-vue-project\wind-power-forecast\backend\auto_scripts\models\shortmodel\20250110，模型可用。
2025-01-10 16:35:20,878 - 未找到预测 CSV 文件，等待 30 秒后重试...
2025-01-10 16:35:50,891 - 未找到预测 CSV 文件，等待 30 秒后重试...
2025-01-10 16:36:20,898 - 未找到预测 CSV 文件，等待 30 秒后重试...
2025-01-10 16:36:50,903 - 未找到预测 CSV 文件，等待 30 秒后重试...
2025-01-10 16:37:20,917 - 未找到预测 CSV 文件，等待 30 秒后重试...
2025-01-10 16:37:50,929 - 未找到预测 CSV 文件，等待 30 秒后重试...
2025-01-10 16:38:20,938 - 未找到预测 CSV 文件，等待 30 秒后重试...
2025-01-10 16:38:50,947 - 未找到预测 CSV 文件，等待 30 秒后重试...
2025-01-10 16:39:20,955 - 未找到预测 CSV 文件，等待 30 秒后重试...
2025-01-10 16:39:50,971 - 未找到预测 CSV 文件，等待 30 秒后重试...
2025-01-10 16:40:20,984 - 未找到预测 CSV 文件，等待 30 秒后重试...
2025-01-10 16:40:50,996 - 未找到预测 CSV 文件，等待 30 秒后重试...
2025-01-10 16:41:21,005 - 未找到预测 CSV 文件，等待 30 秒后重试...
2025-01-10 16:41:51,016 - 未找到预测 CSV 文件，等待 30 秒后重试...
2025-01-10 16:42:21,029 - 未找到预测 CSV 文件，等待 30 秒后重试...
2025-01-10 16:42:51,041 - 未找到预测 CSV 文件，等待 30 秒后重试...
2025-01-10 16:43:21,048 - 未找到预测 CSV 文件，等待 30 秒后重试...
2025-01-10 16:43:51,050 - 发现新的预测文件：D:\my-vue-project\wind-power-forecast\backend\auto_scripts\precsv\shortcsv\20250110.csv，执行预测...
2025-01-10 16:43:51,153 - 今天的训练和预测任务已完成。
2025-01-10 16:56:17,468 - 今天的日期是: 20250110
2025-01-10 16:56:17,469 - 开始监视 D:\my-vue-project\wind-power-forecast\backend\auto_scripts\dataset\dataset_short 文件夹以进行训练...
2025-01-10 16:56:17,470 - 开始监视 D:\my-vue-project\wind-power-forecast\backend\auto_scripts\precsv\shortcsv 文件夹以进行预测...
2025-01-10 16:56:17,470 - 今天的训练已经执行过，跳过...
2025-01-10 16:56:17,470 - 今天的预测已经执行过，跳过...
2025-01-10 16:56:17,470 - 今天的训练和预测任务已完成。
2025-01-10 17:03:55,056 - 今天的日期是: 20250110
2025-01-10 17:03:55,057 - 开始监视 D:\my-vue-project\wind-power-forecast\backend\auto_scripts\dataset\dataset_short 文件夹以进行训练...
2025-01-10 17:03:55,057 - 开始监视 D:\my-vue-project\wind-power-forecast\backend\auto_scripts\precsv\shortcsv 文件夹以进行预测...
2025-01-10 17:03:55,057 - 发现新的训练文件：D:\my-vue-project\wind-power-forecast\backend\auto_scripts\dataset\dataset_short\20250110.csv，执行训练...
2025-01-10 17:03:55,057 - 输出结果将保存到: D:\my-vue-project\wind-power-forecast\backend\auto_scripts\train_predictions\short_predictions
2025-01-10 17:03:55,057 - 未有可用模型，等待模型训练完成...
2025-01-10 17:03:56,343 - 数据加载与预处理完成
2025-01-10 17:03:56,804 - 数据标准化完成
2025-01-10 17:03:57,868 - 创建时间窗口完成
2025-01-10 17:03:57,869 - 获取模型参数完成
2025-01-10 17:04:25,103 - 未有可用模型，等待模型训练完成...
2025-01-10 17:04:55,289 - 未有可用模型，等待模型训练完成...
2025-01-10 17:05:25,352 - 未有可用模型，等待模型训练完成...
2025-01-10 17:05:55,365 - 未有可用模型，等待模型训练完成...
2025-01-10 17:06:25,424 - 未有可用模型，等待模型训练完成...
2025-01-10 17:06:55,475 - 未有可用模型，等待模型训练完成...
2025-01-10 17:07:25,647 - 未有可用模型，等待模型训练完成...
2025-01-10 17:07:55,937 - 未有可用模型，等待模型训练完成...
2025-01-10 17:08:26,051 - 未有可用模型，等待模型训练完成...
2025-01-10 17:08:56,064 - 未有可用模型，等待模型训练完成...
2025-01-10 17:09:26,072 - 未有可用模型，等待模型训练完成...
2025-01-10 17:09:56,091 - 未有可用模型，等待模型训练完成...
2025-01-10 17:10:26,115 - 未有可用模型，等待模型训练完成...
2025-01-10 17:10:56,138 - 未有可用模型，等待模型训练完成...
2025-01-10 17:11:26,144 - 未有可用模型，等待模型训练完成...
2025-01-10 17:11:56,166 - 未有可用模型，等待模型训练完成...
2025-01-10 17:12:26,217 - 未有可用模型，等待模型训练完成...
2025-01-10 17:12:56,234 - 未有可用模型，等待模型训练完成...
2025-01-10 17:13:26,248 - 未有可用模型，等待模型训练完成...
2025-01-10 17:13:56,262 - 未有可用模型，等待模型训练完成...
2025-01-10 17:14:26,327 - 未有可用模型，等待模型训练完成...
2025-01-10 17:14:56,407 - 未有可用模型，等待模型训练完成...
2025-01-10 17:15:26,620 - 未有可用模型，等待模型训练完成...
2025-01-10 17:15:56,767 - 未有可用模型，等待模型训练完成...
2025-01-10 17:16:27,125 - 未有可用模型，等待模型训练完成...
2025-01-10 17:16:57,353 - 未有可用模型，等待模型训练完成...
2025-01-10 17:17:27,823 - 未有可用模型，等待模型训练完成...
2025-01-10 17:17:57,986 - 未有可用模型，等待模型训练完成...
2025-01-10 17:18:28,015 - 未有可用模型，等待模型训练完成...
2025-01-10 17:18:58,027 - 未有可用模型，等待模型训练完成...
2025-01-10 17:19:28,040 - 未有可用模型，等待模型训练完成...
2025-01-10 17:19:58,054 - 未有可用模型，等待模型训练完成...
2025-01-10 17:20:28,090 - 未有可用模型，等待模型训练完成...
2025-01-10 17:20:58,113 - 未有可用模型，等待模型训练完成...
2025-01-10 17:21:28,207 - 未有可用模型，等待模型训练完成...
2025-01-10 17:21:58,213 - 未有可用模型，等待模型训练完成...
2025-01-10 17:22:28,285 - 未有可用模型，等待模型训练完成...
2025-01-10 17:23:00,713 - 未有可用模型，等待模型训练完成...
2025-01-10 17:23:30,718 - 未有可用模型，等待模型训练完成...
2025-01-10 17:24:00,729 - 未有可用模型，等待模型训练完成...
2025-01-10 17:24:30,744 - 未有可用模型，等待模型训练完成...
2025-01-10 17:25:00,766 - 未有可用模型，等待模型训练完成...
2025-01-10 17:25:30,973 - 未有可用模型，等待模型训练完成...
2025-01-10 17:26:00,979 - 未有可用模型，等待模型训练完成...
2025-01-10 17:26:31,009 - 未有可用模型，等待模型训练完成...
2025-01-10 17:27:01,043 - 未有可用模型，等待模型训练完成...
2025-01-10 17:27:31,046 - 未有可用模型，等待模型训练完成...
2025-01-10 17:28:01,051 - 未有可用模型，等待模型训练完成...
2025-01-10 17:28:31,057 - 未有可用模型，等待模型训练完成...
2025-01-10 17:29:01,067 - 未有可用模型，等待模型训练完成...
2025-01-10 17:29:31,080 - 未有可用模型，等待模型训练完成...
2025-01-10 17:30:01,092 - 未有可用模型，等待模型训练完成...
2025-01-10 17:30:31,094 - 未有可用模型，等待模型训练完成...
2025-01-10 17:31:01,110 - 未有可用模型，等待模型训练完成...
2025-01-10 17:31:10,353 - 训练与评估完成
2025-01-10 17:31:10,446 - 保存预测结果完成
2025-01-10 17:31:10,989 - 可视化结果完成
2025-01-10 17:31:11,270 - 模型已成功保存到 D:\my-vue-project\wind-power-forecast\backend\auto_scripts\models\shortmodel\20250110，模型可用。
2025-01-10 17:31:31,112 - 发现新的预测文件：D:\my-vue-project\wind-power-forecast\backend\auto_scripts\precsv\shortcsv\20250110.csv，执行预测...
2025-01-10 17:31:31,267 - 今天的训练和预测任务已完成。
