2025-03-22 18:19:19,409 - 定时任务启动成功，每周六 1:00 运行参数优化，每天 2:00 运行训练
2025-03-22 18:19:19,410 - 当前时间: 2025-03-22 18:19:19, 星期: 周六
2025-03-22 18:19:19,411 - 当前任务状态: 训练任务已执行=False, 参数优化任务已执行=False
2025-03-22 18:19:19,411 - 收到立即执行训练的命令，准备立即执行
2025-03-22 18:19:19,411 - 执行 auto_train.py
2025-03-22 18:20:54,270 - auto_train.py 执行成功
2025-03-22 18:20:54,271 - 检测到周六 1:00 参数优化未执行，立即补救运行
2025-03-22 18:20:54,271 - 开始执行参数优化任务
2025-03-22 18:22:03,419 - 定时任务启动成功，每周六 1:00 运行参数优化，每天 2:00 运行训练
2025-03-22 18:22:03,420 - 当前时间: 2025-03-22 18:22:03, 星期: 周六
2025-03-22 18:22:03,420 - 当前任务状态: 训练任务已执行=False, 参数优化任务已执行=False
2025-03-22 18:22:03,420 - 收到立即执行参数优化的命令，准备立即执行
2025-03-22 18:22:03,421 - 开始执行参数优化任务
2025-03-22 18:32:23,292 - 参数优化任务执行成功
2025-03-22 18:32:23,292 - 检测到 2:00 训练未执行，立即补救运行 auto_train.py
2025-03-22 18:32:23,292 - 执行 auto_train.py
2025-03-22 18:32:26,559 - auto_train.py 执行成功
2025-03-22 18:32:54,144 - 定时任务启动成功，每周六 1:00 运行参数优化，每天 2:00 运行训练
2025-03-22 18:32:54,144 - 当前时间: 2025-03-22 18:32:54, 星期: 周六
2025-03-22 18:32:54,145 - 检测到本周参数优化已经执行过 (标志文件: ./logs/param_optimizer\20250317_param_opt_done.flag)
2025-03-22 18:32:54,145 - 当前任务状态: 训练任务已执行=False, 参数优化任务已执行=True
2025-03-22 18:32:54,145 - 检测到本周参数优化已经执行过 (标志文件: ./logs/param_optimizer\20250317_param_opt_done.flag)
2025-03-22 18:32:54,145 - 检测到本周参数优化已经执行过 (标志文件: ./logs/param_optimizer\20250317_param_opt_done.flag)
2025-03-22 18:32:54,146 - 发现本周参数优化已执行过，更新任务状态
2025-03-22 18:32:54,146 - 检测到 2:00 训练未执行，立即补救运行 auto_train.py
2025-03-22 18:32:54,146 - 执行 auto_train.py
2025-03-22 18:32:57,387 - auto_train.py 执行成功
2025-03-22 19:00:27,024 - 当前时间: 2025-03-22 19:00:27, 星期: 周六
2025-03-22 19:00:27,025 - 检测到本周参数优化已经执行过 (标志文件: ./logs/param_optimizer\20250317_param_opt_done.flag)
2025-03-22 19:00:27,025 - 当前任务状态: 训练任务已执行=False, 参数优化任务已执行=True
2025-03-22 19:00:57,036 - 当前时间: 2025-03-22 19:00:57, 星期: 周六
2025-03-22 19:00:57,036 - 检测到本周参数优化已经执行过 (标志文件: ./logs/param_optimizer\20250317_param_opt_done.flag)
2025-03-22 19:00:57,036 - 当前任务状态: 训练任务已执行=False, 参数优化任务已执行=True
2025-03-22 19:41:20,824 - 定时任务启动成功，每周六 1:00 运行参数优化，每天 2:00 运行训练
2025-03-22 19:41:20,825 - 当前时间: 2025-03-22 19:41:20, 星期: 周六
2025-03-22 19:41:20,826 - 检测到本周参数优化已经执行过 (标志文件: ./logs/param_optimizer\20250317_param_opt_done.flag)
2025-03-22 19:41:20,826 - 当前任务状态: 训练任务已执行=False, 参数优化任务已执行=True
2025-03-22 19:41:20,826 - 检测到本周参数优化已经执行过 (标志文件: ./logs/param_optimizer\20250317_param_opt_done.flag)
2025-03-22 19:41:20,826 - 检测到本周参数优化已经执行过 (标志文件: ./logs/param_optimizer\20250317_param_opt_done.flag)
2025-03-22 19:41:20,826 - 发现本周参数优化已执行过，更新任务状态
2025-03-22 19:41:20,827 - 检测到 2:00 训练未执行，立即补救运行 auto_train.py
2025-03-22 19:41:20,827 - 执行 auto_train.py
2025-03-22 19:41:23,833 - auto_train.py 执行成功
2025-03-22 19:46:19,833 - 定时任务启动成功，每周六 1:00 运行参数优化，每天 2:00 运行训练
2025-03-22 19:46:19,834 - 检测到本周参数优化已经执行过 (标志文件: ./logs/param_optimizer\20250317_param_opt_done.flag)
2025-03-22 19:46:19,834 - 当前时间: 2025-03-22 19:46:19, 星期: 周六
2025-03-22 19:46:19,834 - 当前任务状态: 训练任务已执行=False, 参数优化任务已执行=True
2025-03-22 19:46:19,835 - 检测到 2:00 训练未执行，立即补救运行 auto_train.py
2025-03-22 19:46:19,835 - 执行 auto_train.py
2025-03-22 19:46:22,741 - auto_train.py 执行成功
2025-03-22 19:48:53,427 - 定时任务启动成功，每周六 1:00 运行参数优化，每天 2:00 运行训练
2025-03-22 19:48:53,427 - 检测到本周参数优化已经执行过 (标志文件: ./logs/param_optimizer\20250317_param_opt_done.flag)
2025-03-22 19:48:53,428 - 当前时间: 2025-03-22 19:48:53, 星期: 周六
2025-03-22 19:48:53,428 - 当前任务状态: 训练任务已执行=False, 参数优化任务已执行=True
2025-03-22 19:48:53,428 - 检测到本周参数优化已经执行过 (标志文件: ./logs/param_optimizer\20250317_param_opt_done.flag)
2025-03-22 19:48:53,429 - 检测到 2:00 训练未执行，立即补救运行 auto_train.py
2025-03-22 19:48:53,429 - 执行 auto_train.py
2025-03-22 19:48:56,434 - auto_train.py 执行成功
2025-03-22 19:49:26,438 - 检测到本周参数优化已经执行过 (标志文件: ./logs/param_optimizer\20250317_param_opt_done.flag)
2025-03-22 19:49:56,454 - 检测到本周参数优化已经执行过 (标志文件: ./logs/param_optimizer\20250317_param_opt_done.flag)
2025-03-22 19:55:12,823 - 定时任务启动成功，每周六 1:00 运行参数优化，每天 2:00 运行训练
2025-03-22 19:55:12,824 - False
2025-03-22 19:55:12,824 - 检测到本周参数优化已经执行过 (标志文件: ./logs/param_optimizer\20250317_param_opt_done.flag)
2025-03-22 19:55:12,824 - 当前时间: 2025-03-22 19:55:12, 星期: 周六
2025-03-22 19:55:12,825 - 当前任务状态: 训练任务已执行=False, 参数优化任务已执行=True
2025-03-22 19:55:12,825 - 检测到本周参数优化已经执行过 (标志文件: ./logs/param_optimizer\20250317_param_opt_done.flag)
2025-03-22 19:55:12,825 - 检测到 2:00 训练未执行，立即补救运行 auto_train.py
2025-03-22 19:55:12,825 - False
2025-03-22 19:55:12,826 - 执行 auto_train.py
2025-03-22 19:55:15,790 - auto_train.py 执行成功
2025-03-22 19:55:53,561 - 定时任务启动成功，每周六 1:00 运行参数优化，每天 2:00 运行训练
2025-03-22 19:55:53,563 - 检测到20250322的训练已经执行过 (标志文件: ./logs/auto_train\20250322_train_done.flag)
2025-03-22 19:55:53,563 - True
2025-03-22 19:55:53,563 - 检测到本周参数优化已经执行过 (标志文件: ./logs/param_optimizer\20250317_param_opt_done.flag)
2025-03-22 19:55:53,563 - 当前时间: 2025-03-22 19:55:53, 星期: 周六
2025-03-22 19:55:53,563 - 检测到今天(20250322)的训练已执行过，初始化状态为已完成
2025-03-22 19:55:53,564 - 当前任务状态: 训练任务已执行=True, 参数优化任务已执行=True
2025-03-22 19:55:53,564 - 检测到本周参数优化已经执行过 (标志文件: ./logs/param_optimizer\20250317_param_opt_done.flag)
2025-03-22 19:55:53,564 - 检测到20250322的训练已经执行过 (标志文件: ./logs/auto_train\20250322_train_done.flag)
2025-03-22 19:58:08,762 - 定时任务启动成功，每周六 1:00 运行参数优化，每天 2:00 运行训练
2025-03-22 19:58:08,763 - 检测到本周参数优化已经执行过 (标志文件: ./logs/param_optimizer\20250317_param_opt_done.flag)
2025-03-22 19:58:08,763 - 当前时间: 2025-03-22 19:58:08, 星期: 周六
2025-03-22 19:58:08,763 - 当前任务状态: 训练任务已执行=False, 参数优化任务已执行=True
2025-03-22 19:58:08,764 - 检测到本周参数优化已经执行过 (标志文件: ./logs/param_optimizer\20250317_param_opt_done.flag)
2025-03-22 19:58:08,764 - 检测到 2:00 训练未执行，立即补救运行 auto_train.py
2025-03-22 19:58:08,764 - False
2025-03-22 19:58:08,765 - 执行 auto_train.py
2025-03-22 19:59:44,549 - auto_train.py 执行成功
2025-03-22 20:00:14,552 - 当前时间: 2025-03-22 20:00:14, 星期: 周六
2025-03-22 20:00:14,553 - 当前任务状态: 训练任务已执行=True, 参数优化任务已执行=True
2025-03-22 20:00:14,555 - 检测到本周参数优化已经执行过 (标志文件: ./logs/param_optimizer\20250317_param_opt_done.flag)
2025-03-22 20:00:14,557 - 检测到20250322的训练已经执行过 (标志文件: ./logs/auto_train\20250322_train_done.flag)
2025-03-22 20:00:44,566 - 当前时间: 2025-03-22 20:00:44, 星期: 周六
2025-03-22 20:00:44,566 - 当前任务状态: 训练任务已执行=True, 参数优化任务已执行=True
2025-03-22 20:00:44,567 - 检测到本周参数优化已经执行过 (标志文件: ./logs/param_optimizer\20250317_param_opt_done.flag)
2025-03-22 20:00:44,568 - 检测到20250322的训练已经执行过 (标志文件: ./logs/auto_train\20250322_train_done.flag)
2025-03-22 20:01:14,575 - 检测到本周参数优化已经执行过 (标志文件: ./logs/param_optimizer\20250317_param_opt_done.flag)
2025-03-22 20:01:14,576 - 检测到20250322的训练已经执行过 (标志文件: ./logs/auto_train\20250322_train_done.flag)
2025-03-22 20:01:44,580 - 检测到本周参数优化已经执行过 (标志文件: ./logs/param_optimizer\20250317_param_opt_done.flag)
2025-03-22 20:01:44,580 - 检测到20250322的训练已经执行过 (标志文件: ./logs/auto_train\20250322_train_done.flag)
2025-03-22 20:02:14,588 - 检测到本周参数优化已经执行过 (标志文件: ./logs/param_optimizer\20250317_param_opt_done.flag)
2025-03-22 20:02:14,589 - 检测到20250322的训练已经执行过 (标志文件: ./logs/auto_train\20250322_train_done.flag)
2025-03-22 20:02:44,603 - 检测到本周参数优化已经执行过 (标志文件: ./logs/param_optimizer\20250317_param_opt_done.flag)
2025-03-22 20:02:44,603 - 检测到20250322的训练已经执行过 (标志文件: ./logs/auto_train\20250322_train_done.flag)
2025-03-22 20:03:14,605 - 检测到本周参数优化已经执行过 (标志文件: ./logs/param_optimizer\20250317_param_opt_done.flag)
2025-03-22 20:03:14,605 - 检测到20250322的训练已经执行过 (标志文件: ./logs/auto_train\20250322_train_done.flag)
2025-03-22 20:03:44,613 - 检测到本周参数优化已经执行过 (标志文件: ./logs/param_optimizer\20250317_param_opt_done.flag)
2025-03-22 20:03:44,613 - 检测到20250322的训练已经执行过 (标志文件: ./logs/auto_train\20250322_train_done.flag)
2025-03-22 20:04:14,617 - 检测到本周参数优化已经执行过 (标志文件: ./logs/param_optimizer\20250317_param_opt_done.flag)
2025-03-22 20:04:14,619 - 检测到20250322的训练已经执行过 (标志文件: ./logs/auto_train\20250322_train_done.flag)
2025-03-22 20:04:44,633 - 检测到本周参数优化已经执行过 (标志文件: ./logs/param_optimizer\20250317_param_opt_done.flag)
2025-03-22 20:04:44,633 - 检测到20250322的训练已经执行过 (标志文件: ./logs/auto_train\20250322_train_done.flag)
2025-03-22 20:05:14,645 - 检测到本周参数优化已经执行过 (标志文件: ./logs/param_optimizer\20250317_param_opt_done.flag)
2025-03-22 20:05:14,645 - 检测到20250322的训练已经执行过 (标志文件: ./logs/auto_train\20250322_train_done.flag)
2025-03-22 20:05:44,653 - 检测到本周参数优化已经执行过 (标志文件: ./logs/param_optimizer\20250317_param_opt_done.flag)
2025-03-22 20:05:44,653 - 检测到20250322的训练已经执行过 (标志文件: ./logs/auto_train\20250322_train_done.flag)
2025-03-22 20:06:14,655 - 检测到本周参数优化已经执行过 (标志文件: ./logs/param_optimizer\20250317_param_opt_done.flag)
2025-03-22 20:06:14,656 - 检测到20250322的训练已经执行过 (标志文件: ./logs/auto_train\20250322_train_done.flag)
2025-03-22 20:06:44,664 - 检测到本周参数优化已经执行过 (标志文件: ./logs/param_optimizer\20250317_param_opt_done.flag)
2025-03-22 20:06:44,666 - 检测到20250322的训练已经执行过 (标志文件: ./logs/auto_train\20250322_train_done.flag)
2025-03-22 20:07:14,680 - 检测到本周参数优化已经执行过 (标志文件: ./logs/param_optimizer\20250317_param_opt_done.flag)
2025-03-22 20:07:14,681 - 检测到20250322的训练已经执行过 (标志文件: ./logs/auto_train\20250322_train_done.flag)
2025-03-22 20:07:44,695 - 检测到本周参数优化已经执行过 (标志文件: ./logs/param_optimizer\20250317_param_opt_done.flag)
2025-03-22 20:07:44,695 - 检测到20250322的训练已经执行过 (标志文件: ./logs/auto_train\20250322_train_done.flag)
2025-03-22 20:08:14,705 - 检测到本周参数优化已经执行过 (标志文件: ./logs/param_optimizer\20250317_param_opt_done.flag)
2025-03-22 20:08:14,705 - 检测到20250322的训练已经执行过 (标志文件: ./logs/auto_train\20250322_train_done.flag)
2025-03-22 20:08:44,718 - 检测到本周参数优化已经执行过 (标志文件: ./logs/param_optimizer\20250317_param_opt_done.flag)
2025-03-22 20:08:44,719 - 检测到20250322的训练已经执行过 (标志文件: ./logs/auto_train\20250322_train_done.flag)
2025-03-22 20:09:14,734 - 检测到本周参数优化已经执行过 (标志文件: ./logs/param_optimizer\20250317_param_opt_done.flag)
2025-03-22 20:09:14,736 - 检测到20250322的训练已经执行过 (标志文件: ./logs/auto_train\20250322_train_done.flag)
2025-03-22 20:09:44,750 - 检测到本周参数优化已经执行过 (标志文件: ./logs/param_optimizer\20250317_param_opt_done.flag)
2025-03-22 20:09:44,752 - 检测到20250322的训练已经执行过 (标志文件: ./logs/auto_train\20250322_train_done.flag)
2025-03-22 20:10:14,758 - 检测到本周参数优化已经执行过 (标志文件: ./logs/param_optimizer\20250317_param_opt_done.flag)
2025-03-22 20:10:14,759 - 检测到20250322的训练已经执行过 (标志文件: ./logs/auto_train\20250322_train_done.flag)
2025-03-22 20:10:44,762 - 检测到本周参数优化已经执行过 (标志文件: ./logs/param_optimizer\20250317_param_opt_done.flag)
2025-03-22 20:10:44,764 - 检测到20250322的训练已经执行过 (标志文件: ./logs/auto_train\20250322_train_done.flag)
2025-03-22 20:11:14,769 - 检测到本周参数优化已经执行过 (标志文件: ./logs/param_optimizer\20250317_param_opt_done.flag)
2025-03-22 20:11:14,770 - 检测到20250322的训练已经执行过 (标志文件: ./logs/auto_train\20250322_train_done.flag)
2025-03-22 20:11:44,786 - 检测到本周参数优化已经执行过 (标志文件: ./logs/param_optimizer\20250317_param_opt_done.flag)
2025-03-22 20:11:44,786 - 检测到20250322的训练已经执行过 (标志文件: ./logs/auto_train\20250322_train_done.flag)
2025-03-22 20:12:14,799 - 检测到本周参数优化已经执行过 (标志文件: ./logs/param_optimizer\20250317_param_opt_done.flag)
2025-03-22 20:12:14,799 - 检测到20250322的训练已经执行过 (标志文件: ./logs/auto_train\20250322_train_done.flag)
2025-03-22 21:00:15,531 - 当前时间: 2025-03-22 21:00:15, 星期: 周六
2025-03-22 21:00:15,532 - 当前任务状态: 训练任务已执行=True, 参数优化任务已执行=True
2025-03-22 21:00:45,540 - 当前时间: 2025-03-22 21:00:45, 星期: 周六
2025-03-22 21:00:45,540 - 当前任务状态: 训练任务已执行=True, 参数优化任务已执行=True
