2025-01-09 16:57:14,065 - 定时任务启动成功，每天 1:00 运行 auto_pre_train.py
2025-01-09 16:57:14,065 - 检测到 1:00 未执行，立即补救运行 auto_pre_train.py
2025-01-09 16:57:14,065 - 执行 auto_pre_train.py
2025-01-10 14:07:13,746 - 定时任务启动成功，每天 1:00 运行 auto_pre_train.py
2025-01-10 14:07:13,748 - 检测到 1:00 未执行，立即补救运行 auto_pre_train.py
2025-01-10 14:07:13,748 - 执行 auto_pre_train.py
2025-01-10 14:13:45,600 - 定时任务启动成功，每天 1:00 运行 auto_pre_train.py
2025-01-10 14:13:45,601 - 检测到 1:00 未执行，立即补救运行 auto_pre_train.py
2025-01-10 14:13:45,601 - 执行 auto_pre_train.py
2025-01-10 14:34:37,387 - 定时任务启动成功，每天 1:00 运行 auto_pre_train.py
2025-01-10 14:34:37,388 - 检测到 1:00 未执行，立即补救运行 auto_pre_train.py
2025-01-10 14:34:37,388 - 执行 auto_pre_train.py
2025-01-10 14:36:36,937 - 定时任务启动成功，每天 1:00 运行 auto_pre_train.py
2025-01-10 14:36:36,938 - 检测到 1:00 未执行，立即补救运行 auto_pre_train.py
2025-01-10 14:36:36,938 - 执行 auto_pre_train.py
2025-01-10 14:47:41,786 - auto_pre_train.py 执行成功
2025-01-10 14:50:46,086 - 定时任务启动成功，每天 1:00 运行 auto_pre_train.py
2025-01-10 14:50:46,086 - 检测到 1:00 未执行，立即补救运行 auto_pre_train.py
2025-01-10 14:50:46,086 - 执行 auto_pre_train.py
2025-01-10 14:50:49,651 - auto_pre_train.py 执行成功
2025-01-10 15:56:44,956 - 定时任务启动成功，每天 1:00 运行 auto_pre_train.py
2025-01-10 15:56:44,956 - 检测到 1:00 未执行，立即补救运行 auto_pre_train.py
2025-01-10 15:56:44,956 - 执行 auto_pre_train.py
2025-01-10 16:08:57,071 - 定时任务启动成功，每天 1:00 运行 auto_pre_train.py
2025-01-10 16:08:57,072 - 检测到 1:00 未执行，立即补救运行 auto_pre_train.py
2025-01-10 16:08:57,072 - 执行 auto_pre_train.py
2025-01-10 16:15:01,296 - 定时任务启动成功，每天 1:00 运行 auto_pre_train.py
2025-01-10 16:15:01,297 - 检测到 1:00 未执行，立即补救运行 auto_pre_train.py
2025-01-10 16:15:01,297 - 执行 auto_pre_train.py
2025-01-10 16:19:49,067 - 定时任务启动成功，每天 1:00 运行 auto_pre_train.py
2025-01-10 16:19:49,068 - 检测到 1:00 未执行，立即补救运行 auto_pre_train.py
2025-01-10 16:19:49,068 - 执行 auto_pre_train.py
2025-01-10 16:23:47,839 - 定时任务启动成功，每天 1:00 运行 auto_pre_train.py
2025-01-10 16:23:47,841 - 检测到 1:00 未执行，立即补救运行 auto_pre_train.py
2025-01-10 16:23:47,841 - 执行 auto_pre_train.py
2025-01-10 16:43:51,458 - auto_pre_train.py 执行成功
2025-01-10 16:56:14,539 - 定时任务启动成功，每天 1:00 运行 auto_pre_train.py
2025-01-10 16:56:14,541 - 检测到 1:00 未执行，立即补救运行 auto_pre_train.py
2025-01-10 16:56:14,541 - 执行 auto_pre_train.py
2025-01-10 16:56:17,417 - auto_pre_train.py 执行成功
2025-01-10 17:03:52,163 - 定时任务启动成功，每天 1:00 运行 auto_pre_train.py
2025-01-10 17:03:52,163 - 检测到 1:00 未执行，立即补救运行 auto_pre_train.py
2025-01-10 17:03:52,164 - 执行 auto_pre_train.py
2025-01-10 17:31:32,135 - auto_pre_train.py 执行成功
2025-01-11 00:00:02,403 - 任务状态已重置，准备执行新一天的任务
2025-01-11 00:00:32,403 - 任务状态已重置，准备执行新一天的任务
2025-01-11 01:00:02,446 - 执行 auto_pre_train.py
2025-01-11 08:34:17,090 - auto_pre_train.py 执行成功
2025-01-11 14:01:15,536 - 定时任务启动成功，每天 1:00 运行 auto_pre_train.py
2025-01-11 14:01:15,536 - 检测到 1:00 未执行，立即补救运行 auto_pre_train.py
2025-01-11 14:01:15,536 - 执行 auto_pre_train.py
2025-01-11 14:01:18,460 - auto_pre_train.py 执行成功
2025-01-11 14:15:35,429 - 定时任务启动成功，每天 1:00 运行 auto_pre_train.py
2025-01-11 14:15:35,430 - 检测到 1:00 未执行，立即补救运行 auto_pre_train.py
2025-01-11 14:15:35,430 - 执行 auto_pre_train.py
2025-01-11 14:15:38,329 - auto_pre_train.py 执行成功
2025-01-11 14:42:52,803 - 定时任务启动成功，每天 1:00 运行 auto_pre_train.py
2025-01-11 14:42:52,803 - 检测到 1:00 未执行，立即补救运行 auto_pre_train.py
2025-01-11 14:42:52,803 - 执行 auto_pre_train.py
2025-01-11 14:42:56,161 - auto_pre_train.py 执行成功
2025-01-11 14:49:48,195 - 定时任务启动成功，每天 1:00 运行 auto_pre_train.py
2025-01-11 14:49:48,195 - 检测到 1:00 未执行，立即补救运行 auto_pre_train.py
2025-01-11 14:49:48,195 - 执行 auto_pre_train.py
2025-01-11 14:49:51,426 - auto_pre_train.py 执行成功
2025-01-11 15:22:42,711 - 定时任务启动成功，每天 1:00 运行 auto_pre_train.py
2025-01-11 15:22:42,713 - 检测到 1:00 未执行，立即补救运行 auto_pre_train.py
2025-01-11 15:22:42,713 - 执行 auto_pre_train.py
2025-01-11 15:22:44,902 - auto_pre_train.py 执行成功
2025-01-11 15:23:53,989 - 定时任务启动成功，每天 1:00 运行 auto_pre_train.py
2025-01-11 15:23:53,990 - 检测到 1:00 未执行，立即补救运行 auto_pre_train.py
2025-01-11 15:23:53,990 - 执行 auto_pre_train.py
2025-01-11 15:23:56,736 - auto_pre_train.py 执行成功
2025-01-11 20:03:35,005 - 定时任务启动成功，每天 1:00 运行 auto_pre_train.py
2025-01-11 20:03:35,007 - 检测到 1:00 未执行，立即补救运行 auto_pre_train.py
2025-01-11 20:03:35,007 - 执行 auto_pre_train.py
2025-01-11 20:03:37,738 - auto_pre_train.py 执行成功
2025-01-12 00:00:10,007 - 任务状态已重置，准备执行新一天的任务
2025-01-12 00:00:40,008 - 任务状态已重置，准备执行新一天的任务
2025-01-12 01:00:10,052 - 执行 auto_pre_train.py
2025-01-12 08:30:51,278 - auto_pre_train.py 执行成功
2025-01-12 20:05:55,312 - 定时任务启动成功，每天 1:00 运行 auto_pre_train.py
2025-01-12 20:05:55,312 - 检测到 1:00 未执行，立即补救运行 auto_pre_train.py
2025-01-12 20:05:55,312 - 执行 auto_pre_train.py
2025-01-12 20:05:58,147 - auto_pre_train.py 执行成功
2025-01-13 00:00:28,388 - 任务状态已重置，准备执行新一天的任务
2025-01-13 00:00:58,391 - 任务状态已重置，准备执行新一天的任务
2025-01-13 01:00:28,433 - 执行 auto_pre_train.py
2025-01-13 08:31:11,033 - auto_pre_train.py 执行成功
2025-01-14 00:00:14,598 - 任务状态已重置，准备执行新一天的任务
2025-01-14 00:00:44,599 - 任务状态已重置，准备执行新一天的任务
2025-01-14 01:00:14,650 - 执行 auto_pre_train.py
2025-01-14 08:30:26,126 - auto_pre_train.py 执行成功
2025-01-15 00:00:28,313 - 任务状态已重置，准备执行新一天的任务
2025-01-15 00:00:58,314 - 任务状态已重置，准备执行新一天的任务
2025-01-15 01:00:29,793 - 执行 auto_pre_train.py
2025-01-15 08:30:11,335 - auto_pre_train.py 执行成功
2025-01-16 00:00:14,915 - 任务状态已重置，准备执行新一天的任务
2025-01-16 00:00:44,915 - 任务状态已重置，准备执行新一天的任务
2025-01-16 01:00:14,966 - 执行 auto_pre_train.py
2025-01-16 08:30:26,392 - auto_pre_train.py 执行成功
2025-01-16 13:34:33,710 - 定时任务启动成功，每天 1:00 运行 auto_pre_train.py
2025-01-16 13:34:33,711 - 检测到 1:00 未执行，立即补救运行 auto_pre_train.py
2025-01-16 13:34:33,711 - 执行 auto_pre_train.py
2025-01-16 13:34:36,536 - auto_pre_train.py 执行成功
2025-01-16 20:29:03,751 - 定时任务启动成功，每天 1:00 运行 auto_pre_train.py
2025-01-16 20:29:03,753 - 检测到 1:00 未执行，立即补救运行 auto_pre_train.py
2025-01-16 20:29:03,753 - 执行 auto_pre_train.py
2025-01-16 20:29:06,718 - auto_pre_train.py 执行成功
2025-01-16 21:28:11,017 - 定时任务启动成功，每天 1:00 运行 auto_pre_train.py
2025-01-16 21:28:11,019 - 检测到 1:00 未执行，立即补救运行 auto_pre_train.py
2025-01-16 21:28:11,019 - 执行 auto_pre_train.py
2025-01-16 21:28:13,692 - auto_pre_train.py 执行成功
2025-01-16 21:29:30,742 - 定时任务启动成功，每天 1:00 运行 auto_pre_train.py
2025-01-16 21:29:30,746 - 检测到 1:00 未执行，立即补救运行 auto_pre_train.py
2025-01-16 21:29:30,746 - 执行 auto_pre_train.py
2025-01-16 21:29:33,371 - auto_pre_train.py 执行成功
2025-01-17 00:00:04,885 - 任务状态已重置，准备执行新一天的任务
2025-01-17 00:00:34,886 - 任务状态已重置，准备执行新一天的任务
2025-01-17 01:00:04,938 - 执行 auto_pre_train.py
2025-01-17 08:30:46,710 - auto_pre_train.py 执行成功
2025-01-18 00:00:18,900 - 任务状态已重置，准备执行新一天的任务
2025-01-18 00:00:48,901 - 任务状态已重置，准备执行新一天的任务
2025-01-18 01:00:18,958 - 执行 auto_pre_train.py
2025-01-18 08:31:00,724 - auto_pre_train.py 执行成功
2025-01-18 21:48:47,055 - 定时任务启动成功，每天 1:00 运行 auto_pre_train.py
2025-01-18 21:48:47,055 - 检测到 1:00 未执行，立即补救运行 auto_pre_train.py
2025-01-18 21:48:47,055 - 执行 auto_pre_train.py
2025-01-18 21:48:49,752 - auto_pre_train.py 执行成功
2025-01-18 21:49:18,165 - 定时任务启动成功，每天 1:00 运行 auto_pre_train.py
2025-01-18 21:49:18,166 - 检测到 1:00 未执行，立即补救运行 auto_pre_train.py
2025-01-18 21:49:18,166 - 执行 auto_pre_train.py
2025-01-18 21:49:20,334 - auto_pre_train.py 执行成功
2025-01-19 00:00:20,464 - 任务状态已重置，准备执行新一天的任务
2025-01-19 00:00:50,466 - 任务状态已重置，准备执行新一天的任务
2025-01-19 01:00:20,525 - 执行 auto_pre_train.py
2025-01-19 08:31:02,927 - auto_pre_train.py 执行成功
