2025-01-12 01:00:04,299 - 今天的日期是: 20250112
2025-01-12 01:00:04,300 - 开始监视 D:\my-vue-project\wind-power-forecast\backend\auto_scripts\dataset\dataset_supershort 文件夹以进行训练...
2025-01-12 01:00:04,300 - 发现新的训练文件：D:\my-vue-project\wind-power-forecast\backend\auto_scripts\dataset\dataset_supershort\20250112.csv，执行训练...
2025-01-12 01:00:04,300 - 输出结果将保存到: D:\my-vue-project\wind-power-forecast\backend\auto_scripts\train_predictions\supershort_predictions
2025-01-12 01:00:04,301 - 开始监视 D:\my-vue-project\wind-power-forecast\backend\auto_scripts\precsv\supershortcsv\20250112 文件夹以进行预测...
2025-01-12 01:00:04,301 - 模型不可用，等待模型训练完成...
2025-01-12 01:00:05,476 - 数据加载与预处理完成
2025-01-12 01:00:05,807 - 数据标准化完成
2025-01-12 01:00:06,518 - 创建时间窗口完成
2025-01-12 01:00:06,518 - 获取模型参数完成
2025-01-12 01:02:34,321 - 模型不可用，等待模型训练完成...
2025-01-12 01:05:04,342 - 模型不可用，等待模型训练完成...
2025-01-12 01:07:20,807 - 训练与评估完成
2025-01-12 01:07:20,930 - 保存预测结果完成
2025-01-12 01:07:21,449 - 可视化结果完成
2025-01-12 01:07:21,672 - 模型已成功保存到 D:\my-vue-project\wind-power-forecast\backend\auto_scripts\models\supershortmodel\20250112，模型可用。
2025-01-12 01:07:34,380 - 发现新的预测文件：202501120000.csv，执行预测...
2025-01-12 01:07:34,577 - 发现新的预测文件：202501120015.csv，执行预测...
2025-01-12 01:07:34,871 - 发现新的预测文件：202501120030.csv，执行预测...
2025-01-12 01:07:35,017 - 发现新的预测文件：202501120045.csv，执行预测...
2025-01-12 01:07:35,151 - 发现新的预测文件：202501120100.csv，执行预测...
2025-01-12 01:07:35,274 - 等待 3 分钟后重新检查新文件...
2025-01-12 01:10:35,282 - 等待 3 分钟后重新检查新文件...
2025-01-12 01:13:35,294 - 等待 3 分钟后重新检查新文件...
2025-01-12 01:16:35,304 - 发现新的预测文件：202501120115.csv，执行预测...
2025-01-12 01:16:35,417 - 等待 3 分钟后重新检查新文件...
2025-01-12 01:19:35,429 - 等待 3 分钟后重新检查新文件...
2025-01-12 01:22:35,434 - 等待 3 分钟后重新检查新文件...
2025-01-12 01:25:35,439 - 等待 3 分钟后重新检查新文件...
2025-01-12 01:28:35,448 - 等待 3 分钟后重新检查新文件...
2025-01-12 01:31:35,452 - 发现新的预测文件：202501120130.csv，执行预测...
2025-01-12 01:31:35,560 - 等待 3 分钟后重新检查新文件...
2025-01-12 01:34:35,577 - 等待 3 分钟后重新检查新文件...
2025-01-12 01:37:35,582 - 等待 3 分钟后重新检查新文件...
2025-01-12 01:40:35,591 - 等待 3 分钟后重新检查新文件...
2025-01-12 01:43:35,599 - 等待 3 分钟后重新检查新文件...
2025-01-12 01:46:35,606 - 发现新的预测文件：202501120145.csv，执行预测...
2025-01-12 01:46:35,675 - 等待 3 分钟后重新检查新文件...
2025-01-12 01:49:35,685 - 等待 3 分钟后重新检查新文件...
2025-01-12 01:52:35,689 - 等待 3 分钟后重新检查新文件...
2025-01-12 01:55:35,695 - 等待 3 分钟后重新检查新文件...
2025-01-12 01:58:35,698 - 等待 3 分钟后重新检查新文件...
2025-01-12 02:01:35,709 - 发现新的预测文件：202501120200.csv，执行预测...
2025-01-12 02:01:35,785 - 等待 3 分钟后重新检查新文件...
2025-01-12 02:04:35,794 - 等待 3 分钟后重新检查新文件...
2025-01-12 02:07:35,801 - 等待 3 分钟后重新检查新文件...
2025-01-12 02:10:35,809 - 等待 3 分钟后重新检查新文件...
2025-01-12 02:13:35,823 - 等待 3 分钟后重新检查新文件...
2025-01-12 02:16:35,829 - 发现新的预测文件：202501120215.csv，执行预测...
2025-01-12 02:16:35,908 - 等待 3 分钟后重新检查新文件...
2025-01-12 02:19:35,916 - 等待 3 分钟后重新检查新文件...
2025-01-12 02:22:35,924 - 等待 3 分钟后重新检查新文件...
2025-01-12 02:25:35,935 - 等待 3 分钟后重新检查新文件...
2025-01-12 02:28:35,948 - 等待 3 分钟后重新检查新文件...
2025-01-12 02:31:35,964 - 发现新的预测文件：202501120230.csv，执行预测...
2025-01-12 02:31:36,057 - 等待 3 分钟后重新检查新文件...
2025-01-12 02:34:36,070 - 等待 3 分钟后重新检查新文件...
2025-01-12 02:37:36,084 - 等待 3 分钟后重新检查新文件...
2025-01-12 02:40:36,086 - 等待 3 分钟后重新检查新文件...
2025-01-12 02:43:36,095 - 等待 3 分钟后重新检查新文件...
2025-01-12 02:46:36,096 - 发现新的预测文件：202501120245.csv，执行预测...
2025-01-12 02:46:36,189 - 等待 3 分钟后重新检查新文件...
2025-01-12 02:49:36,199 - 等待 3 分钟后重新检查新文件...
2025-01-12 02:52:36,205 - 等待 3 分钟后重新检查新文件...
2025-01-12 02:55:36,216 - 等待 3 分钟后重新检查新文件...
2025-01-12 02:58:36,218 - 等待 3 分钟后重新检查新文件...
2025-01-12 03:01:36,223 - 发现新的预测文件：202501120300.csv，执行预测...
2025-01-12 03:01:36,291 - 等待 3 分钟后重新检查新文件...
2025-01-12 03:04:36,307 - 等待 3 分钟后重新检查新文件...
2025-01-12 03:07:36,313 - 等待 3 分钟后重新检查新文件...
2025-01-12 03:10:36,327 - 等待 3 分钟后重新检查新文件...
2025-01-12 03:13:36,330 - 等待 3 分钟后重新检查新文件...
2025-01-12 03:16:36,335 - 发现新的预测文件：202501120315.csv，执行预测...
2025-01-12 03:16:36,420 - 等待 3 分钟后重新检查新文件...
2025-01-12 03:19:36,425 - 等待 3 分钟后重新检查新文件...
2025-01-12 03:22:36,438 - 等待 3 分钟后重新检查新文件...
2025-01-12 03:25:36,444 - 等待 3 分钟后重新检查新文件...
2025-01-12 03:28:36,457 - 等待 3 分钟后重新检查新文件...
2025-01-12 03:31:36,470 - 发现新的预测文件：202501120330.csv，执行预测...
2025-01-12 03:31:36,577 - 等待 3 分钟后重新检查新文件...
2025-01-12 03:34:36,585 - 等待 3 分钟后重新检查新文件...
2025-01-12 03:37:36,600 - 等待 3 分钟后重新检查新文件...
2025-01-12 03:40:36,610 - 等待 3 分钟后重新检查新文件...
2025-01-12 03:43:36,613 - 等待 3 分钟后重新检查新文件...
2025-01-12 03:46:36,626 - 发现新的预测文件：202501120345.csv，执行预测...
2025-01-12 03:46:36,717 - 等待 3 分钟后重新检查新文件...
2025-01-12 03:49:36,725 - 等待 3 分钟后重新检查新文件...
2025-01-12 03:52:36,738 - 等待 3 分钟后重新检查新文件...
2025-01-12 03:55:36,754 - 等待 3 分钟后重新检查新文件...
2025-01-12 03:58:36,759 - 等待 3 分钟后重新检查新文件...
2025-01-12 04:01:36,772 - 发现新的预测文件：202501120400.csv，执行预测...
2025-01-12 04:01:36,840 - 等待 3 分钟后重新检查新文件...
2025-01-12 04:04:36,856 - 等待 3 分钟后重新检查新文件...
2025-01-12 04:07:36,870 - 等待 3 分钟后重新检查新文件...
2025-01-12 04:10:36,875 - 等待 3 分钟后重新检查新文件...
2025-01-12 04:13:36,887 - 等待 3 分钟后重新检查新文件...
2025-01-12 04:16:36,904 - 发现新的预测文件：202501120415.csv，执行预测...
2025-01-12 04:16:36,986 - 等待 3 分钟后重新检查新文件...
2025-01-12 04:19:37,000 - 等待 3 分钟后重新检查新文件...
2025-01-12 04:22:37,007 - 等待 3 分钟后重新检查新文件...
2025-01-12 04:25:37,016 - 等待 3 分钟后重新检查新文件...
2025-01-12 04:28:37,027 - 等待 3 分钟后重新检查新文件...
2025-01-12 04:31:37,037 - 发现新的预测文件：202501120430.csv，执行预测...
2025-01-12 04:31:37,134 - 等待 3 分钟后重新检查新文件...
2025-01-12 04:34:37,150 - 等待 3 分钟后重新检查新文件...
2025-01-12 04:37:37,163 - 等待 3 分钟后重新检查新文件...
2025-01-12 04:40:37,167 - 等待 3 分钟后重新检查新文件...
2025-01-12 04:43:37,182 - 等待 3 分钟后重新检查新文件...
2025-01-12 04:46:37,185 - 发现新的预测文件：202501120445.csv，执行预测...
2025-01-12 04:46:37,261 - 等待 3 分钟后重新检查新文件...
2025-01-12 04:49:37,277 - 等待 3 分钟后重新检查新文件...
2025-01-12 04:52:37,286 - 等待 3 分钟后重新检查新文件...
2025-01-12 04:55:37,301 - 等待 3 分钟后重新检查新文件...
2025-01-12 04:58:37,307 - 等待 3 分钟后重新检查新文件...
2025-01-12 05:01:37,314 - 发现新的预测文件：202501120500.csv，执行预测...
2025-01-12 05:01:37,400 - 等待 3 分钟后重新检查新文件...
2025-01-12 05:04:37,407 - 等待 3 分钟后重新检查新文件...
2025-01-12 05:07:37,413 - 等待 3 分钟后重新检查新文件...
2025-01-12 05:10:37,430 - 等待 3 分钟后重新检查新文件...
2025-01-12 05:13:37,437 - 等待 3 分钟后重新检查新文件...
2025-01-12 05:16:37,447 - 发现新的预测文件：202501120515.csv，执行预测...
2025-01-12 05:16:37,525 - 等待 3 分钟后重新检查新文件...
2025-01-12 05:19:37,528 - 等待 3 分钟后重新检查新文件...
2025-01-12 05:22:37,534 - 等待 3 分钟后重新检查新文件...
2025-01-12 05:25:37,543 - 等待 3 分钟后重新检查新文件...
2025-01-12 05:28:37,557 - 等待 3 分钟后重新检查新文件...
2025-01-12 05:31:37,561 - 发现新的预测文件：202501120530.csv，执行预测...
2025-01-12 05:31:37,662 - 等待 3 分钟后重新检查新文件...
2025-01-12 05:34:37,677 - 等待 3 分钟后重新检查新文件...
2025-01-12 05:37:37,686 - 等待 3 分钟后重新检查新文件...
2025-01-12 05:40:37,695 - 等待 3 分钟后重新检查新文件...
2025-01-12 05:43:37,703 - 等待 3 分钟后重新检查新文件...
2025-01-12 05:46:37,716 - 发现新的预测文件：202501120545.csv，执行预测...
2025-01-12 05:46:37,781 - 等待 3 分钟后重新检查新文件...
2025-01-12 05:49:37,793 - 等待 3 分钟后重新检查新文件...
2025-01-12 05:52:37,796 - 等待 3 分钟后重新检查新文件...
2025-01-12 05:55:37,811 - 等待 3 分钟后重新检查新文件...
2025-01-12 05:58:37,823 - 等待 3 分钟后重新检查新文件...
2025-01-12 06:01:37,831 - 发现新的预测文件：202501120600.csv，执行预测...
2025-01-12 06:01:37,891 - 等待 3 分钟后重新检查新文件...
2025-01-12 06:04:37,907 - 等待 3 分钟后重新检查新文件...
2025-01-12 06:07:37,919 - 等待 3 分钟后重新检查新文件...
2025-01-12 06:10:37,924 - 等待 3 分钟后重新检查新文件...
2025-01-12 06:13:37,941 - 等待 3 分钟后重新检查新文件...
2025-01-12 06:16:37,959 - 发现新的预测文件：202501120615.csv，执行预测...
2025-01-12 06:16:38,033 - 等待 3 分钟后重新检查新文件...
2025-01-12 06:19:38,042 - 等待 3 分钟后重新检查新文件...
2025-01-12 06:22:38,054 - 等待 3 分钟后重新检查新文件...
2025-01-12 06:25:38,067 - 等待 3 分钟后重新检查新文件...
2025-01-12 06:28:38,081 - 等待 3 分钟后重新检查新文件...
2025-01-12 06:31:38,096 - 发现新的预测文件：202501120630.csv，执行预测...
2025-01-12 06:31:38,174 - 等待 3 分钟后重新检查新文件...
2025-01-12 06:34:38,184 - 等待 3 分钟后重新检查新文件...
2025-01-12 06:37:38,194 - 等待 3 分钟后重新检查新文件...
2025-01-12 06:40:38,196 - 等待 3 分钟后重新检查新文件...
2025-01-12 06:43:38,198 - 等待 3 分钟后重新检查新文件...
2025-01-12 06:46:38,211 - 发现新的预测文件：202501120645.csv，执行预测...
2025-01-12 06:46:38,315 - 等待 3 分钟后重新检查新文件...
2025-01-12 06:49:38,335 - 等待 3 分钟后重新检查新文件...
2025-01-12 06:52:38,351 - 等待 3 分钟后重新检查新文件...
2025-01-12 06:55:38,359 - 等待 3 分钟后重新检查新文件...
2025-01-12 06:58:38,369 - 等待 3 分钟后重新检查新文件...
2025-01-12 07:01:38,375 - 发现新的预测文件：202501120700.csv，执行预测...
2025-01-12 07:01:38,447 - 等待 3 分钟后重新检查新文件...
2025-01-12 07:04:38,452 - 等待 3 分钟后重新检查新文件...
2025-01-12 07:07:38,465 - 等待 3 分钟后重新检查新文件...
2025-01-12 07:10:38,476 - 等待 3 分钟后重新检查新文件...
2025-01-12 07:13:38,490 - 等待 3 分钟后重新检查新文件...
2025-01-12 07:16:38,497 - 发现新的预测文件：202501120715.csv，执行预测...
2025-01-12 07:16:38,579 - 等待 3 分钟后重新检查新文件...
2025-01-12 07:19:38,585 - 等待 3 分钟后重新检查新文件...
2025-01-12 07:22:38,597 - 等待 3 分钟后重新检查新文件...
2025-01-12 07:25:38,612 - 等待 3 分钟后重新检查新文件...
2025-01-12 07:28:38,620 - 等待 3 分钟后重新检查新文件...
2025-01-12 07:31:38,624 - 发现新的预测文件：202501120730.csv，执行预测...
2025-01-12 07:31:38,698 - 等待 3 分钟后重新检查新文件...
2025-01-12 07:34:38,714 - 等待 3 分钟后重新检查新文件...
2025-01-12 07:37:38,725 - 等待 3 分钟后重新检查新文件...
2025-01-12 07:40:38,738 - 等待 3 分钟后重新检查新文件...
2025-01-12 07:43:38,746 - 等待 3 分钟后重新检查新文件...
2025-01-12 07:46:38,749 - 发现新的预测文件：202501120745.csv，执行预测...
2025-01-12 07:46:38,864 - 等待 3 分钟后重新检查新文件...
2025-01-12 07:49:38,882 - 等待 3 分钟后重新检查新文件...
2025-01-12 07:52:38,897 - 等待 3 分钟后重新检查新文件...
2025-01-12 07:55:38,903 - 等待 3 分钟后重新检查新文件...
2025-01-12 07:58:38,917 - 等待 3 分钟后重新检查新文件...
2025-01-12 08:01:38,933 - 发现新的预测文件：202501120800.csv，执行预测...
2025-01-12 08:01:39,000 - 等待 3 分钟后重新检查新文件...
2025-01-12 08:04:39,009 - 等待 3 分钟后重新检查新文件...
2025-01-12 08:07:39,010 - 等待 3 分钟后重新检查新文件...
2025-01-12 08:10:39,026 - 等待 3 分钟后重新检查新文件...
2025-01-12 08:13:39,037 - 等待 3 分钟后重新检查新文件...
2025-01-12 08:16:39,041 - 发现新的预测文件：202501120815.csv，执行预测...
2025-01-12 08:16:39,116 - 等待 3 分钟后重新检查新文件...
2025-01-12 08:19:39,119 - 等待 3 分钟后重新检查新文件...
2025-01-12 08:22:39,135 - 等待 3 分钟后重新检查新文件...
2025-01-12 08:25:39,140 - 等待 3 分钟后重新检查新文件...
2025-01-12 08:28:39,142 - 等待 3 分钟后重新检查新文件...
2025-01-12 08:31:39,155 - 发现新的预测文件：202501120830.csv，执行预测...
2025-01-12 08:31:39,244 - 等待 3 分钟后重新检查新文件...
2025-01-12 08:34:39,257 - 等待 3 分钟后重新检查新文件...
2025-01-12 08:37:39,259 - 等待 3 分钟后重新检查新文件...
2025-01-12 08:40:39,266 - 等待 3 分钟后重新检查新文件...
2025-01-12 08:43:39,270 - 等待 3 分钟后重新检查新文件...
2025-01-12 08:46:39,277 - 发现新的预测文件：202501120845.csv，执行预测...
2025-01-12 08:46:39,371 - 等待 3 分钟后重新检查新文件...
2025-01-12 08:49:39,376 - 等待 3 分钟后重新检查新文件...
2025-01-12 08:52:39,393 - 等待 3 分钟后重新检查新文件...
2025-01-12 08:55:39,408 - 等待 3 分钟后重新检查新文件...
2025-01-12 08:58:39,414 - 等待 3 分钟后重新检查新文件...
2025-01-12 09:01:39,429 - 发现新的预测文件：202501120900.csv，执行预测...
2025-01-12 09:01:39,506 - 等待 3 分钟后重新检查新文件...
2025-01-12 09:04:39,516 - 等待 3 分钟后重新检查新文件...
2025-01-12 09:07:39,517 - 等待 3 分钟后重新检查新文件...
2025-01-12 09:10:39,521 - 等待 3 分钟后重新检查新文件...
2025-01-12 09:13:39,532 - 等待 3 分钟后重新检查新文件...
2025-01-12 09:16:39,545 - 发现新的预测文件：202501120915.csv，执行预测...
2025-01-12 09:16:39,622 - 等待 3 分钟后重新检查新文件...
2025-01-12 09:19:39,632 - 等待 3 分钟后重新检查新文件...
2025-01-12 09:22:39,644 - 等待 3 分钟后重新检查新文件...
2025-01-12 09:25:39,647 - 等待 3 分钟后重新检查新文件...
2025-01-12 09:28:39,658 - 等待 3 分钟后重新检查新文件...
2025-01-12 09:31:39,663 - 发现新的预测文件：202501120930.csv，执行预测...
2025-01-12 09:31:39,739 - 等待 3 分钟后重新检查新文件...
2025-01-12 09:34:39,741 - 等待 3 分钟后重新检查新文件...
2025-01-12 09:37:39,755 - 等待 3 分钟后重新检查新文件...
2025-01-12 09:40:39,770 - 等待 3 分钟后重新检查新文件...
2025-01-12 09:43:39,780 - 等待 3 分钟后重新检查新文件...
2025-01-12 09:46:39,792 - 发现新的预测文件：202501120945.csv，执行预测...
2025-01-12 09:46:39,881 - 等待 3 分钟后重新检查新文件...
2025-01-12 09:49:39,894 - 等待 3 分钟后重新检查新文件...
2025-01-12 09:52:39,904 - 等待 3 分钟后重新检查新文件...
2025-01-12 09:55:39,917 - 等待 3 分钟后重新检查新文件...
2025-01-12 09:58:39,927 - 等待 3 分钟后重新检查新文件...
2025-01-12 10:01:39,931 - 发现新的预测文件：202501121000.csv，执行预测...
2025-01-12 10:01:40,021 - 等待 3 分钟后重新检查新文件...
2025-01-12 10:04:40,036 - 等待 3 分钟后重新检查新文件...
2025-01-12 10:07:40,050 - 等待 3 分钟后重新检查新文件...
2025-01-12 10:10:40,056 - 等待 3 分钟后重新检查新文件...
2025-01-12 10:13:40,073 - 等待 3 分钟后重新检查新文件...
2025-01-12 10:16:40,080 - 发现新的预测文件：202501121015.csv，执行预测...
2025-01-12 10:16:40,155 - 等待 3 分钟后重新检查新文件...
2025-01-12 10:19:40,160 - 等待 3 分钟后重新检查新文件...
2025-01-12 10:22:40,178 - 等待 3 分钟后重新检查新文件...
2025-01-12 10:25:40,188 - 等待 3 分钟后重新检查新文件...
2025-01-12 10:28:40,190 - 等待 3 分钟后重新检查新文件...
2025-01-12 10:31:40,203 - 发现新的预测文件：202501121030.csv，执行预测...
2025-01-12 10:31:40,281 - 等待 3 分钟后重新检查新文件...
2025-01-12 10:34:40,285 - 等待 3 分钟后重新检查新文件...
2025-01-12 10:37:40,297 - 等待 3 分钟后重新检查新文件...
2025-01-12 10:40:40,305 - 等待 3 分钟后重新检查新文件...
2025-01-12 10:43:40,318 - 等待 3 分钟后重新检查新文件...
2025-01-12 10:46:40,327 - 发现新的预测文件：202501121045.csv，执行预测...
2025-01-12 10:46:40,400 - 等待 3 分钟后重新检查新文件...
2025-01-12 10:49:40,401 - 等待 3 分钟后重新检查新文件...
2025-01-12 10:52:40,415 - 等待 3 分钟后重新检查新文件...
2025-01-12 10:55:40,421 - 等待 3 分钟后重新检查新文件...
2025-01-12 10:58:40,439 - 等待 3 分钟后重新检查新文件...
2025-01-12 11:01:40,446 - 发现新的预测文件：202501121100.csv，执行预测...
2025-01-12 11:01:40,538 - 等待 3 分钟后重新检查新文件...
2025-01-12 11:04:40,551 - 等待 3 分钟后重新检查新文件...
2025-01-12 11:07:40,562 - 等待 3 分钟后重新检查新文件...
2025-01-12 11:10:40,573 - 等待 3 分钟后重新检查新文件...
2025-01-12 11:13:40,579 - 等待 3 分钟后重新检查新文件...
2025-01-12 11:16:40,582 - 发现新的预测文件：202501121115.csv，执行预测...
2025-01-12 11:16:40,661 - 等待 3 分钟后重新检查新文件...
2025-01-12 11:19:40,677 - 等待 3 分钟后重新检查新文件...
2025-01-12 11:22:40,682 - 等待 3 分钟后重新检查新文件...
2025-01-12 11:25:40,684 - 等待 3 分钟后重新检查新文件...
2025-01-12 11:28:40,701 - 等待 3 分钟后重新检查新文件...
2025-01-12 11:31:40,708 - 发现新的预测文件：202501121130.csv，执行预测...
2025-01-12 11:31:40,784 - 等待 3 分钟后重新检查新文件...
2025-01-12 11:34:40,788 - 等待 3 分钟后重新检查新文件...
2025-01-12 11:37:40,803 - 等待 3 分钟后重新检查新文件...
2025-01-12 11:40:40,811 - 等待 3 分钟后重新检查新文件...
2025-01-12 11:43:40,816 - 等待 3 分钟后重新检查新文件...
2025-01-12 11:46:40,821 - 发现新的预测文件：202501121145.csv，执行预测...
2025-01-12 11:46:40,898 - 等待 3 分钟后重新检查新文件...
2025-01-12 11:49:40,903 - 等待 3 分钟后重新检查新文件...
2025-01-12 11:52:40,906 - 等待 3 分钟后重新检查新文件...
2025-01-12 11:55:40,913 - 等待 3 分钟后重新检查新文件...
2025-01-12 11:58:40,928 - 等待 3 分钟后重新检查新文件...
2025-01-12 12:01:40,930 - 发现新的预测文件：202501121200.csv，执行预测...
2025-01-12 12:01:41,025 - 等待 3 分钟后重新检查新文件...
2025-01-12 12:04:41,036 - 等待 3 分钟后重新检查新文件...
2025-01-12 12:07:41,042 - 等待 3 分钟后重新检查新文件...
2025-01-12 12:10:41,058 - 等待 3 分钟后重新检查新文件...
2025-01-12 12:13:41,066 - 等待 3 分钟后重新检查新文件...
2025-01-12 12:16:41,071 - 发现新的预测文件：202501121215.csv，执行预测...
2025-01-12 12:16:41,139 - 等待 3 分钟后重新检查新文件...
2025-01-12 12:19:41,144 - 等待 3 分钟后重新检查新文件...
2025-01-12 12:22:41,159 - 等待 3 分钟后重新检查新文件...
2025-01-12 12:25:41,168 - 等待 3 分钟后重新检查新文件...
2025-01-12 12:28:41,174 - 等待 3 分钟后重新检查新文件...
2025-01-12 12:31:41,186 - 发现新的预测文件：202501121230.csv，执行预测...
2025-01-12 12:31:41,272 - 等待 3 分钟后重新检查新文件...
2025-01-12 12:34:41,281 - 等待 3 分钟后重新检查新文件...
2025-01-12 12:37:41,290 - 等待 3 分钟后重新检查新文件...
2025-01-12 12:40:41,304 - 等待 3 分钟后重新检查新文件...
2025-01-12 12:43:41,312 - 等待 3 分钟后重新检查新文件...
2025-01-12 12:46:41,325 - 发现新的预测文件：202501121245.csv，执行预测...
2025-01-12 12:46:41,402 - 等待 3 分钟后重新检查新文件...
2025-01-12 12:49:41,404 - 等待 3 分钟后重新检查新文件...
2025-01-12 12:52:41,408 - 等待 3 分钟后重新检查新文件...
2025-01-12 12:55:41,415 - 等待 3 分钟后重新检查新文件...
2025-01-12 12:58:41,418 - 等待 3 分钟后重新检查新文件...
2025-01-12 13:01:41,434 - 发现新的预测文件：202501121300.csv，执行预测...
2025-01-12 13:01:41,527 - 等待 3 分钟后重新检查新文件...
2025-01-12 13:04:41,544 - 等待 3 分钟后重新检查新文件...
2025-01-12 13:07:41,547 - 等待 3 分钟后重新检查新文件...
2025-01-12 13:10:41,549 - 等待 3 分钟后重新检查新文件...
2025-01-12 13:13:41,555 - 等待 3 分钟后重新检查新文件...
2025-01-12 13:16:41,560 - 发现新的预测文件：202501121315.csv，执行预测...
2025-01-12 13:16:41,637 - 等待 3 分钟后重新检查新文件...
2025-01-12 13:19:41,653 - 等待 3 分钟后重新检查新文件...
2025-01-12 13:22:41,669 - 等待 3 分钟后重新检查新文件...
2025-01-12 13:25:41,681 - 等待 3 分钟后重新检查新文件...
2025-01-12 13:28:41,687 - 等待 3 分钟后重新检查新文件...
2025-01-12 13:31:41,701 - 发现新的预测文件：202501121330.csv，执行预测...
2025-01-12 13:31:41,773 - 等待 3 分钟后重新检查新文件...
2025-01-12 13:34:41,783 - 等待 3 分钟后重新检查新文件...
2025-01-12 13:37:41,795 - 等待 3 分钟后重新检查新文件...
2025-01-12 13:40:41,809 - 等待 3 分钟后重新检查新文件...
2025-01-12 13:43:41,811 - 等待 3 分钟后重新检查新文件...
2025-01-12 13:46:41,823 - 发现新的预测文件：202501121345.csv，执行预测...
2025-01-12 13:46:41,904 - 等待 3 分钟后重新检查新文件...
2025-01-12 13:49:41,922 - 等待 3 分钟后重新检查新文件...
2025-01-12 13:52:41,938 - 等待 3 分钟后重新检查新文件...
2025-01-12 13:55:41,940 - 等待 3 分钟后重新检查新文件...
2025-01-12 13:58:41,944 - 等待 3 分钟后重新检查新文件...
2025-01-12 14:01:41,958 - 发现新的预测文件：202501121400.csv，执行预测...
2025-01-12 14:01:42,028 - 等待 3 分钟后重新检查新文件...
2025-01-12 14:04:42,031 - 等待 3 分钟后重新检查新文件...
2025-01-12 14:07:42,038 - 等待 3 分钟后重新检查新文件...
2025-01-12 14:10:42,045 - 等待 3 分钟后重新检查新文件...
2025-01-12 14:13:42,061 - 等待 3 分钟后重新检查新文件...
2025-01-12 14:16:42,063 - 发现新的预测文件：202501121415.csv，执行预测...
2025-01-12 14:16:42,159 - 等待 3 分钟后重新检查新文件...
2025-01-12 14:19:42,167 - 等待 3 分钟后重新检查新文件...
2025-01-12 14:22:42,172 - 等待 3 分钟后重新检查新文件...
2025-01-12 14:25:42,185 - 等待 3 分钟后重新检查新文件...
2025-01-12 14:28:42,191 - 等待 3 分钟后重新检查新文件...
2025-01-12 14:31:42,199 - 发现新的预测文件：202501121430.csv，执行预测...
2025-01-12 14:31:42,268 - 等待 3 分钟后重新检查新文件...
2025-01-12 14:34:42,283 - 等待 3 分钟后重新检查新文件...
2025-01-12 14:37:42,285 - 等待 3 分钟后重新检查新文件...
2025-01-12 14:40:42,297 - 等待 3 分钟后重新检查新文件...
2025-01-12 14:43:42,313 - 等待 3 分钟后重新检查新文件...
2025-01-12 14:46:42,327 - 发现新的预测文件：202501121445.csv，执行预测...
2025-01-12 14:46:42,410 - 等待 3 分钟后重新检查新文件...
2025-01-12 14:49:42,427 - 等待 3 分钟后重新检查新文件...
2025-01-12 14:52:42,438 - 等待 3 分钟后重新检查新文件...
2025-01-12 14:55:42,441 - 等待 3 分钟后重新检查新文件...
2025-01-12 14:58:42,445 - 等待 3 分钟后重新检查新文件...
2025-01-12 15:01:42,452 - 发现新的预测文件：202501121500.csv，执行预测...
2025-01-12 15:01:42,525 - 等待 3 分钟后重新检查新文件...
2025-01-12 15:04:42,541 - 等待 3 分钟后重新检查新文件...
2025-01-12 15:07:42,553 - 等待 3 分钟后重新检查新文件...
2025-01-12 15:10:42,567 - 等待 3 分钟后重新检查新文件...
2025-01-12 15:13:42,577 - 等待 3 分钟后重新检查新文件...
2025-01-12 15:16:42,581 - 发现新的预测文件：202501121515.csv，执行预测...
2025-01-12 15:16:42,697 - 等待 3 分钟后重新检查新文件...
2025-01-12 15:19:42,706 - 等待 3 分钟后重新检查新文件...
2025-01-12 15:22:42,709 - 等待 3 分钟后重新检查新文件...
2025-01-12 15:25:42,719 - 等待 3 分钟后重新检查新文件...
2025-01-12 15:28:42,725 - 等待 3 分钟后重新检查新文件...
2025-01-12 15:31:42,727 - 发现新的预测文件：202501121530.csv，执行预测...
2025-01-12 15:31:42,806 - 等待 3 分钟后重新检查新文件...
2025-01-12 15:34:42,823 - 等待 3 分钟后重新检查新文件...
2025-01-12 15:37:42,832 - 等待 3 分钟后重新检查新文件...
2025-01-12 15:40:42,844 - 等待 3 分钟后重新检查新文件...
2025-01-12 15:43:42,846 - 等待 3 分钟后重新检查新文件...
2025-01-12 15:46:42,855 - 发现新的预测文件：202501121545.csv，执行预测...
2025-01-12 15:46:42,916 - 等待 3 分钟后重新检查新文件...
2025-01-12 15:49:42,924 - 等待 3 分钟后重新检查新文件...
2025-01-12 15:52:42,936 - 等待 3 分钟后重新检查新文件...
2025-01-12 15:55:42,952 - 等待 3 分钟后重新检查新文件...
2025-01-12 15:58:42,962 - 等待 3 分钟后重新检查新文件...
2025-01-12 16:01:42,980 - 发现新的预测文件：202501121600.csv，执行预测...
2025-01-12 16:01:43,081 - 等待 3 分钟后重新检查新文件...
2025-01-12 16:04:43,088 - 等待 3 分钟后重新检查新文件...
2025-01-12 16:07:43,101 - 等待 3 分钟后重新检查新文件...
2025-01-12 16:10:43,112 - 等待 3 分钟后重新检查新文件...
2025-01-12 16:13:43,124 - 等待 3 分钟后重新检查新文件...
2025-01-12 16:16:43,136 - 发现新的预测文件：202501121615.csv，执行预测...
2025-01-12 16:16:43,250 - 等待 3 分钟后重新检查新文件...
2025-01-12 16:19:43,259 - 等待 3 分钟后重新检查新文件...
2025-01-12 16:22:43,273 - 等待 3 分钟后重新检查新文件...
2025-01-12 16:25:43,278 - 等待 3 分钟后重新检查新文件...
2025-01-12 16:28:43,285 - 等待 3 分钟后重新检查新文件...
2025-01-12 16:31:43,292 - 发现新的预测文件：202501121630.csv，执行预测...
2025-01-12 16:31:43,367 - 等待 3 分钟后重新检查新文件...
2025-01-12 16:34:43,377 - 等待 3 分钟后重新检查新文件...
2025-01-12 16:37:43,393 - 等待 3 分钟后重新检查新文件...
2025-01-12 16:40:43,408 - 等待 3 分钟后重新检查新文件...
2025-01-12 16:43:43,413 - 等待 3 分钟后重新检查新文件...
2025-01-12 16:46:43,416 - 发现新的预测文件：202501121645.csv，执行预测...
2025-01-12 16:46:43,499 - 等待 3 分钟后重新检查新文件...
2025-01-12 16:49:43,507 - 等待 3 分钟后重新检查新文件...
2025-01-12 16:52:43,509 - 等待 3 分钟后重新检查新文件...
2025-01-12 16:55:43,526 - 等待 3 分钟后重新检查新文件...
2025-01-12 16:58:43,532 - 等待 3 分钟后重新检查新文件...
2025-01-12 17:01:43,548 - 发现新的预测文件：202501121700.csv，执行预测...
2025-01-12 17:01:43,614 - 等待 3 分钟后重新检查新文件...
2025-01-12 17:04:43,621 - 等待 3 分钟后重新检查新文件...
2025-01-12 17:07:43,633 - 等待 3 分钟后重新检查新文件...
2025-01-12 17:10:43,641 - 等待 3 分钟后重新检查新文件...
2025-01-12 17:13:43,654 - 等待 3 分钟后重新检查新文件...
2025-01-12 17:16:43,667 - 发现新的预测文件：202501121715.csv，执行预测...
2025-01-12 17:16:43,779 - 等待 3 分钟后重新检查新文件...
2025-01-12 17:19:43,785 - 等待 3 分钟后重新检查新文件...
2025-01-12 17:22:43,792 - 等待 3 分钟后重新检查新文件...
2025-01-12 17:25:43,805 - 等待 3 分钟后重新检查新文件...
2025-01-12 17:28:43,811 - 等待 3 分钟后重新检查新文件...
2025-01-12 17:31:43,828 - 发现新的预测文件：202501121730.csv，执行预测...
2025-01-12 17:31:43,909 - 等待 3 分钟后重新检查新文件...
2025-01-12 17:34:43,927 - 等待 3 分钟后重新检查新文件...
2025-01-12 17:37:43,939 - 等待 3 分钟后重新检查新文件...
2025-01-12 17:40:43,948 - 等待 3 分钟后重新检查新文件...
2025-01-12 17:43:43,960 - 等待 3 分钟后重新检查新文件...
2025-01-12 17:46:43,970 - 发现新的预测文件：202501121745.csv，执行预测...
2025-01-12 17:46:44,044 - 等待 3 分钟后重新检查新文件...
2025-01-12 17:49:44,052 - 等待 3 分钟后重新检查新文件...
2025-01-12 17:52:44,056 - 等待 3 分钟后重新检查新文件...
2025-01-12 17:55:47,007 - 等待 3 分钟后重新检查新文件...
2025-01-12 17:58:47,010 - 等待 3 分钟后重新检查新文件...
2025-01-12 18:01:47,021 - 发现新的预测文件：202501121800.csv，执行预测...
2025-01-12 18:01:47,109 - 等待 3 分钟后重新检查新文件...
2025-01-12 18:04:47,120 - 等待 3 分钟后重新检查新文件...
2025-01-12 18:07:47,122 - 等待 3 分钟后重新检查新文件...
2025-01-12 18:10:47,125 - 等待 3 分钟后重新检查新文件...
2025-01-12 18:13:47,137 - 等待 3 分钟后重新检查新文件...
2025-01-12 18:16:47,147 - 发现新的预测文件：202501121815.csv，执行预测...
2025-01-12 18:16:47,229 - 等待 3 分钟后重新检查新文件...
2025-01-12 18:19:47,232 - 等待 3 分钟后重新检查新文件...
2025-01-12 18:22:47,239 - 等待 3 分钟后重新检查新文件...
2025-01-12 18:25:47,246 - 等待 3 分钟后重新检查新文件...
2025-01-12 18:28:47,249 - 等待 3 分钟后重新检查新文件...
2025-01-12 18:31:47,261 - 发现新的预测文件：202501121830.csv，执行预测...
2025-01-12 18:31:47,381 - 等待 3 分钟后重新检查新文件...
2025-01-12 18:34:47,387 - 等待 3 分钟后重新检查新文件...
2025-01-12 18:37:47,394 - 等待 3 分钟后重新检查新文件...
2025-01-12 18:40:47,405 - 等待 3 分钟后重新检查新文件...
2025-01-12 18:43:47,413 - 等待 3 分钟后重新检查新文件...
2025-01-12 18:46:47,430 - 发现新的预测文件：202501121845.csv，执行预测...
2025-01-12 18:46:47,522 - 等待 3 分钟后重新检查新文件...
2025-01-12 18:49:47,525 - 等待 3 分钟后重新检查新文件...
2025-01-12 18:52:47,536 - 等待 3 分钟后重新检查新文件...
2025-01-12 18:55:47,540 - 等待 3 分钟后重新检查新文件...
2025-01-12 18:58:47,548 - 等待 3 分钟后重新检查新文件...
2025-01-12 19:01:47,553 - 发现新的预测文件：202501121900.csv，执行预测...
2025-01-12 19:01:47,639 - 等待 3 分钟后重新检查新文件...
2025-01-12 19:04:47,654 - 等待 3 分钟后重新检查新文件...
2025-01-12 19:07:47,660 - 等待 3 分钟后重新检查新文件...
2025-01-12 19:10:47,674 - 等待 3 分钟后重新检查新文件...
2025-01-12 19:13:47,678 - 等待 3 分钟后重新检查新文件...
2025-01-12 19:16:47,691 - 发现新的预测文件：202501121915.csv，执行预测...
2025-01-12 19:16:47,761 - 等待 3 分钟后重新检查新文件...
2025-01-12 19:19:47,764 - 等待 3 分钟后重新检查新文件...
2025-01-12 19:22:47,781 - 等待 3 分钟后重新检查新文件...
2025-01-12 19:25:47,790 - 等待 3 分钟后重新检查新文件...
2025-01-12 19:28:47,797 - 等待 3 分钟后重新检查新文件...
2025-01-12 19:31:47,805 - 发现新的预测文件：202501121930.csv，执行预测...
2025-01-12 19:31:47,899 - 等待 3 分钟后重新检查新文件...
2025-01-12 19:34:47,914 - 等待 3 分钟后重新检查新文件...
2025-01-12 19:37:47,929 - 等待 3 分钟后重新检查新文件...
2025-01-12 20:05:58,090 - 今天的日期是: 20250112
2025-01-12 20:05:58,091 - 开始监视 D:\my-vue-project\wind-power-forecast\backend\auto_scripts\dataset\dataset_supershort 文件夹以进行训练...
2025-01-12 20:05:58,092 - 今天的训练已经执行过，跳过...
2025-01-12 20:05:58,092 - 开始监视 D:\my-vue-project\wind-power-forecast\backend\auto_scripts\precsv\supershortcsv\20250112 文件夹以进行预测...
2025-01-12 20:05:58,092 - 发现新的预测文件：202501120000.csv，执行预测...
2025-01-12 20:05:58,268 - 发现新的预测文件：202501120015.csv，执行预测...
2025-01-12 20:05:58,348 - 发现新的预测文件：202501120030.csv，执行预测...
2025-01-12 20:05:58,425 - 发现新的预测文件：202501120045.csv，执行预测...
2025-01-12 20:05:58,495 - 发现新的预测文件：202501120100.csv，执行预测...
2025-01-12 20:05:58,603 - 发现新的预测文件：202501120115.csv，执行预测...
2025-01-12 20:05:58,678 - 发现新的预测文件：202501120130.csv，执行预测...
2025-01-12 20:05:58,738 - 发现新的预测文件：202501120145.csv，执行预测...
2025-01-12 20:05:58,812 - 发现新的预测文件：202501120200.csv，执行预测...
2025-01-12 20:05:58,876 - 发现新的预测文件：202501120215.csv，执行预测...
2025-01-12 20:05:58,966 - 发现新的预测文件：202501120230.csv，执行预测...
2025-01-12 20:05:59,034 - 发现新的预测文件：202501120245.csv，执行预测...
2025-01-12 20:05:59,110 - 发现新的预测文件：202501120300.csv，执行预测...
2025-01-12 20:05:59,174 - 发现新的预测文件：202501120315.csv，执行预测...
2025-01-12 20:05:59,286 - 发现新的预测文件：202501120330.csv，执行预测...
2025-01-12 20:05:59,353 - 发现新的预测文件：202501120345.csv，执行预测...
2025-01-12 20:05:59,425 - 发现新的预测文件：202501120400.csv，执行预测...
2025-01-12 20:05:59,497 - 发现新的预测文件：202501120415.csv，执行预测...
2025-01-12 20:05:59,605 - 发现新的预测文件：202501120430.csv，执行预测...
2025-01-12 20:05:59,681 - 发现新的预测文件：202501120445.csv，执行预测...
2025-01-12 20:05:59,747 - 发现新的预测文件：202501120500.csv，执行预测...
2025-01-12 20:05:59,816 - 发现新的预测文件：202501120515.csv，执行预测...
2025-01-12 20:05:59,925 - 发现新的预测文件：202501120530.csv，执行预测...
2025-01-12 20:05:59,996 - 发现新的预测文件：202501120545.csv，执行预测...
2025-01-12 20:06:00,081 - 发现新的预测文件：202501120600.csv，执行预测...
2025-01-12 20:06:00,163 - 发现新的预测文件：202501120615.csv，执行预测...
2025-01-12 20:06:00,236 - 发现新的预测文件：202501120630.csv，执行预测...
2025-01-12 20:06:00,347 - 发现新的预测文件：202501120645.csv，执行预测...
2025-01-12 20:06:00,433 - 发现新的预测文件：202501120700.csv，执行预测...
2025-01-12 20:06:00,533 - 发现新的预测文件：202501120715.csv，执行预测...
2025-01-12 20:06:00,623 - 发现新的预测文件：202501120730.csv，执行预测...
2025-01-12 20:06:00,736 - 发现新的预测文件：202501120745.csv，执行预测...
2025-01-12 20:06:00,809 - 发现新的预测文件：202501120800.csv，执行预测...
2025-01-12 20:06:00,885 - 发现新的预测文件：202501120815.csv，执行预测...
2025-01-12 20:06:00,993 - 发现新的预测文件：202501120830.csv，执行预测...
2025-01-12 20:06:01,111 - 发现新的预测文件：202501120845.csv，执行预测...
2025-01-12 20:06:01,177 - 发现新的预测文件：202501120900.csv，执行预测...
2025-01-12 20:06:01,274 - 发现新的预测文件：202501120915.csv，执行预测...
2025-01-12 20:06:01,369 - 发现新的预测文件：202501120930.csv，执行预测...
2025-01-12 20:06:01,446 - 发现新的预测文件：202501120945.csv，执行预测...
2025-01-12 20:06:01,567 - 发现新的预测文件：202501121000.csv，执行预测...
2025-01-12 20:06:01,633 - 发现新的预测文件：202501121015.csv，执行预测...
2025-01-12 20:06:01,712 - 发现新的预测文件：202501121030.csv，执行预测...
2025-01-12 20:06:01,807 - 发现新的预测文件：202501121045.csv，执行预测...
2025-01-12 20:06:01,912 - 发现新的预测文件：202501121100.csv，执行预测...
2025-01-12 20:06:02,003 - 发现新的预测文件：202501121115.csv，执行预测...
2025-01-12 20:06:02,079 - 发现新的预测文件：202501121130.csv，执行预测...
2025-01-12 20:06:02,158 - 发现新的预测文件：202501121145.csv，执行预测...
2025-01-12 20:06:02,271 - 发现新的预测文件：202501121200.csv，执行预测...
2025-01-12 20:06:02,364 - 发现新的预测文件：202501121215.csv，执行预测...
2025-01-12 20:06:02,432 - 发现新的预测文件：202501121230.csv，执行预测...
2025-01-12 20:06:02,497 - 发现新的预测文件：202501121245.csv，执行预测...
2025-01-12 20:06:02,606 - 发现新的预测文件：202501121300.csv，执行预测...
2025-01-12 20:06:02,675 - 发现新的预测文件：202501121315.csv，执行预测...
2025-01-12 20:06:02,756 - 发现新的预测文件：202501121330.csv，执行预测...
2025-01-12 20:06:02,853 - 发现新的预测文件：202501121345.csv，执行预测...
2025-01-12 20:06:02,929 - 发现新的预测文件：202501121400.csv，执行预测...
2025-01-12 20:06:03,039 - 发现新的预测文件：202501121415.csv，执行预测...
2025-01-12 20:06:03,123 - 发现新的预测文件：202501121430.csv，执行预测...
2025-01-12 20:06:03,202 - 发现新的预测文件：202501121445.csv，执行预测...
2025-01-12 20:06:03,302 - 发现新的预测文件：202501121500.csv，执行预测...
2025-01-12 20:06:03,406 - 发现新的预测文件：202501121515.csv，执行预测...
2025-01-12 20:06:03,484 - 发现新的预测文件：202501121530.csv，执行预测...
2025-01-12 20:06:03,582 - 发现新的预测文件：202501121545.csv，执行预测...
2025-01-12 20:06:03,660 - 发现新的预测文件：202501121600.csv，执行预测...
2025-01-12 20:06:03,766 - 发现新的预测文件：202501121615.csv，执行预测...
2025-01-12 20:06:03,859 - 发现新的预测文件：202501121630.csv，执行预测...
2025-01-12 20:06:03,945 - 发现新的预测文件：202501121645.csv，执行预测...
2025-01-12 20:06:04,034 - 发现新的预测文件：202501121700.csv，执行预测...
2025-01-12 20:06:04,148 - 发现新的预测文件：202501121715.csv，执行预测...
2025-01-12 20:06:04,246 - 发现新的预测文件：202501121730.csv，执行预测...
2025-01-12 20:06:04,350 - 发现新的预测文件：202501121745.csv，执行预测...
2025-01-12 20:06:04,431 - 发现新的预测文件：202501121800.csv，执行预测...
2025-01-12 20:06:04,513 - 发现新的预测文件：202501121815.csv，执行预测...
2025-01-12 20:06:04,607 - 发现新的预测文件：202501121830.csv，执行预测...
2025-01-12 20:06:04,692 - 发现新的预测文件：202501121845.csv，执行预测...
2025-01-12 20:06:04,765 - 发现新的预测文件：202501121900.csv，执行预测...
2025-01-12 20:06:04,848 - 发现新的预测文件：202501121915.csv，执行预测...
2025-01-12 20:06:04,947 - 发现新的预测文件：202501121930.csv，执行预测...
2025-01-12 20:06:05,039 - 等待 3 分钟后重新检查新文件...
2025-01-12 20:09:05,041 - 等待 3 分钟后重新检查新文件...
2025-01-12 20:12:05,048 - 等待 3 分钟后重新检查新文件...
2025-01-12 20:15:05,061 - 等待 3 分钟后重新检查新文件...
2025-01-12 20:18:05,071 - 发现新的预测文件：202501122015.csv，执行预测...
2025-01-12 20:18:05,189 - 等待 3 分钟后重新检查新文件...
2025-01-12 20:21:05,202 - 等待 3 分钟后重新检查新文件...
2025-01-12 20:24:05,208 - 等待 3 分钟后重新检查新文件...
2025-01-12 20:27:05,223 - 等待 3 分钟后重新检查新文件...
2025-01-12 20:30:05,230 - 等待 3 分钟后重新检查新文件...
2025-01-12 20:33:05,243 - 发现新的预测文件：202501122030.csv，执行预测...
2025-01-12 20:33:05,357 - 等待 3 分钟后重新检查新文件...
2025-01-12 20:36:05,374 - 等待 3 分钟后重新检查新文件...
2025-01-12 20:39:05,385 - 等待 3 分钟后重新检查新文件...
2025-01-12 20:42:05,466 - 等待 3 分钟后重新检查新文件...
2025-01-12 20:45:05,500 - 等待 3 分钟后重新检查新文件...
2025-01-12 20:48:05,510 - 发现新的预测文件：202501122045.csv，执行预测...
2025-01-12 20:48:06,024 - 等待 3 分钟后重新检查新文件...
2025-01-12 20:51:06,039 - 等待 3 分钟后重新检查新文件...
2025-01-12 20:54:06,055 - 等待 3 分钟后重新检查新文件...
2025-01-12 20:57:06,064 - 等待 3 分钟后重新检查新文件...
2025-01-12 21:00:06,068 - 等待 3 分钟后重新检查新文件...
2025-01-12 21:03:06,077 - 发现新的预测文件：202501122100.csv，执行预测...
2025-01-12 21:03:06,193 - 等待 3 分钟后重新检查新文件...
2025-01-12 21:06:06,197 - 等待 3 分钟后重新检查新文件...
2025-01-12 21:09:06,211 - 等待 3 分钟后重新检查新文件...
2025-01-12 21:12:06,225 - 等待 3 分钟后重新检查新文件...
2025-01-12 21:15:06,238 - 等待 3 分钟后重新检查新文件...
2025-01-12 21:18:06,244 - 发现新的预测文件：202501122115.csv，执行预测...
2025-01-12 21:18:06,361 - 等待 3 分钟后重新检查新文件...
2025-01-12 21:21:06,377 - 等待 3 分钟后重新检查新文件...
2025-01-12 21:24:06,385 - 等待 3 分钟后重新检查新文件...
2025-01-12 21:27:06,390 - 等待 3 分钟后重新检查新文件...
2025-01-12 21:30:06,402 - 等待 3 分钟后重新检查新文件...
2025-01-12 21:33:06,411 - 发现新的预测文件：202501122130.csv，执行预测...
2025-01-12 21:33:06,524 - 等待 3 分钟后重新检查新文件...
2025-01-12 21:36:06,539 - 等待 3 分钟后重新检查新文件...
2025-01-12 21:39:06,546 - 等待 3 分钟后重新检查新文件...
2025-01-12 21:42:06,549 - 等待 3 分钟后重新检查新文件...
2025-01-12 21:45:06,558 - 等待 3 分钟后重新检查新文件...
2025-01-12 21:48:06,574 - 发现新的预测文件：202501122145.csv，执行预测...
2025-01-12 21:48:06,716 - 等待 3 分钟后重新检查新文件...
2025-01-12 21:51:06,720 - 等待 3 分钟后重新检查新文件...
2025-01-12 21:54:06,728 - 等待 3 分钟后重新检查新文件...
2025-01-12 21:57:06,733 - 等待 3 分钟后重新检查新文件...
2025-01-12 22:00:06,737 - 等待 3 分钟后重新检查新文件...
2025-01-12 22:03:06,746 - 发现新的预测文件：202501122200.csv，执行预测...
2025-01-12 22:03:06,861 - 等待 3 分钟后重新检查新文件...
2025-01-12 22:06:06,864 - 等待 3 分钟后重新检查新文件...
2025-01-12 22:09:06,879 - 等待 3 分钟后重新检查新文件...
2025-01-12 22:12:06,895 - 等待 3 分钟后重新检查新文件...
2025-01-12 22:15:06,897 - 等待 3 分钟后重新检查新文件...
2025-01-12 22:18:06,907 - 发现新的预测文件：202501122215.csv，执行预测...
2025-01-12 22:18:07,023 - 等待 3 分钟后重新检查新文件...
2025-01-12 22:21:07,030 - 等待 3 分钟后重新检查新文件...
2025-01-12 22:24:07,036 - 等待 3 分钟后重新检查新文件...
2025-01-12 22:27:07,047 - 等待 3 分钟后重新检查新文件...
2025-01-12 22:30:07,057 - 等待 3 分钟后重新检查新文件...
2025-01-12 22:33:07,066 - 发现新的预测文件：202501122230.csv，执行预测...
2025-01-12 22:33:07,180 - 等待 3 分钟后重新检查新文件...
2025-01-12 22:36:07,187 - 等待 3 分钟后重新检查新文件...
2025-01-12 22:39:07,196 - 等待 3 分钟后重新检查新文件...
2025-01-12 22:42:07,206 - 等待 3 分钟后重新检查新文件...
2025-01-12 22:45:07,210 - 等待 3 分钟后重新检查新文件...
2025-01-12 22:48:07,226 - 发现新的预测文件：202501122245.csv，执行预测...
2025-01-12 22:48:07,344 - 等待 3 分钟后重新检查新文件...
2025-01-12 22:51:07,353 - 等待 3 分钟后重新检查新文件...
2025-01-12 22:54:07,364 - 等待 3 分钟后重新检查新文件...
2025-01-12 22:57:07,379 - 等待 3 分钟后重新检查新文件...
2025-01-12 23:00:07,389 - 等待 3 分钟后重新检查新文件...
2025-01-12 23:03:07,391 - 发现新的预测文件：202501122300.csv，执行预测...
2025-01-12 23:03:07,530 - 等待 3 分钟后重新检查新文件...
2025-01-12 23:06:07,536 - 等待 3 分钟后重新检查新文件...
2025-01-12 23:09:07,541 - 等待 3 分钟后重新检查新文件...
2025-01-12 23:12:07,550 - 等待 3 分钟后重新检查新文件...
2025-01-12 23:15:07,553 - 等待 3 分钟后重新检查新文件...
2025-01-12 23:18:07,561 - 发现新的预测文件：202501122315.csv，执行预测...
2025-01-12 23:18:07,675 - 等待 3 分钟后重新检查新文件...
2025-01-12 23:21:07,685 - 等待 3 分钟后重新检查新文件...
2025-01-12 23:24:07,689 - 等待 3 分钟后重新检查新文件...
2025-01-12 23:27:07,696 - 等待 3 分钟后重新检查新文件...
2025-01-12 23:30:07,701 - 等待 3 分钟后重新检查新文件...
2025-01-12 23:33:07,706 - 发现新的预测文件：202501122330.csv，执行预测...
2025-01-12 23:33:07,822 - 等待 3 分钟后重新检查新文件...
2025-01-12 23:36:07,828 - 等待 3 分钟后重新检查新文件...
2025-01-12 23:39:07,842 - 等待 3 分钟后重新检查新文件...
2025-01-12 23:42:07,858 - 等待 3 分钟后重新检查新文件...
2025-01-12 23:45:07,873 - 等待 3 分钟后重新检查新文件...
2025-01-12 23:48:07,881 - 发现新的预测文件：202501122345.csv，执行预测...
2025-01-12 23:48:07,994 - 等待 3 分钟后重新检查新文件...
2025-01-12 23:51:08,008 - 等待 3 分钟后重新检查新文件...
2025-01-12 23:54:08,020 - 等待 3 分钟后重新检查新文件...
2025-01-12 23:57:08,036 - 等待 3 分钟后重新检查新文件...
