2025-01-16 00:00:06,777 - 今天的日期是: 20250116
2025-01-16 00:00:06,778 - 开始监视 D:\my-vue-project\wind-power-forecast\backend\auto_scripts\dataset\dataset_supershort 文件夹以进行训练...
2025-01-16 00:00:06,778 - 未找到训练 CSV 文件，等待 30 秒后重试...
2025-01-16 00:00:06,778 - 开始监视 D:\my-vue-project\wind-power-forecast\backend\auto_scripts\precsv\supershortcsv\20250116 文件夹以进行预测...
2025-01-16 00:00:06,779 - 模型不可用，等待模型训练完成...
2025-01-16 00:00:36,786 - 未找到训练 CSV 文件，等待 30 秒后重试...
2025-01-16 00:01:06,798 - 未找到训练 CSV 文件，等待 30 秒后重试...
2025-01-16 00:01:36,800 - 未找到训练 CSV 文件，等待 30 秒后重试...
2025-01-16 00:02:06,832 - 未找到训练 CSV 文件，等待 30 秒后重试...
2025-01-16 00:02:36,787 - 模型不可用，等待模型训练完成...
2025-01-16 00:02:36,835 - 未找到训练 CSV 文件，等待 30 秒后重试...
2025-01-16 00:03:06,843 - 未找到训练 CSV 文件，等待 30 秒后重试...
2025-01-16 00:03:36,849 - 未找到训练 CSV 文件，等待 30 秒后重试...
2025-01-16 00:04:06,851 - 未找到训练 CSV 文件，等待 30 秒后重试...
2025-01-16 00:04:36,855 - 未找到训练 CSV 文件，等待 30 秒后重试...
2025-01-16 00:05:06,790 - 模型不可用，等待模型训练完成...
2025-01-16 00:05:06,867 - 未找到训练 CSV 文件，等待 30 秒后重试...
2025-01-16 00:05:36,875 - 未找到训练 CSV 文件，等待 30 秒后重试...
2025-01-16 00:06:06,886 - 未找到训练 CSV 文件，等待 30 秒后重试...
2025-01-16 00:06:36,896 - 未找到训练 CSV 文件，等待 30 秒后重试...
2025-01-16 00:07:06,898 - 未找到训练 CSV 文件，等待 30 秒后重试...
2025-01-16 00:07:36,792 - 模型不可用，等待模型训练完成...
2025-01-16 00:07:36,903 - 未找到训练 CSV 文件，等待 30 秒后重试...
2025-01-16 00:08:06,905 - 未找到训练 CSV 文件，等待 30 秒后重试...
2025-01-16 00:08:36,917 - 未找到训练 CSV 文件，等待 30 秒后重试...
2025-01-16 00:09:06,931 - 未找到训练 CSV 文件，等待 30 秒后重试...
2025-01-16 00:09:36,935 - 未找到训练 CSV 文件，等待 30 秒后重试...
2025-01-16 00:10:06,801 - 模型不可用，等待模型训练完成...
2025-01-16 00:10:06,942 - 未找到训练 CSV 文件，等待 30 秒后重试...
2025-01-16 00:10:36,959 - 发现新的训练文件：D:\my-vue-project\wind-power-forecast\backend\auto_scripts\dataset\dataset_supershort\20250116.csv，执行训练...
2025-01-16 00:10:36,960 - 输出结果将保存到: D:\my-vue-project\wind-power-forecast\backend\auto_scripts\train_predictions\supershort_predictions
2025-01-16 00:10:38,126 - 数据加载与预处理完成
2025-01-16 00:10:38,441 - 数据标准化完成
2025-01-16 00:10:39,137 - 创建时间窗口完成
2025-01-16 00:10:39,137 - 获取模型参数完成
2025-01-16 00:12:36,808 - 模型不可用，等待模型训练完成...
2025-01-16 00:14:03,748 - 训练与评估完成
2025-01-16 00:14:03,767 - 保存预测结果完成
2025-01-16 00:14:03,991 - 可视化结果完成
2025-01-16 00:14:04,134 - 模型已成功保存到 D:\my-vue-project\wind-power-forecast\backend\auto_scripts\models\supershortmodel\20250116，模型可用。
2025-01-16 00:15:06,819 - 发现新的预测文件：202501160000.csv，执行预测...
2025-01-16 00:15:06,914 - 等待 3 分钟后重新检查新文件...
2025-01-16 00:18:06,917 - 发现新的预测文件：202501160015.csv，执行预测...
2025-01-16 00:18:07,015 - 等待 3 分钟后重新检查新文件...
2025-01-16 00:21:07,023 - 等待 3 分钟后重新检查新文件...
2025-01-16 00:24:07,032 - 等待 3 分钟后重新检查新文件...
2025-01-16 00:27:07,044 - 等待 3 分钟后重新检查新文件...
2025-01-16 00:30:07,055 - 等待 3 分钟后重新检查新文件...
2025-01-16 00:33:07,065 - 发现新的预测文件：202501160030.csv，执行预测...
2025-01-16 00:33:07,147 - 等待 3 分钟后重新检查新文件...
2025-01-16 00:36:07,150 - 等待 3 分钟后重新检查新文件...
2025-01-16 00:39:07,159 - 等待 3 分钟后重新检查新文件...
2025-01-16 00:42:07,165 - 等待 3 分钟后重新检查新文件...
2025-01-16 00:45:07,167 - 等待 3 分钟后重新检查新文件...
2025-01-16 00:48:07,169 - 发现新的预测文件：202501160045.csv，执行预测...
2025-01-16 00:48:07,247 - 等待 3 分钟后重新检查新文件...
2025-01-16 00:51:07,259 - 等待 3 分钟后重新检查新文件...
2025-01-16 00:54:07,264 - 等待 3 分钟后重新检查新文件...
2025-01-16 00:57:07,266 - 等待 3 分钟后重新检查新文件...
2025-01-16 01:00:07,278 - 等待 3 分钟后重新检查新文件...
2025-01-16 01:03:07,289 - 发现新的预测文件：202501160100.csv，执行预测...
2025-01-16 01:03:07,441 - 等待 3 分钟后重新检查新文件...
2025-01-16 01:06:07,449 - 等待 3 分钟后重新检查新文件...
2025-01-16 01:09:07,461 - 等待 3 分钟后重新检查新文件...
2025-01-16 01:12:07,476 - 等待 3 分钟后重新检查新文件...
2025-01-16 01:15:07,481 - 等待 3 分钟后重新检查新文件...
2025-01-16 01:18:07,484 - 发现新的预测文件：202501160115.csv，执行预测...
2025-01-16 01:18:07,585 - 等待 3 分钟后重新检查新文件...
2025-01-16 01:21:07,597 - 等待 3 分钟后重新检查新文件...
2025-01-16 01:24:07,600 - 等待 3 分钟后重新检查新文件...
2025-01-16 01:27:07,615 - 等待 3 分钟后重新检查新文件...
2025-01-16 01:30:07,628 - 等待 3 分钟后重新检查新文件...
2025-01-16 01:33:07,630 - 发现新的预测文件：202501160130.csv，执行预测...
2025-01-16 01:33:07,715 - 等待 3 分钟后重新检查新文件...
2025-01-16 01:36:07,727 - 等待 3 分钟后重新检查新文件...
2025-01-16 01:39:07,734 - 等待 3 分钟后重新检查新文件...
2025-01-16 01:42:07,750 - 等待 3 分钟后重新检查新文件...
2025-01-16 01:45:07,765 - 等待 3 分钟后重新检查新文件...
2025-01-16 01:48:07,773 - 发现新的预测文件：202501160145.csv，执行预测...
2025-01-16 01:48:07,840 - 等待 3 分钟后重新检查新文件...
2025-01-16 01:51:07,856 - 等待 3 分钟后重新检查新文件...
2025-01-16 01:54:07,860 - 等待 3 分钟后重新检查新文件...
2025-01-16 01:57:07,873 - 等待 3 分钟后重新检查新文件...
2025-01-16 02:00:07,888 - 等待 3 分钟后重新检查新文件...
2025-01-16 02:03:07,890 - 发现新的预测文件：202501160200.csv，执行预测...
2025-01-16 02:03:07,948 - 等待 3 分钟后重新检查新文件...
2025-01-16 02:06:07,956 - 等待 3 分钟后重新检查新文件...
2025-01-16 02:09:07,958 - 等待 3 分钟后重新检查新文件...
2025-01-16 02:12:07,964 - 等待 3 分钟后重新检查新文件...
2025-01-16 02:15:07,975 - 等待 3 分钟后重新检查新文件...
2025-01-16 02:18:07,985 - 发现新的预测文件：202501160215.csv，执行预测...
2025-01-16 02:18:08,059 - 等待 3 分钟后重新检查新文件...
2025-01-16 02:21:08,073 - 等待 3 分钟后重新检查新文件...
2025-01-16 02:24:08,074 - 等待 3 分钟后重新检查新文件...
2025-01-16 02:27:08,078 - 等待 3 分钟后重新检查新文件...
2025-01-16 02:30:08,083 - 等待 3 分钟后重新检查新文件...
2025-01-16 02:33:08,097 - 发现新的预测文件：202501160230.csv，执行预测...
2025-01-16 02:33:08,211 - 等待 3 分钟后重新检查新文件...
2025-01-16 02:36:08,225 - 等待 3 分钟后重新检查新文件...
2025-01-16 02:39:08,230 - 等待 3 分钟后重新检查新文件...
2025-01-16 02:42:08,234 - 等待 3 分钟后重新检查新文件...
2025-01-16 02:45:08,242 - 等待 3 分钟后重新检查新文件...
2025-01-16 02:48:08,252 - 发现新的预测文件：202501160245.csv，执行预测...
2025-01-16 02:48:08,336 - 等待 3 分钟后重新检查新文件...
2025-01-16 02:51:08,345 - 等待 3 分钟后重新检查新文件...
2025-01-16 02:54:08,352 - 等待 3 分钟后重新检查新文件...
2025-01-16 02:57:08,357 - 等待 3 分钟后重新检查新文件...
2025-01-16 03:00:08,365 - 等待 3 分钟后重新检查新文件...
2025-01-16 03:03:08,375 - 发现新的预测文件：202501160300.csv，执行预测...
2025-01-16 03:03:08,452 - 等待 3 分钟后重新检查新文件...
2025-01-16 03:06:08,463 - 等待 3 分钟后重新检查新文件...
2025-01-16 03:09:08,473 - 等待 3 分钟后重新检查新文件...
2025-01-16 03:12:08,485 - 等待 3 分钟后重新检查新文件...
2025-01-16 03:15:08,488 - 等待 3 分钟后重新检查新文件...
2025-01-16 03:18:08,500 - 发现新的预测文件：202501160315.csv，执行预测...
2025-01-16 03:18:08,569 - 等待 3 分钟后重新检查新文件...
2025-01-16 03:21:08,580 - 等待 3 分钟后重新检查新文件...
2025-01-16 03:24:08,589 - 等待 3 分钟后重新检查新文件...
2025-01-16 03:27:08,591 - 等待 3 分钟后重新检查新文件...
2025-01-16 03:30:08,592 - 等待 3 分钟后重新检查新文件...
2025-01-16 03:33:08,605 - 发现新的预测文件：202501160330.csv，执行预测...
2025-01-16 03:33:08,709 - 等待 3 分钟后重新检查新文件...
2025-01-16 03:36:08,724 - 等待 3 分钟后重新检查新文件...
2025-01-16 03:39:08,729 - 等待 3 分钟后重新检查新文件...
2025-01-16 03:42:08,735 - 等待 3 分钟后重新检查新文件...
2025-01-16 03:45:08,742 - 等待 3 分钟后重新检查新文件...
2025-01-16 03:48:08,745 - 发现新的预测文件：202501160345.csv，执行预测...
2025-01-16 03:48:08,813 - 等待 3 分钟后重新检查新文件...
2025-01-16 03:51:10,213 - 等待 3 分钟后重新检查新文件...
2025-01-16 03:54:10,223 - 等待 3 分钟后重新检查新文件...
2025-01-16 03:57:10,228 - 等待 3 分钟后重新检查新文件...
2025-01-16 04:00:10,243 - 等待 3 分钟后重新检查新文件...
2025-01-16 04:03:10,249 - 发现新的预测文件：202501160400.csv，执行预测...
2025-01-16 04:03:10,332 - 等待 3 分钟后重新检查新文件...
2025-01-16 04:06:10,345 - 等待 3 分钟后重新检查新文件...
2025-01-16 04:09:10,355 - 等待 3 分钟后重新检查新文件...
2025-01-16 04:12:10,359 - 等待 3 分钟后重新检查新文件...
2025-01-16 04:15:10,368 - 等待 3 分钟后重新检查新文件...
2025-01-16 04:18:10,381 - 发现新的预测文件：202501160415.csv，执行预测...
2025-01-16 04:18:10,458 - 等待 3 分钟后重新检查新文件...
2025-01-16 04:21:10,471 - 等待 3 分钟后重新检查新文件...
2025-01-16 04:24:10,481 - 等待 3 分钟后重新检查新文件...
2025-01-16 04:27:10,493 - 等待 3 分钟后重新检查新文件...
2025-01-16 04:30:10,509 - 等待 3 分钟后重新检查新文件...
2025-01-16 04:33:10,512 - 发现新的预测文件：202501160430.csv，执行预测...
2025-01-16 04:33:10,627 - 等待 3 分钟后重新检查新文件...
2025-01-16 04:36:10,633 - 等待 3 分钟后重新检查新文件...
2025-01-16 04:39:10,639 - 等待 3 分钟后重新检查新文件...
2025-01-16 04:42:10,649 - 等待 3 分钟后重新检查新文件...
2025-01-16 04:45:10,657 - 等待 3 分钟后重新检查新文件...
2025-01-16 04:48:10,672 - 发现新的预测文件：202501160445.csv，执行预测...
2025-01-16 04:48:10,740 - 等待 3 分钟后重新检查新文件...
2025-01-16 04:51:10,741 - 等待 3 分钟后重新检查新文件...
2025-01-16 04:54:10,757 - 等待 3 分钟后重新检查新文件...
2025-01-16 04:57:10,758 - 等待 3 分钟后重新检查新文件...
2025-01-16 05:00:10,760 - 等待 3 分钟后重新检查新文件...
2025-01-16 05:03:10,769 - 发现新的预测文件：202501160500.csv，执行预测...
2025-01-16 05:03:10,851 - 等待 3 分钟后重新检查新文件...
2025-01-16 05:06:10,862 - 等待 3 分钟后重新检查新文件...
2025-01-16 05:09:10,866 - 等待 3 分钟后重新检查新文件...
2025-01-16 05:12:10,871 - 等待 3 分钟后重新检查新文件...
2025-01-16 05:15:10,872 - 等待 3 分钟后重新检查新文件...
2025-01-16 05:18:10,878 - 发现新的预测文件：202501160515.csv，执行预测...
2025-01-16 05:18:10,957 - 等待 3 分钟后重新检查新文件...
2025-01-16 05:21:10,967 - 等待 3 分钟后重新检查新文件...
2025-01-16 05:24:10,975 - 等待 3 分钟后重新检查新文件...
2025-01-16 05:27:10,989 - 等待 3 分钟后重新检查新文件...
2025-01-16 05:30:10,994 - 等待 3 分钟后重新检查新文件...
2025-01-16 05:33:11,002 - 发现新的预测文件：202501160530.csv，执行预测...
2025-01-16 05:33:11,094 - 等待 3 分钟后重新检查新文件...
2025-01-16 05:36:11,097 - 等待 3 分钟后重新检查新文件...
2025-01-16 05:39:11,101 - 等待 3 分钟后重新检查新文件...
2025-01-16 05:42:11,103 - 等待 3 分钟后重新检查新文件...
2025-01-16 05:45:11,115 - 等待 3 分钟后重新检查新文件...
2025-01-16 05:48:11,129 - 发现新的预测文件：202501160545.csv，执行预测...
2025-01-16 05:48:11,207 - 等待 3 分钟后重新检查新文件...
2025-01-16 05:51:11,218 - 等待 3 分钟后重新检查新文件...
2025-01-16 05:54:11,234 - 等待 3 分钟后重新检查新文件...
2025-01-16 05:57:11,250 - 等待 3 分钟后重新检查新文件...
2025-01-16 06:00:11,253 - 等待 3 分钟后重新检查新文件...
2025-01-16 06:03:11,263 - 发现新的预测文件：202501160600.csv，执行预测...
2025-01-16 06:03:11,349 - 等待 3 分钟后重新检查新文件...
2025-01-16 06:06:11,357 - 等待 3 分钟后重新检查新文件...
2025-01-16 06:09:11,366 - 等待 3 分钟后重新检查新文件...
2025-01-16 06:12:11,380 - 等待 3 分钟后重新检查新文件...
2025-01-16 06:15:11,389 - 等待 3 分钟后重新检查新文件...
2025-01-16 06:18:11,400 - 发现新的预测文件：202501160615.csv，执行预测...
2025-01-16 06:18:11,494 - 等待 3 分钟后重新检查新文件...
2025-01-16 06:21:11,498 - 等待 3 分钟后重新检查新文件...
2025-01-16 06:24:11,512 - 等待 3 分钟后重新检查新文件...
2025-01-16 06:27:11,514 - 等待 3 分钟后重新检查新文件...
2025-01-16 06:30:11,522 - 等待 3 分钟后重新检查新文件...
2025-01-16 06:33:11,531 - 发现新的预测文件：202501160630.csv，执行预测...
2025-01-16 06:33:11,609 - 等待 3 分钟后重新检查新文件...
2025-01-16 06:36:11,615 - 等待 3 分钟后重新检查新文件...
2025-01-16 06:39:11,626 - 等待 3 分钟后重新检查新文件...
2025-01-16 06:42:11,627 - 等待 3 分钟后重新检查新文件...
2025-01-16 06:45:11,637 - 等待 3 分钟后重新检查新文件...
2025-01-16 06:48:11,640 - 发现新的预测文件：202501160645.csv，执行预测...
2025-01-16 06:48:11,733 - 等待 3 分钟后重新检查新文件...
2025-01-16 06:51:11,750 - 等待 3 分钟后重新检查新文件...
2025-01-16 06:54:11,752 - 等待 3 分钟后重新检查新文件...
2025-01-16 06:57:11,765 - 等待 3 分钟后重新检查新文件...
2025-01-16 07:00:11,773 - 等待 3 分钟后重新检查新文件...
2025-01-16 07:03:11,784 - 发现新的预测文件：202501160700.csv，执行预测...
2025-01-16 07:03:11,876 - 等待 3 分钟后重新检查新文件...
2025-01-16 07:06:11,890 - 等待 3 分钟后重新检查新文件...
2025-01-16 07:09:11,903 - 等待 3 分钟后重新检查新文件...
2025-01-16 07:12:11,915 - 等待 3 分钟后重新检查新文件...
2025-01-16 07:15:11,929 - 等待 3 分钟后重新检查新文件...
2025-01-16 07:18:11,938 - 发现新的预测文件：202501160715.csv，执行预测...
2025-01-16 07:18:12,025 - 等待 3 分钟后重新检查新文件...
2025-01-16 07:21:12,035 - 等待 3 分钟后重新检查新文件...
2025-01-16 07:24:12,046 - 等待 3 分钟后重新检查新文件...
2025-01-16 07:27:12,061 - 等待 3 分钟后重新检查新文件...
2025-01-16 07:30:12,073 - 等待 3 分钟后重新检查新文件...
2025-01-16 07:33:12,089 - 发现新的预测文件：202501160730.csv，执行预测...
2025-01-16 07:33:12,166 - 等待 3 分钟后重新检查新文件...
2025-01-16 07:36:12,179 - 等待 3 分钟后重新检查新文件...
2025-01-16 07:39:12,189 - 等待 3 分钟后重新检查新文件...
2025-01-16 07:42:12,198 - 等待 3 分钟后重新检查新文件...
2025-01-16 07:45:12,212 - 等待 3 分钟后重新检查新文件...
2025-01-16 07:48:12,222 - 发现新的预测文件：202501160745.csv，执行预测...
2025-01-16 07:48:12,322 - 等待 3 分钟后重新检查新文件...
2025-01-16 07:51:12,338 - 等待 3 分钟后重新检查新文件...
2025-01-16 07:54:12,349 - 等待 3 分钟后重新检查新文件...
2025-01-16 07:57:12,357 - 等待 3 分钟后重新检查新文件...
2025-01-16 08:00:12,370 - 等待 3 分钟后重新检查新文件...
2025-01-16 08:03:12,381 - 发现新的预测文件：202501160800.csv，执行预测...
2025-01-16 08:03:12,463 - 等待 3 分钟后重新检查新文件...
2025-01-16 08:06:12,464 - 等待 3 分钟后重新检查新文件...
2025-01-16 08:09:12,479 - 等待 3 分钟后重新检查新文件...
2025-01-16 08:12:12,481 - 等待 3 分钟后重新检查新文件...
2025-01-16 08:15:12,483 - 等待 3 分钟后重新检查新文件...
2025-01-16 08:18:12,496 - 发现新的预测文件：202501160815.csv，执行预测...
2025-01-16 08:18:12,570 - 等待 3 分钟后重新检查新文件...
2025-01-16 08:21:12,577 - 等待 3 分钟后重新检查新文件...
2025-01-16 08:24:12,592 - 等待 3 分钟后重新检查新文件...
2025-01-16 08:27:12,600 - 等待 3 分钟后重新检查新文件...
2025-01-16 08:30:12,612 - 等待 3 分钟后重新检查新文件...
2025-01-16 08:33:12,623 - 发现新的预测文件：202501160830.csv，执行预测...
2025-01-16 08:33:12,700 - 等待 3 分钟后重新检查新文件...
2025-01-16 08:36:12,713 - 等待 3 分钟后重新检查新文件...
2025-01-16 08:39:12,722 - 等待 3 分钟后重新检查新文件...
2025-01-16 08:42:12,737 - 等待 3 分钟后重新检查新文件...
2025-01-16 08:45:12,741 - 等待 3 分钟后重新检查新文件...
2025-01-16 08:48:12,747 - 发现新的预测文件：202501160845.csv，执行预测...
2025-01-16 08:48:12,846 - 等待 3 分钟后重新检查新文件...
2025-01-16 08:51:12,847 - 等待 3 分钟后重新检查新文件...
2025-01-16 08:54:12,860 - 等待 3 分钟后重新检查新文件...
2025-01-16 08:57:12,861 - 等待 3 分钟后重新检查新文件...
2025-01-16 09:00:12,873 - 等待 3 分钟后重新检查新文件...
2025-01-16 09:03:12,879 - 发现新的预测文件：202501160900.csv，执行预测...
2025-01-16 09:03:12,952 - 等待 3 分钟后重新检查新文件...
2025-01-16 09:06:12,968 - 等待 3 分钟后重新检查新文件...
2025-01-16 09:09:12,973 - 等待 3 分钟后重新检查新文件...
2025-01-16 09:12:12,989 - 等待 3 分钟后重新检查新文件...
2025-01-16 09:15:13,004 - 等待 3 分钟后重新检查新文件...
2025-01-16 09:18:13,016 - 发现新的预测文件：202501160915.csv，执行预测...
2025-01-16 09:18:13,101 - 等待 3 分钟后重新检查新文件...
2025-01-16 09:21:13,116 - 等待 3 分钟后重新检查新文件...
2025-01-16 09:24:13,130 - 等待 3 分钟后重新检查新文件...
2025-01-16 09:27:13,144 - 等待 3 分钟后重新检查新文件...
2025-01-16 09:30:13,156 - 等待 3 分钟后重新检查新文件...
2025-01-16 09:33:13,170 - 发现新的预测文件：202501160930.csv，执行预测...
2025-01-16 09:33:13,265 - 等待 3 分钟后重新检查新文件...
2025-01-16 09:36:13,279 - 等待 3 分钟后重新检查新文件...
2025-01-16 09:39:13,286 - 等待 3 分钟后重新检查新文件...
2025-01-16 09:42:13,286 - 等待 3 分钟后重新检查新文件...
2025-01-16 09:45:13,294 - 等待 3 分钟后重新检查新文件...
2025-01-16 09:48:13,302 - 发现新的预测文件：202501160945.csv，执行预测...
2025-01-16 09:48:13,370 - 等待 3 分钟后重新检查新文件...
2025-01-16 09:51:13,377 - 等待 3 分钟后重新检查新文件...
2025-01-16 09:54:13,388 - 等待 3 分钟后重新检查新文件...
2025-01-16 09:57:13,400 - 等待 3 分钟后重新检查新文件...
2025-01-16 10:00:13,403 - 等待 3 分钟后重新检查新文件...
2025-01-16 10:03:13,416 - 发现新的预测文件：202501161000.csv，执行预测...
2025-01-16 10:03:13,512 - 等待 3 分钟后重新检查新文件...
2025-01-16 10:06:13,524 - 等待 3 分钟后重新检查新文件...
2025-01-16 10:09:13,527 - 等待 3 分钟后重新检查新文件...
2025-01-16 10:12:13,537 - 等待 3 分钟后重新检查新文件...
2025-01-16 10:15:13,553 - 等待 3 分钟后重新检查新文件...
2025-01-16 10:18:13,567 - 发现新的预测文件：202501161015.csv，执行预测...
2025-01-16 10:18:13,643 - 等待 3 分钟后重新检查新文件...
2025-01-16 10:21:13,657 - 等待 3 分钟后重新检查新文件...
2025-01-16 10:24:13,669 - 等待 3 分钟后重新检查新文件...
2025-01-16 10:27:13,675 - 等待 3 分钟后重新检查新文件...
2025-01-16 10:30:13,683 - 等待 3 分钟后重新检查新文件...
2025-01-16 10:33:13,696 - 发现新的预测文件：202501161030.csv，执行预测...
2025-01-16 10:33:13,773 - 等待 3 分钟后重新检查新文件...
2025-01-16 10:36:13,781 - 等待 3 分钟后重新检查新文件...
2025-01-16 10:39:13,786 - 等待 3 分钟后重新检查新文件...
2025-01-16 10:42:13,793 - 等待 3 分钟后重新检查新文件...
2025-01-16 10:45:13,800 - 等待 3 分钟后重新检查新文件...
2025-01-16 10:48:13,813 - 发现新的预测文件：202501161045.csv，执行预测...
2025-01-16 10:48:13,882 - 等待 3 分钟后重新检查新文件...
2025-01-16 10:51:13,885 - 等待 3 分钟后重新检查新文件...
2025-01-16 10:54:13,899 - 等待 3 分钟后重新检查新文件...
2025-01-16 10:57:13,913 - 等待 3 分钟后重新检查新文件...
2025-01-16 11:00:13,915 - 等待 3 分钟后重新检查新文件...
2025-01-16 11:03:13,923 - 发现新的预测文件：202501161100.csv，执行预测...
2025-01-16 11:03:14,033 - 等待 3 分钟后重新检查新文件...
2025-01-16 11:06:14,042 - 等待 3 分钟后重新检查新文件...
2025-01-16 11:09:14,045 - 等待 3 分钟后重新检查新文件...
2025-01-16 11:12:14,049 - 等待 3 分钟后重新检查新文件...
2025-01-16 11:15:14,059 - 等待 3 分钟后重新检查新文件...
2025-01-16 11:18:14,067 - 发现新的预测文件：202501161115.csv，执行预测...
2025-01-16 11:18:14,149 - 等待 3 分钟后重新检查新文件...
2025-01-16 11:21:14,157 - 等待 3 分钟后重新检查新文件...
2025-01-16 11:24:14,174 - 等待 3 分钟后重新检查新文件...
2025-01-16 11:27:14,187 - 等待 3 分钟后重新检查新文件...
2025-01-16 11:30:14,199 - 等待 3 分钟后重新检查新文件...
2025-01-16 11:33:14,212 - 发现新的预测文件：202501161130.csv，执行预测...
2025-01-16 11:33:14,288 - 等待 3 分钟后重新检查新文件...
2025-01-16 11:36:14,296 - 等待 3 分钟后重新检查新文件...
2025-01-16 11:39:14,309 - 等待 3 分钟后重新检查新文件...
2025-01-16 11:42:14,321 - 等待 3 分钟后重新检查新文件...
2025-01-16 11:45:14,336 - 等待 3 分钟后重新检查新文件...
2025-01-16 11:48:14,349 - 发现新的预测文件：202501161145.csv，执行预测...
2025-01-16 11:48:14,428 - 等待 3 分钟后重新检查新文件...
2025-01-16 11:51:14,430 - 等待 3 分钟后重新检查新文件...
2025-01-16 11:54:14,436 - 等待 3 分钟后重新检查新文件...
2025-01-16 11:57:14,448 - 等待 3 分钟后重新检查新文件...
2025-01-16 12:00:14,456 - 等待 3 分钟后重新检查新文件...
2025-01-16 12:03:14,473 - 发现新的预测文件：202501161200.csv，执行预测...
2025-01-16 12:03:14,599 - 等待 3 分钟后重新检查新文件...
2025-01-16 12:06:14,604 - 等待 3 分钟后重新检查新文件...
2025-01-16 12:09:14,608 - 等待 3 分钟后重新检查新文件...
2025-01-16 12:12:14,626 - 等待 3 分钟后重新检查新文件...
2025-01-16 12:15:14,628 - 等待 3 分钟后重新检查新文件...
2025-01-16 12:18:14,643 - 发现新的预测文件：202501161215.csv，执行预测...
2025-01-16 12:18:14,742 - 等待 3 分钟后重新检查新文件...
2025-01-16 12:21:14,754 - 等待 3 分钟后重新检查新文件...
2025-01-16 12:24:14,758 - 等待 3 分钟后重新检查新文件...
2025-01-16 12:27:14,761 - 等待 3 分钟后重新检查新文件...
2025-01-16 12:30:14,772 - 等待 3 分钟后重新检查新文件...
2025-01-16 12:33:14,776 - 发现新的预测文件：202501161230.csv，执行预测...
2025-01-16 12:33:14,863 - 等待 3 分钟后重新检查新文件...
2025-01-16 12:36:14,876 - 等待 3 分钟后重新检查新文件...
2025-01-16 12:39:14,884 - 等待 3 分钟后重新检查新文件...
2025-01-16 12:42:14,891 - 等待 3 分钟后重新检查新文件...
2025-01-16 12:45:14,897 - 等待 3 分钟后重新检查新文件...
2025-01-16 12:48:14,901 - 发现新的预测文件：202501161245.csv，执行预测...
2025-01-16 12:48:14,995 - 等待 3 分钟后重新检查新文件...
2025-01-16 12:51:15,004 - 等待 3 分钟后重新检查新文件...
2025-01-16 12:54:15,022 - 等待 3 分钟后重新检查新文件...
2025-01-16 12:57:16,395 - 等待 3 分钟后重新检查新文件...
2025-01-16 13:00:16,402 - 等待 3 分钟后重新检查新文件...
2025-01-16 13:03:16,407 - 发现新的预测文件：202501161300.csv，执行预测...
2025-01-16 13:03:16,520 - 等待 3 分钟后重新检查新文件...
2025-01-16 13:06:16,535 - 等待 3 分钟后重新检查新文件...
2025-01-16 13:09:16,545 - 等待 3 分钟后重新检查新文件...
2025-01-16 13:12:16,555 - 等待 3 分钟后重新检查新文件...
2025-01-16 13:15:16,562 - 等待 3 分钟后重新检查新文件...
2025-01-16 13:18:16,577 - 发现新的预测文件：202501161315.csv，执行预测...
2025-01-16 13:18:16,653 - 等待 3 分钟后重新检查新文件...
2025-01-16 13:21:16,654 - 等待 3 分钟后重新检查新文件...
2025-01-16 13:24:16,669 - 等待 3 分钟后重新检查新文件...
2025-01-16 13:27:16,683 - 等待 3 分钟后重新检查新文件...
2025-01-16 13:30:16,687 - 等待 3 分钟后重新检查新文件...
2025-01-16 13:33:16,695 - 发现新的预测文件：202501161330.csv，执行预测...
2025-01-16 13:33:16,770 - 等待 3 分钟后重新检查新文件...
2025-01-16 13:34:36,684 - 今天的日期是: 20250116
2025-01-16 13:34:36,686 - 开始监视 D:\my-vue-project\wind-power-forecast\backend\auto_scripts\dataset\dataset_supershort 文件夹以进行训练...
2025-01-16 13:34:36,686 - 发现新的训练文件：D:\my-vue-project\wind-power-forecast\backend\auto_scripts\dataset\dataset_supershort\20250116.csv，执行训练...
2025-01-16 13:34:36,686 - 输出结果将保存到: D:\my-vue-project\wind-power-forecast\backend\auto_scripts\train_predictions\supershort_predictions
2025-01-16 13:34:36,686 - 开始监视 D:\my-vue-project\wind-power-forecast\backend\auto_scripts\precsv\supershortcsv\20250116 文件夹以进行预测...
2025-01-16 13:34:36,687 - 模型不可用，等待模型训练完成...
2025-01-16 13:34:37,860 - 数据加载与预处理完成
2025-01-16 13:34:38,181 - 数据标准化完成
2025-01-16 13:34:38,906 - 创建时间窗口完成
2025-01-16 13:34:38,906 - 获取模型参数完成
2025-01-16 13:37:06,695 - 模型不可用，等待模型训练完成...
2025-01-16 13:38:17,799 - 训练与评估完成
2025-01-16 13:38:17,824 - 保存预测结果完成
2025-01-16 13:38:18,044 - 可视化结果完成
2025-01-16 13:38:18,141 - 模型已成功保存到 D:\my-vue-project\wind-power-forecast\backend\auto_scripts\models\supershortmodel\20250116，模型可用。
2025-01-16 13:39:36,701 - 发现新的预测文件：202501160000.csv，执行预测...
2025-01-16 13:39:36,796 - 发现新的预测文件：202501160015.csv，执行预测...
2025-01-16 13:39:36,903 - 发现新的预测文件：202501160030.csv，执行预测...
2025-01-16 13:39:36,974 - 发现新的预测文件：202501160045.csv，执行预测...
2025-01-16 13:39:37,039 - 发现新的预测文件：202501160100.csv，执行预测...
2025-01-16 13:39:37,104 - 发现新的预测文件：202501160115.csv，执行预测...
2025-01-16 13:39:37,194 - 发现新的预测文件：202501160130.csv，执行预测...
2025-01-16 13:39:37,261 - 发现新的预测文件：202501160145.csv，执行预测...
2025-01-16 13:39:37,342 - 发现新的预测文件：202501160200.csv，执行预测...
2025-01-16 13:39:37,407 - 发现新的预测文件：202501160215.csv，执行预测...
2025-01-16 13:39:37,487 - 发现新的预测文件：202501160230.csv，执行预测...
2025-01-16 13:39:37,593 - 发现新的预测文件：202501160245.csv，执行预测...
2025-01-16 13:39:37,657 - 发现新的预测文件：202501160300.csv，执行预测...
2025-01-16 13:39:37,720 - 发现新的预测文件：202501160315.csv，执行预测...
2025-01-16 13:39:37,785 - 发现新的预测文件：202501160330.csv，执行预测...
2025-01-16 13:39:37,872 - 发现新的预测文件：202501160345.csv，执行预测...
2025-01-16 13:39:37,934 - 发现新的预测文件：202501160400.csv，执行预测...
2025-01-16 13:39:38,001 - 发现新的预测文件：202501160415.csv，执行预测...
2025-01-16 13:39:38,074 - 发现新的预测文件：202501160430.csv，执行预测...
2025-01-16 13:39:38,169 - 发现新的预测文件：202501160445.csv，执行预测...
2025-01-16 13:39:38,234 - 发现新的预测文件：202501160500.csv，执行预测...
2025-01-16 13:39:38,298 - 发现新的预测文件：202501160515.csv，执行预测...
2025-01-16 13:39:38,384 - 发现新的预测文件：202501160530.csv，执行预测...
2025-01-16 13:39:38,501 - 发现新的预测文件：202501160545.csv，执行预测...
2025-01-16 13:39:38,565 - 发现新的预测文件：202501160600.csv，执行预测...
2025-01-16 13:39:38,660 - 发现新的预测文件：202501160615.csv，执行预测...
2025-01-16 13:39:38,729 - 发现新的预测文件：202501160630.csv，执行预测...
2025-01-16 13:39:38,799 - 发现新的预测文件：202501160645.csv，执行预测...
2025-01-16 13:39:38,886 - 发现新的预测文件：202501160700.csv，执行预测...
2025-01-16 13:39:38,963 - 发现新的预测文件：202501160715.csv，执行预测...
2025-01-16 13:39:39,027 - 发现新的预测文件：202501160730.csv，执行预测...
2025-01-16 13:39:39,094 - 发现新的预测文件：202501160745.csv，执行预测...
2025-01-16 13:39:39,184 - 发现新的预测文件：202501160800.csv，执行预测...
2025-01-16 13:39:39,256 - 发现新的预测文件：202501160815.csv，执行预测...
2025-01-16 13:39:39,322 - 发现新的预测文件：202501160830.csv，执行预测...
2025-01-16 13:39:39,384 - 发现新的预测文件：202501160845.csv，执行预测...
2025-01-16 13:39:39,479 - 发现新的预测文件：202501160900.csv，执行预测...
2025-01-16 13:39:39,544 - 发现新的预测文件：202501160915.csv，执行预测...
2025-01-16 13:39:39,614 - 发现新的预测文件：202501160930.csv，执行预测...
2025-01-16 13:39:39,676 - 发现新的预测文件：202501160945.csv，执行预测...
2025-01-16 13:39:39,745 - 发现新的预测文件：202501161000.csv，执行预测...
2025-01-16 13:39:39,837 - 发现新的预测文件：202501161015.csv，执行预测...
2025-01-16 13:39:39,902 - 发现新的预测文件：202501161030.csv，执行预测...
2025-01-16 13:39:39,968 - 发现新的预测文件：202501161045.csv，执行预测...
2025-01-16 13:39:40,047 - 发现新的预测文件：202501161100.csv，执行预测...
2025-01-16 13:39:40,150 - 发现新的预测文件：202501161115.csv，执行预测...
2025-01-16 13:39:40,222 - 发现新的预测文件：202501161130.csv，执行预测...
2025-01-16 13:39:40,310 - 发现新的预测文件：202501161145.csv，执行预测...
2025-01-16 13:39:40,396 - 发现新的预测文件：202501161200.csv，执行预测...
2025-01-16 13:39:40,507 - 发现新的预测文件：202501161215.csv，执行预测...
2025-01-16 13:39:40,580 - 发现新的预测文件：202501161230.csv，执行预测...
2025-01-16 13:39:40,651 - 发现新的预测文件：202501161245.csv，执行预测...
2025-01-16 13:39:40,723 - 发现新的预测文件：202501161300.csv，执行预测...
2025-01-16 13:39:40,813 - 发现新的预测文件：202501161315.csv，执行预测...
2025-01-16 13:39:40,896 - 发现新的预测文件：202501161330.csv，执行预测...
2025-01-16 13:39:40,970 - 等待 3 分钟后重新检查新文件...
2025-01-16 13:42:40,982 - 等待 3 分钟后重新检查新文件...
2025-01-16 13:45:40,986 - 发现新的预测文件：202501161345.csv，执行预测...
2025-01-16 13:45:41,072 - 等待 3 分钟后重新检查新文件...
2025-01-16 13:48:41,084 - 等待 3 分钟后重新检查新文件...
2025-01-16 13:51:41,098 - 等待 3 分钟后重新检查新文件...
2025-01-16 13:54:41,113 - 等待 3 分钟后重新检查新文件...
2025-01-16 13:57:41,123 - 等待 3 分钟后重新检查新文件...
2025-01-16 14:00:41,137 - 发现新的预测文件：202501161400.csv，执行预测...
2025-01-16 14:00:41,259 - 等待 3 分钟后重新检查新文件...
2025-01-16 14:03:41,260 - 等待 3 分钟后重新检查新文件...
2025-01-16 14:06:41,276 - 等待 3 分钟后重新检查新文件...
2025-01-16 14:09:41,289 - 等待 3 分钟后重新检查新文件...
2025-01-16 14:12:41,298 - 等待 3 分钟后重新检查新文件...
2025-01-16 14:15:41,299 - 发现新的预测文件：202501161415.csv，执行预测...
2025-01-16 14:15:41,446 - 等待 3 分钟后重新检查新文件...
2025-01-16 14:18:41,447 - 等待 3 分钟后重新检查新文件...
2025-01-16 14:21:41,463 - 等待 3 分钟后重新检查新文件...
2025-01-16 14:24:41,469 - 等待 3 分钟后重新检查新文件...
2025-01-16 14:27:41,480 - 等待 3 分钟后重新检查新文件...
2025-01-16 14:30:41,481 - 发现新的预测文件：202501161430.csv，执行预测...
2025-01-16 14:30:41,601 - 等待 3 分钟后重新检查新文件...
2025-01-16 14:33:41,607 - 等待 3 分钟后重新检查新文件...
2025-01-16 14:36:41,612 - 等待 3 分钟后重新检查新文件...
2025-01-16 14:39:41,617 - 等待 3 分钟后重新检查新文件...
2025-01-16 14:42:41,629 - 等待 3 分钟后重新检查新文件...
2025-01-16 14:45:41,637 - 发现新的预测文件：202501161445.csv，执行预测...
2025-01-16 14:45:41,762 - 等待 3 分钟后重新检查新文件...
2025-01-16 14:48:41,775 - 等待 3 分钟后重新检查新文件...
2025-01-16 14:51:41,781 - 等待 3 分钟后重新检查新文件...
2025-01-16 14:54:41,798 - 等待 3 分钟后重新检查新文件...
2025-01-16 14:57:41,802 - 等待 3 分钟后重新检查新文件...
2025-01-16 15:00:41,806 - 发现新的预测文件：202501161500.csv，执行预测...
2025-01-16 15:00:41,925 - 等待 3 分钟后重新检查新文件...
2025-01-16 15:03:41,928 - 等待 3 分钟后重新检查新文件...
2025-01-16 15:06:41,945 - 等待 3 分钟后重新检查新文件...
2025-01-16 15:09:41,960 - 等待 3 分钟后重新检查新文件...
2025-01-16 15:12:41,975 - 等待 3 分钟后重新检查新文件...
2025-01-16 15:15:41,977 - 发现新的预测文件：202501161515.csv，执行预测...
2025-01-16 15:15:42,082 - 等待 3 分钟后重新检查新文件...
2025-01-16 15:18:42,090 - 等待 3 分钟后重新检查新文件...
2025-01-16 15:21:42,093 - 等待 3 分钟后重新检查新文件...
2025-01-16 15:24:42,100 - 等待 3 分钟后重新检查新文件...
2025-01-16 15:27:42,114 - 等待 3 分钟后重新检查新文件...
2025-01-16 15:30:42,129 - 发现新的预测文件：202501161530.csv，执行预测...
2025-01-16 15:30:42,204 - 等待 3 分钟后重新检查新文件...
2025-01-16 15:33:42,213 - 等待 3 分钟后重新检查新文件...
2025-01-16 15:36:42,221 - 等待 3 分钟后重新检查新文件...
2025-01-16 15:39:42,228 - 等待 3 分钟后重新检查新文件...
2025-01-16 15:42:42,244 - 等待 3 分钟后重新检查新文件...
2025-01-16 15:45:42,254 - 发现新的预测文件：202501161545.csv，执行预测...
2025-01-16 15:45:42,331 - 等待 3 分钟后重新检查新文件...
2025-01-16 15:48:42,344 - 等待 3 分钟后重新检查新文件...
2025-01-16 15:51:42,350 - 等待 3 分钟后重新检查新文件...
2025-01-16 15:54:42,360 - 等待 3 分钟后重新检查新文件...
2025-01-16 15:57:42,376 - 等待 3 分钟后重新检查新文件...
2025-01-16 16:00:42,387 - 发现新的预测文件：202501161600.csv，执行预测...
2025-01-16 16:00:42,467 - 等待 3 分钟后重新检查新文件...
2025-01-16 16:03:42,470 - 等待 3 分钟后重新检查新文件...
2025-01-16 16:06:42,484 - 等待 3 分钟后重新检查新文件...
2025-01-16 16:09:42,485 - 等待 3 分钟后重新检查新文件...
2025-01-16 16:12:42,497 - 等待 3 分钟后重新检查新文件...
2025-01-16 16:15:42,505 - 发现新的预测文件：202501161615.csv，执行预测...
2025-01-16 16:15:42,608 - 等待 3 分钟后重新检查新文件...
2025-01-16 16:18:42,612 - 等待 3 分钟后重新检查新文件...
2025-01-16 16:21:42,630 - 等待 3 分钟后重新检查新文件...
2025-01-16 16:24:42,642 - 等待 3 分钟后重新检查新文件...
2025-01-16 16:27:42,655 - 等待 3 分钟后重新检查新文件...
2025-01-16 16:30:42,672 - 发现新的预测文件：202501161630.csv，执行预测...
2025-01-16 16:30:42,791 - 等待 3 分钟后重新检查新文件...
2025-01-16 16:33:42,796 - 等待 3 分钟后重新检查新文件...
2025-01-16 16:36:42,797 - 等待 3 分钟后重新检查新文件...
2025-01-16 16:39:42,812 - 等待 3 分钟后重新检查新文件...
2025-01-16 16:42:42,822 - 等待 3 分钟后重新检查新文件...
2025-01-16 16:45:42,834 - 发现新的预测文件：202501161645.csv，执行预测...
2025-01-16 16:45:42,902 - 等待 3 分钟后重新检查新文件...
2025-01-16 16:48:42,911 - 等待 3 分钟后重新检查新文件...
2025-01-16 16:51:42,920 - 等待 3 分钟后重新检查新文件...
2025-01-16 16:54:42,930 - 等待 3 分钟后重新检查新文件...
2025-01-16 16:57:42,945 - 等待 3 分钟后重新检查新文件...
2025-01-16 17:00:42,956 - 发现新的预测文件：202501161700.csv，执行预测...
2025-01-16 17:00:43,048 - 等待 3 分钟后重新检查新文件...
2025-01-16 17:03:43,050 - 等待 3 分钟后重新检查新文件...
2025-01-16 17:06:43,055 - 等待 3 分钟后重新检查新文件...
2025-01-16 17:09:43,067 - 等待 3 分钟后重新检查新文件...
2025-01-16 17:12:43,069 - 等待 3 分钟后重新检查新文件...
2025-01-16 17:15:43,070 - 发现新的预测文件：202501161715.csv，执行预测...
2025-01-16 17:15:43,178 - 等待 3 分钟后重新检查新文件...
2025-01-16 17:18:43,188 - 等待 3 分钟后重新检查新文件...
2025-01-16 17:21:43,198 - 等待 3 分钟后重新检查新文件...
2025-01-16 17:24:43,213 - 等待 3 分钟后重新检查新文件...
2025-01-16 17:27:43,231 - 等待 3 分钟后重新检查新文件...
2025-01-16 17:30:43,242 - 发现新的预测文件：202501161730.csv，执行预测...
2025-01-16 17:30:43,329 - 等待 3 分钟后重新检查新文件...
2025-01-16 17:33:43,342 - 等待 3 分钟后重新检查新文件...
2025-01-16 17:36:43,357 - 等待 3 分钟后重新检查新文件...
2025-01-16 17:39:43,359 - 等待 3 分钟后重新检查新文件...
2025-01-16 17:42:43,375 - 等待 3 分钟后重新检查新文件...
2025-01-16 17:45:43,377 - 发现新的预测文件：202501161745.csv，执行预测...
2025-01-16 17:45:43,466 - 等待 3 分钟后重新检查新文件...
2025-01-16 17:48:43,471 - 等待 3 分钟后重新检查新文件...
2025-01-16 17:51:43,489 - 等待 3 分钟后重新检查新文件...
2025-01-16 17:54:43,500 - 等待 3 分钟后重新检查新文件...
2025-01-16 17:57:43,515 - 等待 3 分钟后重新检查新文件...
2025-01-16 18:00:43,526 - 发现新的预测文件：202501161800.csv，执行预测...
2025-01-16 18:00:43,600 - 等待 3 分钟后重新检查新文件...
2025-01-16 18:03:43,607 - 等待 3 分钟后重新检查新文件...
2025-01-16 18:06:43,615 - 等待 3 分钟后重新检查新文件...
2025-01-16 18:09:43,624 - 等待 3 分钟后重新检查新文件...
2025-01-16 18:12:43,635 - 等待 3 分钟后重新检查新文件...
2025-01-16 18:15:43,638 - 发现新的预测文件：202501161815.csv，执行预测...
2025-01-16 18:15:43,736 - 等待 3 分钟后重新检查新文件...
2025-01-16 18:18:43,738 - 等待 3 分钟后重新检查新文件...
2025-01-16 18:21:43,742 - 等待 3 分钟后重新检查新文件...
2025-01-16 18:24:43,744 - 等待 3 分钟后重新检查新文件...
2025-01-16 18:27:43,746 - 等待 3 分钟后重新检查新文件...
2025-01-16 18:30:43,748 - 发现新的预测文件：202501161830.csv，执行预测...
2025-01-16 18:30:43,872 - 等待 3 分钟后重新检查新文件...
2025-01-16 18:33:43,873 - 等待 3 分钟后重新检查新文件...
2025-01-16 18:36:43,876 - 等待 3 分钟后重新检查新文件...
2025-01-16 18:39:43,877 - 等待 3 分钟后重新检查新文件...
2025-01-16 18:42:43,878 - 等待 3 分钟后重新检查新文件...
2025-01-16 18:45:43,888 - 发现新的预测文件：202501161845.csv，执行预测...
2025-01-16 18:45:43,970 - 等待 3 分钟后重新检查新文件...
2025-01-16 18:48:43,976 - 等待 3 分钟后重新检查新文件...
2025-01-16 18:51:43,987 - 等待 3 分钟后重新检查新文件...
2025-01-16 18:54:43,989 - 等待 3 分钟后重新检查新文件...
2025-01-16 18:57:43,994 - 等待 3 分钟后重新检查新文件...
2025-01-16 19:00:44,004 - 发现新的预测文件：202501161900.csv，执行预测...
2025-01-16 19:00:44,080 - 等待 3 分钟后重新检查新文件...
2025-01-16 19:03:44,095 - 等待 3 分钟后重新检查新文件...
2025-01-16 19:06:44,111 - 等待 3 分钟后重新检查新文件...
2025-01-16 19:09:44,122 - 等待 3 分钟后重新检查新文件...
2025-01-16 19:12:44,128 - 等待 3 分钟后重新检查新文件...
2025-01-16 19:15:44,143 - 发现新的预测文件：202501161915.csv，执行预测...
2025-01-16 19:15:44,216 - 等待 3 分钟后重新检查新文件...
2025-01-16 19:18:44,234 - 等待 3 分钟后重新检查新文件...
2025-01-16 19:21:44,244 - 等待 3 分钟后重新检查新文件...
2025-01-16 19:24:44,251 - 等待 3 分钟后重新检查新文件...
2025-01-16 19:27:44,268 - 等待 3 分钟后重新检查新文件...
2025-01-16 19:30:44,274 - 发现新的预测文件：202501161930.csv，执行预测...
2025-01-16 19:30:44,379 - 等待 3 分钟后重新检查新文件...
2025-01-16 19:33:44,392 - 等待 3 分钟后重新检查新文件...
2025-01-16 19:36:44,402 - 等待 3 分钟后重新检查新文件...
2025-01-16 19:39:44,419 - 等待 3 分钟后重新检查新文件...
2025-01-16 19:42:44,434 - 等待 3 分钟后重新检查新文件...
2025-01-16 19:45:44,449 - 发现新的预测文件：202501161945.csv，执行预测...
2025-01-16 19:45:44,545 - 等待 3 分钟后重新检查新文件...
2025-01-16 19:48:44,546 - 等待 3 分钟后重新检查新文件...
2025-01-16 19:51:44,548 - 等待 3 分钟后重新检查新文件...
2025-01-16 19:54:44,558 - 等待 3 分钟后重新检查新文件...
2025-01-16 19:57:44,569 - 等待 3 分钟后重新检查新文件...
2025-01-16 20:00:44,583 - 发现新的预测文件：202501162000.csv，执行预测...
2025-01-16 20:00:44,666 - 等待 3 分钟后重新检查新文件...
2025-01-16 20:03:44,675 - 等待 3 分钟后重新检查新文件...
2025-01-16 20:06:44,689 - 等待 3 分钟后重新检查新文件...
2025-01-16 20:09:44,695 - 等待 3 分钟后重新检查新文件...
2025-01-16 20:12:44,702 - 等待 3 分钟后重新检查新文件...
2025-01-16 20:15:44,712 - 发现新的预测文件：202501162015.csv，执行预测...
2025-01-16 20:15:44,787 - 等待 3 分钟后重新检查新文件...
2025-01-16 20:29:07,191 - 今天的日期是: 20250116
2025-01-16 20:29:07,192 - 开始监视 D:\my-vue-project\wind-power-forecast\backend\auto_scripts\dataset\dataset_supershort 文件夹以进行训练...
2025-01-16 20:29:07,192 - 今天的训练已经执行过，跳过...
2025-01-16 20:29:07,193 - 开始监视 D:\my-vue-project\wind-power-forecast\backend\auto_scripts\precsv\supershortcsv\20250116 文件夹以进行预测...
2025-01-16 20:29:07,193 - 发现新的预测文件：202501160000.csv，执行预测...
2025-01-16 20:29:07,357 - 发现新的预测文件：202501160015.csv，执行预测...
2025-01-16 20:29:07,425 - 发现新的预测文件：202501160030.csv，执行预测...
2025-01-16 20:29:07,483 - 发现新的预测文件：202501160045.csv，执行预测...
2025-01-16 20:29:07,558 - 发现新的预测文件：202501160100.csv，执行预测...
2025-01-16 20:29:07,665 - 发现新的预测文件：202501160115.csv，执行预测...
2025-01-16 20:29:07,738 - 发现新的预测文件：202501160130.csv，执行预测...
2025-01-16 20:29:07,801 - 发现新的预测文件：202501160145.csv，执行预测...
2025-01-16 20:29:07,867 - 发现新的预测文件：202501160200.csv，执行预测...
2025-01-16 20:29:07,923 - 发现新的预测文件：202501160215.csv，执行预测...
2025-01-16 20:29:08,013 - 发现新的预测文件：202501160230.csv，执行预测...
2025-01-16 20:29:08,071 - 发现新的预测文件：202501160245.csv，执行预测...
2025-01-16 20:29:08,149 - 发现新的预测文件：202501160300.csv，执行预测...
2025-01-16 20:29:08,222 - 发现新的预测文件：202501160315.csv，执行预测...
2025-01-16 20:29:08,308 - 发现新的预测文件：202501160330.csv，执行预测...
2025-01-16 20:29:08,368 - 发现新的预测文件：202501160345.csv，执行预测...
2025-01-16 20:29:08,433 - 发现新的预测文件：202501160400.csv，执行预测...
2025-01-16 20:29:08,500 - 发现新的预测文件：202501160415.csv，执行预测...
2025-01-16 20:29:08,589 - 发现新的预测文件：202501160430.csv，执行预测...
2025-01-16 20:29:08,659 - 发现新的预测文件：202501160445.csv，执行预测...
2025-01-16 20:29:08,726 - 发现新的预测文件：202501160500.csv，执行预测...
2025-01-16 20:29:08,787 - 发现新的预测文件：202501160515.csv，执行预测...
2025-01-16 20:29:08,880 - 发现新的预测文件：202501160530.csv，执行预测...
2025-01-16 20:29:08,952 - 发现新的预测文件：202501160545.csv，执行预测...
2025-01-16 20:29:09,036 - 发现新的预测文件：202501160600.csv，执行预测...
2025-01-16 20:29:09,102 - 发现新的预测文件：202501160615.csv，执行预测...
2025-01-16 20:29:09,168 - 发现新的预测文件：202501160630.csv，执行预测...
2025-01-16 20:29:09,254 - 发现新的预测文件：202501160645.csv，执行预测...
2025-01-16 20:29:09,318 - 发现新的预测文件：202501160700.csv，执行预测...
2025-01-16 20:29:09,404 - 发现新的预测文件：202501160715.csv，执行预测...
2025-01-16 20:29:09,483 - 发现新的预测文件：202501160730.csv，执行预测...
2025-01-16 20:29:09,573 - 发现新的预测文件：202501160745.csv，执行预测...
2025-01-16 20:29:09,644 - 发现新的预测文件：202501160800.csv，执行预测...
2025-01-16 20:29:09,716 - 发现新的预测文件：202501160815.csv，执行预测...
2025-01-16 20:29:09,786 - 发现新的预测文件：202501160830.csv，执行预测...
2025-01-16 20:29:09,874 - 发现新的预测文件：202501160845.csv，执行预测...
2025-01-16 20:29:09,956 - 发现新的预测文件：202501160900.csv，执行预测...
2025-01-16 20:29:10,018 - 发现新的预测文件：202501160915.csv，执行预测...
2025-01-16 20:29:10,081 - 发现新的预测文件：202501160930.csv，执行预测...
2025-01-16 20:29:10,165 - 发现新的预测文件：202501160945.csv，执行预测...
2025-01-16 20:29:10,254 - 发现新的预测文件：202501161000.csv，执行预测...
2025-01-16 20:29:10,316 - 发现新的预测文件：202501161015.csv，执行预测...
2025-01-16 20:29:10,386 - 发现新的预测文件：202501161030.csv，执行预测...
2025-01-16 20:29:10,448 - 发现新的预测文件：202501161045.csv，执行预测...
2025-01-16 20:29:10,530 - 发现新的预测文件：202501161100.csv，执行预测...
2025-01-16 20:29:10,597 - 发现新的预测文件：202501161115.csv，执行预测...
2025-01-16 20:29:10,661 - 发现新的预测文件：202501161130.csv，执行预测...
2025-01-16 20:29:10,728 - 发现新的预测文件：202501161145.csv，执行预测...
2025-01-16 20:29:10,818 - 发现新的预测文件：202501161200.csv，执行预测...
2025-01-16 20:29:10,885 - 发现新的预测文件：202501161215.csv，执行预测...
2025-01-16 20:29:10,956 - 发现新的预测文件：202501161230.csv，执行预测...
2025-01-16 20:29:11,024 - 发现新的预测文件：202501161245.csv，执行预测...
2025-01-16 20:29:11,109 - 发现新的预测文件：202501161300.csv，执行预测...
2025-01-16 20:29:11,179 - 发现新的预测文件：202501161315.csv，执行预测...
2025-01-16 20:29:11,236 - 发现新的预测文件：202501161330.csv，执行预测...
2025-01-16 20:29:11,300 - 发现新的预测文件：202501161345.csv，执行预测...
2025-01-16 20:29:11,363 - 发现新的预测文件：202501161400.csv，执行预测...
2025-01-16 20:29:11,457 - 发现新的预测文件：202501161415.csv，执行预测...
2025-01-16 20:29:11,526 - 发现新的预测文件：202501161430.csv，执行预测...
2025-01-16 20:29:11,584 - 发现新的预测文件：202501161445.csv，执行预测...
2025-01-16 20:29:11,660 - 发现新的预测文件：202501161500.csv，执行预测...
2025-01-16 20:29:11,754 - 发现新的预测文件：202501161515.csv，执行预测...
2025-01-16 20:29:11,832 - 发现新的预测文件：202501161530.csv，执行预测...
2025-01-16 20:29:11,892 - 发现新的预测文件：202501161545.csv，执行预测...
2025-01-16 20:29:11,959 - 发现新的预测文件：202501161600.csv，执行预测...
2025-01-16 20:29:12,046 - 发现新的预测文件：202501161615.csv，执行预测...
2025-01-16 20:29:12,117 - 发现新的预测文件：202501161630.csv，执行预测...
2025-01-16 20:29:12,182 - 发现新的预测文件：202501161645.csv，执行预测...
2025-01-16 20:29:12,253 - 发现新的预测文件：202501161700.csv，执行预测...
2025-01-16 20:29:12,351 - 发现新的预测文件：202501161715.csv，执行预测...
2025-01-16 20:29:12,420 - 发现新的预测文件：202501161730.csv，执行预测...
2025-01-16 20:29:12,488 - 发现新的预测文件：202501161745.csv，执行预测...
2025-01-16 20:29:12,560 - 发现新的预测文件：202501161800.csv，执行预测...
2025-01-16 20:29:12,636 - 发现新的预测文件：202501161815.csv，执行预测...
2025-01-16 20:29:12,721 - 发现新的预测文件：202501161830.csv，执行预测...
2025-01-16 20:29:12,804 - 发现新的预测文件：202501161845.csv，执行预测...
2025-01-16 20:29:12,871 - 发现新的预测文件：202501161900.csv，执行预测...
2025-01-16 20:29:12,942 - 发现新的预测文件：202501161915.csv，执行预测...
2025-01-16 20:29:13,045 - 发现新的预测文件：202501161930.csv，执行预测...
2025-01-16 20:29:13,109 - 发现新的预测文件：202501161945.csv，执行预测...
2025-01-16 20:29:13,171 - 发现新的预测文件：202501162000.csv，执行预测...
2025-01-16 20:29:13,236 - 发现新的预测文件：202501162015.csv，执行预测...
2025-01-16 20:29:13,322 - 等待 3 分钟后重新检查新文件...
2025-01-16 20:32:13,328 - 发现新的预测文件：202501162030.csv，执行预测...
2025-01-16 20:32:13,390 - 等待 3 分钟后重新检查新文件...
2025-01-16 20:35:13,401 - 等待 3 分钟后重新检查新文件...
2025-01-16 20:38:13,418 - 等待 3 分钟后重新检查新文件...
2025-01-16 20:41:13,434 - 等待 3 分钟后重新检查新文件...
2025-01-16 20:44:13,445 - 等待 3 分钟后重新检查新文件...
2025-01-16 20:47:13,463 - 发现新的预测文件：202501162045.csv，执行预测...
2025-01-16 20:47:13,536 - 等待 3 分钟后重新检查新文件...
2025-01-16 20:50:13,547 - 等待 3 分钟后重新检查新文件...
2025-01-16 20:53:13,559 - 等待 3 分钟后重新检查新文件...
2025-01-16 20:56:13,569 - 等待 3 分钟后重新检查新文件...
2025-01-16 20:59:13,584 - 等待 3 分钟后重新检查新文件...
2025-01-16 21:02:13,592 - 发现新的预测文件：202501162100.csv，执行预测...
2025-01-16 21:02:13,666 - 等待 3 分钟后重新检查新文件...
2025-01-16 21:05:13,673 - 等待 3 分钟后重新检查新文件...
2025-01-16 21:08:13,682 - 等待 3 分钟后重新检查新文件...
2025-01-16 21:11:13,694 - 等待 3 分钟后重新检查新文件...
2025-01-16 21:14:13,710 - 等待 3 分钟后重新检查新文件...
2025-01-16 21:17:13,718 - 发现新的预测文件：202501162115.csv，执行预测...
2025-01-16 21:17:13,804 - 等待 3 分钟后重新检查新文件...
2025-01-16 21:20:13,815 - 等待 3 分钟后重新检查新文件...
2025-01-16 21:23:13,820 - 等待 3 分钟后重新检查新文件...
2025-01-16 21:26:13,836 - 等待 3 分钟后重新检查新文件...
2025-01-16 21:28:14,241 - 今天的日期是: 20250116
2025-01-16 21:28:14,242 - 开始监视 D:\my-vue-project\wind-power-forecast\backend\auto_scripts\dataset\dataset_supershort 文件夹以进行训练...
2025-01-16 21:28:14,242 - 今天的训练已经执行过，跳过...
2025-01-16 21:28:14,243 - 开始监视 D:\my-vue-project\wind-power-forecast\backend\auto_scripts\precsv\supershortcsv\20250116 文件夹以进行预测...
2025-01-16 21:28:14,243 - 发现新的预测文件：202501160000.csv，执行预测...
2025-01-16 21:28:14,390 - 发现新的预测文件：202501160015.csv，执行预测...
2025-01-16 21:28:14,455 - 发现新的预测文件：202501160030.csv，执行预测...
2025-01-16 21:28:14,518 - 发现新的预测文件：202501160045.csv，执行预测...
2025-01-16 21:28:14,585 - 发现新的预测文件：202501160100.csv，执行预测...
2025-01-16 21:28:14,674 - 发现新的预测文件：202501160115.csv，执行预测...
2025-01-16 21:28:14,736 - 发现新的预测文件：202501160130.csv，执行预测...
2025-01-16 21:28:14,797 - 发现新的预测文件：202501160145.csv，执行预测...
2025-01-16 21:28:14,862 - 发现新的预测文件：202501160200.csv，执行预测...
2025-01-16 21:28:14,931 - 发现新的预测文件：202501160215.csv，执行预测...
2025-01-16 21:28:15,016 - 发现新的预测文件：202501160230.csv，执行预测...
2025-01-16 21:28:15,078 - 发现新的预测文件：202501160245.csv，执行预测...
2025-01-16 21:28:15,160 - 发现新的预测文件：202501160300.csv，执行预测...
2025-01-16 21:28:15,247 - 发现新的预测文件：202501160315.csv，执行预测...
2025-01-16 21:28:15,349 - 发现新的预测文件：202501160330.csv，执行预测...
2025-01-16 21:28:15,410 - 发现新的预测文件：202501160345.csv，执行预测...
2025-01-16 21:28:15,473 - 发现新的预测文件：202501160400.csv，执行预测...
2025-01-16 21:28:15,536 - 发现新的预测文件：202501160415.csv，执行预测...
2025-01-16 21:28:15,638 - 发现新的预测文件：202501160430.csv，执行预测...
2025-01-16 21:28:15,697 - 发现新的预测文件：202501160445.csv，执行预测...
2025-01-16 21:28:15,757 - 发现新的预测文件：202501160500.csv，执行预测...
2025-01-16 21:28:15,827 - 发现新的预测文件：202501160515.csv，执行预测...
2025-01-16 21:28:15,925 - 发现新的预测文件：202501160530.csv，执行预测...
2025-01-16 21:28:15,984 - 发现新的预测文件：202501160545.csv，执行预测...
2025-01-16 21:28:16,045 - 发现新的预测文件：202501160600.csv，执行预测...
2025-01-16 21:28:16,124 - 发现新的预测文件：202501160615.csv，执行预测...
2025-01-16 21:28:16,191 - 发现新的预测文件：202501160630.csv，执行预测...
2025-01-16 21:28:16,275 - 发现新的预测文件：202501160645.csv，执行预测...
2025-01-16 21:28:16,338 - 发现新的预测文件：202501160700.csv，执行预测...
2025-01-16 21:28:16,404 - 发现新的预测文件：202501160715.csv，执行预测...
2025-01-16 21:28:16,473 - 发现新的预测文件：202501160730.csv，执行预测...
2025-01-16 21:28:16,561 - 发现新的预测文件：202501160745.csv，执行预测...
2025-01-16 21:28:16,622 - 发现新的预测文件：202501160800.csv，执行预测...
2025-01-16 21:28:16,691 - 发现新的预测文件：202501160815.csv，执行预测...
2025-01-16 21:28:16,755 - 发现新的预测文件：202501160830.csv，执行预测...
2025-01-16 21:28:16,839 - 发现新的预测文件：202501160845.csv，执行预测...
2025-01-16 21:28:16,905 - 发现新的预测文件：202501160900.csv，执行预测...
2025-01-16 21:28:16,974 - 发现新的预测文件：202501160915.csv，执行预测...
2025-01-16 21:28:17,036 - 发现新的预测文件：202501160930.csv，执行预测...
2025-01-16 21:28:17,100 - 发现新的预测文件：202501160945.csv，执行预测...
2025-01-16 21:28:17,191 - 发现新的预测文件：202501161000.csv，执行预测...
2025-01-16 21:28:17,253 - 发现新的预测文件：202501161015.csv，执行预测...
2025-01-16 21:28:17,318 - 发现新的预测文件：202501161030.csv，执行预测...
2025-01-16 21:28:17,384 - 发现新的预测文件：202501161045.csv，执行预测...
2025-01-16 21:28:17,471 - 发现新的预测文件：202501161100.csv，执行预测...
2025-01-16 21:28:17,541 - 发现新的预测文件：202501161115.csv，执行预测...
2025-01-16 21:28:17,626 - 发现新的预测文件：202501161130.csv，执行预测...
2025-01-16 21:28:17,693 - 发现新的预测文件：202501161145.csv，执行预测...
2025-01-16 21:28:17,782 - 发现新的预测文件：202501161200.csv，执行预测...
2025-01-16 21:28:17,854 - 发现新的预测文件：202501161215.csv，执行预测...
2025-01-16 21:28:17,929 - 发现新的预测文件：202501161230.csv，执行预测...
2025-01-16 21:28:17,992 - 发现新的预测文件：202501161245.csv，执行预测...
2025-01-16 21:28:18,090 - 发现新的预测文件：202501161300.csv，执行预测...
2025-01-16 21:28:18,169 - 发现新的预测文件：202501161315.csv，执行预测...
2025-01-16 21:28:18,235 - 发现新的预测文件：202501161330.csv，执行预测...
2025-01-16 21:28:18,307 - 发现新的预测文件：202501161345.csv，执行预测...
2025-01-16 21:28:18,369 - 发现新的预测文件：202501161400.csv，执行预测...
2025-01-16 21:28:18,470 - 发现新的预测文件：202501161415.csv，执行预测...
2025-01-16 21:28:18,534 - 发现新的预测文件：202501161430.csv，执行预测...
2025-01-16 21:28:18,597 - 发现新的预测文件：202501161445.csv，执行预测...
2025-01-16 21:28:18,658 - 发现新的预测文件：202501161500.csv，执行预测...
2025-01-16 21:28:18,753 - 发现新的预测文件：202501161515.csv，执行预测...
2025-01-16 21:28:18,839 - 发现新的预测文件：202501161530.csv，执行预测...
2025-01-16 21:28:18,903 - 发现新的预测文件：202501161545.csv，执行预测...
2025-01-16 21:28:18,978 - 发现新的预测文件：202501161600.csv，执行预测...
2025-01-16 21:28:19,087 - 发现新的预测文件：202501161615.csv，执行预测...
2025-01-16 21:28:19,182 - 发现新的预测文件：202501161630.csv，执行预测...
2025-01-16 21:28:19,247 - 发现新的预测文件：202501161645.csv，执行预测...
2025-01-16 21:28:19,314 - 发现新的预测文件：202501161700.csv，执行预测...
2025-01-16 21:28:19,411 - 发现新的预测文件：202501161715.csv，执行预测...
2025-01-16 21:28:19,476 - 发现新的预测文件：202501161730.csv，执行预测...
2025-01-16 21:28:19,555 - 发现新的预测文件：202501161745.csv，执行预测...
2025-01-16 21:28:19,619 - 发现新的预测文件：202501161800.csv，执行预测...
2025-01-16 21:28:19,692 - 发现新的预测文件：202501161815.csv，执行预测...
2025-01-16 21:28:19,780 - 发现新的预测文件：202501161830.csv，执行预测...
2025-01-16 21:28:19,853 - 发现新的预测文件：202501161845.csv，执行预测...
2025-01-16 21:28:19,916 - 发现新的预测文件：202501161900.csv，执行预测...
2025-01-16 21:28:19,984 - 发现新的预测文件：202501161915.csv，执行预测...
2025-01-16 21:28:20,090 - 发现新的预测文件：202501161930.csv，执行预测...
2025-01-16 21:28:20,156 - 发现新的预测文件：202501161945.csv，执行预测...
2025-01-16 21:28:20,222 - 发现新的预测文件：202501162000.csv，执行预测...
2025-01-16 21:28:20,288 - 发现新的预测文件：202501162015.csv，执行预测...
2025-01-16 21:28:20,375 - 发现新的预测文件：202501162030.csv，执行预测...
2025-01-16 21:28:20,444 - 发现新的预测文件：202501162045.csv，执行预测...
2025-01-16 21:28:20,508 - 发现新的预测文件：202501162100.csv，执行预测...
2025-01-16 21:28:20,583 - 发现新的预测文件：202501162115.csv，执行预测...
2025-01-16 21:28:20,681 - 等待 3 分钟后重新检查新文件...
2025-01-16 21:29:33,780 - 今天的日期是: 20250116
2025-01-16 21:29:33,782 - 开始监视 D:\my-vue-project\wind-power-forecast\backend\auto_scripts\dataset\dataset_supershort 文件夹以进行训练...
2025-01-16 21:29:33,782 - 今天的训练已经执行过，跳过...
2025-01-16 21:29:33,783 - 开始监视 D:\my-vue-project\wind-power-forecast\backend\auto_scripts\precsv\supershortcsv\20250116 文件夹以进行预测...
2025-01-16 21:29:33,783 - 发现新的预测文件：202501160000.csv，执行预测...
2025-01-16 21:29:33,950 - 发现新的预测文件：202501160015.csv，执行预测...
2025-01-16 21:29:34,023 - 发现新的预测文件：202501160030.csv，执行预测...
2025-01-16 21:29:34,098 - 发现新的预测文件：202501160045.csv，执行预测...
2025-01-16 21:29:34,173 - 发现新的预测文件：202501160100.csv，执行预测...
2025-01-16 21:29:34,254 - 发现新的预测文件：202501160115.csv，执行预测...
2025-01-16 21:29:34,315 - 发现新的预测文件：202501160130.csv，执行预测...
2025-01-16 21:29:34,380 - 发现新的预测文件：202501160145.csv，执行预测...
2025-01-16 21:29:34,452 - 发现新的预测文件：202501160200.csv，执行预测...
2025-01-16 21:29:34,519 - 发现新的预测文件：202501160215.csv，执行预测...
2025-01-16 21:29:34,604 - 发现新的预测文件：202501160230.csv，执行预测...
2025-01-16 21:29:34,661 - 发现新的预测文件：202501160245.csv，执行预测...
2025-01-16 21:29:34,731 - 发现新的预测文件：202501160300.csv，执行预测...
2025-01-16 21:29:34,806 - 发现新的预测文件：202501160315.csv，执行预测...
2025-01-16 21:29:34,898 - 发现新的预测文件：202501160330.csv，执行预测...
2025-01-16 21:29:34,977 - 发现新的预测文件：202501160345.csv，执行预测...
2025-01-16 21:29:35,041 - 发现新的预测文件：202501160400.csv，执行预测...
2025-01-16 21:29:35,113 - 发现新的预测文件：202501160415.csv，执行预测...
2025-01-16 21:29:35,209 - 发现新的预测文件：202501160430.csv，执行预测...
2025-01-16 21:29:35,261 - 发现新的预测文件：202501160445.csv，执行预测...
2025-01-16 21:29:35,333 - 发现新的预测文件：202501160500.csv，执行预测...
2025-01-16 21:29:35,400 - 发现新的预测文件：202501160515.csv，执行预测...
2025-01-16 21:29:35,496 - 发现新的预测文件：202501160530.csv，执行预测...
2025-01-16 21:29:35,565 - 发现新的预测文件：202501160545.csv，执行预测...
2025-01-16 21:29:35,635 - 发现新的预测文件：202501160600.csv，执行预测...
2025-01-16 21:29:35,693 - 发现新的预测文件：202501160615.csv，执行预测...
2025-01-16 21:29:35,759 - 发现新的预测文件：202501160630.csv，执行预测...
2025-01-16 21:29:35,848 - 发现新的预测文件：202501160645.csv，执行预测...
2025-01-16 21:29:35,914 - 发现新的预测文件：202501160700.csv，执行预测...
2025-01-16 21:29:35,981 - 发现新的预测文件：202501160715.csv，执行预测...
2025-01-16 21:29:36,040 - 发现新的预测文件：202501160730.csv，执行预测...
2025-01-16 21:29:36,125 - 发现新的预测文件：202501160745.csv，执行预测...
2025-01-16 21:29:36,189 - 发现新的预测文件：202501160800.csv，执行预测...
2025-01-16 21:29:36,249 - 发现新的预测文件：202501160815.csv，执行预测...
2025-01-16 21:29:36,320 - 发现新的预测文件：202501160830.csv，执行预测...
2025-01-16 21:29:36,419 - 发现新的预测文件：202501160845.csv，执行预测...
2025-01-16 21:29:36,492 - 发现新的预测文件：202501160900.csv，执行预测...
2025-01-16 21:29:36,554 - 发现新的预测文件：202501160915.csv，执行预测...
2025-01-16 21:29:36,621 - 发现新的预测文件：202501160930.csv，执行预测...
2025-01-16 21:29:36,688 - 发现新的预测文件：202501160945.csv，执行预测...
2025-01-16 21:29:36,787 - 发现新的预测文件：202501161000.csv，执行预测...
2025-01-16 21:29:36,848 - 发现新的预测文件：202501161015.csv，执行预测...
2025-01-16 21:29:36,915 - 发现新的预测文件：202501161030.csv，执行预测...
2025-01-16 21:29:36,973 - 发现新的预测文件：202501161045.csv，执行预测...
2025-01-16 21:29:37,059 - 发现新的预测文件：202501161100.csv，执行预测...
2025-01-16 21:29:37,133 - 发现新的预测文件：202501161115.csv，执行预测...
2025-01-16 21:29:37,197 - 发现新的预测文件：202501161130.csv，执行预测...
2025-01-16 21:29:37,274 - 发现新的预测文件：202501161145.csv，执行预测...
2025-01-16 21:29:37,366 - 发现新的预测文件：202501161200.csv，执行预测...
2025-01-16 21:29:37,422 - 发现新的预测文件：202501161215.csv，执行预测...
2025-01-16 21:29:37,485 - 发现新的预测文件：202501161230.csv，执行预测...
2025-01-16 21:29:37,553 - 发现新的预测文件：202501161245.csv，执行预测...
2025-01-16 21:29:37,640 - 发现新的预测文件：202501161300.csv，执行预测...
2025-01-16 21:29:37,712 - 发现新的预测文件：202501161315.csv，执行预测...
2025-01-16 21:29:37,787 - 发现新的预测文件：202501161330.csv，执行预测...
2025-01-16 21:29:37,846 - 发现新的预测文件：202501161345.csv，执行预测...
2025-01-16 21:29:37,919 - 发现新的预测文件：202501161400.csv，执行预测...
2025-01-16 21:29:38,016 - 发现新的预测文件：202501161415.csv，执行预测...
2025-01-16 21:29:38,075 - 发现新的预测文件：202501161430.csv，执行预测...
2025-01-16 21:29:38,143 - 发现新的预测文件：202501161445.csv，执行预测...
2025-01-16 21:29:38,211 - 发现新的预测文件：202501161500.csv，执行预测...
2025-01-16 21:29:38,297 - 发现新的预测文件：202501161515.csv，执行预测...
2025-01-16 21:29:38,367 - 发现新的预测文件：202501161530.csv，执行预测...
2025-01-16 21:29:38,428 - 发现新的预测文件：202501161545.csv，执行预测...
2025-01-16 21:29:38,495 - 发现新的预测文件：202501161600.csv，执行预测...
2025-01-16 21:29:38,588 - 发现新的预测文件：202501161615.csv，执行预测...
2025-01-16 21:29:38,659 - 发现新的预测文件：202501161630.csv，执行预测...
2025-01-16 21:29:38,737 - 发现新的预测文件：202501161645.csv，执行预测...
2025-01-16 21:29:38,806 - 发现新的预测文件：202501161700.csv，执行预测...
2025-01-16 21:29:38,897 - 发现新的预测文件：202501161715.csv，执行预测...
2025-01-16 21:29:38,974 - 发现新的预测文件：202501161730.csv，执行预测...
2025-01-16 21:29:39,041 - 发现新的预测文件：202501161745.csv，执行预测...
2025-01-16 21:29:39,101 - 发现新的预测文件：202501161800.csv，执行预测...
2025-01-16 21:29:39,162 - 发现新的预测文件：202501161815.csv，执行预测...
2025-01-16 21:29:39,246 - 发现新的预测文件：202501161830.csv，执行预测...
2025-01-16 21:29:39,311 - 发现新的预测文件：202501161845.csv，执行预测...
2025-01-16 21:29:39,381 - 发现新的预测文件：202501161900.csv，执行预测...
2025-01-16 21:29:39,447 - 发现新的预测文件：202501161915.csv，执行预测...
2025-01-16 21:29:39,550 - 发现新的预测文件：202501161930.csv，执行预测...
2025-01-16 21:29:39,612 - 发现新的预测文件：202501161945.csv，执行预测...
2025-01-16 21:29:39,691 - 发现新的预测文件：202501162000.csv，执行预测...
2025-01-16 21:29:39,767 - 发现新的预测文件：202501162015.csv，执行预测...
2025-01-16 21:29:39,856 - 发现新的预测文件：202501162030.csv，执行预测...
2025-01-16 21:29:39,928 - 发现新的预测文件：202501162045.csv，执行预测...
2025-01-16 21:29:39,995 - 发现新的预测文件：202501162100.csv，执行预测...
2025-01-16 21:29:40,061 - 发现新的预测文件：202501162115.csv，执行预测...
2025-01-16 21:29:40,157 - 等待 3 分钟后重新检查新文件...
2025-01-16 21:32:40,168 - 发现新的预测文件：202501162130.csv，执行预测...
2025-01-16 21:32:40,231 - 等待 3 分钟后重新检查新文件...
2025-01-16 21:35:40,235 - 等待 3 分钟后重新检查新文件...
2025-01-16 21:38:40,245 - 等待 3 分钟后重新检查新文件...
2025-01-16 21:41:40,260 - 等待 3 分钟后重新检查新文件...
2025-01-16 21:44:40,264 - 等待 3 分钟后重新检查新文件...
2025-01-16 21:47:40,279 - 发现新的预测文件：202501162145.csv，执行预测...
2025-01-16 21:47:40,394 - 等待 3 分钟后重新检查新文件...
2025-01-16 21:50:40,404 - 等待 3 分钟后重新检查新文件...
2025-01-16 21:53:40,413 - 等待 3 分钟后重新检查新文件...
2025-01-16 21:56:40,424 - 等待 3 分钟后重新检查新文件...
2025-01-16 21:59:40,435 - 等待 3 分钟后重新检查新文件...
2025-01-16 22:02:41,821 - 发现新的预测文件：202501162200.csv，执行预测...
2025-01-16 22:02:41,935 - 等待 3 分钟后重新检查新文件...
2025-01-16 22:05:41,947 - 等待 3 分钟后重新检查新文件...
2025-01-16 22:08:41,956 - 等待 3 分钟后重新检查新文件...
2025-01-16 22:11:41,960 - 等待 3 分钟后重新检查新文件...
2025-01-16 22:14:41,974 - 等待 3 分钟后重新检查新文件...
2025-01-16 22:17:41,988 - 发现新的预测文件：202501162215.csv，执行预测...
2025-01-16 22:17:42,098 - 等待 3 分钟后重新检查新文件...
2025-01-16 22:20:42,107 - 等待 3 分钟后重新检查新文件...
2025-01-16 22:23:42,115 - 等待 3 分钟后重新检查新文件...
2025-01-16 22:26:42,119 - 等待 3 分钟后重新检查新文件...
2025-01-16 22:29:42,120 - 等待 3 分钟后重新检查新文件...
2025-01-16 22:32:42,126 - 发现新的预测文件：202501162230.csv，执行预测...
2025-01-16 22:32:42,271 - 等待 3 分钟后重新检查新文件...
2025-01-16 22:35:42,276 - 等待 3 分钟后重新检查新文件...
2025-01-16 22:38:42,282 - 等待 3 分钟后重新检查新文件...
2025-01-16 22:41:42,298 - 等待 3 分钟后重新检查新文件...
2025-01-16 22:44:42,310 - 等待 3 分钟后重新检查新文件...
2025-01-16 22:47:42,324 - 发现新的预测文件：202501162245.csv，执行预测...
2025-01-16 22:47:42,438 - 等待 3 分钟后重新检查新文件...
2025-01-16 22:50:42,451 - 等待 3 分钟后重新检查新文件...
2025-01-16 22:53:42,458 - 等待 3 分钟后重新检查新文件...
2025-01-16 22:56:42,465 - 等待 3 分钟后重新检查新文件...
2025-01-16 22:59:42,481 - 等待 3 分钟后重新检查新文件...
2025-01-16 23:02:42,489 - 发现新的预测文件：202501162300.csv，执行预测...
2025-01-16 23:02:42,602 - 等待 3 分钟后重新检查新文件...
2025-01-16 23:05:42,609 - 等待 3 分钟后重新检查新文件...
2025-01-16 23:08:42,617 - 等待 3 分钟后重新检查新文件...
2025-01-16 23:11:42,623 - 等待 3 分钟后重新检查新文件...
2025-01-16 23:14:42,634 - 等待 3 分钟后重新检查新文件...
2025-01-16 23:17:42,647 - 发现新的预测文件：202501162315.csv，执行预测...
2025-01-16 23:17:42,761 - 等待 3 分钟后重新检查新文件...
2025-01-16 23:20:42,778 - 等待 3 分钟后重新检查新文件...
2025-01-16 23:23:42,796 - 等待 3 分钟后重新检查新文件...
2025-01-16 23:26:42,809 - 等待 3 分钟后重新检查新文件...
2025-01-16 23:29:42,815 - 等待 3 分钟后重新检查新文件...
2025-01-16 23:32:42,827 - 发现新的预测文件：202501162330.csv，执行预测...
2025-01-16 23:32:42,973 - 等待 3 分钟后重新检查新文件...
2025-01-16 23:35:42,991 - 等待 3 分钟后重新检查新文件...
2025-01-16 23:38:43,007 - 等待 3 分钟后重新检查新文件...
2025-01-16 23:41:43,011 - 等待 3 分钟后重新检查新文件...
2025-01-16 23:44:43,029 - 等待 3 分钟后重新检查新文件...
2025-01-16 23:47:43,045 - 发现新的预测文件：202501162345.csv，执行预测...
2025-01-16 23:47:43,167 - 等待 3 分钟后重新检查新文件...
2025-01-16 23:50:43,169 - 等待 3 分钟后重新检查新文件...
2025-01-16 23:53:43,181 - 等待 3 分钟后重新检查新文件...
2025-01-16 23:56:43,189 - 等待 3 分钟后重新检查新文件...
2025-01-16 23:59:43,196 - 等待 3 分钟后重新检查新文件...
