2025-01-13 00:00:02,859 - 今天的日期是: 20250113
2025-01-13 00:00:02,860 - 开始监视 D:\my-vue-project\wind-power-forecast\backend\auto_scripts\dataset\dataset_supershort 文件夹以进行训练...
2025-01-13 00:00:02,860 - 未找到训练 CSV 文件，等待 30 秒后重试...
2025-01-13 00:00:02,861 - 开始监视 D:\my-vue-project\wind-power-forecast\backend\auto_scripts\precsv\supershortcsv\20250113 文件夹以进行预测...
2025-01-13 00:00:02,861 - 模型不可用，等待模型训练完成...
2025-01-13 00:00:32,875 - 未找到训练 CSV 文件，等待 30 秒后重试...
2025-01-13 00:01:02,881 - 未找到训练 CSV 文件，等待 30 秒后重试...
2025-01-13 00:01:32,896 - 未找到训练 CSV 文件，等待 30 秒后重试...
2025-01-13 00:02:02,913 - 未找到训练 CSV 文件，等待 30 秒后重试...
2025-01-13 00:02:32,870 - 模型不可用，等待模型训练完成...
2025-01-13 00:02:32,916 - 未找到训练 CSV 文件，等待 30 秒后重试...
2025-01-13 00:03:02,922 - 未找到训练 CSV 文件，等待 30 秒后重试...
2025-01-13 00:03:32,931 - 未找到训练 CSV 文件，等待 30 秒后重试...
2025-01-13 00:04:02,943 - 未找到训练 CSV 文件，等待 30 秒后重试...
2025-01-13 00:04:32,949 - 未找到训练 CSV 文件，等待 30 秒后重试...
2025-01-13 00:05:02,882 - 模型不可用，等待模型训练完成...
2025-01-13 00:05:02,959 - 未找到训练 CSV 文件，等待 30 秒后重试...
2025-01-13 00:05:32,967 - 未找到训练 CSV 文件，等待 30 秒后重试...
2025-01-13 00:06:02,970 - 未找到训练 CSV 文件，等待 30 秒后重试...
2025-01-13 00:06:32,982 - 未找到训练 CSV 文件，等待 30 秒后重试...
2025-01-13 00:07:02,991 - 未找到训练 CSV 文件，等待 30 秒后重试...
2025-01-13 00:07:32,886 - 模型不可用，等待模型训练完成...
2025-01-13 00:07:32,995 - 未找到训练 CSV 文件，等待 30 秒后重试...
2025-01-13 00:08:03,007 - 未找到训练 CSV 文件，等待 30 秒后重试...
2025-01-13 00:08:33,013 - 未找到训练 CSV 文件，等待 30 秒后重试...
2025-01-13 00:09:03,014 - 未找到训练 CSV 文件，等待 30 秒后重试...
2025-01-13 00:09:33,026 - 未找到训练 CSV 文件，等待 30 秒后重试...
2025-01-13 00:10:02,894 - 模型不可用，等待模型训练完成...
2025-01-13 00:10:03,033 - 未找到训练 CSV 文件，等待 30 秒后重试...
2025-01-13 00:10:33,048 - 未找到训练 CSV 文件，等待 30 秒后重试...
2025-01-13 00:11:03,059 - 发现新的训练文件：D:\my-vue-project\wind-power-forecast\backend\auto_scripts\dataset\dataset_supershort\20250113.csv，执行训练...
2025-01-13 00:11:03,059 - 输出结果将保存到: D:\my-vue-project\wind-power-forecast\backend\auto_scripts\train_predictions\supershort_predictions
2025-01-13 00:11:04,229 - 数据加载与预处理完成
2025-01-13 00:11:04,548 - 数据标准化完成
2025-01-13 00:11:05,270 - 创建时间窗口完成
2025-01-13 00:11:05,270 - 获取模型参数完成
2025-01-13 00:12:32,901 - 模型不可用，等待模型训练完成...
2025-01-13 00:14:35,288 - 训练与评估完成
2025-01-13 00:14:35,309 - 保存预测结果完成
2025-01-13 00:14:35,540 - 可视化结果完成
2025-01-13 00:14:35,684 - 模型已成功保存到 D:\my-vue-project\wind-power-forecast\backend\auto_scripts\models\supershortmodel\20250113，模型可用。
2025-01-13 00:15:02,912 - 发现新的预测文件：202501130000.csv，执行预测...
2025-01-13 00:15:03,000 - 等待 3 分钟后重新检查新文件...
2025-01-13 00:18:03,007 - 发现新的预测文件：202501130015.csv，执行预测...
2025-01-13 00:18:03,110 - 等待 3 分钟后重新检查新文件...
2025-01-13 00:21:03,114 - 等待 3 分钟后重新检查新文件...
2025-01-13 00:24:03,117 - 等待 3 分钟后重新检查新文件...
2025-01-13 00:27:03,120 - 等待 3 分钟后重新检查新文件...
2025-01-13 00:30:03,137 - 等待 3 分钟后重新检查新文件...
2025-01-13 00:33:03,147 - 发现新的预测文件：202501130030.csv，执行预测...
2025-01-13 00:33:03,234 - 等待 3 分钟后重新检查新文件...
2025-01-13 00:36:03,236 - 等待 3 分钟后重新检查新文件...
2025-01-13 00:39:03,243 - 等待 3 分钟后重新检查新文件...
2025-01-13 00:42:03,249 - 等待 3 分钟后重新检查新文件...
2025-01-13 00:45:03,265 - 等待 3 分钟后重新检查新文件...
2025-01-13 00:48:03,273 - 发现新的预测文件：202501130045.csv，执行预测...
2025-01-13 00:48:03,355 - 等待 3 分钟后重新检查新文件...
2025-01-13 00:51:03,368 - 等待 3 分钟后重新检查新文件...
2025-01-13 00:54:03,372 - 等待 3 分钟后重新检查新文件...
2025-01-13 00:57:03,381 - 等待 3 分钟后重新检查新文件...
2025-01-13 01:00:03,383 - 等待 3 分钟后重新检查新文件...
2025-01-13 01:03:03,400 - 发现新的预测文件：202501130100.csv，执行预测...
2025-01-13 01:03:03,607 - 等待 3 分钟后重新检查新文件...
2025-01-13 01:06:03,619 - 等待 3 分钟后重新检查新文件...
2025-01-13 01:09:03,634 - 等待 3 分钟后重新检查新文件...
2025-01-13 01:12:03,646 - 等待 3 分钟后重新检查新文件...
2025-01-13 01:15:03,649 - 等待 3 分钟后重新检查新文件...
2025-01-13 01:18:03,656 - 发现新的预测文件：202501130115.csv，执行预测...
2025-01-13 01:18:03,774 - 等待 3 分钟后重新检查新文件...
2025-01-13 01:21:03,784 - 等待 3 分钟后重新检查新文件...
2025-01-13 01:24:03,793 - 等待 3 分钟后重新检查新文件...
2025-01-13 01:27:03,794 - 等待 3 分钟后重新检查新文件...
2025-01-13 01:30:03,797 - 等待 3 分钟后重新检查新文件...
2025-01-13 01:33:03,810 - 发现新的预测文件：202501130130.csv，执行预测...
2025-01-13 01:33:03,886 - 等待 3 分钟后重新检查新文件...
2025-01-13 01:36:03,891 - 等待 3 分钟后重新检查新文件...
2025-01-13 01:39:03,898 - 等待 3 分钟后重新检查新文件...
2025-01-13 01:42:03,914 - 等待 3 分钟后重新检查新文件...
2025-01-13 01:45:03,925 - 等待 3 分钟后重新检查新文件...
2025-01-13 01:48:03,936 - 发现新的预测文件：202501130145.csv，执行预测...
2025-01-13 01:48:04,018 - 等待 3 分钟后重新检查新文件...
2025-01-13 01:51:04,019 - 等待 3 分钟后重新检查新文件...
2025-01-13 01:54:04,031 - 等待 3 分钟后重新检查新文件...
2025-01-13 01:57:04,032 - 等待 3 分钟后重新检查新文件...
2025-01-13 02:00:04,041 - 等待 3 分钟后重新检查新文件...
2025-01-13 02:03:04,043 - 发现新的预测文件：202501130200.csv，执行预测...
2025-01-13 02:03:04,115 - 等待 3 分钟后重新检查新文件...
2025-01-13 02:06:04,121 - 等待 3 分钟后重新检查新文件...
2025-01-13 02:09:04,132 - 等待 3 分钟后重新检查新文件...
2025-01-13 02:12:04,143 - 等待 3 分钟后重新检查新文件...
2025-01-13 02:15:04,145 - 等待 3 分钟后重新检查新文件...
2025-01-13 02:18:04,146 - 发现新的预测文件：202501130215.csv，执行预测...
2025-01-13 02:18:04,216 - 等待 3 分钟后重新检查新文件...
2025-01-13 02:21:04,232 - 等待 3 分钟后重新检查新文件...
2025-01-13 02:24:04,247 - 等待 3 分钟后重新检查新文件...
2025-01-13 02:27:04,250 - 等待 3 分钟后重新检查新文件...
2025-01-13 02:30:04,266 - 等待 3 分钟后重新检查新文件...
2025-01-13 02:33:04,272 - 发现新的预测文件：202501130230.csv，执行预测...
2025-01-13 02:33:04,378 - 等待 3 分钟后重新检查新文件...
2025-01-13 02:36:04,390 - 等待 3 分钟后重新检查新文件...
2025-01-13 02:39:04,398 - 等待 3 分钟后重新检查新文件...
2025-01-13 02:42:04,414 - 等待 3 分钟后重新检查新文件...
2025-01-13 02:45:04,417 - 等待 3 分钟后重新检查新文件...
2025-01-13 02:48:04,423 - 发现新的预测文件：202501130245.csv，执行预测...
2025-01-13 02:48:04,492 - 等待 3 分钟后重新检查新文件...
2025-01-13 02:51:04,507 - 等待 3 分钟后重新检查新文件...
2025-01-13 02:54:04,517 - 等待 3 分钟后重新检查新文件...
2025-01-13 02:57:04,520 - 等待 3 分钟后重新检查新文件...
2025-01-13 03:00:05,926 - 等待 3 分钟后重新检查新文件...
2025-01-13 03:03:05,930 - 发现新的预测文件：202501130300.csv，执行预测...
2025-01-13 03:03:06,015 - 等待 3 分钟后重新检查新文件...
2025-01-13 03:06:06,015 - 等待 3 分钟后重新检查新文件...
2025-01-13 03:09:06,017 - 等待 3 分钟后重新检查新文件...
2025-01-13 03:12:06,033 - 等待 3 分钟后重新检查新文件...
2025-01-13 03:15:06,036 - 等待 3 分钟后重新检查新文件...
2025-01-13 03:18:06,045 - 发现新的预测文件：202501130315.csv，执行预测...
2025-01-13 03:18:06,110 - 等待 3 分钟后重新检查新文件...
2025-01-13 03:21:06,111 - 等待 3 分钟后重新检查新文件...
2025-01-13 03:24:06,112 - 等待 3 分钟后重新检查新文件...
2025-01-13 03:27:06,120 - 等待 3 分钟后重新检查新文件...
2025-01-13 03:30:06,131 - 等待 3 分钟后重新检查新文件...
2025-01-13 03:33:06,133 - 发现新的预测文件：202501130330.csv，执行预测...
2025-01-13 03:33:06,252 - 等待 3 分钟后重新检查新文件...
2025-01-13 03:36:06,255 - 等待 3 分钟后重新检查新文件...
2025-01-13 03:39:06,258 - 等待 3 分钟后重新检查新文件...
2025-01-13 03:42:06,265 - 等待 3 分钟后重新检查新文件...
2025-01-13 03:45:06,272 - 等待 3 分钟后重新检查新文件...
2025-01-13 03:48:06,285 - 发现新的预测文件：202501130345.csv，执行预测...
2025-01-13 03:48:06,381 - 等待 3 分钟后重新检查新文件...
2025-01-13 03:51:06,396 - 等待 3 分钟后重新检查新文件...
2025-01-13 03:54:06,399 - 等待 3 分钟后重新检查新文件...
2025-01-13 03:57:06,410 - 等待 3 分钟后重新检查新文件...
2025-01-13 04:00:06,414 - 等待 3 分钟后重新检查新文件...
2025-01-13 04:03:06,421 - 发现新的预测文件：202501130400.csv，执行预测...
2025-01-13 04:03:06,510 - 等待 3 分钟后重新检查新文件...
2025-01-13 04:06:06,524 - 等待 3 分钟后重新检查新文件...
2025-01-13 04:09:06,540 - 等待 3 分钟后重新检查新文件...
2025-01-13 04:12:06,545 - 等待 3 分钟后重新检查新文件...
2025-01-13 04:15:06,550 - 等待 3 分钟后重新检查新文件...
2025-01-13 04:18:06,562 - 发现新的预测文件：202501130415.csv，执行预测...
2025-01-13 04:18:06,643 - 等待 3 分钟后重新检查新文件...
2025-01-13 04:21:06,646 - 等待 3 分钟后重新检查新文件...
2025-01-13 04:24:06,652 - 等待 3 分钟后重新检查新文件...
2025-01-13 04:27:06,666 - 等待 3 分钟后重新检查新文件...
2025-01-13 04:30:06,671 - 等待 3 分钟后重新检查新文件...
2025-01-13 04:33:06,680 - 发现新的预测文件：202501130430.csv，执行预测...
2025-01-13 04:33:06,778 - 等待 3 分钟后重新检查新文件...
2025-01-13 04:36:06,781 - 等待 3 分钟后重新检查新文件...
2025-01-13 04:39:06,782 - 等待 3 分钟后重新检查新文件...
2025-01-13 04:42:06,787 - 等待 3 分钟后重新检查新文件...
2025-01-13 04:45:06,795 - 等待 3 分钟后重新检查新文件...
2025-01-13 04:48:06,799 - 发现新的预测文件：202501130445.csv，执行预测...
2025-01-13 04:48:06,882 - 等待 3 分钟后重新检查新文件...
2025-01-13 04:51:06,898 - 等待 3 分钟后重新检查新文件...
2025-01-13 04:54:06,905 - 等待 3 分钟后重新检查新文件...
2025-01-13 04:57:06,908 - 等待 3 分钟后重新检查新文件...
2025-01-13 05:00:06,920 - 等待 3 分钟后重新检查新文件...
2025-01-13 05:03:06,922 - 发现新的预测文件：202501130500.csv，执行预测...
2025-01-13 05:03:07,018 - 等待 3 分钟后重新检查新文件...
2025-01-13 05:06:07,025 - 等待 3 分钟后重新检查新文件...
2025-01-13 05:09:07,028 - 等待 3 分钟后重新检查新文件...
2025-01-13 05:12:07,038 - 等待 3 分钟后重新检查新文件...
2025-01-13 05:15:07,042 - 等待 3 分钟后重新检查新文件...
2025-01-13 05:18:07,045 - 发现新的预测文件：202501130515.csv，执行预测...
2025-01-13 05:18:07,129 - 等待 3 分钟后重新检查新文件...
2025-01-13 05:21:07,137 - 等待 3 分钟后重新检查新文件...
2025-01-13 05:24:07,150 - 等待 3 分钟后重新检查新文件...
2025-01-13 05:27:07,155 - 等待 3 分钟后重新检查新文件...
2025-01-13 05:30:07,163 - 等待 3 分钟后重新检查新文件...
2025-01-13 05:33:07,169 - 发现新的预测文件：202501130530.csv，执行预测...
2025-01-13 05:33:07,280 - 等待 3 分钟后重新检查新文件...
2025-01-13 05:36:07,286 - 等待 3 分钟后重新检查新文件...
2025-01-13 05:39:07,290 - 等待 3 分钟后重新检查新文件...
2025-01-13 05:42:07,295 - 等待 3 分钟后重新检查新文件...
2025-01-13 05:45:07,299 - 等待 3 分钟后重新检查新文件...
2025-01-13 05:48:07,303 - 发现新的预测文件：202501130545.csv，执行预测...
2025-01-13 05:48:07,388 - 等待 3 分钟后重新检查新文件...
2025-01-13 05:51:07,390 - 等待 3 分钟后重新检查新文件...
2025-01-13 05:54:07,402 - 等待 3 分钟后重新检查新文件...
2025-01-13 05:57:07,408 - 等待 3 分钟后重新检查新文件...
2025-01-13 06:00:07,423 - 等待 3 分钟后重新检查新文件...
2025-01-13 06:03:07,434 - 发现新的预测文件：202501130600.csv，执行预测...
2025-01-13 06:03:07,523 - 等待 3 分钟后重新检查新文件...
2025-01-13 06:06:07,527 - 等待 3 分钟后重新检查新文件...
2025-01-13 06:09:07,534 - 等待 3 分钟后重新检查新文件...
2025-01-13 06:12:07,540 - 等待 3 分钟后重新检查新文件...
2025-01-13 06:15:07,548 - 等待 3 分钟后重新检查新文件...
2025-01-13 06:18:07,560 - 发现新的预测文件：202501130615.csv，执行预测...
2025-01-13 06:18:07,636 - 等待 3 分钟后重新检查新文件...
2025-01-13 06:21:07,645 - 等待 3 分钟后重新检查新文件...
2025-01-13 06:24:07,653 - 等待 3 分钟后重新检查新文件...
2025-01-13 06:27:07,668 - 等待 3 分钟后重新检查新文件...
2025-01-13 06:30:07,677 - 等待 3 分钟后重新检查新文件...
2025-01-13 06:33:07,682 - 发现新的预测文件：202501130630.csv，执行预测...
2025-01-13 06:33:07,765 - 等待 3 分钟后重新检查新文件...
2025-01-13 06:36:07,773 - 等待 3 分钟后重新检查新文件...
2025-01-13 06:39:07,790 - 等待 3 分钟后重新检查新文件...
2025-01-13 06:42:07,803 - 等待 3 分钟后重新检查新文件...
2025-01-13 06:45:07,818 - 等待 3 分钟后重新检查新文件...
2025-01-13 06:48:07,823 - 发现新的预测文件：202501130645.csv，执行预测...
2025-01-13 06:48:07,926 - 等待 3 分钟后重新检查新文件...
2025-01-13 06:51:07,941 - 等待 3 分钟后重新检查新文件...
2025-01-13 06:54:07,949 - 等待 3 分钟后重新检查新文件...
2025-01-13 06:57:07,958 - 等待 3 分钟后重新检查新文件...
2025-01-13 07:00:07,959 - 等待 3 分钟后重新检查新文件...
2025-01-13 07:03:07,971 - 发现新的预测文件：202501130700.csv，执行预测...
2025-01-13 07:03:08,053 - 等待 3 分钟后重新检查新文件...
2025-01-13 07:06:08,054 - 等待 3 分钟后重新检查新文件...
2025-01-13 07:09:08,062 - 等待 3 分钟后重新检查新文件...
2025-01-13 07:12:08,071 - 等待 3 分钟后重新检查新文件...
2025-01-13 07:15:08,077 - 等待 3 分钟后重新检查新文件...
2025-01-13 07:18:08,085 - 发现新的预测文件：202501130715.csv，执行预测...
2025-01-13 07:18:08,151 - 等待 3 分钟后重新检查新文件...
2025-01-13 07:21:08,155 - 等待 3 分钟后重新检查新文件...
2025-01-13 07:24:08,171 - 等待 3 分钟后重新检查新文件...
2025-01-13 07:27:08,181 - 等待 3 分钟后重新检查新文件...
2025-01-13 07:30:08,188 - 等待 3 分钟后重新检查新文件...
2025-01-13 07:33:08,189 - 发现新的预测文件：202501130730.csv，执行预测...
2025-01-13 07:33:08,282 - 等待 3 分钟后重新检查新文件...
2025-01-13 07:36:08,284 - 等待 3 分钟后重新检查新文件...
2025-01-13 07:39:08,296 - 等待 3 分钟后重新检查新文件...
2025-01-13 07:42:08,299 - 等待 3 分钟后重新检查新文件...
2025-01-13 07:45:08,313 - 等待 3 分钟后重新检查新文件...
2025-01-13 07:48:08,325 - 发现新的预测文件：202501130745.csv，执行预测...
2025-01-13 07:48:08,423 - 等待 3 分钟后重新检查新文件...
2025-01-13 07:51:08,434 - 等待 3 分钟后重新检查新文件...
2025-01-13 07:54:08,448 - 等待 3 分钟后重新检查新文件...
2025-01-13 07:57:08,459 - 等待 3 分钟后重新检查新文件...
2025-01-13 08:00:08,470 - 等待 3 分钟后重新检查新文件...
2025-01-13 08:03:08,486 - 发现新的预测文件：202501130800.csv，执行预测...
2025-01-13 08:03:08,562 - 等待 3 分钟后重新检查新文件...
2025-01-13 08:06:08,572 - 等待 3 分钟后重新检查新文件...
2025-01-13 08:09:08,576 - 等待 3 分钟后重新检查新文件...
2025-01-13 08:12:08,578 - 等待 3 分钟后重新检查新文件...
2025-01-13 08:15:08,580 - 等待 3 分钟后重新检查新文件...
2025-01-13 08:18:08,585 - 发现新的预测文件：202501130815.csv，执行预测...
2025-01-13 08:18:08,655 - 等待 3 分钟后重新检查新文件...
2025-01-13 08:21:08,658 - 等待 3 分钟后重新检查新文件...
2025-01-13 08:24:08,664 - 等待 3 分钟后重新检查新文件...
2025-01-13 08:27:08,670 - 等待 3 分钟后重新检查新文件...
2025-01-13 08:30:08,674 - 等待 3 分钟后重新检查新文件...
2025-01-13 08:33:08,680 - 发现新的预测文件：202501130830.csv，执行预测...
2025-01-13 08:33:08,814 - 等待 3 分钟后重新检查新文件...
2025-01-13 08:36:08,816 - 等待 3 分钟后重新检查新文件...
2025-01-13 08:39:08,827 - 等待 3 分钟后重新检查新文件...
2025-01-13 08:42:08,831 - 等待 3 分钟后重新检查新文件...
2025-01-13 08:45:08,843 - 等待 3 分钟后重新检查新文件...
2025-01-13 08:48:08,853 - 发现新的预测文件：202501130845.csv，执行预测...
2025-01-13 08:48:08,946 - 等待 3 分钟后重新检查新文件...
2025-01-13 08:51:08,951 - 等待 3 分钟后重新检查新文件...
2025-01-13 08:54:08,966 - 等待 3 分钟后重新检查新文件...
2025-01-13 08:57:08,971 - 等待 3 分钟后重新检查新文件...
2025-01-13 09:00:08,977 - 等待 3 分钟后重新检查新文件...
2025-01-13 09:03:08,988 - 发现新的预测文件：202501130900.csv，执行预测...
2025-01-13 09:03:09,059 - 等待 3 分钟后重新检查新文件...
2025-01-13 09:06:09,068 - 等待 3 分钟后重新检查新文件...
2025-01-13 09:09:09,082 - 等待 3 分钟后重新检查新文件...
2025-01-13 09:12:09,089 - 等待 3 分钟后重新检查新文件...
2025-01-13 09:15:09,106 - 等待 3 分钟后重新检查新文件...
2025-01-13 09:18:09,109 - 发现新的预测文件：202501130915.csv，执行预测...
2025-01-13 09:18:09,184 - 等待 3 分钟后重新检查新文件...
2025-01-13 09:21:09,201 - 等待 3 分钟后重新检查新文件...
2025-01-13 09:24:09,217 - 等待 3 分钟后重新检查新文件...
2025-01-13 09:27:09,231 - 等待 3 分钟后重新检查新文件...
2025-01-13 09:30:09,234 - 等待 3 分钟后重新检查新文件...
2025-01-13 09:33:09,239 - 发现新的预测文件：202501130930.csv，执行预测...
2025-01-13 09:33:09,310 - 等待 3 分钟后重新检查新文件...
2025-01-13 09:36:09,325 - 等待 3 分钟后重新检查新文件...
2025-01-13 09:39:09,332 - 等待 3 分钟后重新检查新文件...
2025-01-13 09:42:09,341 - 等待 3 分钟后重新检查新文件...
2025-01-13 09:45:09,347 - 等待 3 分钟后重新检查新文件...
2025-01-13 09:48:09,362 - 发现新的预测文件：202501130945.csv，执行预测...
2025-01-13 09:48:09,436 - 等待 3 分钟后重新检查新文件...
2025-01-13 09:51:09,447 - 等待 3 分钟后重新检查新文件...
2025-01-13 09:54:09,463 - 等待 3 分钟后重新检查新文件...
2025-01-13 09:57:09,464 - 等待 3 分钟后重新检查新文件...
2025-01-13 10:00:09,478 - 等待 3 分钟后重新检查新文件...
2025-01-13 10:03:09,486 - 发现新的预测文件：202501131000.csv，执行预测...
2025-01-13 10:03:09,599 - 等待 3 分钟后重新检查新文件...
2025-01-13 10:06:09,603 - 等待 3 分钟后重新检查新文件...
2025-01-13 10:09:09,610 - 等待 3 分钟后重新检查新文件...
2025-01-13 10:12:09,624 - 等待 3 分钟后重新检查新文件...
2025-01-13 10:15:09,630 - 等待 3 分钟后重新检查新文件...
2025-01-13 10:18:09,635 - 发现新的预测文件：202501131015.csv，执行预测...
2025-01-13 10:18:09,757 - 等待 3 分钟后重新检查新文件...
2025-01-13 10:21:09,769 - 等待 3 分钟后重新检查新文件...
2025-01-13 10:24:09,782 - 等待 3 分钟后重新检查新文件...
2025-01-13 10:27:09,790 - 等待 3 分钟后重新检查新文件...
2025-01-13 10:30:09,804 - 等待 3 分钟后重新检查新文件...
2025-01-13 10:33:09,808 - 发现新的预测文件：202501131030.csv，执行预测...
2025-01-13 10:33:09,924 - 等待 3 分钟后重新检查新文件...
2025-01-13 10:36:09,933 - 等待 3 分钟后重新检查新文件...
2025-01-13 10:39:09,938 - 等待 3 分钟后重新检查新文件...
2025-01-13 10:42:09,946 - 等待 3 分钟后重新检查新文件...
2025-01-13 10:45:09,953 - 等待 3 分钟后重新检查新文件...
2025-01-13 10:48:09,963 - 发现新的预测文件：202501131045.csv，执行预测...
2025-01-13 10:48:10,084 - 等待 3 分钟后重新检查新文件...
2025-01-13 10:51:10,094 - 等待 3 分钟后重新检查新文件...
2025-01-13 10:54:10,099 - 等待 3 分钟后重新检查新文件...
2025-01-13 10:57:10,105 - 等待 3 分钟后重新检查新文件...
2025-01-13 11:00:10,117 - 等待 3 分钟后重新检查新文件...
2025-01-13 11:03:10,122 - 发现新的预测文件：202501131100.csv，执行预测...
2025-01-13 11:03:10,265 - 等待 3 分钟后重新检查新文件...
2025-01-13 11:06:10,272 - 等待 3 分钟后重新检查新文件...
2025-01-13 11:09:10,279 - 等待 3 分钟后重新检查新文件...
2025-01-13 11:12:10,286 - 等待 3 分钟后重新检查新文件...
2025-01-13 11:15:10,303 - 等待 3 分钟后重新检查新文件...
2025-01-13 11:18:10,317 - 发现新的预测文件：202501131115.csv，执行预测...
2025-01-13 11:18:10,437 - 等待 3 分钟后重新检查新文件...
2025-01-13 11:21:10,445 - 等待 3 分钟后重新检查新文件...
2025-01-13 11:24:10,455 - 等待 3 分钟后重新检查新文件...
2025-01-13 11:27:10,468 - 等待 3 分钟后重新检查新文件...
2025-01-13 11:30:10,474 - 等待 3 分钟后重新检查新文件...
2025-01-13 11:33:10,484 - 发现新的预测文件：202501131130.csv，执行预测...
2025-01-13 11:33:10,605 - 等待 3 分钟后重新检查新文件...
2025-01-13 11:36:10,609 - 等待 3 分钟后重新检查新文件...
2025-01-13 11:39:10,616 - 等待 3 分钟后重新检查新文件...
2025-01-13 11:42:10,631 - 等待 3 分钟后重新检查新文件...
2025-01-13 11:45:10,636 - 等待 3 分钟后重新检查新文件...
2025-01-13 11:48:10,641 - 发现新的预测文件：202501131145.csv，执行预测...
2025-01-13 11:48:10,762 - 等待 3 分钟后重新检查新文件...
2025-01-13 11:51:10,778 - 等待 3 分钟后重新检查新文件...
2025-01-13 11:54:10,789 - 等待 3 分钟后重新检查新文件...
2025-01-13 11:57:10,806 - 等待 3 分钟后重新检查新文件...
2025-01-13 12:00:10,824 - 等待 3 分钟后重新检查新文件...
2025-01-13 12:03:10,832 - 发现新的预测文件：202501131200.csv，执行预测...
2025-01-13 12:03:10,979 - 等待 3 分钟后重新检查新文件...
2025-01-13 12:06:12,368 - 等待 3 分钟后重新检查新文件...
2025-01-13 12:09:12,385 - 等待 3 分钟后重新检查新文件...
2025-01-13 12:12:12,390 - 等待 3 分钟后重新检查新文件...
2025-01-13 12:15:12,403 - 等待 3 分钟后重新检查新文件...
2025-01-13 12:18:12,421 - 发现新的预测文件：202501131215.csv，执行预测...
2025-01-13 12:18:12,542 - 等待 3 分钟后重新检查新文件...
2025-01-13 12:21:12,551 - 等待 3 分钟后重新检查新文件...
2025-01-13 12:24:12,568 - 等待 3 分钟后重新检查新文件...
2025-01-13 12:27:12,583 - 等待 3 分钟后重新检查新文件...
2025-01-13 12:30:12,593 - 等待 3 分钟后重新检查新文件...
2025-01-13 12:33:12,607 - 发现新的预测文件：202501131230.csv，执行预测...
2025-01-13 12:33:12,730 - 等待 3 分钟后重新检查新文件...
2025-01-13 12:36:12,741 - 等待 3 分钟后重新检查新文件...
2025-01-13 12:39:12,755 - 等待 3 分钟后重新检查新文件...
2025-01-13 12:42:12,769 - 等待 3 分钟后重新检查新文件...
2025-01-13 12:45:12,785 - 等待 3 分钟后重新检查新文件...
2025-01-13 12:48:12,797 - 发现新的预测文件：202501131245.csv，执行预测...
2025-01-13 12:48:12,917 - 等待 3 分钟后重新检查新文件...
2025-01-13 12:51:12,922 - 等待 3 分钟后重新检查新文件...
2025-01-13 12:54:12,927 - 等待 3 分钟后重新检查新文件...
2025-01-13 12:57:12,936 - 等待 3 分钟后重新检查新文件...
2025-01-13 13:00:12,949 - 等待 3 分钟后重新检查新文件...
2025-01-13 13:03:12,965 - 发现新的预测文件：202501131300.csv，执行预测...
2025-01-13 13:03:13,104 - 等待 3 分钟后重新检查新文件...
2025-01-13 13:06:13,115 - 等待 3 分钟后重新检查新文件...
2025-01-13 13:09:13,120 - 等待 3 分钟后重新检查新文件...
2025-01-13 13:12:13,132 - 等待 3 分钟后重新检查新文件...
2025-01-13 13:15:13,146 - 等待 3 分钟后重新检查新文件...
2025-01-13 13:18:13,162 - 发现新的预测文件：202501131315.csv，执行预测...
2025-01-13 13:18:13,279 - 等待 3 分钟后重新检查新文件...
2025-01-13 13:21:13,294 - 等待 3 分钟后重新检查新文件...
2025-01-13 13:24:13,305 - 等待 3 分钟后重新检查新文件...
2025-01-13 13:27:13,318 - 等待 3 分钟后重新检查新文件...
2025-01-13 13:30:13,327 - 等待 3 分钟后重新检查新文件...
2025-01-13 13:33:13,332 - 发现新的预测文件：202501131330.csv，执行预测...
2025-01-13 13:33:13,454 - 等待 3 分钟后重新检查新文件...
2025-01-13 13:36:13,464 - 等待 3 分钟后重新检查新文件...
2025-01-13 13:39:13,476 - 等待 3 分钟后重新检查新文件...
2025-01-13 13:42:13,484 - 等待 3 分钟后重新检查新文件...
2025-01-13 13:45:13,497 - 等待 3 分钟后重新检查新文件...
2025-01-13 13:48:13,510 - 发现新的预测文件：202501131345.csv，执行预测...
2025-01-13 13:48:13,629 - 等待 3 分钟后重新检查新文件...
2025-01-13 13:51:13,642 - 等待 3 分钟后重新检查新文件...
2025-01-13 13:54:13,656 - 等待 3 分钟后重新检查新文件...
2025-01-13 13:57:13,668 - 等待 3 分钟后重新检查新文件...
2025-01-13 14:00:13,680 - 等待 3 分钟后重新检查新文件...
2025-01-13 14:03:13,684 - 发现新的预测文件：202501131400.csv，执行预测...
2025-01-13 14:03:13,803 - 等待 3 分钟后重新检查新文件...
2025-01-13 14:06:13,811 - 等待 3 分钟后重新检查新文件...
2025-01-13 14:09:13,828 - 等待 3 分钟后重新检查新文件...
2025-01-13 14:12:13,838 - 等待 3 分钟后重新检查新文件...
2025-01-13 14:15:13,842 - 等待 3 分钟后重新检查新文件...
2025-01-13 14:18:13,850 - 发现新的预测文件：202501131415.csv，执行预测...
2025-01-13 14:18:14,015 - 等待 3 分钟后重新检查新文件...
2025-01-13 14:21:14,019 - 等待 3 分钟后重新检查新文件...
2025-01-13 14:24:14,026 - 等待 3 分钟后重新检查新文件...
2025-01-13 14:27:14,038 - 等待 3 分钟后重新检查新文件...
2025-01-13 14:30:14,041 - 等待 3 分钟后重新检查新文件...
2025-01-13 14:33:14,055 - 发现新的预测文件：202501131430.csv，执行预测...
2025-01-13 14:33:14,175 - 等待 3 分钟后重新检查新文件...
2025-01-13 14:36:14,187 - 等待 3 分钟后重新检查新文件...
2025-01-13 14:39:14,202 - 等待 3 分钟后重新检查新文件...
2025-01-13 14:42:14,208 - 等待 3 分钟后重新检查新文件...
2025-01-13 14:45:14,211 - 等待 3 分钟后重新检查新文件...
2025-01-13 14:48:14,227 - 发现新的预测文件：202501131445.csv，执行预测...
2025-01-13 14:48:14,346 - 等待 3 分钟后重新检查新文件...
2025-01-13 14:51:14,352 - 等待 3 分钟后重新检查新文件...
2025-01-13 14:54:14,368 - 等待 3 分钟后重新检查新文件...
2025-01-13 14:57:14,374 - 等待 3 分钟后重新检查新文件...
2025-01-13 15:00:14,387 - 等待 3 分钟后重新检查新文件...
2025-01-13 15:03:14,394 - 发现新的预测文件：202501131500.csv，执行预测...
2025-01-13 15:03:14,517 - 等待 3 分钟后重新检查新文件...
2025-01-13 15:06:14,532 - 等待 3 分钟后重新检查新文件...
2025-01-13 15:09:14,547 - 等待 3 分钟后重新检查新文件...
2025-01-13 15:12:14,555 - 等待 3 分钟后重新检查新文件...
2025-01-13 15:15:14,560 - 等待 3 分钟后重新检查新文件...
2025-01-13 15:18:14,566 - 发现新的预测文件：202501131515.csv，执行预测...
2025-01-13 15:18:14,711 - 等待 3 分钟后重新检查新文件...
2025-01-13 15:21:14,722 - 等待 3 分钟后重新检查新文件...
2025-01-13 15:24:14,725 - 等待 3 分钟后重新检查新文件...
2025-01-13 15:27:14,726 - 等待 3 分钟后重新检查新文件...
2025-01-13 15:30:14,741 - 等待 3 分钟后重新检查新文件...
2025-01-13 15:33:14,744 - 发现新的预测文件：202501131530.csv，执行预测...
2025-01-13 15:33:14,864 - 等待 3 分钟后重新检查新文件...
2025-01-13 15:36:14,871 - 等待 3 分钟后重新检查新文件...
2025-01-13 15:39:14,888 - 等待 3 分钟后重新检查新文件...
2025-01-13 15:42:14,900 - 等待 3 分钟后重新检查新文件...
2025-01-13 15:45:14,909 - 等待 3 分钟后重新检查新文件...
2025-01-13 15:48:14,918 - 发现新的预测文件：202501131545.csv，执行预测...
2025-01-13 15:48:15,033 - 等待 3 分钟后重新检查新文件...
2025-01-13 15:51:15,048 - 等待 3 分钟后重新检查新文件...
2025-01-13 15:54:15,050 - 等待 3 分钟后重新检查新文件...
2025-01-13 15:57:15,068 - 等待 3 分钟后重新检查新文件...
2025-01-13 16:00:15,079 - 等待 3 分钟后重新检查新文件...
2025-01-13 16:03:15,082 - 发现新的预测文件：202501131600.csv，执行预测...
2025-01-13 16:03:15,203 - 等待 3 分钟后重新检查新文件...
2025-01-13 16:06:15,219 - 等待 3 分钟后重新检查新文件...
2025-01-13 16:09:15,235 - 等待 3 分钟后重新检查新文件...
2025-01-13 16:12:15,239 - 等待 3 分钟后重新检查新文件...
2025-01-13 16:15:15,242 - 等待 3 分钟后重新检查新文件...
2025-01-13 16:18:15,249 - 发现新的预测文件：202501131615.csv，执行预测...
2025-01-13 16:18:15,397 - 等待 3 分钟后重新检查新文件...
2025-01-13 16:21:15,410 - 等待 3 分钟后重新检查新文件...
2025-01-13 16:24:15,417 - 等待 3 分钟后重新检查新文件...
2025-01-13 16:27:15,424 - 等待 3 分钟后重新检查新文件...
2025-01-13 16:30:15,430 - 等待 3 分钟后重新检查新文件...
2025-01-13 16:33:15,437 - 发现新的预测文件：202501131630.csv，执行预测...
2025-01-13 16:33:15,558 - 等待 3 分钟后重新检查新文件...
2025-01-13 16:36:15,571 - 等待 3 分钟后重新检查新文件...
2025-01-13 16:39:15,586 - 等待 3 分钟后重新检查新文件...
2025-01-13 16:42:15,593 - 等待 3 分钟后重新检查新文件...
2025-01-13 16:45:15,598 - 等待 3 分钟后重新检查新文件...
2025-01-13 16:48:15,604 - 发现新的预测文件：202501131645.csv，执行预测...
2025-01-13 16:48:15,715 - 等待 3 分钟后重新检查新文件...
2025-01-13 16:51:15,732 - 等待 3 分钟后重新检查新文件...
2025-01-13 16:54:15,747 - 等待 3 分钟后重新检查新文件...
2025-01-13 16:57:15,752 - 等待 3 分钟后重新检查新文件...
2025-01-13 17:00:15,758 - 等待 3 分钟后重新检查新文件...
2025-01-13 17:03:15,769 - 发现新的预测文件：202501131700.csv，执行预测...
2025-01-13 17:03:15,891 - 等待 3 分钟后重新检查新文件...
2025-01-13 17:06:15,895 - 等待 3 分钟后重新检查新文件...
2025-01-13 17:09:15,903 - 等待 3 分钟后重新检查新文件...
2025-01-13 17:12:15,914 - 等待 3 分钟后重新检查新文件...
2025-01-13 17:15:15,925 - 等待 3 分钟后重新检查新文件...
2025-01-13 17:18:15,934 - 发现新的预测文件：202501131715.csv，执行预测...
2025-01-13 17:18:16,080 - 等待 3 分钟后重新检查新文件...
2025-01-13 17:21:16,087 - 等待 3 分钟后重新检查新文件...
2025-01-13 17:24:16,094 - 等待 3 分钟后重新检查新文件...
2025-01-13 17:27:16,111 - 等待 3 分钟后重新检查新文件...
2025-01-13 17:30:16,114 - 等待 3 分钟后重新检查新文件...
2025-01-13 17:33:16,124 - 发现新的预测文件：202501131730.csv，执行预测...
2025-01-13 17:33:16,240 - 等待 3 分钟后重新检查新文件...
2025-01-13 17:36:16,245 - 等待 3 分钟后重新检查新文件...
2025-01-13 17:39:16,248 - 等待 3 分钟后重新检查新文件...
2025-01-13 17:42:16,252 - 等待 3 分钟后重新检查新文件...
2025-01-13 17:45:16,262 - 等待 3 分钟后重新检查新文件...
2025-01-13 17:48:16,267 - 发现新的预测文件：202501131745.csv，执行预测...
2025-01-13 17:48:16,392 - 等待 3 分钟后重新检查新文件...
2025-01-13 17:51:16,403 - 等待 3 分钟后重新检查新文件...
2025-01-13 17:54:16,407 - 等待 3 分钟后重新检查新文件...
2025-01-13 17:57:16,426 - 等待 3 分钟后重新检查新文件...
2025-01-13 18:00:16,440 - 等待 3 分钟后重新检查新文件...
2025-01-13 18:03:16,442 - 发现新的预测文件：202501131800.csv，执行预测...
2025-01-13 18:03:16,560 - 等待 3 分钟后重新检查新文件...
2025-01-13 18:06:16,562 - 等待 3 分钟后重新检查新文件...
2025-01-13 18:09:16,579 - 等待 3 分钟后重新检查新文件...
2025-01-13 18:12:16,591 - 等待 3 分钟后重新检查新文件...
2025-01-13 18:15:16,599 - 等待 3 分钟后重新检查新文件...
2025-01-13 18:18:16,606 - 发现新的预测文件：202501131815.csv，执行预测...
2025-01-13 18:18:16,726 - 等待 3 分钟后重新检查新文件...
2025-01-13 18:21:16,742 - 等待 3 分钟后重新检查新文件...
2025-01-13 18:24:16,757 - 等待 3 分钟后重新检查新文件...
2025-01-13 18:27:16,771 - 等待 3 分钟后重新检查新文件...
2025-01-13 18:30:16,775 - 等待 3 分钟后重新检查新文件...
2025-01-13 18:33:16,779 - 发现新的预测文件：202501131830.csv，执行预测...
2025-01-13 18:33:16,927 - 等待 3 分钟后重新检查新文件...
2025-01-13 18:36:16,941 - 等待 3 分钟后重新检查新文件...
2025-01-13 18:39:16,943 - 等待 3 分钟后重新检查新文件...
2025-01-13 18:42:16,958 - 等待 3 分钟后重新检查新文件...
2025-01-13 18:45:16,967 - 等待 3 分钟后重新检查新文件...
2025-01-13 18:48:16,978 - 发现新的预测文件：202501131845.csv，执行预测...
2025-01-13 18:48:17,101 - 等待 3 分钟后重新检查新文件...
2025-01-13 18:51:17,114 - 等待 3 分钟后重新检查新文件...
2025-01-13 18:54:17,128 - 等待 3 分钟后重新检查新文件...
2025-01-13 18:57:17,135 - 等待 3 分钟后重新检查新文件...
2025-01-13 19:00:17,137 - 等待 3 分钟后重新检查新文件...
2025-01-13 19:03:17,149 - 发现新的预测文件：202501131900.csv，执行预测...
2025-01-13 19:03:17,264 - 等待 3 分钟后重新检查新文件...
2025-01-13 19:06:17,273 - 等待 3 分钟后重新检查新文件...
2025-01-13 19:09:17,289 - 等待 3 分钟后重新检查新文件...
2025-01-13 19:12:17,297 - 等待 3 分钟后重新检查新文件...
2025-01-13 19:15:17,308 - 等待 3 分钟后重新检查新文件...
2025-01-13 19:18:17,324 - 发现新的预测文件：202501131915.csv，执行预测...
2025-01-13 19:18:17,444 - 等待 3 分钟后重新检查新文件...
2025-01-13 19:21:17,447 - 等待 3 分钟后重新检查新文件...
2025-01-13 19:24:17,460 - 等待 3 分钟后重新检查新文件...
2025-01-13 19:27:17,470 - 等待 3 分钟后重新检查新文件...
2025-01-13 19:30:17,486 - 等待 3 分钟后重新检查新文件...
2025-01-13 19:33:17,497 - 发现新的预测文件：202501131930.csv，执行预测...
2025-01-13 19:33:17,647 - 等待 3 分钟后重新检查新文件...
2025-01-13 19:36:17,650 - 等待 3 分钟后重新检查新文件...
2025-01-13 19:39:17,655 - 等待 3 分钟后重新检查新文件...
2025-01-13 19:42:17,671 - 等待 3 分钟后重新检查新文件...
2025-01-13 19:45:17,674 - 等待 3 分钟后重新检查新文件...
2025-01-13 19:48:17,689 - 发现新的预测文件：202501131945.csv，执行预测...
2025-01-13 19:48:17,804 - 等待 3 分钟后重新检查新文件...
2025-01-13 19:51:17,808 - 等待 3 分钟后重新检查新文件...
2025-01-13 19:54:17,822 - 等待 3 分钟后重新检查新文件...
2025-01-13 19:57:17,827 - 等待 3 分钟后重新检查新文件...
2025-01-13 20:00:17,835 - 等待 3 分钟后重新检查新文件...
2025-01-13 20:03:17,841 - 发现新的预测文件：202501132000.csv，执行预测...
2025-01-13 20:03:17,960 - 等待 3 分钟后重新检查新文件...
2025-01-13 20:06:17,970 - 等待 3 分钟后重新检查新文件...
2025-01-13 20:09:17,973 - 等待 3 分钟后重新检查新文件...
2025-01-13 20:12:17,985 - 等待 3 分钟后重新检查新文件...
2025-01-13 20:15:18,003 - 等待 3 分钟后重新检查新文件...
2025-01-13 20:18:18,008 - 发现新的预测文件：202501132015.csv，执行预测...
2025-01-13 20:18:18,132 - 等待 3 分钟后重新检查新文件...
2025-01-13 20:21:18,148 - 等待 3 分钟后重新检查新文件...
2025-01-13 20:24:18,153 - 等待 3 分钟后重新检查新文件...
2025-01-13 20:27:18,157 - 等待 3 分钟后重新检查新文件...
2025-01-13 20:30:18,174 - 发现新的预测文件：202501132030.csv，执行预测...
2025-01-13 20:30:18,322 - 等待 3 分钟后重新检查新文件...
2025-01-13 20:33:18,340 - 等待 3 分钟后重新检查新文件...
2025-01-13 20:36:18,353 - 等待 3 分钟后重新检查新文件...
2025-01-13 20:39:18,369 - 等待 3 分钟后重新检查新文件...
2025-01-13 20:42:18,373 - 等待 3 分钟后重新检查新文件...
2025-01-13 20:45:18,380 - 发现新的预测文件：202501132045.csv，执行预测...
2025-01-13 20:45:18,501 - 等待 3 分钟后重新检查新文件...
2025-01-13 20:48:18,512 - 等待 3 分钟后重新检查新文件...
2025-01-13 20:51:18,519 - 等待 3 分钟后重新检查新文件...
2025-01-13 20:54:18,526 - 等待 3 分钟后重新检查新文件...
2025-01-13 20:57:18,544 - 等待 3 分钟后重新检查新文件...
2025-01-13 21:00:18,552 - 发现新的预测文件：202501132100.csv，执行预测...
2025-01-13 21:00:18,673 - 等待 3 分钟后重新检查新文件...
2025-01-13 21:03:18,681 - 等待 3 分钟后重新检查新文件...
2025-01-13 21:06:18,689 - 等待 3 分钟后重新检查新文件...
2025-01-13 21:09:18,701 - 等待 3 分钟后重新检查新文件...
2025-01-13 21:12:20,094 - 等待 3 分钟后重新检查新文件...
2025-01-13 21:15:20,101 - 发现新的预测文件：202501132115.csv，执行预测...
2025-01-13 21:15:20,224 - 等待 3 分钟后重新检查新文件...
2025-01-13 21:18:20,226 - 等待 3 分钟后重新检查新文件...
2025-01-13 21:21:20,234 - 等待 3 分钟后重新检查新文件...
2025-01-13 21:24:20,243 - 等待 3 分钟后重新检查新文件...
2025-01-13 21:27:20,250 - 等待 3 分钟后重新检查新文件...
2025-01-13 21:30:20,263 - 发现新的预测文件：202501132130.csv，执行预测...
2025-01-13 21:30:20,415 - 等待 3 分钟后重新检查新文件...
2025-01-13 21:33:20,425 - 等待 3 分钟后重新检查新文件...
2025-01-13 21:36:20,433 - 等待 3 分钟后重新检查新文件...
2025-01-13 21:39:20,441 - 等待 3 分钟后重新检查新文件...
2025-01-13 21:42:20,454 - 等待 3 分钟后重新检查新文件...
2025-01-13 21:45:20,471 - 发现新的预测文件：202501132145.csv，执行预测...
2025-01-13 21:45:20,588 - 等待 3 分钟后重新检查新文件...
2025-01-13 21:48:20,597 - 等待 3 分钟后重新检查新文件...
2025-01-13 21:51:20,610 - 等待 3 分钟后重新检查新文件...
2025-01-13 21:54:20,622 - 等待 3 分钟后重新检查新文件...
2025-01-13 21:57:20,636 - 等待 3 分钟后重新检查新文件...
2025-01-13 22:00:20,648 - 发现新的预测文件：202501132200.csv，执行预测...
2025-01-13 22:00:20,765 - 等待 3 分钟后重新检查新文件...
2025-01-13 22:03:20,768 - 等待 3 分钟后重新检查新文件...
2025-01-13 22:06:20,781 - 等待 3 分钟后重新检查新文件...
2025-01-13 22:09:20,792 - 等待 3 分钟后重新检查新文件...
2025-01-13 22:12:20,804 - 等待 3 分钟后重新检查新文件...
2025-01-13 22:15:20,809 - 发现新的预测文件：202501132215.csv，执行预测...
2025-01-13 22:15:20,931 - 等待 3 分钟后重新检查新文件...
2025-01-13 22:18:20,941 - 等待 3 分钟后重新检查新文件...
2025-01-13 22:21:20,946 - 等待 3 分钟后重新检查新文件...
2025-01-13 22:24:20,950 - 等待 3 分钟后重新检查新文件...
2025-01-13 22:27:20,956 - 等待 3 分钟后重新检查新文件...
2025-01-13 22:30:20,969 - 发现新的预测文件：202501132230.csv，执行预测...
2025-01-13 22:30:21,090 - 等待 3 分钟后重新检查新文件...
2025-01-13 22:33:21,095 - 等待 3 分钟后重新检查新文件...
2025-01-13 22:36:21,101 - 等待 3 分钟后重新检查新文件...
2025-01-13 22:39:21,117 - 等待 3 分钟后重新检查新文件...
2025-01-13 22:42:21,131 - 等待 3 分钟后重新检查新文件...
2025-01-13 22:45:21,138 - 发现新的预测文件：202501132245.csv，执行预测...
2025-01-13 22:45:21,281 - 等待 3 分钟后重新检查新文件...
2025-01-13 22:48:21,293 - 等待 3 分钟后重新检查新文件...
2025-01-13 22:51:21,299 - 等待 3 分钟后重新检查新文件...
2025-01-13 22:54:21,313 - 等待 3 分钟后重新检查新文件...
2025-01-13 22:57:21,325 - 等待 3 分钟后重新检查新文件...
2025-01-13 23:00:21,338 - 发现新的预测文件：202501132300.csv，执行预测...
2025-01-13 23:00:21,456 - 等待 3 分钟后重新检查新文件...
2025-01-13 23:03:21,465 - 等待 3 分钟后重新检查新文件...
2025-01-13 23:06:21,478 - 等待 3 分钟后重新检查新文件...
2025-01-13 23:09:21,493 - 等待 3 分钟后重新检查新文件...
2025-01-13 23:12:21,502 - 等待 3 分钟后重新检查新文件...
2025-01-13 23:15:21,516 - 发现新的预测文件：202501132315.csv，执行预测...
2025-01-13 23:15:21,636 - 等待 3 分钟后重新检查新文件...
2025-01-13 23:18:21,647 - 等待 3 分钟后重新检查新文件...
2025-01-13 23:21:21,658 - 等待 3 分钟后重新检查新文件...
2025-01-13 23:24:21,665 - 等待 3 分钟后重新检查新文件...
2025-01-13 23:27:21,675 - 等待 3 分钟后重新检查新文件...
2025-01-13 23:30:21,682 - 发现新的预测文件：202501132330.csv，执行预测...
2025-01-13 23:30:21,810 - 等待 3 分钟后重新检查新文件...
2025-01-13 23:33:21,826 - 等待 3 分钟后重新检查新文件...
2025-01-13 23:36:21,836 - 等待 3 分钟后重新检查新文件...
2025-01-13 23:39:21,844 - 等待 3 分钟后重新检查新文件...
2025-01-13 23:42:21,852 - 等待 3 分钟后重新检查新文件...
2025-01-13 23:45:21,866 - 发现新的预测文件：202501132345.csv，执行预测...
2025-01-13 23:45:22,016 - 等待 3 分钟后重新检查新文件...
2025-01-13 23:48:22,026 - 等待 3 分钟后重新检查新文件...
2025-01-13 23:51:22,031 - 等待 3 分钟后重新检查新文件...
2025-01-13 23:54:22,033 - 等待 3 分钟后重新检查新文件...
2025-01-13 23:57:22,039 - 等待 3 分钟后重新检查新文件...
