2025-01-14 00:00:06,733 - 今天的日期是: 20250114
2025-01-14 00:00:06,734 - 开始监视 D:\my-vue-project\wind-power-forecast\backend\auto_scripts\dataset\dataset_supershort 文件夹以进行训练...
2025-01-14 00:00:06,734 - 未找到训练 CSV 文件，等待 30 秒后重试...
2025-01-14 00:00:06,734 - 开始监视 D:\my-vue-project\wind-power-forecast\backend\auto_scripts\precsv\supershortcsv\20250114 文件夹以进行预测...
2025-01-14 00:00:06,734 - 模型不可用，等待模型训练完成...
2025-01-14 00:00:36,748 - 未找到训练 CSV 文件，等待 30 秒后重试...
2025-01-14 00:01:06,756 - 未找到训练 CSV 文件，等待 30 秒后重试...
2025-01-14 00:01:36,768 - 未找到训练 CSV 文件，等待 30 秒后重试...
2025-01-14 00:02:06,783 - 未找到训练 CSV 文件，等待 30 秒后重试...
2025-01-14 00:02:36,744 - 模型不可用，等待模型训练完成...
2025-01-14 00:02:36,789 - 未找到训练 CSV 文件，等待 30 秒后重试...
2025-01-14 00:03:06,792 - 未找到训练 CSV 文件，等待 30 秒后重试...
2025-01-14 00:03:36,795 - 未找到训练 CSV 文件，等待 30 秒后重试...
2025-01-14 00:04:06,812 - 未找到训练 CSV 文件，等待 30 秒后重试...
2025-01-14 00:04:36,814 - 未找到训练 CSV 文件，等待 30 秒后重试...
2025-01-14 00:05:06,754 - 模型不可用，等待模型训练完成...
2025-01-14 00:05:06,831 - 未找到训练 CSV 文件，等待 30 秒后重试...
2025-01-14 00:05:36,837 - 未找到训练 CSV 文件，等待 30 秒后重试...
2025-01-14 00:06:06,842 - 未找到训练 CSV 文件，等待 30 秒后重试...
2025-01-14 00:06:36,858 - 未找到训练 CSV 文件，等待 30 秒后重试...
2025-01-14 00:07:06,869 - 未找到训练 CSV 文件，等待 30 秒后重试...
2025-01-14 00:07:36,756 - 模型不可用，等待模型训练完成...
2025-01-14 00:07:36,881 - 未找到训练 CSV 文件，等待 30 秒后重试...
2025-01-14 00:08:06,888 - 未找到训练 CSV 文件，等待 30 秒后重试...
2025-01-14 00:08:36,892 - 未找到训练 CSV 文件，等待 30 秒后重试...
2025-01-14 00:09:06,899 - 未找到训练 CSV 文件，等待 30 秒后重试...
2025-01-14 00:09:36,902 - 未找到训练 CSV 文件，等待 30 秒后重试...
2025-01-14 00:10:06,768 - 模型不可用，等待模型训练完成...
2025-01-14 00:10:06,907 - 发现新的训练文件：D:\my-vue-project\wind-power-forecast\backend\auto_scripts\dataset\dataset_supershort\20250114.csv，执行训练...
2025-01-14 00:10:06,908 - 输出结果将保存到: D:\my-vue-project\wind-power-forecast\backend\auto_scripts\train_predictions\supershort_predictions
2025-01-14 00:10:08,057 - 数据加载与预处理完成
2025-01-14 00:10:08,387 - 数据标准化完成
2025-01-14 00:10:09,075 - 创建时间窗口完成
2025-01-14 00:10:09,075 - 获取模型参数完成
2025-01-14 00:12:36,781 - 模型不可用，等待模型训练完成...
2025-01-14 00:13:35,329 - 训练与评估完成
2025-01-14 00:13:35,350 - 保存预测结果完成
2025-01-14 00:13:35,563 - 可视化结果完成
2025-01-14 00:13:35,660 - 模型已成功保存到 D:\my-vue-project\wind-power-forecast\backend\auto_scripts\models\supershortmodel\20250114，模型可用。
2025-01-14 00:15:06,794 - 发现新的预测文件：202501140000.csv，执行预测...
2025-01-14 00:15:06,869 - 发现新的预测文件：202501140015.csv，执行预测...
2025-01-14 00:15:06,978 - 等待 3 分钟后重新检查新文件...
2025-01-14 00:18:06,980 - 等待 3 分钟后重新检查新文件...
2025-01-14 00:21:06,990 - 等待 3 分钟后重新检查新文件...
2025-01-14 00:24:07,000 - 等待 3 分钟后重新检查新文件...
2025-01-14 00:27:07,016 - 等待 3 分钟后重新检查新文件...
2025-01-14 00:30:07,025 - 发现新的预测文件：202501140030.csv，执行预测...
2025-01-14 00:30:07,139 - 等待 3 分钟后重新检查新文件...
2025-01-14 00:33:07,151 - 等待 3 分钟后重新检查新文件...
2025-01-14 00:36:07,156 - 等待 3 分钟后重新检查新文件...
2025-01-14 00:39:07,167 - 等待 3 分钟后重新检查新文件...
2025-01-14 00:42:07,182 - 等待 3 分钟后重新检查新文件...
2025-01-14 00:45:07,187 - 发现新的预测文件：202501140045.csv，执行预测...
2025-01-14 00:45:07,281 - 等待 3 分钟后重新检查新文件...
2025-01-14 00:48:07,283 - 等待 3 分钟后重新检查新文件...
2025-01-14 00:51:07,291 - 等待 3 分钟后重新检查新文件...
2025-01-14 00:54:07,301 - 等待 3 分钟后重新检查新文件...
2025-01-14 00:57:07,303 - 等待 3 分钟后重新检查新文件...
2025-01-14 01:00:07,308 - 发现新的预测文件：202501140100.csv，执行预测...
2025-01-14 01:00:07,378 - 等待 3 分钟后重新检查新文件...
2025-01-14 01:03:07,389 - 等待 3 分钟后重新检查新文件...
2025-01-14 01:06:07,395 - 等待 3 分钟后重新检查新文件...
2025-01-14 01:09:07,409 - 等待 3 分钟后重新检查新文件...
2025-01-14 01:12:07,426 - 等待 3 分钟后重新检查新文件...
2025-01-14 01:15:07,440 - 发现新的预测文件：202501140115.csv，执行预测...
2025-01-14 01:15:07,538 - 等待 3 分钟后重新检查新文件...
2025-01-14 01:18:07,542 - 等待 3 分钟后重新检查新文件...
2025-01-14 01:21:07,555 - 等待 3 分钟后重新检查新文件...
2025-01-14 01:24:07,568 - 等待 3 分钟后重新检查新文件...
2025-01-14 01:27:07,572 - 等待 3 分钟后重新检查新文件...
2025-01-14 01:30:07,576 - 发现新的预测文件：202501140130.csv，执行预测...
2025-01-14 01:30:07,646 - 等待 3 分钟后重新检查新文件...
2025-01-14 01:33:07,654 - 等待 3 分钟后重新检查新文件...
2025-01-14 01:36:07,663 - 等待 3 分钟后重新检查新文件...
2025-01-14 01:39:07,670 - 等待 3 分钟后重新检查新文件...
2025-01-14 01:42:07,683 - 等待 3 分钟后重新检查新文件...
2025-01-14 01:45:07,692 - 发现新的预测文件：202501140145.csv，执行预测...
2025-01-14 01:45:07,760 - 等待 3 分钟后重新检查新文件...
2025-01-14 01:48:07,763 - 等待 3 分钟后重新检查新文件...
2025-01-14 01:51:07,779 - 等待 3 分钟后重新检查新文件...
2025-01-14 01:54:07,787 - 等待 3 分钟后重新检查新文件...
2025-01-14 01:57:07,805 - 等待 3 分钟后重新检查新文件...
2025-01-14 02:00:07,818 - 发现新的预测文件：202501140200.csv，执行预测...
2025-01-14 02:00:07,894 - 等待 3 分钟后重新检查新文件...
2025-01-14 02:03:07,899 - 等待 3 分钟后重新检查新文件...
2025-01-14 02:06:07,904 - 等待 3 分钟后重新检查新文件...
2025-01-14 02:09:07,906 - 等待 3 分钟后重新检查新文件...
2025-01-14 02:12:07,922 - 等待 3 分钟后重新检查新文件...
2025-01-14 02:15:07,936 - 发现新的预测文件：202501140215.csv，执行预测...
2025-01-14 02:15:08,036 - 等待 3 分钟后重新检查新文件...
2025-01-14 02:18:08,049 - 等待 3 分钟后重新检查新文件...
2025-01-14 02:21:08,050 - 等待 3 分钟后重新检查新文件...
2025-01-14 02:24:08,063 - 等待 3 分钟后重新检查新文件...
2025-01-14 02:27:08,073 - 等待 3 分钟后重新检查新文件...
2025-01-14 02:30:08,086 - 发现新的预测文件：202501140230.csv，执行预测...
2025-01-14 02:30:08,176 - 等待 3 分钟后重新检查新文件...
2025-01-14 02:33:08,190 - 等待 3 分钟后重新检查新文件...
2025-01-14 02:36:08,202 - 等待 3 分钟后重新检查新文件...
2025-01-14 02:39:08,214 - 等待 3 分钟后重新检查新文件...
2025-01-14 02:42:08,229 - 等待 3 分钟后重新检查新文件...
2025-01-14 02:45:08,236 - 发现新的预测文件：202501140245.csv，执行预测...
2025-01-14 02:45:08,321 - 等待 3 分钟后重新检查新文件...
2025-01-14 02:48:08,324 - 等待 3 分钟后重新检查新文件...
2025-01-14 02:51:08,332 - 等待 3 分钟后重新检查新文件...
2025-01-14 02:54:08,337 - 等待 3 分钟后重新检查新文件...
2025-01-14 02:57:08,350 - 等待 3 分钟后重新检查新文件...
2025-01-14 03:00:08,355 - 发现新的预测文件：202501140300.csv，执行预测...
2025-01-14 03:00:08,432 - 等待 3 分钟后重新检查新文件...
2025-01-14 03:03:08,444 - 等待 3 分钟后重新检查新文件...
2025-01-14 03:06:08,457 - 等待 3 分钟后重新检查新文件...
2025-01-14 03:09:08,459 - 等待 3 分钟后重新检查新文件...
2025-01-14 03:12:08,472 - 等待 3 分钟后重新检查新文件...
2025-01-14 03:15:08,482 - 发现新的预测文件：202501140315.csv，执行预测...
2025-01-14 03:15:08,553 - 等待 3 分钟后重新检查新文件...
2025-01-14 03:18:08,564 - 等待 3 分钟后重新检查新文件...
2025-01-14 03:21:08,566 - 等待 3 分钟后重新检查新文件...
2025-01-14 03:24:08,577 - 等待 3 分钟后重新检查新文件...
2025-01-14 03:27:08,586 - 等待 3 分钟后重新检查新文件...
2025-01-14 03:30:08,602 - 发现新的预测文件：202501140330.csv，执行预测...
2025-01-14 03:30:08,710 - 等待 3 分钟后重新检查新文件...
2025-01-14 03:33:08,714 - 等待 3 分钟后重新检查新文件...
2025-01-14 03:36:08,717 - 等待 3 分钟后重新检查新文件...
2025-01-14 03:39:08,722 - 等待 3 分钟后重新检查新文件...
2025-01-14 03:42:08,723 - 等待 3 分钟后重新检查新文件...
2025-01-14 03:45:08,736 - 发现新的预测文件：202501140345.csv，执行预测...
2025-01-14 03:45:08,827 - 等待 3 分钟后重新检查新文件...
2025-01-14 03:48:08,836 - 等待 3 分钟后重新检查新文件...
2025-01-14 03:51:08,842 - 等待 3 分钟后重新检查新文件...
2025-01-14 03:54:08,851 - 等待 3 分钟后重新检查新文件...
2025-01-14 03:57:08,863 - 等待 3 分钟后重新检查新文件...
2025-01-14 04:00:08,870 - 发现新的预测文件：202501140400.csv，执行预测...
2025-01-14 04:00:08,946 - 等待 3 分钟后重新检查新文件...
2025-01-14 04:03:08,956 - 等待 3 分钟后重新检查新文件...
2025-01-14 04:06:08,966 - 等待 3 分钟后重新检查新文件...
2025-01-14 04:09:08,968 - 等待 3 分钟后重新检查新文件...
2025-01-14 04:12:08,979 - 等待 3 分钟后重新检查新文件...
2025-01-14 04:15:08,993 - 发现新的预测文件：202501140415.csv，执行预测...
2025-01-14 04:15:09,076 - 等待 3 分钟后重新检查新文件...
2025-01-14 04:18:09,088 - 等待 3 分钟后重新检查新文件...
2025-01-14 04:21:09,100 - 等待 3 分钟后重新检查新文件...
2025-01-14 04:24:09,104 - 等待 3 分钟后重新检查新文件...
2025-01-14 04:27:09,112 - 等待 3 分钟后重新检查新文件...
2025-01-14 04:30:09,123 - 发现新的预测文件：202501140430.csv，执行预测...
2025-01-14 04:30:09,225 - 等待 3 分钟后重新检查新文件...
2025-01-14 04:33:09,236 - 等待 3 分钟后重新检查新文件...
2025-01-14 04:36:09,248 - 等待 3 分钟后重新检查新文件...
2025-01-14 04:39:09,249 - 等待 3 分钟后重新检查新文件...
2025-01-14 04:42:09,260 - 等待 3 分钟后重新检查新文件...
2025-01-14 04:45:09,266 - 发现新的预测文件：202501140445.csv，执行预测...
2025-01-14 04:45:09,377 - 等待 3 分钟后重新检查新文件...
2025-01-14 04:48:09,385 - 等待 3 分钟后重新检查新文件...
2025-01-14 04:51:09,389 - 等待 3 分钟后重新检查新文件...
2025-01-14 04:54:09,400 - 等待 3 分钟后重新检查新文件...
2025-01-14 04:57:09,410 - 等待 3 分钟后重新检查新文件...
2025-01-14 05:00:09,423 - 发现新的预测文件：202501140500.csv，执行预测...
2025-01-14 05:00:09,498 - 等待 3 分钟后重新检查新文件...
2025-01-14 05:03:09,506 - 等待 3 分钟后重新检查新文件...
2025-01-14 05:06:09,515 - 等待 3 分钟后重新检查新文件...
2025-01-14 05:09:09,522 - 等待 3 分钟后重新检查新文件...
2025-01-14 05:12:09,527 - 等待 3 分钟后重新检查新文件...
2025-01-14 05:15:09,542 - 发现新的预测文件：202501140515.csv，执行预测...
2025-01-14 05:15:09,624 - 等待 3 分钟后重新检查新文件...
2025-01-14 05:18:09,634 - 等待 3 分钟后重新检查新文件...
2025-01-14 05:21:09,643 - 等待 3 分钟后重新检查新文件...
2025-01-14 05:24:09,652 - 等待 3 分钟后重新检查新文件...
2025-01-14 05:27:09,667 - 等待 3 分钟后重新检查新文件...
2025-01-14 05:30:09,671 - 发现新的预测文件：202501140530.csv，执行预测...
2025-01-14 05:30:09,769 - 等待 3 分钟后重新检查新文件...
2025-01-14 05:33:09,777 - 等待 3 分钟后重新检查新文件...
2025-01-14 05:36:09,784 - 等待 3 分钟后重新检查新文件...
2025-01-14 05:39:09,789 - 等待 3 分钟后重新检查新文件...
2025-01-14 05:42:09,792 - 等待 3 分钟后重新检查新文件...
2025-01-14 05:45:09,808 - 发现新的预测文件：202501140545.csv，执行预测...
2025-01-14 05:45:09,886 - 等待 3 分钟后重新检查新文件...
2025-01-14 05:48:09,890 - 等待 3 分钟后重新检查新文件...
2025-01-14 05:51:09,905 - 等待 3 分钟后重新检查新文件...
2025-01-14 05:54:09,913 - 等待 3 分钟后重新检查新文件...
2025-01-14 05:57:09,914 - 等待 3 分钟后重新检查新文件...
2025-01-14 06:00:09,919 - 发现新的预测文件：202501140600.csv，执行预测...
2025-01-14 06:00:10,003 - 等待 3 分钟后重新检查新文件...
2025-01-14 06:03:10,013 - 等待 3 分钟后重新检查新文件...
2025-01-14 06:06:10,020 - 等待 3 分钟后重新检查新文件...
2025-01-14 06:09:10,022 - 等待 3 分钟后重新检查新文件...
2025-01-14 06:12:10,029 - 等待 3 分钟后重新检查新文件...
2025-01-14 06:15:10,033 - 发现新的预测文件：202501140615.csv，执行预测...
2025-01-14 06:15:10,110 - 等待 3 分钟后重新检查新文件...
2025-01-14 06:18:11,514 - 等待 3 分钟后重新检查新文件...
2025-01-14 06:21:11,526 - 等待 3 分钟后重新检查新文件...
2025-01-14 06:24:11,536 - 等待 3 分钟后重新检查新文件...
2025-01-14 06:27:11,553 - 等待 3 分钟后重新检查新文件...
2025-01-14 06:30:11,565 - 发现新的预测文件：202501140630.csv，执行预测...
2025-01-14 06:30:11,650 - 等待 3 分钟后重新检查新文件...
2025-01-14 06:33:11,661 - 等待 3 分钟后重新检查新文件...
2025-01-14 06:36:11,664 - 等待 3 分钟后重新检查新文件...
2025-01-14 06:39:11,679 - 等待 3 分钟后重新检查新文件...
2025-01-14 06:42:11,695 - 等待 3 分钟后重新检查新文件...
2025-01-14 06:45:11,704 - 发现新的预测文件：202501140645.csv，执行预测...
2025-01-14 06:45:11,811 - 等待 3 分钟后重新检查新文件...
2025-01-14 06:48:11,820 - 等待 3 分钟后重新检查新文件...
2025-01-14 06:51:11,836 - 等待 3 分钟后重新检查新文件...
2025-01-14 06:54:11,845 - 等待 3 分钟后重新检查新文件...
2025-01-14 06:57:11,856 - 等待 3 分钟后重新检查新文件...
2025-01-14 07:00:11,859 - 发现新的预测文件：202501140700.csv，执行预测...
2025-01-14 07:00:11,929 - 等待 3 分钟后重新检查新文件...
2025-01-14 07:03:11,944 - 等待 3 分钟后重新检查新文件...
2025-01-14 07:06:11,949 - 等待 3 分钟后重新检查新文件...
2025-01-14 07:09:11,957 - 等待 3 分钟后重新检查新文件...
2025-01-14 07:12:11,960 - 等待 3 分钟后重新检查新文件...
2025-01-14 07:15:11,964 - 发现新的预测文件：202501140715.csv，执行预测...
2025-01-14 07:15:12,042 - 等待 3 分钟后重新检查新文件...
2025-01-14 07:18:12,056 - 等待 3 分钟后重新检查新文件...
2025-01-14 07:21:12,067 - 等待 3 分钟后重新检查新文件...
2025-01-14 07:24:12,085 - 等待 3 分钟后重新检查新文件...
2025-01-14 07:27:12,095 - 等待 3 分钟后重新检查新文件...
2025-01-14 07:30:12,112 - 发现新的预测文件：202501140730.csv，执行预测...
2025-01-14 07:30:12,188 - 等待 3 分钟后重新检查新文件...
2025-01-14 07:33:12,194 - 等待 3 分钟后重新检查新文件...
2025-01-14 07:36:12,208 - 等待 3 分钟后重新检查新文件...
2025-01-14 07:39:12,221 - 等待 3 分钟后重新检查新文件...
2025-01-14 07:42:12,229 - 等待 3 分钟后重新检查新文件...
2025-01-14 07:45:12,237 - 发现新的预测文件：202501140745.csv，执行预测...
2025-01-14 07:45:12,336 - 等待 3 分钟后重新检查新文件...
2025-01-14 07:48:12,347 - 等待 3 分钟后重新检查新文件...
2025-01-14 07:51:12,354 - 等待 3 分钟后重新检查新文件...
2025-01-14 07:54:12,362 - 等待 3 分钟后重新检查新文件...
2025-01-14 07:57:12,366 - 等待 3 分钟后重新检查新文件...
2025-01-14 08:00:12,374 - 发现新的预测文件：202501140800.csv，执行预测...
2025-01-14 08:00:12,452 - 等待 3 分钟后重新检查新文件...
2025-01-14 08:03:12,466 - 等待 3 分钟后重新检查新文件...
2025-01-14 08:06:12,483 - 等待 3 分钟后重新检查新文件...
2025-01-14 08:09:12,489 - 等待 3 分钟后重新检查新文件...
2025-01-14 08:12:12,500 - 等待 3 分钟后重新检查新文件...
2025-01-14 08:15:12,512 - 发现新的预测文件：202501140815.csv，执行预测...
2025-01-14 08:15:12,579 - 等待 3 分钟后重新检查新文件...
2025-01-14 08:18:12,594 - 等待 3 分钟后重新检查新文件...
2025-01-14 08:21:12,611 - 等待 3 分钟后重新检查新文件...
2025-01-14 08:24:12,617 - 等待 3 分钟后重新检查新文件...
2025-01-14 08:27:12,619 - 等待 3 分钟后重新检查新文件...
2025-01-14 08:30:12,632 - 发现新的预测文件：202501140830.csv，执行预测...
2025-01-14 08:30:12,710 - 等待 3 分钟后重新检查新文件...
2025-01-14 08:33:12,723 - 等待 3 分钟后重新检查新文件...
2025-01-14 08:36:12,725 - 等待 3 分钟后重新检查新文件...
2025-01-14 08:39:12,727 - 等待 3 分钟后重新检查新文件...
2025-01-14 08:42:12,737 - 等待 3 分钟后重新检查新文件...
2025-01-14 08:45:12,738 - 发现新的预测文件：202501140845.csv，执行预测...
2025-01-14 08:45:12,847 - 等待 3 分钟后重新检查新文件...
2025-01-14 08:48:12,863 - 等待 3 分钟后重新检查新文件...
2025-01-14 08:51:12,877 - 等待 3 分钟后重新检查新文件...
2025-01-14 08:54:12,885 - 等待 3 分钟后重新检查新文件...
2025-01-14 08:57:12,896 - 等待 3 分钟后重新检查新文件...
2025-01-14 09:00:12,900 - 发现新的预测文件：202501140900.csv，执行预测...
2025-01-14 09:00:12,982 - 等待 3 分钟后重新检查新文件...
2025-01-14 09:03:12,998 - 等待 3 分钟后重新检查新文件...
2025-01-14 09:06:13,010 - 等待 3 分钟后重新检查新文件...
2025-01-14 09:09:13,022 - 等待 3 分钟后重新检查新文件...
2025-01-14 09:12:13,036 - 等待 3 分钟后重新检查新文件...
2025-01-14 09:15:13,046 - 发现新的预测文件：202501140915.csv，执行预测...
2025-01-14 09:15:13,127 - 等待 3 分钟后重新检查新文件...
2025-01-14 09:18:13,136 - 等待 3 分钟后重新检查新文件...
2025-01-14 09:21:13,148 - 等待 3 分钟后重新检查新文件...
2025-01-14 09:24:13,160 - 等待 3 分钟后重新检查新文件...
2025-01-14 09:27:13,171 - 等待 3 分钟后重新检查新文件...
2025-01-14 09:30:13,175 - 发现新的预测文件：202501140930.csv，执行预测...
2025-01-14 09:30:13,255 - 等待 3 分钟后重新检查新文件...
2025-01-14 09:33:13,266 - 等待 3 分钟后重新检查新文件...
2025-01-14 09:36:13,282 - 等待 3 分钟后重新检查新文件...
2025-01-14 09:39:13,286 - 等待 3 分钟后重新检查新文件...
2025-01-14 09:42:13,289 - 等待 3 分钟后重新检查新文件...
2025-01-14 09:45:13,293 - 发现新的预测文件：202501140945.csv，执行预测...
2025-01-14 09:45:13,372 - 等待 3 分钟后重新检查新文件...
2025-01-14 09:48:13,386 - 等待 3 分钟后重新检查新文件...
2025-01-14 09:51:13,389 - 等待 3 分钟后重新检查新文件...
2025-01-14 09:54:13,392 - 等待 3 分钟后重新检查新文件...
2025-01-14 09:57:13,399 - 等待 3 分钟后重新检查新文件...
2025-01-14 10:00:13,411 - 发现新的预测文件：202501141000.csv，执行预测...
2025-01-14 10:00:13,517 - 等待 3 分钟后重新检查新文件...
2025-01-14 10:03:13,520 - 等待 3 分钟后重新检查新文件...
2025-01-14 10:06:13,533 - 等待 3 分钟后重新检查新文件...
2025-01-14 10:09:13,538 - 等待 3 分钟后重新检查新文件...
2025-01-14 10:12:13,553 - 等待 3 分钟后重新检查新文件...
2025-01-14 10:15:13,561 - 发现新的预测文件：202501141015.csv，执行预测...
2025-01-14 10:15:13,625 - 等待 3 分钟后重新检查新文件...
2025-01-14 10:18:13,634 - 等待 3 分钟后重新检查新文件...
2025-01-14 10:21:13,643 - 等待 3 分钟后重新检查新文件...
2025-01-14 10:24:13,657 - 等待 3 分钟后重新检查新文件...
2025-01-14 10:27:13,672 - 等待 3 分钟后重新检查新文件...
2025-01-14 10:30:13,678 - 发现新的预测文件：202501141030.csv，执行预测...
2025-01-14 10:30:13,750 - 等待 3 分钟后重新检查新文件...
2025-01-14 10:33:13,758 - 等待 3 分钟后重新检查新文件...
2025-01-14 10:36:13,764 - 等待 3 分钟后重新检查新文件...
2025-01-14 10:39:13,770 - 等待 3 分钟后重新检查新文件...
2025-01-14 10:42:13,779 - 等待 3 分钟后重新检查新文件...
2025-01-14 10:45:13,790 - 发现新的预测文件：202501141045.csv，执行预测...
2025-01-14 10:45:13,861 - 等待 3 分钟后重新检查新文件...
2025-01-14 10:48:13,866 - 等待 3 分钟后重新检查新文件...
2025-01-14 10:51:13,881 - 等待 3 分钟后重新检查新文件...
2025-01-14 10:54:13,898 - 等待 3 分钟后重新检查新文件...
2025-01-14 10:57:13,898 - 等待 3 分钟后重新检查新文件...
2025-01-14 11:00:13,909 - 发现新的预测文件：202501141100.csv，执行预测...
2025-01-14 11:00:14,013 - 等待 3 分钟后重新检查新文件...
2025-01-14 11:03:14,028 - 等待 3 分钟后重新检查新文件...
2025-01-14 11:06:14,046 - 等待 3 分钟后重新检查新文件...
2025-01-14 11:09:14,049 - 等待 3 分钟后重新检查新文件...
2025-01-14 11:12:14,053 - 等待 3 分钟后重新检查新文件...
2025-01-14 11:15:14,068 - 发现新的预测文件：202501141115.csv，执行预测...
2025-01-14 11:15:14,134 - 等待 3 分钟后重新检查新文件...
2025-01-14 11:18:14,146 - 等待 3 分钟后重新检查新文件...
2025-01-14 11:21:14,151 - 等待 3 分钟后重新检查新文件...
2025-01-14 11:24:14,154 - 等待 3 分钟后重新检查新文件...
2025-01-14 11:27:14,156 - 等待 3 分钟后重新检查新文件...
2025-01-14 11:30:14,158 - 发现新的预测文件：202501141130.csv，执行预测...
2025-01-14 11:30:14,234 - 等待 3 分钟后重新检查新文件...
2025-01-14 11:33:14,244 - 等待 3 分钟后重新检查新文件...
2025-01-14 11:36:14,256 - 等待 3 分钟后重新检查新文件...
2025-01-14 11:39:14,264 - 等待 3 分钟后重新检查新文件...
2025-01-14 11:42:14,276 - 等待 3 分钟后重新检查新文件...
2025-01-14 11:45:14,280 - 发现新的预测文件：202501141145.csv，执行预测...
2025-01-14 11:45:14,354 - 等待 3 分钟后重新检查新文件...
2025-01-14 11:48:14,365 - 等待 3 分钟后重新检查新文件...
2025-01-14 11:51:14,381 - 等待 3 分钟后重新检查新文件...
2025-01-14 11:54:14,394 - 等待 3 分钟后重新检查新文件...
2025-01-14 11:57:14,402 - 等待 3 分钟后重新检查新文件...
2025-01-14 12:00:14,408 - 发现新的预测文件：202501141200.csv，执行预测...
2025-01-14 12:00:14,497 - 等待 3 分钟后重新检查新文件...
2025-01-14 12:03:14,502 - 等待 3 分钟后重新检查新文件...
2025-01-14 12:06:14,504 - 等待 3 分钟后重新检查新文件...
2025-01-14 12:09:14,513 - 等待 3 分钟后重新检查新文件...
2025-01-14 12:12:14,520 - 等待 3 分钟后重新检查新文件...
2025-01-14 12:15:14,527 - 发现新的预测文件：202501141215.csv，执行预测...
2025-01-14 12:15:14,608 - 等待 3 分钟后重新检查新文件...
2025-01-14 12:18:14,623 - 等待 3 分钟后重新检查新文件...
2025-01-14 12:21:14,635 - 等待 3 分钟后重新检查新文件...
2025-01-14 12:24:14,651 - 等待 3 分钟后重新检查新文件...
2025-01-14 12:27:14,661 - 等待 3 分钟后重新检查新文件...
2025-01-14 12:30:14,677 - 发现新的预测文件：202501141230.csv，执行预测...
2025-01-14 12:30:14,779 - 等待 3 分钟后重新检查新文件...
2025-01-14 12:33:14,793 - 等待 3 分钟后重新检查新文件...
2025-01-14 12:36:14,808 - 等待 3 分钟后重新检查新文件...
2025-01-14 12:39:14,810 - 等待 3 分钟后重新检查新文件...
2025-01-14 12:42:14,818 - 等待 3 分钟后重新检查新文件...
2025-01-14 12:45:14,826 - 发现新的预测文件：202501141245.csv，执行预测...
2025-01-14 12:45:14,891 - 等待 3 分钟后重新检查新文件...
2025-01-14 12:48:14,896 - 等待 3 分钟后重新检查新文件...
2025-01-14 12:51:14,911 - 等待 3 分钟后重新检查新文件...
2025-01-14 12:54:14,920 - 等待 3 分钟后重新检查新文件...
2025-01-14 12:57:14,931 - 等待 3 分钟后重新检查新文件...
2025-01-14 13:00:14,938 - 发现新的预测文件：202501141300.csv，执行预测...
2025-01-14 13:00:15,061 - 等待 3 分钟后重新检查新文件...
2025-01-14 13:03:15,067 - 等待 3 分钟后重新检查新文件...
2025-01-14 13:06:15,081 - 等待 3 分钟后重新检查新文件...
2025-01-14 13:09:15,083 - 等待 3 分钟后重新检查新文件...
2025-01-14 13:12:15,087 - 等待 3 分钟后重新检查新文件...
2025-01-14 13:15:15,102 - 发现新的预测文件：202501141315.csv，执行预测...
2025-01-14 13:15:15,198 - 等待 3 分钟后重新检查新文件...
2025-01-14 13:18:15,214 - 等待 3 分钟后重新检查新文件...
2025-01-14 13:21:15,224 - 等待 3 分钟后重新检查新文件...
2025-01-14 13:24:15,232 - 等待 3 分钟后重新检查新文件...
2025-01-14 13:27:15,235 - 等待 3 分钟后重新检查新文件...
2025-01-14 13:30:15,239 - 发现新的预测文件：202501141330.csv，执行预测...
2025-01-14 13:30:15,313 - 等待 3 分钟后重新检查新文件...
2025-01-14 13:33:15,316 - 等待 3 分钟后重新检查新文件...
2025-01-14 13:36:15,329 - 等待 3 分钟后重新检查新文件...
2025-01-14 13:39:15,336 - 等待 3 分钟后重新检查新文件...
2025-01-14 13:42:15,342 - 等待 3 分钟后重新检查新文件...
2025-01-14 13:45:15,358 - 发现新的预测文件：202501141345.csv，执行预测...
2025-01-14 13:45:15,432 - 等待 3 分钟后重新检查新文件...
2025-01-14 13:48:15,440 - 等待 3 分钟后重新检查新文件...
2025-01-14 13:51:15,452 - 等待 3 分钟后重新检查新文件...
2025-01-14 13:54:15,460 - 等待 3 分钟后重新检查新文件...
2025-01-14 13:57:15,471 - 等待 3 分钟后重新检查新文件...
2025-01-14 14:00:15,483 - 发现新的预测文件：202501141400.csv，执行预测...
2025-01-14 14:00:15,557 - 等待 3 分钟后重新检查新文件...
2025-01-14 14:03:15,562 - 等待 3 分钟后重新检查新文件...
2025-01-14 14:06:15,574 - 等待 3 分钟后重新检查新文件...
2025-01-14 14:09:15,582 - 等待 3 分钟后重新检查新文件...
2025-01-14 14:12:15,584 - 等待 3 分钟后重新检查新文件...
2025-01-14 14:15:15,596 - 发现新的预测文件：202501141415.csv，执行预测...
2025-01-14 14:15:15,697 - 等待 3 分钟后重新检查新文件...
2025-01-14 14:18:15,709 - 等待 3 分钟后重新检查新文件...
2025-01-14 14:21:15,718 - 等待 3 分钟后重新检查新文件...
2025-01-14 14:24:15,731 - 等待 3 分钟后重新检查新文件...
2025-01-14 14:27:15,738 - 等待 3 分钟后重新检查新文件...
2025-01-14 14:30:15,755 - 发现新的预测文件：202501141430.csv，执行预测...
2025-01-14 14:30:15,827 - 等待 3 分钟后重新检查新文件...
2025-01-14 14:33:15,841 - 等待 3 分钟后重新检查新文件...
2025-01-14 14:36:15,856 - 等待 3 分钟后重新检查新文件...
2025-01-14 14:39:15,858 - 等待 3 分钟后重新检查新文件...
2025-01-14 14:42:15,867 - 等待 3 分钟后重新检查新文件...
2025-01-14 14:45:15,877 - 发现新的预测文件：202501141445.csv，执行预测...
2025-01-14 14:45:15,962 - 等待 3 分钟后重新检查新文件...
2025-01-14 14:48:15,964 - 等待 3 分钟后重新检查新文件...
2025-01-14 14:51:15,977 - 等待 3 分钟后重新检查新文件...
2025-01-14 14:54:15,986 - 等待 3 分钟后重新检查新文件...
2025-01-14 14:57:15,990 - 等待 3 分钟后重新检查新文件...
2025-01-14 15:00:15,998 - 发现新的预测文件：202501141500.csv，执行预测...
2025-01-14 15:00:16,063 - 等待 3 分钟后重新检查新文件...
2025-01-14 15:03:16,065 - 等待 3 分钟后重新检查新文件...
2025-01-14 15:06:16,076 - 等待 3 分钟后重新检查新文件...
2025-01-14 15:09:16,084 - 等待 3 分钟后重新检查新文件...
2025-01-14 15:12:16,092 - 等待 3 分钟后重新检查新文件...
2025-01-14 15:15:16,100 - 发现新的预测文件：202501141515.csv，执行预测...
2025-01-14 15:15:16,199 - 等待 3 分钟后重新检查新文件...
2025-01-14 15:18:16,209 - 等待 3 分钟后重新检查新文件...
2025-01-14 15:21:16,219 - 等待 3 分钟后重新检查新文件...
2025-01-14 15:24:17,638 - 等待 3 分钟后重新检查新文件...
2025-01-14 15:27:17,649 - 等待 3 分钟后重新检查新文件...
2025-01-14 15:30:17,663 - 发现新的预测文件：202501141530.csv，执行预测...
2025-01-14 15:30:17,736 - 等待 3 分钟后重新检查新文件...
2025-01-14 15:33:17,738 - 等待 3 分钟后重新检查新文件...
2025-01-14 15:36:17,743 - 等待 3 分钟后重新检查新文件...
2025-01-14 15:39:17,746 - 等待 3 分钟后重新检查新文件...
2025-01-14 15:42:17,759 - 等待 3 分钟后重新检查新文件...
2025-01-14 15:45:17,775 - 发现新的预测文件：202501141545.csv，执行预测...
2025-01-14 15:45:17,854 - 等待 3 分钟后重新检查新文件...
2025-01-14 15:48:17,856 - 等待 3 分钟后重新检查新文件...
2025-01-14 15:51:17,859 - 等待 3 分钟后重新检查新文件...
2025-01-14 15:54:17,873 - 等待 3 分钟后重新检查新文件...
2025-01-14 15:57:17,888 - 等待 3 分钟后重新检查新文件...
2025-01-14 16:00:17,891 - 发现新的预测文件：202501141600.csv，执行预测...
2025-01-14 16:00:17,981 - 等待 3 分钟后重新检查新文件...
2025-01-14 16:03:17,985 - 等待 3 分钟后重新检查新文件...
2025-01-14 16:06:17,991 - 等待 3 分钟后重新检查新文件...
2025-01-14 16:09:18,001 - 等待 3 分钟后重新检查新文件...
2025-01-14 16:12:18,007 - 等待 3 分钟后重新检查新文件...
2025-01-14 16:15:18,015 - 发现新的预测文件：202501141615.csv，执行预测...
2025-01-14 16:15:18,121 - 等待 3 分钟后重新检查新文件...
2025-01-14 16:18:18,130 - 等待 3 分钟后重新检查新文件...
2025-01-14 16:21:18,137 - 等待 3 分钟后重新检查新文件...
2025-01-14 16:24:18,149 - 等待 3 分钟后重新检查新文件...
2025-01-14 16:27:18,150 - 等待 3 分钟后重新检查新文件...
2025-01-14 16:30:18,167 - 发现新的预测文件：202501141630.csv，执行预测...
2025-01-14 16:30:18,233 - 等待 3 分钟后重新检查新文件...
2025-01-14 16:33:18,251 - 等待 3 分钟后重新检查新文件...
2025-01-14 16:36:18,252 - 等待 3 分钟后重新检查新文件...
2025-01-14 16:39:18,257 - 等待 3 分钟后重新检查新文件...
2025-01-14 16:42:18,271 - 等待 3 分钟后重新检查新文件...
2025-01-14 16:45:18,274 - 发现新的预测文件：202501141645.csv，执行预测...
2025-01-14 16:45:18,350 - 等待 3 分钟后重新检查新文件...
2025-01-14 16:48:18,357 - 等待 3 分钟后重新检查新文件...
2025-01-14 16:51:18,366 - 等待 3 分钟后重新检查新文件...
2025-01-14 16:54:18,378 - 等待 3 分钟后重新检查新文件...
2025-01-14 16:57:18,381 - 等待 3 分钟后重新检查新文件...
2025-01-14 17:00:18,393 - 发现新的预测文件：202501141700.csv，执行预测...
2025-01-14 17:00:18,504 - 等待 3 分钟后重新检查新文件...
2025-01-14 17:03:18,519 - 等待 3 分钟后重新检查新文件...
2025-01-14 17:06:18,524 - 等待 3 分钟后重新检查新文件...
2025-01-14 17:09:18,530 - 等待 3 分钟后重新检查新文件...
2025-01-14 17:12:18,534 - 等待 3 分钟后重新检查新文件...
2025-01-14 17:15:18,537 - 发现新的预测文件：202501141715.csv，执行预测...
2025-01-14 17:15:18,640 - 等待 3 分钟后重新检查新文件...
2025-01-14 17:18:18,656 - 等待 3 分钟后重新检查新文件...
2025-01-14 17:21:18,667 - 等待 3 分钟后重新检查新文件...
2025-01-14 17:24:18,680 - 等待 3 分钟后重新检查新文件...
2025-01-14 17:27:18,696 - 等待 3 分钟后重新检查新文件...
2025-01-14 17:30:18,699 - 发现新的预测文件：202501141730.csv，执行预测...
2025-01-14 17:30:18,777 - 等待 3 分钟后重新检查新文件...
2025-01-14 17:33:18,780 - 等待 3 分钟后重新检查新文件...
2025-01-14 17:36:18,795 - 等待 3 分钟后重新检查新文件...
2025-01-14 17:39:18,812 - 等待 3 分钟后重新检查新文件...
2025-01-14 17:42:18,822 - 等待 3 分钟后重新检查新文件...
2025-01-14 17:45:18,839 - 发现新的预测文件：202501141745.csv，执行预测...
2025-01-14 17:45:18,908 - 等待 3 分钟后重新检查新文件...
2025-01-14 17:48:18,911 - 等待 3 分钟后重新检查新文件...
2025-01-14 17:51:18,922 - 等待 3 分钟后重新检查新文件...
2025-01-14 17:54:18,929 - 等待 3 分钟后重新检查新文件...
2025-01-14 17:57:18,941 - 等待 3 分钟后重新检查新文件...
2025-01-14 18:00:18,952 - 发现新的预测文件：202501141800.csv，执行预测...
2025-01-14 18:00:19,032 - 等待 3 分钟后重新检查新文件...
2025-01-14 18:03:19,035 - 等待 3 分钟后重新检查新文件...
2025-01-14 18:06:19,042 - 等待 3 分钟后重新检查新文件...
2025-01-14 18:09:19,056 - 等待 3 分钟后重新检查新文件...
2025-01-14 18:12:19,065 - 等待 3 分钟后重新检查新文件...
2025-01-14 18:15:19,072 - 发现新的预测文件：202501141815.csv，执行预测...
2025-01-14 18:15:19,159 - 等待 3 分钟后重新检查新文件...
2025-01-14 18:18:19,173 - 等待 3 分钟后重新检查新文件...
2025-01-14 18:21:19,188 - 等待 3 分钟后重新检查新文件...
2025-01-14 18:24:19,199 - 等待 3 分钟后重新检查新文件...
2025-01-14 18:27:19,200 - 等待 3 分钟后重新检查新文件...
2025-01-14 18:30:19,210 - 发现新的预测文件：202501141830.csv，执行预测...
2025-01-14 18:30:19,328 - 等待 3 分钟后重新检查新文件...
2025-01-14 18:33:19,335 - 等待 3 分钟后重新检查新文件...
2025-01-14 18:36:19,348 - 等待 3 分钟后重新检查新文件...
2025-01-14 18:39:19,360 - 等待 3 分钟后重新检查新文件...
2025-01-14 18:42:19,372 - 等待 3 分钟后重新检查新文件...
2025-01-14 18:45:19,375 - 发现新的预测文件：202501141845.csv，执行预测...
2025-01-14 18:45:19,447 - 等待 3 分钟后重新检查新文件...
2025-01-14 18:48:19,462 - 等待 3 分钟后重新检查新文件...
2025-01-14 18:51:19,468 - 等待 3 分钟后重新检查新文件...
2025-01-14 18:54:19,473 - 等待 3 分钟后重新检查新文件...
2025-01-14 18:57:19,483 - 等待 3 分钟后重新检查新文件...
2025-01-14 19:00:19,486 - 发现新的预测文件：202501141900.csv，执行预测...
2025-01-14 19:00:19,562 - 等待 3 分钟后重新检查新文件...
2025-01-14 19:03:19,576 - 等待 3 分钟后重新检查新文件...
2025-01-14 19:06:19,591 - 等待 3 分钟后重新检查新文件...
2025-01-14 19:09:19,608 - 等待 3 分钟后重新检查新文件...
2025-01-14 19:12:19,615 - 等待 3 分钟后重新检查新文件...
2025-01-14 19:15:19,622 - 发现新的预测文件：202501141915.csv，执行预测...
2025-01-14 19:15:19,700 - 等待 3 分钟后重新检查新文件...
2025-01-14 19:18:19,708 - 等待 3 分钟后重新检查新文件...
2025-01-14 19:21:19,713 - 等待 3 分钟后重新检查新文件...
2025-01-14 19:24:19,715 - 等待 3 分钟后重新检查新文件...
2025-01-14 19:27:19,725 - 等待 3 分钟后重新检查新文件...
2025-01-14 19:30:19,735 - 发现新的预测文件：202501141930.csv，执行预测...
2025-01-14 19:30:19,835 - 等待 3 分钟后重新检查新文件...
2025-01-14 19:33:19,850 - 等待 3 分钟后重新检查新文件...
2025-01-14 19:36:19,862 - 等待 3 分钟后重新检查新文件...
2025-01-14 19:39:19,870 - 等待 3 分钟后重新检查新文件...
2025-01-14 19:42:19,881 - 等待 3 分钟后重新检查新文件...
2025-01-14 19:45:19,883 - 发现新的预测文件：202501141945.csv，执行预测...
2025-01-14 19:45:19,953 - 等待 3 分钟后重新检查新文件...
2025-01-14 19:48:19,968 - 等待 3 分钟后重新检查新文件...
2025-01-14 19:51:19,977 - 等待 3 分钟后重新检查新文件...
2025-01-14 19:54:19,978 - 等待 3 分钟后重新检查新文件...
2025-01-14 19:57:19,990 - 等待 3 分钟后重新检查新文件...
2025-01-14 20:00:19,994 - 发现新的预测文件：202501142000.csv，执行预测...
2025-01-14 20:00:20,078 - 等待 3 分钟后重新检查新文件...
2025-01-14 20:03:20,118 - 等待 3 分钟后重新检查新文件...
2025-01-14 20:06:20,128 - 等待 3 分钟后重新检查新文件...
2025-01-14 20:09:20,136 - 等待 3 分钟后重新检查新文件...
2025-01-14 20:12:20,148 - 等待 3 分钟后重新检查新文件...
2025-01-14 20:15:20,157 - 发现新的预测文件：202501142015.csv，执行预测...
2025-01-14 20:15:20,233 - 等待 3 分钟后重新检查新文件...
2025-01-14 20:18:20,242 - 等待 3 分钟后重新检查新文件...
2025-01-14 20:21:20,254 - 等待 3 分钟后重新检查新文件...
2025-01-14 20:24:20,261 - 等待 3 分钟后重新检查新文件...
2025-01-14 20:27:20,265 - 等待 3 分钟后重新检查新文件...
2025-01-14 20:30:20,282 - 发现新的预测文件：202501142030.csv，执行预测...
2025-01-14 20:30:20,381 - 等待 3 分钟后重新检查新文件...
2025-01-14 20:33:20,392 - 等待 3 分钟后重新检查新文件...
2025-01-14 20:36:20,406 - 等待 3 分钟后重新检查新文件...
2025-01-14 20:39:20,414 - 等待 3 分钟后重新检查新文件...
2025-01-14 20:42:20,426 - 等待 3 分钟后重新检查新文件...
2025-01-14 20:45:20,432 - 发现新的预测文件：202501142045.csv，执行预测...
2025-01-14 20:45:20,525 - 等待 3 分钟后重新检查新文件...
2025-01-14 20:48:20,530 - 等待 3 分钟后重新检查新文件...
2025-01-14 20:51:20,539 - 等待 3 分钟后重新检查新文件...
2025-01-14 20:54:20,549 - 等待 3 分钟后重新检查新文件...
2025-01-14 20:57:20,560 - 等待 3 分钟后重新检查新文件...
2025-01-14 21:00:20,567 - 发现新的预测文件：202501142100.csv，执行预测...
2025-01-14 21:00:20,642 - 等待 3 分钟后重新检查新文件...
2025-01-14 21:03:20,645 - 等待 3 分钟后重新检查新文件...
2025-01-14 21:06:20,648 - 等待 3 分钟后重新检查新文件...
2025-01-14 21:09:20,661 - 等待 3 分钟后重新检查新文件...
2025-01-14 21:12:20,662 - 等待 3 分钟后重新检查新文件...
2025-01-14 21:15:20,670 - 发现新的预测文件：202501142115.csv，执行预测...
2025-01-14 21:15:20,752 - 等待 3 分钟后重新检查新文件...
2025-01-14 21:18:20,759 - 等待 3 分钟后重新检查新文件...
2025-01-14 21:21:20,768 - 等待 3 分钟后重新检查新文件...
2025-01-14 21:24:20,780 - 等待 3 分钟后重新检查新文件...
2025-01-14 21:27:20,781 - 等待 3 分钟后重新检查新文件...
2025-01-14 21:30:20,783 - 发现新的预测文件：202501142130.csv，执行预测...
2025-01-14 21:30:20,893 - 等待 3 分钟后重新检查新文件...
2025-01-14 21:33:20,904 - 等待 3 分钟后重新检查新文件...
2025-01-14 21:36:20,916 - 等待 3 分钟后重新检查新文件...
2025-01-14 21:39:20,921 - 等待 3 分钟后重新检查新文件...
2025-01-14 21:42:20,929 - 等待 3 分钟后重新检查新文件...
2025-01-14 21:45:20,942 - 发现新的预测文件：202501142145.csv，执行预测...
2025-01-14 21:45:21,019 - 等待 3 分钟后重新检查新文件...
2025-01-14 21:48:21,035 - 等待 3 分钟后重新检查新文件...
2025-01-14 21:51:21,051 - 等待 3 分钟后重新检查新文件...
2025-01-14 21:54:21,053 - 等待 3 分钟后重新检查新文件...
2025-01-14 21:57:21,058 - 等待 3 分钟后重新检查新文件...
2025-01-14 22:00:21,071 - 发现新的预测文件：202501142200.csv，执行预测...
2025-01-14 22:00:21,164 - 等待 3 分钟后重新检查新文件...
2025-01-14 22:03:21,172 - 等待 3 分钟后重新检查新文件...
2025-01-14 22:06:21,182 - 等待 3 分钟后重新检查新文件...
2025-01-14 22:09:21,201 - 等待 3 分钟后重新检查新文件...
2025-01-14 22:12:21,212 - 等待 3 分钟后重新检查新文件...
2025-01-14 22:15:21,224 - 发现新的预测文件：202501142215.csv，执行预测...
2025-01-14 22:15:21,301 - 等待 3 分钟后重新检查新文件...
2025-01-14 22:18:21,304 - 等待 3 分钟后重新检查新文件...
2025-01-14 22:21:21,317 - 等待 3 分钟后重新检查新文件...
2025-01-14 22:24:21,329 - 等待 3 分钟后重新检查新文件...
2025-01-14 22:27:21,342 - 等待 3 分钟后重新检查新文件...
2025-01-14 22:30:21,349 - 发现新的预测文件：202501142230.csv，执行预测...
2025-01-14 22:30:21,420 - 等待 3 分钟后重新检查新文件...
2025-01-14 22:33:21,423 - 等待 3 分钟后重新检查新文件...
2025-01-14 22:36:21,430 - 等待 3 分钟后重新检查新文件...
2025-01-14 22:39:21,436 - 等待 3 分钟后重新检查新文件...
2025-01-14 22:42:21,439 - 等待 3 分钟后重新检查新文件...
2025-01-14 22:45:21,448 - 发现新的预测文件：202501142245.csv，执行预测...
2025-01-14 22:45:21,547 - 等待 3 分钟后重新检查新文件...
2025-01-14 22:48:21,574 - 等待 3 分钟后重新检查新文件...
2025-01-14 22:51:21,587 - 等待 3 分钟后重新检查新文件...
2025-01-14 22:54:21,600 - 等待 3 分钟后重新检查新文件...
2025-01-14 22:57:21,615 - 等待 3 分钟后重新检查新文件...
2025-01-14 23:00:21,621 - 发现新的预测文件：202501142300.csv，执行预测...
2025-01-14 23:00:21,694 - 等待 3 分钟后重新检查新文件...
2025-01-14 23:03:21,701 - 等待 3 分钟后重新检查新文件...
2025-01-14 23:06:21,708 - 等待 3 分钟后重新检查新文件...
2025-01-14 23:09:21,716 - 等待 3 分钟后重新检查新文件...
2025-01-14 23:12:21,721 - 等待 3 分钟后重新检查新文件...
2025-01-14 23:15:21,735 - 发现新的预测文件：202501142315.csv，执行预测...
2025-01-14 23:15:21,809 - 等待 3 分钟后重新检查新文件...
2025-01-14 23:18:21,825 - 等待 3 分钟后重新检查新文件...
2025-01-14 23:21:21,830 - 等待 3 分钟后重新检查新文件...
2025-01-14 23:24:21,834 - 等待 3 分钟后重新检查新文件...
2025-01-14 23:27:21,847 - 等待 3 分钟后重新检查新文件...
2025-01-14 23:30:21,859 - 发现新的预测文件：202501142330.csv，执行预测...
2025-01-14 23:30:21,930 - 等待 3 分钟后重新检查新文件...
2025-01-14 23:33:21,937 - 等待 3 分钟后重新检查新文件...
2025-01-14 23:36:21,946 - 等待 3 分钟后重新检查新文件...
2025-01-14 23:39:21,948 - 等待 3 分钟后重新检查新文件...
2025-01-14 23:42:21,951 - 等待 3 分钟后重新检查新文件...
2025-01-14 23:45:21,961 - 发现新的预测文件：202501142345.csv，执行预测...
2025-01-14 23:45:22,061 - 等待 3 分钟后重新检查新文件...
2025-01-14 23:48:22,068 - 等待 3 分钟后重新检查新文件...
2025-01-14 23:51:22,072 - 等待 3 分钟后重新检查新文件...
2025-01-14 23:54:22,086 - 等待 3 分钟后重新检查新文件...
2025-01-14 23:57:22,092 - 等待 3 分钟后重新检查新文件...
