2025-01-11 14:01:18,648 - 今天的日期是: 20250111
2025-01-11 14:01:18,649 - 开始监视 D:\my-vue-project\wind-power-forecast\backend\auto_scripts\dataset\dataset_supershort 文件夹以进行训练...
2025-01-11 14:01:18,649 - 开始监视 D:\my-vue-project\wind-power-forecast\backend\auto_scripts\precsv\supershortcsv\20250111 文件夹以进行预测...
2025-01-11 14:01:18,649 - 发现新的训练文件：D:\my-vue-project\wind-power-forecast\backend\auto_scripts\dataset\dataset_supershort\20250111.csv，执行训练...
2025-01-11 14:01:18,649 - 模型不可用，等待模型训练完成...
2025-01-11 14:01:18,649 - 输出结果将保存到: D:\my-vue-project\wind-power-forecast\backend\auto_scripts\train_predictions\supershort_predictions
2025-01-11 14:01:19,834 - 数据加载与预处理完成
2025-01-11 14:01:20,149 - 数据标准化完成
2025-01-11 14:01:20,872 - 创建时间窗口完成
2025-01-11 14:01:20,872 - 获取模型参数完成
2025-01-11 14:03:48,654 - 模型不可用，等待模型训练完成...
2025-01-11 14:05:00,628 - 训练与评估完成
2025-01-11 14:05:00,659 - 保存预测结果完成
2025-01-11 14:05:00,888 - 可视化结果完成
2025-01-11 14:05:00,990 - 模型已成功保存到 D:\my-vue-project\wind-power-forecast\backend\auto_scripts\models\supershortmodel\20250111，模型可用。
2025-01-11 14:06:18,659 - 今天的训练和预测任务已完成。
2025-01-11 14:15:38,516 - 今天的日期是: 20250111
2025-01-11 14:15:38,516 - 开始监视 D:\my-vue-project\wind-power-forecast\backend\auto_scripts\dataset\dataset_supershort 文件夹以进行训练...
2025-01-11 14:15:38,516 - 今天的训练已经执行过，跳过...
2025-01-11 14:15:38,516 - 开始监视 D:\my-vue-project\wind-power-forecast\backend\auto_scripts\precsv\supershortcsv\20250111 文件夹以进行预测...
2025-01-11 14:15:38,517 - 发现新的预测文件：202501111415.csv，执行预测...
2025-01-11 14:15:38,692 - 等待 3 分钟后重新检查新文件...
2025-01-11 14:18:38,706 - 等待 3 分钟后重新检查新文件...
2025-01-11 14:20:29,705 - 今天的日期是: 20250111
2025-01-11 14:20:29,708 - 开始监视 D:\my-vue-project\wind-power-forecast\backend\auto_scripts\dataset\dataset_supershort 文件夹以进行训练...
2025-01-11 14:20:29,708 - 今天的训练已经执行过，跳过...
2025-01-11 14:20:29,708 - 开始监视 D:\my-vue-project\wind-power-forecast\backend\auto_scripts\precsv\supershortcsv\20250111 文件夹以进行预测...
2025-01-11 14:20:29,709 - 发现新的预测文件：202501111415.csv，执行预测...
2025-01-11 14:20:29,872 - 等待 3 分钟后重新检查新文件...
2025-01-11 14:23:29,875 - 等待 3 分钟后重新检查新文件...
2025-01-11 14:26:29,889 - 等待 3 分钟后重新检查新文件...
2025-01-11 14:29:29,893 - 等待 3 分钟后重新检查新文件...
2025-01-11 14:32:29,908 - 发现新的预测文件：202501111430.csv，执行预测...
2025-01-11 14:32:29,980 - 等待 3 分钟后重新检查新文件...
2025-01-11 14:35:29,982 - 等待 3 分钟后重新检查新文件...
2025-01-11 14:42:56,010 - 今天的日期是: 20250111
2025-01-11 14:42:56,011 - 开始监视 D:\my-vue-project\wind-power-forecast\backend\auto_scripts\dataset\dataset_supershort 文件夹以进行训练...
2025-01-11 14:42:56,011 - 今天的训练已经执行过，跳过...
2025-01-11 14:42:56,011 - 开始监视 D:\my-vue-project\wind-power-forecast\backend\auto_scripts\precsv\supershortcsv\20250111 文件夹以进行预测...
2025-01-11 14:42:56,011 - 发现新的预测文件：202501111415.csv，执行预测...
2025-01-11 14:42:56,201 - 发现新的预测文件：202501111430.csv，执行预测...
2025-01-11 14:42:56,294 - 等待 3 分钟后重新检查新文件...
2025-01-11 14:49:51,283 - 今天的日期是: 20250111
2025-01-11 14:49:51,284 - 开始监视 D:\my-vue-project\wind-power-forecast\backend\auto_scripts\dataset\dataset_supershort 文件夹以进行训练...
2025-01-11 14:49:51,284 - 今天的训练已经执行过，跳过...
2025-01-11 14:49:51,285 - 开始监视 D:\my-vue-project\wind-power-forecast\backend\auto_scripts\precsv\supershortcsv\20250111 文件夹以进行预测...
2025-01-11 14:49:51,285 - 发现新的预测文件：202501111415.csv，执行预测...
2025-01-11 14:49:51,454 - 发现新的预测文件：202501111430.csv，执行预测...
2025-01-11 14:49:51,521 - 等待 3 分钟后重新检查新文件...
2025-01-11 14:52:51,523 - 等待 3 分钟后重新检查新文件...
2025-01-11 14:55:51,525 - 等待 3 分钟后重新检查新文件...
2025-01-11 14:58:51,528 - 等待 3 分钟后重新检查新文件...
2025-01-11 15:01:51,535 - 发现新的预测文件：202501111500.csv，执行预测...
2025-01-11 15:01:51,652 - 等待 3 分钟后重新检查新文件...
2025-01-11 15:04:51,658 - 等待 3 分钟后重新检查新文件...
2025-01-11 15:07:51,670 - 等待 3 分钟后重新检查新文件...
2025-01-11 15:10:51,679 - 等待 3 分钟后重新检查新文件...
2025-01-11 15:13:51,680 - 等待 3 分钟后重新检查新文件...
2025-01-11 15:16:51,696 - 发现新的预测文件：202501111515.csv，执行预测...
2025-01-11 15:16:51,780 - 等待 3 分钟后重新检查新文件...
2025-01-11 15:19:51,792 - 等待 3 分钟后重新检查新文件...
2025-01-11 15:23:56,255 - 今天的日期是: 20250111
2025-01-11 15:23:56,256 - 开始监视 D:\my-vue-project\wind-power-forecast\backend\auto_scripts\dataset\dataset_supershort 文件夹以进行训练...
2025-01-11 15:23:56,256 - 今天的训练已经执行过，跳过...
2025-01-11 15:23:56,256 - 开始监视 D:\my-vue-project\wind-power-forecast\backend\auto_scripts\precsv\supershortcsv\20250111 文件夹以进行预测...
2025-01-11 15:23:56,257 - 发现新的预测文件：202501111415.csv，执行预测...
2025-01-11 15:23:56,428 - 发现新的预测文件：202501111430.csv，执行预测...
2025-01-11 15:23:56,504 - 发现新的预测文件：202501111500.csv，执行预测...
2025-01-11 15:23:56,580 - 发现新的预测文件：202501111515.csv，执行预测...
2025-01-11 15:23:56,673 - 等待 3 分钟后重新检查新文件...
2025-01-11 15:26:56,677 - 等待 3 分钟后重新检查新文件...
2025-01-11 15:28:47,911 - 今天的日期是: 20250111
2025-01-11 15:28:47,913 - 开始监视 D:\my-vue-project\wind-power-forecast\backend\auto_scripts\dataset\dataset_supershort 文件夹以进行训练...
2025-01-11 15:28:47,913 - 今天的训练已经执行过，跳过...
2025-01-11 15:28:47,913 - 开始监视 D:\my-vue-project\wind-power-forecast\backend\auto_scripts\precsv\supershortcsv\20250111 文件夹以进行预测...
2025-01-11 15:28:47,913 - 发现新的预测文件：202501111415.csv，执行预测...
2025-01-11 15:28:48,019 - 今天的训练和预测任务已完成。
2025-01-11 15:30:21,129 - 今天的日期是: 20250111
2025-01-11 15:30:21,130 - 开始监视 D:\my-vue-project\wind-power-forecast\backend\auto_scripts\dataset\dataset_supershort 文件夹以进行训练...
2025-01-11 15:30:21,130 - 今天的训练已经执行过，跳过...
2025-01-11 15:30:21,130 - 开始监视 D:\my-vue-project\wind-power-forecast\backend\auto_scripts\precsv\supershortcsv\20250111 文件夹以进行预测...
2025-01-11 15:30:21,130 - 发现新的预测文件：202501111415.csv，执行预测...
2025-01-11 15:30:21,279 - 发现新的预测文件：202501111430.csv，执行预测...
2025-01-11 15:30:21,345 - 发现新的预测文件：202501111500.csv，执行预测...
2025-01-11 15:30:21,415 - 发现新的预测文件：202501111515.csv，执行预测...
2025-01-11 15:30:21,481 - 等待 3 分钟后重新检查新文件...
2025-01-11 15:33:21,489 - 发现新的预测文件：202501111530.csv，执行预测...
2025-01-11 15:33:21,585 - 等待 3 分钟后重新检查新文件...
2025-01-11 15:36:21,598 - 等待 3 分钟后重新检查新文件...
2025-01-11 15:39:21,605 - 等待 3 分钟后重新检查新文件...
2025-01-11 15:42:21,606 - 等待 3 分钟后重新检查新文件...
2025-01-11 15:45:21,614 - 等待 3 分钟后重新检查新文件...
2025-01-11 15:48:21,623 - 发现新的预测文件：202501111545.csv，执行预测...
2025-01-11 15:48:21,743 - 等待 3 分钟后重新检查新文件...
2025-01-11 15:51:21,748 - 等待 3 分钟后重新检查新文件...
2025-01-11 15:54:21,755 - 等待 3 分钟后重新检查新文件...
2025-01-11 15:57:21,762 - 等待 3 分钟后重新检查新文件...
2025-01-11 16:00:21,777 - 等待 3 分钟后重新检查新文件...
2025-01-11 16:03:21,779 - 发现新的预测文件：202501111600.csv，执行预测...
2025-01-11 16:03:21,894 - 等待 3 分钟后重新检查新文件...
2025-01-11 16:06:21,904 - 等待 3 分钟后重新检查新文件...
2025-01-11 16:09:21,910 - 等待 3 分钟后重新检查新文件...
2025-01-11 16:12:21,917 - 等待 3 分钟后重新检查新文件...
2025-01-11 16:15:21,931 - 等待 3 分钟后重新检查新文件...
2025-01-11 16:18:21,936 - 发现新的预测文件：202501111615.csv，执行预测...
2025-01-11 16:18:22,054 - 等待 3 分钟后重新检查新文件...
2025-01-11 16:21:22,065 - 等待 3 分钟后重新检查新文件...
2025-01-11 16:24:22,065 - 等待 3 分钟后重新检查新文件...
2025-01-11 16:27:22,072 - 等待 3 分钟后重新检查新文件...
2025-01-11 16:30:22,081 - 等待 3 分钟后重新检查新文件...
2025-01-11 16:33:22,083 - 发现新的预测文件：202501111630.csv，执行预测...
2025-01-11 16:33:22,198 - 等待 3 分钟后重新检查新文件...
2025-01-11 16:36:22,205 - 等待 3 分钟后重新检查新文件...
2025-01-11 16:39:22,212 - 等待 3 分钟后重新检查新文件...
2025-01-11 16:42:22,224 - 等待 3 分钟后重新检查新文件...
2025-01-11 16:45:22,239 - 等待 3 分钟后重新检查新文件...
2025-01-11 16:48:22,255 - 发现新的预测文件：202501111645.csv，执行预测...
2025-01-11 16:48:22,401 - 等待 3 分钟后重新检查新文件...
2025-01-11 16:51:22,417 - 等待 3 分钟后重新检查新文件...
2025-01-11 16:54:22,423 - 等待 3 分钟后重新检查新文件...
2025-01-11 16:57:22,438 - 等待 3 分钟后重新检查新文件...
2025-01-11 17:00:22,451 - 等待 3 分钟后重新检查新文件...
2025-01-11 17:03:22,462 - 发现新的预测文件：202501111700.csv，执行预测...
2025-01-11 17:03:22,583 - 等待 3 分钟后重新检查新文件...
2025-01-11 17:06:22,595 - 等待 3 分钟后重新检查新文件...
2025-01-11 17:09:22,604 - 等待 3 分钟后重新检查新文件...
2025-01-11 17:12:22,620 - 等待 3 分钟后重新检查新文件...
2025-01-11 17:15:22,621 - 等待 3 分钟后重新检查新文件...
2025-01-11 17:18:22,629 - 发现新的预测文件：202501111715.csv，执行预测...
2025-01-11 17:18:22,750 - 等待 3 分钟后重新检查新文件...
2025-01-11 17:21:22,762 - 等待 3 分钟后重新检查新文件...
2025-01-11 17:24:22,765 - 等待 3 分钟后重新检查新文件...
2025-01-11 17:27:22,778 - 等待 3 分钟后重新检查新文件...
2025-01-11 17:30:22,779 - 等待 3 分钟后重新检查新文件...
2025-01-11 17:33:22,791 - 发现新的预测文件：202501111730.csv，执行预测...
2025-01-11 17:33:22,904 - 等待 3 分钟后重新检查新文件...
2025-01-11 17:36:22,909 - 等待 3 分钟后重新检查新文件...
2025-01-11 17:39:22,924 - 等待 3 分钟后重新检查新文件...
2025-01-11 17:42:22,937 - 等待 3 分钟后重新检查新文件...
2025-01-11 17:45:22,946 - 等待 3 分钟后重新检查新文件...
2025-01-11 17:48:22,957 - 发现新的预测文件：202501111745.csv，执行预测...
2025-01-11 17:48:23,103 - 等待 3 分钟后重新检查新文件...
2025-01-11 17:51:23,113 - 等待 3 分钟后重新检查新文件...
2025-01-11 17:54:23,127 - 等待 3 分钟后重新检查新文件...
2025-01-11 17:57:23,132 - 等待 3 分钟后重新检查新文件...
2025-01-11 18:00:23,143 - 等待 3 分钟后重新检查新文件...
2025-01-11 18:03:23,158 - 发现新的预测文件：202501111800.csv，执行预测...
2025-01-11 18:03:23,278 - 等待 3 分钟后重新检查新文件...
2025-01-11 18:06:23,280 - 等待 3 分钟后重新检查新文件...
2025-01-11 18:09:23,288 - 等待 3 分钟后重新检查新文件...
2025-01-11 18:12:23,290 - 等待 3 分钟后重新检查新文件...
2025-01-11 18:15:23,302 - 等待 3 分钟后重新检查新文件...
2025-01-11 18:18:23,312 - 发现新的预测文件：202501111815.csv，执行预测...
2025-01-11 18:18:23,431 - 等待 3 分钟后重新检查新文件...
2025-01-11 18:21:23,436 - 等待 3 分钟后重新检查新文件...
2025-01-11 18:24:23,442 - 等待 3 分钟后重新检查新文件...
2025-01-11 18:27:23,446 - 等待 3 分钟后重新检查新文件...
2025-01-11 18:30:23,452 - 等待 3 分钟后重新检查新文件...
2025-01-11 18:33:23,453 - 发现新的预测文件：202501111830.csv，执行预测...
2025-01-11 18:33:23,569 - 等待 3 分钟后重新检查新文件...
2025-01-11 18:36:23,584 - 等待 3 分钟后重新检查新文件...
2025-01-11 18:39:23,596 - 等待 3 分钟后重新检查新文件...
2025-01-11 18:42:23,608 - 等待 3 分钟后重新检查新文件...
2025-01-11 18:45:23,621 - 等待 3 分钟后重新检查新文件...
2025-01-11 18:48:23,626 - 发现新的预测文件：202501111845.csv，执行预测...
2025-01-11 18:48:23,772 - 等待 3 分钟后重新检查新文件...
2025-01-11 18:51:23,779 - 等待 3 分钟后重新检查新文件...
2025-01-11 18:54:23,790 - 等待 3 分钟后重新检查新文件...
2025-01-11 18:57:23,805 - 等待 3 分钟后重新检查新文件...
2025-01-11 19:00:23,815 - 等待 3 分钟后重新检查新文件...
2025-01-11 19:03:23,825 - 发现新的预测文件：202501111900.csv，执行预测...
2025-01-11 19:03:23,941 - 等待 3 分钟后重新检查新文件...
2025-01-11 19:06:23,954 - 等待 3 分钟后重新检查新文件...
2025-01-11 19:09:23,963 - 等待 3 分钟后重新检查新文件...
2025-01-11 19:12:23,966 - 等待 3 分钟后重新检查新文件...
2025-01-11 19:15:23,972 - 等待 3 分钟后重新检查新文件...
2025-01-11 19:18:23,977 - 发现新的预测文件：202501111915.csv，执行预测...
2025-01-11 19:18:24,097 - 等待 3 分钟后重新检查新文件...
2025-01-11 19:21:24,106 - 等待 3 分钟后重新检查新文件...
2025-01-11 19:24:24,123 - 等待 3 分钟后重新检查新文件...
2025-01-11 19:27:24,130 - 等待 3 分钟后重新检查新文件...
2025-01-11 19:30:24,138 - 等待 3 分钟后重新检查新文件...
2025-01-11 19:33:24,152 - 发现新的预测文件：202501111930.csv，执行预测...
2025-01-11 19:33:24,267 - 等待 3 分钟后重新检查新文件...
2025-01-11 19:36:24,284 - 等待 3 分钟后重新检查新文件...
2025-01-11 19:39:24,298 - 等待 3 分钟后重新检查新文件...
2025-01-11 19:42:24,300 - 等待 3 分钟后重新检查新文件...
2025-01-11 19:45:24,305 - 等待 3 分钟后重新检查新文件...
2025-01-11 19:48:24,312 - 发现新的预测文件：202501111945.csv，执行预测...
2025-01-11 19:48:24,457 - 等待 3 分钟后重新检查新文件...
2025-01-11 19:51:24,461 - 等待 3 分钟后重新检查新文件...
2025-01-11 19:54:24,468 - 等待 3 分钟后重新检查新文件...
2025-01-11 19:54:59,708 - 今天的日期是: 20250111
2025-01-11 19:54:59,709 - 开始监视 D:\my-vue-project\wind-power-forecast\backend\auto_scripts\dataset\dataset_supershort 文件夹以进行训练...
2025-01-11 19:54:59,709 - 今天的训练已经执行过，跳过...
2025-01-11 19:54:59,709 - 开始监视 D:\my-vue-project\wind-power-forecast\backend\auto_scripts\precsv\supershortcsv\20250111 文件夹以进行预测...
2025-01-11 19:54:59,710 - 发现新的预测文件：202501111415.csv，执行预测...
2025-01-11 19:54:59,873 - 发现新的预测文件：202501111430.csv，执行预测...
2025-01-11 19:54:59,974 - 发现新的预测文件：202501111500.csv，执行预测...
2025-01-11 19:55:00,047 - 发现新的预测文件：202501111515.csv，执行预测...
2025-01-11 19:55:00,114 - 发现新的预测文件：202501111530.csv，执行预测...
2025-01-11 19:55:00,226 - 发现新的预测文件：202501111545.csv，执行预测...
2025-01-11 19:55:00,325 - 发现新的预测文件：202501111600.csv，执行预测...
2025-01-11 19:55:00,416 - 发现新的预测文件：202501111615.csv，执行预测...
2025-01-11 19:55:00,524 - 发现新的预测文件：202501111630.csv，执行预测...
2025-01-11 19:55:00,589 - 发现新的预测文件：202501111645.csv，执行预测...
2025-01-11 19:55:00,701 - 发现新的预测文件：202501111700.csv，执行预测...
2025-01-11 19:55:00,773 - 发现新的预测文件：202501111715.csv，执行预测...
2025-01-11 19:55:00,841 - 发现新的预测文件：202501111730.csv，执行预测...
2025-01-11 19:55:00,914 - 发现新的预测文件：202501111745.csv，执行预测...
2025-01-11 19:55:01,023 - 发现新的预测文件：202501111800.csv，执行预测...
2025-01-11 19:55:01,099 - 发现新的预测文件：202501111815.csv，执行预测...
2025-01-11 19:55:01,170 - 发现新的预测文件：202501111830.csv，执行预测...
2025-01-11 19:55:01,248 - 发现新的预测文件：202501111845.csv，执行预测...
2025-01-11 19:55:01,360 - 发现新的预测文件：202501111900.csv，执行预测...
2025-01-11 19:55:01,444 - 发现新的预测文件：202501111915.csv，执行预测...
2025-01-11 19:55:01,520 - 发现新的预测文件：202501111930.csv，执行预测...
2025-01-11 19:55:01,629 - 发现新的预测文件：202501111945.csv，执行预测...
2025-01-11 19:55:01,725 - 等待 3 分钟后重新检查新文件...
2025-01-11 19:56:07,938 - 今天的日期是: 20250111
2025-01-11 19:56:07,939 - 开始监视 D:\my-vue-project\wind-power-forecast\backend\auto_scripts\dataset\dataset_supershort 文件夹以进行训练...
2025-01-11 19:56:07,940 - 今天的训练已经执行过，跳过...
2025-01-11 19:56:07,940 - 开始监视 D:\my-vue-project\wind-power-forecast\backend\auto_scripts\precsv\supershortcsv\20250111 文件夹以进行预测...
2025-01-11 19:56:07,940 - 发现新的预测文件：202501111415.csv，执行预测...
2025-01-11 19:56:08,116 - 发现新的预测文件：202501111430.csv，执行预测...
2025-01-11 19:56:08,190 - 发现新的预测文件：202501111500.csv，执行预测...
2025-01-11 19:56:08,290 - 发现新的预测文件：202501111515.csv，执行预测...
2025-01-11 19:56:08,359 - 发现新的预测文件：202501111530.csv，执行预测...
2025-01-11 19:56:08,449 - 发现新的预测文件：202501111545.csv，执行预测...
2025-01-11 19:56:08,529 - 发现新的预测文件：202501111600.csv，执行预测...
2025-01-11 19:56:08,615 - 发现新的预测文件：202501111615.csv，执行预测...
2025-01-11 19:56:08,688 - 发现新的预测文件：202501111630.csv，执行预测...
2025-01-11 19:56:08,765 - 发现新的预测文件：202501111645.csv，执行预测...
2025-01-11 19:56:08,858 - 发现新的预测文件：202501111700.csv，执行预测...
2025-01-11 19:56:08,930 - 发现新的预测文件：202501111715.csv，执行预测...
2025-01-11 19:56:09,006 - 发现新的预测文件：202501111730.csv，执行预测...
2025-01-11 19:56:09,092 - 发现新的预测文件：202501111745.csv，执行预测...
2025-01-11 19:56:09,189 - 发现新的预测文件：202501111800.csv，执行预测...
2025-01-11 19:56:09,256 - 发现新的预测文件：202501111815.csv，执行预测...
2025-01-11 19:56:09,325 - 发现新的预测文件：202501111830.csv，执行预测...
2025-01-11 19:56:09,395 - 发现新的预测文件：202501111845.csv，执行预测...
2025-01-11 19:56:09,495 - 发现新的预测文件：202501111900.csv，执行预测...
2025-01-11 19:56:09,565 - 发现新的预测文件：202501111915.csv，执行预测...
2025-01-11 19:56:09,659 - 发现新的预测文件：202501111930.csv，执行预测...
2025-01-11 19:56:09,730 - 发现新的预测文件：202501111945.csv，执行预测...
2025-01-11 19:56:09,860 - 等待 3 分钟后重新检查新文件...
2025-01-11 19:59:09,876 - 等待 3 分钟后重新检查新文件...
2025-01-11 20:02:09,891 - 发现新的预测文件：202501112000.csv，执行预测...
2025-01-11 20:02:10,005 - 等待 3 分钟后重新检查新文件...
2025-01-11 20:03:37,965 - 今天的日期是: 20250111
2025-01-11 20:03:37,965 - 开始监视 D:\my-vue-project\wind-power-forecast\backend\auto_scripts\dataset\dataset_supershort 文件夹以进行训练...
2025-01-11 20:03:37,965 - 今天的训练已经执行过，跳过...
2025-01-11 20:03:37,967 - 开始监视 D:\my-vue-project\wind-power-forecast\backend\auto_scripts\precsv\supershortcsv\20250111 文件夹以进行预测...
2025-01-11 20:03:37,967 - 发现新的预测文件：202501111415.csv，执行预测...
2025-01-11 20:03:38,140 - 发现新的预测文件：202501111430.csv，执行预测...
2025-01-11 20:03:38,217 - 发现新的预测文件：202501111500.csv，执行预测...
2025-01-11 20:03:38,295 - 发现新的预测文件：202501111515.csv，执行预测...
2025-01-11 20:03:38,361 - 发现新的预测文件：202501111530.csv，执行预测...
2025-01-11 20:03:38,446 - 发现新的预测文件：202501111545.csv，执行预测...
2025-01-11 20:03:38,525 - 发现新的预测文件：202501111600.csv，执行预测...
2025-01-11 20:03:38,587 - 发现新的预测文件：202501111615.csv，执行预测...
2025-01-11 20:03:38,653 - 发现新的预测文件：202501111630.csv，执行预测...
2025-01-11 20:03:38,712 - 发现新的预测文件：202501111645.csv，执行预测...
2025-01-11 20:03:38,825 - 发现新的预测文件：202501111700.csv，执行预测...
2025-01-11 20:03:38,895 - 发现新的预测文件：202501111715.csv，执行预测...
2025-01-11 20:03:38,967 - 发现新的预测文件：202501111730.csv，执行预测...
2025-01-11 20:03:39,031 - 发现新的预测文件：202501111745.csv，执行预测...
2025-01-11 20:03:39,146 - 发现新的预测文件：202501111800.csv，执行预测...
2025-01-11 20:03:39,217 - 发现新的预测文件：202501111815.csv，执行预测...
2025-01-11 20:03:39,277 - 发现新的预测文件：202501111830.csv，执行预测...
2025-01-11 20:03:39,367 - 发现新的预测文件：202501111845.csv，执行预测...
2025-01-11 20:03:39,470 - 发现新的预测文件：202501111900.csv，执行预测...
2025-01-11 20:03:39,533 - 发现新的预测文件：202501111915.csv，执行预测...
2025-01-11 20:03:39,602 - 发现新的预测文件：202501111930.csv，执行预测...
2025-01-11 20:03:39,677 - 发现新的预测文件：202501111945.csv，执行预测...
2025-01-11 20:03:39,791 - 发现新的预测文件：202501112000.csv，执行预测...
2025-01-11 20:03:39,855 - 等待 3 分钟后重新检查新文件...
2025-01-11 20:06:39,857 - 等待 3 分钟后重新检查新文件...
2025-01-11 20:09:39,864 - 等待 3 分钟后重新检查新文件...
2025-01-11 20:12:39,870 - 等待 3 分钟后重新检查新文件...
2025-01-11 20:15:39,881 - 发现新的预测文件：202501112015.csv，执行预测...
2025-01-11 20:15:39,966 - 等待 3 分钟后重新检查新文件...
2025-01-11 20:18:39,974 - 等待 3 分钟后重新检查新文件...
2025-01-11 20:21:39,980 - 等待 3 分钟后重新检查新文件...
2025-01-11 20:24:39,996 - 等待 3 分钟后重新检查新文件...
2025-01-11 20:27:40,007 - 等待 3 分钟后重新检查新文件...
2025-01-11 20:30:40,014 - 发现新的预测文件：202501112030.csv，执行预测...
2025-01-11 20:30:40,081 - 等待 3 分钟后重新检查新文件...
2025-01-11 20:33:40,091 - 等待 3 分钟后重新检查新文件...
2025-01-11 20:36:40,098 - 等待 3 分钟后重新检查新文件...
2025-01-11 20:39:40,103 - 等待 3 分钟后重新检查新文件...
2025-01-11 20:42:40,119 - 等待 3 分钟后重新检查新文件...
2025-01-11 20:45:40,125 - 发现新的预测文件：202501112045.csv，执行预测...
2025-01-11 20:45:40,246 - 等待 3 分钟后重新检查新文件...
2025-01-11 20:48:40,253 - 等待 3 分钟后重新检查新文件...
2025-01-11 20:51:40,263 - 等待 3 分钟后重新检查新文件...
2025-01-11 20:54:40,268 - 等待 3 分钟后重新检查新文件...
2025-01-11 20:57:40,283 - 等待 3 分钟后重新检查新文件...
2025-01-11 21:00:40,292 - 发现新的预测文件：202501112100.csv，执行预测...
2025-01-11 21:00:40,438 - 等待 3 分钟后重新检查新文件...
2025-01-11 21:03:40,448 - 等待 3 分钟后重新检查新文件...
2025-01-11 21:06:40,455 - 等待 3 分钟后重新检查新文件...
2025-01-11 21:09:40,473 - 等待 3 分钟后重新检查新文件...
2025-01-11 21:12:40,476 - 等待 3 分钟后重新检查新文件...
2025-01-11 21:15:40,477 - 发现新的预测文件：202501112115.csv，执行预测...
2025-01-11 21:15:40,593 - 等待 3 分钟后重新检查新文件...
2025-01-11 21:18:40,595 - 等待 3 分钟后重新检查新文件...
2025-01-11 21:21:40,604 - 等待 3 分钟后重新检查新文件...
2025-01-11 21:24:40,613 - 等待 3 分钟后重新检查新文件...
2025-01-11 21:27:40,623 - 等待 3 分钟后重新检查新文件...
2025-01-11 21:30:40,623 - 发现新的预测文件：202501112130.csv，执行预测...
2025-01-11 21:30:40,740 - 等待 3 分钟后重新检查新文件...
2025-01-11 21:33:40,742 - 等待 3 分钟后重新检查新文件...
2025-01-11 21:36:40,753 - 等待 3 分钟后重新检查新文件...
2025-01-11 21:39:40,770 - 等待 3 分钟后重新检查新文件...
2025-01-11 21:42:40,773 - 等待 3 分钟后重新检查新文件...
2025-01-11 21:45:40,780 - 发现新的预测文件：202501112145.csv，执行预测...
2025-01-11 21:45:40,898 - 等待 3 分钟后重新检查新文件...
2025-01-11 21:48:40,901 - 等待 3 分钟后重新检查新文件...
2025-01-11 21:51:40,917 - 等待 3 分钟后重新检查新文件...
2025-01-11 21:54:40,925 - 等待 3 分钟后重新检查新文件...
2025-01-11 21:57:40,935 - 等待 3 分钟后重新检查新文件...
2025-01-11 22:00:40,950 - 发现新的预测文件：202501112200.csv，执行预测...
2025-01-11 22:00:41,098 - 等待 3 分钟后重新检查新文件...
2025-01-11 22:03:41,108 - 等待 3 分钟后重新检查新文件...
2025-01-11 22:06:41,114 - 等待 3 分钟后重新检查新文件...
2025-01-11 22:09:41,119 - 等待 3 分钟后重新检查新文件...
2025-01-11 22:12:41,130 - 等待 3 分钟后重新检查新文件...
2025-01-11 22:15:41,143 - 发现新的预测文件：202501112215.csv，执行预测...
2025-01-11 22:15:41,259 - 等待 3 分钟后重新检查新文件...
2025-01-11 22:18:41,266 - 等待 3 分钟后重新检查新文件...
2025-01-11 22:21:43,339 - 等待 3 分钟后重新检查新文件...
2025-01-11 22:24:43,345 - 等待 3 分钟后重新检查新文件...
2025-01-11 22:27:43,353 - 等待 3 分钟后重新检查新文件...
2025-01-11 22:30:43,365 - 发现新的预测文件：202501112230.csv，执行预测...
2025-01-11 22:30:43,483 - 等待 3 分钟后重新检查新文件...
2025-01-11 22:33:43,488 - 等待 3 分钟后重新检查新文件...
2025-01-11 22:36:43,490 - 等待 3 分钟后重新检查新文件...
2025-01-11 22:39:43,500 - 等待 3 分钟后重新检查新文件...
2025-01-11 22:42:43,503 - 等待 3 分钟后重新检查新文件...
2025-01-11 22:45:43,517 - 发现新的预测文件：202501112245.csv，执行预测...
2025-01-11 22:45:43,636 - 等待 3 分钟后重新检查新文件...
2025-01-11 22:48:43,645 - 等待 3 分钟后重新检查新文件...
2025-01-11 22:51:43,653 - 等待 3 分钟后重新检查新文件...
2025-01-11 22:54:43,667 - 等待 3 分钟后重新检查新文件...
2025-01-11 22:57:43,678 - 等待 3 分钟后重新检查新文件...
2025-01-11 23:00:43,680 - 发现新的预测文件：202501112300.csv，执行预测...
2025-01-11 23:00:43,825 - 等待 3 分钟后重新检查新文件...
2025-01-11 23:03:43,837 - 等待 3 分钟后重新检查新文件...
2025-01-11 23:06:43,851 - 等待 3 分钟后重新检查新文件...
2025-01-11 23:09:43,855 - 等待 3 分钟后重新检查新文件...
2025-01-11 23:12:43,866 - 等待 3 分钟后重新检查新文件...
2025-01-11 23:15:43,875 - 发现新的预测文件：202501112315.csv，执行预测...
2025-01-11 23:15:43,993 - 等待 3 分钟后重新检查新文件...
2025-01-11 23:18:44,003 - 等待 3 分钟后重新检查新文件...
2025-01-11 23:21:44,014 - 等待 3 分钟后重新检查新文件...
2025-01-11 23:24:44,026 - 等待 3 分钟后重新检查新文件...
2025-01-11 23:27:44,036 - 等待 3 分钟后重新检查新文件...
2025-01-11 23:30:44,048 - 发现新的预测文件：202501112330.csv，执行预测...
2025-01-11 23:30:44,169 - 等待 3 分钟后重新检查新文件...
2025-01-11 23:33:44,170 - 等待 3 分钟后重新检查新文件...
2025-01-11 23:36:44,186 - 等待 3 分钟后重新检查新文件...
2025-01-11 23:39:44,189 - 等待 3 分钟后重新检查新文件...
2025-01-11 23:42:44,194 - 等待 3 分钟后重新检查新文件...
2025-01-11 23:45:44,209 - 发现新的预测文件：202501112345.csv，执行预测...
2025-01-11 23:45:44,324 - 等待 3 分钟后重新检查新文件...
2025-01-11 23:48:44,330 - 等待 3 分钟后重新检查新文件...
2025-01-11 23:51:44,333 - 等待 3 分钟后重新检查新文件...
2025-01-11 23:54:44,344 - 等待 3 分钟后重新检查新文件...
2025-01-11 23:57:44,357 - 等待 3 分钟后重新检查新文件...
