2025-01-19 00:00:02,586 - 今天的日期是: 20250119
2025-01-19 00:00:02,587 - 开始监视 D:\my-vue-project\wind-power-forecast\backend\auto_scripts\dataset\dataset_supershort 文件夹以进行训练...
2025-01-19 00:00:02,587 - 未找到训练 CSV 文件，等待 30 秒后重试...
2025-01-19 00:00:02,587 - 开始监视 D:\my-vue-project\wind-power-forecast\backend\auto_scripts\precsv\supershortcsv\20250119 文件夹以进行预测...
2025-01-19 00:00:02,587 - 等待 3 分钟后重新检查新文件...
2025-01-19 00:00:32,594 - 未找到训练 CSV 文件，等待 30 秒后重试...
2025-01-19 00:01:02,601 - 未找到训练 CSV 文件，等待 30 秒后重试...
2025-01-19 00:01:32,614 - 未找到训练 CSV 文件，等待 30 秒后重试...
2025-01-19 00:02:02,633 - 未找到训练 CSV 文件，等待 30 秒后重试...
2025-01-19 00:02:32,648 - 未找到训练 CSV 文件，等待 30 秒后重试...
2025-01-19 00:03:02,590 - 发现新的预测文件：202501190000.csv，执行预测...
2025-01-19 00:03:02,684 - 未找到训练 CSV 文件，等待 30 秒后重试...
2025-01-19 00:03:02,743 - 等待 3 分钟后重新检查新文件...
2025-01-19 00:03:32,689 - 未找到训练 CSV 文件，等待 30 秒后重试...
2025-01-19 00:04:02,702 - 未找到训练 CSV 文件，等待 30 秒后重试...
2025-01-19 00:04:32,711 - 未找到训练 CSV 文件，等待 30 秒后重试...
2025-01-19 00:05:02,724 - 未找到训练 CSV 文件，等待 30 秒后重试...
2025-01-19 00:05:32,736 - 未找到训练 CSV 文件，等待 30 秒后重试...
2025-01-19 00:06:02,740 - 未找到训练 CSV 文件，等待 30 秒后重试...
2025-01-19 00:06:02,755 - 等待 3 分钟后重新检查新文件...
2025-01-19 00:06:32,742 - 未找到训练 CSV 文件，等待 30 秒后重试...
2025-01-19 00:07:02,751 - 未找到训练 CSV 文件，等待 30 秒后重试...
2025-01-19 00:07:32,768 - 未找到训练 CSV 文件，等待 30 秒后重试...
2025-01-19 00:08:02,776 - 未找到训练 CSV 文件，等待 30 秒后重试...
2025-01-19 00:08:32,778 - 未找到训练 CSV 文件，等待 30 秒后重试...
2025-01-19 00:09:02,769 - 等待 3 分钟后重新检查新文件...
2025-01-19 00:09:02,783 - 未找到训练 CSV 文件，等待 30 秒后重试...
2025-01-19 00:09:32,799 - 未找到训练 CSV 文件，等待 30 秒后重试...
2025-01-19 00:10:02,806 - 未找到训练 CSV 文件，等待 30 秒后重试...
2025-01-19 00:10:32,809 - 未找到训练 CSV 文件，等待 30 秒后重试...
2025-01-19 00:11:02,820 - 发现新的训练文件：D:\my-vue-project\wind-power-forecast\backend\auto_scripts\dataset\dataset_supershort\20250119.csv，执行训练...
2025-01-19 00:11:02,820 - 输出结果将保存到: D:\my-vue-project\wind-power-forecast\backend\auto_scripts\train_predictions\supershort_predictions
2025-01-19 00:11:03,947 - 数据加载与预处理完成
2025-01-19 00:11:04,264 - 数据标准化完成
2025-01-19 00:11:05,079 - 创建时间窗口完成
2025-01-19 00:11:05,079 - 获取模型参数完成
2025-01-19 00:12:02,784 - 等待 3 分钟后重新检查新文件...
2025-01-19 00:14:40,188 - 训练与评估完成
2025-01-19 00:14:40,208 - 保存预测结果完成
2025-01-19 00:14:40,441 - 可视化结果完成
2025-01-19 00:14:40,661 - 模型已成功保存到 D:\my-vue-project\wind-power-forecast\backend\auto_scripts\models\supershortmodel\20250119，模型可用。
2025-01-19 00:15:02,792 - 等待 3 分钟后重新检查新文件...
2025-01-19 00:18:02,804 - 发现新的预测文件：202501190015.csv，执行预测...
2025-01-19 00:18:02,917 - 等待 3 分钟后重新检查新文件...
2025-01-19 00:21:02,927 - 等待 3 分钟后重新检查新文件...
2025-01-19 00:24:02,942 - 等待 3 分钟后重新检查新文件...
2025-01-19 00:27:02,953 - 等待 3 分钟后重新检查新文件...
2025-01-19 00:30:02,962 - 等待 3 分钟后重新检查新文件...
2025-01-19 00:33:02,978 - 发现新的预测文件：202501190030.csv，执行预测...
2025-01-19 00:33:03,044 - 等待 3 分钟后重新检查新文件...
2025-01-19 00:36:03,048 - 等待 3 分钟后重新检查新文件...
2025-01-19 00:39:03,064 - 等待 3 分钟后重新检查新文件...
2025-01-19 00:42:03,078 - 等待 3 分钟后重新检查新文件...
2025-01-19 00:45:03,085 - 等待 3 分钟后重新检查新文件...
2025-01-19 00:48:03,097 - 发现新的预测文件：202501190045.csv，执行预测...
2025-01-19 00:48:03,181 - 等待 3 分钟后重新检查新文件...
2025-01-19 00:51:03,189 - 等待 3 分钟后重新检查新文件...
2025-01-19 00:54:03,199 - 等待 3 分钟后重新检查新文件...
2025-01-19 00:57:03,207 - 等待 3 分钟后重新检查新文件...
2025-01-19 01:00:03,210 - 等待 3 分钟后重新检查新文件...
2025-01-19 01:03:03,221 - 发现新的预测文件：202501190100.csv，执行预测...
2025-01-19 01:03:03,384 - 等待 3 分钟后重新检查新文件...
2025-01-19 01:06:03,385 - 等待 3 分钟后重新检查新文件...
2025-01-19 01:09:03,400 - 等待 3 分钟后重新检查新文件...
2025-01-19 01:12:03,417 - 等待 3 分钟后重新检查新文件...
2025-01-19 01:15:03,430 - 等待 3 分钟后重新检查新文件...
2025-01-19 01:18:03,443 - 发现新的预测文件：202501190115.csv，执行预测...
2025-01-19 01:18:03,540 - 等待 3 分钟后重新检查新文件...
2025-01-19 01:21:03,556 - 等待 3 分钟后重新检查新文件...
2025-01-19 01:24:03,567 - 等待 3 分钟后重新检查新文件...
2025-01-19 01:27:03,579 - 等待 3 分钟后重新检查新文件...
2025-01-19 01:30:03,591 - 等待 3 分钟后重新检查新文件...
2025-01-19 01:33:03,603 - 发现新的预测文件：202501190130.csv，执行预测...
2025-01-19 01:33:03,682 - 等待 3 分钟后重新检查新文件...
2025-01-19 01:36:03,684 - 等待 3 分钟后重新检查新文件...
2025-01-19 01:39:03,696 - 等待 3 分钟后重新检查新文件...
2025-01-19 01:42:03,708 - 等待 3 分钟后重新检查新文件...
2025-01-19 01:45:03,719 - 等待 3 分钟后重新检查新文件...
2025-01-19 01:48:03,738 - 发现新的预测文件：202501190145.csv，执行预测...
2025-01-19 01:48:03,835 - 等待 3 分钟后重新检查新文件...
2025-01-19 01:51:03,845 - 等待 3 分钟后重新检查新文件...
2025-01-19 01:54:03,849 - 等待 3 分钟后重新检查新文件...
2025-01-19 01:57:03,856 - 等待 3 分钟后重新检查新文件...
2025-01-19 02:00:03,861 - 等待 3 分钟后重新检查新文件...
2025-01-19 02:03:03,869 - 发现新的预测文件：202501190200.csv，执行预测...
2025-01-19 02:03:03,956 - 等待 3 分钟后重新检查新文件...
2025-01-19 02:06:03,960 - 等待 3 分钟后重新检查新文件...
2025-01-19 02:09:03,974 - 等待 3 分钟后重新检查新文件...
2025-01-19 02:12:03,991 - 等待 3 分钟后重新检查新文件...
2025-01-19 02:15:04,003 - 等待 3 分钟后重新检查新文件...
2025-01-19 02:18:04,008 - 发现新的预测文件：202501190215.csv，执行预测...
2025-01-19 02:18:04,088 - 等待 3 分钟后重新检查新文件...
2025-01-19 02:21:04,098 - 等待 3 分钟后重新检查新文件...
2025-01-19 02:24:04,101 - 等待 3 分钟后重新检查新文件...
2025-01-19 02:27:04,114 - 等待 3 分钟后重新检查新文件...
2025-01-19 02:30:04,129 - 等待 3 分钟后重新检查新文件...
2025-01-19 02:33:04,141 - 发现新的预测文件：202501190230.csv，执行预测...
2025-01-19 02:33:04,241 - 等待 3 分钟后重新检查新文件...
2025-01-19 02:36:04,248 - 等待 3 分钟后重新检查新文件...
2025-01-19 02:39:04,257 - 等待 3 分钟后重新检查新文件...
2025-01-19 02:42:04,265 - 等待 3 分钟后重新检查新文件...
2025-01-19 02:45:04,281 - 等待 3 分钟后重新检查新文件...
2025-01-19 02:48:04,296 - 发现新的预测文件：202501190245.csv，执行预测...
2025-01-19 02:48:04,372 - 等待 3 分钟后重新检查新文件...
2025-01-19 02:51:04,375 - 等待 3 分钟后重新检查新文件...
2025-01-19 02:54:04,386 - 等待 3 分钟后重新检查新文件...
2025-01-19 02:57:04,394 - 等待 3 分钟后重新检查新文件...
2025-01-19 03:00:04,407 - 等待 3 分钟后重新检查新文件...
2025-01-19 03:03:04,411 - 发现新的预测文件：202501190300.csv，执行预测...
2025-01-19 03:03:04,502 - 等待 3 分钟后重新检查新文件...
2025-01-19 03:06:04,512 - 等待 3 分钟后重新检查新文件...
2025-01-19 03:09:04,515 - 等待 3 分钟后重新检查新文件...
2025-01-19 03:12:04,524 - 等待 3 分钟后重新检查新文件...
2025-01-19 03:15:04,537 - 等待 3 分钟后重新检查新文件...
2025-01-19 03:18:04,553 - 发现新的预测文件：202501190315.csv，执行预测...
2025-01-19 03:18:04,632 - 等待 3 分钟后重新检查新文件...
2025-01-19 03:21:04,638 - 等待 3 分钟后重新检查新文件...
2025-01-19 03:24:04,651 - 等待 3 分钟后重新检查新文件...
2025-01-19 03:27:04,665 - 等待 3 分钟后重新检查新文件...
2025-01-19 03:30:04,676 - 等待 3 分钟后重新检查新文件...
2025-01-19 03:33:04,685 - 发现新的预测文件：202501190330.csv，执行预测...
2025-01-19 03:33:04,782 - 等待 3 分钟后重新检查新文件...
2025-01-19 03:36:04,792 - 等待 3 分钟后重新检查新文件...
2025-01-19 03:39:04,795 - 等待 3 分钟后重新检查新文件...
2025-01-19 03:42:04,809 - 等待 3 分钟后重新检查新文件...
2025-01-19 03:45:04,811 - 等待 3 分钟后重新检查新文件...
2025-01-19 03:48:04,826 - 发现新的预测文件：202501190345.csv，执行预测...
2025-01-19 03:48:04,902 - 等待 3 分钟后重新检查新文件...
2025-01-19 03:51:04,905 - 等待 3 分钟后重新检查新文件...
2025-01-19 03:54:04,907 - 等待 3 分钟后重新检查新文件...
2025-01-19 03:57:04,914 - 等待 3 分钟后重新检查新文件...
2025-01-19 04:00:04,916 - 等待 3 分钟后重新检查新文件...
2025-01-19 04:03:04,921 - 发现新的预测文件：202501190400.csv，执行预测...
2025-01-19 04:03:04,991 - 等待 3 分钟后重新检查新文件...
2025-01-19 04:06:04,997 - 等待 3 分钟后重新检查新文件...
2025-01-19 04:09:05,005 - 等待 3 分钟后重新检查新文件...
2025-01-19 04:12:05,021 - 等待 3 分钟后重新检查新文件...
2025-01-19 04:15:05,028 - 等待 3 分钟后重新检查新文件...
2025-01-19 04:18:05,034 - 发现新的预测文件：202501190415.csv，执行预测...
2025-01-19 04:18:05,116 - 等待 3 分钟后重新检查新文件...
2025-01-19 04:21:05,128 - 等待 3 分钟后重新检查新文件...
2025-01-19 04:24:05,141 - 等待 3 分钟后重新检查新文件...
2025-01-19 04:27:05,147 - 等待 3 分钟后重新检查新文件...
2025-01-19 04:30:05,149 - 等待 3 分钟后重新检查新文件...
2025-01-19 04:33:05,165 - 发现新的预测文件：202501190430.csv，执行预测...
2025-01-19 04:33:05,263 - 等待 3 分钟后重新检查新文件...
2025-01-19 04:36:05,269 - 等待 3 分钟后重新检查新文件...
2025-01-19 04:39:06,709 - 等待 3 分钟后重新检查新文件...
2025-01-19 04:42:06,714 - 等待 3 分钟后重新检查新文件...
2025-01-19 04:45:06,721 - 等待 3 分钟后重新检查新文件...
2025-01-19 04:48:06,737 - 发现新的预测文件：202501190445.csv，执行预测...
2025-01-19 04:48:06,808 - 等待 3 分钟后重新检查新文件...
2025-01-19 04:51:06,818 - 等待 3 分钟后重新检查新文件...
2025-01-19 04:54:06,829 - 等待 3 分钟后重新检查新文件...
2025-01-19 04:57:06,838 - 等待 3 分钟后重新检查新文件...
2025-01-19 05:00:06,847 - 等待 3 分钟后重新检查新文件...
2025-01-19 05:03:06,853 - 发现新的预测文件：202501190500.csv，执行预测...
2025-01-19 05:03:06,928 - 等待 3 分钟后重新检查新文件...
2025-01-19 05:06:06,932 - 等待 3 分钟后重新检查新文件...
2025-01-19 05:09:06,936 - 等待 3 分钟后重新检查新文件...
2025-01-19 05:12:06,948 - 等待 3 分钟后重新检查新文件...
2025-01-19 05:15:06,961 - 等待 3 分钟后重新检查新文件...
2025-01-19 05:18:06,969 - 发现新的预测文件：202501190515.csv，执行预测...
2025-01-19 05:18:07,047 - 等待 3 分钟后重新检查新文件...
2025-01-19 05:21:07,058 - 等待 3 分钟后重新检查新文件...
2025-01-19 05:24:07,072 - 等待 3 分钟后重新检查新文件...
2025-01-19 05:27:07,083 - 等待 3 分钟后重新检查新文件...
2025-01-19 05:30:07,089 - 等待 3 分钟后重新检查新文件...
2025-01-19 05:33:07,097 - 发现新的预测文件：202501190530.csv，执行预测...
2025-01-19 05:33:07,207 - 等待 3 分钟后重新检查新文件...
2025-01-19 05:36:07,217 - 等待 3 分钟后重新检查新文件...
2025-01-19 05:39:07,222 - 等待 3 分钟后重新检查新文件...
2025-01-19 05:42:07,225 - 等待 3 分钟后重新检查新文件...
2025-01-19 05:45:07,230 - 等待 3 分钟后重新检查新文件...
2025-01-19 05:48:07,246 - 发现新的预测文件：202501190545.csv，执行预测...
2025-01-19 05:48:07,333 - 等待 3 分钟后重新检查新文件...
2025-01-19 05:51:07,338 - 等待 3 分钟后重新检查新文件...
2025-01-19 05:54:07,339 - 等待 3 分钟后重新检查新文件...
2025-01-19 05:57:07,341 - 等待 3 分钟后重新检查新文件...
2025-01-19 06:00:07,359 - 等待 3 分钟后重新检查新文件...
2025-01-19 06:03:07,373 - 发现新的预测文件：202501190600.csv，执行预测...
2025-01-19 06:03:07,450 - 等待 3 分钟后重新检查新文件...
2025-01-19 06:06:07,454 - 等待 3 分钟后重新检查新文件...
2025-01-19 06:09:07,465 - 等待 3 分钟后重新检查新文件...
2025-01-19 06:12:07,467 - 等待 3 分钟后重新检查新文件...
2025-01-19 06:15:07,483 - 等待 3 分钟后重新检查新文件...
2025-01-19 06:18:07,487 - 发现新的预测文件：202501190615.csv，执行预测...
2025-01-19 06:18:07,561 - 等待 3 分钟后重新检查新文件...
2025-01-19 06:21:07,573 - 等待 3 分钟后重新检查新文件...
2025-01-19 06:24:07,581 - 等待 3 分钟后重新检查新文件...
2025-01-19 06:27:07,595 - 等待 3 分钟后重新检查新文件...
2025-01-19 06:30:07,609 - 等待 3 分钟后重新检查新文件...
2025-01-19 06:33:07,626 - 发现新的预测文件：202501190630.csv，执行预测...
2025-01-19 06:33:07,694 - 等待 3 分钟后重新检查新文件...
2025-01-19 06:36:07,696 - 等待 3 分钟后重新检查新文件...
2025-01-19 06:39:07,700 - 等待 3 分钟后重新检查新文件...
2025-01-19 06:42:07,704 - 等待 3 分钟后重新检查新文件...
2025-01-19 06:45:07,705 - 等待 3 分钟后重新检查新文件...
2025-01-19 06:48:07,706 - 发现新的预测文件：202501190645.csv，执行预测...
2025-01-19 06:48:07,807 - 等待 3 分钟后重新检查新文件...
2025-01-19 06:51:07,816 - 等待 3 分钟后重新检查新文件...
2025-01-19 06:54:07,829 - 等待 3 分钟后重新检查新文件...
2025-01-19 06:57:07,842 - 等待 3 分钟后重新检查新文件...
2025-01-19 07:00:07,849 - 等待 3 分钟后重新检查新文件...
2025-01-19 07:03:07,859 - 发现新的预测文件：202501190700.csv，执行预测...
2025-01-19 07:03:07,928 - 等待 3 分钟后重新检查新文件...
2025-01-19 07:06:07,946 - 等待 3 分钟后重新检查新文件...
2025-01-19 07:09:07,962 - 等待 3 分钟后重新检查新文件...
2025-01-19 07:12:07,964 - 等待 3 分钟后重新检查新文件...
2025-01-19 07:15:07,971 - 等待 3 分钟后重新检查新文件...
2025-01-19 07:18:07,972 - 发现新的预测文件：202501190715.csv，执行预测...
2025-01-19 07:18:08,046 - 等待 3 分钟后重新检查新文件...
2025-01-19 07:21:08,056 - 等待 3 分钟后重新检查新文件...
2025-01-19 07:24:08,062 - 等待 3 分钟后重新检查新文件...
2025-01-19 07:27:08,065 - 等待 3 分钟后重新检查新文件...
2025-01-19 07:30:08,068 - 等待 3 分钟后重新检查新文件...
2025-01-19 07:33:08,076 - 发现新的预测文件：202501190730.csv，执行预测...
2025-01-19 07:33:08,155 - 等待 3 分钟后重新检查新文件...
2025-01-19 07:36:08,157 - 等待 3 分钟后重新检查新文件...
2025-01-19 07:39:08,164 - 等待 3 分钟后重新检查新文件...
2025-01-19 07:42:08,179 - 等待 3 分钟后重新检查新文件...
2025-01-19 07:45:08,182 - 等待 3 分钟后重新检查新文件...
2025-01-19 07:48:08,190 - 发现新的预测文件：202501190745.csv，执行预测...
2025-01-19 07:48:08,294 - 等待 3 分钟后重新检查新文件...
2025-01-19 07:51:08,308 - 等待 3 分钟后重新检查新文件...
2025-01-19 07:54:08,324 - 等待 3 分钟后重新检查新文件...
2025-01-19 07:57:08,332 - 等待 3 分钟后重新检查新文件...
2025-01-19 08:00:08,347 - 等待 3 分钟后重新检查新文件...
2025-01-19 08:03:08,353 - 发现新的预测文件：202501190800.csv，执行预测...
2025-01-19 08:03:08,434 - 等待 3 分钟后重新检查新文件...
2025-01-19 08:06:08,451 - 等待 3 分钟后重新检查新文件...
2025-01-19 08:09:08,465 - 等待 3 分钟后重新检查新文件...
2025-01-19 08:12:08,468 - 等待 3 分钟后重新检查新文件...
2025-01-19 08:15:08,479 - 等待 3 分钟后重新检查新文件...
2025-01-19 08:18:08,491 - 发现新的预测文件：202501190815.csv，执行预测...
2025-01-19 08:18:08,587 - 等待 3 分钟后重新检查新文件...
2025-01-19 08:21:08,592 - 等待 3 分钟后重新检查新文件...
2025-01-19 08:24:08,601 - 等待 3 分钟后重新检查新文件...
2025-01-19 08:27:08,607 - 等待 3 分钟后重新检查新文件...
2025-01-19 08:30:08,619 - 等待 3 分钟后重新检查新文件...
2025-01-19 08:33:08,632 - 发现新的预测文件：202501190830.csv，执行预测...
2025-01-19 08:33:08,715 - 等待 3 分钟后重新检查新文件...
2025-01-19 08:36:08,725 - 等待 3 分钟后重新检查新文件...
2025-01-19 08:39:08,730 - 等待 3 分钟后重新检查新文件...
2025-01-19 08:42:08,739 - 等待 3 分钟后重新检查新文件...
2025-01-19 08:45:08,742 - 等待 3 分钟后重新检查新文件...
2025-01-19 08:48:08,748 - 发现新的预测文件：202501190845.csv，执行预测...
2025-01-19 08:48:08,848 - 等待 3 分钟后重新检查新文件...
2025-01-19 08:51:08,852 - 等待 3 分钟后重新检查新文件...
2025-01-19 08:54:08,860 - 等待 3 分钟后重新检查新文件...
2025-01-19 08:57:08,871 - 等待 3 分钟后重新检查新文件...
2025-01-19 09:00:08,880 - 等待 3 分钟后重新检查新文件...
2025-01-19 09:03:08,898 - 发现新的预测文件：202501190900.csv，执行预测...
2025-01-19 09:03:08,980 - 等待 3 分钟后重新检查新文件...
2025-01-19 09:06:08,985 - 等待 3 分钟后重新检查新文件...
2025-01-19 09:09:08,996 - 等待 3 分钟后重新检查新文件...
2025-01-19 09:12:09,004 - 等待 3 分钟后重新检查新文件...
2025-01-19 09:15:09,007 - 等待 3 分钟后重新检查新文件...
2025-01-19 09:18:09,010 - 发现新的预测文件：202501190915.csv，执行预测...
2025-01-19 09:18:09,095 - 等待 3 分钟后重新检查新文件...
2025-01-19 09:21:09,108 - 等待 3 分钟后重新检查新文件...
2025-01-19 09:24:09,117 - 等待 3 分钟后重新检查新文件...
2025-01-19 09:27:09,133 - 等待 3 分钟后重新检查新文件...
2025-01-19 09:30:09,147 - 等待 3 分钟后重新检查新文件...
2025-01-19 09:33:09,164 - 发现新的预测文件：202501190930.csv，执行预测...
2025-01-19 09:33:09,238 - 等待 3 分钟后重新检查新文件...
2025-01-19 09:36:09,249 - 等待 3 分钟后重新检查新文件...
2025-01-19 09:39:09,256 - 等待 3 分钟后重新检查新文件...
2025-01-19 09:42:09,272 - 等待 3 分钟后重新检查新文件...
2025-01-19 09:45:09,278 - 等待 3 分钟后重新检查新文件...
2025-01-19 09:48:09,283 - 发现新的预测文件：202501190945.csv，执行预测...
2025-01-19 09:48:09,353 - 等待 3 分钟后重新检查新文件...
2025-01-19 09:51:09,358 - 等待 3 分钟后重新检查新文件...
2025-01-19 09:54:09,371 - 等待 3 分钟后重新检查新文件...
2025-01-19 09:57:09,375 - 等待 3 分钟后重新检查新文件...
2025-01-19 10:00:09,389 - 等待 3 分钟后重新检查新文件...
2025-01-19 10:03:09,403 - 发现新的预测文件：202501191000.csv，执行预测...
2025-01-19 10:03:09,503 - 等待 3 分钟后重新检查新文件...
2025-01-19 10:06:09,509 - 等待 3 分钟后重新检查新文件...
2025-01-19 10:09:09,520 - 等待 3 分钟后重新检查新文件...
2025-01-19 10:12:09,537 - 等待 3 分钟后重新检查新文件...
2025-01-19 10:15:09,547 - 等待 3 分钟后重新检查新文件...
2025-01-19 10:18:09,561 - 发现新的预测文件：202501191015.csv，执行预测...
2025-01-19 10:18:09,639 - 等待 3 分钟后重新检查新文件...
2025-01-19 10:21:09,641 - 等待 3 分钟后重新检查新文件...
2025-01-19 10:24:09,649 - 等待 3 分钟后重新检查新文件...
2025-01-19 10:27:09,658 - 等待 3 分钟后重新检查新文件...
2025-01-19 10:30:09,666 - 等待 3 分钟后重新检查新文件...
2025-01-19 10:33:09,670 - 发现新的预测文件：202501191030.csv，执行预测...
2025-01-19 10:33:09,740 - 等待 3 分钟后重新检查新文件...
2025-01-19 10:36:09,757 - 等待 3 分钟后重新检查新文件...
2025-01-19 10:39:09,760 - 等待 3 分钟后重新检查新文件...
2025-01-19 10:42:09,770 - 等待 3 分钟后重新检查新文件...
2025-01-19 10:45:09,780 - 等待 3 分钟后重新检查新文件...
2025-01-19 10:48:09,789 - 发现新的预测文件：202501191045.csv，执行预测...
2025-01-19 10:48:09,852 - 等待 3 分钟后重新检查新文件...
2025-01-19 10:51:09,863 - 等待 3 分钟后重新检查新文件...
2025-01-19 10:54:09,877 - 等待 3 分钟后重新检查新文件...
2025-01-19 10:57:09,891 - 等待 3 分钟后重新检查新文件...
2025-01-19 11:00:09,901 - 等待 3 分钟后重新检查新文件...
2025-01-19 11:03:09,911 - 发现新的预测文件：202501191100.csv，执行预测...
2025-01-19 11:03:10,008 - 等待 3 分钟后重新检查新文件...
2025-01-19 11:06:10,016 - 等待 3 分钟后重新检查新文件...
2025-01-19 11:09:10,023 - 等待 3 分钟后重新检查新文件...
2025-01-19 11:12:10,027 - 等待 3 分钟后重新检查新文件...
2025-01-19 11:15:10,038 - 等待 3 分钟后重新检查新文件...
2025-01-19 11:18:10,047 - 发现新的预测文件：202501191115.csv，执行预测...
2025-01-19 11:18:10,124 - 等待 3 分钟后重新检查新文件...
2025-01-19 11:21:10,142 - 等待 3 分钟后重新检查新文件...
2025-01-19 11:24:10,156 - 等待 3 分钟后重新检查新文件...
2025-01-19 11:27:10,159 - 等待 3 分钟后重新检查新文件...
2025-01-19 11:30:10,174 - 等待 3 分钟后重新检查新文件...
2025-01-19 11:33:10,185 - 发现新的预测文件：202501191130.csv，执行预测...
2025-01-19 11:33:10,256 - 等待 3 分钟后重新检查新文件...
2025-01-19 11:36:10,272 - 等待 3 分钟后重新检查新文件...
2025-01-19 11:39:10,289 - 等待 3 分钟后重新检查新文件...
2025-01-19 11:42:10,303 - 等待 3 分钟后重新检查新文件...
2025-01-19 11:45:10,312 - 等待 3 分钟后重新检查新文件...
2025-01-19 11:48:10,323 - 发现新的预测文件：202501191145.csv，执行预测...
2025-01-19 11:48:10,411 - 等待 3 分钟后重新检查新文件...
2025-01-19 11:51:10,420 - 等待 3 分钟后重新检查新文件...
2025-01-19 11:54:10,435 - 等待 3 分钟后重新检查新文件...
2025-01-19 11:57:10,441 - 等待 3 分钟后重新检查新文件...
2025-01-19 12:00:10,448 - 等待 3 分钟后重新检查新文件...
2025-01-19 12:03:10,456 - 发现新的预测文件：202501191200.csv，执行预测...
2025-01-19 12:03:10,565 - 等待 3 分钟后重新检查新文件...
2025-01-19 12:06:10,569 - 等待 3 分钟后重新检查新文件...
2025-01-19 12:09:10,587 - 等待 3 分钟后重新检查新文件...
2025-01-19 12:12:10,602 - 等待 3 分钟后重新检查新文件...
2025-01-19 12:15:10,604 - 等待 3 分钟后重新检查新文件...
2025-01-19 12:18:10,622 - 发现新的预测文件：202501191215.csv，执行预测...
2025-01-19 12:18:10,692 - 等待 3 分钟后重新检查新文件...
2025-01-19 12:21:10,707 - 等待 3 分钟后重新检查新文件...
2025-01-19 12:24:10,712 - 等待 3 分钟后重新检查新文件...
2025-01-19 12:27:10,720 - 等待 3 分钟后重新检查新文件...
2025-01-19 12:30:10,723 - 等待 3 分钟后重新检查新文件...
2025-01-19 12:33:10,736 - 发现新的预测文件：202501191230.csv，执行预测...
2025-01-19 12:33:10,833 - 等待 3 分钟后重新检查新文件...
2025-01-19 12:36:10,845 - 等待 3 分钟后重新检查新文件...
2025-01-19 12:39:10,860 - 等待 3 分钟后重新检查新文件...
2025-01-19 12:42:10,875 - 等待 3 分钟后重新检查新文件...
2025-01-19 12:45:10,892 - 等待 3 分钟后重新检查新文件...
2025-01-19 12:48:10,897 - 发现新的预测文件：202501191245.csv，执行预测...
2025-01-19 12:48:10,984 - 等待 3 分钟后重新检查新文件...
2025-01-19 12:51:10,991 - 等待 3 分钟后重新检查新文件...
2025-01-19 12:54:10,994 - 等待 3 分钟后重新检查新文件...
2025-01-19 12:57:11,010 - 等待 3 分钟后重新检查新文件...
2025-01-19 13:00:11,018 - 等待 3 分钟后重新检查新文件...
2025-01-19 13:03:11,023 - 发现新的预测文件：202501191300.csv，执行预测...
2025-01-19 13:03:11,114 - 等待 3 分钟后重新检查新文件...
2025-01-19 13:06:11,123 - 等待 3 分钟后重新检查新文件...
2025-01-19 13:09:11,138 - 等待 3 分钟后重新检查新文件...
2025-01-19 13:12:11,155 - 等待 3 分钟后重新检查新文件...
2025-01-19 13:15:11,158 - 等待 3 分钟后重新检查新文件...
2025-01-19 13:18:11,170 - 发现新的预测文件：202501191315.csv，执行预测...
2025-01-19 13:18:11,258 - 等待 3 分钟后重新检查新文件...
2025-01-19 13:21:11,270 - 等待 3 分钟后重新检查新文件...
2025-01-19 13:24:11,285 - 等待 3 分钟后重新检查新文件...
2025-01-19 13:27:11,290 - 等待 3 分钟后重新检查新文件...
2025-01-19 13:30:11,296 - 等待 3 分钟后重新检查新文件...
2025-01-19 13:33:11,306 - 发现新的预测文件：202501191330.csv，执行预测...
2025-01-19 13:33:11,375 - 等待 3 分钟后重新检查新文件...
2025-01-19 13:36:11,391 - 等待 3 分钟后重新检查新文件...
2025-01-19 13:39:11,400 - 等待 3 分钟后重新检查新文件...
2025-01-19 13:42:11,409 - 等待 3 分钟后重新检查新文件...
2025-01-19 13:45:12,803 - 等待 3 分钟后重新检查新文件...
2025-01-19 13:48:12,815 - 发现新的预测文件：202501191345.csv，执行预测...
2025-01-19 13:48:12,899 - 等待 3 分钟后重新检查新文件...
2025-01-19 13:51:12,907 - 等待 3 分钟后重新检查新文件...
2025-01-19 13:54:12,911 - 等待 3 分钟后重新检查新文件...
2025-01-19 13:57:12,928 - 等待 3 分钟后重新检查新文件...
2025-01-19 14:00:12,930 - 等待 3 分钟后重新检查新文件...
2025-01-19 14:03:12,939 - 发现新的预测文件：202501191400.csv，执行预测...
2025-01-19 14:03:13,008 - 等待 3 分钟后重新检查新文件...
2025-01-19 14:06:13,016 - 等待 3 分钟后重新检查新文件...
2025-01-19 14:09:13,025 - 等待 3 分钟后重新检查新文件...
2025-01-19 14:12:13,033 - 等待 3 分钟后重新检查新文件...
2025-01-19 14:15:13,041 - 等待 3 分钟后重新检查新文件...
2025-01-19 14:18:13,044 - 发现新的预测文件：202501191415.csv，执行预测...
2025-01-19 14:18:13,147 - 等待 3 分钟后重新检查新文件...
2025-01-19 14:21:13,151 - 等待 3 分钟后重新检查新文件...
2025-01-19 14:24:13,169 - 等待 3 分钟后重新检查新文件...
2025-01-19 14:27:13,183 - 等待 3 分钟后重新检查新文件...
2025-01-19 14:30:13,194 - 等待 3 分钟后重新检查新文件...
2025-01-19 14:33:13,203 - 发现新的预测文件：202501191430.csv，执行预测...
2025-01-19 14:33:13,268 - 等待 3 分钟后重新检查新文件...
2025-01-19 14:36:13,279 - 等待 3 分钟后重新检查新文件...
2025-01-19 14:39:13,295 - 等待 3 分钟后重新检查新文件...
2025-01-19 14:42:13,306 - 等待 3 分钟后重新检查新文件...
2025-01-19 14:45:13,316 - 等待 3 分钟后重新检查新文件...
2025-01-19 14:48:13,331 - 发现新的预测文件：202501191445.csv，执行预测...
2025-01-19 14:48:13,405 - 等待 3 分钟后重新检查新文件...
2025-01-19 14:51:13,417 - 等待 3 分钟后重新检查新文件...
2025-01-19 14:54:13,423 - 等待 3 分钟后重新检查新文件...
2025-01-19 14:57:13,435 - 等待 3 分钟后重新检查新文件...
2025-01-19 15:00:13,443 - 等待 3 分钟后重新检查新文件...
2025-01-19 15:03:13,454 - 发现新的预测文件：202501191500.csv，执行预测...
2025-01-19 15:03:13,529 - 等待 3 分钟后重新检查新文件...
2025-01-19 15:06:13,546 - 等待 3 分钟后重新检查新文件...
2025-01-19 15:09:13,558 - 等待 3 分钟后重新检查新文件...
2025-01-19 15:12:13,575 - 等待 3 分钟后重新检查新文件...
2025-01-19 15:15:13,590 - 等待 3 分钟后重新检查新文件...
2025-01-19 15:18:13,608 - 发现新的预测文件：202501191515.csv，执行预测...
2025-01-19 15:18:13,733 - 等待 3 分钟后重新检查新文件...
2025-01-19 15:21:13,739 - 等待 3 分钟后重新检查新文件...
2025-01-19 15:24:13,749 - 等待 3 分钟后重新检查新文件...
2025-01-19 15:27:13,756 - 等待 3 分钟后重新检查新文件...
2025-01-19 15:30:13,760 - 等待 3 分钟后重新检查新文件...
2025-01-19 15:33:13,776 - 发现新的预测文件：202501191530.csv，执行预测...
2025-01-19 15:33:13,847 - 等待 3 分钟后重新检查新文件...
2025-01-19 15:36:13,855 - 等待 3 分钟后重新检查新文件...
2025-01-19 15:39:13,871 - 等待 3 分钟后重新检查新文件...
2025-01-19 15:42:13,882 - 等待 3 分钟后重新检查新文件...
2025-01-19 15:45:13,897 - 等待 3 分钟后重新检查新文件...
2025-01-19 15:48:13,904 - 发现新的预测文件：202501191545.csv，执行预测...
2025-01-19 15:48:13,977 - 等待 3 分钟后重新检查新文件...
2025-01-19 15:51:13,991 - 等待 3 分钟后重新检查新文件...
2025-01-19 15:54:14,002 - 等待 3 分钟后重新检查新文件...
2025-01-19 15:57:14,020 - 等待 3 分钟后重新检查新文件...
2025-01-19 16:00:14,029 - 等待 3 分钟后重新检查新文件...
2025-01-19 16:03:14,037 - 发现新的预测文件：202501191600.csv，执行预测...
2025-01-19 16:03:14,112 - 等待 3 分钟后重新检查新文件...
2025-01-19 16:06:14,124 - 等待 3 分钟后重新检查新文件...
2025-01-19 16:09:14,133 - 等待 3 分钟后重新检查新文件...
2025-01-19 16:12:14,149 - 等待 3 分钟后重新检查新文件...
2025-01-19 16:15:14,154 - 等待 3 分钟后重新检查新文件...
2025-01-19 16:18:14,161 - 发现新的预测文件：202501191615.csv，执行预测...
2025-01-19 16:18:14,266 - 等待 3 分钟后重新检查新文件...
2025-01-19 16:21:14,281 - 等待 3 分钟后重新检查新文件...
2025-01-19 16:24:14,285 - 等待 3 分钟后重新检查新文件...
2025-01-19 16:27:14,300 - 等待 3 分钟后重新检查新文件...
2025-01-19 16:30:14,313 - 等待 3 分钟后重新检查新文件...
2025-01-19 16:33:14,332 - 发现新的预测文件：202501191630.csv，执行预测...
2025-01-19 16:33:14,396 - 等待 3 分钟后重新检查新文件...
2025-01-19 16:36:14,401 - 等待 3 分钟后重新检查新文件...
2025-01-19 16:39:14,409 - 等待 3 分钟后重新检查新文件...
2025-01-19 16:42:14,413 - 等待 3 分钟后重新检查新文件...
2025-01-19 16:45:14,422 - 等待 3 分钟后重新检查新文件...
2025-01-19 16:48:14,426 - 发现新的预测文件：202501191645.csv，执行预测...
2025-01-19 16:48:14,525 - 等待 3 分钟后重新检查新文件...
2025-01-19 16:51:14,535 - 等待 3 分钟后重新检查新文件...
2025-01-19 16:54:14,545 - 等待 3 分钟后重新检查新文件...
2025-01-19 16:57:14,552 - 等待 3 分钟后重新检查新文件...
2025-01-19 17:00:14,555 - 等待 3 分钟后重新检查新文件...
2025-01-19 17:03:14,561 - 发现新的预测文件：202501191700.csv，执行预测...
2025-01-19 17:03:14,634 - 等待 3 分钟后重新检查新文件...
2025-01-19 17:06:14,643 - 等待 3 分钟后重新检查新文件...
2025-01-19 17:09:14,652 - 等待 3 分钟后重新检查新文件...
2025-01-19 17:12:14,659 - 等待 3 分钟后重新检查新文件...
2025-01-19 17:15:14,673 - 等待 3 分钟后重新检查新文件...
2025-01-19 17:18:14,686 - 发现新的预测文件：202501191715.csv，执行预测...
2025-01-19 17:18:14,796 - 等待 3 分钟后重新检查新文件...
2025-01-19 17:21:14,809 - 等待 3 分钟后重新检查新文件...
2025-01-19 17:24:14,813 - 等待 3 分钟后重新检查新文件...
2025-01-19 17:27:14,824 - 等待 3 分钟后重新检查新文件...
2025-01-19 17:30:14,838 - 等待 3 分钟后重新检查新文件...
2025-01-19 17:33:14,842 - 发现新的预测文件：202501191730.csv，执行预测...
2025-01-19 17:33:14,906 - 等待 3 分钟后重新检查新文件...
2025-01-19 17:36:14,910 - 等待 3 分钟后重新检查新文件...
2025-01-19 17:39:14,926 - 等待 3 分钟后重新检查新文件...
2025-01-19 17:42:14,932 - 等待 3 分钟后重新检查新文件...
2025-01-19 17:45:14,942 - 等待 3 分钟后重新检查新文件...
2025-01-19 17:48:14,959 - 发现新的预测文件：202501191745.csv，执行预测...
2025-01-19 17:48:15,031 - 等待 3 分钟后重新检查新文件...
2025-01-19 17:51:15,041 - 等待 3 分钟后重新检查新文件...
2025-01-19 17:54:15,054 - 等待 3 分钟后重新检查新文件...
2025-01-19 17:57:15,065 - 等待 3 分钟后重新检查新文件...
