2025-01-15 00:00:05,187 - 今天的日期是: 20250115
2025-01-15 00:00:05,188 - 开始监视 D:\my-vue-project\wind-power-forecast\backend\auto_scripts\dataset\dataset_supershort 文件夹以进行训练...
2025-01-15 00:00:05,188 - 未找到训练 CSV 文件，等待 30 秒后重试...
2025-01-15 00:00:05,188 - 开始监视 D:\my-vue-project\wind-power-forecast\backend\auto_scripts\precsv\supershortcsv\20250115 文件夹以进行预测...
2025-01-15 00:00:05,189 - 模型不可用，等待模型训练完成...
2025-01-15 00:00:35,201 - 未找到训练 CSV 文件，等待 30 秒后重试...
2025-01-15 00:01:05,217 - 未找到训练 CSV 文件，等待 30 秒后重试...
2025-01-15 00:01:35,232 - 未找到训练 CSV 文件，等待 30 秒后重试...
2025-01-15 00:02:05,237 - 未找到训练 CSV 文件，等待 30 秒后重试...
2025-01-15 00:02:35,200 - 模型不可用，等待模型训练完成...
2025-01-15 00:02:35,247 - 未找到训练 CSV 文件，等待 30 秒后重试...
2025-01-15 00:03:05,252 - 未找到训练 CSV 文件，等待 30 秒后重试...
2025-01-15 00:03:35,260 - 未找到训练 CSV 文件，等待 30 秒后重试...
2025-01-15 00:04:05,261 - 未找到训练 CSV 文件，等待 30 秒后重试...
2025-01-15 00:04:35,274 - 未找到训练 CSV 文件，等待 30 秒后重试...
2025-01-15 00:05:05,211 - 模型不可用，等待模型训练完成...
2025-01-15 00:05:05,290 - 未找到训练 CSV 文件，等待 30 秒后重试...
2025-01-15 00:05:35,300 - 未找到训练 CSV 文件，等待 30 秒后重试...
2025-01-15 00:06:05,309 - 未找到训练 CSV 文件，等待 30 秒后重试...
2025-01-15 00:06:35,327 - 未找到训练 CSV 文件，等待 30 秒后重试...
2025-01-15 00:07:05,338 - 未找到训练 CSV 文件，等待 30 秒后重试...
2025-01-15 00:07:35,215 - 模型不可用，等待模型训练完成...
2025-01-15 00:07:35,342 - 未找到训练 CSV 文件，等待 30 秒后重试...
2025-01-15 00:08:05,354 - 未找到训练 CSV 文件，等待 30 秒后重试...
2025-01-15 00:08:35,356 - 未找到训练 CSV 文件，等待 30 秒后重试...
2025-01-15 00:09:05,368 - 未找到训练 CSV 文件，等待 30 秒后重试...
2025-01-15 00:09:35,371 - 未找到训练 CSV 文件，等待 30 秒后重试...
2025-01-15 00:10:05,216 - 模型不可用，等待模型训练完成...
2025-01-15 00:10:05,388 - 未找到训练 CSV 文件，等待 30 秒后重试...
2025-01-15 00:10:35,395 - 发现新的训练文件：D:\my-vue-project\wind-power-forecast\backend\auto_scripts\dataset\dataset_supershort\20250115.csv，执行训练...
2025-01-15 00:10:35,395 - 输出结果将保存到: D:\my-vue-project\wind-power-forecast\backend\auto_scripts\train_predictions\supershort_predictions
2025-01-15 00:10:36,560 - 数据加载与预处理完成
2025-01-15 00:10:36,898 - 数据标准化完成
2025-01-15 00:10:37,574 - 创建时间窗口完成
2025-01-15 00:10:37,575 - 获取模型参数完成
2025-01-15 00:12:35,225 - 模型不可用，等待模型训练完成...
2025-01-15 00:14:03,735 - 训练与评估完成
2025-01-15 00:14:03,754 - 保存预测结果完成
2025-01-15 00:14:03,977 - 可视化结果完成
2025-01-15 00:14:04,117 - 模型已成功保存到 D:\my-vue-project\wind-power-forecast\backend\auto_scripts\models\supershortmodel\20250115，模型可用。
2025-01-15 00:15:05,241 - 发现新的预测文件：202501150000.csv，执行预测...
2025-01-15 00:15:05,315 - 等待 3 分钟后重新检查新文件...
2025-01-15 00:18:05,327 - 发现新的预测文件：202501150015.csv，执行预测...
2025-01-15 00:18:05,430 - 等待 3 分钟后重新检查新文件...
2025-01-15 00:21:05,444 - 等待 3 分钟后重新检查新文件...
2025-01-15 00:24:05,459 - 等待 3 分钟后重新检查新文件...
2025-01-15 00:27:05,461 - 等待 3 分钟后重新检查新文件...
2025-01-15 00:30:06,869 - 等待 3 分钟后重新检查新文件...
2025-01-15 00:33:06,877 - 发现新的预测文件：202501150030.csv，执行预测...
2025-01-15 00:33:06,949 - 等待 3 分钟后重新检查新文件...
2025-01-15 00:36:06,953 - 等待 3 分钟后重新检查新文件...
2025-01-15 00:39:06,958 - 等待 3 分钟后重新检查新文件...
2025-01-15 00:42:06,967 - 等待 3 分钟后重新检查新文件...
2025-01-15 00:45:06,980 - 等待 3 分钟后重新检查新文件...
2025-01-15 00:48:06,985 - 发现新的预测文件：202501150045.csv，执行预测...
2025-01-15 00:48:07,063 - 等待 3 分钟后重新检查新文件...
2025-01-15 00:51:07,070 - 等待 3 分钟后重新检查新文件...
2025-01-15 00:54:07,082 - 等待 3 分钟后重新检查新文件...
2025-01-15 00:57:07,096 - 等待 3 分钟后重新检查新文件...
2025-01-15 01:00:07,108 - 等待 3 分钟后重新检查新文件...
2025-01-15 01:03:07,122 - 发现新的预测文件：202501150100.csv，执行预测...
2025-01-15 01:03:07,263 - 等待 3 分钟后重新检查新文件...
2025-01-15 01:06:07,267 - 等待 3 分钟后重新检查新文件...
2025-01-15 01:09:07,270 - 等待 3 分钟后重新检查新文件...
2025-01-15 01:12:07,285 - 等待 3 分钟后重新检查新文件...
2025-01-15 01:15:07,293 - 等待 3 分钟后重新检查新文件...
2025-01-15 01:18:07,303 - 发现新的预测文件：202501150115.csv，执行预测...
2025-01-15 01:18:07,397 - 等待 3 分钟后重新检查新文件...
2025-01-15 01:21:07,411 - 等待 3 分钟后重新检查新文件...
2025-01-15 01:24:07,412 - 等待 3 分钟后重新检查新文件...
2025-01-15 01:27:07,425 - 等待 3 分钟后重新检查新文件...
2025-01-15 01:30:07,435 - 等待 3 分钟后重新检查新文件...
2025-01-15 01:33:07,437 - 发现新的预测文件：202501150130.csv，执行预测...
2025-01-15 01:33:07,508 - 等待 3 分钟后重新检查新文件...
2025-01-15 01:36:07,516 - 等待 3 分钟后重新检查新文件...
2025-01-15 01:39:07,525 - 等待 3 分钟后重新检查新文件...
2025-01-15 01:42:07,540 - 等待 3 分钟后重新检查新文件...
2025-01-15 01:45:07,542 - 等待 3 分钟后重新检查新文件...
2025-01-15 01:48:07,543 - 发现新的预测文件：202501150145.csv，执行预测...
2025-01-15 01:48:07,645 - 等待 3 分钟后重新检查新文件...
2025-01-15 01:51:07,655 - 等待 3 分钟后重新检查新文件...
2025-01-15 01:54:07,663 - 等待 3 分钟后重新检查新文件...
2025-01-15 01:57:07,678 - 等待 3 分钟后重新检查新文件...
2025-01-15 02:00:07,691 - 等待 3 分钟后重新检查新文件...
2025-01-15 02:03:07,700 - 发现新的预测文件：202501150200.csv，执行预测...
2025-01-15 02:03:07,776 - 等待 3 分钟后重新检查新文件...
2025-01-15 02:06:07,785 - 等待 3 分钟后重新检查新文件...
2025-01-15 02:09:07,786 - 等待 3 分钟后重新检查新文件...
2025-01-15 02:12:07,800 - 等待 3 分钟后重新检查新文件...
2025-01-15 02:15:07,802 - 等待 3 分钟后重新检查新文件...
2025-01-15 02:18:07,816 - 发现新的预测文件：202501150215.csv，执行预测...
2025-01-15 02:18:07,892 - 等待 3 分钟后重新检查新文件...
2025-01-15 02:21:07,898 - 等待 3 分钟后重新检查新文件...
2025-01-15 02:24:07,912 - 等待 3 分钟后重新检查新文件...
2025-01-15 02:27:07,919 - 等待 3 分钟后重新检查新文件...
2025-01-15 02:30:07,930 - 等待 3 分钟后重新检查新文件...
2025-01-15 02:33:07,932 - 发现新的预测文件：202501150230.csv，执行预测...
2025-01-15 02:33:08,037 - 等待 3 分钟后重新检查新文件...
2025-01-15 02:36:08,041 - 等待 3 分钟后重新检查新文件...
2025-01-15 02:39:08,053 - 等待 3 分钟后重新检查新文件...
2025-01-15 02:42:08,069 - 等待 3 分钟后重新检查新文件...
2025-01-15 02:45:08,084 - 等待 3 分钟后重新检查新文件...
2025-01-15 02:48:08,099 - 发现新的预测文件：202501150245.csv，执行预测...
2025-01-15 02:48:08,186 - 等待 3 分钟后重新检查新文件...
2025-01-15 02:51:08,193 - 等待 3 分钟后重新检查新文件...
2025-01-15 02:54:08,209 - 等待 3 分钟后重新检查新文件...
2025-01-15 02:57:08,224 - 等待 3 分钟后重新检查新文件...
2025-01-15 03:00:08,239 - 等待 3 分钟后重新检查新文件...
2025-01-15 03:03:08,250 - 发现新的预测文件：202501150300.csv，执行预测...
2025-01-15 03:03:08,328 - 等待 3 分钟后重新检查新文件...
2025-01-15 03:06:08,329 - 等待 3 分钟后重新检查新文件...
2025-01-15 03:09:08,334 - 等待 3 分钟后重新检查新文件...
2025-01-15 03:12:08,347 - 等待 3 分钟后重新检查新文件...
2025-01-15 03:15:08,355 - 等待 3 分钟后重新检查新文件...
2025-01-15 03:18:08,369 - 发现新的预测文件：202501150315.csv，执行预测...
2025-01-15 03:18:08,433 - 等待 3 分钟后重新检查新文件...
2025-01-15 03:21:08,435 - 等待 3 分钟后重新检查新文件...
2025-01-15 03:24:08,441 - 等待 3 分钟后重新检查新文件...
2025-01-15 03:27:08,453 - 等待 3 分钟后重新检查新文件...
2025-01-15 03:30:08,468 - 等待 3 分钟后重新检查新文件...
2025-01-15 03:33:08,479 - 发现新的预测文件：202501150330.csv，执行预测...
2025-01-15 03:33:08,582 - 等待 3 分钟后重新检查新文件...
2025-01-15 03:36:08,596 - 等待 3 分钟后重新检查新文件...
2025-01-15 03:39:08,609 - 等待 3 分钟后重新检查新文件...
2025-01-15 03:42:08,621 - 等待 3 分钟后重新检查新文件...
2025-01-15 03:45:08,623 - 等待 3 分钟后重新检查新文件...
2025-01-15 03:48:08,638 - 发现新的预测文件：202501150345.csv，执行预测...
2025-01-15 03:48:08,719 - 等待 3 分钟后重新检查新文件...
2025-01-15 03:51:08,732 - 等待 3 分钟后重新检查新文件...
2025-01-15 03:54:08,748 - 等待 3 分钟后重新检查新文件...
2025-01-15 03:57:08,760 - 等待 3 分钟后重新检查新文件...
2025-01-15 04:00:08,762 - 发现新的预测文件：202501150400.csv，执行预测...
2025-01-15 04:00:08,826 - 等待 3 分钟后重新检查新文件...
2025-01-15 04:03:08,829 - 等待 3 分钟后重新检查新文件...
2025-01-15 04:06:08,844 - 等待 3 分钟后重新检查新文件...
2025-01-15 04:09:08,859 - 等待 3 分钟后重新检查新文件...
2025-01-15 04:12:08,862 - 等待 3 分钟后重新检查新文件...
2025-01-15 04:15:08,873 - 发现新的预测文件：202501150415.csv，执行预测...
2025-01-15 04:15:08,957 - 等待 3 分钟后重新检查新文件...
2025-01-15 04:18:08,970 - 等待 3 分钟后重新检查新文件...
2025-01-15 04:21:08,977 - 等待 3 分钟后重新检查新文件...
2025-01-15 04:24:08,992 - 等待 3 分钟后重新检查新文件...
2025-01-15 04:27:08,999 - 等待 3 分钟后重新检查新文件...
2025-01-15 04:30:09,010 - 发现新的预测文件：202501150430.csv，执行预测...
2025-01-15 04:30:09,118 - 等待 3 分钟后重新检查新文件...
2025-01-15 04:33:09,123 - 等待 3 分钟后重新检查新文件...
2025-01-15 04:36:09,125 - 等待 3 分钟后重新检查新文件...
2025-01-15 04:39:09,139 - 等待 3 分钟后重新检查新文件...
2025-01-15 04:42:09,143 - 等待 3 分钟后重新检查新文件...
2025-01-15 04:45:09,152 - 发现新的预测文件：202501150445.csv，执行预测...
2025-01-15 04:45:09,236 - 等待 3 分钟后重新检查新文件...
2025-01-15 04:48:09,245 - 等待 3 分钟后重新检查新文件...
2025-01-15 04:51:09,252 - 等待 3 分钟后重新检查新文件...
2025-01-15 04:54:09,266 - 等待 3 分钟后重新检查新文件...
2025-01-15 04:57:09,282 - 等待 3 分钟后重新检查新文件...
2025-01-15 05:00:09,292 - 发现新的预测文件：202501150500.csv，执行预测...
2025-01-15 05:00:09,362 - 等待 3 分钟后重新检查新文件...
2025-01-15 05:03:09,377 - 等待 3 分钟后重新检查新文件...
2025-01-15 05:06:09,393 - 等待 3 分钟后重新检查新文件...
2025-01-15 05:09:09,405 - 等待 3 分钟后重新检查新文件...
2025-01-15 05:12:09,407 - 等待 3 分钟后重新检查新文件...
2025-01-15 05:15:09,416 - 发现新的预测文件：202501150515.csv，执行预测...
2025-01-15 05:15:09,488 - 等待 3 分钟后重新检查新文件...
2025-01-15 05:18:09,503 - 等待 3 分钟后重新检查新文件...
2025-01-15 05:21:09,514 - 等待 3 分钟后重新检查新文件...
2025-01-15 05:24:09,515 - 等待 3 分钟后重新检查新文件...
2025-01-15 05:27:09,521 - 等待 3 分钟后重新检查新文件...
2025-01-15 05:30:09,533 - 发现新的预测文件：202501150530.csv，执行预测...
2025-01-15 05:30:09,641 - 等待 3 分钟后重新检查新文件...
2025-01-15 05:33:09,651 - 等待 3 分钟后重新检查新文件...
2025-01-15 05:36:09,657 - 等待 3 分钟后重新检查新文件...
2025-01-15 05:39:09,666 - 等待 3 分钟后重新检查新文件...
2025-01-15 05:42:09,672 - 等待 3 分钟后重新检查新文件...
2025-01-15 05:45:09,677 - 发现新的预测文件：202501150545.csv，执行预测...
2025-01-15 05:45:09,752 - 等待 3 分钟后重新检查新文件...
2025-01-15 05:48:09,759 - 等待 3 分钟后重新检查新文件...
2025-01-15 05:51:09,773 - 等待 3 分钟后重新检查新文件...
2025-01-15 05:54:09,781 - 等待 3 分钟后重新检查新文件...
2025-01-15 05:57:09,789 - 等待 3 分钟后重新检查新文件...
2025-01-15 06:00:09,799 - 发现新的预测文件：202501150600.csv，执行预测...
2025-01-15 06:00:09,875 - 等待 3 分钟后重新检查新文件...
2025-01-15 06:03:09,884 - 等待 3 分钟后重新检查新文件...
2025-01-15 06:06:09,887 - 等待 3 分钟后重新检查新文件...
2025-01-15 06:09:09,891 - 等待 3 分钟后重新检查新文件...
2025-01-15 06:12:09,892 - 等待 3 分钟后重新检查新文件...
2025-01-15 06:15:09,896 - 发现新的预测文件：202501150615.csv，执行预测...
2025-01-15 06:15:09,969 - 等待 3 分钟后重新检查新文件...
2025-01-15 06:18:09,975 - 等待 3 分钟后重新检查新文件...
2025-01-15 06:21:09,984 - 等待 3 分钟后重新检查新文件...
2025-01-15 06:24:09,989 - 等待 3 分钟后重新检查新文件...
2025-01-15 06:27:10,003 - 等待 3 分钟后重新检查新文件...
2025-01-15 06:30:10,015 - 发现新的预测文件：202501150630.csv，执行预测...
2025-01-15 06:30:10,086 - 等待 3 分钟后重新检查新文件...
2025-01-15 06:33:10,086 - 等待 3 分钟后重新检查新文件...
2025-01-15 06:36:10,102 - 等待 3 分钟后重新检查新文件...
2025-01-15 06:39:10,108 - 等待 3 分钟后重新检查新文件...
2025-01-15 06:42:10,120 - 等待 3 分钟后重新检查新文件...
2025-01-15 06:45:10,125 - 发现新的预测文件：202501150645.csv，执行预测...
2025-01-15 06:45:10,220 - 等待 3 分钟后重新检查新文件...
2025-01-15 06:48:10,226 - 等待 3 分钟后重新检查新文件...
2025-01-15 06:51:10,234 - 等待 3 分钟后重新检查新文件...
2025-01-15 06:54:10,239 - 等待 3 分钟后重新检查新文件...
2025-01-15 06:57:10,247 - 等待 3 分钟后重新检查新文件...
2025-01-15 07:00:10,252 - 发现新的预测文件：202501150700.csv，执行预测...
2025-01-15 07:00:10,320 - 等待 3 分钟后重新检查新文件...
2025-01-15 07:03:10,329 - 等待 3 分钟后重新检查新文件...
2025-01-15 07:06:10,336 - 等待 3 分钟后重新检查新文件...
2025-01-15 07:09:10,350 - 等待 3 分钟后重新检查新文件...
2025-01-15 07:12:10,361 - 等待 3 分钟后重新检查新文件...
2025-01-15 07:15:10,366 - 发现新的预测文件：202501150715.csv，执行预测...
2025-01-15 07:15:10,442 - 等待 3 分钟后重新检查新文件...
2025-01-15 07:18:10,445 - 等待 3 分钟后重新检查新文件...
2025-01-15 07:21:10,450 - 等待 3 分钟后重新检查新文件...
2025-01-15 07:24:10,466 - 等待 3 分钟后重新检查新文件...
2025-01-15 07:27:10,474 - 等待 3 分钟后重新检查新文件...
2025-01-15 07:30:10,486 - 发现新的预测文件：202501150730.csv，执行预测...
2025-01-15 07:30:10,565 - 等待 3 分钟后重新检查新文件...
2025-01-15 07:33:10,577 - 等待 3 分钟后重新检查新文件...
2025-01-15 07:36:10,581 - 等待 3 分钟后重新检查新文件...
2025-01-15 07:39:10,585 - 等待 3 分钟后重新检查新文件...
2025-01-15 07:42:10,597 - 等待 3 分钟后重新检查新文件...
2025-01-15 07:45:10,604 - 发现新的预测文件：202501150745.csv，执行预测...
2025-01-15 07:45:10,720 - 等待 3 分钟后重新检查新文件...
2025-01-15 07:48:10,732 - 等待 3 分钟后重新检查新文件...
2025-01-15 07:51:10,735 - 等待 3 分钟后重新检查新文件...
2025-01-15 07:54:10,750 - 等待 3 分钟后重新检查新文件...
2025-01-15 07:57:10,752 - 等待 3 分钟后重新检查新文件...
2025-01-15 08:00:10,760 - 发现新的预测文件：202501150800.csv，执行预测...
2025-01-15 08:00:10,842 - 等待 3 分钟后重新检查新文件...
2025-01-15 08:03:10,844 - 等待 3 分钟后重新检查新文件...
2025-01-15 08:06:10,853 - 等待 3 分钟后重新检查新文件...
2025-01-15 08:09:10,862 - 等待 3 分钟后重新检查新文件...
2025-01-15 08:12:10,868 - 等待 3 分钟后重新检查新文件...
2025-01-15 08:15:10,885 - 发现新的预测文件：202501150815.csv，执行预测...
2025-01-15 08:15:10,963 - 等待 3 分钟后重新检查新文件...
2025-01-15 08:18:10,972 - 等待 3 分钟后重新检查新文件...
2025-01-15 08:21:10,979 - 等待 3 分钟后重新检查新文件...
2025-01-15 08:24:10,992 - 等待 3 分钟后重新检查新文件...
2025-01-15 08:27:10,996 - 等待 3 分钟后重新检查新文件...
2025-01-15 08:30:11,005 - 发现新的预测文件：202501150830.csv，执行预测...
2025-01-15 08:30:11,079 - 等待 3 分钟后重新检查新文件...
2025-01-15 08:33:11,095 - 等待 3 分钟后重新检查新文件...
2025-01-15 08:36:11,101 - 等待 3 分钟后重新检查新文件...
2025-01-15 08:39:11,116 - 等待 3 分钟后重新检查新文件...
2025-01-15 08:42:11,130 - 等待 3 分钟后重新检查新文件...
2025-01-15 08:45:11,138 - 发现新的预测文件：202501150845.csv，执行预测...
2025-01-15 08:45:11,237 - 等待 3 分钟后重新检查新文件...
2025-01-15 08:48:11,242 - 等待 3 分钟后重新检查新文件...
2025-01-15 08:51:11,252 - 等待 3 分钟后重新检查新文件...
2025-01-15 08:54:11,256 - 等待 3 分钟后重新检查新文件...
2025-01-15 08:57:11,259 - 等待 3 分钟后重新检查新文件...
2025-01-15 09:00:11,266 - 发现新的预测文件：202501150900.csv，执行预测...
2025-01-15 09:00:11,336 - 等待 3 分钟后重新检查新文件...
2025-01-15 09:03:11,344 - 等待 3 分钟后重新检查新文件...
2025-01-15 09:06:11,361 - 等待 3 分钟后重新检查新文件...
2025-01-15 09:09:11,371 - 等待 3 分钟后重新检查新文件...
2025-01-15 09:12:11,377 - 等待 3 分钟后重新检查新文件...
2025-01-15 09:15:11,393 - 发现新的预测文件：202501150915.csv，执行预测...
2025-01-15 09:15:11,465 - 等待 3 分钟后重新检查新文件...
2025-01-15 09:18:11,473 - 等待 3 分钟后重新检查新文件...
2025-01-15 09:21:11,478 - 等待 3 分钟后重新检查新文件...
2025-01-15 09:24:11,482 - 等待 3 分钟后重新检查新文件...
2025-01-15 09:27:11,491 - 等待 3 分钟后重新检查新文件...
2025-01-15 09:30:11,500 - 发现新的预测文件：202501150930.csv，执行预测...
2025-01-15 09:30:11,587 - 等待 3 分钟后重新检查新文件...
2025-01-15 09:33:11,596 - 等待 3 分钟后重新检查新文件...
2025-01-15 09:36:13,015 - 等待 3 分钟后重新检查新文件...
2025-01-15 09:39:13,022 - 等待 3 分钟后重新检查新文件...
2025-01-15 09:42:13,026 - 等待 3 分钟后重新检查新文件...
2025-01-15 09:45:13,038 - 发现新的预测文件：202501150945.csv，执行预测...
2025-01-15 09:45:13,114 - 等待 3 分钟后重新检查新文件...
2025-01-15 09:48:13,124 - 等待 3 分钟后重新检查新文件...
2025-01-15 09:51:13,140 - 等待 3 分钟后重新检查新文件...
2025-01-15 09:54:13,147 - 等待 3 分钟后重新检查新文件...
2025-01-15 09:57:13,161 - 等待 3 分钟后重新检查新文件...
2025-01-15 10:00:13,176 - 发现新的预测文件：202501151000.csv，执行预测...
2025-01-15 10:00:13,304 - 等待 3 分钟后重新检查新文件...
2025-01-15 10:03:13,319 - 等待 3 分钟后重新检查新文件...
2025-01-15 10:06:13,332 - 等待 3 分钟后重新检查新文件...
2025-01-15 10:09:13,345 - 等待 3 分钟后重新检查新文件...
2025-01-15 10:12:13,358 - 等待 3 分钟后重新检查新文件...
2025-01-15 10:15:13,367 - 发现新的预测文件：202501151015.csv，执行预测...
2025-01-15 10:15:13,445 - 等待 3 分钟后重新检查新文件...
2025-01-15 10:18:13,452 - 等待 3 分钟后重新检查新文件...
2025-01-15 10:21:13,455 - 等待 3 分钟后重新检查新文件...
2025-01-15 10:24:13,468 - 等待 3 分钟后重新检查新文件...
2025-01-15 10:27:13,472 - 等待 3 分钟后重新检查新文件...
2025-01-15 10:30:13,479 - 发现新的预测文件：202501151030.csv，执行预测...
2025-01-15 10:30:13,558 - 等待 3 分钟后重新检查新文件...
2025-01-15 10:33:13,568 - 等待 3 分钟后重新检查新文件...
2025-01-15 10:36:13,580 - 等待 3 分钟后重新检查新文件...
2025-01-15 10:39:13,584 - 等待 3 分钟后重新检查新文件...
2025-01-15 10:42:13,600 - 等待 3 分钟后重新检查新文件...
2025-01-15 10:45:13,614 - 发现新的预测文件：202501151045.csv，执行预测...
2025-01-15 10:45:13,698 - 等待 3 分钟后重新检查新文件...
2025-01-15 10:48:13,714 - 等待 3 分钟后重新检查新文件...
2025-01-15 10:51:13,727 - 等待 3 分钟后重新检查新文件...
2025-01-15 10:54:13,740 - 等待 3 分钟后重新检查新文件...
2025-01-15 10:57:13,744 - 等待 3 分钟后重新检查新文件...
2025-01-15 11:00:13,758 - 发现新的预测文件：202501151100.csv，执行预测...
2025-01-15 11:00:13,861 - 等待 3 分钟后重新检查新文件...
2025-01-15 11:03:13,865 - 等待 3 分钟后重新检查新文件...
2025-01-15 11:06:13,868 - 等待 3 分钟后重新检查新文件...
2025-01-15 11:09:13,875 - 等待 3 分钟后重新检查新文件...
2025-01-15 11:12:13,881 - 等待 3 分钟后重新检查新文件...
2025-01-15 11:15:13,887 - 发现新的预测文件：202501151115.csv，执行预测...
2025-01-15 11:15:13,981 - 等待 3 分钟后重新检查新文件...
2025-01-15 11:18:13,987 - 等待 3 分钟后重新检查新文件...
2025-01-15 11:21:13,995 - 等待 3 分钟后重新检查新文件...
2025-01-15 11:24:14,004 - 等待 3 分钟后重新检查新文件...
2025-01-15 11:27:14,018 - 等待 3 分钟后重新检查新文件...
2025-01-15 11:30:14,022 - 发现新的预测文件：202501151130.csv，执行预测...
2025-01-15 11:30:14,117 - 等待 3 分钟后重新检查新文件...
2025-01-15 11:33:14,129 - 等待 3 分钟后重新检查新文件...
2025-01-15 11:36:14,133 - 等待 3 分钟后重新检查新文件...
2025-01-15 11:39:14,143 - 等待 3 分钟后重新检查新文件...
2025-01-15 11:42:14,154 - 等待 3 分钟后重新检查新文件...
2025-01-15 11:45:14,162 - 发现新的预测文件：202501151145.csv，执行预测...
2025-01-15 11:45:14,242 - 等待 3 分钟后重新检查新文件...
2025-01-15 11:48:14,256 - 等待 3 分钟后重新检查新文件...
2025-01-15 11:51:14,273 - 等待 3 分钟后重新检查新文件...
2025-01-15 11:54:14,280 - 等待 3 分钟后重新检查新文件...
2025-01-15 11:57:14,283 - 等待 3 分钟后重新检查新文件...
2025-01-15 12:00:14,301 - 发现新的预测文件：202501151200.csv，执行预测...
2025-01-15 12:00:14,413 - 等待 3 分钟后重新检查新文件...
2025-01-15 12:03:14,427 - 等待 3 分钟后重新检查新文件...
2025-01-15 12:06:14,437 - 等待 3 分钟后重新检查新文件...
2025-01-15 12:09:14,445 - 等待 3 分钟后重新检查新文件...
2025-01-15 12:12:14,460 - 等待 3 分钟后重新检查新文件...
2025-01-15 12:15:14,474 - 发现新的预测文件：202501151215.csv，执行预测...
2025-01-15 12:15:14,566 - 等待 3 分钟后重新检查新文件...
2025-01-15 12:18:14,573 - 等待 3 分钟后重新检查新文件...
2025-01-15 12:21:14,588 - 等待 3 分钟后重新检查新文件...
2025-01-15 12:24:14,604 - 等待 3 分钟后重新检查新文件...
2025-01-15 12:27:14,610 - 等待 3 分钟后重新检查新文件...
2025-01-15 12:30:14,616 - 发现新的预测文件：202501151230.csv，执行预测...
2025-01-15 12:30:14,743 - 等待 3 分钟后重新检查新文件...
2025-01-15 12:33:14,759 - 等待 3 分钟后重新检查新文件...
2025-01-15 12:36:14,766 - 等待 3 分钟后重新检查新文件...
2025-01-15 12:39:14,771 - 等待 3 分钟后重新检查新文件...
2025-01-15 12:42:14,774 - 等待 3 分钟后重新检查新文件...
2025-01-15 12:45:14,780 - 发现新的预测文件：202501151245.csv，执行预测...
2025-01-15 12:45:14,847 - 等待 3 分钟后重新检查新文件...
2025-01-15 12:48:14,861 - 等待 3 分钟后重新检查新文件...
2025-01-15 12:51:14,868 - 等待 3 分钟后重新检查新文件...
2025-01-15 12:54:14,881 - 等待 3 分钟后重新检查新文件...
2025-01-15 12:57:14,884 - 等待 3 分钟后重新检查新文件...
2025-01-15 13:00:14,888 - 发现新的预测文件：202501151300.csv，执行预测...
2025-01-15 13:00:15,007 - 等待 3 分钟后重新检查新文件...
2025-01-15 13:03:15,015 - 等待 3 分钟后重新检查新文件...
2025-01-15 13:06:15,020 - 等待 3 分钟后重新检查新文件...
2025-01-15 13:09:15,033 - 等待 3 分钟后重新检查新文件...
2025-01-15 13:12:15,042 - 等待 3 分钟后重新检查新文件...
2025-01-15 13:15:15,057 - 发现新的预测文件：202501151315.csv，执行预测...
2025-01-15 13:15:15,142 - 等待 3 分钟后重新检查新文件...
2025-01-15 13:18:15,145 - 等待 3 分钟后重新检查新文件...
2025-01-15 13:21:15,146 - 等待 3 分钟后重新检查新文件...
2025-01-15 13:24:15,153 - 等待 3 分钟后重新检查新文件...
2025-01-15 13:27:15,166 - 等待 3 分钟后重新检查新文件...
2025-01-15 13:30:15,174 - 发现新的预测文件：202501151330.csv，执行预测...
2025-01-15 13:30:15,243 - 等待 3 分钟后重新检查新文件...
2025-01-15 13:33:15,259 - 等待 3 分钟后重新检查新文件...
2025-01-15 13:36:15,266 - 等待 3 分钟后重新检查新文件...
2025-01-15 13:39:15,276 - 等待 3 分钟后重新检查新文件...
2025-01-15 13:42:15,292 - 等待 3 分钟后重新检查新文件...
2025-01-15 13:45:15,298 - 发现新的预测文件：202501151345.csv，执行预测...
2025-01-15 13:45:15,385 - 等待 3 分钟后重新检查新文件...
2025-01-15 13:48:15,392 - 等待 3 分钟后重新检查新文件...
2025-01-15 13:51:15,402 - 等待 3 分钟后重新检查新文件...
2025-01-15 13:54:15,417 - 等待 3 分钟后重新检查新文件...
2025-01-15 13:57:15,429 - 等待 3 分钟后重新检查新文件...
2025-01-15 14:00:15,437 - 发现新的预测文件：202501151400.csv，执行预测...
2025-01-15 14:00:15,519 - 等待 3 分钟后重新检查新文件...
2025-01-15 14:03:15,535 - 等待 3 分钟后重新检查新文件...
2025-01-15 14:06:15,540 - 等待 3 分钟后重新检查新文件...
2025-01-15 14:09:15,550 - 等待 3 分钟后重新检查新文件...
2025-01-15 14:12:15,557 - 等待 3 分钟后重新检查新文件...
2025-01-15 14:15:15,565 - 发现新的预测文件：202501151415.csv，执行预测...
2025-01-15 14:15:15,658 - 等待 3 分钟后重新检查新文件...
2025-01-15 14:18:15,666 - 等待 3 分钟后重新检查新文件...
2025-01-15 14:21:15,669 - 等待 3 分钟后重新检查新文件...
2025-01-15 14:24:15,674 - 等待 3 分钟后重新检查新文件...
2025-01-15 14:27:15,684 - 等待 3 分钟后重新检查新文件...
2025-01-15 14:30:15,691 - 发现新的预测文件：202501151430.csv，执行预测...
2025-01-15 14:30:15,790 - 等待 3 分钟后重新检查新文件...
2025-01-15 14:33:15,805 - 等待 3 分钟后重新检查新文件...
2025-01-15 14:36:15,813 - 等待 3 分钟后重新检查新文件...
2025-01-15 14:39:15,824 - 等待 3 分钟后重新检查新文件...
2025-01-15 14:42:15,827 - 等待 3 分钟后重新检查新文件...
2025-01-15 14:45:15,840 - 发现新的预测文件：202501151445.csv，执行预测...
2025-01-15 14:45:15,919 - 等待 3 分钟后重新检查新文件...
2025-01-15 14:48:15,935 - 等待 3 分钟后重新检查新文件...
2025-01-15 14:51:15,938 - 等待 3 分钟后重新检查新文件...
2025-01-15 14:54:15,953 - 等待 3 分钟后重新检查新文件...
2025-01-15 14:57:15,963 - 等待 3 分钟后重新检查新文件...
2025-01-15 15:00:15,972 - 发现新的预测文件：202501151500.csv，执行预测...
2025-01-15 15:00:16,060 - 等待 3 分钟后重新检查新文件...
2025-01-15 15:03:16,071 - 等待 3 分钟后重新检查新文件...
2025-01-15 15:06:16,087 - 等待 3 分钟后重新检查新文件...
2025-01-15 15:09:16,094 - 等待 3 分钟后重新检查新文件...
2025-01-15 15:12:16,106 - 等待 3 分钟后重新检查新文件...
2025-01-15 15:15:16,108 - 发现新的预测文件：202501151515.csv，执行预测...
2025-01-15 15:15:16,204 - 等待 3 分钟后重新检查新文件...
2025-01-15 15:18:16,204 - 等待 3 分钟后重新检查新文件...
2025-01-15 15:21:16,217 - 等待 3 分钟后重新检查新文件...
2025-01-15 15:24:16,225 - 等待 3 分钟后重新检查新文件...
2025-01-15 15:27:16,242 - 等待 3 分钟后重新检查新文件...
2025-01-15 15:30:16,247 - 发现新的预测文件：202501151530.csv，执行预测...
2025-01-15 15:30:16,324 - 等待 3 分钟后重新检查新文件...
2025-01-15 15:33:16,332 - 等待 3 分钟后重新检查新文件...
2025-01-15 15:36:16,336 - 等待 3 分钟后重新检查新文件...
2025-01-15 15:39:16,344 - 等待 3 分钟后重新检查新文件...
2025-01-15 15:42:16,358 - 等待 3 分钟后重新检查新文件...
2025-01-15 15:45:16,374 - 发现新的预测文件：202501151545.csv，执行预测...
2025-01-15 15:45:16,456 - 等待 3 分钟后重新检查新文件...
2025-01-15 15:48:16,473 - 等待 3 分钟后重新检查新文件...
2025-01-15 15:51:16,485 - 等待 3 分钟后重新检查新文件...
2025-01-15 15:54:16,494 - 等待 3 分钟后重新检查新文件...
2025-01-15 15:57:16,499 - 等待 3 分钟后重新检查新文件...
2025-01-15 16:00:16,502 - 发现新的预测文件：202501151600.csv，执行预测...
2025-01-15 16:00:16,578 - 等待 3 分钟后重新检查新文件...
2025-01-15 16:03:16,594 - 等待 3 分钟后重新检查新文件...
2025-01-15 16:06:16,604 - 等待 3 分钟后重新检查新文件...
2025-01-15 16:09:16,619 - 等待 3 分钟后重新检查新文件...
2025-01-15 16:12:16,627 - 等待 3 分钟后重新检查新文件...
2025-01-15 16:15:16,642 - 发现新的预测文件：202501151615.csv，执行预测...
2025-01-15 16:15:16,748 - 等待 3 分钟后重新检查新文件...
2025-01-15 16:18:16,765 - 等待 3 分钟后重新检查新文件...
2025-01-15 16:21:16,774 - 等待 3 分钟后重新检查新文件...
2025-01-15 16:24:16,777 - 等待 3 分钟后重新检查新文件...
2025-01-15 16:27:16,779 - 等待 3 分钟后重新检查新文件...
2025-01-15 16:30:16,793 - 发现新的预测文件：202501151630.csv，执行预测...
2025-01-15 16:30:16,876 - 等待 3 分钟后重新检查新文件...
2025-01-15 16:33:16,886 - 等待 3 分钟后重新检查新文件...
2025-01-15 16:36:16,901 - 等待 3 分钟后重新检查新文件...
2025-01-15 16:39:16,904 - 等待 3 分钟后重新检查新文件...
2025-01-15 16:42:16,909 - 等待 3 分钟后重新检查新文件...
2025-01-15 16:45:16,918 - 发现新的预测文件：202501151645.csv，执行预测...
2025-01-15 16:45:16,999 - 等待 3 分钟后重新检查新文件...
2025-01-15 16:48:17,015 - 等待 3 分钟后重新检查新文件...
2025-01-15 16:51:17,020 - 等待 3 分钟后重新检查新文件...
2025-01-15 16:54:17,028 - 等待 3 分钟后重新检查新文件...
2025-01-15 16:57:17,043 - 等待 3 分钟后重新检查新文件...
2025-01-15 17:00:17,052 - 发现新的预测文件：202501151700.csv，执行预测...
2025-01-15 17:00:17,132 - 等待 3 分钟后重新检查新文件...
2025-01-15 17:03:17,141 - 等待 3 分钟后重新检查新文件...
2025-01-15 17:06:17,154 - 等待 3 分钟后重新检查新文件...
2025-01-15 17:09:17,170 - 等待 3 分钟后重新检查新文件...
2025-01-15 17:12:17,172 - 等待 3 分钟后重新检查新文件...
2025-01-15 17:15:17,185 - 发现新的预测文件：202501151715.csv，执行预测...
2025-01-15 17:15:17,290 - 等待 3 分钟后重新检查新文件...
2025-01-15 17:18:17,298 - 等待 3 分钟后重新检查新文件...
2025-01-15 17:21:17,312 - 等待 3 分钟后重新检查新文件...
2025-01-15 17:24:17,321 - 等待 3 分钟后重新检查新文件...
2025-01-15 17:27:17,328 - 等待 3 分钟后重新检查新文件...
2025-01-15 17:30:17,332 - 发现新的预测文件：202501151730.csv，执行预测...
2025-01-15 17:30:17,410 - 等待 3 分钟后重新检查新文件...
2025-01-15 17:33:17,413 - 等待 3 分钟后重新检查新文件...
2025-01-15 17:36:17,428 - 等待 3 分钟后重新检查新文件...
2025-01-15 17:39:17,444 - 等待 3 分钟后重新检查新文件...
2025-01-15 17:42:17,448 - 等待 3 分钟后重新检查新文件...
2025-01-15 17:45:17,455 - 发现新的预测文件：202501151745.csv，执行预测...
2025-01-15 17:45:17,531 - 等待 3 分钟后重新检查新文件...
2025-01-15 17:48:17,543 - 等待 3 分钟后重新检查新文件...
2025-01-15 17:51:17,556 - 等待 3 分钟后重新检查新文件...
2025-01-15 17:54:17,562 - 等待 3 分钟后重新检查新文件...
2025-01-15 17:57:17,575 - 等待 3 分钟后重新检查新文件...
2025-01-15 18:00:17,585 - 发现新的预测文件：202501151800.csv，执行预测...
2025-01-15 18:00:17,659 - 等待 3 分钟后重新检查新文件...
2025-01-15 18:03:17,672 - 等待 3 分钟后重新检查新文件...
2025-01-15 18:06:17,682 - 等待 3 分钟后重新检查新文件...
2025-01-15 18:09:17,692 - 等待 3 分钟后重新检查新文件...
2025-01-15 18:12:17,709 - 等待 3 分钟后重新检查新文件...
2025-01-15 18:15:17,726 - 发现新的预测文件：202501151815.csv，执行预测...
2025-01-15 18:15:17,806 - 等待 3 分钟后重新检查新文件...
2025-01-15 18:18:17,811 - 等待 3 分钟后重新检查新文件...
2025-01-15 18:21:17,823 - 等待 3 分钟后重新检查新文件...
2025-01-15 18:24:17,825 - 等待 3 分钟后重新检查新文件...
2025-01-15 18:27:17,838 - 等待 3 分钟后重新检查新文件...
2025-01-15 18:30:17,839 - 发现新的预测文件：202501151830.csv，执行预测...
2025-01-15 18:30:17,931 - 等待 3 分钟后重新检查新文件...
2025-01-15 18:33:17,942 - 等待 3 分钟后重新检查新文件...
2025-01-15 18:36:17,957 - 等待 3 分钟后重新检查新文件...
2025-01-15 18:39:17,964 - 等待 3 分钟后重新检查新文件...
2025-01-15 18:42:19,352 - 等待 3 分钟后重新检查新文件...
2025-01-15 18:45:19,358 - 发现新的预测文件：202501151845.csv，执行预测...
2025-01-15 18:45:19,432 - 等待 3 分钟后重新检查新文件...
2025-01-15 18:48:19,435 - 等待 3 分钟后重新检查新文件...
2025-01-15 18:51:19,449 - 等待 3 分钟后重新检查新文件...
2025-01-15 18:54:19,457 - 等待 3 分钟后重新检查新文件...
2025-01-15 18:57:19,462 - 等待 3 分钟后重新检查新文件...
2025-01-15 19:00:19,466 - 发现新的预测文件：202501151900.csv，执行预测...
2025-01-15 19:00:19,544 - 等待 3 分钟后重新检查新文件...
2025-01-15 19:03:19,550 - 等待 3 分钟后重新检查新文件...
2025-01-15 19:06:19,563 - 等待 3 分钟后重新检查新文件...
2025-01-15 19:09:19,565 - 等待 3 分钟后重新检查新文件...
2025-01-15 19:12:19,571 - 等待 3 分钟后重新检查新文件...
2025-01-15 19:15:19,585 - 发现新的预测文件：202501151915.csv，执行预测...
2025-01-15 19:15:19,660 - 等待 3 分钟后重新检查新文件...
2025-01-15 19:18:19,666 - 等待 3 分钟后重新检查新文件...
2025-01-15 19:21:19,678 - 等待 3 分钟后重新检查新文件...
2025-01-15 19:24:19,692 - 等待 3 分钟后重新检查新文件...
2025-01-15 19:27:19,701 - 等待 3 分钟后重新检查新文件...
2025-01-15 19:30:19,716 - 发现新的预测文件：202501151930.csv，执行预测...
2025-01-15 19:30:19,819 - 等待 3 分钟后重新检查新文件...
2025-01-15 19:33:19,823 - 等待 3 分钟后重新检查新文件...
2025-01-15 19:36:19,828 - 等待 3 分钟后重新检查新文件...
2025-01-15 19:39:19,831 - 等待 3 分钟后重新检查新文件...
2025-01-15 19:42:19,846 - 等待 3 分钟后重新检查新文件...
2025-01-15 19:45:19,853 - 发现新的预测文件：202501151945.csv，执行预测...
2025-01-15 19:45:19,928 - 等待 3 分钟后重新检查新文件...
2025-01-15 19:48:19,940 - 等待 3 分钟后重新检查新文件...
2025-01-15 19:51:19,956 - 等待 3 分钟后重新检查新文件...
2025-01-15 19:54:19,961 - 等待 3 分钟后重新检查新文件...
2025-01-15 19:57:19,967 - 等待 3 分钟后重新检查新文件...
2025-01-15 20:00:19,972 - 发现新的预测文件：202501152000.csv，执行预测...
2025-01-15 20:00:20,058 - 等待 3 分钟后重新检查新文件...
2025-01-15 20:03:20,068 - 等待 3 分钟后重新检查新文件...
2025-01-15 20:06:20,074 - 等待 3 分钟后重新检查新文件...
2025-01-15 20:09:20,076 - 等待 3 分钟后重新检查新文件...
2025-01-15 20:12:20,078 - 等待 3 分钟后重新检查新文件...
2025-01-15 20:15:20,085 - 发现新的预测文件：202501152015.csv，执行预测...
2025-01-15 20:15:20,179 - 等待 3 分钟后重新检查新文件...
2025-01-15 20:18:20,186 - 等待 3 分钟后重新检查新文件...
2025-01-15 20:21:20,197 - 等待 3 分钟后重新检查新文件...
2025-01-15 20:24:20,211 - 等待 3 分钟后重新检查新文件...
2025-01-15 20:27:20,218 - 等待 3 分钟后重新检查新文件...
2025-01-15 20:30:20,234 - 发现新的预测文件：202501152030.csv，执行预测...
2025-01-15 20:30:20,339 - 等待 3 分钟后重新检查新文件...
2025-01-15 20:33:20,348 - 等待 3 分钟后重新检查新文件...
2025-01-15 20:36:20,351 - 等待 3 分钟后重新检查新文件...
2025-01-15 20:39:20,363 - 等待 3 分钟后重新检查新文件...
2025-01-15 20:42:20,365 - 等待 3 分钟后重新检查新文件...
2025-01-15 20:45:20,379 - 发现新的预测文件：202501152045.csv，执行预测...
2025-01-15 20:45:20,456 - 等待 3 分钟后重新检查新文件...
2025-01-15 20:48:20,458 - 等待 3 分钟后重新检查新文件...
2025-01-15 20:51:20,466 - 等待 3 分钟后重新检查新文件...
2025-01-15 20:54:20,475 - 等待 3 分钟后重新检查新文件...
2025-01-15 20:57:20,479 - 等待 3 分钟后重新检查新文件...
2025-01-15 21:00:20,488 - 发现新的预测文件：202501152100.csv，执行预测...
2025-01-15 21:00:20,564 - 等待 3 分钟后重新检查新文件...
2025-01-15 21:03:20,568 - 等待 3 分钟后重新检查新文件...
2025-01-15 21:06:20,578 - 等待 3 分钟后重新检查新文件...
2025-01-15 21:09:20,587 - 等待 3 分钟后重新检查新文件...
2025-01-15 21:12:20,601 - 等待 3 分钟后重新检查新文件...
2025-01-15 21:15:20,604 - 发现新的预测文件：202501152115.csv，执行预测...
2025-01-15 21:15:20,676 - 等待 3 分钟后重新检查新文件...
2025-01-15 21:18:20,684 - 等待 3 分钟后重新检查新文件...
2025-01-15 21:21:20,696 - 等待 3 分钟后重新检查新文件...
2025-01-15 21:24:20,700 - 等待 3 分钟后重新检查新文件...
2025-01-15 21:27:20,713 - 等待 3 分钟后重新检查新文件...
2025-01-15 21:30:20,729 - 发现新的预测文件：202501152130.csv，执行预测...
2025-01-15 21:30:20,822 - 等待 3 分钟后重新检查新文件...
2025-01-15 21:33:20,828 - 等待 3 分钟后重新检查新文件...
2025-01-15 21:36:20,843 - 等待 3 分钟后重新检查新文件...
2025-01-15 21:39:20,850 - 等待 3 分钟后重新检查新文件...
2025-01-15 21:42:20,859 - 等待 3 分钟后重新检查新文件...
2025-01-15 21:45:20,876 - 发现新的预测文件：202501152145.csv，执行预测...
2025-01-15 21:45:20,980 - 等待 3 分钟后重新检查新文件...
2025-01-15 21:48:20,993 - 等待 3 分钟后重新检查新文件...
2025-01-15 21:51:21,004 - 等待 3 分钟后重新检查新文件...
2025-01-15 21:54:21,015 - 等待 3 分钟后重新检查新文件...
2025-01-15 21:57:21,024 - 等待 3 分钟后重新检查新文件...
2025-01-15 22:00:21,028 - 发现新的预测文件：202501152200.csv，执行预测...
2025-01-15 22:00:21,101 - 等待 3 分钟后重新检查新文件...
2025-01-15 22:03:21,107 - 等待 3 分钟后重新检查新文件...
2025-01-15 22:06:21,122 - 等待 3 分钟后重新检查新文件...
2025-01-15 22:09:21,126 - 等待 3 分钟后重新检查新文件...
2025-01-15 22:12:21,138 - 等待 3 分钟后重新检查新文件...
2025-01-15 22:15:21,146 - 发现新的预测文件：202501152215.csv，执行预测...
2025-01-15 22:15:21,211 - 等待 3 分钟后重新检查新文件...
2025-01-15 22:18:21,216 - 等待 3 分钟后重新检查新文件...
2025-01-15 22:21:21,228 - 等待 3 分钟后重新检查新文件...
2025-01-15 22:24:21,233 - 等待 3 分钟后重新检查新文件...
2025-01-15 22:27:21,240 - 等待 3 分钟后重新检查新文件...
2025-01-15 22:30:21,253 - 发现新的预测文件：202501152230.csv，执行预测...
2025-01-15 22:30:21,333 - 等待 3 分钟后重新检查新文件...
2025-01-15 22:33:21,340 - 等待 3 分钟后重新检查新文件...
2025-01-15 22:36:21,346 - 等待 3 分钟后重新检查新文件...
2025-01-15 22:39:21,357 - 等待 3 分钟后重新检查新文件...
2025-01-15 22:42:21,366 - 等待 3 分钟后重新检查新文件...
2025-01-15 22:45:21,370 - 发现新的预测文件：202501152245.csv，执行预测...
2025-01-15 22:45:21,473 - 等待 3 分钟后重新检查新文件...
2025-01-15 22:48:21,482 - 等待 3 分钟后重新检查新文件...
2025-01-15 22:51:21,495 - 等待 3 分钟后重新检查新文件...
2025-01-15 22:54:21,502 - 等待 3 分钟后重新检查新文件...
2025-01-15 22:57:21,519 - 等待 3 分钟后重新检查新文件...
2025-01-15 23:00:21,531 - 发现新的预测文件：202501152300.csv，执行预测...
2025-01-15 23:00:21,605 - 等待 3 分钟后重新检查新文件...
2025-01-15 23:03:21,619 - 等待 3 分钟后重新检查新文件...
2025-01-15 23:06:21,624 - 等待 3 分钟后重新检查新文件...
2025-01-15 23:09:21,628 - 等待 3 分钟后重新检查新文件...
2025-01-15 23:12:21,636 - 等待 3 分钟后重新检查新文件...
2025-01-15 23:15:21,641 - 发现新的预测文件：202501152315.csv，执行预测...
2025-01-15 23:15:21,719 - 等待 3 分钟后重新检查新文件...
2025-01-15 23:18:21,733 - 等待 3 分钟后重新检查新文件...
2025-01-15 23:21:21,741 - 等待 3 分钟后重新检查新文件...
2025-01-15 23:24:21,747 - 等待 3 分钟后重新检查新文件...
2025-01-15 23:27:21,762 - 等待 3 分钟后重新检查新文件...
2025-01-15 23:30:21,768 - 发现新的预测文件：202501152330.csv，执行预测...
2025-01-15 23:30:21,839 - 等待 3 分钟后重新检查新文件...
2025-01-15 23:33:21,842 - 等待 3 分钟后重新检查新文件...
2025-01-15 23:36:21,852 - 等待 3 分钟后重新检查新文件...
2025-01-15 23:39:21,860 - 等待 3 分钟后重新检查新文件...
2025-01-15 23:42:21,871 - 等待 3 分钟后重新检查新文件...
2025-01-15 23:45:21,885 - 发现新的预测文件：202501152345.csv，执行预测...
2025-01-15 23:45:21,981 - 等待 3 分钟后重新检查新文件...
2025-01-15 23:48:21,995 - 等待 3 分钟后重新检查新文件...
2025-01-15 23:51:22,009 - 等待 3 分钟后重新检查新文件...
2025-01-15 23:54:22,020 - 等待 3 分钟后重新检查新文件...
2025-01-15 23:57:22,024 - 等待 3 分钟后重新检查新文件...
