2025-01-18 00:00:05,192 - 今天的日期是: 20250118
2025-01-18 00:00:05,192 - 开始监视 D:\my-vue-project\wind-power-forecast\backend\auto_scripts\dataset\dataset_supershort 文件夹以进行训练...
2025-01-18 00:00:05,192 - 未找到训练 CSV 文件，等待 30 秒后重试...
2025-01-18 00:00:05,193 - 开始监视 D:\my-vue-project\wind-power-forecast\backend\auto_scripts\precsv\supershortcsv\20250118 文件夹以进行预测...
2025-01-18 00:00:05,193 - 等待 3 分钟后重新检查新文件...
2025-01-18 00:00:35,202 - 未找到训练 CSV 文件，等待 30 秒后重试...
2025-01-18 00:01:05,204 - 未找到训练 CSV 文件，等待 30 秒后重试...
2025-01-18 00:01:35,217 - 未找到训练 CSV 文件，等待 30 秒后重试...
2025-01-18 00:02:05,229 - 未找到训练 CSV 文件，等待 30 秒后重试...
2025-01-18 00:02:35,242 - 未找到训练 CSV 文件，等待 30 秒后重试...
2025-01-18 00:03:05,201 - 发现新的预测文件：202501180000.csv，执行预测...
2025-01-18 00:03:05,268 - 未找到训练 CSV 文件，等待 30 秒后重试...
2025-01-18 00:03:05,362 - 等待 3 分钟后重新检查新文件...
2025-01-18 00:03:35,273 - 未找到训练 CSV 文件，等待 30 秒后重试...
2025-01-18 00:04:05,287 - 未找到训练 CSV 文件，等待 30 秒后重试...
2025-01-18 00:04:35,289 - 未找到训练 CSV 文件，等待 30 秒后重试...
2025-01-18 00:05:05,300 - 未找到训练 CSV 文件，等待 30 秒后重试...
2025-01-18 00:05:35,310 - 未找到训练 CSV 文件，等待 30 秒后重试...
2025-01-18 00:06:05,312 - 未找到训练 CSV 文件，等待 30 秒后重试...
2025-01-18 00:06:05,377 - 等待 3 分钟后重新检查新文件...
2025-01-18 00:06:35,318 - 未找到训练 CSV 文件，等待 30 秒后重试...
2025-01-18 00:07:05,329 - 未找到训练 CSV 文件，等待 30 秒后重试...
2025-01-18 00:07:35,333 - 未找到训练 CSV 文件，等待 30 秒后重试...
2025-01-18 00:08:05,347 - 未找到训练 CSV 文件，等待 30 秒后重试...
2025-01-18 00:08:35,361 - 未找到训练 CSV 文件，等待 30 秒后重试...
2025-01-18 00:09:05,372 - 未找到训练 CSV 文件，等待 30 秒后重试...
2025-01-18 00:09:05,387 - 等待 3 分钟后重新检查新文件...
2025-01-18 00:09:35,378 - 未找到训练 CSV 文件，等待 30 秒后重试...
2025-01-18 00:10:05,391 - 未找到训练 CSV 文件，等待 30 秒后重试...
2025-01-18 00:10:35,393 - 未找到训练 CSV 文件，等待 30 秒后重试...
2025-01-18 00:11:05,394 - 发现新的训练文件：D:\my-vue-project\wind-power-forecast\backend\auto_scripts\dataset\dataset_supershort\20250118.csv，执行训练...
2025-01-18 00:11:05,394 - 输出结果将保存到: D:\my-vue-project\wind-power-forecast\backend\auto_scripts\train_predictions\supershort_predictions
2025-01-18 00:11:06,513 - 数据加载与预处理完成
2025-01-18 00:11:06,832 - 数据标准化完成
2025-01-18 00:11:07,522 - 创建时间窗口完成
2025-01-18 00:11:07,522 - 获取模型参数完成
2025-01-18 00:12:05,395 - 等待 3 分钟后重新检查新文件...
2025-01-18 00:14:40,987 - 训练与评估完成
2025-01-18 00:14:41,002 - 保存预测结果完成
2025-01-18 00:14:41,217 - 可视化结果完成
2025-01-18 00:14:41,359 - 模型已成功保存到 D:\my-vue-project\wind-power-forecast\backend\auto_scripts\models\supershortmodel\20250118，模型可用。
2025-01-18 00:15:05,398 - 等待 3 分钟后重新检查新文件...
2025-01-18 00:18:05,411 - 发现新的预测文件：202501180015.csv，执行预测...
2025-01-18 00:18:05,524 - 等待 3 分钟后重新检查新文件...
2025-01-18 00:21:05,533 - 等待 3 分钟后重新检查新文件...
2025-01-18 00:24:05,547 - 等待 3 分钟后重新检查新文件...
2025-01-18 00:27:05,560 - 等待 3 分钟后重新检查新文件...
2025-01-18 00:30:05,576 - 等待 3 分钟后重新检查新文件...
2025-01-18 00:33:05,591 - 发现新的预测文件：202501180030.csv，执行预测...
2025-01-18 00:33:05,665 - 等待 3 分钟后重新检查新文件...
2025-01-18 00:36:05,679 - 等待 3 分钟后重新检查新文件...
2025-01-18 00:39:05,694 - 等待 3 分钟后重新检查新文件...
2025-01-18 00:42:05,712 - 等待 3 分钟后重新检查新文件...
2025-01-18 00:45:05,717 - 等待 3 分钟后重新检查新文件...
2025-01-18 00:48:05,727 - 发现新的预测文件：202501180045.csv，执行预测...
2025-01-18 00:48:05,801 - 等待 3 分钟后重新检查新文件...
2025-01-18 00:51:05,806 - 等待 3 分钟后重新检查新文件...
2025-01-18 00:54:05,815 - 等待 3 分钟后重新检查新文件...
2025-01-18 00:57:05,821 - 等待 3 分钟后重新检查新文件...
2025-01-18 01:00:05,830 - 等待 3 分钟后重新检查新文件...
2025-01-18 01:03:05,843 - 发现新的预测文件：202501180100.csv，执行预测...
2025-01-18 01:03:05,993 - 等待 3 分钟后重新检查新文件...
2025-01-18 01:06:06,005 - 等待 3 分钟后重新检查新文件...
2025-01-18 01:09:06,021 - 等待 3 分钟后重新检查新文件...
2025-01-18 01:12:06,035 - 等待 3 分钟后重新检查新文件...
2025-01-18 01:15:06,041 - 等待 3 分钟后重新检查新文件...
2025-01-18 01:18:06,058 - 发现新的预测文件：202501180115.csv，执行预测...
2025-01-18 01:18:06,194 - 等待 3 分钟后重新检查新文件...
2025-01-18 01:21:07,579 - 等待 3 分钟后重新检查新文件...
2025-01-18 01:24:07,581 - 等待 3 分钟后重新检查新文件...
2025-01-18 01:27:07,587 - 等待 3 分钟后重新检查新文件...
2025-01-18 01:30:07,600 - 等待 3 分钟后重新检查新文件...
2025-01-18 01:33:07,608 - 发现新的预测文件：202501180130.csv，执行预测...
2025-01-18 01:33:07,687 - 等待 3 分钟后重新检查新文件...
2025-01-18 01:36:07,690 - 等待 3 分钟后重新检查新文件...
2025-01-18 01:39:07,706 - 等待 3 分钟后重新检查新文件...
2025-01-18 01:42:07,711 - 等待 3 分钟后重新检查新文件...
2025-01-18 01:45:07,725 - 等待 3 分钟后重新检查新文件...
2025-01-18 01:48:07,727 - 发现新的预测文件：202501180145.csv，执行预测...
2025-01-18 01:48:07,797 - 等待 3 分钟后重新检查新文件...
2025-01-18 01:51:07,801 - 等待 3 分钟后重新检查新文件...
2025-01-18 01:54:07,811 - 等待 3 分钟后重新检查新文件...
2025-01-18 01:57:07,815 - 等待 3 分钟后重新检查新文件...
2025-01-18 02:00:07,823 - 等待 3 分钟后重新检查新文件...
2025-01-18 02:03:07,835 - 发现新的预测文件：202501180200.csv，执行预测...
2025-01-18 02:03:07,907 - 等待 3 分钟后重新检查新文件...
2025-01-18 02:06:07,912 - 等待 3 分钟后重新检查新文件...
2025-01-18 02:09:07,916 - 等待 3 分钟后重新检查新文件...
2025-01-18 02:12:07,932 - 等待 3 分钟后重新检查新文件...
2025-01-18 02:15:07,944 - 等待 3 分钟后重新检查新文件...
2025-01-18 02:18:07,953 - 发现新的预测文件：202501180215.csv，执行预测...
2025-01-18 02:18:08,028 - 等待 3 分钟后重新检查新文件...
2025-01-18 02:21:08,033 - 等待 3 分钟后重新检查新文件...
2025-01-18 02:24:08,044 - 等待 3 分钟后重新检查新文件...
2025-01-18 02:27:08,053 - 等待 3 分钟后重新检查新文件...
2025-01-18 02:30:08,065 - 等待 3 分钟后重新检查新文件...
2025-01-18 02:33:08,071 - 发现新的预测文件：202501180230.csv，执行预测...
2025-01-18 02:33:08,167 - 等待 3 分钟后重新检查新文件...
2025-01-18 02:36:08,174 - 等待 3 分钟后重新检查新文件...
2025-01-18 02:39:08,183 - 等待 3 分钟后重新检查新文件...
2025-01-18 02:42:08,185 - 等待 3 分钟后重新检查新文件...
2025-01-18 02:45:08,190 - 等待 3 分钟后重新检查新文件...
2025-01-18 02:48:08,200 - 发现新的预测文件：202501180245.csv，执行预测...
2025-01-18 02:48:08,268 - 等待 3 分钟后重新检查新文件...
2025-01-18 02:51:08,276 - 等待 3 分钟后重新检查新文件...
2025-01-18 02:54:08,290 - 等待 3 分钟后重新检查新文件...
2025-01-18 02:57:08,293 - 等待 3 分钟后重新检查新文件...
2025-01-18 03:00:08,302 - 等待 3 分钟后重新检查新文件...
2025-01-18 03:03:08,308 - 发现新的预测文件：202501180300.csv，执行预测...
2025-01-18 03:03:08,384 - 等待 3 分钟后重新检查新文件...
2025-01-18 03:06:08,394 - 等待 3 分钟后重新检查新文件...
2025-01-18 03:09:08,398 - 等待 3 分钟后重新检查新文件...
2025-01-18 03:12:08,412 - 等待 3 分钟后重新检查新文件...
2025-01-18 03:15:08,428 - 等待 3 分钟后重新检查新文件...
2025-01-18 03:18:08,442 - 发现新的预测文件：202501180315.csv，执行预测...
2025-01-18 03:18:08,529 - 等待 3 分钟后重新检查新文件...
2025-01-18 03:21:08,540 - 等待 3 分钟后重新检查新文件...
2025-01-18 03:24:08,554 - 等待 3 分钟后重新检查新文件...
2025-01-18 03:27:08,567 - 等待 3 分钟后重新检查新文件...
2025-01-18 03:30:08,581 - 等待 3 分钟后重新检查新文件...
2025-01-18 03:33:08,591 - 发现新的预测文件：202501180330.csv，执行预测...
2025-01-18 03:33:08,688 - 等待 3 分钟后重新检查新文件...
2025-01-18 03:36:08,693 - 等待 3 分钟后重新检查新文件...
2025-01-18 03:39:08,706 - 等待 3 分钟后重新检查新文件...
2025-01-18 03:42:08,715 - 等待 3 分钟后重新检查新文件...
2025-01-18 03:45:08,727 - 等待 3 分钟后重新检查新文件...
2025-01-18 03:48:08,733 - 发现新的预测文件：202501180345.csv，执行预测...
2025-01-18 03:48:08,817 - 等待 3 分钟后重新检查新文件...
2025-01-18 03:51:08,833 - 等待 3 分钟后重新检查新文件...
2025-01-18 03:54:08,848 - 等待 3 分钟后重新检查新文件...
2025-01-18 03:57:08,862 - 等待 3 分钟后重新检查新文件...
2025-01-18 04:00:08,870 - 等待 3 分钟后重新检查新文件...
2025-01-18 04:03:08,885 - 发现新的预测文件：202501180400.csv，执行预测...
2025-01-18 04:03:08,958 - 等待 3 分钟后重新检查新文件...
2025-01-18 04:06:08,965 - 等待 3 分钟后重新检查新文件...
2025-01-18 04:09:08,970 - 等待 3 分钟后重新检查新文件...
2025-01-18 04:12:08,982 - 等待 3 分钟后重新检查新文件...
2025-01-18 04:15:08,984 - 等待 3 分钟后重新检查新文件...
2025-01-18 04:18:08,991 - 发现新的预测文件：202501180415.csv，执行预测...
2025-01-18 04:18:09,098 - 等待 3 分钟后重新检查新文件...
2025-01-18 04:21:09,109 - 等待 3 分钟后重新检查新文件...
2025-01-18 04:24:09,125 - 等待 3 分钟后重新检查新文件...
2025-01-18 04:27:09,129 - 等待 3 分钟后重新检查新文件...
2025-01-18 04:30:09,135 - 等待 3 分钟后重新检查新文件...
2025-01-18 04:33:09,140 - 发现新的预测文件：202501180430.csv，执行预测...
2025-01-18 04:33:09,244 - 等待 3 分钟后重新检查新文件...
2025-01-18 04:36:09,248 - 等待 3 分钟后重新检查新文件...
2025-01-18 04:39:09,260 - 等待 3 分钟后重新检查新文件...
2025-01-18 04:42:09,274 - 等待 3 分钟后重新检查新文件...
2025-01-18 04:45:09,291 - 等待 3 分钟后重新检查新文件...
2025-01-18 04:48:09,300 - 发现新的预测文件：202501180445.csv，执行预测...
2025-01-18 04:48:09,376 - 等待 3 分钟后重新检查新文件...
2025-01-18 04:51:09,390 - 等待 3 分钟后重新检查新文件...
2025-01-18 04:54:09,404 - 等待 3 分钟后重新检查新文件...
2025-01-18 04:57:09,420 - 等待 3 分钟后重新检查新文件...
2025-01-18 05:00:09,435 - 等待 3 分钟后重新检查新文件...
2025-01-18 05:03:09,437 - 发现新的预测文件：202501180500.csv，执行预测...
2025-01-18 05:03:09,511 - 等待 3 分钟后重新检查新文件...
2025-01-18 05:06:09,521 - 等待 3 分钟后重新检查新文件...
2025-01-18 05:09:09,527 - 等待 3 分钟后重新检查新文件...
2025-01-18 05:12:09,532 - 等待 3 分钟后重新检查新文件...
2025-01-18 05:15:09,548 - 等待 3 分钟后重新检查新文件...
2025-01-18 05:18:09,559 - 发现新的预测文件：202501180515.csv，执行预测...
2025-01-18 05:18:09,646 - 等待 3 分钟后重新检查新文件...
2025-01-18 05:21:09,655 - 等待 3 分钟后重新检查新文件...
2025-01-18 05:24:09,661 - 等待 3 分钟后重新检查新文件...
2025-01-18 05:27:09,669 - 等待 3 分钟后重新检查新文件...
2025-01-18 05:30:09,675 - 等待 3 分钟后重新检查新文件...
2025-01-18 05:33:09,680 - 发现新的预测文件：202501180530.csv，执行预测...
2025-01-18 05:33:09,779 - 等待 3 分钟后重新检查新文件...
2025-01-18 05:36:09,791 - 等待 3 分钟后重新检查新文件...
2025-01-18 05:39:09,806 - 等待 3 分钟后重新检查新文件...
2025-01-18 05:42:09,817 - 等待 3 分钟后重新检查新文件...
2025-01-18 05:45:09,820 - 等待 3 分钟后重新检查新文件...
2025-01-18 05:48:09,834 - 发现新的预测文件：202501180545.csv，执行预测...
2025-01-18 05:48:09,918 - 等待 3 分钟后重新检查新文件...
2025-01-18 05:51:09,929 - 等待 3 分钟后重新检查新文件...
2025-01-18 05:54:09,945 - 等待 3 分钟后重新检查新文件...
2025-01-18 05:57:09,955 - 等待 3 分钟后重新检查新文件...
2025-01-18 06:00:09,964 - 等待 3 分钟后重新检查新文件...
2025-01-18 06:03:09,972 - 发现新的预测文件：202501180600.csv，执行预测...
2025-01-18 06:03:10,054 - 等待 3 分钟后重新检查新文件...
2025-01-18 06:06:10,069 - 等待 3 分钟后重新检查新文件...
2025-01-18 06:09:10,074 - 等待 3 分钟后重新检查新文件...
2025-01-18 06:12:10,078 - 等待 3 分钟后重新检查新文件...
2025-01-18 06:15:10,092 - 等待 3 分钟后重新检查新文件...
2025-01-18 06:18:10,098 - 发现新的预测文件：202501180615.csv，执行预测...
2025-01-18 06:18:10,182 - 等待 3 分钟后重新检查新文件...
2025-01-18 06:21:10,194 - 等待 3 分钟后重新检查新文件...
2025-01-18 06:24:10,207 - 等待 3 分钟后重新检查新文件...
2025-01-18 06:27:10,221 - 等待 3 分钟后重新检查新文件...
2025-01-18 06:30:10,228 - 等待 3 分钟后重新检查新文件...
2025-01-18 06:33:10,234 - 发现新的预测文件：202501180630.csv，执行预测...
2025-01-18 06:33:10,303 - 等待 3 分钟后重新检查新文件...
2025-01-18 06:36:10,312 - 等待 3 分钟后重新检查新文件...
2025-01-18 06:39:10,319 - 等待 3 分钟后重新检查新文件...
2025-01-18 06:42:10,321 - 等待 3 分钟后重新检查新文件...
2025-01-18 06:45:10,332 - 等待 3 分钟后重新检查新文件...
2025-01-18 06:48:10,344 - 发现新的预测文件：202501180645.csv，执行预测...
2025-01-18 06:48:10,438 - 等待 3 分钟后重新检查新文件...
2025-01-18 06:51:10,440 - 等待 3 分钟后重新检查新文件...
2025-01-18 06:54:10,448 - 等待 3 分钟后重新检查新文件...
2025-01-18 06:57:10,464 - 等待 3 分钟后重新检查新文件...
2025-01-18 07:00:10,466 - 等待 3 分钟后重新检查新文件...
2025-01-18 07:03:10,468 - 发现新的预测文件：202501180700.csv，执行预测...
2025-01-18 07:03:10,542 - 等待 3 分钟后重新检查新文件...
2025-01-18 07:06:10,554 - 等待 3 分钟后重新检查新文件...
2025-01-18 07:09:10,564 - 等待 3 分钟后重新检查新文件...
2025-01-18 07:12:10,577 - 等待 3 分钟后重新检查新文件...
2025-01-18 07:15:10,586 - 等待 3 分钟后重新检查新文件...
2025-01-18 07:18:10,589 - 发现新的预测文件：202501180715.csv，执行预测...
2025-01-18 07:18:10,664 - 等待 3 分钟后重新检查新文件...
2025-01-18 07:21:10,676 - 等待 3 分钟后重新检查新文件...
2025-01-18 07:24:10,689 - 等待 3 分钟后重新检查新文件...
2025-01-18 07:27:10,696 - 等待 3 分钟后重新检查新文件...
2025-01-18 07:30:10,711 - 等待 3 分钟后重新检查新文件...
2025-01-18 07:33:10,723 - 发现新的预测文件：202501180730.csv，执行预测...
2025-01-18 07:33:10,806 - 等待 3 分钟后重新检查新文件...
2025-01-18 07:36:10,816 - 等待 3 分钟后重新检查新文件...
2025-01-18 07:39:10,833 - 等待 3 分钟后重新检查新文件...
2025-01-18 07:42:10,837 - 等待 3 分钟后重新检查新文件...
2025-01-18 07:45:10,844 - 等待 3 分钟后重新检查新文件...
2025-01-18 07:48:10,847 - 发现新的预测文件：202501180745.csv，执行预测...
2025-01-18 07:48:10,936 - 等待 3 分钟后重新检查新文件...
2025-01-18 07:51:10,949 - 等待 3 分钟后重新检查新文件...
2025-01-18 07:54:10,957 - 等待 3 分钟后重新检查新文件...
2025-01-18 07:57:10,964 - 等待 3 分钟后重新检查新文件...
2025-01-18 08:00:10,971 - 等待 3 分钟后重新检查新文件...
2025-01-18 08:03:10,986 - 发现新的预测文件：202501180800.csv，执行预测...
2025-01-18 08:03:11,062 - 等待 3 分钟后重新检查新文件...
2025-01-18 08:06:11,069 - 等待 3 分钟后重新检查新文件...
2025-01-18 08:09:11,081 - 等待 3 分钟后重新检查新文件...
2025-01-18 08:12:11,089 - 等待 3 分钟后重新检查新文件...
2025-01-18 08:15:11,097 - 等待 3 分钟后重新检查新文件...
2025-01-18 08:18:11,112 - 发现新的预测文件：202501180815.csv，执行预测...
2025-01-18 08:18:11,206 - 等待 3 分钟后重新检查新文件...
2025-01-18 08:21:11,218 - 等待 3 分钟后重新检查新文件...
2025-01-18 08:24:11,220 - 等待 3 分钟后重新检查新文件...
2025-01-18 08:27:11,236 - 等待 3 分钟后重新检查新文件...
2025-01-18 08:30:11,247 - 等待 3 分钟后重新检查新文件...
2025-01-18 08:33:11,260 - 发现新的预测文件：202501180830.csv，执行预测...
2025-01-18 08:33:11,336 - 等待 3 分钟后重新检查新文件...
2025-01-18 08:36:11,352 - 等待 3 分钟后重新检查新文件...
2025-01-18 08:39:11,361 - 等待 3 分钟后重新检查新文件...
2025-01-18 08:42:11,365 - 等待 3 分钟后重新检查新文件...
2025-01-18 08:45:11,375 - 等待 3 分钟后重新检查新文件...
2025-01-18 08:48:11,377 - 发现新的预测文件：202501180845.csv，执行预测...
2025-01-18 08:48:11,472 - 等待 3 分钟后重新检查新文件...
2025-01-18 08:51:11,481 - 等待 3 分钟后重新检查新文件...
2025-01-18 08:54:11,484 - 等待 3 分钟后重新检查新文件...
2025-01-18 08:57:11,491 - 等待 3 分钟后重新检查新文件...
2025-01-18 09:00:11,508 - 等待 3 分钟后重新检查新文件...
2025-01-18 09:03:11,522 - 发现新的预测文件：202501180900.csv，执行预测...
2025-01-18 09:03:11,602 - 等待 3 分钟后重新检查新文件...
2025-01-18 09:06:11,617 - 等待 3 分钟后重新检查新文件...
2025-01-18 09:09:11,629 - 等待 3 分钟后重新检查新文件...
2025-01-18 09:12:11,640 - 等待 3 分钟后重新检查新文件...
2025-01-18 09:15:11,645 - 等待 3 分钟后重新检查新文件...
2025-01-18 09:18:11,658 - 发现新的预测文件：202501180915.csv，执行预测...
2025-01-18 09:18:11,747 - 等待 3 分钟后重新检查新文件...
2025-01-18 09:21:11,762 - 等待 3 分钟后重新检查新文件...
2025-01-18 09:24:11,780 - 等待 3 分钟后重新检查新文件...
2025-01-18 09:27:11,795 - 等待 3 分钟后重新检查新文件...
2025-01-18 09:30:11,812 - 等待 3 分钟后重新检查新文件...
2025-01-18 09:33:11,820 - 发现新的预测文件：202501180930.csv，执行预测...
2025-01-18 09:33:11,898 - 等待 3 分钟后重新检查新文件...
2025-01-18 09:36:11,914 - 等待 3 分钟后重新检查新文件...
2025-01-18 09:39:11,918 - 等待 3 分钟后重新检查新文件...
2025-01-18 09:42:11,933 - 等待 3 分钟后重新检查新文件...
2025-01-18 09:45:11,945 - 等待 3 分钟后重新检查新文件...
2025-01-18 09:48:11,960 - 发现新的预测文件：202501180945.csv，执行预测...
2025-01-18 09:48:12,058 - 等待 3 分钟后重新检查新文件...
2025-01-18 09:51:12,065 - 等待 3 分钟后重新检查新文件...
2025-01-18 09:54:12,067 - 等待 3 分钟后重新检查新文件...
2025-01-18 09:57:12,081 - 等待 3 分钟后重新检查新文件...
2025-01-18 10:00:12,092 - 等待 3 分钟后重新检查新文件...
2025-01-18 10:03:12,108 - 发现新的预测文件：202501181000.csv，执行预测...
2025-01-18 10:03:12,207 - 等待 3 分钟后重新检查新文件...
2025-01-18 10:06:12,221 - 等待 3 分钟后重新检查新文件...
2025-01-18 10:09:12,226 - 等待 3 分钟后重新检查新文件...
2025-01-18 10:12:12,235 - 等待 3 分钟后重新检查新文件...
2025-01-18 10:15:12,239 - 等待 3 分钟后重新检查新文件...
2025-01-18 10:18:12,245 - 发现新的预测文件：202501181015.csv，执行预测...
2025-01-18 10:18:12,327 - 等待 3 分钟后重新检查新文件...
2025-01-18 10:21:12,328 - 等待 3 分钟后重新检查新文件...
2025-01-18 10:24:12,338 - 等待 3 分钟后重新检查新文件...
2025-01-18 10:27:13,678 - 等待 3 分钟后重新检查新文件...
2025-01-18 10:30:13,685 - 等待 3 分钟后重新检查新文件...
2025-01-18 10:33:13,687 - 发现新的预测文件：202501181030.csv，执行预测...
2025-01-18 10:33:13,757 - 等待 3 分钟后重新检查新文件...
2025-01-18 10:36:13,769 - 等待 3 分钟后重新检查新文件...
2025-01-18 10:39:13,782 - 等待 3 分钟后重新检查新文件...
2025-01-18 10:42:13,796 - 等待 3 分钟后重新检查新文件...
2025-01-18 10:45:13,812 - 等待 3 分钟后重新检查新文件...
2025-01-18 10:48:13,822 - 发现新的预测文件：202501181045.csv，执行预测...
2025-01-18 10:48:13,889 - 等待 3 分钟后重新检查新文件...
2025-01-18 10:51:13,905 - 等待 3 分钟后重新检查新文件...
2025-01-18 10:54:13,912 - 等待 3 分钟后重新检查新文件...
2025-01-18 10:57:13,920 - 等待 3 分钟后重新检查新文件...
2025-01-18 11:00:13,925 - 等待 3 分钟后重新检查新文件...
2025-01-18 11:03:13,940 - 发现新的预测文件：202501181100.csv，执行预测...
2025-01-18 11:03:14,038 - 等待 3 分钟后重新检查新文件...
2025-01-18 11:06:14,042 - 等待 3 分钟后重新检查新文件...
2025-01-18 11:09:14,055 - 等待 3 分钟后重新检查新文件...
2025-01-18 11:12:14,066 - 等待 3 分钟后重新检查新文件...
2025-01-18 11:15:14,082 - 等待 3 分钟后重新检查新文件...
2025-01-18 11:18:14,095 - 发现新的预测文件：202501181115.csv，执行预测...
2025-01-18 11:18:14,177 - 等待 3 分钟后重新检查新文件...
2025-01-18 11:21:14,188 - 等待 3 分钟后重新检查新文件...
2025-01-18 11:24:14,196 - 等待 3 分钟后重新检查新文件...
2025-01-18 11:27:14,202 - 等待 3 分钟后重新检查新文件...
2025-01-18 11:30:14,216 - 等待 3 分钟后重新检查新文件...
2025-01-18 11:33:14,225 - 发现新的预测文件：202501181130.csv，执行预测...
2025-01-18 11:33:14,302 - 等待 3 分钟后重新检查新文件...
2025-01-18 11:36:14,315 - 等待 3 分钟后重新检查新文件...
2025-01-18 11:39:14,317 - 等待 3 分钟后重新检查新文件...
2025-01-18 11:42:14,322 - 等待 3 分钟后重新检查新文件...
2025-01-18 11:45:14,326 - 等待 3 分钟后重新检查新文件...
2025-01-18 11:48:14,337 - 发现新的预测文件：202501181145.csv，执行预测...
2025-01-18 11:48:14,401 - 等待 3 分钟后重新检查新文件...
2025-01-18 11:51:14,403 - 等待 3 分钟后重新检查新文件...
2025-01-18 11:54:14,406 - 等待 3 分钟后重新检查新文件...
2025-01-18 11:57:14,409 - 等待 3 分钟后重新检查新文件...
2025-01-18 12:00:14,415 - 等待 3 分钟后重新检查新文件...
2025-01-18 12:03:14,419 - 发现新的预测文件：202501181200.csv，执行预测...
2025-01-18 12:03:14,525 - 等待 3 分钟后重新检查新文件...
2025-01-18 12:06:14,536 - 等待 3 分钟后重新检查新文件...
2025-01-18 12:09:14,548 - 等待 3 分钟后重新检查新文件...
2025-01-18 12:12:14,554 - 等待 3 分钟后重新检查新文件...
2025-01-18 12:15:14,568 - 等待 3 分钟后重新检查新文件...
2025-01-18 12:18:14,576 - 发现新的预测文件：202501181215.csv，执行预测...
2025-01-18 12:18:14,655 - 等待 3 分钟后重新检查新文件...
2025-01-18 12:21:14,659 - 等待 3 分钟后重新检查新文件...
2025-01-18 12:24:14,676 - 等待 3 分钟后重新检查新文件...
2025-01-18 12:27:14,681 - 等待 3 分钟后重新检查新文件...
2025-01-18 12:30:14,685 - 等待 3 分钟后重新检查新文件...
2025-01-18 12:33:14,699 - 发现新的预测文件：202501181230.csv，执行预测...
2025-01-18 12:33:14,772 - 等待 3 分钟后重新检查新文件...
2025-01-18 12:36:14,785 - 等待 3 分钟后重新检查新文件...
2025-01-18 12:39:14,792 - 等待 3 分钟后重新检查新文件...
2025-01-18 12:42:14,806 - 等待 3 分钟后重新检查新文件...
2025-01-18 12:45:14,808 - 等待 3 分钟后重新检查新文件...
2025-01-18 12:48:14,825 - 发现新的预测文件：202501181245.csv，执行预测...
2025-01-18 12:48:14,900 - 等待 3 分钟后重新检查新文件...
2025-01-18 12:51:14,908 - 等待 3 分钟后重新检查新文件...
2025-01-18 12:54:14,924 - 等待 3 分钟后重新检查新文件...
2025-01-18 12:57:14,934 - 等待 3 分钟后重新检查新文件...
2025-01-18 13:00:14,939 - 等待 3 分钟后重新检查新文件...
2025-01-18 13:03:14,955 - 发现新的预测文件：202501181300.csv，执行预测...
2025-01-18 13:03:15,044 - 等待 3 分钟后重新检查新文件...
2025-01-18 13:06:15,051 - 等待 3 分钟后重新检查新文件...
2025-01-18 13:09:15,062 - 等待 3 分钟后重新检查新文件...
2025-01-18 13:12:15,066 - 等待 3 分钟后重新检查新文件...
2025-01-18 13:15:15,076 - 等待 3 分钟后重新检查新文件...
2025-01-18 13:18:15,090 - 发现新的预测文件：202501181315.csv，执行预测...
2025-01-18 13:18:15,174 - 等待 3 分钟后重新检查新文件...
2025-01-18 13:21:15,187 - 等待 3 分钟后重新检查新文件...
2025-01-18 13:24:15,191 - 等待 3 分钟后重新检查新文件...
2025-01-18 13:27:15,194 - 等待 3 分钟后重新检查新文件...
2025-01-18 13:30:15,201 - 等待 3 分钟后重新检查新文件...
2025-01-18 13:33:15,208 - 发现新的预测文件：202501181330.csv，执行预测...
2025-01-18 13:33:15,297 - 等待 3 分钟后重新检查新文件...
2025-01-18 13:36:15,303 - 等待 3 分钟后重新检查新文件...
2025-01-18 13:39:15,316 - 等待 3 分钟后重新检查新文件...
2025-01-18 13:42:15,333 - 等待 3 分钟后重新检查新文件...
2025-01-18 13:45:15,344 - 等待 3 分钟后重新检查新文件...
2025-01-18 13:48:15,356 - 发现新的预测文件：202501181345.csv，执行预测...
2025-01-18 13:48:15,458 - 等待 3 分钟后重新检查新文件...
2025-01-18 13:51:15,465 - 等待 3 分钟后重新检查新文件...
2025-01-18 13:54:15,469 - 等待 3 分钟后重新检查新文件...
2025-01-18 13:57:15,484 - 等待 3 分钟后重新检查新文件...
2025-01-18 14:00:15,491 - 等待 3 分钟后重新检查新文件...
2025-01-18 14:03:15,495 - 发现新的预测文件：202501181400.csv，执行预测...
2025-01-18 14:03:15,578 - 等待 3 分钟后重新检查新文件...
2025-01-18 14:06:15,587 - 等待 3 分钟后重新检查新文件...
2025-01-18 14:09:15,594 - 等待 3 分钟后重新检查新文件...
2025-01-18 14:12:15,603 - 等待 3 分钟后重新检查新文件...
2025-01-18 14:15:15,610 - 等待 3 分钟后重新检查新文件...
2025-01-18 14:18:15,621 - 发现新的预测文件：202501181415.csv，执行预测...
2025-01-18 14:18:15,731 - 等待 3 分钟后重新检查新文件...
2025-01-18 14:21:15,743 - 等待 3 分钟后重新检查新文件...
2025-01-18 14:24:15,754 - 等待 3 分钟后重新检查新文件...
2025-01-18 14:27:15,762 - 等待 3 分钟后重新检查新文件...
2025-01-18 14:30:15,778 - 等待 3 分钟后重新检查新文件...
2025-01-18 14:33:15,785 - 发现新的预测文件：202501181430.csv，执行预测...
2025-01-18 14:33:15,859 - 等待 3 分钟后重新检查新文件...
2025-01-18 14:36:15,865 - 等待 3 分钟后重新检查新文件...
2025-01-18 14:39:15,882 - 等待 3 分钟后重新检查新文件...
2025-01-18 14:42:15,892 - 等待 3 分钟后重新检查新文件...
2025-01-18 14:45:15,905 - 等待 3 分钟后重新检查新文件...
2025-01-18 14:48:15,911 - 发现新的预测文件：202501181445.csv，执行预测...
2025-01-18 14:48:15,982 - 等待 3 分钟后重新检查新文件...
2025-01-18 14:51:15,992 - 等待 3 分钟后重新检查新文件...
2025-01-18 14:54:16,007 - 等待 3 分钟后重新检查新文件...
2025-01-18 14:57:16,015 - 等待 3 分钟后重新检查新文件...
2025-01-18 15:00:16,028 - 等待 3 分钟后重新检查新文件...
2025-01-18 15:03:16,038 - 发现新的预测文件：202501181500.csv，执行预测...
2025-01-18 15:03:16,112 - 等待 3 分钟后重新检查新文件...
2025-01-18 15:06:16,122 - 等待 3 分钟后重新检查新文件...
2025-01-18 15:09:16,131 - 等待 3 分钟后重新检查新文件...
2025-01-18 15:12:16,146 - 等待 3 分钟后重新检查新文件...
2025-01-18 15:15:16,154 - 等待 3 分钟后重新检查新文件...
2025-01-18 15:18:16,171 - 发现新的预测文件：202501181515.csv，执行预测...
2025-01-18 15:18:16,271 - 等待 3 分钟后重新检查新文件...
2025-01-18 15:21:16,288 - 等待 3 分钟后重新检查新文件...
2025-01-18 15:24:16,306 - 等待 3 分钟后重新检查新文件...
2025-01-18 15:27:16,315 - 等待 3 分钟后重新检查新文件...
2025-01-18 15:30:16,322 - 等待 3 分钟后重新检查新文件...
2025-01-18 15:33:16,327 - 发现新的预测文件：202501181530.csv，执行预测...
2025-01-18 15:33:16,405 - 等待 3 分钟后重新检查新文件...
2025-01-18 15:36:16,421 - 等待 3 分钟后重新检查新文件...
2025-01-18 15:39:16,427 - 等待 3 分钟后重新检查新文件...
2025-01-18 15:42:16,440 - 等待 3 分钟后重新检查新文件...
2025-01-18 15:45:16,447 - 等待 3 分钟后重新检查新文件...
2025-01-18 15:48:16,453 - 发现新的预测文件：202501181545.csv，执行预测...
2025-01-18 15:48:16,551 - 等待 3 分钟后重新检查新文件...
2025-01-18 15:51:16,564 - 等待 3 分钟后重新检查新文件...
2025-01-18 15:54:16,567 - 等待 3 分钟后重新检查新文件...
2025-01-18 15:57:16,582 - 等待 3 分钟后重新检查新文件...
2025-01-18 16:00:16,597 - 等待 3 分钟后重新检查新文件...
2025-01-18 16:03:16,602 - 发现新的预测文件：202501181600.csv，执行预测...
2025-01-18 16:03:16,667 - 等待 3 分钟后重新检查新文件...
2025-01-18 16:06:16,669 - 等待 3 分钟后重新检查新文件...
2025-01-18 16:09:16,685 - 等待 3 分钟后重新检查新文件...
2025-01-18 16:12:16,701 - 等待 3 分钟后重新检查新文件...
2025-01-18 16:15:16,708 - 等待 3 分钟后重新检查新文件...
2025-01-18 16:18:16,722 - 发现新的预测文件：202501181615.csv，执行预测...
2025-01-18 16:18:16,839 - 等待 3 分钟后重新检查新文件...
2025-01-18 16:21:16,855 - 等待 3 分钟后重新检查新文件...
2025-01-18 16:24:16,872 - 等待 3 分钟后重新检查新文件...
2025-01-18 16:27:16,887 - 等待 3 分钟后重新检查新文件...
2025-01-18 16:30:16,901 - 等待 3 分钟后重新检查新文件...
2025-01-18 16:33:16,913 - 发现新的预测文件：202501181630.csv，执行预测...
2025-01-18 16:33:16,995 - 等待 3 分钟后重新检查新文件...
2025-01-18 16:36:17,010 - 等待 3 分钟后重新检查新文件...
2025-01-18 16:39:17,021 - 等待 3 分钟后重新检查新文件...
2025-01-18 16:42:17,035 - 等待 3 分钟后重新检查新文件...
2025-01-18 16:45:17,043 - 等待 3 分钟后重新检查新文件...
2025-01-18 16:48:17,058 - 发现新的预测文件：202501181645.csv，执行预测...
2025-01-18 16:48:17,129 - 等待 3 分钟后重新检查新文件...
2025-01-18 16:51:17,134 - 等待 3 分钟后重新检查新文件...
2025-01-18 16:54:17,147 - 等待 3 分钟后重新检查新文件...
2025-01-18 16:57:17,160 - 等待 3 分钟后重新检查新文件...
2025-01-18 17:00:17,174 - 等待 3 分钟后重新检查新文件...
2025-01-18 17:03:17,188 - 发现新的预测文件：202501181700.csv，执行预测...
2025-01-18 17:03:17,259 - 等待 3 分钟后重新检查新文件...
2025-01-18 17:06:17,276 - 等待 3 分钟后重新检查新文件...
2025-01-18 17:09:17,281 - 等待 3 分钟后重新检查新文件...
2025-01-18 17:12:17,297 - 等待 3 分钟后重新检查新文件...
2025-01-18 17:15:17,312 - 等待 3 分钟后重新检查新文件...
2025-01-18 17:18:17,324 - 发现新的预测文件：202501181715.csv，执行预测...
2025-01-18 17:18:17,425 - 等待 3 分钟后重新检查新文件...
2025-01-18 17:21:17,436 - 等待 3 分钟后重新检查新文件...
2025-01-18 17:24:17,447 - 等待 3 分钟后重新检查新文件...
2025-01-18 17:27:17,464 - 等待 3 分钟后重新检查新文件...
2025-01-18 17:30:17,476 - 等待 3 分钟后重新检查新文件...
2025-01-18 21:48:49,898 - 今天的日期是: 20250118
2025-01-18 21:48:49,900 - 开始监视 D:\my-vue-project\wind-power-forecast\backend\auto_scripts\dataset\dataset_supershort 文件夹以进行训练...
2025-01-18 21:48:49,900 - 今天的训练已经执行过，跳过...
2025-01-18 21:48:49,900 - 开始监视 D:\my-vue-project\wind-power-forecast\backend\auto_scripts\precsv\supershortcsv\20250118 文件夹以进行预测...
2025-01-18 21:48:49,900 - 发现新的预测文件：202501180000.csv，执行预测...
2025-01-18 21:48:50,068 - 发现新的预测文件：202501180015.csv，执行预测...
2025-01-18 21:48:50,139 - 发现新的预测文件：202501180030.csv，执行预测...
2025-01-18 21:48:50,207 - 发现新的预测文件：202501180045.csv，执行预测...
2025-01-18 21:48:50,295 - 发现新的预测文件：202501180100.csv，执行预测...
2025-01-18 21:48:50,428 - 发现新的预测文件：202501180115.csv，执行预测...
2025-01-18 21:48:50,514 - 发现新的预测文件：202501180130.csv，执行预测...
2025-01-18 21:48:50,584 - 发现新的预测文件：202501180145.csv，执行预测...
2025-01-18 21:48:50,654 - 发现新的预测文件：202501180200.csv，执行预测...
2025-01-18 21:48:50,723 - 发现新的预测文件：202501180215.csv，执行预测...
2025-01-18 21:48:50,815 - 发现新的预测文件：202501180230.csv，执行预测...
2025-01-18 21:48:50,880 - 发现新的预测文件：202501180245.csv，执行预测...
2025-01-18 21:48:50,957 - 发现新的预测文件：202501180300.csv，执行预测...
2025-01-18 21:48:51,023 - 发现新的预测文件：202501180315.csv，执行预测...
2025-01-18 21:48:51,115 - 发现新的预测文件：202501180330.csv，执行预测...
2025-01-18 21:48:51,191 - 发现新的预测文件：202501180345.csv，执行预测...
2025-01-18 21:48:51,262 - 发现新的预测文件：202501180400.csv，执行预测...
2025-01-18 21:48:51,320 - 发现新的预测文件：202501180415.csv，执行预测...
2025-01-18 21:48:51,428 - 发现新的预测文件：202501180430.csv，执行预测...
2025-01-18 21:48:51,501 - 发现新的预测文件：202501180445.csv，执行预测...
2025-01-18 21:48:51,568 - 发现新的预测文件：202501180500.csv，执行预测...
2025-01-18 21:48:51,650 - 发现新的预测文件：202501180515.csv，执行预测...
2025-01-18 21:48:51,733 - 发现新的预测文件：202501180530.csv，执行预测...
2025-01-18 21:48:51,796 - 发现新的预测文件：202501180545.csv，执行预测...
2025-01-18 21:48:51,873 - 发现新的预测文件：202501180600.csv，执行预测...
2025-01-18 21:48:51,950 - 发现新的预测文件：202501180615.csv，执行预测...
2025-01-18 21:48:52,049 - 发现新的预测文件：202501180630.csv，执行预测...
2025-01-18 21:48:52,139 - 发现新的预测文件：202501180645.csv，执行预测...
2025-01-18 21:48:52,201 - 发现新的预测文件：202501180700.csv，执行预测...
2025-01-18 21:48:52,276 - 发现新的预测文件：202501180715.csv，执行预测...
2025-01-18 21:48:52,351 - 发现新的预测文件：202501180730.csv，执行预测...
2025-01-18 21:48:52,455 - 发现新的预测文件：202501180745.csv，执行预测...
2025-01-18 21:48:52,525 - 发现新的预测文件：202501180800.csv，执行预测...
2025-01-18 21:48:52,588 - 发现新的预测文件：202501180815.csv，执行预测...
2025-01-18 21:48:52,668 - 发现新的预测文件：202501180830.csv，执行预测...
2025-01-18 21:48:52,771 - 发现新的预测文件：202501180845.csv，执行预测...
2025-01-18 21:48:52,854 - 发现新的预测文件：202501180900.csv，执行预测...
2025-01-18 21:48:52,927 - 发现新的预测文件：202501180915.csv，执行预测...
2025-01-18 21:48:52,996 - 发现新的预测文件：202501180930.csv，执行预测...
2025-01-18 21:48:53,063 - 发现新的预测文件：202501180945.csv，执行预测...
2025-01-18 21:48:53,148 - 发现新的预测文件：202501181000.csv，执行预测...
2025-01-18 21:48:53,215 - 发现新的预测文件：202501181015.csv，执行预测...
2025-01-18 21:48:53,279 - 发现新的预测文件：202501181030.csv，执行预测...
2025-01-18 21:48:53,368 - 发现新的预测文件：202501181045.csv，执行预测...
2025-01-18 21:48:53,466 - 发现新的预测文件：202501181100.csv，执行预测...
2025-01-18 21:48:53,555 - 发现新的预测文件：202501181115.csv，执行预测...
2025-01-18 21:48:53,640 - 发现新的预测文件：202501181130.csv，执行预测...
2025-01-18 21:48:53,717 - 发现新的预测文件：202501181145.csv，执行预测...
2025-01-18 21:48:53,803 - 发现新的预测文件：202501181200.csv，执行预测...
2025-01-18 21:48:53,876 - 发现新的预测文件：202501181215.csv，执行预测...
2025-01-18 21:48:53,943 - 发现新的预测文件：202501181230.csv，执行预测...
2025-01-18 21:48:54,010 - 发现新的预测文件：202501181245.csv，执行预测...
2025-01-18 21:48:54,110 - 发现新的预测文件：202501181300.csv，执行预测...
2025-01-18 21:48:54,181 - 发现新的预测文件：202501181315.csv，执行预测...
2025-01-18 21:48:54,255 - 发现新的预测文件：202501181330.csv，执行预测...
2025-01-18 21:48:54,335 - 发现新的预测文件：202501181345.csv，执行预测...
2025-01-18 21:48:54,399 - 发现新的预测文件：202501181400.csv，执行预测...
2025-01-18 21:48:54,505 - 发现新的预测文件：202501181415.csv，执行预测...
2025-01-18 21:48:54,589 - 发现新的预测文件：202501181430.csv，执行预测...
2025-01-18 21:48:54,666 - 发现新的预测文件：202501181445.csv，执行预测...
2025-01-18 21:48:54,737 - 发现新的预测文件：202501181500.csv，执行预测...
2025-01-18 21:48:54,844 - 发现新的预测文件：202501181515.csv，执行预测...
2025-01-18 21:48:54,905 - 发现新的预测文件：202501181530.csv，执行预测...
2025-01-18 21:48:54,970 - 发现新的预测文件：202501181545.csv，执行预测...
2025-01-18 21:48:55,027 - 发现新的预测文件：202501181600.csv，执行预测...
2025-01-18 21:48:55,138 - 发现新的预测文件：202501181615.csv，执行预测...
2025-01-18 21:48:55,206 - 发现新的预测文件：202501181630.csv，执行预测...
2025-01-18 21:48:55,281 - 发现新的预测文件：202501181645.csv，执行预测...
2025-01-18 21:48:55,347 - 发现新的预测文件：202501181700.csv，执行预测...
2025-01-18 21:48:55,444 - 发现新的预测文件：202501181715.csv，执行预测...
2025-01-18 21:48:55,503 - 发现新的预测文件：202501181730.csv，执行预测...
2025-01-18 21:48:55,589 - 等待 3 分钟后重新检查新文件...
2025-01-18 21:51:55,604 - 等待 3 分钟后重新检查新文件...
2025-01-18 21:54:55,615 - 等待 3 分钟后重新检查新文件...
2025-01-18 21:57:55,622 - 等待 3 分钟后重新检查新文件...
2025-01-18 22:00:55,637 - 发现新的预测文件：202501182200.csv，执行预测...
2025-01-18 22:00:55,760 - 等待 3 分钟后重新检查新文件...
2025-01-18 22:03:55,777 - 等待 3 分钟后重新检查新文件...
2025-01-18 22:06:55,780 - 等待 3 分钟后重新检查新文件...
2025-01-18 22:09:55,794 - 等待 3 分钟后重新检查新文件...
2025-01-18 22:12:55,797 - 等待 3 分钟后重新检查新文件...
2025-01-18 22:15:55,802 - 发现新的预测文件：202501182215.csv，执行预测...
2025-01-18 22:15:55,924 - 等待 3 分钟后重新检查新文件...
2025-01-18 22:18:55,930 - 等待 3 分钟后重新检查新文件...
2025-01-18 22:21:55,939 - 等待 3 分钟后重新检查新文件...
2025-01-18 22:24:55,950 - 等待 3 分钟后重新检查新文件...
2025-01-18 22:27:55,967 - 等待 3 分钟后重新检查新文件...
2025-01-18 22:30:55,977 - 发现新的预测文件：202501182230.csv，执行预测...
2025-01-18 22:30:56,130 - 等待 3 分钟后重新检查新文件...
2025-01-18 22:33:56,145 - 等待 3 分钟后重新检查新文件...
2025-01-18 22:36:56,163 - 等待 3 分钟后重新检查新文件...
2025-01-18 22:39:56,179 - 等待 3 分钟后重新检查新文件...
2025-01-18 22:42:56,184 - 等待 3 分钟后重新检查新文件...
2025-01-18 22:45:56,191 - 发现新的预测文件：202501182245.csv，执行预测...
2025-01-18 22:45:56,310 - 等待 3 分钟后重新检查新文件...
2025-01-18 22:48:56,324 - 等待 3 分钟后重新检查新文件...
2025-01-18 22:51:56,333 - 等待 3 分钟后重新检查新文件...
2025-01-18 22:54:56,335 - 等待 3 分钟后重新检查新文件...
2025-01-18 22:57:56,354 - 等待 3 分钟后重新检查新文件...
2025-01-18 23:00:56,360 - 发现新的预测文件：202501182300.csv，执行预测...
2025-01-18 23:00:56,479 - 等待 3 分钟后重新检查新文件...
2025-01-18 23:03:56,486 - 等待 3 分钟后重新检查新文件...
2025-01-18 23:06:56,504 - 等待 3 分钟后重新检查新文件...
2025-01-18 23:09:56,518 - 等待 3 分钟后重新检查新文件...
2025-01-18 23:12:56,533 - 等待 3 分钟后重新检查新文件...
2025-01-18 23:15:56,550 - 发现新的预测文件：202501182315.csv，执行预测...
2025-01-18 23:15:56,674 - 等待 3 分钟后重新检查新文件...
2025-01-18 23:18:56,683 - 等待 3 分钟后重新检查新文件...
2025-01-18 23:21:56,689 - 等待 3 分钟后重新检查新文件...
2025-01-18 23:24:56,704 - 等待 3 分钟后重新检查新文件...
2025-01-18 23:27:56,712 - 等待 3 分钟后重新检查新文件...
2025-01-18 23:30:56,722 - 发现新的预测文件：202501182330.csv，执行预测...
2025-01-18 23:30:56,876 - 等待 3 分钟后重新检查新文件...
2025-01-18 23:33:56,882 - 等待 3 分钟后重新检查新文件...
2025-01-18 23:36:56,894 - 等待 3 分钟后重新检查新文件...
2025-01-18 23:39:56,912 - 等待 3 分钟后重新检查新文件...
2025-01-18 23:42:56,927 - 等待 3 分钟后重新检查新文件...
2025-01-18 23:45:56,938 - 发现新的预测文件：202501182345.csv，执行预测...
2025-01-18 23:45:57,059 - 等待 3 分钟后重新检查新文件...
2025-01-18 23:48:57,068 - 等待 3 分钟后重新检查新文件...
2025-01-18 23:51:57,082 - 等待 3 分钟后重新检查新文件...
2025-01-18 23:54:57,097 - 等待 3 分钟后重新检查新文件...
2025-01-18 23:57:57,108 - 等待 3 分钟后重新检查新文件...
