2025-01-10 14:34:40,714 - 今天的日期是: 20250110
2025-01-10 14:34:40,715 - 开始监视 D:\my-vue-project\wind-power-forecast\backend\auto_scripts\dataset\dataset_supershort 文件夹以进行训练...
2025-01-10 14:34:40,715 - 发现新的训练文件：D:\my-vue-project\wind-power-forecast\backend\auto_scripts\dataset\dataset_supershort\20250110.csv，执行训练...
2025-01-10 14:34:40,715 - 输出结果将保存到: D:\my-vue-project\wind-power-forecast\backend\auto_scripts\train_predictions\supershort_predictions
2025-01-10 14:34:42,172 - 数据加载与预处理完成
2025-01-10 14:34:42,711 - 数据标准化完成
2025-01-10 14:34:44,105 - 创建时间窗口完成
2025-01-10 14:34:44,105 - 获取模型参数完成
2025-01-10 14:36:40,460 - 今天的日期是: 20250110
2025-01-10 14:36:40,461 - 开始监视 D:\my-vue-project\wind-power-forecast\backend\auto_scripts\dataset\dataset_supershort 文件夹以进行训练...
2025-01-10 14:36:40,461 - 未找到训练 CSV 文件，等待 30 秒后重试...
2025-01-10 14:37:10,465 - 未找到训练 CSV 文件，等待 30 秒后重试...
2025-01-10 14:37:40,467 - 未找到训练 CSV 文件，等待 30 秒后重试...
2025-01-10 14:38:10,476 - 发现新的训练文件：D:\my-vue-project\wind-power-forecast\backend\auto_scripts\dataset\dataset_supershort\20250110.csv，执行训练...
2025-01-10 14:38:10,476 - 输出结果将保存到: D:\my-vue-project\wind-power-forecast\backend\auto_scripts\train_predictions\supershort_predictions
2025-01-10 14:38:11,804 - 数据加载与预处理完成
2025-01-10 14:38:12,318 - 数据标准化完成
2025-01-10 14:38:13,288 - 创建时间窗口完成
2025-01-10 14:38:13,288 - 获取模型参数完成
2025-01-10 14:47:28,306 - 训练与评估完成
2025-01-10 14:47:28,453 - 保存预测结果完成
2025-01-10 14:47:29,003 - 可视化结果完成
2025-01-10 14:47:29,335 - 模型已成功保存到 D:\my-vue-project\wind-power-forecast\backend\auto_scripts\models\supershortmodel\20250110，模型可用。
2025-01-10 14:47:29,337 - 今天的训练和预测任务已完成。
2025-01-10 14:50:49,519 - 今天的日期是: 20250110
2025-01-10 14:50:49,520 - 开始监视 D:\my-vue-project\wind-power-forecast\backend\auto_scripts\dataset\dataset_supershort 文件夹以进行训练...
2025-01-10 14:50:49,520 - 今天的训练已经执行过，跳过...
2025-01-10 14:50:49,521 - 今天的训练和预测任务已完成。
2025-01-10 15:11:56,361 - 今天的日期是: 20250110
2025-01-10 15:11:56,361 - 开始监视 D:\my-vue-project\wind-power-forecast\backend\auto_scripts\precsv\supershortcsv\20250110 文件夹以进行预测...
2025-01-10 15:56:48,109 - 今天的日期是: 20250110
2025-01-10 15:56:48,110 - 开始监视 D:\my-vue-project\wind-power-forecast\backend\auto_scripts\precsv\supershortcsv\20250110 文件夹以进行预测...
2025-01-10 15:56:48,110 - 模型不可用，等待模型训练完成...
2025-01-10 15:57:18,119 - 模型不可用，等待模型训练完成...
2025-01-10 15:57:48,123 - 模型不可用，等待模型训练完成...
2025-01-10 15:58:18,138 - 模型不可用，等待模型训练完成...
2025-01-10 15:58:48,147 - 模型不可用，等待模型训练完成...
2025-01-10 15:59:18,160 - 模型不可用，等待模型训练完成...
2025-01-10 15:59:48,166 - 模型不可用，等待模型训练完成...
2025-01-10 16:00:18,172 - 模型不可用，等待模型训练完成...
2025-01-10 16:09:00,252 - 今天的日期是: 20250110
2025-01-10 16:09:00,253 - 开始监视 D:\my-vue-project\wind-power-forecast\backend\auto_scripts\precsv\supershortcsv\20250110 文件夹以进行预测...
2025-01-10 16:09:00,253 - 模型不可用，等待模型训练完成...
2025-01-10 16:09:30,266 - 模型不可用，等待模型训练完成...
2025-01-10 16:10:00,290 - 模型不可用，等待模型训练完成...
2025-01-10 16:10:30,305 - 模型不可用，等待模型训练完成...
2025-01-10 16:11:00,308 - 模型不可用，等待模型训练完成...
2025-01-10 16:11:30,313 - 模型不可用，等待模型训练完成...
2025-01-10 16:12:00,330 - 模型不可用，等待模型训练完成...
2025-01-10 16:12:30,344 - 模型不可用，等待模型训练完成...
2025-01-10 16:13:00,355 - 模型不可用，等待模型训练完成...
2025-01-10 16:13:30,376 - 模型不可用，等待模型训练完成...
2025-01-10 16:15:04,484 - 今天的日期是: 20250110
2025-01-10 16:15:04,485 - 开始监视 D:\my-vue-project\wind-power-forecast\backend\auto_scripts\precsv\supershortcsv\20250110 文件夹以进行预测...
2025-01-10 16:15:04,485 - 模型不可用，等待模型训练完成...
2025-01-10 16:15:34,494 - 模型不可用，等待模型训练完成...
2025-01-10 16:16:04,495 - 模型不可用，等待模型训练完成...
2025-01-10 16:16:34,499 - 模型不可用，等待模型训练完成...
2025-01-10 16:17:04,505 - 模型不可用，等待模型训练完成...
2025-01-10 16:19:52,282 - 今天的日期是: 20250110
2025-01-10 16:19:52,282 - 开始监视 D:\my-vue-project\wind-power-forecast\backend\auto_scripts\precsv\supershortcsv\20250110 文件夹以进行预测...
2025-01-10 16:19:52,282 - 模型不可用，等待模型训练完成...
2025-01-10 16:20:22,293 - 模型不可用，等待模型训练完成...
2025-01-10 16:20:52,302 - 模型不可用，等待模型训练完成...
2025-01-10 16:21:22,304 - 模型不可用，等待模型训练完成...
2025-01-10 16:21:52,319 - 模型不可用，等待模型训练完成...
2025-01-10 16:22:22,325 - 模型不可用，等待模型训练完成...
2025-01-10 16:22:52,331 - 模型不可用，等待模型训练完成...
2025-01-10 16:23:51,037 - 今天的日期是: 20250110
2025-01-10 16:23:51,038 - 开始监视 D:\my-vue-project\wind-power-forecast\backend\auto_scripts\dataset\dataset_supershort 文件夹以进行训练...
2025-01-10 16:23:51,038 - 未找到训练 CSV 文件，等待 30 秒后重试...
2025-01-10 16:23:51,038 - 开始监视 D:\my-vue-project\wind-power-forecast\backend\auto_scripts\precsv\supershortcsv\20250110 文件夹以进行预测...
2025-01-10 16:23:51,038 - 模型不可用，等待模型训练完成...
2025-01-10 16:24:21,054 - 模型不可用，等待模型训练完成...
2025-01-10 16:24:21,055 - 未找到训练 CSV 文件，等待 30 秒后重试...
2025-01-10 16:24:51,057 - 模型不可用，等待模型训练完成...
2025-01-10 16:24:51,057 - 未找到训练 CSV 文件，等待 30 秒后重试...
2025-01-10 16:25:21,071 - 模型不可用，等待模型训练完成...
2025-01-10 16:25:21,072 - 未找到训练 CSV 文件，等待 30 秒后重试...
2025-01-10 16:25:51,076 - 模型不可用，等待模型训练完成...
2025-01-10 16:25:51,076 - 发现新的训练文件：D:\my-vue-project\wind-power-forecast\backend\auto_scripts\dataset\dataset_supershort\20250110.csv，执行训练...
2025-01-10 16:25:51,076 - 输出结果将保存到: D:\my-vue-project\wind-power-forecast\backend\auto_scripts\train_predictions\supershort_predictions
2025-01-10 16:25:52,308 - 数据加载与预处理完成
2025-01-10 16:25:52,638 - 数据标准化完成
2025-01-10 16:25:53,392 - 创建时间窗口完成
2025-01-10 16:25:53,392 - 获取模型参数完成
2025-01-10 16:26:21,079 - 模型不可用，等待模型训练完成...
2025-01-10 16:26:51,084 - 模型不可用，等待模型训练完成...
2025-01-10 16:27:21,093 - 模型不可用，等待模型训练完成...
2025-01-10 16:27:51,108 - 模型不可用，等待模型训练完成...
2025-01-10 16:28:21,123 - 模型不可用，等待模型训练完成...
2025-01-10 16:28:51,132 - 模型不可用，等待模型训练完成...
2025-01-10 16:29:19,459 - 训练与评估完成
2025-01-10 16:29:19,483 - 保存预测结果完成
2025-01-10 16:29:19,717 - 可视化结果完成
2025-01-10 16:29:19,839 - 模型已成功保存到 D:\my-vue-project\wind-power-forecast\backend\auto_scripts\models\supershortmodel\20250110，模型可用。
2025-01-10 16:29:21,136 - 发现新的预测文件：202501101615.csv，执行预测...
2025-01-10 16:29:21,229 - 等待 3 分钟后重新检查新文件...
2025-01-10 16:32:21,238 - 发现新的预测文件：202501101630.csv，执行预测...
2025-01-10 16:32:21,414 - 等待 3 分钟后重新检查新文件...
2025-01-10 16:35:21,421 - 等待 3 分钟后重新检查新文件...
2025-01-10 16:38:21,424 - 等待 3 分钟后重新检查新文件...
2025-01-10 16:41:21,426 - 等待 3 分钟后重新检查新文件...
2025-01-10 16:44:21,430 - 等待 3 分钟后重新检查新文件...
2025-01-10 16:47:21,432 - 发现新的预测文件：202501101645.csv，执行预测...
2025-01-10 16:47:21,516 - 等待 3 分钟后重新检查新文件...
2025-01-10 16:50:21,525 - 等待 3 分钟后重新检查新文件...
2025-01-10 16:53:21,528 - 等待 3 分钟后重新检查新文件...
2025-01-10 16:56:17,605 - 今天的日期是: 20250110
2025-01-10 16:56:17,607 - 开始监视 D:\my-vue-project\wind-power-forecast\backend\auto_scripts\dataset\dataset_supershort 文件夹以进行训练...
2025-01-10 16:56:17,607 - 开始监视 D:\my-vue-project\wind-power-forecast\backend\auto_scripts\precsv\supershortcsv\20250110 文件夹以进行预测...
2025-01-10 16:56:17,607 - 今天的训练已经执行过，跳过...
2025-01-10 16:56:17,607 - 发现新的预测文件：202501101615.csv，执行预测...
2025-01-10 16:56:17,754 - 发现新的预测文件：202501101630.csv，执行预测...
2025-01-10 16:56:17,828 - 发现新的预测文件：202501101645.csv，执行预测...
2025-01-10 16:56:17,891 - 等待 3 分钟后重新检查新文件...
2025-01-10 16:59:17,896 - 发现新的预测文件：202501101658.csv，执行预测...
2025-01-10 16:59:17,991 - 等待 3 分钟后重新检查新文件...
2025-01-10 17:02:18,004 - 发现新的预测文件：202501101700.csv，执行预测...
2025-01-10 17:02:18,104 - 发现新的预测文件：202501101702.csv，执行预测...
2025-01-10 17:02:18,164 - 等待 3 分钟后重新检查新文件...
2025-01-10 17:03:55,257 - 今天的日期是: 20250110
2025-01-10 17:03:55,258 - 开始监视 D:\my-vue-project\wind-power-forecast\backend\auto_scripts\dataset\dataset_supershort 文件夹以进行训练...
2025-01-10 17:03:55,258 - 开始监视 D:\my-vue-project\wind-power-forecast\backend\auto_scripts\precsv\supershortcsv\20250110 文件夹以进行预测...
2025-01-10 17:03:55,258 - 发现新的训练文件：D:\my-vue-project\wind-power-forecast\backend\auto_scripts\dataset\dataset_supershort\20250110.csv，执行训练...
2025-01-10 17:03:55,258 - 输出结果将保存到: D:\my-vue-project\wind-power-forecast\backend\auto_scripts\train_predictions\supershort_predictions
2025-01-10 17:03:55,260 - 模型不可用，等待模型训练完成...
2025-01-10 17:03:56,623 - 数据加载与预处理完成
2025-01-10 17:03:57,161 - 数据标准化完成
2025-01-10 17:03:58,167 - 创建时间窗口完成
2025-01-10 17:03:58,167 - 获取模型参数完成
2025-01-10 17:06:25,349 - 模型不可用，等待模型训练完成...
2025-01-10 17:08:55,378 - 模型不可用，等待模型训练完成...
2025-01-10 17:11:25,392 - 模型不可用，等待模型训练完成...
2025-01-10 17:13:55,410 - 模型不可用，等待模型训练完成...
2025-01-10 17:16:25,962 - 模型不可用，等待模型训练完成...
2025-01-10 17:18:55,976 - 模型不可用，等待模型训练完成...
2025-01-10 17:21:25,978 - 模型不可用，等待模型训练完成...
2025-01-10 17:23:56,043 - 模型不可用，等待模型训练完成...
2025-01-10 17:26:26,262 - 模型不可用，等待模型训练完成...
2025-01-10 17:28:56,265 - 模型不可用，等待模型训练完成...
2025-01-10 17:31:08,732 - 训练与评估完成
2025-01-10 17:31:08,851 - 保存预测结果完成
2025-01-10 17:31:09,418 - 可视化结果完成
2025-01-10 17:31:09,689 - 模型已成功保存到 D:\my-vue-project\wind-power-forecast\backend\auto_scripts\models\supershortmodel\20250110，模型可用。
2025-01-10 17:31:26,280 - 发现新的预测文件：202501101615.csv，执行预测...
2025-01-10 17:31:26,446 - 发现新的预测文件：202501101630.csv，执行预测...
2025-01-10 17:31:26,660 - 发现新的预测文件：202501101645.csv，执行预测...
2025-01-10 17:31:26,778 - 发现新的预测文件：202501101658.csv，执行预测...
2025-01-10 17:31:26,894 - 发现新的预测文件：202501101700.csv，执行预测...
2025-01-10 17:31:27,010 - 发现新的预测文件：202501101702.csv，执行预测...
2025-01-10 17:31:27,157 - 等待 3 分钟后重新检查新文件...
2025-01-10 17:34:27,170 - 等待 3 分钟后重新检查新文件...
2025-01-10 17:37:27,186 - 等待 3 分钟后重新检查新文件...
2025-01-10 17:40:27,201 - 等待 3 分钟后重新检查新文件...
2025-01-10 17:43:27,205 - 等待 3 分钟后重新检查新文件...
2025-01-10 17:46:27,219 - 等待 3 分钟后重新检查新文件...
2025-01-10 17:49:27,223 - 等待 3 分钟后重新检查新文件...
2025-01-10 17:52:27,234 - 等待 3 分钟后重新检查新文件...
2025-01-10 17:55:27,246 - 等待 3 分钟后重新检查新文件...
2025-01-10 17:58:27,248 - 等待 3 分钟后重新检查新文件...
2025-01-10 18:01:27,252 - 等待 3 分钟后重新检查新文件...
2025-01-10 18:04:27,261 - 等待 3 分钟后重新检查新文件...
2025-01-10 18:07:27,269 - 等待 3 分钟后重新检查新文件...
2025-01-10 18:10:27,283 - 等待 3 分钟后重新检查新文件...
2025-01-10 18:13:27,300 - 等待 3 分钟后重新检查新文件...
2025-01-10 18:16:27,307 - 等待 3 分钟后重新检查新文件...
2025-01-10 18:19:27,317 - 等待 3 分钟后重新检查新文件...
2025-01-10 18:22:27,322 - 等待 3 分钟后重新检查新文件...
2025-01-10 18:25:27,326 - 等待 3 分钟后重新检查新文件...
2025-01-10 18:28:27,339 - 等待 3 分钟后重新检查新文件...
2025-01-10 18:31:27,354 - 等待 3 分钟后重新检查新文件...
2025-01-10 18:34:27,357 - 等待 3 分钟后重新检查新文件...
2025-01-10 18:37:27,365 - 等待 3 分钟后重新检查新文件...
2025-01-10 18:40:27,382 - 等待 3 分钟后重新检查新文件...
2025-01-10 18:43:27,386 - 等待 3 分钟后重新检查新文件...
2025-01-10 18:46:27,388 - 等待 3 分钟后重新检查新文件...
2025-01-10 18:49:27,398 - 等待 3 分钟后重新检查新文件...
2025-01-10 18:52:27,405 - 等待 3 分钟后重新检查新文件...
2025-01-10 18:55:27,420 - 等待 3 分钟后重新检查新文件...
2025-01-10 18:58:27,423 - 等待 3 分钟后重新检查新文件...
2025-01-10 19:01:27,424 - 等待 3 分钟后重新检查新文件...
2025-01-10 19:04:27,435 - 等待 3 分钟后重新检查新文件...
2025-01-10 19:07:27,441 - 等待 3 分钟后重新检查新文件...
2025-01-10 19:10:27,442 - 等待 3 分钟后重新检查新文件...
2025-01-10 19:13:27,443 - 等待 3 分钟后重新检查新文件...
2025-01-10 19:16:27,459 - 等待 3 分钟后重新检查新文件...
2025-01-10 19:19:27,466 - 等待 3 分钟后重新检查新文件...
2025-01-10 19:22:27,476 - 等待 3 分钟后重新检查新文件...
2025-01-10 19:25:27,493 - 等待 3 分钟后重新检查新文件...
2025-01-10 19:28:27,497 - 等待 3 分钟后重新检查新文件...
2025-01-10 19:31:27,506 - 等待 3 分钟后重新检查新文件...
2025-01-10 19:34:27,508 - 等待 3 分钟后重新检查新文件...
2025-01-10 19:37:27,522 - 等待 3 分钟后重新检查新文件...
2025-01-10 19:40:27,525 - 等待 3 分钟后重新检查新文件...
2025-01-10 19:43:27,539 - 等待 3 分钟后重新检查新文件...
2025-01-10 19:46:27,550 - 等待 3 分钟后重新检查新文件...
2025-01-10 19:49:27,557 - 等待 3 分钟后重新检查新文件...
2025-01-10 19:52:27,567 - 等待 3 分钟后重新检查新文件...
2025-01-10 19:55:27,579 - 等待 3 分钟后重新检查新文件...
2025-01-10 19:58:27,592 - 等待 3 分钟后重新检查新文件...
2025-01-10 20:01:27,596 - 等待 3 分钟后重新检查新文件...
2025-01-10 20:04:27,598 - 等待 3 分钟后重新检查新文件...
2025-01-10 20:07:27,604 - 等待 3 分钟后重新检查新文件...
2025-01-10 20:10:27,612 - 等待 3 分钟后重新检查新文件...
2025-01-10 20:13:27,622 - 等待 3 分钟后重新检查新文件...
2025-01-10 20:16:27,632 - 等待 3 分钟后重新检查新文件...
2025-01-10 20:19:27,633 - 等待 3 分钟后重新检查新文件...
2025-01-10 20:22:27,645 - 等待 3 分钟后重新检查新文件...
2025-01-10 20:25:27,658 - 等待 3 分钟后重新检查新文件...
2025-01-10 20:28:27,669 - 等待 3 分钟后重新检查新文件...
2025-01-10 20:31:27,674 - 等待 3 分钟后重新检查新文件...
2025-01-10 20:34:27,691 - 等待 3 分钟后重新检查新文件...
2025-01-10 20:37:27,692 - 等待 3 分钟后重新检查新文件...
2025-01-10 20:40:27,709 - 等待 3 分钟后重新检查新文件...
2025-01-10 20:43:27,715 - 等待 3 分钟后重新检查新文件...
2025-01-10 20:46:27,727 - 等待 3 分钟后重新检查新文件...
2025-01-10 20:49:27,731 - 等待 3 分钟后重新检查新文件...
2025-01-10 20:52:27,735 - 等待 3 分钟后重新检查新文件...
2025-01-10 20:55:27,743 - 等待 3 分钟后重新检查新文件...
2025-01-10 20:58:27,749 - 等待 3 分钟后重新检查新文件...
2025-01-10 21:01:27,764 - 等待 3 分钟后重新检查新文件...
2025-01-10 21:04:27,776 - 等待 3 分钟后重新检查新文件...
2025-01-10 21:07:27,780 - 等待 3 分钟后重新检查新文件...
2025-01-10 21:10:27,782 - 等待 3 分钟后重新检查新文件...
2025-01-10 21:13:27,788 - 等待 3 分钟后重新检查新文件...
2025-01-10 21:16:27,802 - 等待 3 分钟后重新检查新文件...
2025-01-10 21:19:27,810 - 等待 3 分钟后重新检查新文件...
2025-01-10 21:22:27,825 - 等待 3 分钟后重新检查新文件...
2025-01-10 21:25:27,842 - 等待 3 分钟后重新检查新文件...
2025-01-10 21:28:27,857 - 等待 3 分钟后重新检查新文件...
2025-01-10 21:31:27,870 - 等待 3 分钟后重新检查新文件...
2025-01-10 21:34:27,886 - 等待 3 分钟后重新检查新文件...
2025-01-10 21:37:27,896 - 等待 3 分钟后重新检查新文件...
2025-01-10 21:40:27,908 - 等待 3 分钟后重新检查新文件...
2025-01-10 21:43:27,922 - 等待 3 分钟后重新检查新文件...
2025-01-10 21:46:27,929 - 等待 3 分钟后重新检查新文件...
2025-01-10 21:49:27,935 - 等待 3 分钟后重新检查新文件...
2025-01-10 21:52:27,940 - 等待 3 分钟后重新检查新文件...
2025-01-10 21:55:27,956 - 等待 3 分钟后重新检查新文件...
2025-01-10 21:58:27,959 - 等待 3 分钟后重新检查新文件...
2025-01-10 22:01:27,966 - 等待 3 分钟后重新检查新文件...
2025-01-10 22:04:27,969 - 等待 3 分钟后重新检查新文件...
2025-01-10 22:07:27,976 - 等待 3 分钟后重新检查新文件...
2025-01-10 22:10:27,984 - 等待 3 分钟后重新检查新文件...
2025-01-10 22:13:27,988 - 等待 3 分钟后重新检查新文件...
2025-01-10 22:16:28,003 - 等待 3 分钟后重新检查新文件...
2025-01-10 22:19:28,011 - 等待 3 分钟后重新检查新文件...
2025-01-10 22:22:28,013 - 等待 3 分钟后重新检查新文件...
2025-01-10 22:25:28,019 - 等待 3 分钟后重新检查新文件...
2025-01-10 22:28:28,025 - 等待 3 分钟后重新检查新文件...
2025-01-10 22:31:28,031 - 等待 3 分钟后重新检查新文件...
2025-01-10 22:34:28,036 - 等待 3 分钟后重新检查新文件...
2025-01-10 22:37:28,045 - 等待 3 分钟后重新检查新文件...
2025-01-10 22:40:28,047 - 等待 3 分钟后重新检查新文件...
2025-01-10 22:43:28,051 - 等待 3 分钟后重新检查新文件...
2025-01-10 22:46:28,064 - 等待 3 分钟后重新检查新文件...
2025-01-10 22:49:28,069 - 等待 3 分钟后重新检查新文件...
2025-01-10 22:52:28,086 - 等待 3 分钟后重新检查新文件...
2025-01-10 22:55:28,097 - 等待 3 分钟后重新检查新文件...
2025-01-10 22:58:28,110 - 等待 3 分钟后重新检查新文件...
2025-01-10 23:01:28,120 - 等待 3 分钟后重新检查新文件...
2025-01-10 23:04:28,127 - 等待 3 分钟后重新检查新文件...
2025-01-10 23:07:28,129 - 等待 3 分钟后重新检查新文件...
2025-01-10 23:10:28,131 - 等待 3 分钟后重新检查新文件...
2025-01-10 23:13:28,135 - 等待 3 分钟后重新检查新文件...
2025-01-10 23:16:28,142 - 等待 3 分钟后重新检查新文件...
2025-01-10 23:19:28,150 - 等待 3 分钟后重新检查新文件...
2025-01-10 23:22:28,156 - 等待 3 分钟后重新检查新文件...
2025-01-10 23:25:28,167 - 等待 3 分钟后重新检查新文件...
2025-01-10 23:28:28,182 - 等待 3 分钟后重新检查新文件...
2025-01-10 23:31:28,192 - 等待 3 分钟后重新检查新文件...
2025-01-10 23:34:28,203 - 等待 3 分钟后重新检查新文件...
2025-01-10 23:37:28,214 - 等待 3 分钟后重新检查新文件...
2025-01-10 23:40:28,226 - 等待 3 分钟后重新检查新文件...
2025-01-10 23:43:28,230 - 等待 3 分钟后重新检查新文件...
2025-01-10 23:46:28,246 - 等待 3 分钟后重新检查新文件...
2025-01-10 23:49:28,249 - 等待 3 分钟后重新检查新文件...
2025-01-10 23:52:28,261 - 等待 3 分钟后重新检查新文件...
2025-01-10 23:55:28,268 - 等待 3 分钟后重新检查新文件...
2025-01-10 23:58:28,271 - 等待 3 分钟后重新检查新文件...
2025-01-11 00:01:28,280 - 等待 3 分钟后重新检查新文件...
2025-01-11 00:04:28,290 - 等待 3 分钟后重新检查新文件...
2025-01-11 00:07:28,292 - 等待 3 分钟后重新检查新文件...
2025-01-11 00:10:28,304 - 等待 3 分钟后重新检查新文件...
2025-01-11 00:13:28,308 - 等待 3 分钟后重新检查新文件...
2025-01-11 00:16:28,318 - 等待 3 分钟后重新检查新文件...
2025-01-11 00:19:28,331 - 等待 3 分钟后重新检查新文件...
2025-01-11 00:22:28,343 - 等待 3 分钟后重新检查新文件...
2025-01-11 00:25:28,359 - 等待 3 分钟后重新检查新文件...
2025-01-11 00:28:28,375 - 等待 3 分钟后重新检查新文件...
2025-01-11 00:31:28,383 - 等待 3 分钟后重新检查新文件...
2025-01-11 00:34:28,390 - 等待 3 分钟后重新检查新文件...
2025-01-11 00:37:28,402 - 等待 3 分钟后重新检查新文件...
2025-01-11 00:40:28,404 - 等待 3 分钟后重新检查新文件...
2025-01-11 00:43:28,416 - 等待 3 分钟后重新检查新文件...
2025-01-11 00:46:28,422 - 等待 3 分钟后重新检查新文件...
2025-01-11 00:49:28,433 - 等待 3 分钟后重新检查新文件...
2025-01-11 00:52:28,449 - 等待 3 分钟后重新检查新文件...
2025-01-11 00:55:28,465 - 等待 3 分钟后重新检查新文件...
2025-01-11 00:58:28,481 - 等待 3 分钟后重新检查新文件...
2025-01-11 01:01:28,487 - 等待 3 分钟后重新检查新文件...
2025-01-11 01:04:28,518 - 等待 3 分钟后重新检查新文件...
2025-01-11 01:07:28,534 - 等待 3 分钟后重新检查新文件...
2025-01-11 01:10:28,546 - 等待 3 分钟后重新检查新文件...
2025-01-11 01:13:28,555 - 等待 3 分钟后重新检查新文件...
2025-01-11 01:16:28,559 - 等待 3 分钟后重新检查新文件...
2025-01-11 01:19:28,561 - 等待 3 分钟后重新检查新文件...
2025-01-11 01:22:28,566 - 等待 3 分钟后重新检查新文件...
2025-01-11 01:25:28,575 - 等待 3 分钟后重新检查新文件...
2025-01-11 01:28:28,580 - 等待 3 分钟后重新检查新文件...
2025-01-11 01:31:28,591 - 等待 3 分钟后重新检查新文件...
2025-01-11 01:34:28,598 - 等待 3 分钟后重新检查新文件...
2025-01-11 01:37:28,604 - 等待 3 分钟后重新检查新文件...
2025-01-11 01:40:28,609 - 等待 3 分钟后重新检查新文件...
2025-01-11 01:43:28,615 - 等待 3 分钟后重新检查新文件...
2025-01-11 01:46:28,622 - 等待 3 分钟后重新检查新文件...
2025-01-11 01:49:28,629 - 等待 3 分钟后重新检查新文件...
2025-01-11 01:52:28,644 - 等待 3 分钟后重新检查新文件...
2025-01-11 01:55:28,657 - 等待 3 分钟后重新检查新文件...
2025-01-11 01:58:28,670 - 等待 3 分钟后重新检查新文件...
2025-01-11 02:01:28,682 - 等待 3 分钟后重新检查新文件...
2025-01-11 02:04:28,688 - 等待 3 分钟后重新检查新文件...
2025-01-11 02:07:28,699 - 等待 3 分钟后重新检查新文件...
2025-01-11 02:10:28,715 - 等待 3 分钟后重新检查新文件...
2025-01-11 02:13:28,718 - 等待 3 分钟后重新检查新文件...
2025-01-11 02:16:28,726 - 等待 3 分钟后重新检查新文件...
2025-01-11 02:19:28,731 - 等待 3 分钟后重新检查新文件...
2025-01-11 02:22:28,739 - 等待 3 分钟后重新检查新文件...
2025-01-11 02:25:28,749 - 等待 3 分钟后重新检查新文件...
2025-01-11 02:28:28,757 - 等待 3 分钟后重新检查新文件...
2025-01-11 02:31:28,758 - 等待 3 分钟后重新检查新文件...
2025-01-11 02:34:28,773 - 等待 3 分钟后重新检查新文件...
2025-01-11 02:37:28,780 - 等待 3 分钟后重新检查新文件...
2025-01-11 02:40:28,789 - 等待 3 分钟后重新检查新文件...
2025-01-11 02:43:28,799 - 等待 3 分钟后重新检查新文件...
2025-01-11 02:46:28,801 - 等待 3 分钟后重新检查新文件...
2025-01-11 02:49:28,810 - 等待 3 分钟后重新检查新文件...
2025-01-11 02:52:28,821 - 等待 3 分钟后重新检查新文件...
2025-01-11 02:55:28,822 - 等待 3 分钟后重新检查新文件...
2025-01-11 02:58:28,835 - 等待 3 分钟后重新检查新文件...
2025-01-11 03:01:28,851 - 等待 3 分钟后重新检查新文件...
2025-01-11 03:04:28,864 - 等待 3 分钟后重新检查新文件...
2025-01-11 03:07:28,878 - 等待 3 分钟后重新检查新文件...
2025-01-11 03:10:28,879 - 等待 3 分钟后重新检查新文件...
2025-01-11 03:13:28,892 - 等待 3 分钟后重新检查新文件...
2025-01-11 03:16:28,897 - 等待 3 分钟后重新检查新文件...
2025-01-11 03:19:28,902 - 等待 3 分钟后重新检查新文件...
2025-01-11 03:22:28,915 - 等待 3 分钟后重新检查新文件...
2025-01-11 03:25:28,924 - 等待 3 分钟后重新检查新文件...
2025-01-11 03:28:28,935 - 等待 3 分钟后重新检查新文件...
2025-01-11 03:31:28,942 - 等待 3 分钟后重新检查新文件...
2025-01-11 03:34:28,951 - 等待 3 分钟后重新检查新文件...
2025-01-11 03:37:28,964 - 等待 3 分钟后重新检查新文件...
2025-01-11 03:40:28,967 - 等待 3 分钟后重新检查新文件...
2025-01-11 03:43:28,976 - 等待 3 分钟后重新检查新文件...
2025-01-11 03:46:28,989 - 等待 3 分钟后重新检查新文件...
2025-01-11 03:49:29,005 - 等待 3 分钟后重新检查新文件...
2025-01-11 03:52:29,011 - 等待 3 分钟后重新检查新文件...
2025-01-11 03:55:29,028 - 等待 3 分钟后重新检查新文件...
2025-01-11 03:58:29,041 - 等待 3 分钟后重新检查新文件...
2025-01-11 04:01:29,056 - 等待 3 分钟后重新检查新文件...
2025-01-11 04:04:29,064 - 等待 3 分钟后重新检查新文件...
2025-01-11 04:07:29,081 - 等待 3 分钟后重新检查新文件...
2025-01-11 04:10:33,454 - 等待 3 分钟后重新检查新文件...
2025-01-11 04:13:33,458 - 等待 3 分钟后重新检查新文件...
2025-01-11 04:16:33,465 - 等待 3 分钟后重新检查新文件...
2025-01-11 04:19:33,468 - 等待 3 分钟后重新检查新文件...
2025-01-11 04:22:33,476 - 等待 3 分钟后重新检查新文件...
2025-01-11 04:25:33,477 - 等待 3 分钟后重新检查新文件...
2025-01-11 04:28:33,487 - 等待 3 分钟后重新检查新文件...
2025-01-11 04:31:33,504 - 等待 3 分钟后重新检查新文件...
2025-01-11 04:34:33,513 - 等待 3 分钟后重新检查新文件...
2025-01-11 04:37:33,518 - 等待 3 分钟后重新检查新文件...
2025-01-11 04:40:33,519 - 等待 3 分钟后重新检查新文件...
2025-01-11 04:43:33,526 - 等待 3 分钟后重新检查新文件...
2025-01-11 04:46:33,539 - 等待 3 分钟后重新检查新文件...
2025-01-11 04:49:33,542 - 等待 3 分钟后重新检查新文件...
2025-01-11 04:52:33,545 - 等待 3 分钟后重新检查新文件...
2025-01-11 04:55:33,551 - 等待 3 分钟后重新检查新文件...
2025-01-11 04:58:33,554 - 等待 3 分钟后重新检查新文件...
2025-01-11 05:01:33,560 - 等待 3 分钟后重新检查新文件...
2025-01-11 05:04:33,569 - 等待 3 分钟后重新检查新文件...
2025-01-11 05:07:33,581 - 等待 3 分钟后重新检查新文件...
2025-01-11 05:10:33,592 - 等待 3 分钟后重新检查新文件...
2025-01-11 05:13:33,606 - 等待 3 分钟后重新检查新文件...
2025-01-11 05:16:33,622 - 等待 3 分钟后重新检查新文件...
2025-01-11 05:19:33,624 - 等待 3 分钟后重新检查新文件...
2025-01-11 05:22:33,634 - 等待 3 分钟后重新检查新文件...
2025-01-11 05:25:33,646 - 等待 3 分钟后重新检查新文件...
2025-01-11 05:28:33,657 - 等待 3 分钟后重新检查新文件...
2025-01-11 05:31:33,672 - 等待 3 分钟后重新检查新文件...
2025-01-11 05:34:33,678 - 等待 3 分钟后重新检查新文件...
2025-01-11 05:37:33,686 - 等待 3 分钟后重新检查新文件...
2025-01-11 05:40:33,689 - 等待 3 分钟后重新检查新文件...
2025-01-11 05:43:33,691 - 等待 3 分钟后重新检查新文件...
2025-01-11 05:46:33,706 - 等待 3 分钟后重新检查新文件...
2025-01-11 05:49:33,720 - 等待 3 分钟后重新检查新文件...
2025-01-11 05:52:33,724 - 等待 3 分钟后重新检查新文件...
2025-01-11 05:55:33,725 - 等待 3 分钟后重新检查新文件...
2025-01-11 05:58:33,731 - 等待 3 分钟后重新检查新文件...
2025-01-11 06:01:33,742 - 等待 3 分钟后重新检查新文件...
2025-01-11 06:04:33,747 - 等待 3 分钟后重新检查新文件...
2025-01-11 06:07:33,752 - 等待 3 分钟后重新检查新文件...
2025-01-11 06:10:33,759 - 等待 3 分钟后重新检查新文件...
2025-01-11 06:13:33,763 - 等待 3 分钟后重新检查新文件...
2025-01-11 06:16:33,776 - 等待 3 分钟后重新检查新文件...
2025-01-11 06:19:33,787 - 等待 3 分钟后重新检查新文件...
2025-01-11 06:22:33,803 - 等待 3 分钟后重新检查新文件...
2025-01-11 06:25:33,818 - 等待 3 分钟后重新检查新文件...
2025-01-11 06:28:33,821 - 等待 3 分钟后重新检查新文件...
2025-01-11 06:31:33,834 - 等待 3 分钟后重新检查新文件...
2025-01-11 06:34:33,838 - 等待 3 分钟后重新检查新文件...
2025-01-11 06:37:33,847 - 等待 3 分钟后重新检查新文件...
2025-01-11 06:40:33,852 - 等待 3 分钟后重新检查新文件...
2025-01-11 06:43:33,864 - 等待 3 分钟后重新检查新文件...
2025-01-11 06:46:33,866 - 等待 3 分钟后重新检查新文件...
2025-01-11 06:49:33,870 - 等待 3 分钟后重新检查新文件...
2025-01-11 06:52:33,877 - 等待 3 分钟后重新检查新文件...
2025-01-11 06:55:33,893 - 等待 3 分钟后重新检查新文件...
2025-01-11 06:58:33,910 - 等待 3 分钟后重新检查新文件...
2025-01-11 07:01:33,927 - 等待 3 分钟后重新检查新文件...
2025-01-11 07:04:33,931 - 等待 3 分钟后重新检查新文件...
2025-01-11 07:07:33,937 - 等待 3 分钟后重新检查新文件...
2025-01-11 07:10:33,951 - 等待 3 分钟后重新检查新文件...
2025-01-11 07:13:33,954 - 等待 3 分钟后重新检查新文件...
2025-01-11 07:16:33,969 - 等待 3 分钟后重新检查新文件...
2025-01-11 07:19:33,974 - 等待 3 分钟后重新检查新文件...
2025-01-11 07:22:33,976 - 等待 3 分钟后重新检查新文件...
2025-01-11 07:25:33,992 - 等待 3 分钟后重新检查新文件...
2025-01-11 07:28:33,994 - 等待 3 分钟后重新检查新文件...
2025-01-11 07:31:34,002 - 等待 3 分钟后重新检查新文件...
2025-01-11 07:34:34,019 - 等待 3 分钟后重新检查新文件...
2025-01-11 07:37:34,033 - 等待 3 分钟后重新检查新文件...
2025-01-11 07:40:34,035 - 等待 3 分钟后重新检查新文件...
2025-01-11 07:43:34,046 - 等待 3 分钟后重新检查新文件...
2025-01-11 07:46:34,061 - 等待 3 分钟后重新检查新文件...
2025-01-11 07:49:34,065 - 等待 3 分钟后重新检查新文件...
2025-01-11 07:52:34,069 - 等待 3 分钟后重新检查新文件...
2025-01-11 07:55:34,083 - 等待 3 分钟后重新检查新文件...
2025-01-11 07:58:34,091 - 等待 3 分钟后重新检查新文件...
2025-01-11 08:01:34,095 - 等待 3 分钟后重新检查新文件...
2025-01-11 08:04:34,106 - 等待 3 分钟后重新检查新文件...
2025-01-11 08:07:34,119 - 等待 3 分钟后重新检查新文件...
2025-01-11 08:10:34,127 - 等待 3 分钟后重新检查新文件...
2025-01-11 08:13:34,132 - 等待 3 分钟后重新检查新文件...
2025-01-11 08:16:34,147 - 等待 3 分钟后重新检查新文件...
2025-01-11 08:19:34,155 - 等待 3 分钟后重新检查新文件...
2025-01-11 08:22:34,172 - 等待 3 分钟后重新检查新文件...
2025-01-11 08:25:34,185 - 等待 3 分钟后重新检查新文件...
2025-01-11 08:28:34,192 - 等待 3 分钟后重新检查新文件...
2025-01-11 08:31:34,195 - 等待 3 分钟后重新检查新文件...
2025-01-11 08:34:34,199 - 等待 3 分钟后重新检查新文件...
2025-01-11 08:37:34,205 - 等待 3 分钟后重新检查新文件...
2025-01-11 08:40:34,211 - 等待 3 分钟后重新检查新文件...
2025-01-11 08:43:34,220 - 等待 3 分钟后重新检查新文件...
2025-01-11 08:46:34,228 - 等待 3 分钟后重新检查新文件...
2025-01-11 08:49:34,244 - 等待 3 分钟后重新检查新文件...
2025-01-11 08:52:34,247 - 等待 3 分钟后重新检查新文件...
2025-01-11 08:55:34,252 - 等待 3 分钟后重新检查新文件...
2025-01-11 08:58:34,252 - 等待 3 分钟后重新检查新文件...
2025-01-11 09:01:34,258 - 等待 3 分钟后重新检查新文件...
2025-01-11 09:04:34,269 - 等待 3 分钟后重新检查新文件...
2025-01-11 09:07:34,283 - 等待 3 分钟后重新检查新文件...
2025-01-11 09:10:34,288 - 等待 3 分钟后重新检查新文件...
2025-01-11 09:13:34,290 - 等待 3 分钟后重新检查新文件...
2025-01-11 09:16:34,299 - 等待 3 分钟后重新检查新文件...
2025-01-11 09:19:34,308 - 等待 3 分钟后重新检查新文件...
2025-01-11 09:22:34,310 - 等待 3 分钟后重新检查新文件...
2025-01-11 09:25:34,312 - 等待 3 分钟后重新检查新文件...
2025-01-11 09:28:34,322 - 等待 3 分钟后重新检查新文件...
2025-01-11 09:31:34,339 - 等待 3 分钟后重新检查新文件...
2025-01-11 09:34:34,349 - 等待 3 分钟后重新检查新文件...
2025-01-11 09:37:34,363 - 等待 3 分钟后重新检查新文件...
2025-01-11 09:40:34,368 - 等待 3 分钟后重新检查新文件...
2025-01-11 09:43:34,373 - 等待 3 分钟后重新检查新文件...
2025-01-11 09:46:34,389 - 等待 3 分钟后重新检查新文件...
2025-01-11 09:49:34,402 - 等待 3 分钟后重新检查新文件...
2025-01-11 09:52:34,405 - 等待 3 分钟后重新检查新文件...
2025-01-11 09:55:34,409 - 等待 3 分钟后重新检查新文件...
2025-01-11 09:58:34,417 - 等待 3 分钟后重新检查新文件...
2025-01-11 10:01:34,426 - 等待 3 分钟后重新检查新文件...
2025-01-11 10:04:34,429 - 等待 3 分钟后重新检查新文件...
2025-01-11 10:07:34,431 - 等待 3 分钟后重新检查新文件...
2025-01-11 10:10:34,435 - 等待 3 分钟后重新检查新文件...
2025-01-11 10:13:34,448 - 等待 3 分钟后重新检查新文件...
2025-01-11 10:16:34,459 - 等待 3 分钟后重新检查新文件...
2025-01-11 10:19:34,476 - 等待 3 分钟后重新检查新文件...
2025-01-11 10:22:34,490 - 等待 3 分钟后重新检查新文件...
2025-01-11 10:25:34,504 - 等待 3 分钟后重新检查新文件...
2025-01-11 10:28:34,506 - 等待 3 分钟后重新检查新文件...
2025-01-11 10:31:34,512 - 等待 3 分钟后重新检查新文件...
2025-01-11 10:34:34,516 - 等待 3 分钟后重新检查新文件...
2025-01-11 10:37:34,529 - 等待 3 分钟后重新检查新文件...
2025-01-11 10:40:34,540 - 等待 3 分钟后重新检查新文件...
2025-01-11 10:43:34,546 - 等待 3 分钟后重新检查新文件...
2025-01-11 10:46:34,549 - 等待 3 分钟后重新检查新文件...
2025-01-11 10:49:34,562 - 等待 3 分钟后重新检查新文件...
2025-01-11 10:52:34,574 - 等待 3 分钟后重新检查新文件...
2025-01-11 10:55:34,585 - 等待 3 分钟后重新检查新文件...
2025-01-11 10:58:34,598 - 等待 3 分钟后重新检查新文件...
2025-01-11 11:01:34,605 - 等待 3 分钟后重新检查新文件...
2025-01-11 11:04:34,615 - 等待 3 分钟后重新检查新文件...
2025-01-11 11:07:34,618 - 等待 3 分钟后重新检查新文件...
2025-01-11 11:10:34,624 - 等待 3 分钟后重新检查新文件...
2025-01-11 11:13:34,627 - 等待 3 分钟后重新检查新文件...
2025-01-11 11:16:34,631 - 等待 3 分钟后重新检查新文件...
2025-01-11 11:19:34,634 - 等待 3 分钟后重新检查新文件...
2025-01-11 11:22:34,644 - 等待 3 分钟后重新检查新文件...
2025-01-11 11:25:34,654 - 等待 3 分钟后重新检查新文件...
2025-01-11 11:28:34,668 - 等待 3 分钟后重新检查新文件...
2025-01-11 11:31:34,671 - 等待 3 分钟后重新检查新文件...
2025-01-11 11:34:34,676 - 等待 3 分钟后重新检查新文件...
2025-01-11 11:37:34,682 - 等待 3 分钟后重新检查新文件...
2025-01-11 11:40:34,694 - 等待 3 分钟后重新检查新文件...
2025-01-11 11:43:34,703 - 等待 3 分钟后重新检查新文件...
2025-01-11 11:46:34,710 - 等待 3 分钟后重新检查新文件...
2025-01-11 11:49:34,714 - 等待 3 分钟后重新检查新文件...
2025-01-11 11:52:34,725 - 等待 3 分钟后重新检查新文件...
2025-01-11 11:55:34,730 - 等待 3 分钟后重新检查新文件...
2025-01-11 11:58:34,741 - 等待 3 分钟后重新检查新文件...
2025-01-11 12:01:34,745 - 等待 3 分钟后重新检查新文件...
2025-01-11 12:04:34,757 - 等待 3 分钟后重新检查新文件...
2025-01-11 12:07:34,764 - 等待 3 分钟后重新检查新文件...
2025-01-11 12:10:34,776 - 等待 3 分钟后重新检查新文件...
2025-01-11 12:13:34,784 - 等待 3 分钟后重新检查新文件...
2025-01-11 12:16:34,794 - 等待 3 分钟后重新检查新文件...
2025-01-11 12:19:34,796 - 等待 3 分钟后重新检查新文件...
2025-01-11 12:22:34,799 - 等待 3 分钟后重新检查新文件...
2025-01-11 12:25:34,813 - 等待 3 分钟后重新检查新文件...
2025-01-11 12:28:34,817 - 等待 3 分钟后重新检查新文件...
2025-01-11 12:31:34,822 - 等待 3 分钟后重新检查新文件...
2025-01-11 12:34:34,831 - 等待 3 分钟后重新检查新文件...
2025-01-11 12:37:34,841 - 等待 3 分钟后重新检查新文件...
2025-01-11 12:40:34,847 - 等待 3 分钟后重新检查新文件...
2025-01-11 12:43:34,849 - 等待 3 分钟后重新检查新文件...
2025-01-11 12:46:34,864 - 等待 3 分钟后重新检查新文件...
2025-01-11 12:49:34,878 - 等待 3 分钟后重新检查新文件...
2025-01-11 12:52:34,882 - 等待 3 分钟后重新检查新文件...
2025-01-11 12:55:34,894 - 等待 3 分钟后重新检查新文件...
2025-01-11 12:58:34,897 - 等待 3 分钟后重新检查新文件...
2025-01-11 13:01:34,903 - 等待 3 分钟后重新检查新文件...
2025-01-11 13:04:34,918 - 等待 3 分钟后重新检查新文件...
2025-01-11 13:07:34,928 - 等待 3 分钟后重新检查新文件...
2025-01-11 13:10:34,940 - 等待 3 分钟后重新检查新文件...
2025-01-11 13:13:34,956 - 等待 3 分钟后重新检查新文件...
2025-01-11 13:16:36,405 - 等待 3 分钟后重新检查新文件...
2025-01-11 13:19:36,416 - 等待 3 分钟后重新检查新文件...
2025-01-11 13:22:36,430 - 等待 3 分钟后重新检查新文件...
2025-01-11 13:25:36,437 - 等待 3 分钟后重新检查新文件...
2025-01-11 13:28:36,440 - 等待 3 分钟后重新检查新文件...
2025-01-11 13:31:36,455 - 等待 3 分钟后重新检查新文件...
2025-01-11 13:34:36,462 - 等待 3 分钟后重新检查新文件...
2025-01-11 13:37:36,473 - 等待 3 分钟后重新检查新文件...
2025-01-11 13:40:36,482 - 等待 3 分钟后重新检查新文件...
2025-01-11 13:43:36,486 - 等待 3 分钟后重新检查新文件...
2025-01-11 13:46:36,498 - 等待 3 分钟后重新检查新文件...
2025-01-11 13:49:36,513 - 等待 3 分钟后重新检查新文件...
2025-01-11 13:52:36,523 - 等待 3 分钟后重新检查新文件...
2025-01-11 13:55:36,531 - 等待 3 分钟后重新检查新文件...
2025-01-11 13:58:36,540 - 等待 3 分钟后重新检查新文件...
