2025-01-17 00:00:03,754 - 今天的日期是: 20250117
2025-01-17 00:00:03,755 - 开始监视 D:\my-vue-project\wind-power-forecast\backend\auto_scripts\dataset\dataset_supershort 文件夹以进行训练...
2025-01-17 00:00:03,755 - 未找到训练 CSV 文件，等待 30 秒后重试...
2025-01-17 00:00:03,756 - 开始监视 D:\my-vue-project\wind-power-forecast\backend\auto_scripts\precsv\supershortcsv\20250117 文件夹以进行预测...
2025-01-17 00:00:03,756 - 等待 3 分钟后重新检查新文件...
2025-01-17 00:00:33,768 - 未找到训练 CSV 文件，等待 30 秒后重试...
2025-01-17 00:01:03,781 - 未找到训练 CSV 文件，等待 30 秒后重试...
2025-01-17 00:01:33,782 - 未找到训练 CSV 文件，等待 30 秒后重试...
2025-01-17 00:02:03,795 - 未找到训练 CSV 文件，等待 30 秒后重试...
2025-01-17 00:02:33,810 - 未找到训练 CSV 文件，等待 30 秒后重试...
2025-01-17 00:03:03,769 - 发现新的预测文件：202501170000.csv，执行预测...
2025-01-17 00:03:03,835 - 未找到训练 CSV 文件，等待 30 秒后重试...
2025-01-17 00:03:03,932 - 等待 3 分钟后重新检查新文件...
2025-01-17 00:03:33,845 - 未找到训练 CSV 文件，等待 30 秒后重试...
2025-01-17 00:04:03,858 - 未找到训练 CSV 文件，等待 30 秒后重试...
2025-01-17 00:04:33,869 - 未找到训练 CSV 文件，等待 30 秒后重试...
2025-01-17 00:05:03,871 - 未找到训练 CSV 文件，等待 30 秒后重试...
2025-01-17 00:05:33,874 - 未找到训练 CSV 文件，等待 30 秒后重试...
2025-01-17 00:06:03,885 - 未找到训练 CSV 文件，等待 30 秒后重试...
2025-01-17 00:06:03,947 - 等待 3 分钟后重新检查新文件...
2025-01-17 00:06:33,891 - 未找到训练 CSV 文件，等待 30 秒后重试...
2025-01-17 00:07:03,905 - 未找到训练 CSV 文件，等待 30 秒后重试...
2025-01-17 00:07:33,919 - 未找到训练 CSV 文件，等待 30 秒后重试...
2025-01-17 00:08:03,935 - 未找到训练 CSV 文件，等待 30 秒后重试...
2025-01-17 00:08:33,951 - 未找到训练 CSV 文件，等待 30 秒后重试...
2025-01-17 00:09:03,959 - 未找到训练 CSV 文件，等待 30 秒后重试...
2025-01-17 00:09:03,959 - 等待 3 分钟后重新检查新文件...
2025-01-17 00:09:33,966 - 未找到训练 CSV 文件，等待 30 秒后重试...
2025-01-17 00:10:03,977 - 未找到训练 CSV 文件，等待 30 秒后重试...
2025-01-17 00:10:33,986 - 发现新的训练文件：D:\my-vue-project\wind-power-forecast\backend\auto_scripts\dataset\dataset_supershort\20250117.csv，执行训练...
2025-01-17 00:10:33,986 - 输出结果将保存到: D:\my-vue-project\wind-power-forecast\backend\auto_scripts\train_predictions\supershort_predictions
2025-01-17 00:10:35,108 - 数据加载与预处理完成
2025-01-17 00:10:35,427 - 数据标准化完成
2025-01-17 00:10:36,116 - 创建时间窗口完成
2025-01-17 00:10:36,116 - 获取模型参数完成
2025-01-17 00:12:03,961 - 等待 3 分钟后重新检查新文件...
2025-01-17 00:14:02,971 - 训练与评估完成
2025-01-17 00:14:02,989 - 保存预测结果完成
2025-01-17 00:14:03,199 - 可视化结果完成
2025-01-17 00:14:03,362 - 模型已成功保存到 D:\my-vue-project\wind-power-forecast\backend\auto_scripts\models\supershortmodel\20250117，模型可用。
2025-01-17 00:15:03,976 - 等待 3 分钟后重新检查新文件...
2025-01-17 00:18:03,992 - 发现新的预测文件：202501170015.csv，执行预测...
2025-01-17 00:18:04,097 - 等待 3 分钟后重新检查新文件...
2025-01-17 00:21:04,102 - 等待 3 分钟后重新检查新文件...
2025-01-17 00:24:04,112 - 等待 3 分钟后重新检查新文件...
2025-01-17 00:27:04,127 - 等待 3 分钟后重新检查新文件...
2025-01-17 00:30:04,131 - 等待 3 分钟后重新检查新文件...
2025-01-17 00:33:04,134 - 发现新的预测文件：202501170030.csv，执行预测...
2025-01-17 00:33:04,206 - 等待 3 分钟后重新检查新文件...
2025-01-17 00:36:04,218 - 等待 3 分钟后重新检查新文件...
2025-01-17 00:39:04,222 - 等待 3 分钟后重新检查新文件...
2025-01-17 00:42:04,235 - 等待 3 分钟后重新检查新文件...
2025-01-17 00:45:04,247 - 等待 3 分钟后重新检查新文件...
2025-01-17 00:48:04,255 - 发现新的预测文件：202501170045.csv，执行预测...
2025-01-17 00:48:04,328 - 等待 3 分钟后重新检查新文件...
2025-01-17 00:51:04,344 - 等待 3 分钟后重新检查新文件...
2025-01-17 00:54:04,346 - 等待 3 分钟后重新检查新文件...
2025-01-17 00:57:04,354 - 等待 3 分钟后重新检查新文件...
2025-01-17 01:00:04,367 - 等待 3 分钟后重新检查新文件...
2025-01-17 01:03:04,382 - 发现新的预测文件：202501170100.csv，执行预测...
2025-01-17 01:03:04,507 - 等待 3 分钟后重新检查新文件...
2025-01-17 01:06:04,519 - 等待 3 分钟后重新检查新文件...
2025-01-17 01:09:04,530 - 等待 3 分钟后重新检查新文件...
2025-01-17 01:12:04,545 - 等待 3 分钟后重新检查新文件...
2025-01-17 01:15:04,555 - 等待 3 分钟后重新检查新文件...
2025-01-17 01:18:04,563 - 发现新的预测文件：202501170115.csv，执行预测...
2025-01-17 01:18:04,659 - 等待 3 分钟后重新检查新文件...
2025-01-17 01:21:04,667 - 等待 3 分钟后重新检查新文件...
2025-01-17 01:24:04,673 - 等待 3 分钟后重新检查新文件...
2025-01-17 01:27:04,680 - 等待 3 分钟后重新检查新文件...
2025-01-17 01:30:04,697 - 等待 3 分钟后重新检查新文件...
2025-01-17 01:33:04,713 - 发现新的预测文件：202501170130.csv，执行预测...
2025-01-17 01:33:04,782 - 等待 3 分钟后重新检查新文件...
2025-01-17 01:36:04,790 - 等待 3 分钟后重新检查新文件...
2025-01-17 01:39:04,797 - 等待 3 分钟后重新检查新文件...
2025-01-17 01:42:04,799 - 等待 3 分钟后重新检查新文件...
2025-01-17 01:45:04,810 - 等待 3 分钟后重新检查新文件...
2025-01-17 01:48:04,824 - 发现新的预测文件：202501170145.csv，执行预测...
2025-01-17 01:48:04,910 - 等待 3 分钟后重新检查新文件...
2025-01-17 01:51:04,912 - 等待 3 分钟后重新检查新文件...
2025-01-17 01:54:04,927 - 等待 3 分钟后重新检查新文件...
2025-01-17 01:57:04,942 - 等待 3 分钟后重新检查新文件...
2025-01-17 02:00:04,951 - 等待 3 分钟后重新检查新文件...
2025-01-17 02:03:04,963 - 发现新的预测文件：202501170200.csv，执行预测...
2025-01-17 02:03:05,039 - 等待 3 分钟后重新检查新文件...
2025-01-17 02:06:05,044 - 等待 3 分钟后重新检查新文件...
2025-01-17 02:09:05,059 - 等待 3 分钟后重新检查新文件...
2025-01-17 02:12:05,066 - 等待 3 分钟后重新检查新文件...
2025-01-17 02:15:05,070 - 等待 3 分钟后重新检查新文件...
2025-01-17 02:18:05,075 - 发现新的预测文件：202501170215.csv，执行预测...
2025-01-17 02:18:05,185 - 等待 3 分钟后重新检查新文件...
2025-01-17 02:21:05,193 - 等待 3 分钟后重新检查新文件...
2025-01-17 02:24:05,195 - 等待 3 分钟后重新检查新文件...
2025-01-17 02:27:05,211 - 等待 3 分钟后重新检查新文件...
2025-01-17 02:30:05,224 - 等待 3 分钟后重新检查新文件...
2025-01-17 02:33:05,230 - 发现新的预测文件：202501170230.csv，执行预测...
2025-01-17 02:33:05,312 - 等待 3 分钟后重新检查新文件...
2025-01-17 02:36:05,314 - 等待 3 分钟后重新检查新文件...
2025-01-17 02:39:05,319 - 等待 3 分钟后重新检查新文件...
2025-01-17 02:42:05,331 - 等待 3 分钟后重新检查新文件...
2025-01-17 02:45:05,345 - 等待 3 分钟后重新检查新文件...
2025-01-17 02:48:05,359 - 发现新的预测文件：202501170245.csv，执行预测...
2025-01-17 02:48:05,426 - 等待 3 分钟后重新检查新文件...
2025-01-17 02:51:05,429 - 等待 3 分钟后重新检查新文件...
2025-01-17 02:54:05,441 - 等待 3 分钟后重新检查新文件...
2025-01-17 02:57:05,448 - 等待 3 分钟后重新检查新文件...
2025-01-17 03:00:05,454 - 等待 3 分钟后重新检查新文件...
2025-01-17 03:03:05,457 - 发现新的预测文件：202501170300.csv，执行预测...
2025-01-17 03:03:05,539 - 等待 3 分钟后重新检查新文件...
2025-01-17 03:06:05,544 - 等待 3 分钟后重新检查新文件...
2025-01-17 03:09:05,552 - 等待 3 分钟后重新检查新文件...
2025-01-17 03:12:05,567 - 等待 3 分钟后重新检查新文件...
2025-01-17 03:15:05,578 - 等待 3 分钟后重新检查新文件...
2025-01-17 03:18:05,592 - 发现新的预测文件：202501170315.csv，执行预测...
2025-01-17 03:18:05,660 - 等待 3 分钟后重新检查新文件...
2025-01-17 03:21:05,672 - 等待 3 分钟后重新检查新文件...
2025-01-17 03:24:05,688 - 等待 3 分钟后重新检查新文件...
2025-01-17 03:27:05,703 - 等待 3 分钟后重新检查新文件...
2025-01-17 03:30:05,707 - 等待 3 分钟后重新检查新文件...
2025-01-17 03:33:05,713 - 发现新的预测文件：202501170330.csv，执行预测...
2025-01-17 03:33:05,807 - 等待 3 分钟后重新检查新文件...
2025-01-17 03:36:05,815 - 等待 3 分钟后重新检查新文件...
2025-01-17 03:39:05,829 - 等待 3 分钟后重新检查新文件...
2025-01-17 03:42:05,842 - 等待 3 分钟后重新检查新文件...
2025-01-17 03:45:05,857 - 等待 3 分钟后重新检查新文件...
2025-01-17 03:48:05,859 - 发现新的预测文件：202501170345.csv，执行预测...
2025-01-17 03:48:05,931 - 等待 3 分钟后重新检查新文件...
2025-01-17 03:51:05,941 - 等待 3 分钟后重新检查新文件...
2025-01-17 03:54:05,943 - 等待 3 分钟后重新检查新文件...
2025-01-17 03:57:05,957 - 等待 3 分钟后重新检查新文件...
2025-01-17 04:00:05,966 - 等待 3 分钟后重新检查新文件...
2025-01-17 04:03:05,980 - 发现新的预测文件：202501170400.csv，执行预测...
2025-01-17 04:03:06,061 - 等待 3 分钟后重新检查新文件...
2025-01-17 04:06:06,064 - 等待 3 分钟后重新检查新文件...
2025-01-17 04:09:06,076 - 等待 3 分钟后重新检查新文件...
2025-01-17 04:12:06,083 - 等待 3 分钟后重新检查新文件...
2025-01-17 04:15:06,089 - 等待 3 分钟后重新检查新文件...
2025-01-17 04:18:06,102 - 发现新的预测文件：202501170415.csv，执行预测...
2025-01-17 04:18:06,188 - 等待 3 分钟后重新检查新文件...
2025-01-17 04:21:06,200 - 等待 3 分钟后重新检查新文件...
2025-01-17 04:24:06,203 - 等待 3 分钟后重新检查新文件...
2025-01-17 04:27:06,212 - 等待 3 分钟后重新检查新文件...
2025-01-17 04:30:06,220 - 等待 3 分钟后重新检查新文件...
2025-01-17 04:33:06,227 - 发现新的预测文件：202501170430.csv，执行预测...
2025-01-17 04:33:06,319 - 等待 3 分钟后重新检查新文件...
2025-01-17 04:36:06,332 - 等待 3 分钟后重新检查新文件...
2025-01-17 04:39:06,348 - 等待 3 分钟后重新检查新文件...
2025-01-17 04:42:06,351 - 等待 3 分钟后重新检查新文件...
2025-01-17 04:45:06,355 - 等待 3 分钟后重新检查新文件...
2025-01-17 04:48:06,366 - 发现新的预测文件：202501170445.csv，执行预测...
2025-01-17 04:48:06,443 - 等待 3 分钟后重新检查新文件...
2025-01-17 04:51:06,458 - 等待 3 分钟后重新检查新文件...
2025-01-17 04:54:06,469 - 等待 3 分钟后重新检查新文件...
2025-01-17 04:57:06,473 - 等待 3 分钟后重新检查新文件...
2025-01-17 05:00:06,478 - 等待 3 分钟后重新检查新文件...
2025-01-17 05:03:06,481 - 发现新的预测文件：202501170500.csv，执行预测...
2025-01-17 05:03:06,553 - 等待 3 分钟后重新检查新文件...
2025-01-17 05:06:06,558 - 等待 3 分钟后重新检查新文件...
2025-01-17 05:09:06,575 - 等待 3 分钟后重新检查新文件...
2025-01-17 05:12:06,584 - 等待 3 分钟后重新检查新文件...
2025-01-17 05:15:06,586 - 等待 3 分钟后重新检查新文件...
2025-01-17 05:18:06,600 - 发现新的预测文件：202501170515.csv，执行预测...
2025-01-17 05:18:06,673 - 等待 3 分钟后重新检查新文件...
2025-01-17 05:21:06,684 - 等待 3 分钟后重新检查新文件...
2025-01-17 05:24:06,689 - 等待 3 分钟后重新检查新文件...
2025-01-17 05:27:06,693 - 等待 3 分钟后重新检查新文件...
2025-01-17 05:30:06,706 - 等待 3 分钟后重新检查新文件...
2025-01-17 05:33:06,719 - 发现新的预测文件：202501170530.csv，执行预测...
2025-01-17 05:33:06,820 - 等待 3 分钟后重新检查新文件...
2025-01-17 05:36:06,832 - 等待 3 分钟后重新检查新文件...
2025-01-17 05:39:06,836 - 等待 3 分钟后重新检查新文件...
2025-01-17 05:42:06,837 - 等待 3 分钟后重新检查新文件...
2025-01-17 05:45:06,848 - 等待 3 分钟后重新检查新文件...
2025-01-17 05:48:06,861 - 发现新的预测文件：202501170545.csv，执行预测...
2025-01-17 05:48:06,922 - 等待 3 分钟后重新检查新文件...
2025-01-17 05:51:06,927 - 等待 3 分钟后重新检查新文件...
2025-01-17 05:54:06,928 - 等待 3 分钟后重新检查新文件...
2025-01-17 05:57:06,930 - 等待 3 分钟后重新检查新文件...
2025-01-17 06:00:06,932 - 等待 3 分钟后重新检查新文件...
2025-01-17 06:03:06,942 - 发现新的预测文件：202501170600.csv，执行预测...
2025-01-17 06:03:07,013 - 等待 3 分钟后重新检查新文件...
2025-01-17 06:06:07,030 - 等待 3 分钟后重新检查新文件...
2025-01-17 06:09:07,035 - 等待 3 分钟后重新检查新文件...
2025-01-17 06:12:07,042 - 等待 3 分钟后重新检查新文件...
2025-01-17 06:15:07,056 - 等待 3 分钟后重新检查新文件...
2025-01-17 06:18:07,057 - 发现新的预测文件：202501170615.csv，执行预测...
2025-01-17 06:18:07,147 - 等待 3 分钟后重新检查新文件...
2025-01-17 06:21:07,155 - 等待 3 分钟后重新检查新文件...
2025-01-17 06:24:07,161 - 等待 3 分钟后重新检查新文件...
2025-01-17 06:27:07,173 - 等待 3 分钟后重新检查新文件...
2025-01-17 06:30:07,190 - 等待 3 分钟后重新检查新文件...
2025-01-17 06:33:07,196 - 发现新的预测文件：202501170630.csv，执行预测...
2025-01-17 06:33:07,285 - 等待 3 分钟后重新检查新文件...
2025-01-17 06:36:07,298 - 等待 3 分钟后重新检查新文件...
2025-01-17 06:39:07,300 - 等待 3 分钟后重新检查新文件...
2025-01-17 06:42:07,318 - 等待 3 分钟后重新检查新文件...
2025-01-17 06:45:07,330 - 等待 3 分钟后重新检查新文件...
2025-01-17 06:48:07,338 - 发现新的预测文件：202501170645.csv，执行预测...
2025-01-17 06:48:07,436 - 等待 3 分钟后重新检查新文件...
2025-01-17 06:51:07,450 - 等待 3 分钟后重新检查新文件...
2025-01-17 06:54:07,453 - 等待 3 分钟后重新检查新文件...
2025-01-17 06:57:07,468 - 等待 3 分钟后重新检查新文件...
2025-01-17 07:00:07,484 - 等待 3 分钟后重新检查新文件...
2025-01-17 07:03:07,495 - 发现新的预测文件：202501170700.csv，执行预测...
2025-01-17 07:03:07,562 - 等待 3 分钟后重新检查新文件...
2025-01-17 07:06:07,564 - 等待 3 分钟后重新检查新文件...
2025-01-17 07:09:08,977 - 等待 3 分钟后重新检查新文件...
2025-01-17 07:12:08,989 - 等待 3 分钟后重新检查新文件...
2025-01-17 07:15:09,000 - 等待 3 分钟后重新检查新文件...
2025-01-17 07:18:09,004 - 发现新的预测文件：202501170715.csv，执行预测...
2025-01-17 07:18:09,089 - 等待 3 分钟后重新检查新文件...
2025-01-17 07:21:09,096 - 等待 3 分钟后重新检查新文件...
2025-01-17 07:24:09,102 - 等待 3 分钟后重新检查新文件...
2025-01-17 07:27:09,116 - 等待 3 分钟后重新检查新文件...
2025-01-17 07:30:09,133 - 等待 3 分钟后重新检查新文件...
2025-01-17 07:33:09,147 - 发现新的预测文件：202501170730.csv，执行预测...
2025-01-17 07:33:09,222 - 等待 3 分钟后重新检查新文件...
2025-01-17 07:36:09,237 - 等待 3 分钟后重新检查新文件...
2025-01-17 07:39:09,244 - 等待 3 分钟后重新检查新文件...
2025-01-17 07:42:09,258 - 等待 3 分钟后重新检查新文件...
2025-01-17 07:45:09,267 - 等待 3 分钟后重新检查新文件...
2025-01-17 07:48:09,276 - 发现新的预测文件：202501170745.csv，执行预测...
2025-01-17 07:48:09,365 - 等待 3 分钟后重新检查新文件...
2025-01-17 07:51:09,371 - 等待 3 分钟后重新检查新文件...
2025-01-17 07:54:09,373 - 等待 3 分钟后重新检查新文件...
2025-01-17 07:57:09,386 - 等待 3 分钟后重新检查新文件...
2025-01-17 08:00:09,395 - 等待 3 分钟后重新检查新文件...
2025-01-17 08:03:09,409 - 发现新的预测文件：202501170800.csv，执行预测...
2025-01-17 08:03:09,481 - 等待 3 分钟后重新检查新文件...
2025-01-17 08:06:09,495 - 等待 3 分钟后重新检查新文件...
2025-01-17 08:09:09,507 - 等待 3 分钟后重新检查新文件...
2025-01-17 08:12:09,517 - 等待 3 分钟后重新检查新文件...
2025-01-17 08:15:09,532 - 等待 3 分钟后重新检查新文件...
2025-01-17 08:18:09,544 - 发现新的预测文件：202501170815.csv，执行预测...
2025-01-17 08:18:09,623 - 等待 3 分钟后重新检查新文件...
2025-01-17 08:21:09,637 - 等待 3 分钟后重新检查新文件...
2025-01-17 08:24:09,640 - 等待 3 分钟后重新检查新文件...
2025-01-17 08:27:09,644 - 等待 3 分钟后重新检查新文件...
2025-01-17 08:30:09,656 - 等待 3 分钟后重新检查新文件...
2025-01-17 08:33:09,671 - 发现新的预测文件：202501170830.csv，执行预测...
2025-01-17 08:33:09,741 - 等待 3 分钟后重新检查新文件...
2025-01-17 08:36:09,744 - 等待 3 分钟后重新检查新文件...
2025-01-17 08:39:09,752 - 等待 3 分钟后重新检查新文件...
2025-01-17 08:42:09,755 - 等待 3 分钟后重新检查新文件...
2025-01-17 08:45:09,760 - 等待 3 分钟后重新检查新文件...
2025-01-17 08:48:09,764 - 发现新的预测文件：202501170845.csv，执行预测...
2025-01-17 08:48:09,846 - 等待 3 分钟后重新检查新文件...
2025-01-17 08:51:09,851 - 等待 3 分钟后重新检查新文件...
2025-01-17 08:54:09,856 - 等待 3 分钟后重新检查新文件...
2025-01-17 08:57:09,868 - 等待 3 分钟后重新检查新文件...
2025-01-17 09:00:09,872 - 等待 3 分钟后重新检查新文件...
2025-01-17 09:03:09,883 - 发现新的预测文件：202501170900.csv，执行预测...
2025-01-17 09:03:09,948 - 等待 3 分钟后重新检查新文件...
2025-01-17 09:06:09,958 - 等待 3 分钟后重新检查新文件...
2025-01-17 09:09:09,969 - 等待 3 分钟后重新检查新文件...
2025-01-17 09:12:09,971 - 等待 3 分钟后重新检查新文件...
2025-01-17 09:15:09,984 - 等待 3 分钟后重新检查新文件...
2025-01-17 09:18:09,999 - 发现新的预测文件：202501170915.csv，执行预测...
2025-01-17 09:18:10,073 - 等待 3 分钟后重新检查新文件...
2025-01-17 09:21:10,076 - 等待 3 分钟后重新检查新文件...
2025-01-17 09:24:10,084 - 等待 3 分钟后重新检查新文件...
2025-01-17 09:27:10,090 - 等待 3 分钟后重新检查新文件...
2025-01-17 09:30:10,106 - 等待 3 分钟后重新检查新文件...
2025-01-17 09:33:10,119 - 发现新的预测文件：202501170930.csv，执行预测...
2025-01-17 09:33:10,191 - 等待 3 分钟后重新检查新文件...
2025-01-17 09:36:10,199 - 等待 3 分钟后重新检查新文件...
2025-01-17 09:39:10,215 - 等待 3 分钟后重新检查新文件...
2025-01-17 09:42:10,226 - 等待 3 分钟后重新检查新文件...
2025-01-17 09:45:10,238 - 等待 3 分钟后重新检查新文件...
2025-01-17 09:48:10,246 - 发现新的预测文件：202501170945.csv，执行预测...
2025-01-17 09:48:10,323 - 等待 3 分钟后重新检查新文件...
2025-01-17 09:51:10,341 - 等待 3 分钟后重新检查新文件...
2025-01-17 09:54:10,348 - 等待 3 分钟后重新检查新文件...
2025-01-17 09:57:10,358 - 等待 3 分钟后重新检查新文件...
2025-01-17 10:00:10,369 - 等待 3 分钟后重新检查新文件...
2025-01-17 10:03:10,380 - 发现新的预测文件：202501171000.csv，执行预测...
2025-01-17 10:03:10,507 - 等待 3 分钟后重新检查新文件...
2025-01-17 10:06:10,510 - 等待 3 分钟后重新检查新文件...
2025-01-17 10:09:10,525 - 等待 3 分钟后重新检查新文件...
2025-01-17 10:12:10,539 - 等待 3 分钟后重新检查新文件...
2025-01-17 10:15:10,553 - 等待 3 分钟后重新检查新文件...
2025-01-17 10:18:10,569 - 发现新的预测文件：202501171015.csv，执行预测...
2025-01-17 10:18:10,683 - 等待 3 分钟后重新检查新文件...
2025-01-17 10:21:10,693 - 等待 3 分钟后重新检查新文件...
2025-01-17 10:24:10,705 - 等待 3 分钟后重新检查新文件...
2025-01-17 10:27:10,717 - 等待 3 分钟后重新检查新文件...
2025-01-17 10:30:10,730 - 等待 3 分钟后重新检查新文件...
2025-01-17 10:33:10,740 - 发现新的预测文件：202501171030.csv，执行预测...
2025-01-17 10:33:10,814 - 等待 3 分钟后重新检查新文件...
2025-01-17 10:36:10,822 - 等待 3 分钟后重新检查新文件...
2025-01-17 10:39:10,830 - 等待 3 分钟后重新检查新文件...
2025-01-17 10:42:10,836 - 等待 3 分钟后重新检查新文件...
2025-01-17 10:45:10,841 - 等待 3 分钟后重新检查新文件...
2025-01-17 10:48:10,853 - 发现新的预测文件：202501171045.csv，执行预测...
2025-01-17 10:48:10,950 - 等待 3 分钟后重新检查新文件...
2025-01-17 10:51:10,965 - 等待 3 分钟后重新检查新文件...
2025-01-17 10:54:10,969 - 等待 3 分钟后重新检查新文件...
2025-01-17 10:57:10,981 - 等待 3 分钟后重新检查新文件...
2025-01-17 11:00:10,991 - 等待 3 分钟后重新检查新文件...
2025-01-17 11:03:11,002 - 发现新的预测文件：202501171100.csv，执行预测...
2025-01-17 11:03:11,098 - 等待 3 分钟后重新检查新文件...
2025-01-17 11:06:11,112 - 等待 3 分钟后重新检查新文件...
2025-01-17 11:09:11,115 - 等待 3 分钟后重新检查新文件...
2025-01-17 11:12:11,132 - 等待 3 分钟后重新检查新文件...
2025-01-17 11:15:11,137 - 等待 3 分钟后重新检查新文件...
2025-01-17 11:18:11,150 - 发现新的预测文件：202501171115.csv，执行预测...
2025-01-17 11:18:11,215 - 等待 3 分钟后重新检查新文件...
2025-01-17 11:21:11,216 - 等待 3 分钟后重新检查新文件...
2025-01-17 11:24:11,226 - 等待 3 分钟后重新检查新文件...
2025-01-17 11:27:11,238 - 等待 3 分钟后重新检查新文件...
2025-01-17 11:30:11,252 - 等待 3 分钟后重新检查新文件...
2025-01-17 11:33:11,266 - 发现新的预测文件：202501171130.csv，执行预测...
2025-01-17 11:33:11,345 - 等待 3 分钟后重新检查新文件...
2025-01-17 11:36:11,361 - 等待 3 分钟后重新检查新文件...
2025-01-17 11:39:11,378 - 等待 3 分钟后重新检查新文件...
2025-01-17 11:42:11,392 - 等待 3 分钟后重新检查新文件...
2025-01-17 11:45:11,399 - 等待 3 分钟后重新检查新文件...
2025-01-17 11:48:11,402 - 发现新的预测文件：202501171145.csv，执行预测...
2025-01-17 11:48:11,509 - 等待 3 分钟后重新检查新文件...
2025-01-17 11:51:11,520 - 等待 3 分钟后重新检查新文件...
2025-01-17 11:54:11,530 - 等待 3 分钟后重新检查新文件...
2025-01-17 11:57:11,533 - 等待 3 分钟后重新检查新文件...
2025-01-17 12:00:11,550 - 等待 3 分钟后重新检查新文件...
2025-01-17 12:03:11,562 - 发现新的预测文件：202501171200.csv，执行预测...
2025-01-17 12:03:11,658 - 等待 3 分钟后重新检查新文件...
2025-01-17 12:06:11,671 - 等待 3 分钟后重新检查新文件...
2025-01-17 12:09:11,686 - 等待 3 分钟后重新检查新文件...
2025-01-17 12:12:11,688 - 等待 3 分钟后重新检查新文件...
2025-01-17 12:15:11,693 - 等待 3 分钟后重新检查新文件...
2025-01-17 12:18:11,702 - 发现新的预测文件：202501171215.csv，执行预测...
2025-01-17 12:18:11,781 - 等待 3 分钟后重新检查新文件...
2025-01-17 12:21:11,783 - 等待 3 分钟后重新检查新文件...
2025-01-17 12:24:11,785 - 等待 3 分钟后重新检查新文件...
2025-01-17 12:27:11,787 - 等待 3 分钟后重新检查新文件...
2025-01-17 12:30:11,802 - 等待 3 分钟后重新检查新文件...
2025-01-17 12:33:11,804 - 发现新的预测文件：202501171230.csv，执行预测...
2025-01-17 12:33:11,881 - 等待 3 分钟后重新检查新文件...
2025-01-17 12:36:11,895 - 等待 3 分钟后重新检查新文件...
2025-01-17 12:39:11,906 - 等待 3 分钟后重新检查新文件...
2025-01-17 12:42:11,909 - 等待 3 分钟后重新检查新文件...
2025-01-17 12:45:11,917 - 等待 3 分钟后重新检查新文件...
2025-01-17 12:48:11,930 - 发现新的预测文件：202501171245.csv，执行预测...
2025-01-17 12:48:12,001 - 等待 3 分钟后重新检查新文件...
2025-01-17 12:51:12,004 - 等待 3 分钟后重新检查新文件...
2025-01-17 12:54:12,021 - 等待 3 分钟后重新检查新文件...
2025-01-17 12:57:12,031 - 等待 3 分钟后重新检查新文件...
2025-01-17 13:00:12,038 - 等待 3 分钟后重新检查新文件...
2025-01-17 13:03:12,047 - 发现新的预测文件：202501171300.csv，执行预测...
2025-01-17 13:03:12,151 - 等待 3 分钟后重新检查新文件...
2025-01-17 13:06:12,164 - 等待 3 分钟后重新检查新文件...
2025-01-17 13:09:12,166 - 等待 3 分钟后重新检查新文件...
2025-01-17 13:12:12,182 - 等待 3 分钟后重新检查新文件...
2025-01-17 13:15:12,198 - 等待 3 分钟后重新检查新文件...
2025-01-17 13:18:12,207 - 发现新的预测文件：202501171315.csv，执行预测...
2025-01-17 13:18:12,275 - 等待 3 分钟后重新检查新文件...
2025-01-17 13:21:12,284 - 等待 3 分钟后重新检查新文件...
2025-01-17 13:24:12,296 - 等待 3 分钟后重新检查新文件...
2025-01-17 13:27:12,298 - 等待 3 分钟后重新检查新文件...
2025-01-17 13:30:12,307 - 等待 3 分钟后重新检查新文件...
2025-01-17 13:33:12,316 - 发现新的预测文件：202501171330.csv，执行预测...
2025-01-17 13:33:12,393 - 等待 3 分钟后重新检查新文件...
2025-01-17 13:36:12,401 - 等待 3 分钟后重新检查新文件...
2025-01-17 13:39:12,403 - 等待 3 分钟后重新检查新文件...
2025-01-17 13:42:12,412 - 等待 3 分钟后重新检查新文件...
2025-01-17 13:45:12,428 - 等待 3 分钟后重新检查新文件...
2025-01-17 13:48:12,430 - 发现新的预测文件：202501171345.csv，执行预测...
2025-01-17 13:48:12,507 - 等待 3 分钟后重新检查新文件...
2025-01-17 13:51:12,523 - 等待 3 分钟后重新检查新文件...
2025-01-17 13:54:12,528 - 等待 3 分钟后重新检查新文件...
2025-01-17 13:57:12,533 - 等待 3 分钟后重新检查新文件...
2025-01-17 14:00:12,548 - 等待 3 分钟后重新检查新文件...
2025-01-17 14:03:12,553 - 发现新的预测文件：202501171400.csv，执行预测...
2025-01-17 14:03:12,629 - 等待 3 分钟后重新检查新文件...
2025-01-17 14:06:12,642 - 等待 3 分钟后重新检查新文件...
2025-01-17 14:09:12,646 - 等待 3 分钟后重新检查新文件...
2025-01-17 14:12:12,658 - 等待 3 分钟后重新检查新文件...
2025-01-17 14:15:12,671 - 等待 3 分钟后重新检查新文件...
2025-01-17 14:18:12,677 - 发现新的预测文件：202501171415.csv，执行预测...
2025-01-17 14:18:12,784 - 等待 3 分钟后重新检查新文件...
2025-01-17 14:21:12,788 - 等待 3 分钟后重新检查新文件...
2025-01-17 14:24:12,798 - 等待 3 分钟后重新检查新文件...
2025-01-17 14:27:12,805 - 等待 3 分钟后重新检查新文件...
2025-01-17 14:30:12,810 - 等待 3 分钟后重新检查新文件...
2025-01-17 14:33:12,818 - 发现新的预测文件：202501171430.csv，执行预测...
2025-01-17 14:33:12,893 - 等待 3 分钟后重新检查新文件...
2025-01-17 14:36:12,895 - 等待 3 分钟后重新检查新文件...
2025-01-17 14:39:12,906 - 等待 3 分钟后重新检查新文件...
2025-01-17 14:42:12,908 - 等待 3 分钟后重新检查新文件...
2025-01-17 14:45:12,918 - 等待 3 分钟后重新检查新文件...
2025-01-17 14:48:12,928 - 发现新的预测文件：202501171445.csv，执行预测...
2025-01-17 14:48:13,005 - 等待 3 分钟后重新检查新文件...
2025-01-17 14:51:13,013 - 等待 3 分钟后重新检查新文件...
2025-01-17 14:54:13,021 - 等待 3 分钟后重新检查新文件...
2025-01-17 14:57:13,029 - 等待 3 分钟后重新检查新文件...
2025-01-17 15:00:13,039 - 等待 3 分钟后重新检查新文件...
2025-01-17 15:03:13,040 - 发现新的预测文件：202501171500.csv，执行预测...
2025-01-17 15:03:13,118 - 等待 3 分钟后重新检查新文件...
2025-01-17 15:06:13,122 - 等待 3 分钟后重新检查新文件...
2025-01-17 15:09:13,136 - 等待 3 分钟后重新检查新文件...
2025-01-17 15:12:13,149 - 等待 3 分钟后重新检查新文件...
2025-01-17 15:15:13,162 - 等待 3 分钟后重新检查新文件...
2025-01-17 15:18:13,181 - 发现新的预测文件：202501171515.csv，执行预测...
2025-01-17 15:18:13,279 - 等待 3 分钟后重新检查新文件...
2025-01-17 15:21:13,281 - 等待 3 分钟后重新检查新文件...
2025-01-17 15:24:13,293 - 等待 3 分钟后重新检查新文件...
2025-01-17 15:27:13,299 - 等待 3 分钟后重新检查新文件...
2025-01-17 15:30:13,306 - 等待 3 分钟后重新检查新文件...
2025-01-17 15:33:13,321 - 发现新的预测文件：202501171530.csv，执行预测...
2025-01-17 15:33:13,391 - 等待 3 分钟后重新检查新文件...
2025-01-17 15:36:13,406 - 等待 3 分钟后重新检查新文件...
2025-01-17 15:39:13,414 - 等待 3 分钟后重新检查新文件...
2025-01-17 15:42:13,424 - 等待 3 分钟后重新检查新文件...
2025-01-17 15:45:13,426 - 等待 3 分钟后重新检查新文件...
2025-01-17 15:48:13,442 - 发现新的预测文件：202501171545.csv，执行预测...
2025-01-17 15:48:13,521 - 等待 3 分钟后重新检查新文件...
2025-01-17 15:51:13,529 - 等待 3 分钟后重新检查新文件...
2025-01-17 15:54:13,540 - 等待 3 分钟后重新检查新文件...
2025-01-17 15:57:13,548 - 等待 3 分钟后重新检查新文件...
2025-01-17 16:00:13,557 - 等待 3 分钟后重新检查新文件...
2025-01-17 16:03:13,568 - 发现新的预测文件：202501171600.csv，执行预测...
2025-01-17 16:03:13,639 - 等待 3 分钟后重新检查新文件...
2025-01-17 16:06:13,658 - 等待 3 分钟后重新检查新文件...
2025-01-17 16:09:13,675 - 等待 3 分钟后重新检查新文件...
2025-01-17 16:12:13,682 - 等待 3 分钟后重新检查新文件...
2025-01-17 16:15:15,071 - 等待 3 分钟后重新检查新文件...
2025-01-17 16:18:15,079 - 发现新的预测文件：202501171615.csv，执行预测...
2025-01-17 16:18:15,174 - 等待 3 分钟后重新检查新文件...
2025-01-17 16:21:15,179 - 等待 3 分钟后重新检查新文件...
2025-01-17 16:24:15,193 - 等待 3 分钟后重新检查新文件...
2025-01-17 16:27:15,202 - 等待 3 分钟后重新检查新文件...
2025-01-17 16:30:15,219 - 等待 3 分钟后重新检查新文件...
2025-01-17 16:33:15,226 - 发现新的预测文件：202501171630.csv，执行预测...
2025-01-17 16:33:15,302 - 等待 3 分钟后重新检查新文件...
2025-01-17 16:36:15,318 - 等待 3 分钟后重新检查新文件...
2025-01-17 16:39:15,331 - 等待 3 分钟后重新检查新文件...
2025-01-17 16:42:15,343 - 等待 3 分钟后重新检查新文件...
2025-01-17 16:45:15,353 - 等待 3 分钟后重新检查新文件...
2025-01-17 16:48:15,363 - 发现新的预测文件：202501171645.csv，执行预测...
2025-01-17 16:48:15,470 - 等待 3 分钟后重新检查新文件...
2025-01-17 16:51:15,486 - 等待 3 分钟后重新检查新文件...
2025-01-17 16:54:15,494 - 等待 3 分钟后重新检查新文件...
2025-01-17 16:57:15,506 - 等待 3 分钟后重新检查新文件...
2025-01-17 17:00:15,513 - 等待 3 分钟后重新检查新文件...
2025-01-17 17:03:15,524 - 发现新的预测文件：202501171700.csv，执行预测...
2025-01-17 17:03:15,591 - 等待 3 分钟后重新检查新文件...
2025-01-17 17:06:15,594 - 等待 3 分钟后重新检查新文件...
2025-01-17 17:09:15,600 - 等待 3 分钟后重新检查新文件...
2025-01-17 17:12:15,617 - 等待 3 分钟后重新检查新文件...
2025-01-17 17:15:15,628 - 等待 3 分钟后重新检查新文件...
2025-01-17 17:18:15,635 - 发现新的预测文件：202501171715.csv，执行预测...
2025-01-17 17:18:15,732 - 等待 3 分钟后重新检查新文件...
2025-01-17 17:21:15,746 - 等待 3 分钟后重新检查新文件...
2025-01-17 17:24:15,761 - 等待 3 分钟后重新检查新文件...
2025-01-17 17:27:15,770 - 等待 3 分钟后重新检查新文件...
2025-01-17 17:30:15,779 - 等待 3 分钟后重新检查新文件...
2025-01-17 17:33:15,785 - 发现新的预测文件：202501171730.csv，执行预测...
2025-01-17 17:33:15,858 - 等待 3 分钟后重新检查新文件...
2025-01-17 17:36:15,864 - 等待 3 分钟后重新检查新文件...
2025-01-17 17:39:15,877 - 等待 3 分钟后重新检查新文件...
2025-01-17 17:42:15,886 - 等待 3 分钟后重新检查新文件...
2025-01-17 17:45:15,902 - 等待 3 分钟后重新检查新文件...
2025-01-17 17:48:15,916 - 发现新的预测文件：202501171745.csv，执行预测...
2025-01-17 17:48:15,981 - 等待 3 分钟后重新检查新文件...
2025-01-17 17:51:15,985 - 等待 3 分钟后重新检查新文件...
2025-01-17 17:54:15,992 - 等待 3 分钟后重新检查新文件...
2025-01-17 17:57:16,007 - 等待 3 分钟后重新检查新文件...
2025-01-17 18:00:16,016 - 等待 3 分钟后重新检查新文件...
2025-01-17 18:03:16,026 - 发现新的预测文件：202501171800.csv，执行预测...
2025-01-17 18:03:16,097 - 等待 3 分钟后重新检查新文件...
2025-01-17 18:06:16,100 - 等待 3 分钟后重新检查新文件...
2025-01-17 18:09:16,109 - 等待 3 分钟后重新检查新文件...
2025-01-17 18:12:16,111 - 等待 3 分钟后重新检查新文件...
2025-01-17 18:15:16,118 - 等待 3 分钟后重新检查新文件...
2025-01-17 18:18:16,124 - 发现新的预测文件：202501171815.csv，执行预测...
2025-01-17 18:18:16,201 - 等待 3 分钟后重新检查新文件...
2025-01-17 18:21:16,211 - 等待 3 分钟后重新检查新文件...
2025-01-17 18:24:16,222 - 等待 3 分钟后重新检查新文件...
2025-01-17 18:27:16,233 - 等待 3 分钟后重新检查新文件...
2025-01-17 18:30:16,240 - 等待 3 分钟后重新检查新文件...
2025-01-17 18:33:16,242 - 发现新的预测文件：202501171830.csv，执行预测...
2025-01-17 18:33:16,366 - 等待 3 分钟后重新检查新文件...
2025-01-17 18:36:16,374 - 等待 3 分钟后重新检查新文件...
2025-01-17 18:39:16,383 - 等待 3 分钟后重新检查新文件...
2025-01-17 18:42:16,393 - 等待 3 分钟后重新检查新文件...
2025-01-17 18:45:16,402 - 等待 3 分钟后重新检查新文件...
2025-01-17 18:48:16,408 - 发现新的预测文件：202501171845.csv，执行预测...
2025-01-17 18:48:16,483 - 等待 3 分钟后重新检查新文件...
2025-01-17 18:51:16,491 - 等待 3 分钟后重新检查新文件...
2025-01-17 18:54:16,497 - 等待 3 分钟后重新检查新文件...
2025-01-17 18:57:16,510 - 等待 3 分钟后重新检查新文件...
2025-01-17 19:00:16,517 - 等待 3 分钟后重新检查新文件...
2025-01-17 19:03:16,520 - 发现新的预测文件：202501171900.csv，执行预测...
2025-01-17 19:03:16,589 - 等待 3 分钟后重新检查新文件...
2025-01-17 19:06:16,606 - 等待 3 分钟后重新检查新文件...
2025-01-17 19:09:16,622 - 等待 3 分钟后重新检查新文件...
2025-01-17 19:12:16,638 - 等待 3 分钟后重新检查新文件...
2025-01-17 19:15:16,655 - 等待 3 分钟后重新检查新文件...
2025-01-17 19:18:16,663 - 发现新的预测文件：202501171915.csv，执行预测...
2025-01-17 19:18:16,744 - 等待 3 分钟后重新检查新文件...
2025-01-17 19:21:16,760 - 等待 3 分钟后重新检查新文件...
2025-01-17 19:24:16,775 - 等待 3 分钟后重新检查新文件...
2025-01-17 19:27:16,784 - 等待 3 分钟后重新检查新文件...
2025-01-17 19:30:16,796 - 等待 3 分钟后重新检查新文件...
2025-01-17 19:33:16,805 - 发现新的预测文件：202501171930.csv，执行预测...
2025-01-17 19:33:16,910 - 等待 3 分钟后重新检查新文件...
2025-01-17 19:36:16,919 - 等待 3 分钟后重新检查新文件...
2025-01-17 19:39:16,934 - 等待 3 分钟后重新检查新文件...
2025-01-17 19:42:16,940 - 等待 3 分钟后重新检查新文件...
2025-01-17 19:45:16,946 - 等待 3 分钟后重新检查新文件...
2025-01-17 19:48:16,960 - 发现新的预测文件：202501171945.csv，执行预测...
2025-01-17 19:48:17,041 - 等待 3 分钟后重新检查新文件...
2025-01-17 19:51:17,056 - 等待 3 分钟后重新检查新文件...
2025-01-17 19:54:17,071 - 等待 3 分钟后重新检查新文件...
2025-01-17 19:57:17,086 - 等待 3 分钟后重新检查新文件...
2025-01-17 20:00:17,097 - 等待 3 分钟后重新检查新文件...
2025-01-17 20:03:17,108 - 发现新的预测文件：202501172000.csv，执行预测...
2025-01-17 20:03:17,183 - 等待 3 分钟后重新检查新文件...
2025-01-17 20:06:17,199 - 等待 3 分钟后重新检查新文件...
2025-01-17 20:09:17,207 - 等待 3 分钟后重新检查新文件...
2025-01-17 20:12:17,219 - 等待 3 分钟后重新检查新文件...
2025-01-17 20:15:17,234 - 等待 3 分钟后重新检查新文件...
2025-01-17 20:18:17,239 - 发现新的预测文件：202501172015.csv，执行预测...
2025-01-17 20:18:17,359 - 等待 3 分钟后重新检查新文件...
2025-01-17 20:21:17,361 - 等待 3 分钟后重新检查新文件...
2025-01-17 20:24:17,369 - 等待 3 分钟后重新检查新文件...
2025-01-17 20:27:17,380 - 等待 3 分钟后重新检查新文件...
2025-01-17 20:30:17,387 - 等待 3 分钟后重新检查新文件...
2025-01-17 20:33:17,403 - 发现新的预测文件：202501172030.csv，执行预测...
2025-01-17 20:33:17,548 - 等待 3 分钟后重新检查新文件...
2025-01-17 20:36:17,554 - 等待 3 分钟后重新检查新文件...
2025-01-17 20:39:17,571 - 等待 3 分钟后重新检查新文件...
2025-01-17 20:42:17,581 - 等待 3 分钟后重新检查新文件...
2025-01-17 20:45:17,597 - 等待 3 分钟后重新检查新文件...
2025-01-17 20:48:17,607 - 发现新的预测文件：202501172045.csv，执行预测...
2025-01-17 20:48:17,685 - 等待 3 分钟后重新检查新文件...
2025-01-17 20:51:17,694 - 等待 3 分钟后重新检查新文件...
2025-01-17 20:54:17,710 - 等待 3 分钟后重新检查新文件...
2025-01-17 20:57:17,712 - 等待 3 分钟后重新检查新文件...
2025-01-17 21:00:17,722 - 等待 3 分钟后重新检查新文件...
2025-01-17 21:03:17,730 - 发现新的预测文件：202501172100.csv，执行预测...
2025-01-17 21:03:17,846 - 等待 3 分钟后重新检查新文件...
2025-01-17 21:06:17,857 - 等待 3 分钟后重新检查新文件...
2025-01-17 21:09:17,861 - 等待 3 分钟后重新检查新文件...
2025-01-17 21:12:17,869 - 等待 3 分钟后重新检查新文件...
2025-01-17 21:15:17,871 - 等待 3 分钟后重新检查新文件...
2025-01-17 21:18:17,885 - 发现新的预测文件：202501172115.csv，执行预测...
2025-01-17 21:18:18,003 - 等待 3 分钟后重新检查新文件...
2025-01-17 21:21:18,016 - 等待 3 分钟后重新检查新文件...
2025-01-17 21:24:18,032 - 等待 3 分钟后重新检查新文件...
2025-01-17 21:27:18,046 - 等待 3 分钟后重新检查新文件...
2025-01-17 21:30:18,052 - 等待 3 分钟后重新检查新文件...
2025-01-17 21:33:18,068 - 发现新的预测文件：202501172130.csv，执行预测...
2025-01-17 21:33:18,217 - 等待 3 分钟后重新检查新文件...
2025-01-17 21:36:18,219 - 等待 3 分钟后重新检查新文件...
2025-01-17 21:39:18,232 - 等待 3 分钟后重新检查新文件...
2025-01-17 21:42:18,247 - 等待 3 分钟后重新检查新文件...
2025-01-17 21:45:18,262 - 等待 3 分钟后重新检查新文件...
2025-01-17 21:48:18,269 - 发现新的预测文件：202501172145.csv，执行预测...
2025-01-17 21:48:18,387 - 等待 3 分钟后重新检查新文件...
2025-01-17 21:51:18,403 - 等待 3 分钟后重新检查新文件...
2025-01-17 21:54:18,410 - 等待 3 分钟后重新检查新文件...
2025-01-17 21:57:18,413 - 等待 3 分钟后重新检查新文件...
2025-01-17 22:00:18,423 - 等待 3 分钟后重新检查新文件...
2025-01-17 22:03:18,433 - 发现新的预测文件：202501172200.csv，执行预测...
2025-01-17 22:03:18,547 - 等待 3 分钟后重新检查新文件...
2025-01-17 22:06:18,556 - 等待 3 分钟后重新检查新文件...
2025-01-17 22:09:18,559 - 等待 3 分钟后重新检查新文件...
2025-01-17 22:12:18,566 - 等待 3 分钟后重新检查新文件...
2025-01-17 22:15:18,571 - 等待 3 分钟后重新检查新文件...
2025-01-17 22:18:18,584 - 发现新的预测文件：202501172215.csv，执行预测...
2025-01-17 22:18:18,700 - 等待 3 分钟后重新检查新文件...
2025-01-17 22:21:18,706 - 等待 3 分钟后重新检查新文件...
2025-01-17 22:24:18,721 - 等待 3 分钟后重新检查新文件...
2025-01-17 22:27:18,734 - 等待 3 分钟后重新检查新文件...
2025-01-17 22:30:18,745 - 等待 3 分钟后重新检查新文件...
2025-01-17 22:33:18,761 - 发现新的预测文件：202501172230.csv，执行预测...
2025-01-17 22:33:18,882 - 等待 3 分钟后重新检查新文件...
2025-01-17 22:36:18,896 - 等待 3 分钟后重新检查新文件...
2025-01-17 22:39:18,906 - 等待 3 分钟后重新检查新文件...
2025-01-17 22:42:18,916 - 等待 3 分钟后重新检查新文件...
2025-01-17 22:45:18,931 - 等待 3 分钟后重新检查新文件...
2025-01-17 22:48:18,945 - 发现新的预测文件：202501172245.csv，执行预测...
2025-01-17 22:48:19,092 - 等待 3 分钟后重新检查新文件...
2025-01-17 22:51:19,105 - 等待 3 分钟后重新检查新文件...
2025-01-17 22:54:19,121 - 等待 3 分钟后重新检查新文件...
2025-01-17 22:57:19,129 - 等待 3 分钟后重新检查新文件...
2025-01-17 23:00:19,134 - 等待 3 分钟后重新检查新文件...
2025-01-17 23:03:19,138 - 发现新的预测文件：202501172300.csv，执行预测...
2025-01-17 23:03:19,259 - 等待 3 分钟后重新检查新文件...
2025-01-17 23:06:19,270 - 等待 3 分钟后重新检查新文件...
2025-01-17 23:09:19,278 - 等待 3 分钟后重新检查新文件...
2025-01-17 23:12:19,292 - 等待 3 分钟后重新检查新文件...
2025-01-17 23:15:19,306 - 等待 3 分钟后重新检查新文件...
2025-01-17 23:18:19,311 - 发现新的预测文件：202501172315.csv，执行预测...
2025-01-17 23:18:19,432 - 等待 3 分钟后重新检查新文件...
2025-01-17 23:21:19,445 - 等待 3 分钟后重新检查新文件...
2025-01-17 23:24:19,452 - 等待 3 分钟后重新检查新文件...
2025-01-17 23:27:19,469 - 等待 3 分钟后重新检查新文件...
2025-01-17 23:30:19,483 - 等待 3 分钟后重新检查新文件...
2025-01-17 23:33:19,497 - 发现新的预测文件：202501172330.csv，执行预测...
2025-01-17 23:33:19,615 - 等待 3 分钟后重新检查新文件...
2025-01-17 23:36:19,623 - 等待 3 分钟后重新检查新文件...
2025-01-17 23:39:19,634 - 等待 3 分钟后重新检查新文件...
2025-01-17 23:42:19,639 - 等待 3 分钟后重新检查新文件...
2025-01-17 23:45:19,645 - 等待 3 分钟后重新检查新文件...
2025-01-17 23:48:19,656 - 发现新的预测文件：202501172345.csv，执行预测...
2025-01-17 23:48:19,804 - 等待 3 分钟后重新检查新文件...
2025-01-17 23:51:19,816 - 等待 3 分钟后重新检查新文件...
2025-01-17 23:54:19,823 - 等待 3 分钟后重新检查新文件...
2025-01-17 23:57:19,826 - 等待 3 分钟后重新检查新文件...
